xbins rho
0.0025 0.00000000000000000000
0.0075 0.00000000000000000000
0.0125 0.00000000000000000000
0.0175 0.00000000000000000000
0.0225 0.00000000000000000000
0.0275 0.00000000000000000000
0.0325 0.00000000000000000000
0.0375 0.00000000000000000000
0.0425 0.00000000000000000000
0.0475 0.00000000000000000000
0.0525 0.00000000000000000000
0.0575 0.00000000000000000000
0.0625 0.00000000000000000000
0.0675 0.00000000000000000000
0.0725 0.00000000000000000000
0.0775 0.00000000000000000000
0.0825 0.00000000000000000000
0.0875 0.00000000000000000000
0.0925 0.00000000000000000000
0.0975 0.00000000000000000000
0.1025 0.00000000000000000000
0.1075 0.00000000000000000000
0.1125 0.00000000000000000000
0.1175 0.00000000000000000000
0.1225 0.00000000000000000000
0.1275 0.00000000000000000000
0.1325 0.00000000000000000000
0.1375 0.00000000000000000000
0.1425 0.00000000000000000000
0.1475 0.00000000000000000000
0.1525 0.00000000000000000000
0.1575 0.00000000000000000000
0.1625 0.00000000000000000000
0.1675 0.00000000000000000000
0.1725 0.00000000000000000000
0.1775 0.00000000000000000000
0.1825 0.00000000000000000000
0.1875 0.00000000000000000000
0.1925 0.00000000000000000000
0.1975 0.00000000000000000000
0.2025 0.00000000000000000000
0.2075 0.00000000000000000000
0.2125 0.00000000000000000000
0.2175 0.00000000000000000000
0.2225 0.00000000000000000000
0.2275 0.00000000000000000000
0.2325 0.00000000000000000000
0.2375 0.00000000000000000000
0.2425 0.00000000000000000000
0.2475 0.00000000000000000000
0.2525 0.00000000000000000000
0.2575 0.00000000000000000000
0.2625 0.00000000000000000000
0.2675 0.00000000000000000000
0.2725 0.00000000000000000000
0.2775 0.00000000000000000000
0.2825 0.00000000000000000000
0.2875 0.00000000000000000000
0.2925 0.00000000000000000000
0.2975 0.00000000000000000000
0.3025 0.00000000000000000000
0.3075 0.00000000000000000000
0.3125 0.00000000000000000000
0.3175 0.00000000000000000000
0.3225 0.00000000000000000000
0.3275 0.00000000000000000000
0.3325 0.00000000000000000000
0.3375 0.00000000000000000000
0.3425 0.00000000000000000000
0.3475 0.00000000000000000000
0.3525 0.00000000000000000000
0.3575 0.00000000000000000000
0.3625 0.00000000000000000000
0.3675 0.00000000000000000000
0.3725 0.00000000000000000000
0.3775 0.00000000000000000000
0.3825 0.00000000000000000000
0.3875 0.00000000000000000000
0.3925 0.00000000000000000000
0.3975 0.00000000000000000000
0.4025 0.00000000000000000000
0.4075 0.00000000000000000000
0.4125 0.00000000000000000000
0.4175 0.00000000000000000000
0.4225 0.00000000000000000000
0.4275 0.00000000000000000000
0.4325 0.00000000000000000000
0.4375 0.00000000000000000000
0.4425 0.00000000000000000000
0.4475 0.00000000000000000000
0.4525 0.00000000000000000000
0.4575 0.00000000000000000000
0.4625 0.00000000000000000000
0.4675 0.00000000000000000000
0.4725 0.00000000000000000000
0.4775 0.00000000000000000000
0.4825 0.00000000000000000000
0.4875 0.00000000000000000000
0.4925 0.00000000000000000000
0.4975 0.00000000000000000000
0.5025 0.00000000000000000000
0.5075 0.00000000000000000000
0.5125 0.00000000000000000000
0.5175 0.00000000000000000000
0.5225 0.00000000000000000000
0.5275 0.00000000000000000000
0.5325 0.00000000000000000000
0.5375 0.00000000000000000000
0.5425 0.00000000000000000000
0.5475 0.00000000000000000000
0.5525 0.00000000000000000000
0.5575 0.00000000000000000000
0.5625 0.00000000000000000000
0.5675 0.00000000000000000000
0.5725 0.00000000000000000000
0.5775 0.00000000000000000000
0.5825 0.00000000000000000000
0.5875 0.00000000000000000000
0.5925 0.00000000000000000000
0.5975 0.00000000000000000000
0.6025 0.00000000000000000000
0.6075 0.00000000000000000000
0.6125 0.00000000000000000000
0.6175 0.00000000000000000000
0.6225 0.00000000000000000000
0.6275 0.00000000000000000000
0.6325 0.00000000000000000000
0.6375 0.00000000000000000000
0.6425 0.00000000000000000000
0.6475 0.00000000000000000000
0.6525 0.00000000000000000000
0.6575 0.00000000000000000000
0.6625 0.00000000000000000000
0.6675 0.00000000000000000000
0.6725 0.00000000000000000000
0.6775 0.00000000000000000000
0.6825 0.00000000000000000000
0.6875 0.00000000000000000000
0.6925 0.00000000000000000000
0.6975 0.00000000000000000000
0.7025 0.00000000000000000000
0.7075 0.00000000000000000000
0.7125 0.00000000000000000000
0.7175 0.00000000000000000000
0.7225 0.00000000000000000000
0.7275 0.00000000000000000000
0.7325 0.00000000000000000000
0.7375 0.00000000000000000000
0.7425 0.00000000000000000000
0.7475 0.00000000000000000000
0.7525 0.00000000000000000000
0.7575 0.00000000000000000000
0.7625 0.00000000000000000000
0.7675 0.00000000000000000000
0.7725 0.00000000000000000000
0.7775 0.00000000000000000000
0.7825 0.00000000000000000000
0.7875 0.00000000000000000000
0.7925 0.00000000000000000000
0.7975 0.00000000000000000000
0.8025 0.00000000000000000000
0.8075 0.00000000000000000000
0.8125 0.00000000000000000000
0.8175 0.00000000000000000000
0.8225 0.00000000000000000000
0.8275 0.00000000000000000000
0.8325 0.00000000000000000000
0.8375 0.00000000000000000000
0.8425 0.00000000000000000000
0.8475 0.00000000000000000000
0.8525 0.00000000000000000000
0.8575 0.00000000000000000000
0.8625 0.00000000000000000000
0.8675 0.00000000000000000000
0.8725 0.00000000000000000000
0.8775 0.00000000000000000000
0.8825 0.00000000000000000000
0.8875 0.00000000000000000000
0.8925 0.00000000000000000000
0.8975 0.00000000000000000000
0.9025 0.00000000000000000000
0.9075 0.00000000000000000000
0.9125 0.00000000000000000000
0.9175 0.00000000000000000000
0.9225 0.00000000000000000000
0.9275 0.00000000000000000000
0.9325 0.00000000000000000000
0.9375 0.00000000000000000000
0.9425 0.00000000000000000000
0.9475 0.00000000000000000000
0.9525 0.00000000000000000000
0.9575 0.00000000000000000000
0.9625 0.00000000000000000000
0.9675 0.00000000000000000000
0.9725 0.00000000000000000000
0.9775 0.00000000000000000000
0.9825 0.00000000000000000000
0.9875 0.00000000000000000000
0.9925 0.00000000000000000000
0.9975 0.00000000000000000000
1.0025 0.00000000000000000000
1.0075 0.00000000000000000000
1.0125 0.00000000000000000000
1.0175 0.00000000000000000000
1.0225 0.00000000000000000000
1.0275 0.00000000000000000000
1.0325 0.00000000000000000000
1.0375 0.00000000000000000000
1.0425 0.00000000000000000000
1.0475 0.00000000000000000000
1.0525 0.00000000000000000000
1.0575 0.00000000000000000000
1.0625 0.00000000000000000000
1.0675 0.00000000000000000000
1.0725 0.00000000000000000000
1.0775 0.00000000000000000000
1.0825 0.00000000000000000000
1.0875 0.00000000000000000000
1.0925 0.00000000000000000000
1.0975 0.00000000000000000000
1.1025 0.00000000000000000000
1.1075 0.00000000000000000000
1.1125 0.00000000000000000000
1.1175 0.00000000000000000000
1.1225 0.00000000000000000000
1.1275 0.00000000000000000000
1.1325 0.00000000000000000000
1.1375 0.00000000000000000000
1.1425 0.00000000000000000000
1.1475 0.00000000000000000000
1.1525 0.00000000000000000000
1.1575 0.00000000000000000000
1.1625 0.00000000000000000000
1.1675 0.00000000000000000000
1.1725 0.00000000000000000000
1.1775 0.00000000000000000000
1.1825 0.00000000000000000000
1.1875 0.00000000000000000000
1.1925 0.00000000000000000000
1.1975 0.00000000000000000000
1.2025 0.00000000000000000000
1.2075 0.00000000000000000000
1.2125 0.00000000000000000000
1.2175 0.00000000000000000000
1.2225 0.00000000000000000000
1.2275 0.00000000000000000000
1.2325 0.00000000000000000000
1.2375 0.00000000000000000000
1.2425 0.00000000000000000000
1.2475 0.00000000000000000000
1.2525 0.00000000000000000000
1.2575 0.00000000000000000000
1.2625 0.00000000000000000000
1.2675 0.00000000000000000000
1.2725 0.00000000000000000000
1.2775 0.00000000000000000000
1.2825 0.00000000000000000000
1.2875 0.00000000000000000000
1.2925 0.00000000000000000000
1.2975 0.00000000000000000000
1.3025 0.00000000000000000000
1.3075 0.00000000000000000000
1.3125 0.00000000000000000000
1.3175 0.00000000000000000000
1.3225 0.00000000000000000000
1.3275 0.00000000000000000000
1.3325 0.00000000000000000000
1.3375 0.00000000000000000001
1.3425 0.00000000000000000049
1.3475 0.00000000000000001619
1.3525 0.00000000000000040363
1.3575 0.00000000000000775177
1.3625 0.00000000000011716068
1.3675 0.00000000000142125566
1.3725 0.00000000001408914293
1.3775 0.00000000011602923316
1.3825 0.00000000080586797030
1.3875 0.00000000478591758727
1.3925 0.00000002461271204859
1.3975 0.00000011088570074897
1.4025 0.00000044230669500531
1.4075 0.00000157736139029003
1.4125 0.00000507431767901180
1.4175 0.00001484648586886504
1.4225 0.00003980513675690439
1.4275 0.00009847548774279432
1.4325 0.00022623078287099073
1.4375 0.00048545418592377216
1.4425 0.00097825589059837232
1.4475 0.00186042470280037894
1.4525 0.00335430871604634534
1.4575 0.00575761649660174683
1.4625 0.00944500469463882379
1.4675 0.01485992268301036465
1.4725 0.02249549179190258805
1.4775 0.03286491121376755586
1.4825 0.04646376440858642626
1.4875 0.06372809831277438664
1.4925 0.08499320677530240731
1.4975 0.11045820102985992595
1.5025 0.14016079145579940501
1.5075 0.17396538787329307585
1.5125 0.21156558975857442384
1.5175 0.25250009424114361334
1.5225 0.29617946140924217291
1.5275 0.34191973616085019616
1.5325 0.38897925572004493633
1.5375 0.43659460945048900182
1.5425 0.48401337957552703628
1.5475 0.53052137167919188876
1.5525 0.57546462913528639849
1.5575 0.61826513668494376130
1.5625 0.65843098050483050976
1.5675 0.69556214466973709243
1.5725 0.72935171262665221548
1.5775 0.75958381370435756885
1.5825 0.78612840779431136795
1.5875 0.80893430980437985856
1.5925 0.82802048581833143093
1.5975 0.84346611935225523915
1.6025 0.85540072382806842111
1.6075 0.86399365787647197656
1.6125 0.86944477978412559871
1.6175 0.87197548620336085001
1.6225 0.87182052196259007815
1.6275 0.86922126487463580169
1.6325 0.86441972049463200456
1.6375 0.85765394083783208501
1.6425 0.84915384439579399967
1.6475 0.83913906232440982347
1.6525 0.82781648292830001257
1.6575 0.81537923969336767449
1.6625 0.80200606906947935482
1.6675 0.78786122601337171822
1.6725 0.77309460657064210665
1.6775 0.75784250873892922140
1.6825 0.74222814266767522806
1.6875 0.72636232302260272942
1.6925 0.71034440964570477739
1.6975 0.69426301865317585627
1.7025 0.67819667943113937092
1.7075 0.66221443043251781990
1.7125 0.64637658714416013073
1.7175 0.63073510082937589427
1.7225 0.61533439734673600618
1.7275 0.60021176151909572116
1.7325 0.58539798310596435904
1.7375 0.57091789945167903397
1.7425 0.55679110151895172542
1.7475 0.54303207390581631486
1.7525 0.52965129735793448074
1.7575 0.51665528689727147071
1.7625 0.50404726229356722200
1.7675 0.49182761145218084620
1.7725 0.47999427550191947622
1.7775 0.46854325427836207574
1.7825 0.45746889657273498431
1.7875 0.44676444194051478931
1.7925 0.43642213782934513588
1.7975 0.42643367635981777042
1.8025 0.41679030022949137280
1.8075 0.40748310199504017559
1.8125 0.39850289916559317183
1.8175 0.38984053758829356751
1.8225 0.38148685500865914255
1.8275 0.37343262163227741723
1.8325 0.36566864182930025606
1.8375 0.35818570322226656044
1.8425 0.35097469054813257294
1.8475 0.34402655010487964704
1.8525 0.33733229243098428185
1.8575 0.33088308336536820242
1.8625 0.32467023575853437567
1.8675 0.31868524879566501040
1.8725 0.31291977687520050599
1.8775 0.30736567787375168592
1.8825 0.30201507537173716278
1.8875 0.29686020598930557002
1.8925 0.29189364591620309275
1.8975 0.28710815289077629142
1.9025 0.28249678712084191901
1.9075 0.27805294200180574737
1.9125 0.27377031620097552755
1.9175 0.26964299454197399042
1.9225 0.26566535742898872430
1.9275 0.26183210980476784302
1.9325 0.25813829714368730084
1.9375 0.25457915519821394668
1.9425 0.25115009248197339708
1.9475 0.24784669626931590813
1.9525 0.24466459877770002640
1.9575 0.24159948764144525968
1.9625 0.23864707868997239726
1.9675 0.23580309902201837535
1.9725 0.23306333363243963985
1.9775 0.23042363172762156398
1.9825 0.22787990585934828069
1.9875 0.22542820580802838681
1.9925 0.22306469976287718326
1.9975 0.22078570876775305276
2.0025 0.21858775203928396125
2.0075 0.21646748052963865616
2.0125 0.21442175335406604697
2.0175 0.21244760070459320356
2.0225 0.21054222535389155446
2.0275 0.20870298941024759132
2.0325 0.20692744000887586253
2.0375 0.20521324478144858938
2.0425 0.20355826720798381180
2.0475 0.20196047918770149154
2.0525 0.20041801944541309810
2.0575 0.19892912127959733182
2.0625 0.19749218915201463553
2.0675 0.19610573458793620349
2.0725 0.19476841005124481687
2.0775 0.19347895539851422964
2.0825 0.19223624661876168029
2.0875 0.19103922925709784786
2.0925 0.18988698211356247469
2.0975 0.18877860660000758686
2.1025 0.18771334353594690270
2.1075 0.18669038823122935389
2.1125 0.18570906693983024738
2.1175 0.18476867647069855627
2.1225 0.18386856266013451577
2.1275 0.18300804238196377582
2.1325 0.18218648123328790023
2.1375 0.18140315804586759629
2.1425 0.18065740662504867209
2.1475 0.17994845871492434752
2.1525 0.17927555516188234397
2.1575 0.17863789990850839629
2.1625 0.17803468081585915872
2.1675 0.17746506864734221121
2.1725 0.17692825075227186504
2.1775 0.17642343814605945806
2.1825 0.17594989030932384200
2.1875 0.17550691414660515854
2.1925 0.17509388864436883915
2.1975 0.17471021797381508511
2.2025 0.17435538895297400530
2.2075 0.17402886124182076477
2.2125 0.17373014457204882799
2.2175 0.17345869159209514887
2.2225 0.17321395769777542251
2.2275 0.17299531885046454116
2.2325 0.17280211902277525793
2.2375 0.17263369979257098263
2.2425 0.17248936289543584377
2.2475 0.17236844613725821329
2.2525 0.17227035735181972509
2.2575 0.17219458215960611880
2.2625 0.17214071568413069624
2.2675 0.17210853126907049715
2.2725 0.17209787345510837997
2.2775 0.17210876556364362866
2.2825 0.17214131419964556757
2.2875 0.17219567401419486052
2.2925 0.17227203480146713321
2.2975 0.17237053027403520522
2.3025 0.17249124373181895509
2.3075 0.17263415468338830228
2.3125 0.17279911536086814405
2.3175 0.17298589129611791071
2.3225 0.17319410116287389800
2.3275 0.17342328534555781494
2.3325 0.17367293322006938094
2.3375 0.17394246573072547069
2.3425 0.17423133377471197725
2.3475 0.17453897085568953473
2.3525 0.17486483551787976309
2.3575 0.17520845060083986566
2.3625 0.17556937562768598626
2.3675 0.17594722765675535614
2.3725 0.17634171698825321095
2.3775 0.17675261258120533725
2.3825 0.17717975857708245790
2.3875 0.17762307557565354399
2.3925 0.17808256061474478371
2.3975 0.17855825709370798382
2.4025 0.17905024183903428536
2.4075 0.17955861943465151187
2.4125 0.18008352142511824256
2.4175 0.18062504850540478385
2.4225 0.18118327121945665414
2.4275 0.18175819227443537618
2.4325 0.18234975889237900470
2.4375 0.18295778671835710716
2.4425 0.18358193900672672982
2.4475 0.18422176082526253715
2.4525 0.18487653513689289442
2.4575 0.18554537814805352469
2.4625 0.18622714845205862177
2.4675 0.18692052428298733258
2.4725 0.18762393358049275771
2.4775 0.18833566386706729334
2.4825 0.18905388169958281530
2.4875 0.18977670784023256689
2.4925 0.19050226813947204740
2.4975 0.19122875101147063237
2.5025 0.19195449159316141374
2.5075 0.19267797422842133925
2.5125 0.19339789677388377620
2.5175 0.19411310007623472362
2.5225 0.19482263000632341066
2.5275 0.19552564000711877834
2.5325 0.19622135477868896114
2.5375 0.19690904343084436601
2.5425 0.19758790549742671905
2.5475 0.19825705724429004695
2.5525 0.19891545184383138678
2.5575 0.19956190148632604875
2.5625 0.20019505226352313221
2.5675 0.20081344711603482667
2.5725 0.20141547922318703279
2.5775 0.20199955054870480375
2.5825 0.20256404096122038183
2.5875 0.20310735731104920254
2.5925 0.20362804467445821954
2.5975 0.20412469342974728925
2.6025 0.20459602856444836227
2.6075 0.20504091376030039728
2.6125 0.20545834954877567613
2.6175 0.20584744088680201335
2.6225 0.20620752203868467078
2.6275 0.20653803842423626436
2.6325 0.20683867793934879176
2.6375 0.20710934321025453730
2.6425 0.20735016185345281348
2.6475 0.20756147121216436680
2.6525 0.20774382625167905903
2.6575 0.20789791280276781471
2.6625 0.20802453687687946782
2.6675 0.20812454522203499563
2.6725 0.20819880786083774793
2.6775 0.20824816211317789816
2.6825 0.20827334534529295951
2.6875 0.20827505050047426249
2.6925 0.20825386282004809679
2.6975 0.20821028265604774043
2.7025 0.20814477962512278886
2.7075 0.20805778300356470023
2.7125 0.20794966160066338801
2.7175 0.20782091403047653344
2.7225 0.20767196214775685004
2.7275 0.20750340121005730887
2.7325 0.20731583934193059671
2.7375 0.20711002749925330746
2.7425 0.20688679201997056678
2.7475 0.20664709376141204844
2.7525 0.20639195643859606366
2.7575 0.20612249532010420983
2.7625 0.20583988170342509827
2.7675 0.20554528292863896710
2.7725 0.20523986536325070085
2.7775 0.20492474714474165354
2.7825 0.20460095709750963922
2.7875 0.20426942360389638287
2.7925 0.20393094756648699750
2.7975 0.20358624033926289720
2.8025 0.20323592635995557654
2.8075 0.20288057652557650590
2.8125 0.20252072706546489500
2.8175 0.20215695315544610078
2.8225 0.20178983744225170716
2.8275 0.20142001554997882029
2.8325 0.20104813850226399552
2.8375 0.20067490051208877744
2.8425 0.20030095247307636019
2.8475 0.19992690632161347342
2.8525 0.19955329088016562911
2.8575 0.19918050449730023699
2.8625 0.19880885064166736731
2.8675 0.19843849298139010218
2.8725 0.19806943608610605434
2.8775 0.19770161239449815516
2.8825 0.19733487546946898439
2.8875 0.19696901470712679938
2.8925 0.19660378962931390756
2.8975 0.19623897372909990255
2.9025 0.19587435617295087531
2.9075 0.19550981670182529526
2.9125 0.19514523782411696828
2.9175 0.19478061429149837180
2.9225 0.19441600245820567228
2.9275 0.19405154479933148237
2.9325 0.19368742935285981899
2.9375 0.19332396063348825099
2.9425 0.19296144770748677177
2.9475 0.19260025548078796298
2.9525 0.19224077130793268409
2.9575 0.19188336275528533603
2.9625 0.19152834718343819675
2.9675 0.19117602212780371307
2.9725 0.19082655514771268424
2.9775 0.19048003381872297135
2.9825 0.19013648838604857438
2.9875 0.18979583002278632708
2.9925 0.18945792677154857375
2.9975 0.18912262195204754267
3.0025 0.18878970645052992050
3.0075 0.18845902559841593016
3.0125 0.18813043730005740706
3.0175 0.18780385444198130496
3.0225 0.18747920488909325387
3.0275 0.18715652219405495837
3.0325 0.18683585220150800144
3.0375 0.18651727819261629260
3.0425 0.18620093003728740988
3.0475 0.18588694046813403205
3.0525 0.18557547576746463713
3.0575 0.18526669500887252284
3.0625 0.18496076520973017687
3.0675 0.18465783731477336538
3.0725 0.18435807855510186193
3.0775 0.18406160110605140900
3.0825 0.18376853351207825260
3.0875 0.18347897304693053244
3.0925 0.18319301307368787701
3.0975 0.18291073138662780617
3.1025 0.18263221744354357634
3.1075 0.18235755688273186381
3.1125 0.18208688398636174721
3.1175 0.18182033688417534312
3.1225 0.18155807670057919068
3.1275 0.18130028791184771286
3.1325 0.18104715324011097510
3.1375 0.18079887827393678612
3.1425 0.18055562836358424184
3.1475 0.18031755839347288206
3.1525 0.18008478394530372246
3.1575 0.17985739087748284226
3.1625 0.17963544317550655949
3.1675 0.17941897509759158202
3.1725 0.17920796343471989687
3.1775 0.17900241935633351420
3.1825 0.17880229532561589534
3.1875 0.17860750112423526281
3.1925 0.17841798304304470890
3.1975 0.17823361269388951489
3.2025 0.17805426614853459011
3.2075 0.17787981383209175434
3.2125 0.17771008428871062912
3.2175 0.17754488623734027142
3.2225 0.17738404737074373041
3.2275 0.17722738856145814346
3.2325 0.17707471699393806386
3.2375 0.17692586172573429582
3.2425 0.17678063018580342236
3.2475 0.17663888852874556901
3.2525 0.17650051751144205103
3.2575 0.17636539606252071843
3.2625 0.17623347334635666717
3.2675 0.17610471491027887558
3.2725 0.17597908075089430113
3.2775 0.17585661018857251525
3.2825 0.17573727836352792675
3.2875 0.17562107938601820289
3.2925 0.17550799022010679651
3.2975 0.17539795222251125528
3.3025 0.17529086957948000758
3.3075 0.17518662600126941320
3.3125 0.17508505978676877635
3.3175 0.17498600035022718324
3.3225 0.17488926765230056182
3.3275 0.17479468245768328694
3.3325 0.17470208189217686923
3.3375 0.17461131091119222458
3.3425 0.17452225401402088334
3.3475 0.17443483724813466096
3.3525 0.17434902186700251825
3.3575 0.17426477898377765174
3.3625 0.17418214030259066005
3.3675 0.17410113290487555515
3.3725 0.17402180956168203374
3.3775 0.17394422002406029204
3.3825 0.17386842345393552223
3.3875 0.17379445640267229822
3.3925 0.17372236108001190558
3.3975 0.17365216655055376593
3.4025 0.17358393700073673771
3.4075 0.17351769144271775303
3.4125 0.17345351442513193274
3.4175 0.17339145102534764264
3.4225 0.17333156829842152891
3.4275 0.17327390851326421317
3.4325 0.17321848538855236233
3.4375 0.17316531334457338498
3.4425 0.17311435138538064371
3.4475 0.17306553171715291506
3.4525 0.17301875750599357562
3.4575 0.17297390109911273126
3.4625 0.17293083231643327502
3.4675 0.17288940302037494878
3.4725 0.17284944374904720465
3.4775 0.17281075838003961964
3.4825 0.17277315936838069654
3.4875 0.17273645207693424930
3.4925 0.17270042992146747429
3.4975 0.17266494603298279675
3.5025 0.17262988555930158796
3.5075 0.17259521634399857537
3.5125 0.17256097023838340432
3.5175 0.17252728847046946981
3.5225 0.17249437065862380236
3.5275 0.17246244846421826535
3.5325 0.17243179921054829773
3.5375 0.17240265059570786255
3.5425 0.17237520120371496724
3.5475 0.17234953727817498015
3.5525 0.17232564238029943193
3.5575 0.17230340032197236089
3.5625 0.17228252429311061156
3.5675 0.17226268241761494293
3.5725 0.17224341743253754333
3.5775 0.17222424104379388532
3.5825 0.17220466588814903330
3.5875 0.17218422102681793517
3.5925 0.17216251905045815151
3.5975 0.17213923826977303722
3.6025 0.17211418997117250429
3.6075 0.17208728364954548051
3.6125 0.17205855646157303118
3.6175 0.17202812226168889831
3.6225 0.17199618560049528826
3.6275 0.17196299279351345834
3.6325 0.17192882318001032060
3.6375 0.17189394412269351498
3.6425 0.17185860917243445112
3.6475 0.17182305878808340482
3.6525 0.17178750184758700970
3.6575 0.17175205936977536170
3.6625 0.17171686448596934493
3.6675 0.17168197415365415992
3.6725 0.17164739700931272437
3.6775 0.17161311009522728366
3.6825 0.17157902422153642474
3.6875 0.17154504232803144403
3.6925 0.17151099955298707012
3.6975 0.17147671643418332943
3.7025 0.17144199874706422815
3.7075 0.17140664847037984098
3.7125 0.17137048041364308371
3.7175 0.17133333346639784134
3.7225 0.17129506215017539783
3.7275 0.17125559538416113003
3.7325 0.17121489775114359655
3.7375 0.17117302905691980652
3.7425 0.17113007872249935692
3.7475 0.17108625054469128735
3.7525 0.17104182166424544698
3.7575 0.17099707758995280615
3.7625 0.17095238732913181634
3.7675 0.17090813275867139387
3.7725 0.17086463201855006666
3.7775 0.17082217791961373798
3.7825 0.17078099084757494830
3.7875 0.17074118245719083209
3.7925 0.17070278134943392412
3.7975 0.17066570138376130350
3.8025 0.17062976175893038167
3.8075 0.17059471281334109838
3.8125 0.17056027417768013232
3.8175 0.17052611647374094073
3.8225 0.17049192788419598177
3.8275 0.17045740113628576884
3.8325 0.17042228684461069310
3.8375 0.17038633881634998590
3.8425 0.17034937567342356424
3.8475 0.17031124878764758446
3.8525 0.17027184973779468935
3.8575 0.17023109722887119766
3.8625 0.17018895586396257102
3.8675 0.17014539638942671740
3.8725 0.17010042549243087340
3.8775 0.17005408427697454865
3.8825 0.17000645946439030265
3.8875 0.16995765174118909746
3.8925 0.16990786357621123770
3.8975 0.16985728891669266138
3.9025 0.16980620482901376267
3.9075 0.16975490733193332460
3.9125 0.16970371714986753897
3.9175 0.16965295588716536312
3.9225 0.16960291480571243472
3.9275 0.16955384957279717728
3.9325 0.16950596091204966909
3.9375 0.16945935589470417781
3.9425 0.16941409621006411901
3.9475 0.16937013891129340526
3.9525 0.16932739382818434715
3.9575 0.16928572329222277282
3.9625 0.16924493098380444245
3.9675 0.16920482596796190822
3.9725 0.16916520041930205309
3.9775 0.16912585455576212290
3.9825 0.16908662144081776368
3.9875 0.16904735489646924296
3.9925 0.16900796166722598102
3.9975 0.16896836410070661949
4.0025 0.16892853284909029044
4.0075 0.16888846749082919718
4.0125 0.16884822635621787867
4.0175 0.16880785191381994514
4.0225 0.16876742711556941279
4.0275 0.16872704960333329005
4.0325 0.16868681662711346170
4.0375 0.16864684652955999611
4.0425 0.16860722127286956185
4.0475 0.16856805947276440327
4.0525 0.16852941992450939934
4.0575 0.16849140940258561239
4.0625 0.16845408885848089930
4.0675 0.16841747814948779260
4.0725 0.16838166408200527790
4.0775 0.16834663670606472841
4.0825 0.16831246138169969617
4.0875 0.16827913786344494973
4.0925 0.16824671541601102231
4.0975 0.16821524640079801860
4.1025 0.16818475148977787836
4.1075 0.16815530981934959098
4.1125 0.16812693302078834945
4.1175 0.16809964922835718415
4.1225 0.16807343761062307208
4.1275 0.16804828137857838466
4.1325 0.16802409961749714684
4.1375 0.16800078060207640496
4.1425 0.16797819904776567501
4.1475 0.16795622318826289310
4.1525 0.16793473741030498503
4.1575 0.16791362438407744784
4.1625 0.16789280655496438555
4.1675 0.16787222991966299634
4.1725 0.16785190629637417037
4.1775 0.16783183278958951901
4.1825 0.16781208399713065660
4.1875 0.16779270877095894821
4.1925 0.16777377695817580205
4.1975 0.16775534275661976857
4.2025 0.16773743578855948577
4.2075 0.16772003346686689684
4.2125 0.16770306636403012335
4.2175 0.16768642833828195648
4.2225 0.16766996368821154850
4.2275 0.16765347932127638853
4.2325 0.16763675280656137323
4.2375 0.16761957899606685918
4.2425 0.16760172213070775871
4.2475 0.16758297936629001912
4.2525 0.16756317286086083729
4.2575 0.16754218748969970654
4.2625 0.16751993241478776997
4.2675 0.16749637837476982760
4.2725 0.16747154852231313504
4.2775 0.16744551456785891630
4.2825 0.16741837283904495437
4.2875 0.16739028613203801865
4.2925 0.16736141845449292731
4.2975 0.16733195007742798777
4.3025 0.16730206421754420520
4.3075 0.16727191925672124651
4.3125 0.16724171639906834641
4.3175 0.16721158389902446295
4.3225 0.16718167188842017468
4.3275 0.16715208654981741909
4.3325 0.16712295214121822284
4.3375 0.16709433903495221618
4.3425 0.16706635786622958673
4.3475 0.16703905337691721256
4.3525 0.16701245196553857197
4.3575 0.16698658813944045054
4.3625 0.16696145307643425748
4.3675 0.16693701143579511847
4.3725 0.16691321172920367544
4.3775 0.16688999534728096719
4.3825 0.16686724644713191168
4.3875 0.16684484664449425462
4.3925 0.16682269800284538208
4.3975 0.16680063066377714964
4.4025 0.16677857697969336592
4.4075 0.16675644124684599334
4.4125 0.16673424372394266002
4.4175 0.16671202663759457363
4.4225 0.16668994671167988719
4.4275 0.16666823410113740245
4.4325 0.16664722637018528073
4.4375 0.16662725975463060779
4.4425 0.16660873871051753992
4.4475 0.16659198117793019844
4.4525 0.16657724527277917304
4.4575 0.16656468292601619985
4.4625 0.16655429825953121936
4.4675 0.16654592502944684518
4.4725 0.16653929335152115043
4.4775 0.16653397937430736153
4.4825 0.16652949362629587693
4.4875 0.16652534082316788888
4.4925 0.16652100789517454427
4.4975 0.16651602959382055813
4.5025 0.16651007470151193979
4.5075 0.16650285348882956638
4.5125 0.16649423751568381835
4.5175 0.16648418914948279190
4.5225 0.16647276948045119926
4.5275 0.16646012580584740315
4.5325 0.16644644547425724301
4.5375 0.16643199287754870119
4.5425 0.16641699909942253566
4.5475 0.16640174605253574280
4.5525 0.16638649241113628863
4.5575 0.16637145372379980035
4.5625 0.16635683820944791034
4.5675 0.16634280448200639002
4.5725 0.16632947817920487599
4.5775 0.16631695817694941431
4.5825 0.16630529917573277920
4.5875 0.16629454337370030981
4.5925 0.16628467906270882892
4.5975 0.16627569512913439875
4.6025 0.16626756687055069261
4.6075 0.16626024231593136693
4.6125 0.16625367614664707250
4.6175 0.16624779540266049205
4.6225 0.16624256749554827683
4.6275 0.16623790803106414105
4.6325 0.16623375727625000486
4.6375 0.16623006493968359165
4.6425 0.16622678152095293758
4.6475 0.16622385134885164781
4.6525 0.16622124295959919693
4.6575 0.16621888020991615331
4.6625 0.16621675299746113685
4.6675 0.16621482842659471291
4.6725 0.16621305715899700739
4.6775 0.16621142363126892305
4.6825 0.16620990098426208226
4.6875 0.16620846290946217350
4.6925 0.16620708898955802169
4.6975 0.16620577542539316518
4.7025 0.16620449133817677412
4.7075 0.16620323035858272642
4.7125 0.16620199302206023484
4.7175 0.16620075027568601000
4.7225 0.16619952025350989699
4.7275 0.16619827918644916598
4.7325 0.16619703393741958042
4.7375 0.16619577171477370459
4.7425 0.16619451010453978324
4.7475 0.16619322277125980758
4.7525 0.16619192569129409565
4.7575 0.16619061622920042187
4.7625 0.16618929089148065659
4.7675 0.16618794276417611644
4.7725 0.16618658116183665507
4.7775 0.16618520727728713915
4.7825 0.16618382066954368037
4.7875 0.16618243097583926260
4.7925 0.16618102392873571049
4.7975 0.16617962012544063022
4.8025 0.16617821613537814285
4.8075 0.16617681863176600454
4.8125 0.16617543658654362893
4.8175 0.16617407155531593865
4.8225 0.16617271716856873987
4.8275 0.16617139062916652659
4.8325 0.16617010085598127311
4.8375 0.16616883458605724577
4.8425 0.16616761886854089503
4.8475 0.16616644719101439365
4.8525 0.16616531984165242020
4.8575 0.16616425352856420417
4.8625 0.16616322979859385334
4.8675 0.16616226925565741324
4.8725 0.16616136600689410119
4.8775 0.16616052174381601425
4.8825 0.16615975426782869651
4.8875 0.16615904491809752042
4.8925 0.16615840430191061716
4.8975 0.16615783658251842558
4.9025 0.16615734376588167653
4.9075 0.16615693024402483635
4.9125 0.16615659710743252431
4.9175 0.16615634334857973253
4.9225 0.16615617091460935240
4.9275 0.16615608140515203406
4.9325 0.16615607854407454802
4.9375 0.16615615896447202826
4.9425 0.16615632779958602883
4.9475 0.16615659860516171498
4.9525 0.16615693475131573797
4.9575 0.16615737679197348231
4.9625 0.16615791188975137516
4.9675 0.16615855080919172959
4.9725 0.16615928012342856546
4.9775 0.16616012326121484821
4.9825 0.16616105425593985512
4.9875 0.16616210389966204475
4.9925 0.16616324036869922764
4.9975 0.16616449724032994473
5.0025 0.16616587463622403686
5.0075 0.16616735550506334107
5.0125 0.16616893643284272319
5.0175 0.16617064158686473130
5.0225 0.16617244589707116931
5.0275 0.16617436692731865633
5.0325 0.16617639421627802832
5.0375 0.16617853100509202835
5.0425 0.16618077506754319606
5.0475 0.16618314040013892896
5.0525 0.16618559728881876492
5.0575 0.16618816536508290715
5.0625 0.16619086150573786353
5.0675 0.16619366218749398456
5.0725 0.16619657892850575598
5.0775 0.16619962247392758292
5.0825 0.16620278291961212980
5.0875 0.16620606648809141404
5.0925 0.16620947525215198914
5.0975 0.16621301793205409125
5.1025 0.16621667748188412306
5.1075 0.16622047080999255431
5.1125 0.16622439523252646731
5.1175 0.16622844990416160704
5.1225 0.16623263886755376695
5.1275 0.16623695095247587039
5.1325 0.16624139148035604885
5.1375 0.16624596893997017899
5.1425 0.16625066415730321845
5.1475 0.16625549277672854731
5.1525 0.16626044344612067594
5.1575 0.16626552006380890258
5.1625 0.16627072664979725136
5.1675 0.16627605666597966572
5.1725 0.16628150917261397268
5.1775 0.16628709979356559590
5.1825 0.16629281125188399848
5.1875 0.16629865811972890932
5.1925 0.16630462679357749245
5.1975 0.16631073392848724768
5.2025 0.16631697793238300886
5.2075 0.16632334883597119091
5.2125 0.16632986721469042446
5.2175 0.16633651966891857543
5.2225 0.16634331282537034857
5.2275 0.16635025734750560900
5.2325 0.16635733858545667663
5.2375 0.16636457467814477762
5.2425 0.16637196426951242345
5.2475 0.16637950490560904360
5.2525 0.16638720582695878947
5.2575 0.16639506889931571232
5.2625 0.16640309342687675809
5.2675 0.16641127183452056326
5.2725 0.16641961922622666714
5.2775 0.16642812476043666869
5.2825 0.16643678893916016848
5.2875 0.16644561772875748895
5.2925 0.16645459865165179725
5.2975 0.16646373934931821270
5.3025 0.16647303997727289082
5.3075 0.16648248883961827560
5.3125 0.16649210136403544413
5.3175 0.16650187582580047718
5.3225 0.16651179735446636210
5.3275 0.16652187484283681451
5.3325 0.16653211111160937108
5.3375 0.16654249889221106606
5.3425 0.16655303192945386526
5.3475 0.16656371356187338328
5.3525 0.16657454121257811441
5.3575 0.16658548798816813497
5.3625 0.16659656149323498475
5.3675 0.16660773374731369101
5.3725 0.16661899347239428337
5.3775 0.16663032415888273663
5.3825 0.16664169699593758822
5.3875 0.16665308303991957506
5.3925 0.16666446401053164328
5.3975 0.16667579095568130221
5.4025 0.16668701599626220555
5.4075 0.16669809903324447897
5.4125 0.16670898022396427041
5.4175 0.16671957518028890366
5.4225 0.16672980444378052156
5.4275 0.16673957556181970285
5.4325 0.16674876395972032528
5.4375 0.16675724729784130451
5.4425 0.16676488236407163712
5.4475 0.16677152237010697822
5.4525 0.16677701624982207984
5.4575 0.16678120565381995832
5.4625 0.16678394234277621466
5.4675 0.16678507207924891942
5.4725 0.16678447956449085621
5.4775 0.16678206919858074020
5.4825 0.16677781989959125641
5.4875 0.16677177874096069110
5.4925 0.16676410537472013962
5.4975 0.16675510788967010112
5.5025 0.16674520577111762165
5.5075 0.16673496347941940687
5.5125 0.16672505819262314897
5.5175 0.16671622490496032509
5.5225 0.16670919917583051917
5.5275 0.16670465019977537269
5.5325 0.16670314911506459166
5.5375 0.16670509925088120018
5.5425 0.16671074465681909316
5.5475 0.16672014645239052744
5.5525 0.16673320018304568779
5.5575 0.16674967665383921833
5.5625 0.16676925343528095635
5.5675 0.16679158040243624583
5.5725 0.16681626588556414115
5.5775 0.16684289289982981441
5.5825 0.16687103917717774348
5.5875 0.16690025544200928764
5.5925 0.16693012233925352827
5.5975 0.16696029972048970214
5.6025 0.16699053390780446704
5.6075 0.16702067337906059685
5.6125 0.16705062506553658430
5.6175 0.16708036044606927595
5.6225 0.16710983461718437182
5.6275 0.16713901020610072434
5.6325 0.16716787366863450348
5.6375 0.16719643739136305638
5.6425 0.16722475542224660150
5.6475 0.16725285772812806262
5.6525 0.16728080151662580444
5.6575 0.16730859800806555104
5.6625 0.16733625831574730491
5.6675 0.16736370067285827323
5.6725 0.16739089252487299175
5.6775 0.16741772150551095799
5.6825 0.16744410134291842773
5.6875 0.16746994519465255302
5.6925 0.16749513922878986327
5.6975 0.16751964028902099901
5.7025 0.16754337379515016337
5.7075 0.16756631495850671243
5.7125 0.16758851011288714017
5.7175 0.16760995472566045383
5.7225 0.16763073485547078101
5.7275 0.16765097189433500469
5.7325 0.16767081959984803108
5.7375 0.16769044482700373733
5.7425 0.16771003674980874965
5.7475 0.16772981046849663733
5.7525 0.16774992593338189373
5.7575 0.16777056470272053157
5.7625 0.16779182135371339957
5.7675 0.16781382754104343102
5.7725 0.16783663086828740085
5.7775 0.16786024972748800344
5.7825 0.16788466970924351140
5.7875 0.16790982837522483440
5.7925 0.16793559097668239732
5.7975 0.16796179786992262994
5.8025 0.16798824259200256792
5.8075 0.16801474194423687836
5.8125 0.16804104224476879015
5.8175 0.16806693986459039780
5.8225 0.16809226963122506082
5.8275 0.16811692652144724636
5.8325 0.16814083460893503030
5.8375 0.16816402529761129148
5.8425 0.16818656596930800506
5.8475 0.16820860291539443954
5.8525 0.16823035505814193380
5.8575 0.16825202697455490797
5.8625 0.16827388511654861603
5.8675 0.16829612215047484725
5.8725 0.16831892218023386532
5.8775 0.16834238635029294406
5.8825 0.16836659024628056192
5.8875 0.16839155647883916056
5.8925 0.16841729378614642143
5.8975 0.16844382692194592721
5.9025 0.16847118367215743739
5.9075 0.16849939030161073528
5.9125 0.16852846164542345520
5.9175 0.16855841926546868970
5.9225 0.16858928178501381145
5.9275 0.16862109834119415330
5.9325 0.16865393839154324551
5.9375 0.16868786872318533576
5.9425 0.16872296491859417600
5.9475 0.16875925370728417363
5.9525 0.16879678259476460500
5.9575 0.16883550355582885305
5.9625 0.16887534125030209675
5.9675 0.16891620754716241137
5.9725 0.16895792729916025987
5.9775 0.16900031565242304432
5.9825 0.16904316549567796613
5.9875 0.16908630072398875277
5.9925 0.16912955856283423683
5.9975 0.16917275533538816967
6.0025 0.16921578001380799261
6.0075 0.16925851625571747272
6.0125 0.16930088235295159826
6.0175 0.16934284576064959071
6.0225 0.16938444553427381423
6.0275 0.16942575791710770550
6.0325 0.16946692298748880501
6.0375 0.16950813781288331938
6.0425 0.16954962626289094008
6.0475 0.16959164457366265877
6.0525 0.16963441739962870081
6.0575 0.16967817382762021006
6.0625 0.16972308899547697281
6.0675 0.16976928637792831900
6.0725 0.16981684474755068259
6.0775 0.16986580354046004748
6.0825 0.16991614701594914827
6.0875 0.16996782667702783898
6.0925 0.17002072091228301320
6.0975 0.17007473085160662585
6.1025 0.17012972074865251315
6.1075 0.17018556410533983159
6.1125 0.17024218940526289479
6.1175 0.17029950689711598200
6.1225 0.17035746288059108733
6.1275 0.17041599329303155907
6.1325 0.17047500216202762791
6.1375 0.17053438397042178232
6.1425 0.17059400061225524214
6.1475 0.17065365560636414077
6.1525 0.17071314100988302376
6.1575 0.17077217406714459424
6.1625 0.17083046345078775619
6.1675 0.17088768125380104923
6.1725 0.17094349605656011803
6.1775 0.17099759474109238466
6.1825 0.17104971749326386421
6.1875 0.17109962879972615002
6.1925 0.17114719721459661916
6.1975 0.17119234565099697432
6.2025 0.17123504252256066538
6.2075 0.17127535962453552254
6.2125 0.17131339762283856465
6.2175 0.17134929117556146894
6.2225 0.17138323931173243819
6.2275 0.17141550319385756573
6.2325 0.17144638154350241854
6.2375 0.17147619467097052759
6.2425 0.17150527692649136791
6.2475 0.17153392658462757181
6.2525 0.17156236561236687388
6.2575 0.17159078685261844321
6.2625 0.17161932192792392349
6.2675 0.17164805059680363075
6.2725 0.17167699119682552911
6.2775 0.17170613766564904457
6.2825 0.17173544417819616714
6.2875 0.17176487540477364258
6.2925 0.17179438987992048937
6.2975 0.17182393911216331528
6.3025 0.17185349489967871595
6.3075 0.17188307975326877486
6.3125 0.17191268409009122231
6.3175 0.17194233844650960719
6.3225 0.17197204683300434946
6.3275 0.17200184012023611579
6.3325 0.17203175579738846923
6.3375 0.17206182663273489331
6.3425 0.17209212477770319261
6.3475 0.17212266216062599433
6.3525 0.17215345316803173925
6.3575 0.17218447552758803232
6.3625 0.17221569078579893053
6.3675 0.17224701046873308607
6.3725 0.17227831203763557810
6.3775 0.17230942271673030386
6.3825 0.17234018551905103123
6.3875 0.17237040357793759204
6.3925 0.17239995212269465519
6.3975 0.17242872469535647229
6.4025 0.17245668026092922376
6.4075 0.17248386627407730209
6.4125 0.17251039292379416468
6.4175 0.17253644523911002007
6.4225 0.17256226828492796099
6.4275 0.17258817985433885789
6.4325 0.17261451466038219005
6.4375 0.17264162584479206264
6.4425 0.17266979715086056002
6.4475 0.17269928134242790163
6.4525 0.17273025733021313277
6.4575 0.17276278894077154447
6.4625 0.17279687936412224669
6.4675 0.17283243863534872298
6.4725 0.17286934814654017489
6.4775 0.17290746355941852275
6.4825 0.17294664612671822868
6.4875 0.17298676398325638082
6.4925 0.17302771050039081335
6.4975 0.17306935390769190297
6.5025 0.17311159230524145181
6.5075 0.17315428192824888765
6.5125 0.17319731888292053124
6.5175 0.17324058052964619314
6.5225 0.17328401053244460450
6.5275 0.17332755003265393201
6.5325 0.17337124592832164893
6.5375 0.17341516466539183550
6.5425 0.17345940786758706764
6.5475 0.17350411199290405317
6.5525 0.17354938779878770205
6.5575 0.17359536870569119982
6.5625 0.17364218131699313274
6.5675 0.17368997423459039964
6.5725 0.17373893652855068592
6.5775 0.17378930867624969858
6.5825 0.17384137193464860305
6.5875 0.17389547618851738942
6.5925 0.17395196436734639001
6.5975 0.17401119859406002921
6.6025 0.17407351365303491697
6.6075 0.17413917507227594239
6.6125 0.17420838106769898079
6.6175 0.17428120519941958655
6.6225 0.17435770228666383486
6.6275 0.17443782653913667002
6.6325 0.17452148022655147863
6.6375 0.17460851915694733383
6.6425 0.17469871663290065245
6.6475 0.17479185487687537437
6.6525 0.17488769361658287882
6.6575 0.17498604671098344499
6.6625 0.17508677887142121143
6.6675 0.17518982797188786815
6.6725 0.17529519611852265037
6.6775 0.17540293444151799918
6.6825 0.17551312786160475077
6.6875 0.17562589082211216285
6.6925 0.17574134496487675561
6.6975 0.17585961293849911025
6.7025 0.17598078638198955126
6.7075 0.17610494040950158690
6.7125 0.17623211067732755253
6.7175 0.17636234499254382913
6.7225 0.17649569851993684999
6.7275 0.17663223303316172297
6.7325 0.17677203918339237654
6.7375 0.17691516903288867502
6.7425 0.17706170741565355198
6.7475 0.17721169198753383700
6.7525 0.17736514264821900966
6.7575 0.17752207672636968749
6.7625 0.17768251153270836484
6.7675 0.17784649289296242114
6.7725 0.17801406003310363269
6.7775 0.17818524125244636358
6.7825 0.17836006512579721806
6.7875 0.17853853218070128706
6.7925 0.17872058428471745972
6.7975 0.17890614019101253040
6.8025 0.17909509511750498767
6.8075 0.17928728800530627230
6.8125 0.17948257437202638775
6.8175 0.17968078198126202771
6.8225 0.17988175488726143580
6.8275 0.18008535824049332064
6.8325 0.18029148987096180190
6.8375 0.18050009030333616367
6.8425 0.18071118339607827874
6.8475 0.18092482795786171690
6.8525 0.18114118925563155171
6.8575 0.18136048078737662670
6.8625 0.18158298114427731673
6.8675 0.18180902168323775925
6.8725 0.18203895799427038948
6.8775 0.18227313744371090309
6.8825 0.18251191666701224725
6.8875 0.18275559501615273872
6.8925 0.18300444889604403076
6.8975 0.18325865792581566560
6.9025 0.18351833999045466528
6.9075 0.18378353497905139391
6.9125 0.18405420856825857601
6.9175 0.18433020246426190525
6.9225 0.18461128640659443811
6.9275 0.18489719176169941428
6.9325 0.18518761863945920609
6.9375 0.18548234522963100157
6.9425 0.18578115773188114135
6.9475 0.18608387385561547811
6.9525 0.18639037693371218740
6.9575 0.18670054810166167303
6.9625 0.18701430656663337038
6.9675 0.18733161469022183154
6.9725 0.18765243332040393298
6.9775 0.18797676041845368111
6.9825 0.18830457550364840258
6.9875 0.18863586366464896171
6.9925 0.18897061278216745195
6.9975 0.18930880321345447403
7.0025 0.18965041659062994994
7.0075 0.18999544049513350519
7.0125 0.19034380513074569685
7.0175 0.19069545799487719329
7.0225 0.19105033086893266625
7.0275 0.19140836269606745224
7.0325 0.19176948121330533725
7.0375 0.19213360848465069197
7.0425 0.19250066754799408097
7.0475 0.19287054552973123545
7.0525 0.19324308460763886530
7.0575 0.19361811347671215033
7.0625 0.19399539037940521924
7.0675 0.19437467578849132455
7.0725 0.19475574575798484944
7.0775 0.19513834044832847892
7.0825 0.19552225259968503135
7.0875 0.19590723486075908855
7.0925 0.19629306709811134013
7.0975 0.19667953122410605782
7.1025 0.19706645503059141977
7.1075 0.19745367534747257365
7.1125 0.19784102502580927507
7.1175 0.19822836781959021768
7.1225 0.19861556729934654042
7.1275 0.19900247698435208354
7.1325 0.19938894506752727342
7.1375 0.19977474767561345659
7.1425 0.20015960195773513375
7.1475 0.20054313713219196202
7.1525 0.20092493286850102163
7.1575 0.20130453149977056704
7.1625 0.20168145294260489409
7.1675 0.20205518499479466210
7.1725 0.20242522087484876581
7.1775 0.20279107304919297139
7.1825 0.20315225223138533295
7.1875 0.20350833573811169530
7.1925 0.20385881176421458139
7.1975 0.20420322348210276364
7.2025 0.20454104986051194204
7.2075 0.20487174028034826900
7.2125 0.20519469360202594044
7.2175 0.20550926818923989647
7.2225 0.20581474687444031857
7.2275 0.20611038312224300162
7.2325 0.20639537052981418719
7.2375 0.20666891818598909225
7.2425 0.20693013802214882402
7.2475 0.20717817688252562758
7.2525 0.20741208550537154620
7.2575 0.20763096124149660326
7.2625 0.20783385732031886550
7.2675 0.20801993172924460040
7.2725 0.20818835423293088893
7.2775 0.20833837877244845704
7.2825 0.20846939954299775755
7.2875 0.20858074562406628272
7.2925 0.20867189570493471784
7.2975 0.20874229324316156964
7.3025 0.20879145250465697137
7.3075 0.20881885966893637407
7.3125 0.20882407920726858697
7.3175 0.20880654720014774073
7.3225 0.20876574737312525443
7.3275 0.20870110067098893158
7.3325 0.20861199245287972981
7.3375 0.20849780571600207146
7.3425 0.20835793697701845972
7.3475 0.20819177918903275515
7.3525 0.20799880266157452779
7.3575 0.20777860122453559177
7.3625 0.20753084133761509622
7.3675 0.20725534233980855148
7.3725 0.20695209870056607837
7.3775 0.20662118461657896784
7.3825 0.20626280200652077901
7.3875 0.20587739077518871222
7.3925 0.20546551018692724155
7.3975 0.20502798320208640015
7.4025 0.20456578823215618157
7.4075 0.20408009323749765063
7.4125 0.20357219717324545605
7.4175 0.20304347681721954255
7.4225 0.20249531483980026669
7.4275 0.20192919366344855292
7.4325 0.20134655708165505317
7.4375 0.20074886549427861659
7.4425 0.20013754716858225824
7.4475 0.19951398524492461317
7.4525 0.19887943762432153116
7.4575 0.19823508263062528112
7.4625 0.19758198531774442963
7.4675 0.19692110418575139996
7.4725 0.19625328232170372034
7.4775 0.19557934330338530571
7.4825 0.19490009096455718218
7.4875 0.19421631844491496488
7.4925 0.19352885871564434739
7.4975 0.19283858048259133744
7.5025 0.19214645075566985644
7.5075 0.19145345581579337191
7.5125 0.19076067624020195956
7.5175 0.19006919305038696977
7.5225 0.18938008767932001941
7.5275 0.18869445399268802710
7.5325 0.18801335989619533118
7.5375 0.18733784450840759717
7.5425 0.18666896509171795882
7.5475 0.18600775676539671455
7.5525 0.18535527403365595345
7.5575 0.18471257212400601921
7.5625 0.18408074171263111296
7.5675 0.18346085685844612523
7.5725 0.18285401646325658009
7.5775 0.18226128239740563286
7.5825 0.18168363087323610716
7.5875 0.18112202708387784011
7.5925 0.18057732504205628588
7.5975 0.18005029694997892742
7.6025 0.17954157255094815859
7.6075 0.17905169589870142954
7.6125 0.17858105961342074508
7.6175 0.17812993342714933398
7.6225 0.17769848214781142071
7.6275 0.17728676082098132616
7.6325 0.17689474055675241670
7.6375 0.17652238770853417860
7.6425 0.17616962262912980175
7.6475 0.17583645761914240557
7.6525 0.17552292447243600382
7.6575 0.17522911160639614847
7.6625 0.17495520094253594334
7.6675 0.17470140013632212694
7.6725 0.17446802624782081770
7.6775 0.17425537914766472958
7.6825 0.17406375245666247387
7.6875 0.17389343605731191755
7.6925 0.17374467360286510731
7.6975 0.17361769768825152660
7.7025 0.17351271991087596769
7.7075 0.17342988964516939387
7.7125 0.17336935195447922275
7.7175 0.17333116523534539133
7.7225 0.17331537347258627046
7.7275 0.17332200701654762454
7.7325 0.17335113256561718309
7.7375 0.17340286537699789449
7.7425 0.17347741634031546565
7.7475 0.17357506059163513301
7.7525 0.17369613754977034081
7.7575 0.17384106981797417535
7.7625 0.17401032865003829286
7.7675 0.17420443650212105724
7.7725 0.17442397623044594845
7.7775 0.17466956087514923235
7.7825 0.17494185840300258139
7.7875 0.17524157300124459935
7.7925 0.17556943608581815353
7.7975 0.17592624691478178645
7.8025 0.17631271004557563797
7.8075 0.17672960586423541729
7.8125 0.17717755225734757585
7.8175 0.17765709673835611282
7.8225 0.17816867873573338787
7.8275 0.17871252350630489891
7.8325 0.17928875107284752977
7.8375 0.17989735926295005730
7.8425 0.18053834219064648914
7.8475 0.18121174932434133686
7.8525 0.18191771247394994404
7.8575 0.18265664479848600643
7.8625 0.18342922710092343652
7.8675 0.18423628231631000718
7.8725 0.18507899357127319262
7.8775 0.18595864789758820290
7.8825 0.18687655250645168747
7.8875 0.18783414066977349721
7.8925 0.18883272894581107360
7.8975 0.18987356566613167175
7.9025 0.19095780419608235356
7.9075 0.19208656744335675381
7.9125 0.19326082182937212584
7.9175 0.19448157067994129021
7.9225 0.19574970011290748761
7.9275 0.19706611649979635659
7.9325 0.19843167218741605828
7.9375 0.19984717519944597552
7.9425 0.20131342681670605366
7.9475 0.20283123429708868612
7.9525 0.20440145798778924791
7.9575 0.20602503602908139868
7.9625 0.20770293696940669848
7.9675 0.20943628726949595209
7.9725 0.21122624654788096921
7.9775 0.21307414062895174700
7.9825 0.21498139489116771528
7.9875 0.21694961895761730175
7.9925 0.21898067027094575421
7.9975 0.22107668309378927796
8.0025 0.22324009797482016748
8.0075 0.22547377158194367719
8.0125 0.22778089080429586577
8.0175 0.23016502246351530636
8.0225 0.23262994677384890574
8.0275 0.23517975690328371541
8.0325 0.23781860241940044887
8.0375 0.24055090251571889515
8.0425 0.24338124077510384091
8.0475 0.24631439429742310598
8.0525 0.24935523702761294706
8.0575 0.25250889068393717052
8.0625 0.25578060997359058915
8.0675 0.25917572280865569523
8.0725 0.26269975505099618651
8.0775 0.26635835166258681195
8.0825 0.27015730297387219316
8.0875 0.27410260740721148487
8.0925 0.27820025933196396162
8.0975 0.28245653883411914187
8.1025 0.28687794893521478823
8.1075 0.29147111291767657804
8.1125 0.29624309674438698003
8.1175 0.30120120982389847475
8.1225 0.30635322262050468378
8.1275 0.31170715143306132466
8.1325 0.31727150455749131286
8.1375 0.32305519303706692336
8.1425 0.32906742632750668465
8.1475 0.33531801427315838238
8.1525 0.34181708020032530726
8.1575 0.34857501209726776681
8.1625 0.35560228976693092351
8.1675 0.36290959611449619127
8.1725 0.37050724524209915911
8.1775 0.37840560800346378922
8.1825 0.38661456258462112423
8.1875 0.39514389663739424297
8.1925 0.40400293907557383033
8.1975 0.41320055760780921572
8.2025 0.42274516509900855743
8.2075 0.43264449340723792892
8.2125 0.44290537290722775676
8.2175 0.45353384079617858893
8.2225 0.46453492475011132212
8.2275 0.47591256995993469481
8.2325 0.48766966008785267439
8.2375 0.49980795379896370001
8.2425 0.51232766347451030864
8.2475 0.52522769564785387608
8.2525 0.53850499619163461062
8.2575 0.55215436497503445068
8.2625 0.56616782974914636739
8.2675 0.58053434020136229776
8.2725 0.59523891336127676688
8.2775 0.61026211653886763830
8.2825 0.62557915748614534301
8.2875 0.64115895145184209625
8.2925 0.65696334063303407635
8.2975 0.67294592635330963137
8.3025 0.68905109856880519814
8.3075 0.70521309419099842408
8.3125 0.72135488198983754859
8.3175 0.73738692952668416503
8.3225 0.75320645991697221522
8.3275 0.76869639542289025513
8.3325 0.78372508362770787471
8.3375 0.79814587170305029140
8.3425 0.81179709829003032784
8.3475 0.82450254105223097500
8.3525 0.83607153344413254192
8.3575 0.84629998884356605338
8.3625 0.85497126888703844916
8.3675 0.86185790008619511671
8.3725 0.86672394276426156789
8.3775 0.86932806705825371729
8.3825 0.86942773236319748076
8.3875 0.86678402992769421065
8.3925 0.86116800827841588628
8.3975 0.85236718255538024280
8.4025 0.84019372899267075194
8.4075 0.82449283122893424203
8.4125 0.80515100545240758656
8.4175 0.78210446525809096396
8.4225 0.75534627098545514823
8.4275 0.72493311549866068511
8.4325 0.69099036605154018353
8.4375 0.65371770500288151062
8.4425 0.61339634329483527786
8.4475 0.57039870464134534433
8.4525 0.52519862542144124529
8.4575 0.47837706426458981301
8.4625 0.43061799275889850458
8.4675 0.38269107365087712269
8.4725 0.33542110469106034554
8.4775 0.28964590531101036541
8.4825 0.24616483857530815915
8.4875 0.20568182687128322428
8.4925 0.16875524251154425115
8.4975 0.13576859618272482666
8.5025 0.10692879822373305143
8.5075 0.08228197756046193301
8.5125 0.06173128318590267311
8.5175 0.04505133693138006074
8.5225 0.03190515168096874632
8.5275 0.02186958640506371163
8.5325 0.01446891837225338685
8.5375 0.00921164539886551795
8.5425 0.00562500902644238066
8.5475 0.00328285588736140126
8.5525 0.00182409513265695874
8.5575 0.00096092495094111474
8.5625 0.00047774776711547167
8.5675 0.00022306100937492329
8.5725 0.00009728048508268561
8.5775 0.00003939686561059491
8.5825 0.00001472196331224883
8.5875 0.00000504113995418648
8.5925 0.00000156991511847426
8.5975 0.00000044100388215949
8.6025 0.00000011075002073599
8.6075 0.00000002462341879846
8.6125 0.00000000479559307329
8.6175 0.00000000080871202797
8.6225 0.00000000011660380022
8.6275 0.00000000001417771196
8.6325 0.00000000000143195831
8.6375 0.00000000000011817803
8.6425 0.00000000000000782731
8.6475 0.00000000000000040796
8.6525 0.00000000000000001638
8.6575 0.00000000000000000049
8.6625 0.00000000000000000001
8.6675 0.00000000000000000000
8.6725 0.00000000000000000000
8.6775 0.00000000000000000000
8.6825 0.00000000000000000000
8.6875 0.00000000000000000000
8.6925 0.00000000000000000000
8.6975 0.00000000000000000000
8.7025 0.00000000000000000000
8.7075 0.00000000000000000000
8.7125 0.00000000000000000000
8.7175 0.00000000000000000000
8.7225 0.00000000000000000000
8.7275 0.00000000000000000000
8.7325 0.00000000000000000000
8.7375 0.00000000000000000000
8.7425 0.00000000000000000000
8.7475 0.00000000000000000000
8.7525 0.00000000000000000000
8.7575 0.00000000000000000000
8.7625 0.00000000000000000000
8.7675 0.00000000000000000000
8.7725 0.00000000000000000000
8.7775 0.00000000000000000000
8.7825 0.00000000000000000000
8.7875 0.00000000000000000000
8.7925 0.00000000000000000000
8.7975 0.00000000000000000000
8.8025 0.00000000000000000000
8.8075 0.00000000000000000000
8.8125 0.00000000000000000000
8.8175 0.00000000000000000000
8.8225 0.00000000000000000000
8.8275 0.00000000000000000000
8.8325 0.00000000000000000000
8.8375 0.00000000000000000000
8.8425 0.00000000000000000000
8.8475 0.00000000000000000000
8.8525 0.00000000000000000000
8.8575 0.00000000000000000000
8.8625 0.00000000000000000000
8.8675 0.00000000000000000000
8.8725 0.00000000000000000000
8.8775 0.00000000000000000000
8.8825 0.00000000000000000000
8.8875 0.00000000000000000000
8.8925 0.00000000000000000000
8.8975 0.00000000000000000000
8.9025 0.00000000000000000000
8.9075 0.00000000000000000000
8.9125 0.00000000000000000000
8.9175 0.00000000000000000000
8.9225 0.00000000000000000000
8.9275 0.00000000000000000000
8.9325 0.00000000000000000000
8.9375 0.00000000000000000000
8.9425 0.00000000000000000000
8.9475 0.00000000000000000000
8.9525 0.00000000000000000000
8.9575 0.00000000000000000000
8.9625 0.00000000000000000000
8.9675 0.00000000000000000000
8.9725 0.00000000000000000000
8.9775 0.00000000000000000000
8.9825 0.00000000000000000000
8.9875 0.00000000000000000000
8.9925 0.00000000000000000000
8.9975 0.00000000000000000000
9.0025 0.00000000000000000000
9.0075 0.00000000000000000000
9.0125 0.00000000000000000000
9.0175 0.00000000000000000000
9.0225 0.00000000000000000000
9.0275 0.00000000000000000000
9.0325 0.00000000000000000000
9.0375 0.00000000000000000000
9.0425 0.00000000000000000000
9.0475 0.00000000000000000000
9.0525 0.00000000000000000000
9.0575 0.00000000000000000000
9.0625 0.00000000000000000000
9.0675 0.00000000000000000000
9.0725 0.00000000000000000000
9.0775 0.00000000000000000000
9.0825 0.00000000000000000000
9.0875 0.00000000000000000000
9.0925 0.00000000000000000000
9.0975 0.00000000000000000000
9.1025 0.00000000000000000000
9.1075 0.00000000000000000000
9.1125 0.00000000000000000000
9.1175 0.00000000000000000000
9.1225 0.00000000000000000000
9.1275 0.00000000000000000000
9.1325 0.00000000000000000000
9.1375 0.00000000000000000000
9.1425 0.00000000000000000000
9.1475 0.00000000000000000000
9.1525 0.00000000000000000000
9.1575 0.00000000000000000000
9.1625 0.00000000000000000000
9.1675 0.00000000000000000000
9.1725 0.00000000000000000000
9.1775 0.00000000000000000000
9.1825 0.00000000000000000000
9.1875 0.00000000000000000000
9.1925 0.00000000000000000000
9.1975 0.00000000000000000000
9.2025 0.00000000000000000000
9.2075 0.00000000000000000000
9.2125 0.00000000000000000000
9.2175 0.00000000000000000000
9.2225 0.00000000000000000000
9.2275 0.00000000000000000000
9.2325 0.00000000000000000000
9.2375 0.00000000000000000000
9.2425 0.00000000000000000000
9.2475 0.00000000000000000000
9.2525 0.00000000000000000000
9.2575 0.00000000000000000000
9.2625 0.00000000000000000000
9.2675 0.00000000000000000000
9.2725 0.00000000000000000000
9.2775 0.00000000000000000000
9.2825 0.00000000000000000000
9.2875 0.00000000000000000000
9.2925 0.00000000000000000000
9.2975 0.00000000000000000000
9.3025 0.00000000000000000000
9.3075 0.00000000000000000000
9.3125 0.00000000000000000000
9.3175 0.00000000000000000000
9.3225 0.00000000000000000000
9.3275 0.00000000000000000000
9.3325 0.00000000000000000000
9.3375 0.00000000000000000000
9.3425 0.00000000000000000000
9.3475 0.00000000000000000000
9.3525 0.00000000000000000000
9.3575 0.00000000000000000000
9.3625 0.00000000000000000000
9.3675 0.00000000000000000000
9.3725 0.00000000000000000000
9.3775 0.00000000000000000000
9.3825 0.00000000000000000000
9.3875 0.00000000000000000000
9.3925 0.00000000000000000000
9.3975 0.00000000000000000000
9.4025 0.00000000000000000000
9.4075 0.00000000000000000000
9.4125 0.00000000000000000000
9.4175 0.00000000000000000000
9.4225 0.00000000000000000000
9.4275 0.00000000000000000000
9.4325 0.00000000000000000000
9.4375 0.00000000000000000000
9.4425 0.00000000000000000000
9.4475 0.00000000000000000000
9.4525 0.00000000000000000000
9.4575 0.00000000000000000000
9.4625 0.00000000000000000000
9.4675 0.00000000000000000000
9.4725 0.00000000000000000000
9.4775 0.00000000000000000000
9.4825 0.00000000000000000000
9.4875 0.00000000000000000000
9.4925 0.00000000000000000000
9.4975 0.00000000000000000000
9.5025 0.00000000000000000000
9.5075 0.00000000000000000000
9.5125 0.00000000000000000000
9.5175 0.00000000000000000000
9.5225 0.00000000000000000000
9.5275 0.00000000000000000000
9.5325 0.00000000000000000000
9.5375 0.00000000000000000000
9.5425 0.00000000000000000000
9.5475 0.00000000000000000000
9.5525 0.00000000000000000000
9.5575 0.00000000000000000000
9.5625 0.00000000000000000000
9.5675 0.00000000000000000000
9.5725 0.00000000000000000000
9.5775 0.00000000000000000000
9.5825 0.00000000000000000000
9.5875 0.00000000000000000000
9.5925 0.00000000000000000000
9.5975 0.00000000000000000000
9.6025 0.00000000000000000000
9.6075 0.00000000000000000000
9.6125 0.00000000000000000000
9.6175 0.00000000000000000000
9.6225 0.00000000000000000000
9.6275 0.00000000000000000000
9.6325 0.00000000000000000000
9.6375 0.00000000000000000000
9.6425 0.00000000000000000000
9.6475 0.00000000000000000000
9.6525 0.00000000000000000000
9.6575 0.00000000000000000000
9.6625 0.00000000000000000000
9.6675 0.00000000000000000000
9.6725 0.00000000000000000000
9.6775 0.00000000000000000000
9.6825 0.00000000000000000000
9.6875 0.00000000000000000000
9.6925 0.00000000000000000000
9.6975 0.00000000000000000000
9.7025 0.00000000000000000000
9.7075 0.00000000000000000000
9.7125 0.00000000000000000000
9.7175 0.00000000000000000000
9.7225 0.00000000000000000000
9.7275 0.00000000000000000000
9.7325 0.00000000000000000000
9.7375 0.00000000000000000000
9.7425 0.00000000000000000000
9.7475 0.00000000000000000000
9.7525 0.00000000000000000000
9.7575 0.00000000000000000000
9.7625 0.00000000000000000000
9.7675 0.00000000000000000000
9.7725 0.00000000000000000000
9.7775 0.00000000000000000000
9.7825 0.00000000000000000000
9.7875 0.00000000000000000000
9.7925 0.00000000000000000000
9.7975 0.00000000000000000000
9.8025 0.00000000000000000000
9.8075 0.00000000000000000000
9.8125 0.00000000000000000000
9.8175 0.00000000000000000000
9.8225 0.00000000000000000000
9.8275 0.00000000000000000000
9.8325 0.00000000000000000000
9.8375 0.00000000000000000000
9.8425 0.00000000000000000000
9.8475 0.00000000000000000000
9.8525 0.00000000000000000000
9.8575 0.00000000000000000000
9.8625 0.00000000000000000000
9.8675 0.00000000000000000000
9.8725 0.00000000000000000000
9.8775 0.00000000000000000000
9.8825 0.00000000000000000000
9.8875 0.00000000000000000000
9.8925 0.00000000000000000000
9.8975 0.00000000000000000000
9.9025 0.00000000000000000000
9.9075 0.00000000000000000000
9.9125 0.00000000000000000000
9.9175 0.00000000000000000000
9.9225 0.00000000000000000000
9.9275 0.00000000000000000000
9.9325 0.00000000000000000000
9.9375 0.00000000000000000000
9.9425 0.00000000000000000000
9.9475 0.00000000000000000000
9.9525 0.00000000000000000000
9.9575 0.00000000000000000000
9.9625 0.00000000000000000000
9.9675 0.00000000000000000000
9.9725 0.00000000000000000000
9.9775 0.00000000000000000000
9.9825 0.00000000000000000000
9.9875 0.00000000000000000000
9.9925 0.00000000000000000000
9.9975 0.00000000000000000000
