xbins rho
0.0025 0.00000000000000000000
0.0075 0.00000000000000000000
0.0125 0.00000000000000000000
0.0175 0.00000000000000000000
0.0225 0.00000000000000000000
0.0275 0.00000000000000000000
0.0325 0.00000000000000000000
0.0375 0.00000000000000000000
0.0425 0.00000000000000000000
0.0475 0.00000000000000000000
0.0525 0.00000000000000000000
0.0575 0.00000000000000000000
0.0625 0.00000000000000000000
0.0675 0.00000000000000000000
0.0725 0.00000000000000000000
0.0775 0.00000000000000000000
0.0825 0.00000000000000000000
0.0875 0.00000000000000000000
0.0925 0.00000000000000000000
0.0975 0.00000000000000000000
0.1025 0.00000000000000000000
0.1075 0.00000000000000000000
0.1125 0.00000000000000000000
0.1175 0.00000000000000000000
0.1225 0.00000000000000000000
0.1275 0.00000000000000000000
0.1325 0.00000000000000000000
0.1375 0.00000000000000000000
0.1425 0.00000000000000000000
0.1475 0.00000000000000000000
0.1525 0.00000000000000000000
0.1575 0.00000000000000000000
0.1625 0.00000000000000000000
0.1675 0.00000000000000000000
0.1725 0.00000000000000000000
0.1775 0.00000000000000000000
0.1825 0.00000000000000000000
0.1875 0.00000000000000000000
0.1925 0.00000000000000000000
0.1975 0.00000000000000000000
0.2025 0.00000000000000000000
0.2075 0.00000000000000000000
0.2125 0.00000000000000000000
0.2175 0.00000000000000000000
0.2225 0.00000000000000000000
0.2275 0.00000000000000000000
0.2325 0.00000000000000000000
0.2375 0.00000000000000000000
0.2425 0.00000000000000000000
0.2475 0.00000000000000000000
0.2525 0.00000000000000000000
0.2575 0.00000000000000000000
0.2625 0.00000000000000000000
0.2675 0.00000000000000000000
0.2725 0.00000000000000000000
0.2775 0.00000000000000000000
0.2825 0.00000000000000000000
0.2875 0.00000000000000000000
0.2925 0.00000000000000000000
0.2975 0.00000000000000000000
0.3025 0.00000000000000000000
0.3075 0.00000000000000000000
0.3125 0.00000000000000000000
0.3175 0.00000000000000000000
0.3225 0.00000000000000000000
0.3275 0.00000000000000000000
0.3325 0.00000000000000000000
0.3375 0.00000000000000000000
0.3425 0.00000000000000000000
0.3475 0.00000000000000000000
0.3525 0.00000000000000000000
0.3575 0.00000000000000000000
0.3625 0.00000000000000000000
0.3675 0.00000000000000000000
0.3725 0.00000000000000000000
0.3775 0.00000000000000000000
0.3825 0.00000000000000000000
0.3875 0.00000000000000000000
0.3925 0.00000000000000000000
0.3975 0.00000000000000000000
0.4025 0.00000000000000000000
0.4075 0.00000000000000000000
0.4125 0.00000000000000000000
0.4175 0.00000000000000000000
0.4225 0.00000000000000000000
0.4275 0.00000000000000000000
0.4325 0.00000000000000000000
0.4375 0.00000000000000000000
0.4425 0.00000000000000000000
0.4475 0.00000000000000000000
0.4525 0.00000000000000000000
0.4575 0.00000000000000000000
0.4625 0.00000000000000000000
0.4675 0.00000000000000000000
0.4725 0.00000000000000000000
0.4775 0.00000000000000000000
0.4825 0.00000000000000000000
0.4875 0.00000000000000000000
0.4925 0.00000000000000000000
0.4975 0.00000000000000000000
0.5025 0.00000000000000000000
0.5075 0.00000000000000000000
0.5125 0.00000000000000000000
0.5175 0.00000000000000000000
0.5225 0.00000000000000000000
0.5275 0.00000000000000000000
0.5325 0.00000000000000000000
0.5375 0.00000000000000000000
0.5425 0.00000000000000000000
0.5475 0.00000000000000000000
0.5525 0.00000000000000000000
0.5575 0.00000000000000000000
0.5625 0.00000000000000000000
0.5675 0.00000000000000000000
0.5725 0.00000000000000000000
0.5775 0.00000000000000000000
0.5825 0.00000000000000000000
0.5875 0.00000000000000000000
0.5925 0.00000000000000000000
0.5975 0.00000000000000000000
0.6025 0.00000000000000000000
0.6075 0.00000000000000000000
0.6125 0.00000000000000000000
0.6175 0.00000000000000000000
0.6225 0.00000000000000000000
0.6275 0.00000000000000000000
0.6325 0.00000000000000000000
0.6375 0.00000000000000000000
0.6425 0.00000000000000000000
0.6475 0.00000000000000000000
0.6525 0.00000000000000000000
0.6575 0.00000000000000000000
0.6625 0.00000000000000000000
0.6675 0.00000000000000000000
0.6725 0.00000000000000000000
0.6775 0.00000000000000000000
0.6825 0.00000000000000000000
0.6875 0.00000000000000000000
0.6925 0.00000000000000000000
0.6975 0.00000000000000000000
0.7025 0.00000000000000000000
0.7075 0.00000000000000000000
0.7125 0.00000000000000000000
0.7175 0.00000000000000000000
0.7225 0.00000000000000000000
0.7275 0.00000000000000000000
0.7325 0.00000000000000000000
0.7375 0.00000000000000000000
0.7425 0.00000000000000000000
0.7475 0.00000000000000000000
0.7525 0.00000000000000000000
0.7575 0.00000000000000000000
0.7625 0.00000000000000000000
0.7675 0.00000000000000000000
0.7725 0.00000000000000000000
0.7775 0.00000000000000000000
0.7825 0.00000000000000000000
0.7875 0.00000000000000000000
0.7925 0.00000000000000000000
0.7975 0.00000000000000000000
0.8025 0.00000000000000000000
0.8075 0.00000000000000000000
0.8125 0.00000000000000000000
0.8175 0.00000000000000000000
0.8225 0.00000000000000000000
0.8275 0.00000000000000000000
0.8325 0.00000000000000000000
0.8375 0.00000000000000000000
0.8425 0.00000000000000000000
0.8475 0.00000000000000000000
0.8525 0.00000000000000000000
0.8575 0.00000000000000000000
0.8625 0.00000000000000000000
0.8675 0.00000000000000000000
0.8725 0.00000000000000000000
0.8775 0.00000000000000000000
0.8825 0.00000000000000000000
0.8875 0.00000000000000000000
0.8925 0.00000000000000000000
0.8975 0.00000000000000000000
0.9025 0.00000000000000000000
0.9075 0.00000000000000000000
0.9125 0.00000000000000000000
0.9175 0.00000000000000000000
0.9225 0.00000000000000000000
0.9275 0.00000000000000000000
0.9325 0.00000000000000000000
0.9375 0.00000000000000000000
0.9425 0.00000000000000000000
0.9475 0.00000000000000000000
0.9525 0.00000000000000000000
0.9575 0.00000000000000000000
0.9625 0.00000000000000000000
0.9675 0.00000000000000000000
0.9725 0.00000000000000000000
0.9775 0.00000000000000000000
0.9825 0.00000000000000000000
0.9875 0.00000000000000000000
0.9925 0.00000000000000000000
0.9975 0.00000000000000000000
1.0025 0.00000000000000000000
1.0075 0.00000000000000000000
1.0125 0.00000000000000000000
1.0175 0.00000000000000000000
1.0225 0.00000000000000000000
1.0275 0.00000000000000000000
1.0325 0.00000000000000000000
1.0375 0.00000000000000000000
1.0425 0.00000000000000000000
1.0475 0.00000000000000000000
1.0525 0.00000000000000000000
1.0575 0.00000000000000000000
1.0625 0.00000000000000000000
1.0675 0.00000000000000000000
1.0725 0.00000000000000000000
1.0775 0.00000000000000000000
1.0825 0.00000000000000000000
1.0875 0.00000000000000000000
1.0925 0.00000000000000000000
1.0975 0.00000000000000000000
1.1025 0.00000000000000000000
1.1075 0.00000000000000000000
1.1125 0.00000000000000000000
1.1175 0.00000000000000000000
1.1225 0.00000000000000000000
1.1275 0.00000000000000000000
1.1325 0.00000000000000000000
1.1375 0.00000000000000000000
1.1425 0.00000000000000000000
1.1475 0.00000000000000000000
1.1525 0.00000000000000000000
1.1575 0.00000000000000000000
1.1625 0.00000000000000000000
1.1675 0.00000000000000000000
1.1725 0.00000000000000000000
1.1775 0.00000000000000000000
1.1825 0.00000000000000000000
1.1875 0.00000000000000000000
1.1925 0.00000000000000000000
1.1975 0.00000000000000000000
1.2025 0.00000000000000000000
1.2075 0.00000000000000000000
1.2125 0.00000000000000000000
1.2175 0.00000000000000000000
1.2225 0.00000000000000000000
1.2275 0.00000000000000000000
1.2325 0.00000000000000000000
1.2375 0.00000000000000000000
1.2425 0.00000000000000000000
1.2475 0.00000000000000000000
1.2525 0.00000000000000000000
1.2575 0.00000000000000000000
1.2625 0.00000000000000000000
1.2675 0.00000000000000000000
1.2725 0.00000000000000000000
1.2775 0.00000000000000000000
1.2825 0.00000000000000000000
1.2875 0.00000000000000000000
1.2925 0.00000000000000000000
1.2975 0.00000000000000000000
1.3025 0.00000000000000000000
1.3075 0.00000000000000000000
1.3125 0.00000000000000000000
1.3175 0.00000000000000000000
1.3225 0.00000000000000000000
1.3275 0.00000000000000000000
1.3325 0.00000000000000000000
1.3375 0.00000000000000000000
1.3425 0.00000000000000000000
1.3475 0.00000000000000000000
1.3525 0.00000000000000000000
1.3575 0.00000000000000000000
1.3625 0.00000000000000000000
1.3675 0.00000000000000000000
1.3725 0.00000000000000000000
1.3775 0.00000000000000000000
1.3825 0.00000000000000000000
1.3875 0.00000000000000000000
1.3925 0.00000000000000000000
1.3975 0.00000000000000000000
1.4025 0.00000000000000000000
1.4075 0.00000094775416666393
1.4125 0.00000305039717266964
1.4175 0.00000892834844233464
1.4225 0.00002394497456926709
1.4275 0.00005925076674993833
1.4325 0.00013613625209444455
1.4375 0.00029214212902541693
1.4425 0.00058869613659288987
1.4475 0.00111947143753268730
1.4525 0.00201806882399537760
1.4575 0.00346320808348337143
1.4625 0.00567954181506786799
1.4675 0.00893262915622626726
1.4725 0.01351737223203645748
1.4775 0.01974033192323279909
1.4825 0.02789743690388801073
1.4875 0.03824938804990540148
1.4925 0.05099770790158651701
1.4975 0.06626417674280238312
1.5025 0.08407611589276201003
1.5075 0.10435903318568325038
1.5125 0.12693723410937579610
1.5175 0.15154194036322196637
1.5225 0.17782559935347960756
1.5275 0.20538084058528499609
1.5325 0.23376156726936928032
1.5375 0.26250459009757048934
1.5425 0.29114981265877759586
1.5475 0.31925799369571172814
1.5525 0.34642528547218648383
1.5575 0.37229421747723612235
1.5625 0.39656021192376600393
1.5675 0.41897672656838491623
1.5725 0.43935479157445256337
1.5775 0.45756242275025016397
1.5825 0.47352081258132439068
1.5875 0.48719986100381534877
1.5925 0.49861235821009219915
1.5975 0.50780789353197586244
1.6025 0.51486622607443588429
1.6075 0.51989146841462674509
1.6125 0.52300614565933511990
1.6175 0.52434558550473364669
1.6225 0.52405349842124626658
1.6275 0.52227767823168891326
1.6325 0.51916631360791254401
1.6375 0.51486600778561819602
1.6425 0.50951779949522424396
1.6475 0.50325727233823702722
1.6525 0.49621226679789248726
1.6575 0.48850182642865064286
1.6625 0.48023658459191093106
1.6675 0.47151787552278923155
1.6725 0.46243810881252522815
1.6775 0.45308086792486867989
1.6825 0.44352112492940742872
1.6875 0.43382621778696867088
1.6925 0.42405572958147563778
1.6975 0.41426229707611184061
1.7025 0.40449225349567530241
1.7075 0.39478553609891570142
1.7125 0.38517676766588515580
1.7175 0.37569557001563724796
1.7225 0.36636676342016682995
1.7275 0.35721138221922321687
1.7325 0.34824613362774908820
1.7375 0.33948469498744981987
1.7425 0.33093740153393069736
1.7475 0.32261208628744170168
1.7525 0.31451444043743675971
1.7575 0.30664739312530331361
1.7625 0.29901262475853435108
1.7675 0.29160999983121715928
1.7725 0.28443813482211849353
1.7775 0.27749446821209411418
1.7825 0.27077553133556625520
1.7875 0.26427733148778659311
1.7925 0.25799529280203681303
1.7975 0.25192435509486810208
1.8025 0.24605934521847311336
1.8075 0.24039495544190492282
1.8125 0.23492565032842635531
1.8175 0.22964596659070959928
1.8225 0.22455019927697589255
1.8275 0.21963309769977101826
1.8325 0.21488896810382762670
1.8375 0.21031241574365819313
1.8425 0.20589788619360513411
1.8475 0.20164011773021056628
1.8525 0.19753361590804985326
1.8575 0.19357319062964795098
1.8625 0.18975357050822358462
1.8675 0.18606979547986360335
1.8725 0.18251693524065454310
1.8775 0.17909002793641604079
1.8825 0.17578443867331575157
1.8875 0.17259554982460839634
1.8925 0.16951903017748320979
1.8975 0.16655061727572306740
1.9025 0.16368614349485466342
1.9075 0.16092179132283146448
1.9125 0.15825375908929539825
1.9175 0.15567841126913731231
1.9225 0.15319237434239094120
1.9275 0.15079243864608293801
1.9325 0.14847553373161467838
1.9375 0.14623866263458118464
1.9425 0.14407902730307231565
1.9475 0.14199380200549277520
1.9525 0.13998054442986157531
1.9575 0.13803654009725460639
1.9625 0.13615939451591393961
1.9675 0.13434655295278724596
1.9725 0.13259572427306462461
1.9775 0.13090458094622584029
1.9825 0.12927082438740264414
1.9875 0.12769216752009024396
1.9925 0.12616659711091701701
1.9975 0.12469198276364033828
2.0025 0.12326620245823584343
2.0075 0.12188737312247099887
2.0125 0.12055359080440397612
2.0175 0.11926298295913394243
2.0225 0.11801392509031073674
2.0275 0.11680460599480987915
2.0325 0.11563353090030648040
2.0375 0.11449924688657706073
2.0425 0.11340020343405968206
2.0475 0.11233522310262529509
2.0525 0.11130296441999117107
2.0575 0.11030230472811303200
2.0625 0.10933213543174227778
2.0675 0.10839148173555006316
2.0725 0.10747934159789626629
2.0775 0.10659492890593345871
2.0825 0.10573743838601783185
2.0875 0.10490606385741323148
2.0925 0.10410018557119181393
2.0975 0.10331911538284460628
2.1025 0.10256232062162370933
2.1075 0.10182921944527419111
2.1125 0.10111938649745132179
2.1175 0.10043230948345566178
2.1225 0.09976751431089457556
2.1275 0.09912466484784433762
2.1325 0.09850328316806380990
2.1375 0.09790294779033355266
2.1425 0.09732318242024003141
2.1475 0.09676355963564010898
2.1525 0.09622363441141169871
2.1575 0.09570289156169189959
2.1625 0.09520081620897180574
2.1675 0.09471694020347290466
2.1725 0.09425068479357533169
2.1775 0.09380162838142354353
2.1825 0.09336922202940446669
2.1875 0.09295306986918880354
2.1925 0.09255271627704605986
2.1975 0.09216773662901300845
2.2025 0.09179774050397036811
2.2075 0.09144239964069512949
2.2125 0.09110134097329700142
2.2175 0.09077419110416312664
2.2225 0.09046066600315169626
2.2275 0.09016032656120785693
2.2325 0.08987290128377187215
2.2375 0.08959793583812136752
2.2425 0.08933510156725332774
2.2475 0.08908397139890764094
2.2525 0.08884421121700475377
2.2575 0.08861538142926246586
2.2625 0.08839716448807118099
2.2675 0.08818926738904092621
2.2725 0.08799133925350970109
2.2775 0.08780313813193538208
2.2825 0.08762438308220360517
2.2875 0.08745494388907344707
2.2925 0.08729457572883900229
2.2975 0.08714318233708354122
2.3025 0.08700060522781523364
2.3075 0.08686676635645855515
2.3125 0.08674153070567143520
2.3175 0.08662485020221843968
2.3225 0.08651660844892471169
2.3275 0.08641674882039043770
2.3325 0.08632518982425871346
2.3375 0.08624183504850856108
2.3425 0.08616662920821428762
2.3475 0.08609950362531935963
2.3525 0.08604037397365768558
2.3575 0.08598916341600523761
2.3625 0.08594590308522603861
2.3675 0.08591046837532627378
2.3725 0.08588283933726739705
2.3775 0.08586304560057736457
2.3825 0.08585101007154377628
2.3875 0.08584673155218632001
2.3925 0.08585021989830066147
2.3975 0.08586135659758428740
2.4025 0.08588011837792429437
2.4075 0.08590638864451927148
2.4125 0.08594008234073194363
2.4175 0.08598099753799702538
2.4225 0.08602900625242336508
2.4275 0.08608383758884512182
2.4325 0.08614533310572268510
2.4375 0.08621318434503398576
2.4425 0.08628720006413351240
2.4475 0.08636705583060576286
2.4525 0.08645252142168304010
2.4575 0.08654330233818979812
2.4625 0.08663913069283855906
2.4675 0.08673978077854442581
2.4725 0.08684496651007403423
2.4775 0.08695448001499424262
2.4825 0.08706802410154293459
2.4875 0.08718543421822527728
2.4925 0.08730644490623322429
2.4975 0.08743084705727760531
2.5025 0.08755846165443020857
2.5075 0.08768905073934880889
2.5125 0.08782233715479781377
2.5175 0.08795814238220819870
2.5225 0.08809617309142855901
2.5275 0.08823620096832690551
2.5325 0.08837791499600133882
2.5375 0.08852097274757288192
2.5425 0.08866504345727047043
2.5475 0.08880977464549807965
2.5525 0.08895478803613415808
2.5575 0.08909960678212397456
2.5625 0.08924389439148078251
2.5675 0.08938719656108519429
2.5725 0.08952908371974464818
2.5775 0.08966912813458384479
2.5825 0.08980694640419202568
2.5875 0.08994212123321260188
2.5925 0.09007427720006601357
2.5975 0.09020306615584122722
2.6025 0.09032809991821631745
2.6075 0.09044909773515484586
2.6125 0.09056565765528006018
2.6175 0.09067755705435420754
2.6225 0.09078456908069809650
2.6275 0.09088647024192740564
2.6325 0.09098312412659785575
2.6375 0.09107452087275830221
2.6425 0.09116068873956435781
2.6475 0.09124172968314044063
2.6525 0.09131777756306495852
2.6575 0.09138910343470865727
2.6625 0.09145596466911680433
2.6675 0.09151864831121576949
2.6725 0.09157742256918068036
2.6775 0.09163257434656862932
2.6825 0.09168435195544519245
2.6875 0.09173295674693246471
2.6925 0.09177862081710082276
2.6975 0.09182145972727467909
2.7025 0.09186159059042517394
2.7075 0.09189909918233565844
2.7125 0.09193402818203973148
2.7175 0.09196645189128770104
2.7225 0.09199637073138652865
2.7275 0.09202381380359581087
2.7325 0.09204886122030293827
2.7375 0.09207154009575214959
2.7425 0.09209190988126368660
2.7475 0.09211006868890829480
2.7525 0.09212611914912448297
2.7575 0.09214022022967473247
2.7625 0.09215248872173183170
2.7675 0.09216306843158815487
2.7725 0.09217209848992577448
2.7775 0.09217970601989804169
2.7825 0.09218600454812495015
2.7875 0.09219105687123989312
2.7925 0.09219496088188709748
2.7975 0.09219777315811533702
2.8025 0.09219952558711898283
2.8075 0.09220022004951117234
2.8125 0.09219990098061162098
2.8175 0.09219856116546305824
2.8225 0.09219624734242651276
2.8275 0.09219300396726143321
2.8325 0.09218885392185702243
2.8375 0.09218384679928648406
2.8425 0.09217797102166551404
2.8475 0.09217128511477264141
2.8525 0.09216378698401724023
2.8575 0.09215545036416075697
2.8625 0.09214625314189267558
2.8675 0.09213613473584456037
2.8725 0.09212512244207991807
2.8775 0.09211303881768823087
2.8825 0.09209992009776571398
2.8875 0.09208565549236656655
2.8925 0.09207026378204895278
2.8975 0.09205372973239947521
2.9025 0.09203597343806171893
2.9075 0.09201709457349135923
2.9125 0.09199713411691119724
2.9175 0.09197616331604215045
2.9225 0.09195427235268602284
2.9275 0.09193155802253796804
2.9325 0.09190814515906069182
2.9375 0.09188415867727310615
2.9425 0.09185971263118328234
2.9475 0.09183489187614357618
2.9525 0.09180982968757116225
2.9575 0.09178458027464810043
2.9625 0.09175920225518470474
2.9675 0.09173371640187173714
2.9725 0.09170808892571591375
2.9775 0.09168232512734958428
2.9825 0.09165630188193020500
2.9875 0.09162999174579246342
2.9925 0.09160323128997553688
2.9975 0.09157590895484728211
3.0025 0.09154795229311760152
3.0075 0.09151920225431697808
3.0125 0.09148958976146559507
3.0175 0.09145904618037525857
3.0225 0.09142759875293531013
3.0275 0.09139519977368518178
3.0325 0.09136197986723329501
3.0375 0.09132796382808816560
3.0425 0.09129335985431495659
3.0475 0.09125828307968310293
3.0525 0.09122291321260568575
3.0575 0.09118745388142016073
3.0625 0.09115211285995064583
3.0675 0.09111707442781817601
3.0725 0.09108252504761649160
3.0775 0.09104861550935704206
3.0825 0.09101545735800765924
3.0875 0.09098316754438413867
3.0925 0.09095175521135431818
3.0975 0.09092129712112491380
3.1025 0.09089177382294043317
3.1075 0.09086311385657537543
3.1125 0.09083537107117833909
3.1175 0.09080845334420564741
3.1225 0.09078226166396989594
3.1275 0.09075685663854220209
3.1325 0.09073211727617302991
3.1375 0.09070807967196180266
3.1425 0.09068476127483565685
3.1475 0.09066212122699150722
3.1525 0.09064026638799567437
3.1575 0.09061920074408935655
3.1625 0.09059905415699773257
3.1675 0.09057980602381830726
3.1725 0.09056157339110183779
3.1775 0.09054440550147492550
3.1825 0.09052833349533941087
3.1875 0.09051335387928660658
3.1925 0.09049945672654860496
3.1975 0.09048661182393991087
3.2025 0.09047473544536632772
3.2075 0.09046379057630295206
3.2125 0.09045359250534498741
3.2175 0.09044408481216331674
3.2225 0.09043512132614946186
3.2275 0.09042657516658424155
3.2325 0.09041835204560845496
3.2375 0.09041031809700598998
3.2425 0.09040236597596955359
3.2475 0.09039441984899129756
3.2525 0.09038638415677401061
3.2575 0.09037815531572444827
3.2625 0.09036966496003459581
3.2675 0.09036082825360805537
3.2725 0.09035165386601122506
3.2775 0.09034198277250218845
3.2825 0.09033188766814716220
3.2875 0.09032121095015460677
3.2925 0.09031001181291423152
3.2975 0.09029825313530874531
3.3025 0.09028591055878702754
3.3075 0.09027299413402829764
3.3125 0.09025953535686481732
3.3175 0.09024548547849337021
3.3225 0.09023086407987442048
3.3275 0.09021570006125813335
3.3325 0.09019994489462478116
3.3375 0.09018364100610204437
3.3425 0.09016673594679269765
3.3475 0.09014919016887117109
3.3525 0.09013102301790196225
3.3575 0.09011222936599047606
3.3625 0.09009278670697197511
3.3675 0.09007276833532203153
3.3725 0.09005220077712540461
3.3775 0.09003120366346427372
3.3825 0.09000991778700602464
3.3875 0.08998840977694820553
3.3925 0.08996684773297024262
3.3975 0.08994550369154943881
3.4025 0.08992445510770276373
3.4075 0.08990387712721396862
3.4125 0.08988394499455164277
3.4175 0.08986475046539992018
3.4225 0.08984644263824999311
3.4275 0.08982901864898144850
3.4325 0.08981257676824919156
3.4375 0.08979705331434034710
3.4425 0.08978243388969564531
3.4475 0.08976869978750424972
3.4525 0.08975576436788057499
3.4575 0.08974357435589803977
3.4625 0.08973207686722943499
3.4675 0.08972126739729677225
3.4725 0.08971106763264123651
3.4775 0.08970147545177283022
3.4825 0.08969241368063235464
3.4875 0.08968389564181999951
3.4925 0.08967593151416716757
3.4975 0.08966843539601655755
3.5025 0.08966146504670118034
3.5075 0.08965497851485029757
3.5125 0.08964900802322879614
3.5175 0.08964355544695021272
3.5225 0.08963864444846562918
3.5275 0.08963428870784577451
3.5325 0.08963052181435111898
3.5375 0.08962734157132153101
3.5425 0.08962478843086180147
3.5475 0.08962278476610263667
3.5525 0.08962134299241715507
3.5575 0.08962043126368322843
3.5625 0.08961993427349829178
3.5675 0.08961982922316302780
3.5725 0.08961996830954375992
3.5775 0.08962021245641624279
3.5825 0.08962055042417191308
3.5875 0.08962079458697615186
3.5925 0.08962088922518536560
3.5975 0.08962074950528692296
3.6025 0.08962035585647512570
3.6075 0.08961968844382828259
3.6125 0.08961879334225220095
3.6175 0.08961760277786506856
3.6225 0.08961625881437865204
3.6275 0.08961480576658284458
3.6325 0.08961326580729371549
3.6375 0.08961172323876144541
3.6425 0.08961025991274980396
3.6475 0.08960888690809483415
3.6525 0.08960770235782102022
3.6575 0.08960663610542511648
3.6625 0.08960577726439340751
3.6675 0.08960511491800995931
3.6725 0.08960462423607100380
3.6775 0.08960426416322134213
3.6825 0.08960402028523004048
3.6875 0.08960383532185671462
3.6925 0.08960365038819911865
3.6975 0.08960341989299851206
3.7025 0.08960306853657760973
3.7075 0.08960250036320381584
3.7125 0.08960167985132706792
3.7175 0.08960055041492162586
3.7225 0.08959902150551292410
3.7275 0.08959703365933836816
3.7325 0.08959455029734988973
3.7375 0.08959163730833544226
3.7425 0.08958814851474446173
3.7475 0.08958422913463182091
3.7525 0.08957984257812498519
3.7575 0.08957507484498815342
3.7625 0.08957001496224413495
3.7675 0.08956474621032174677
3.7725 0.08955941762319701016
3.7775 0.08955406206568847227
3.7825 0.08954882053928525654
3.7875 0.08954379061970649256
3.7925 0.08953898438789573144
3.7975 0.08953449899769753972
3.8025 0.08953032037894373407
3.8075 0.08952645910909418081
3.8125 0.08952288264919806837
3.8175 0.08951955311285786365
3.8225 0.08951645118610650209
3.8275 0.08951347282774910208
3.8325 0.08951059920498116718
3.8375 0.08950782813190784337
3.8425 0.08950503262062926846
3.8475 0.08950224944908170832
3.8525 0.08949944923284851306
3.8575 0.08949661845177159236
3.8625 0.08949379148098816905
3.8675 0.08949092449206343114
3.8725 0.08948805627524712702
3.8775 0.08948518212073686140
3.8825 0.08948229048648730088
3.8875 0.08947940870187234830
3.8925 0.08947655361503860372
3.8975 0.08947372487651324147
3.9025 0.08947088974387089333
3.9075 0.08946812180021687655
3.9125 0.08946545983718481865
3.9175 0.08946288036629847229
3.9225 0.08946046436093869902
3.9275 0.08945824745579790405
3.9325 0.08945625951173270807
3.9375 0.08945451738699891631
3.9425 0.08945301045024658948
3.9475 0.08945163748966039607
3.9525 0.08945042618310923566
3.9575 0.08944933822607142870
3.9625 0.08944822544621872096
3.9675 0.08944703985198129703
3.9725 0.08944565706146095918
3.9775 0.08944403106552462068
3.9825 0.08944204954530787788
3.9875 0.08943967487229950719
3.9925 0.08943687193390242873
3.9975 0.08943357044614443085
4.0025 0.08942988608598007039
4.0075 0.08942579705944814217
4.0125 0.08942134372341078996
4.0175 0.08941668175773494209
4.0225 0.08941184437946969599
4.0275 0.08940696480531139245
4.0325 0.08940213759939551197
4.0375 0.08939745313522606818
4.0425 0.08939302077932288759
4.0475 0.08938889818553079347
4.0525 0.08938510717579405129
4.0575 0.08938173433207613483
4.0625 0.08937874176047787278
4.0675 0.08937611451625382397
4.0725 0.08937377616326805385
4.0775 0.08937177279835697985
4.0825 0.08936995748977452636
4.0875 0.08936823971373397679
4.0925 0.08936662192196055676
4.0975 0.08936500273326206112
4.1025 0.08936340646377279040
4.1075 0.08936172847699329347
4.1125 0.08935999485076098758
4.1175 0.08935822029829228186
4.1225 0.08935629908688476342
4.1275 0.08935425620196911500
4.1325 0.08935201855545314709
4.1375 0.08934961022001304543
4.1425 0.08934695701130758450
4.1475 0.08934399354806203675
4.1525 0.08934071629108029933
4.1575 0.08933705474295473847
4.1625 0.08933298660584532147
4.1675 0.08932859778611382251
4.1725 0.08932392972805587583
4.1775 0.08931902212893824688
4.1825 0.08931396839154999434
4.1875 0.08930896806625078510
4.1925 0.08930404136774461321
4.1975 0.08929945278898369920
4.2025 0.08929523571374844981
4.2075 0.08929158693749827957
4.2125 0.08928843962201081508
4.2175 0.08928595524032281738
4.2225 0.08928408907725934873
4.2275 0.08928280468771286615
4.2325 0.08928194751612018865
4.2375 0.08928154375580352187
4.2425 0.08928133664788841239
4.2475 0.08928131367947009234
4.2525 0.08928129102544363205
4.2575 0.08928120656463404969
4.2625 0.08928092181675729988
4.2675 0.08928034496611829407
4.2725 0.08927956106362974764
4.2775 0.08927843971857095384
4.2825 0.08927710359306909038
4.2875 0.08927549815004100220
4.2925 0.08927369414586040774
4.2975 0.08927182054308535619
4.3025 0.08926983218096877504
4.3075 0.08926781040588593896
4.3125 0.08926576744048234091
4.3175 0.08926373423788952488
4.3225 0.08926166634389069710
4.3275 0.08925952430210458421
4.3325 0.08925728324678287862
4.3375 0.08925486655553219184
4.3425 0.08925223327076678426
4.3475 0.08924930712007521361
4.3525 0.08924608996546905260
4.3575 0.08924248641661641779
4.3625 0.08923858550401586598
4.3675 0.08923435184345218651
4.3725 0.08922988734487855012
4.3775 0.08922520857101497171
4.3825 0.08922048670222158806
4.3875 0.08921584680305692794
4.3925 0.08921142801734682770
4.3975 0.08920739387299969625
4.4025 0.08920389961812298651
4.4075 0.08920111018267315450
4.4125 0.08919921112236767202
4.4175 0.08919836880237229371
4.4225 0.08919876100408717645
4.4275 0.08920050088299599778
4.4325 0.08920387869388779478
4.4375 0.08920885665175089241
4.4425 0.08921561817267752159
4.4475 0.08922409812301780596
4.4525 0.08923426521503037556
4.4575 0.08924595415392461151
4.4625 0.08925900101248636365
4.4675 0.08927303159555739775
4.4725 0.08928768099554486304
4.4775 0.08930257153541588944
4.4825 0.08931732458297411692
4.4875 0.08933141660463653211
4.4925 0.08934457201612758248
4.4975 0.08935639569709315222
4.5025 0.08936664076425400449
4.5075 0.08937510439783094562
4.5125 0.08938173239191703201
4.5175 0.08938642924853698601
4.5225 0.08938931027756821801
4.5275 0.08939045881535433169
4.5325 0.08938997897748926502
4.5375 0.08938815867639630930
4.5425 0.08938516018583285427
4.5475 0.08938112173345651168
4.5525 0.08937640191431227288
4.5575 0.08937110166104679509
4.5625 0.08936544150512532037
4.5675 0.08935957807181039991
4.5725 0.08935364242836811577
4.5775 0.08934774802790125536
4.5825 0.08934203202548135492
4.5875 0.08933649073616847791
4.5925 0.08933126551588840836
4.5975 0.08932633813032719861
4.6025 0.08932177113153820514
4.6075 0.08931749468798640124
4.6125 0.08931356108826017659
4.6175 0.08931000012361721418
4.6225 0.08930677227901963333
4.6275 0.08930381872008615052
4.6325 0.08930115986742491463
4.6375 0.08929878654404431459
4.6425 0.08929666552295177639
4.6475 0.08929476788251382302
4.6525 0.08929305895428671369
4.6575 0.08929153139673538797
4.6625 0.08929024602027753332
4.6675 0.08928906939859598824
4.6725 0.08928802886787255699
4.6775 0.08928710448584291359
4.6825 0.08928629573775644090
4.6875 0.08928555775929791771
4.6925 0.08928495380411421989
4.6975 0.08928441795468687603
4.7025 0.08928393555754213229
4.7075 0.08928348822492909731
4.7125 0.08928313007741980889
4.7175 0.08928276555336529807
4.7225 0.08928247950545016576
4.7275 0.08928222642640915030
4.7325 0.08928197958757054520
4.7375 0.08928174719621619071
4.7425 0.08928151509576347233
4.7475 0.08928135017384791761
4.7525 0.08928116248909680197
4.7575 0.08928104704671109559
4.7625 0.08928086514731872758
4.7675 0.08928073225710939087
4.7725 0.08928059898862232557
4.7775 0.08928042583032483326
4.7825 0.08928030273604464773
4.7875 0.08928020007664345947
4.7925 0.08928007408302601755
4.7975 0.08927996862495776731
4.8025 0.08927985163964474724
4.8075 0.08927968483597520377
4.8125 0.08927958866665411386
4.8175 0.08927944245535704426
4.8225 0.08927931150576240427
4.8275 0.08927916439186188435
4.8325 0.08927907116119826458
4.8375 0.08927892907015509694
4.8425 0.08927879802047339330
4.8475 0.08927867591720439755
4.8525 0.08927854609381834228
4.8575 0.08927842724983860168
4.8625 0.08927829879139402569
4.8675 0.08927820795951180166
4.8725 0.08927807356447810261
4.8775 0.08927796791566317003
4.8825 0.08927783478207035328
4.8875 0.08927773046814606317
4.8925 0.08927759610993535322
4.8975 0.08927752119660023467
4.9025 0.08927740689301157107
4.9075 0.08927731154747571563
4.9125 0.08927721409978620071
4.9175 0.08927715702768029837
4.9225 0.08927702821927777088
4.9275 0.08927694227325175258
4.9325 0.08927686451144535573
4.9375 0.08927679918462046171
4.9425 0.08927670027857698143
4.9475 0.08927663448310817207
4.9525 0.08927655923323518650
4.9575 0.08927647169751734557
4.9625 0.08927642819591920242
4.9675 0.08927635259925892353
4.9725 0.08927628570271384234
4.9775 0.08927621424738590994
4.9825 0.08927613313250760962
4.9875 0.08927605661434522000
4.9925 0.08927601850145430729
4.9975 0.08927595997777731940
5.0025 0.08927588146909609668
5.0075 0.08927581041419252461
5.0125 0.08927575226520918783
5.0175 0.08927567106813594222
5.0225 0.08927561396927119475
5.0275 0.08927555796453714998
5.0325 0.08927548776880214754
5.0375 0.08927544485009270003
5.0425 0.08927536771363539514
5.0475 0.08927529676379561407
5.0525 0.08927522131647740167
5.0575 0.08927516793842517340
5.0625 0.08927509557704663146
5.0675 0.08927505579191261087
5.0725 0.08927498124201227458
5.0775 0.08927496192141336218
5.0825 0.08927490073516144986
5.0875 0.08927488823985951782
5.0925 0.08927485213863042834
5.0975 0.08927481262572418974
5.1025 0.08927480801557823031
5.1075 0.08927482183993096232
5.1125 0.08927479835211692138
5.1175 0.08927481562612121779
5.1225 0.08927481716760705954
5.1275 0.08927487599151621989
5.1325 0.08927492673114408028
5.1375 0.08927497617399544894
5.1425 0.08927502139356004174
5.1475 0.08927510690919678027
5.1525 0.08927519246012098619
5.1575 0.08927526582303280112
5.1625 0.08927535378688507273
5.1675 0.08927548787178642142
5.1725 0.08927557909637738598
5.1775 0.08927569433822810097
5.1825 0.08927586069334551844
5.1875 0.08927598999619332232
5.1925 0.08927611702846210973
5.1975 0.08927626906518953964
5.2025 0.08927644349125785084
5.2075 0.08927660943151043138
5.2125 0.08927682592100774639
5.2175 0.08927702111110787098
5.2225 0.08927724689768025412
5.2275 0.08927750287829490372
5.2325 0.08927780292681007646
5.2375 0.08927811433758081616
5.2425 0.08927843811190674939
5.2475 0.08927880087973009970
5.2525 0.08927916577942492105
5.2575 0.08927958765918965478
5.2625 0.08928006234596694290
5.2675 0.08928055477402194184
5.2725 0.08928108563710267231
5.2775 0.08928170046605565791
5.2825 0.08928236958959180625
5.2875 0.08928306137287898847
5.2925 0.08928381099375090613
5.2975 0.08928462584993004936
5.3025 0.08928558737373658294
5.3075 0.08928654792340613711
5.3125 0.08928766659905422454
5.3175 0.08928891042001811662
5.3225 0.08929025795786889319
5.3275 0.08929175007832838851
5.3325 0.08929339100816499619
5.3375 0.08929521295722069041
5.3425 0.08929725006754400674
5.3475 0.08929952252095731124
5.3525 0.08930196597996904739
5.3575 0.08930473769027641451
5.3625 0.08930775731478041157
5.3675 0.08931110841391368127
5.3725 0.08931478337709229665
5.3775 0.08931877647761363170
5.3825 0.08932314788581532938
5.3875 0.08932792067732406305
5.3925 0.08933306565268711585
5.3975 0.08933860956431452505
5.4025 0.08934453926536731205
5.4075 0.08935087826481899476
5.4125 0.08935756597964285286
5.4175 0.08936457935759742344
5.4225 0.08937183177608225282
5.4275 0.08937930458068583939
5.4325 0.08938684305119770634
5.4375 0.08939438320591511222
5.4425 0.08940175169247782661
5.4475 0.08940875920822845269
5.4525 0.08941527138841072475
5.4575 0.08942102172809544836
5.4625 0.08942578030870701467
5.4675 0.08942941687116874594
5.4725 0.08943163587758121147
5.4775 0.08943232857348812348
5.4825 0.08943129189628107323
5.4875 0.08942850413040814850
5.4925 0.08942388129749717640
5.4975 0.08941751793964114459
5.5025 0.08940953087723016446
5.5075 0.08940017194130434053
5.5125 0.08938964293544975070
5.5175 0.08937836802434093175
5.5225 0.08936666478696422833
5.5275 0.08935497849353077338
5.5325 0.08934364231133981593
5.5375 0.08933295714556920009
5.5425 0.08932326017310242283
5.5475 0.08931478272165381538
5.5525 0.08930760870754518577
5.5575 0.08930181577658041769
5.5625 0.08929744265738180642
5.5675 0.08929435919556343026
5.5725 0.08929252556999763002
5.5775 0.08929174107555824802
5.5825 0.08929190794273175746
5.5875 0.08929277546638407503
5.5925 0.08929417856949239951
5.5975 0.08929597878624892515
5.6025 0.08929794386515675642
5.6075 0.08929993211753287086
5.6125 0.08930186185954044897
5.6175 0.08930363629175487594
5.6225 0.08930508391943522972
5.6275 0.08930637889600034907
5.6325 0.08930728384413484655
5.6375 0.08930787650896664098
5.6425 0.08930809893241524466
5.6475 0.08930801539744381845
5.6525 0.08930760828670630813
5.6575 0.08930686320538008816
5.6625 0.08930585250786275686
5.6675 0.08930453787725170511
5.6725 0.08930300260018100844
5.6775 0.08930117492632025367
5.6825 0.08929920537800545288
5.6875 0.08929703866714057414
5.6925 0.08929480709446373232
5.6975 0.08929258180648562415
5.7025 0.08929044898941411457
5.7075 0.08928850987695774455
5.7125 0.08928691808585505207
5.7175 0.08928582294731637892
5.7225 0.08928526963126169613
5.7275 0.08928550840835966507
5.7325 0.08928652647868304260
5.7375 0.08928852026297345867
5.7425 0.08929150303019550705
5.7475 0.08929552234351431639
5.7525 0.08930063738374847959
5.7575 0.08930685715011382753
5.7625 0.08931406635243956116
5.7675 0.08932224071225886020
5.7725 0.08933134837948268625
5.7775 0.08934120524252371631
5.7825 0.08935176887758504438
5.7875 0.08936279961950720219
5.7925 0.08937424422261602830
5.7975 0.08938580762636025301
5.8025 0.08939741325202424371
5.8075 0.08940884891464323525
5.8125 0.08941991432302444365
5.8175 0.08943045888793493825
5.8225 0.08944033972652792874
5.8275 0.08944942426218076281
5.8325 0.08945764948940106154
5.8375 0.08946486923986377016
5.8425 0.08947105044183795153
5.8475 0.08947618777291795056
5.8525 0.08948026304075061554
5.8575 0.08948330477015054019
5.8625 0.08948530869709823976
5.8675 0.08948639683784707921
5.8725 0.08948652443819400670
5.8775 0.08948577898744058956
5.8825 0.08948421810287753020
5.8875 0.08948185811214209862
5.8925 0.08947874400781627435
5.8975 0.08947498217811092336
5.9025 0.08947062394605469204
5.9075 0.08946580295378664394
5.9125 0.08946063241408840072
5.9175 0.08945522568884206605
5.9225 0.08944975137762703477
5.9275 0.08944432316655551163
5.9325 0.08943911591928092875
5.9375 0.08943421842268595157
5.9425 0.08942976372170431676
5.9475 0.08942581106091709864
5.9525 0.08942247999247196488
5.9575 0.08941971904147850980
5.9625 0.08941754303867630038
5.9675 0.08941593763960586916
5.9725 0.08941484922720110973
5.9775 0.08941420757032787769
5.9825 0.08941388624151407061
5.9875 0.08941389029216653683
5.9925 0.08941408829593040786
5.9975 0.08941439212356791510
6.0025 0.08941476670798634285
6.0075 0.08941511744206481760
6.0125 0.08941552352260259684
6.0175 0.08941578790920799713
6.0225 0.08941603673886631964
6.0275 0.08941624939281377082
6.0325 0.08941645401629531864
6.0375 0.08941670272953081144
6.0425 0.08941700733585475347
6.0475 0.08941742276944028567
6.0525 0.08941811287154005639
6.0575 0.08941902445690702583
6.0625 0.08942016350212363129
6.0675 0.08942163748526124611
6.0725 0.08942335712782785440
6.0775 0.08942533129160833150
6.0825 0.08942747274277720870
6.0875 0.08942964670317767040
6.0925 0.08943184876024419527
6.0975 0.08943402503043038076
6.1025 0.08943612392963008750
6.1075 0.08943817398832754062
6.1125 0.08944016507590929477
6.1175 0.08944213500455473753
6.1225 0.08944419402397266183
6.1275 0.08944638514407314556
6.1325 0.08944881436256323093
6.1375 0.08945151677632322273
6.1425 0.08945455853433477433
6.1475 0.08945801618881002448
6.1525 0.08946193382229426783
6.1575 0.08946625734500088245
6.1625 0.08947099366444724589
6.1675 0.08947606952126445357
6.1725 0.08948146167237545912
6.1775 0.08948702899185281834
6.1825 0.08949271371389150298
6.1875 0.08949840668486991335
6.1925 0.08950399283442377063
6.1975 0.08950937462933776512
6.2025 0.08951446534605245198
6.2075 0.08951914452743806039
6.2125 0.08952342202689086981
6.2175 0.08952720436796116066
6.2225 0.08953050931052465577
6.2275 0.08953336445306422919
6.2325 0.08953575349381867610
6.2375 0.08953767825725883478
6.2425 0.08953926655368574239
6.2475 0.08954058210819547392
6.2525 0.08954159338201514440
6.2575 0.08954245429936737166
6.2625 0.08954319532086506273
6.2675 0.08954380640688971993
6.2725 0.08954438443907164480
6.2775 0.08954495612898646928
6.2825 0.08954555197010931333
6.2875 0.08954624799422115922
6.2925 0.08954704954976527853
6.2975 0.08954807738224013214
6.3025 0.08954930422249977873
6.3075 0.08955081863599008429
6.3125 0.08955263365736972070
6.3175 0.08955487555782133680
6.3225 0.08955752218335964743
6.3275 0.08956063834713862137
6.3325 0.08956419750092216303
6.3375 0.08956818181772732701
6.3425 0.08957258678651859596
6.3475 0.08957730304717524683
6.3525 0.08958233001028073628
6.3575 0.08958757281497814473
6.3625 0.08959290155503844832
6.3675 0.08959823809255962335
6.3725 0.08960342922073327721
6.3775 0.08960839810621212820
6.3825 0.08961302419375029304
6.3875 0.08961716926029901498
6.3925 0.08962085257020478701
6.3975 0.08962396817338173782
6.4025 0.08962646912418824330
6.4075 0.08962836686866416935
6.4125 0.08962972242450596705
6.4175 0.08963047193855205874
6.4225 0.08963081657543772729
6.4275 0.08963069380927268792
6.4325 0.08963027295977925302
6.4375 0.08962961705801766876
6.4425 0.08962880639100107016
6.4475 0.08962797463452525093
6.4525 0.08962721579061019850
6.4575 0.08962656056802488502
6.4625 0.08962612465939896744
6.4675 0.08962596998315149055
6.4725 0.08962621617836860621
6.4775 0.08962690759550503983
6.4825 0.08962815936604402733
6.4875 0.08963004457669024316
6.4925 0.08963265671059787720
6.4975 0.08963607172162164904
6.5025 0.08964043923397473079
6.5075 0.08964573330355707359
6.5125 0.08965207267508726319
6.5175 0.08965947938644591719
6.5225 0.08966792546639526518
6.5275 0.08967742710270541762
6.5325 0.08968792977793410559
6.5375 0.08969931589004180583
6.5425 0.08971153296180017778
6.5475 0.08972442342722333763
6.5525 0.08973796365488256876
6.5575 0.08975204321541468966
6.5625 0.08976652919310719458
6.5675 0.08978141262024039171
6.5725 0.08979661638833393023
6.5775 0.08981213951257621675
6.5825 0.08982789005798007265
6.5875 0.08984394302739864835
6.5925 0.08986027705328758497
6.5975 0.08987691717037613048
6.6025 0.08989383870526924947
6.6075 0.08991110265023044557
6.6125 0.08992866071447494503
6.6175 0.08994648128314336466
6.6225 0.08996450341375189508
6.6275 0.08998263912962060906
6.6325 0.09000083306215912737
6.6375 0.09001901292230317375
6.6425 0.09003707260407665947
6.6475 0.09005490725118008022
6.6525 0.09007246655551916226
6.6575 0.09008963791507756946
6.6625 0.09010640828320454210
6.6675 0.09012276376191476202
6.6725 0.09013870783795702168
6.6775 0.09015419208851060962
6.6825 0.09016934349337937804
6.6875 0.09018414900778530530
6.6925 0.09019864364288950054
6.6975 0.09021285504690175483
6.7025 0.09022685519027602574
6.7075 0.09024066460705594539
6.7125 0.09025432095343689787
6.7175 0.09026788778337857533
6.7225 0.09028136016617906157
6.7275 0.09029473168713300635
6.7325 0.09030811752656202340
6.7375 0.09032155206100885014
6.7425 0.09033504599604313956
6.7475 0.09034867527994924763
6.7525 0.09036241394478722322
6.7575 0.09037637804840997768
6.7625 0.09039051081276155974
6.7675 0.09040485607101005072
6.7725 0.09041943273275773740
6.7775 0.09043425374781734194
6.7825 0.09044928758758893905
6.7875 0.09046457307952814053
6.7925 0.09048009378159779792
6.7975 0.09049582950931195358
6.8025 0.09051180568552383288
6.8075 0.09052794684991900820
6.8125 0.09054422968867538446
6.8175 0.09056062492841432388
6.8225 0.09057714279959842851
6.8275 0.09059366203964171194
6.8325 0.09061022938113834357
6.8375 0.09062674661169124735
6.8425 0.09064333422599518686
6.8475 0.09065995131286759545
6.8525 0.09067671246831719711
6.8575 0.09069367705648770372
6.8625 0.09071102579902316776
6.8675 0.09072884157155858276
6.8725 0.09074730023699725812
6.8775 0.09076657763717727034
6.8825 0.09078676327543840074
6.8875 0.09080798005755710833
6.8925 0.09083029179842443124
6.8975 0.09085376072650211410
6.9025 0.09087842771256571250
6.9075 0.09090421730334956318
6.9125 0.09093105016914991567
6.9175 0.09095894251267046260
6.9225 0.09098775410561209254
6.9275 0.09101738057534373982
6.9325 0.09104769700022989631
6.9375 0.09107863497951221299
6.9425 0.09111008058715326652
6.9475 0.09114200865675067820
6.9525 0.09117430684693142440
6.9575 0.09120696397498320729
6.9625 0.09123994493101358905
6.9675 0.09127320751109863073
6.9725 0.09130676278930542622
6.9775 0.09134053160813632166
6.9825 0.09137449360808234944
6.9875 0.09140863855662784143
6.9925 0.09144286816946060881
6.9975 0.09147715011008257513
7.0025 0.09151137428447687905
7.0075 0.09154551746933835277
7.0125 0.09157944250825773846
7.0175 0.09161312010982465559
7.0225 0.09164644164538285342
7.0275 0.09167931285760780313
7.0325 0.09171164346476551321
7.0375 0.09174334438832447425
7.0425 0.09177434493993336106
7.0475 0.09180448896531544223
7.0525 0.09183378244246220845
7.0575 0.09186201781285156798
7.0625 0.09188915837718861224
7.0675 0.09191517897194070863
7.0725 0.09193994764784745033
7.0775 0.09196348986246645485
7.0825 0.09198573272654236854
7.0875 0.09200668449728356679
7.0925 0.09202637746061684276
7.0975 0.09204480518717776671
7.1025 0.09206199338453066594
7.1075 0.09207795760202701352
7.1125 0.09209278288626530917
7.1175 0.09210644282469666877
7.1225 0.09211901543535734593
7.1275 0.09213052495418729004
7.1325 0.09214102235921629858
7.1375 0.09215051051774535151
7.1425 0.09215906233931639435
7.1475 0.09216671047571910191
7.1525 0.09217345138778451630
7.1575 0.09217931720770175530
7.1625 0.09218429989724245821
7.1675 0.09218848116951970650
7.1725 0.09219180564061120464
7.1775 0.09219431475753092631
7.1825 0.09219594765169181194
7.1875 0.09219670962281335813
7.1925 0.09219663090563275099
7.1975 0.09219564222186119040
7.2025 0.09219379865004345698
7.2075 0.09219102167495243916
7.2125 0.09218732356336091505
7.2175 0.09218263972720956712
7.2225 0.09217691064627432651
7.2275 0.09217013013860202164
7.2325 0.09216214928963602226
7.2375 0.09215290944728091183
7.2425 0.09214226039622606945
7.2475 0.09213013738116979101
7.2525 0.09211641784901206109
7.2575 0.09210096332323838841
7.2625 0.09208366276822475827
7.2675 0.09206438177768656861
7.2725 0.09204301280005175445
7.2775 0.09201940547598190523
7.2825 0.09199347047389969112
7.2875 0.09196502761322605801
7.2925 0.09193397223474791824
7.2975 0.09190018223729691516
7.3025 0.09186346565475213277
7.3075 0.09182370431504977004
7.3125 0.09178076007750217424
7.3175 0.09173446716138891621
7.3225 0.09168468277693103685
7.3275 0.09163125277706406224
7.3325 0.09157400917768190873
7.3375 0.09151282921158972183
7.3425 0.09144761937983249267
7.3475 0.09137818955947916988
7.3525 0.09130446107313780479
7.3575 0.09122631885356503878
7.3625 0.09114363103084013873
7.3675 0.09105637111009858009
7.3725 0.09096444195076187900
7.3775 0.09086787331972308313
7.3825 0.09076665465671956978
7.3875 0.09066088346687654898
7.3925 0.09055065586787347520
7.3975 0.09043613550165967296
7.4025 0.09031756760934871175
7.4075 0.09019514497312824952
7.4125 0.09006924836926744060
7.4175 0.08994019040255657460
7.4225 0.08980835461453713642
7.4275 0.08967418490609696535
7.4325 0.08953812422748742839
7.4375 0.08940058644976389690
7.4425 0.08926208147371972323
7.4475 0.08912315154451679045
7.4525 0.08898421770639805550
7.4575 0.08884581214368397761
7.4625 0.08870838769400286872
7.4675 0.08857240367218109645
7.4725 0.08843822223255774773
7.4775 0.08830620958453136438
7.4825 0.08817664758560940508
7.4875 0.08804979745278607162
7.4925 0.08792586500919885584
7.4975 0.08780494330937971270
7.5025 0.08768719177706409129
7.5075 0.08757265049442071458
7.5125 0.08746142867602418880
7.5175 0.08735355837639457999
7.5225 0.08724907407090232159
7.5275 0.08714812297495809490
7.5325 0.08705070778966657319
7.5375 0.08695700972293331221
7.5425 0.08686712784080921623
7.5475 0.08678131428152202620
7.5525 0.08669974529184874823
7.5575 0.08662273007023703342
7.5625 0.08655053324149143690
7.5675 0.08648348015811596623
7.5725 0.08642189172684128229
7.5775 0.08636612251257116957
7.5825 0.08631646557858031754
7.5875 0.08627320801038701470
7.5925 0.08623658160198602318
7.5975 0.08620680477072152625
7.6025 0.08618402493528724839
7.6075 0.08616829614986711017
7.6125 0.08615965264974104199
7.6175 0.08615804364011479810
7.6225 0.08616344593443693578
7.6275 0.08617581033805765678
7.6325 0.08619513718623020293
7.6375 0.08622138200220673399
7.6425 0.08625465956282411806
7.6475 0.08629508607707141177
7.6525 0.08634291345092040548
7.6575 0.08639842148603504857
7.6625 0.08646192867526730774
7.6675 0.08653382265752718183
7.6725 0.08661445806080578236
7.6775 0.08670425134270295930
7.6825 0.08680351663430416198
7.6875 0.08691256194803939628
7.6925 0.08703165746946139869
7.6975 0.08716095244944453702
7.7025 0.08730062099024629707
7.7075 0.08745071700078915766
7.7125 0.08761131897189994300
7.7175 0.08778243084752335168
7.7225 0.08796412647806210738
7.7275 0.08815637256007247125
7.7325 0.08835929614644251473
7.7375 0.08857294434564770558
7.7425 0.08879755181736194436
7.7475 0.08903331848335901966
7.7525 0.08928056901801795231
7.7575 0.08953967492316268484
7.7625 0.08981112285698314435
7.7675 0.09009535324995555927
7.7725 0.09039292394394238261
7.7775 0.09070439651737093045
7.7825 0.09103032792092946579
7.7875 0.09137126962691727305
7.7925 0.09172766602276205550
7.7975 0.09209995584998767471
7.8025 0.09248856584733793074
7.8075 0.09289367312491290940
7.8125 0.09331547951909595351
7.8175 0.09375404492834596426
7.8225 0.09420941495321259740
7.8275 0.09468149760888222577
7.8325 0.09517016320218106562
7.8375 0.09567543147118881541
7.8425 0.09619721043560292006
7.8475 0.09673557398400818574
7.8525 0.09729078026697043913
7.8575 0.09786304309528792711
7.8625 0.09845292232028103607
7.8675 0.09906095372569101443
7.8725 0.09968786442231059031
7.8775 0.10033450644057584356
7.8825 0.10100168946543722215
7.8875 0.10169037782387481406
7.8925 0.10240140346732846954
7.8975 0.10313573901824468759
7.9025 0.10389424510804504131
7.9075 0.10467775645339112700
7.9125 0.10548708446012228235
7.9175 0.10632297744407752382
7.9225 0.10718621265317974933
7.9275 0.10807752629828447366
7.9325 0.10899769934180876529
7.9375 0.10994742038205118639
7.9425 0.11092744998730220962
7.9475 0.11193864031394447356
7.9525 0.11298178042876855232
7.9575 0.11405774355201508952
7.9625 0.11516742896124883277
7.9675 0.11631179653766564319
7.9725 0.11749191945996502462
7.9775 0.11870888543157777362
7.9825 0.11996379294380848934
7.9875 0.12125801365872988791
7.9925 0.12259287023058876298
7.9975 0.12396989746905659469
8.0025 0.12539068698120847678
8.0075 0.12685693436076608820
8.0125 0.12837064261236311169
8.0175 0.12993383394098853567
8.0225 0.13154873097055302944
8.0275 0.13321764542725189617
8.0325 0.13494306247282597533
8.0375 0.13672747305024432474
8.0425 0.13857363359620822330
8.0475 0.14048417435802174058
8.0525 0.14246193717796643008
8.0575 0.14450983126340685714
8.0625 0.14663076158460314202
8.0675 0.14882782200579783294
8.0725 0.15110414077762857055
8.0775 0.15346288908435073983
8.0825 0.15590741555296719345
8.0875 0.15844110782235951151
8.0925 0.16106759220114724718
8.0975 0.16379056091178584298
8.1025 0.16661379078921906283
8.1075 0.16954133075310687251
8.1125 0.17257729449396053134
8.1175 0.17572604352905579761
8.1225 0.17899212977008963077
8.1275 0.18238036190651790713
8.1325 0.18589561395349396555
8.1375 0.18954304132436350372
8.1425 0.19332792964988396167
8.1475 0.19725573874214016867
8.1525 0.20133207486187815194
8.1575 0.20556252640588540403
8.1625 0.20995291531740695179
8.1675 0.21450885759188961788
8.1725 0.21923602317700738307
8.1775 0.22414017708357211744
8.1825 0.22922665428923322262
8.1875 0.23450097274632017430
8.1925 0.23996820037512836543
8.1975 0.24563338739836601543
8.2025 0.25150133536568219927
8.2075 0.25757637135588917765
8.2125 0.26386274102228807203
8.2175 0.27036410051273829236
8.2225 0.27708384174913264220
8.2275 0.28402462346430029649
8.2325 0.29118864910953878855
8.2375 0.29857736243219046290
8.2425 0.30619135281451426156
8.2475 0.31403040187528113991
8.2525 0.32209306124379777359
8.2575 0.33037661186894046184
8.2625 0.33887681063774721668
8.2675 0.34758710052497193699
8.2725 0.35649908240494054823
8.2775 0.36560146714304109228
8.2825 0.37487939694671651436
8.2875 0.38431490806043461239
8.2925 0.39388549882183304662
8.2975 0.40356354711286573922
8.3025 0.41331634219996399304
8.3075 0.42310493231900209166
8.3125 0.43288415340061647818
8.3175 0.44260118533228542947
8.3225 0.45219578343095556683
8.3275 0.46160012081079920820
8.3325 0.47073704916168385148
8.3375 0.47952114364603026786
8.3425 0.48785738288078223102
8.3475 0.49564225428659092199
8.3525 0.50276277565346749743
8.3575 0.50909731068754271455
8.3625 0.51451591494125936688
8.3675 0.51888115935229961462
8.3725 0.52204966752806747365
8.3775 0.52387327425924579138
8.3825 0.52420085844748165460
8.3875 0.52288229818473208610
8.3925 0.51977077129037108083
8.3975 0.51472738589947075738
8.4025 0.50762573547763045756
8.4075 0.49835774367460383694
8.4125 0.48683972347535797720
8.4175 0.47301886170549672928
8.4225 0.45688076128701093914
8.4275 0.43845629512579892273
8.4325 0.41782866510323407594
8.4375 0.39513848165825976588
8.4425 0.37058728508614996455
8.4475 0.34443800649142491954
8.4525 0.31701201720755894931
8.4575 0.28868326108031838739
8.4625 0.25986875942102699577
8.4675 0.23101784129834884718
8.4725 0.20259766499238271442
8.4775 0.17507718892472354244
8.4825 0.14890681948282200042
8.4875 0.12449460843857361458
8.4925 0.10218110516169372215
8.4975 0.08221718315695519808
8.5025 0.06475030810706158824
8.5075 0.04982273493106204043
8.5125 0.03737948626214251252
8.5175 0.02728190673197396915
8.5225 0.01932332036145260890
8.5275 0.01324670541654641466
8.5325 0.00876446870124941366
8.5375 0.00557976687237874466
8.5425 0.00340687093045879616
8.5475 0.00198793057079623813
8.5525 0.00110427851690703149
8.5575 0.00058152527572116134
8.5625 0.00028899742023997187
8.5675 0.00013486670118853910
8.5725 0.00005878447033327759
8.5775 0.00002379160973795772
8.5825 0.00000888424137160270
8.5875 0.00000303976329000620
8.5925 0.00000000000000000000
8.5975 0.00000000000000000000
8.6025 0.00000000000000000000
8.6075 0.00000000000000000000
8.6125 0.00000000000000000000
8.6175 0.00000000000000000000
8.6225 0.00000000000000000000
8.6275 0.00000000000000000000
8.6325 0.00000000000000000000
8.6375 0.00000000000000000000
8.6425 0.00000000000000000000
8.6475 0.00000000000000000000
8.6525 0.00000000000000000000
8.6575 0.00000000000000000000
8.6625 0.00000000000000000000
8.6675 0.00000000000000000000
8.6725 0.00000000000000000000
8.6775 0.00000000000000000000
8.6825 0.00000000000000000000
8.6875 0.00000000000000000000
8.6925 0.00000000000000000000
8.6975 0.00000000000000000000
8.7025 0.00000000000000000000
8.7075 0.00000000000000000000
8.7125 0.00000000000000000000
8.7175 0.00000000000000000000
8.7225 0.00000000000000000000
8.7275 0.00000000000000000000
8.7325 0.00000000000000000000
8.7375 0.00000000000000000000
8.7425 0.00000000000000000000
8.7475 0.00000000000000000000
8.7525 0.00000000000000000000
8.7575 0.00000000000000000000
8.7625 0.00000000000000000000
8.7675 0.00000000000000000000
8.7725 0.00000000000000000000
8.7775 0.00000000000000000000
8.7825 0.00000000000000000000
8.7875 0.00000000000000000000
8.7925 0.00000000000000000000
8.7975 0.00000000000000000000
8.8025 0.00000000000000000000
8.8075 0.00000000000000000000
8.8125 0.00000000000000000000
8.8175 0.00000000000000000000
8.8225 0.00000000000000000000
8.8275 0.00000000000000000000
8.8325 0.00000000000000000000
8.8375 0.00000000000000000000
8.8425 0.00000000000000000000
8.8475 0.00000000000000000000
8.8525 0.00000000000000000000
8.8575 0.00000000000000000000
8.8625 0.00000000000000000000
8.8675 0.00000000000000000000
8.8725 0.00000000000000000000
8.8775 0.00000000000000000000
8.8825 0.00000000000000000000
8.8875 0.00000000000000000000
8.8925 0.00000000000000000000
8.8975 0.00000000000000000000
8.9025 0.00000000000000000000
8.9075 0.00000000000000000000
8.9125 0.00000000000000000000
8.9175 0.00000000000000000000
8.9225 0.00000000000000000000
8.9275 0.00000000000000000000
8.9325 0.00000000000000000000
8.9375 0.00000000000000000000
8.9425 0.00000000000000000000
8.9475 0.00000000000000000000
8.9525 0.00000000000000000000
8.9575 0.00000000000000000000
8.9625 0.00000000000000000000
8.9675 0.00000000000000000000
8.9725 0.00000000000000000000
8.9775 0.00000000000000000000
8.9825 0.00000000000000000000
8.9875 0.00000000000000000000
8.9925 0.00000000000000000000
8.9975 0.00000000000000000000
9.0025 0.00000000000000000000
9.0075 0.00000000000000000000
9.0125 0.00000000000000000000
9.0175 0.00000000000000000000
9.0225 0.00000000000000000000
9.0275 0.00000000000000000000
9.0325 0.00000000000000000000
9.0375 0.00000000000000000000
9.0425 0.00000000000000000000
9.0475 0.00000000000000000000
9.0525 0.00000000000000000000
9.0575 0.00000000000000000000
9.0625 0.00000000000000000000
9.0675 0.00000000000000000000
9.0725 0.00000000000000000000
9.0775 0.00000000000000000000
9.0825 0.00000000000000000000
9.0875 0.00000000000000000000
9.0925 0.00000000000000000000
9.0975 0.00000000000000000000
9.1025 0.00000000000000000000
9.1075 0.00000000000000000000
9.1125 0.00000000000000000000
9.1175 0.00000000000000000000
9.1225 0.00000000000000000000
9.1275 0.00000000000000000000
9.1325 0.00000000000000000000
9.1375 0.00000000000000000000
9.1425 0.00000000000000000000
9.1475 0.00000000000000000000
9.1525 0.00000000000000000000
9.1575 0.00000000000000000000
9.1625 0.00000000000000000000
9.1675 0.00000000000000000000
9.1725 0.00000000000000000000
9.1775 0.00000000000000000000
9.1825 0.00000000000000000000
9.1875 0.00000000000000000000
9.1925 0.00000000000000000000
9.1975 0.00000000000000000000
9.2025 0.00000000000000000000
9.2075 0.00000000000000000000
9.2125 0.00000000000000000000
9.2175 0.00000000000000000000
9.2225 0.00000000000000000000
9.2275 0.00000000000000000000
9.2325 0.00000000000000000000
9.2375 0.00000000000000000000
9.2425 0.00000000000000000000
9.2475 0.00000000000000000000
9.2525 0.00000000000000000000
9.2575 0.00000000000000000000
9.2625 0.00000000000000000000
9.2675 0.00000000000000000000
9.2725 0.00000000000000000000
9.2775 0.00000000000000000000
9.2825 0.00000000000000000000
9.2875 0.00000000000000000000
9.2925 0.00000000000000000000
9.2975 0.00000000000000000000
9.3025 0.00000000000000000000
9.3075 0.00000000000000000000
9.3125 0.00000000000000000000
9.3175 0.00000000000000000000
9.3225 0.00000000000000000000
9.3275 0.00000000000000000000
9.3325 0.00000000000000000000
9.3375 0.00000000000000000000
9.3425 0.00000000000000000000
9.3475 0.00000000000000000000
9.3525 0.00000000000000000000
9.3575 0.00000000000000000000
9.3625 0.00000000000000000000
9.3675 0.00000000000000000000
9.3725 0.00000000000000000000
9.3775 0.00000000000000000000
9.3825 0.00000000000000000000
9.3875 0.00000000000000000000
9.3925 0.00000000000000000000
9.3975 0.00000000000000000000
9.4025 0.00000000000000000000
9.4075 0.00000000000000000000
9.4125 0.00000000000000000000
9.4175 0.00000000000000000000
9.4225 0.00000000000000000000
9.4275 0.00000000000000000000
9.4325 0.00000000000000000000
9.4375 0.00000000000000000000
9.4425 0.00000000000000000000
9.4475 0.00000000000000000000
9.4525 0.00000000000000000000
9.4575 0.00000000000000000000
9.4625 0.00000000000000000000
9.4675 0.00000000000000000000
9.4725 0.00000000000000000000
9.4775 0.00000000000000000000
9.4825 0.00000000000000000000
9.4875 0.00000000000000000000
9.4925 0.00000000000000000000
9.4975 0.00000000000000000000
9.5025 0.00000000000000000000
9.5075 0.00000000000000000000
9.5125 0.00000000000000000000
9.5175 0.00000000000000000000
9.5225 0.00000000000000000000
9.5275 0.00000000000000000000
9.5325 0.00000000000000000000
9.5375 0.00000000000000000000
9.5425 0.00000000000000000000
9.5475 0.00000000000000000000
9.5525 0.00000000000000000000
9.5575 0.00000000000000000000
9.5625 0.00000000000000000000
9.5675 0.00000000000000000000
9.5725 0.00000000000000000000
9.5775 0.00000000000000000000
9.5825 0.00000000000000000000
9.5875 0.00000000000000000000
9.5925 0.00000000000000000000
9.5975 0.00000000000000000000
9.6025 0.00000000000000000000
9.6075 0.00000000000000000000
9.6125 0.00000000000000000000
9.6175 0.00000000000000000000
9.6225 0.00000000000000000000
9.6275 0.00000000000000000000
9.6325 0.00000000000000000000
9.6375 0.00000000000000000000
9.6425 0.00000000000000000000
9.6475 0.00000000000000000000
9.6525 0.00000000000000000000
9.6575 0.00000000000000000000
9.6625 0.00000000000000000000
9.6675 0.00000000000000000000
9.6725 0.00000000000000000000
9.6775 0.00000000000000000000
9.6825 0.00000000000000000000
9.6875 0.00000000000000000000
9.6925 0.00000000000000000000
9.6975 0.00000000000000000000
9.7025 0.00000000000000000000
9.7075 0.00000000000000000000
9.7125 0.00000000000000000000
9.7175 0.00000000000000000000
9.7225 0.00000000000000000000
9.7275 0.00000000000000000000
9.7325 0.00000000000000000000
9.7375 0.00000000000000000000
9.7425 0.00000000000000000000
9.7475 0.00000000000000000000
9.7525 0.00000000000000000000
9.7575 0.00000000000000000000
9.7625 0.00000000000000000000
9.7675 0.00000000000000000000
9.7725 0.00000000000000000000
9.7775 0.00000000000000000000
9.7825 0.00000000000000000000
9.7875 0.00000000000000000000
9.7925 0.00000000000000000000
9.7975 0.00000000000000000000
9.8025 0.00000000000000000000
9.8075 0.00000000000000000000
9.8125 0.00000000000000000000
9.8175 0.00000000000000000000
9.8225 0.00000000000000000000
9.8275 0.00000000000000000000
9.8325 0.00000000000000000000
9.8375 0.00000000000000000000
9.8425 0.00000000000000000000
9.8475 0.00000000000000000000
9.8525 0.00000000000000000000
9.8575 0.00000000000000000000
9.8625 0.00000000000000000000
9.8675 0.00000000000000000000
9.8725 0.00000000000000000000
9.8775 0.00000000000000000000
9.8825 0.00000000000000000000
9.8875 0.00000000000000000000
9.8925 0.00000000000000000000
9.8975 0.00000000000000000000
9.9025 0.00000000000000000000
9.9075 0.00000000000000000000
9.9125 0.00000000000000000000
9.9175 0.00000000000000000000
9.9225 0.00000000000000000000
9.9275 0.00000000000000000000
9.9325 0.00000000000000000000
9.9375 0.00000000000000000000
9.9425 0.00000000000000000000
9.9475 0.00000000000000000000
9.9525 0.00000000000000000000
9.9575 0.00000000000000000000
9.9625 0.00000000000000000000
9.9675 0.00000000000000000000
9.9725 0.00000000000000000000
9.9775 0.00000000000000000000
9.9825 0.00000000000000000000
9.9875 0.00000000000000000000
9.9925 0.00000000000000000000
9.9975 0.00000000000000000000
