,loss,mean_absolute_error,val_loss,val_mean_absolute_error,learning_rate
0,0.15172544121742249,0.198960080742836,0.12680386006832123,0.15839622914791107,0.0010000000474974513
1,0.12222900986671448,0.1586281806230545,0.12336484342813492,0.15961718559265137,0.0010000000474974513
2,0.1145714595913887,0.1489802449941635,0.10947468131780624,0.1403605192899704,0.0010000000474974513
3,0.10260104387998581,0.13818809390068054,0.11178253591060638,0.13484007120132446,0.0010000000474974513
4,0.10100160539150238,0.13529177010059357,0.11076975613832474,0.1367681920528412,0.0010000000474974513
5,0.09984280169010162,0.13284794986248016,0.11345090717077255,0.13589520752429962,0.0010000000474974513
6,0.0987195149064064,0.13087427616119385,0.10927397012710571,0.13138805329799652,0.0009500000160187483
7,0.09684810042381287,0.12810169160366058,0.11124655604362488,0.131552055478096,0.0009025000035762787
8,0.09429137408733368,0.12584005296230316,0.11779110878705978,0.1300666630268097,0.0008573749801144004
9,0.09250642359256744,0.12383505702018738,0.11322429031133652,0.14431996643543243,0.0008145062020048499
10,0.09133486449718475,0.12224837392568588,0.11711124330759048,0.13086287677288055,0.000773780862800777
11,0.09055276215076447,0.12098357826471329,0.11638730764389038,0.13179190456867218,0.0007350918021984398
12,0.08993478119373322,0.12001918256282806,0.11340568959712982,0.13076291978359222,0.0006983372149989009
13,0.08938682079315186,0.11870630830526352,0.11385984718799591,0.12834207713603973,0.0006634203600697219
14,0.0890040248632431,0.11793820559978485,0.11177792400121689,0.12796932458877563,0.0006302493275143206
15,0.08865758776664734,0.11716867238283157,0.11003084480762482,0.12726247310638428,0.0005987368640489876
16,0.08830686658620834,0.11629055440425873,0.11101918667554855,0.12965206801891327,0.0005688000237569213
17,0.08805914968252182,0.11581005156040192,0.11169926077127457,0.1285785585641861,0.0005403599934652448
18,0.08774763345718384,0.11520379781723022,0.10992849618196487,0.12821225821971893,0.0005133419763296843
19,0.08746826648712158,0.1144634261727333,0.10949978977441788,0.1267501413822174,0.00048767487169243395
20,0.0872456356883049,0.1141805648803711,0.11203821003437042,0.12831808626651764,0.0004632911295630038
21,0.08701103925704956,0.11363139003515244,0.10948951542377472,0.12572206556797028,0.00044012657599523664
22,0.08681825548410416,0.11337915807962418,0.11139325052499771,0.12591080367565155,0.00041812023846432567
23,0.086566261947155,0.11282654851675034,0.1110040470957756,0.1278757005929947,0.00039721422945149243
24,0.08643312007188797,0.11259759217500687,0.11015419661998749,0.12560585141181946,0.00037735351361334324
25,0.08624003827571869,0.11210516095161438,0.11150085926055908,0.12578879296779633,0.00035848584957420826
26,0.0860658809542656,0.11167281866073608,0.10892689973115921,0.12845245003700256,0.00034056155709549785
27,0.08594544231891632,0.11147819459438324,0.11173831671476364,0.12553411722183228,0.0003235334879718721
28,0.08580942451953888,0.1111871749162674,0.1097458079457283,0.12356451153755188,0.0003073568223044276
29,0.08566921204328537,0.11082851141691208,0.10936559736728668,0.12559175491333008,0.00029198898118920624
30,0.08554534614086151,0.11064399033784866,0.11034297198057175,0.12548412382602692,0.00027738953940570354
31,0.0854625552892685,0.11038657277822495,0.10999833792448044,0.12626129388809204,0.0002635200507938862
32,0.08536264300346375,0.11022951453924179,0.11181438714265823,0.1249978169798851,0.0002503440482541919
33,0.0852556973695755,0.10994359850883484,0.11056260764598846,0.12784436345100403,0.0002378268400207162
34,0.08518197387456894,0.1098148450255394,0.11216148734092712,0.12894244492053986,0.00022593549510929734
35,0.08509622514247894,0.10965091735124588,0.11043307930231094,0.12846729159355164,0.00021463872690219432
36,0.08500541746616364,0.1094425693154335,0.10986419022083282,0.12398627400398254,0.00020390679128468037
37,0.0849473625421524,0.10926219075918198,0.11277423053979874,0.12599937617778778,0.00019371145754121244
38,0.08488119393587112,0.10911977291107178,0.10982411354780197,0.12327421456575394,0.0001840258773881942
39,0.08482740819454193,0.1089070737361908,0.11133348196744919,0.12587518990039825,0.00017482458497397602
40,0.0847560316324234,0.10882033407688141,0.11300294101238251,0.12377094477415085,0.00016608335135970265
41,0.08472959697246552,0.10870788246393204,0.10938029736280441,0.12409628927707672,0.00015777918451931328
42,0.08463782072067261,0.10851167887449265,0.11174886673688889,0.12342288345098495,0.0001498902274761349
43,0.08461860567331314,0.10839828848838806,0.10959143936634064,0.12408158928155899,0.00014239571464713663
44,0.08456926047801971,0.10828989744186401,0.10916543751955032,0.12322092801332474,0.00013527592818718404
45,0.08451727777719498,0.10811509937047958,0.11040709912776947,0.12321867048740387,0.00012851212522946298
46,0.0844850018620491,0.10799512267112732,0.1110687255859375,0.12268780916929245,0.0001220865233335644
47,0.0844465047121048,0.1079806312918663,0.11041156202554703,0.12280931323766708,0.0001159821986220777
48,0.08441873639822006,0.10785483568906784,0.11225865036249161,0.12424030154943466,0.00011018308578059077
49,0.08436984568834305,0.1077423244714737,0.1108451560139656,0.12643253803253174,0.00010467393440194428
50,0.08434706926345825,0.10762283951044083,0.11137430369853973,0.12304616719484329,9.944023622665554e-05
51,0.08432270586490631,0.10758433490991592,0.11023508012294769,0.1240982860326767,9.446822514291853e-05
52,0.08430493623018265,0.10752169042825699,0.11026834696531296,0.12271635234355927,8.974481170298532e-05
53,0.08425673842430115,0.10740306973457336,0.11128197610378265,0.12251278012990952,8.525756857125089e-05
54,0.08424005657434464,0.10737981647253036,0.11075008660554886,0.12249769270420074,8.099468686850742e-05
55,0.0842166319489479,0.10731378942728043,0.10886690765619278,0.12201285362243652,7.694495434407145e-05
56,0.08418677747249603,0.10725034028291702,0.10831902921199799,0.12326525896787643,7.309770444408059e-05
57,0.0841638445854187,0.10714929550886154,0.10948961228132248,0.12216316163539886,6.944281631149352e-05
58,0.08414986729621887,0.10714871436357498,0.10997122526168823,0.12310145050287247,6.597067840630189e-05
59,0.08412910997867584,0.10706190019845963,0.11036773025989532,0.12272638082504272,6.267214484978467e-05
60,0.08411113917827606,0.10701873898506165,0.11055077612400055,0.12280641496181488,5.953853906248696e-05
61,0.08408991247415543,0.10696521401405334,0.11052559316158295,0.123911052942276,5.6561613746453077e-05
62,0.08407310396432877,0.10688246786594391,0.11176444590091705,0.12246578186750412,5.373353269533254e-05
63,0.08405947685241699,0.10685829818248749,0.10905370861291885,0.12234389781951904,5.1046856242464855e-05
64,0.08404824882745743,0.10678979009389877,0.10993190854787827,0.12212666124105453,4.849451215704903e-05
65,0.0840374082326889,0.10675974190235138,0.1109670028090477,0.12240591645240784,4.6069784730207175e-05
66,0.08401170372962952,0.1066952720284462,0.10897501558065414,0.12291143089532852,4.376629658509046e-05
67,0.0840076431632042,0.10666420310735703,0.11046136915683746,0.12272310256958008,4.157798321102746e-05
68,0.08398503065109253,0.10663661360740662,0.11028243601322174,0.12207933515310287,3.949908568756655e-05
69,0.08398266136646271,0.10661792755126953,0.11047940701246262,0.12254849821329117,3.752413249458186e-05
70,0.08396714925765991,0.10658251494169235,0.1105939969420433,0.12251105904579163,3.564792496035807e-05
71,0.0839540883898735,0.10654991120100021,0.11103622615337372,0.1221718117594719,3.386552998563275e-05
72,0.08395156264305115,0.10649613291025162,0.11121664941310883,0.12232793867588043,3.217225457774475e-05
73,0.08393596857786179,0.1064564511179924,0.11028436571359634,0.12195731699466705,3.0563642212655395e-05
74,0.08393451571464539,0.10646908730268478,0.11012482643127441,0.12193072587251663,2.9035460102022626e-05
75,0.08391834795475006,0.10641632974147797,0.11057492345571518,0.12199629843235016,2.7583686460275203e-05
76,0.0839100033044815,0.10639693588018417,0.10955777764320374,0.12206092476844788,2.620450140966568e-05
77,0.08389601856470108,0.10636209696531296,0.10900747030973434,0.12204673886299133,2.4894276066333987e-05
78,0.083900585770607,0.10635893791913986,0.11067744344472885,0.12213544547557831,2.3649561626370996e-05
79,0.08389496803283691,0.10634485632181168,0.10993066430091858,0.12188413739204407,2.2467083908850327e-05
80,0.0838785171508789,0.10630633682012558,0.11059252172708511,0.12203722447156906,2.1343730622902513e-05
81,0.08388274163007736,0.10626963526010513,0.10975904762744904,0.12185479700565338,2.0276544091757387e-05
82,0.0838698297739029,0.10625523328781128,0.1101948469877243,0.12216778844594955,1.926271761476528e-05
83,0.08386370539665222,0.10627564042806625,0.11053823679685593,0.12198205292224884,1.8299580915481783e-05
84,0.08386190235614777,0.10624498128890991,0.11045574396848679,0.1221974790096283,1.7384601960657164e-05
85,0.08385150134563446,0.10620824247598648,0.11019372940063477,0.12205010652542114,1.6515372408321127e-05
86,0.08384613692760468,0.10621016472578049,0.11059785634279251,0.12199529260396957,1.568960396980401e-05
87,0.0838458240032196,0.1061880961060524,0.11050507426261902,0.12193235009908676,1.4905123862263281e-05
88,0.08384164422750473,0.10617899149656296,0.1099012941122055,0.12193334847688675,1.4159867532725912e-05
89,0.08383780717849731,0.1061568558216095,0.10954607278108597,0.12177782505750656,1.3451874110614881e-05
90,0.08383025974035263,0.10615783929824829,0.11006064713001251,0.122283935546875,1.2779280041286256e-05
91,0.08382482081651688,0.10613548755645752,0.10963721573352814,0.12196116894483566,1.2140316357545089e-05
92,0.08382061123847961,0.10612895339727402,0.10944657027721405,0.12173391878604889,1.15333004941931e-05
93,0.08382182568311691,0.10612305998802185,0.10994759202003479,0.1218050941824913,1.0956635378533974e-05
94,0.08381813019514084,0.10611971467733383,0.11026442050933838,0.1219310387969017,1.0408803973405156e-05
95,0.0838160291314125,0.1060955747961998,0.11023315787315369,0.12182102352380753,9.888363820209634e-06
96,0.08380501717329025,0.10607267916202545,0.10979069024324417,0.12181148678064346,9.393945219926536e-06
97,0.08381053060293198,0.10608192533254623,0.11022569239139557,0.12184129655361176,8.924247595132329e-06
98,0.08380061388015747,0.10605760663747787,0.11028269678354263,0.12201734632253647,8.478034942527302e-06
99,0.08380136638879776,0.10606397688388824,0.11070045828819275,0.12210804969072342,8.054133104451466e-06
