xbins rho
0.0025 0.00000000000000000000
0.0075 0.00000000000000000000
0.0125 0.00000000000000000000
0.0175 0.00000000000000000000
0.0225 0.00000000000000000000
0.0275 0.00000000000000000000
0.0325 0.00000000000000000000
0.0375 0.00000000000000000000
0.0425 0.00000000000000000000
0.0475 0.00000000000000000000
0.0525 0.00000000000000000000
0.0575 0.00000000000000000000
0.0625 0.00000000000000000000
0.0675 0.00000000000000000000
0.0725 0.00000000000000000000
0.0775 0.00000000000000000000
0.0825 0.00000000000000000000
0.0875 0.00000000000000000000
0.0925 0.00000000000000000000
0.0975 0.00000000000000000000
0.1025 0.00000000000000000000
0.1075 0.00000000000000000000
0.1125 0.00000000000000000000
0.1175 0.00000000000000000000
0.1225 0.00000000000000000000
0.1275 0.00000000000000000000
0.1325 0.00000000000000000000
0.1375 0.00000000000000000000
0.1425 0.00000000000000000000
0.1475 0.00000000000000000000
0.1525 0.00000000000000000000
0.1575 0.00000000000000000000
0.1625 0.00000000000000000000
0.1675 0.00000000000000000000
0.1725 0.00000000000000000000
0.1775 0.00000000000000000000
0.1825 0.00000000000000000000
0.1875 0.00000000000000000000
0.1925 0.00000000000000000000
0.1975 0.00000000000000000000
0.2025 0.00000000000000000000
0.2075 0.00000000000000000000
0.2125 0.00000000000000000000
0.2175 0.00000000000000000000
0.2225 0.00000000000000000000
0.2275 0.00000000000000000000
0.2325 0.00000000000000000000
0.2375 0.00000000000000000000
0.2425 0.00000000000000000000
0.2475 0.00000000000000000000
0.2525 0.00000000000000000000
0.2575 0.00000000000000000000
0.2625 0.00000000000000000000
0.2675 0.00000000000000000000
0.2725 0.00000000000000000000
0.2775 0.00000000000000000000
0.2825 0.00000000000000000000
0.2875 0.00000000000000000000
0.2925 0.00000000000000000000
0.2975 0.00000000000000000000
0.3025 0.00000000000000000000
0.3075 0.00000000000000000000
0.3125 0.00000000000000000000
0.3175 0.00000000000000000000
0.3225 0.00000000000000000000
0.3275 0.00000000000000000000
0.3325 0.00000000000000000000
0.3375 0.00000000000000000000
0.3425 0.00000000000000000000
0.3475 0.00000000000000000000
0.3525 0.00000000000000000000
0.3575 0.00000000000000000000
0.3625 0.00000000000000000000
0.3675 0.00000000000000000000
0.3725 0.00000000000000000000
0.3775 0.00000000000000000000
0.3825 0.00000000000000000000
0.3875 0.00000000000000000000
0.3925 0.00000000000000000000
0.3975 0.00000000000000000000
0.4025 0.00000000000000000000
0.4075 0.00000000000000000000
0.4125 0.00000000000000000000
0.4175 0.00000000000000000000
0.4225 0.00000000000000000000
0.4275 0.00000000000000000000
0.4325 0.00000000000000000000
0.4375 0.00000000000000000000
0.4425 0.00000000000000000000
0.4475 0.00000000000000000000
0.4525 0.00000000000000000000
0.4575 0.00000000000000000000
0.4625 0.00000000000000000000
0.4675 0.00000000000000000000
0.4725 0.00000000000000000000
0.4775 0.00000000000000000000
0.4825 0.00000000000000000000
0.4875 0.00000000000000000000
0.4925 0.00000000000000000000
0.4975 0.00000000000000000000
0.5025 0.00000000000000000000
0.5075 0.00000000000000000000
0.5125 0.00000000000000000000
0.5175 0.00000000000000000000
0.5225 0.00000000000000000000
0.5275 0.00000000000000000000
0.5325 0.00000000000000000000
0.5375 0.00000000000000000000
0.5425 0.00000000000000000000
0.5475 0.00000000000000000000
0.5525 0.00000000000000000000
0.5575 0.00000000000000000000
0.5625 0.00000000000000000000
0.5675 0.00000000000000000000
0.5725 0.00000000000000000000
0.5775 0.00000000000000000000
0.5825 0.00000000000000000000
0.5875 0.00000000000000000000
0.5925 0.00000000000000000000
0.5975 0.00000000000000000000
0.6025 0.00000000000000000000
0.6075 0.00000000000000000000
0.6125 0.00000000000000000000
0.6175 0.00000000000000000000
0.6225 0.00000000000000000000
0.6275 0.00000000000000000000
0.6325 0.00000000000000000000
0.6375 0.00000000000000000000
0.6425 0.00000000000000000000
0.6475 0.00000000000000000000
0.6525 0.00000000000000000000
0.6575 0.00000000000000000000
0.6625 0.00000000000000000000
0.6675 0.00000000000000000000
0.6725 0.00000000000000000000
0.6775 0.00000000000000000000
0.6825 0.00000000000000000000
0.6875 0.00000000000000000000
0.6925 0.00000000000000000000
0.6975 0.00000000000000000000
0.7025 0.00000000000000000000
0.7075 0.00000000000000000000
0.7125 0.00000000000000000000
0.7175 0.00000000000000000000
0.7225 0.00000000000000000000
0.7275 0.00000000000000000000
0.7325 0.00000000000000000000
0.7375 0.00000000000000000000
0.7425 0.00000000000000000000
0.7475 0.00000000000000000000
0.7525 0.00000000000000000000
0.7575 0.00000000000000000000
0.7625 0.00000000000000000000
0.7675 0.00000000000000000000
0.7725 0.00000000000000000000
0.7775 0.00000000000000000000
0.7825 0.00000000000000000000
0.7875 0.00000000000000000000
0.7925 0.00000000000000000000
0.7975 0.00000000000000000000
0.8025 0.00000000000000000000
0.8075 0.00000000000000000000
0.8125 0.00000000000000000000
0.8175 0.00000000000000000000
0.8225 0.00000000000000000000
0.8275 0.00000000000000000000
0.8325 0.00000000000000000000
0.8375 0.00000000000000000000
0.8425 0.00000000000000000000
0.8475 0.00000000000000000000
0.8525 0.00000000000000000000
0.8575 0.00000000000000000000
0.8625 0.00000000000000000000
0.8675 0.00000000000000000000
0.8725 0.00000000000000000000
0.8775 0.00000000000000000000
0.8825 0.00000000000000000000
0.8875 0.00000000000000000000
0.8925 0.00000000000000000000
0.8975 0.00000000000000000000
0.9025 0.00000000000000000000
0.9075 0.00000000000000000000
0.9125 0.00000000000000000000
0.9175 0.00000000000000000000
0.9225 0.00000000000000000000
0.9275 0.00000000000000000000
0.9325 0.00000000000000000000
0.9375 0.00000000000000000000
0.9425 0.00000000000000000000
0.9475 0.00000000000000000000
0.9525 0.00000000000000000000
0.9575 0.00000000000000000000
0.9625 0.00000000000000000000
0.9675 0.00000000000000000000
0.9725 0.00000000000000000000
0.9775 0.00000000000000000000
0.9825 0.00000000000000000000
0.9875 0.00000000000000000000
0.9925 0.00000000000000000000
0.9975 0.00000000000000000000
1.0025 0.00000000000000000000
1.0075 0.00000000000000000000
1.0125 0.00000000000000000000
1.0175 0.00000000000000000000
1.0225 0.00000000000000000000
1.0275 0.00000000000000000000
1.0325 0.00000000000000000000
1.0375 0.00000000000000000000
1.0425 0.00000000000000000000
1.0475 0.00000000000000000000
1.0525 0.00000000000000000000
1.0575 0.00000000000000000000
1.0625 0.00000000000000000000
1.0675 0.00000000000000000000
1.0725 0.00000000000000000000
1.0775 0.00000000000000000000
1.0825 0.00000000000000000000
1.0875 0.00000000000000000000
1.0925 0.00000000000000000000
1.0975 0.00000000000000000000
1.1025 0.00000000000000000000
1.1075 0.00000000000000000000
1.1125 0.00000000000000000000
1.1175 0.00000000000000000000
1.1225 0.00000000000000000000
1.1275 0.00000000000000000000
1.1325 0.00000000000000000000
1.1375 0.00000000000000000000
1.1425 0.00000000000000000000
1.1475 0.00000000000000000000
1.1525 0.00000000000000000000
1.1575 0.00000000000000000000
1.1625 0.00000000000000000000
1.1675 0.00000000000000000000
1.1725 0.00000000000000000000
1.1775 0.00000000000000000000
1.1825 0.00000000000000000000
1.1875 0.00000000000000000000
1.1925 0.00000000000000000000
1.1975 0.00000000000000000000
1.2025 0.00000000000000000000
1.2075 0.00000000000000000000
1.2125 0.00000000000000000000
1.2175 0.00000000000000000000
1.2225 0.00000000000000000000
1.2275 0.00000000000000000000
1.2325 0.00000000000000000000
1.2375 0.00000000000000000000
1.2425 0.00000000000000000000
1.2475 0.00000000000000000000
1.2525 0.00000000000000000000
1.2575 0.00000000000000000000
1.2625 0.00000000000000000000
1.2675 0.00000000000000000000
1.2725 0.00000000000000000000
1.2775 0.00000000000000000000
1.2825 0.00000000000000000000
1.2875 0.00000000000000000000
1.2925 0.00000000000000000000
1.2975 0.00000000000000000000
1.3025 0.00000000000000000000
1.3075 0.00000000000000000000
1.3125 0.00000000000000000000
1.3175 0.00000000000000000000
1.3225 0.00000000000000000000
1.3275 0.00000000000000000000
1.3325 0.00000000000000000000
1.3375 0.00000000000000000000
1.3425 0.00000000000000000000
1.3475 0.00000000000000000000
1.3525 0.00000000000000000000
1.3575 0.00000000000000000000
1.3625 0.00000000000000000000
1.3675 0.00000000000000000000
1.3725 0.00000000000000000000
1.3775 0.00000000000000000000
1.3825 0.00000000000000000000
1.3875 0.00000000000000000000
1.3925 0.00000000000000000000
1.3975 0.00000000000000000000
1.4025 0.00000000000000000000
1.4075 0.00000000000000000000
1.4125 0.00000000000000000000
1.4175 0.00000232897642122298
1.4225 0.00000625794645376337
1.4275 0.00001551457565116037
1.4325 0.00003571495706572253
1.4375 0.00007678930681543295
1.4425 0.00015503357450415291
1.4475 0.00029537323637105324
1.4525 0.00053347224654824504
1.4575 0.00091720092086469034
1.4625 0.00150695924687681022
1.4675 0.00237444813261489989
1.4725 0.00359969818275174790
1.4775 0.00526644546041109187
1.4825 0.00745624564982306018
1.4875 0.01024196609698269089
1.4925 0.01368135559964210254
1.4975 0.01781148142602086148
1.5025 0.02264465514145071884
1.5075 0.02816618961063931462
1.5125 0.03433423288497759740
1.5175 0.04108155323986291407
1.5225 0.04831888817202791009
1.5275 0.05593975123569978891
1.5325 0.06382567219364058964
1.5375 0.07185192018753201737
1.5425 0.07989293394027266459
1.5475 0.08782729614677782515
1.5525 0.09554170311127190007
1.5575 0.10293451580839668713
1.5625 0.10991777811115849284
1.5675 0.11641871559007702097
1.5725 0.12238024630450401731
1.5775 0.12776071125311200261
1.5825 0.13253332648064053423
1.5875 0.13668479843837463839
1.5925 0.14021406080949513906
1.5975 0.14313045322541759208
1.6025 0.14545213382568128457
1.6075 0.14720443068743405135
1.6125 0.14841817920023622768
1.6175 0.14912821675701337654
1.6225 0.14937214431586481878
1.6275 0.14918908580967341071
1.6325 0.14861875950022965243
1.6375 0.14770066905469633745
1.6425 0.14647344427561173608
1.6475 0.14497422890153996433
1.6525 0.14323843650959919294
1.6575 0.14129939229274940393
1.6625 0.13918816447302817529
1.6675 0.13693346031031064514
1.6725 0.13456168377740068687
1.6775 0.13209683845149877701
1.6825 0.12956065616623885228
1.6875 0.12697262714382673288
1.6925 0.12435020664420741443
1.6975 0.12170883562824706681
1.7025 0.11906215511975187793
1.7075 0.11642199011057582925
1.7125 0.11379865888327755918
1.7175 0.11120106802626317233
1.7225 0.10863670806738563723
1.7275 0.10611191415717961817
1.7325 0.10363197204568741494
1.7375 0.10120112378089596294
1.7425 0.09882279895320855712
1.7475 0.09649968947142383013
1.7525 0.09423373521511214934
1.7575 0.09202634639083114021
1.7625 0.08987842818615381091
1.7675 0.08779041267641708723
1.7725 0.08576240679247754128
1.7775 0.08379414711921664982
1.7825 0.08188514315896569529
1.7875 0.08003472501530500827
1.7925 0.07824198662812062444
1.7975 0.07650591693550085060
1.8025 0.07482542643023032403
1.8075 0.07319928438265074777
1.8125 0.07162628044270660799
1.8175 0.07010505915044276670
1.8225 0.06863430352245129817
1.8275 0.06721265126189505945
1.8325 0.06583872657739996137
1.8375 0.06451111392995768912
1.8425 0.06322846338487415896
1.8475 0.06198934335185190408
1.8525 0.06079236902694966360
1.8575 0.05963618534570344631
1.8625 0.05851940866083413240
1.8675 0.05744069154976944730
1.8725 0.05639872002349777952
1.8775 0.05539217821673562275
1.8825 0.05441980172701982310
1.8875 0.05348034259854041877
1.8925 0.05257259315814568484
1.8975 0.05169536993214138287
1.9025 0.05084756618466977629
1.9075 0.05002807611998603965
1.9125 0.04923584740410429095
1.9175 0.04846989470405901890
1.9225 0.04772922789273973537
1.9275 0.04701297229643622289
1.9325 0.04632021157401221279
1.9375 0.04565013472409748529
1.9425 0.04500192912307093840
1.9475 0.04437483572792223080
1.9525 0.04376810465742689282
1.9575 0.04318102627483996758
1.9625 0.04261290966090499482
1.9675 0.04206308365529307786
1.9725 0.04153089082538664184
1.9775 0.04101569125469654853
1.9825 0.04051687261138084417
1.9875 0.04003381796265596121
1.9925 0.03956594265934288562
1.9975 0.03911267086646263297
2.0025 0.03867344532136096635
2.0075 0.03824772581912300878
2.0125 0.03783498557755478331
2.0175 0.03743471573103656497
2.0225 0.03704644107227077904
2.0275 0.03666969277741045224
2.0325 0.03630402053171721127
2.0375 0.03594901502140886163
2.0425 0.03560426625180086735
2.0475 0.03526940509093304948
2.0525 0.03494406326132452195
2.0575 0.03462790028914632112
2.0625 0.03432061299923222508
2.0675 0.03402187729556108153
2.0725 0.03373141798725001056
2.0775 0.03344895983522256505
2.0825 0.03317425555966127537
2.0875 0.03290704945098648498
2.0925 0.03264712524263320426
2.0975 0.03239425959061192906
2.1025 0.03214825594331285896
2.1075 0.03190892509869652782
2.1125 0.03167607695614298169
2.1175 0.03144955032560280833
2.1225 0.03122916858708996851
2.1275 0.03101478195758261905
2.1325 0.03080622858352531634
2.1375 0.03060336483508754868
2.1425 0.03040603333052390583
2.1475 0.03021408409397173186
2.1525 0.03002737212584363075
2.1575 0.02984573886556167108
2.1625 0.02966904764214329041
2.1675 0.02949715103233752425
2.1725 0.02932989796562234658
2.1775 0.02916715342964315213
2.1825 0.02900877354767686378
2.1875 0.02885463099004574247
2.1925 0.02870459137418306800
2.1975 0.02855853473749762547
2.2025 0.02841634134139509743
2.2075 0.02827789882222101273
2.2125 0.02814309725977942947
2.2175 0.02801182749777294395
2.2225 0.02788399908502888630
2.2275 0.02775950818017610885
2.2325 0.02763825934549252530
2.2375 0.02752015704492283971
2.2425 0.02740511521316194021
2.2475 0.02729304328021446222
2.2525 0.02718385172700415325
2.2575 0.02707745800996977370
2.2625 0.02697377237249119417
2.2675 0.02687272128575394700
2.2725 0.02677421422612075858
2.2775 0.02667818279787701266
2.2825 0.02658455798647844232
2.2875 0.02649325903144555613
2.2925 0.02640422309886410537
2.2975 0.02631739216922610383
2.3025 0.02623270737095801525
2.3075 0.02615011687243259594
2.3125 0.02606956990650721728
2.3175 0.02599102334240196988
2.3225 0.02591443874997048993
2.3275 0.02583978200795873301
2.3325 0.02576702303772882355
2.3375 0.02569613233262889665
2.3425 0.02562708203282867275
2.3475 0.02555985061687636103
2.3525 0.02549441549435483775
2.3575 0.02543076031187542149
2.3625 0.02536885930563597194
2.3675 0.02530869113348735780
2.3725 0.02525023878983246456
2.3775 0.02519347335650201636
2.3825 0.02513837075068581575
2.3875 0.02508490457216009870
2.3925 0.02503304079712388025
2.3975 0.02498274481038391046
2.4025 0.02493397241857020497
2.4075 0.02488668459371453159
2.4125 0.02484083435208664717
2.4175 0.02479636702792285471
2.4225 0.02475323171701642594
2.4275 0.02471137627200405834
2.4325 0.02467074799027446988
2.4375 0.02463128944827915057
2.4425 0.02459295614487087486
2.4475 0.02455569252099115349
2.4525 0.02451945585711283113
2.4575 0.02448420721213523041
2.4625 0.02444991200907562987
2.4675 0.02441653449227488420
2.4725 0.02438404660213366187
2.4775 0.02435242577417882914
2.4825 0.02432164220057274340
2.4875 0.02429168496212196632
2.4925 0.02426252483862598869
2.4975 0.02423414315107310854
2.5025 0.02420651518472518790
2.5075 0.02417960844648986418
2.5125 0.02415339826491151240
2.5175 0.02412784736361812607
2.5225 0.02410292038714194340
2.5275 0.02407857493421141498
2.5325 0.02405476672655962322
2.5375 0.02403145836939053065
2.5425 0.02400859591125736880
2.5475 0.02398613447999535520
2.5525 0.02396403248354754545
2.5575 0.02394223910674425984
2.5625 0.02392071462340600654
2.5675 0.02389941024037928533
2.5725 0.02387828663456711617
2.5775 0.02385730269147469038
2.5825 0.02383641050208524376
2.5875 0.02381557969102195832
2.5925 0.02379477445078565997
2.5975 0.02377395133839745045
2.6025 0.02375307597941389223
2.6075 0.02373212182557217845
2.6125 0.02371105277416834037
2.6175 0.02368984552621440642
2.6225 0.02366847361911054645
2.6275 0.02364691608826113844
2.6325 0.02362516390109423506
2.6375 0.02360320666710401943
2.6425 0.02358104144652332229
2.6475 0.02355867201684284234
2.6525 0.02353610538613397016
2.6575 0.02351335733702436884
2.6625 0.02349043919171728625
2.6675 0.02346737428759254618
2.6725 0.02344418170045697858
2.6775 0.02342088146296945894
2.6825 0.02339749537805720439
2.6875 0.02337404126639245489
2.6925 0.02335053717562779116
2.6975 0.02332699953860126532
2.7025 0.02330343823878892884
2.7075 0.02327986595187948524
2.7125 0.02325628551419725229
2.7175 0.02323270725285868366
2.7225 0.02320912641399340212
2.7275 0.02318554424266989697
2.7325 0.02316196552116534663
2.7375 0.02313838405029353812
2.7425 0.02311479975515638025
2.7475 0.02309121497692219818
2.7525 0.02306762884169242731
2.7575 0.02304404335603502454
2.7625 0.02302045925588541708
2.7675 0.02299688977156384012
2.7725 0.02297333439618375744
2.7775 0.02294979898818828856
2.7825 0.02292628795254264898
2.7875 0.02290281320514619273
2.7925 0.02287937996579100450
2.7975 0.02285599684883889496
2.8025 0.02283266781139526441
2.8075 0.02280939596619223700
2.8125 0.02278619032690330781
2.8175 0.02276305471806879671
2.8225 0.02273999629492961735
2.8275 0.02271701423585433324
2.8325 0.02269411835708219985
2.8375 0.02267130809606844946
2.8425 0.02264858846825295452
2.8475 0.02262596212202313412
2.8525 0.02260343174991621962
2.8575 0.02258099420542096850
2.8625 0.02255864695647220516
2.8675 0.02253639384351262612
2.8725 0.02251422954157616604
2.8775 0.02249215094538290285
2.8825 0.02247016206939213973
2.8875 0.02244825003322838131
2.8925 0.02242641995421093201
2.8975 0.02240467464566585354
2.9025 0.02238300492125221142
2.9075 0.02236142465611402896
2.9125 0.02233993420291557203
2.9175 0.02231853924739120310
2.9225 0.02229725263725558862
2.9275 0.02227607834687731631
2.9325 0.02225502930522056319
2.9375 0.02223411453898769749
2.9425 0.02221334964806518861
2.9475 0.02219274283956890539
2.9525 0.02217230057146265740
2.9575 0.02215203852115594715
2.9625 0.02213196017444879135
2.9675 0.02211207417599895739
2.9725 0.02209237629766550373
2.9775 0.02207287110509784100
2.9825 0.02205355044148714708
2.9875 0.02203441164894595974
2.9925 0.02201543997914733042
2.9975 0.02199662653578000546
3.0025 0.02197795067408074218
3.0075 0.02195940196498869304
3.0125 0.02194096946571896453
3.0175 0.02192263197414069317
3.0225 0.02190438787833670284
3.0275 0.02188621917031259578
3.0325 0.02186813242172783861
3.0375 0.02185012424521843785
3.0425 0.02183219398837503780
3.0475 0.02181435774715200990
3.0525 0.02179662126833009292
3.0575 0.02177900719379012584
3.0625 0.02176152945783155213
3.0675 0.02174420516128644856
3.0725 0.02172706002724159383
3.0775 0.02171010864632352474
3.0825 0.02169337169972425025
3.0875 0.02167685959768064774
3.0925 0.02166058954620179999
3.0975 0.02164456497170542948
3.1025 0.02162879397986034943
3.1075 0.02161327540679853706
3.1125 0.02159800687700508606
3.1175 0.02158298702993819568
3.1225 0.02156820091498518055
3.1275 0.02155364775790714893
3.1325 0.02153931656555813090
3.1375 0.02152519983721917080
3.1425 0.02151128679385131207
3.1475 0.02149757642243966052
3.1525 0.02148406410750587289
3.1575 0.02147074558318846915
3.1625 0.02145762462580938848
3.1675 0.02144469738242025039
3.1725 0.02143197112432479456
3.1775 0.02141944885200486315
3.1825 0.02140713682772319923
3.1875 0.02139503430808120665
3.1925 0.02138314608450607446
3.1975 0.02137147538917686523
3.2025 0.02136002279230115805
3.2075 0.02134878613129707198
3.2125 0.02133776145248718337
3.2175 0.02132694784887741862
3.2225 0.02131633893877888167
3.2275 0.02130592628179055550
3.2325 0.02129570442910379974
3.2375 0.02128566287252778300
3.2425 0.02127579329048394363
3.2475 0.02126608509941723194
3.2525 0.02125652529972914956
3.2575 0.02124710164331084297
3.2625 0.02123779781139074549
3.2675 0.02122860916416302243
3.2725 0.02121951209581533770
3.2775 0.02121050216393688057
3.2825 0.02120156255508610574
3.2875 0.02119268388837232051
3.2925 0.02118385522780133826
3.2975 0.02117507093527893486
3.3025 0.02116632417172972444
3.3075 0.02115761258112903651
3.3125 0.02114893248256571184
3.3175 0.02114027904639117356
3.3225 0.02113165815691575924
3.3275 0.02112306533273945741
3.3325 0.02111450041377201103
3.3375 0.02110596461880112976
3.3425 0.02109745591414051782
3.3475 0.02108897237092954846
3.3525 0.02108051957852444258
3.3575 0.02107209691272674684
3.3625 0.02106370447056804540
3.3675 0.02105534725901546736
3.3725 0.02104703296505557042
3.3775 0.02103877083355411293
3.3825 0.02103056892578790069
3.3875 0.02102244198499696876
3.3925 0.02101440311698629659
3.3975 0.02100646210451286716
3.4025 0.02099863172515058218
3.4075 0.02099092738439235425
3.4125 0.02098334848801509944
3.4175 0.02097590216553381001
3.4225 0.02096858321193417057
3.4275 0.02096138872229113062
3.4325 0.02095431092544825305
3.4375 0.02094732797345564765
3.4425 0.02094043967821397623
3.4475 0.02093361993242275412
3.4525 0.02092686069465212600
3.4575 0.02092014360171395512
3.4625 0.02091346878975535589
3.4675 0.02090681984522934495
3.4725 0.02090019864734383656
3.4775 0.02089360718556523486
3.4825 0.02088704184798579819
3.4875 0.02088051189765023630
3.4925 0.02087402480594587051
3.4975 0.02086758274527806059
3.5025 0.02086119418718851773
3.5075 0.02085487000563826868
3.5125 0.02084861343625162705
3.5175 0.02084243013384418780
3.5225 0.02083632360378480028
3.5275 0.02083030354709680329
3.5325 0.02082436527934265758
3.5375 0.02081851866302905987
3.5425 0.02081275725008290001
3.5475 0.02080708561675972956
3.5525 0.02080150040411563039
3.5575 0.02079599757450893011
3.5625 0.02079057531342962464
3.5675 0.02078522869366476386
3.5725 0.02077995178920290925
3.5775 0.02077473729342289160
3.5825 0.02076958441103183770
3.5875 0.02076448535604444659
3.5925 0.02075943693316201905
3.5975 0.02075443440540999940
3.6025 0.02074947722918047202
3.6075 0.02074455831882872012
3.6125 0.02073968652491399098
3.6175 0.02073485667089986634
3.6225 0.02073007638751671322
3.6275 0.02072534012410318441
3.6325 0.02072065997351692918
3.6375 0.02071603159085083634
3.6425 0.02071146863755151876
3.6475 0.02070696260087412019
3.6525 0.02070252263106062834
3.6575 0.02069815156757096389
3.6625 0.02069384811296136675
3.6675 0.02068961268259540340
3.6725 0.02068544631491016708
3.6775 0.02068134901326163649
3.6825 0.02067731511926808666
3.6875 0.02067335107281685971
3.6925 0.02066944635710362202
3.6975 0.02066560229707836358
3.7025 0.02066181010190698206
3.7075 0.02065807132239846911
3.7125 0.02065437822168596574
3.7175 0.02065072041737277958
3.7225 0.02064709730096886409
3.7275 0.02064350045266083455
3.7325 0.02063992225338308339
3.7375 0.02063635911439405321
3.7425 0.02063280459434976150
3.7475 0.02062925631115506211
3.7525 0.02062571089466161411
3.7575 0.02062217179837494072
3.7625 0.02061864195023274324
3.7675 0.02061512440966003709
3.7725 0.02061163086593726171
3.7775 0.02060816485321469854
3.7825 0.02060474177336731744
3.7875 0.02060136581073926040
3.7925 0.02059805313574846614
3.7975 0.02059480895359155558
3.8025 0.02059164594038027235
3.8075 0.02058857011007566781
3.8125 0.02058558515027754041
3.8175 0.02058269337860881357
3.8225 0.02057989722714896608
3.8275 0.02057719276099751263
3.8325 0.02057457954914435755
3.8375 0.02057205029308346173
3.8425 0.02056960179237232733
3.8475 0.02056722090494376640
3.8525 0.02056490557863419055
3.8575 0.02056264923945760187
3.8625 0.02056044338753505382
3.8675 0.02055827819196901635
3.8725 0.02055614748020958768
3.8775 0.02055404914045108958
3.8825 0.02055197001651630148
3.8875 0.02054990766757251036
3.8925 0.02054785532992968108
3.8975 0.02054580939915791327
3.9025 0.02054376247224754329
3.9075 0.02054171204806885462
3.9125 0.02053965755725508865
3.9175 0.02053759298679565248
3.9225 0.02053552368802661135
3.9275 0.02053344132667422883
3.9325 0.02053134869279011135
3.9375 0.02052924372724821908
3.9425 0.02052712494960462833
3.9475 0.02052499124017058071
3.9525 0.02052283824959536332
3.9575 0.02052066818747478802
3.9625 0.02051847253233938032
3.9675 0.02051625329537787659
3.9725 0.02051400587608486620
3.9775 0.02051172893214977047
3.9825 0.02050942241107914926
3.9875 0.02050708227340412859
3.9925 0.02050471283284815635
3.9975 0.02050231436476430621
4.0025 0.02049989021966293692
4.0075 0.02049744366710686341
4.0125 0.02049498140983144895
4.0175 0.02049250667584520333
4.0225 0.02049003292181407823
4.0275 0.02048756419123542311
4.0325 0.02048510270688049320
4.0375 0.02048266104736766111
4.0425 0.02048024488556224668
4.0475 0.02047785429026059353
4.0525 0.02047549293133246046
4.0575 0.02047316396263320140
4.0625 0.02047086809829897630
4.0675 0.02046860570113617078
4.0725 0.02046637274014989280
4.0775 0.02046417354160651528
4.0825 0.02046200024333134915
4.0875 0.02045985050647036382
4.0925 0.02045772921991834831
4.0975 0.02045563445506951711
4.1025 0.02045356325418600657
4.1075 0.02045151633564788393
4.1125 0.02044949611917906696
4.1175 0.02044749702811016548
4.1225 0.02044552087845452962
4.1275 0.02044356145331925265
4.1325 0.02044161441629316692
4.1375 0.02043967120029542214
4.1425 0.02043772547400646636
4.1475 0.02043577177337236456
4.1525 0.02043380122568815363
4.1575 0.02043180697031701104
4.1625 0.02042978462366209710
4.1675 0.02042773518264618879
4.1725 0.02042565835734266866
4.1775 0.02042355848741297247
4.1825 0.02042144513277262263
4.1875 0.02041932761884297440
4.1925 0.02041721993465951679
4.1975 0.02041513467701060180
4.2025 0.02041308511800256006
4.2075 0.02041108886780098816
4.2125 0.02040915246126681626
4.2175 0.02040728541040855853
4.2225 0.02040549528040324842
4.2275 0.02040378538081246904
4.2325 0.02040215662049675235
4.2375 0.02040060686381902841
4.2425 0.02039913265768908066
4.2475 0.02039772786769414661
4.2525 0.02039638609562583610
4.2575 0.02039510238346411986
4.2625 0.02039386792343492530
4.2675 0.02039267986307848751
4.2725 0.02039152918959846739
4.2775 0.02039041138471836198
4.2825 0.02038932739317086962
4.2875 0.02038826562093563888
4.2925 0.02038722930140580980
4.2975 0.02038620727681931741
4.3025 0.02038519613329964342
4.3075 0.02038419177586048986
4.3125 0.02038319407436949698
4.3175 0.02038219484827330508
4.3225 0.02038118740038460594
4.3275 0.02038017081411725231
4.3325 0.02037913751454689670
4.3375 0.02037808721146301336
4.3425 0.02037701675615799859
4.3475 0.02037592317406351772
4.3525 0.02037481949764354330
4.3575 0.02037369912842323591
4.3625 0.02037257134491899171
4.3675 0.02037144127441024161
4.3725 0.02037032004249952899
4.3775 0.02036921785114536101
4.3825 0.02036814250922413388
4.3875 0.02036710360220548785
4.3925 0.02036611299008131773
4.3975 0.02036517916396959199
4.4025 0.02036431126485276771
4.4075 0.02036351444538410729
4.4125 0.02036280072728493401
4.4175 0.02036217327438202829
4.4225 0.02036164342346936246
4.4275 0.02036121767828812795
4.4325 0.02036090407839271851
4.4375 0.02036071089487959118
4.4425 0.02036064242454189641
4.4475 0.02036070194899519681
4.4525 0.02036088955953689952
4.4575 0.02036120098613338272
4.4625 0.02036162778694887432
4.4675 0.02036215654833541111
4.4725 0.02036277057233159410
4.4775 0.02036344867161499206
4.4825 0.02036416773176164333
4.4875 0.02036490307725153867
4.4925 0.02036563209987231338
4.4975 0.02036633002398189826
4.5025 0.02036697858737830658
4.5075 0.02036755964193053686
4.5125 0.02036806084222059915
4.5175 0.02036847183925939372
4.5225 0.02036878739581180972
4.5275 0.02036900433209240177
4.5325 0.02036912235516149389
4.5375 0.02036914584914323659
4.5425 0.02036907573046929307
4.5475 0.02036891832799178625
4.5525 0.02036867936867381781
4.5575 0.02036836454283148801
4.5625 0.02036797879235810113
4.5675 0.02036752858620026821
4.5725 0.02036702006314270591
4.5775 0.02036645702593221571
4.5825 0.02036584527736253272
4.5875 0.02036518986437033107
4.5925 0.02036449354430199671
4.5975 0.02036376325156292327
4.6025 0.02036300123099987064
4.6075 0.02036221123821490425
4.6125 0.02036139836498245329
4.6175 0.02036056471809729110
4.6225 0.02035971380146792131
4.6275 0.02035884930513618199
4.6325 0.02035797448576171301
4.6375 0.02035709069595611348
4.6425 0.02035620177933754327
4.6475 0.02035531008793265567
4.6525 0.02035441768587584882
4.6575 0.02035352613700423807
4.6625 0.02035263801435775038
4.6675 0.02035175411473590101
4.6725 0.02035087726215110970
4.6775 0.02035000774518821998
4.6825 0.02034914693158220572
4.6875 0.02034829653795729165
4.6925 0.02034745679468125817
4.6975 0.02034662859879095634
4.7025 0.02034581338146269902
4.7075 0.02034501030732450283
4.7125 0.02034422189731087058
4.7175 0.02034344630319042183
4.7225 0.02034268561172002457
4.7275 0.02034193960446076255
4.7325 0.02034120845035424646
4.7375 0.02034049260559456229
4.7425 0.02033979191518867427
4.7475 0.02033910593906967587
4.7525 0.02033843600284794204
4.7575 0.02033778137393852520
4.7625 0.02033714105478098139
4.7675 0.02033651758562301029
4.7725 0.02033590879404263002
4.7775 0.02033531500276383047
4.7825 0.02033473672560737189
4.7875 0.02033417293871941922
4.7925 0.02033362428468246663
4.7975 0.02033309123914582919
4.8025 0.02033257213197630503
4.8075 0.02033206732527409813
4.8125 0.02033157706546227447
4.8175 0.02033110149024393645
4.8225 0.02033063966670731540
4.8275 0.02033019256352449830
4.8325 0.02032975899112724610
4.8375 0.02032933945442988444
4.8425 0.02032893307678170988
4.8475 0.02032854025043723950
4.8525 0.02032816145339079450
4.8575 0.02032779482678783237
4.8625 0.02032744220046733136
4.8675 0.02032710258992392535
4.8725 0.02032677523863825678
4.8775 0.02032646087727759537
4.8825 0.02032615923732200569
4.8875 0.02032587010587758036
4.8925 0.02032559324069819692
4.8975 0.02032532906763624345
4.9025 0.02032507660041583258
4.9075 0.02032483632227127801
4.9125 0.02032460799566896889
4.9175 0.02032439171166571662
4.9225 0.02032418678292000069
4.9275 0.02032399328481059378
4.9325 0.02032381257660697410
4.9375 0.02032364227410799959
4.9425 0.02032348315638414157
4.9475 0.02032333645093892596
4.9525 0.02032319978919250661
4.9575 0.02032307476292834897
4.9625 0.02032296084208844514
4.9675 0.02032285819261778204
4.9725 0.02032276529071491700
4.9775 0.02032268409542409976
4.9825 0.02032261347674591684
4.9875 0.02032255353182228080
4.9925 0.02032250452890480355
4.9975 0.02032246630623649533
5.0025 0.02032243888385617397
5.0075 0.02032242151838382221
5.0125 0.02032241517278315923
5.0175 0.02032241933763038327
5.0225 0.02032243353750320947
5.0275 0.02032245870203394644
5.0325 0.02032249460898266982
5.0375 0.02032254065166807372
5.0425 0.02032259678499926878
5.0475 0.02032266417195295605
5.0525 0.02032274214418007194
5.0575 0.02032282979452288904
5.0625 0.02032292859146516556
5.0675 0.02032303854819314526
5.0725 0.02032315853754414550
5.0775 0.02032328897446271723
5.0825 0.02032342983592446556
5.0875 0.02032358178367691531
5.0925 0.02032374400350603696
5.0975 0.02032391795410118038
5.1025 0.02032410218938104918
5.1075 0.02032429730787056396
5.1125 0.02032450336645145322
5.1175 0.02032471996443943260
5.1225 0.02032494791220900224
5.1275 0.02032518661168848315
5.1325 0.02032543587546000938
5.1375 0.02032569663495809378
5.1425 0.02032596828405807896
5.1475 0.02032625114856613166
5.1525 0.02032654419096434004
5.1575 0.02032684844062949275
5.1625 0.02032716362866605897
5.1675 0.02032748974886487703
5.1725 0.02032782687495046647
5.1775 0.02032817451558273023
5.1825 0.02032853372450440718
5.1875 0.02032890288585057978
5.1925 0.02032928366461240685
5.1975 0.02032967460187605491
5.2025 0.02033007626964561734
5.2075 0.02033048825914036614
5.2125 0.02033091153235507681
5.2175 0.02033134472056098360
5.2225 0.02033178840822267089
5.2275 0.02033224317687340812
5.2325 0.02033270786272936212
5.2375 0.02033318263229949227
5.2425 0.02033366817653254471
5.2475 0.02033416279580412336
5.2525 0.02033466844625328798
5.2575 0.02033518375031074729
5.2625 0.02033570953868000727
5.2675 0.02033624389430595605
5.2725 0.02033678853700038314
5.2775 0.02033734236871734269
5.2825 0.02033790570722118773
5.2875 0.02033847804311599700
5.2925 0.02033906065535040844
5.2975 0.02033965217957039995
5.3025 0.02034025224264787365
5.3075 0.02034086129397992895
5.3125 0.02034148020016633002
5.3175 0.02034210778061347133
5.3225 0.02034274402638359611
5.3275 0.02034338934920522715
5.3325 0.02034404461933360386
5.3375 0.02034470804910033098
5.3425 0.02034538274267019137
5.3475 0.02034606581189710509
5.3525 0.02034675933952060506
5.3575 0.02034746392404504153
5.3625 0.02034817816951298847
5.3675 0.02034890497904872503
5.3725 0.02034964194950800165
5.3775 0.02035039105227799336
5.3825 0.02035115389202725097
5.3875 0.02035192859092493575
5.3925 0.02035271645285821607
5.3975 0.02035351856695836667
5.4025 0.02035433403841686514
5.4075 0.02035516296116544541
5.4125 0.02035600405626036488
5.4175 0.02035685630500938537
5.4225 0.02035771735452278006
5.4275 0.02035858539797267067
5.4325 0.02035945719424196720
5.4375 0.02036032669047245502
5.4425 0.02036118915329963516
5.4475 0.02036203686833140680
5.4525 0.02036286238937571810
5.4575 0.02036365691918061785
5.4625 0.02036441064157540337
5.4675 0.02036511350082466365
5.4725 0.02036575677440785256
5.4775 0.02036633142960496759
5.4825 0.02036682974870962157
5.4875 0.02036724667514664897
5.4925 0.02036757966935080766
5.4975 0.02036782962621233942
5.5025 0.02036800094985090695
5.5075 0.02036810106790621841
5.5125 0.02036814106356683862
5.5175 0.02036813371694376137
5.5225 0.02036809422527493044
5.5275 0.02036803710770796957
5.5325 0.02036797810425168900
5.5375 0.02036793011601011755
5.5425 0.02036790547065364318
5.5475 0.02036791306975416563
5.5525 0.02036795936987947572
5.5575 0.02036804885624379086
5.5625 0.02036818290356604694
5.5675 0.02036836310430727159
5.5725 0.02036858951104016796
5.5775 0.02036885980536743898
5.5825 0.02036917237949844792
5.5875 0.02036952460014595373
5.5925 0.02036991230189620986
5.5975 0.02037033484124418925
5.6025 0.02037078708941855026
5.6075 0.02037126218134392708
5.6125 0.02037175704923671615
5.6175 0.02037226902751158170
5.6225 0.02037279346257463500
5.6275 0.02037332225504872793
5.6325 0.02037385634835371662
5.6375 0.02037439294274819013
5.6425 0.02037492878471639651
5.6475 0.02037546530419778734
5.6525 0.02037599657236051701
5.6575 0.02037653614562263266
5.6625 0.02037707321110526770
5.6675 0.02037761115567196177
5.6725 0.02037815530157457977
5.6775 0.02037870806919251168
5.6825 0.02037927431883284138
5.6875 0.02037986098398080273
5.6925 0.02038047738860650562
5.6975 0.02038113268977341519
5.7025 0.02038183672766118865
5.7075 0.02038259666269046089
5.7125 0.02038342314174955427
5.7175 0.02038432989246467819
5.7225 0.02038532340361039891
5.7275 0.02038641344193053637
5.7325 0.02038760178086669941
5.7375 0.02038889156252514726
5.7425 0.02039028554227579823
5.7475 0.02039177898123086669
5.7525 0.02039337049592615872
5.7575 0.02039505083164382462
5.7625 0.02039681451583262584
5.7675 0.02039865126596065309
5.7725 0.02040055137356827294
5.7775 0.02040250276920346079
5.7825 0.02040449508030223527
5.7875 0.02040651385946112492
5.7925 0.02040855013649534033
5.7975 0.02041058918167113281
5.8025 0.02041261865747851997
5.8075 0.02041462961221242323
5.8125 0.02041660398063732673
5.8175 0.02041853543298417784
5.8225 0.02042041249232132150
5.8275 0.02042222323184827992
5.8325 0.02042395935728215026
5.8375 0.02042561752139766124
5.8425 0.02042718939759793559
5.8475 0.02042867388541847948
5.8525 0.02043006726177238469
5.8575 0.02043137258460525629
5.8625 0.02043259039758256804
5.8675 0.02043372157670797148
5.8725 0.02043477046316443183
5.8775 0.02043574523486989258
5.8825 0.02043664813494560153
5.8875 0.02043748614766088476
5.8925 0.02043826853348710768
5.8975 0.02043900511630267550
5.9025 0.02043970333271121279
5.9075 0.02044037777513590254
5.9125 0.02044104171314353388
5.9175 0.02044170957742521416
5.9225 0.02044239145253659573
5.9275 0.02044310146733115813
5.9325 0.02044385960765512586
5.9375 0.02044467318259658717
5.9425 0.02044555243428209518
5.9475 0.02044650441772739163
5.9525 0.02044753704570316175
5.9575 0.02044865056049178717
5.9625 0.02044984568621491250
5.9675 0.02045112456786802799
5.9725 0.02045248435265656362
5.9775 0.02045392125556858703
5.9825 0.02045543274015407254
5.9875 0.02045702042096447099
5.9925 0.02045867729885188918
5.9975 0.02046040284579074900
6.0025 0.02046219420008899351
6.0075 0.02046405470369704396
6.0125 0.02046598038310351933
6.0175 0.02046797618301225696
6.0225 0.02047004151938741287
6.0275 0.02047218153398986176
6.0325 0.02047439100608429430
6.0375 0.02047667435288594989
6.0425 0.02047902815674995658
6.0475 0.02048144621018010286
6.0525 0.02048392309038870110
6.0575 0.02048644939410138033
6.0625 0.02048901560221901355
6.0675 0.02049161364018567064
6.0725 0.02049422949132065352
6.0775 0.02049685769532055835
6.0825 0.02049948437493659056
6.0875 0.02050211428343675507
6.0925 0.02050473951495162053
6.0975 0.02050736332590003333
6.1025 0.02050998945534081297
6.1075 0.02051262501831532456
6.1125 0.02051528254286025255
6.1175 0.02051797151930702737
6.1225 0.02052070536818947910
6.1275 0.02052349663650381364
6.1325 0.02052636605506686501
6.1375 0.02052932089723382911
6.1425 0.02053237490891850897
6.1475 0.02053554459023500256
6.1525 0.02053883848266058534
6.1575 0.02054226151425886729
6.1625 0.02054581861891928082
6.1675 0.02054951339726649936
6.1725 0.02055333891938914206
6.1775 0.02055729515188197201
6.1825 0.02056137087277246436
6.1875 0.02056555498494887224
6.1925 0.02056983951184902792
6.1975 0.02057420650359121500
6.2025 0.02057864382243170323
6.2075 0.02058314197513876759
6.2125 0.02058768068575116822
6.2175 0.02059225593792122361
6.2225 0.02059685415800168243
6.2275 0.02060147300330881365
6.2325 0.02060609884849124579
6.2375 0.02061073150168744525
6.2425 0.02061536354397586548
6.2475 0.02061999223122026534
6.2525 0.02062461812148153051
6.2575 0.02062923291644337340
6.2625 0.02063383673397504309
6.2675 0.02063842277089658617
6.2725 0.02064299276680909428
6.2775 0.02064754016874239054
6.2825 0.02065206549999923369
6.2875 0.02065657330268092298
6.2925 0.02066105878526099462
6.2975 0.02066553570659946173
6.3025 0.02067001190767382354
6.3075 0.02067449115111842303
6.3125 0.02067899405309255381
6.3175 0.02068352977468341722
6.3225 0.02068811141917069329
6.3275 0.02069275469585797264
6.3325 0.02069746658647202836
6.3375 0.02070225772163552039
6.3425 0.02070713657868511123
6.3475 0.02071211162163372893
6.3525 0.02071717970337787207
6.3575 0.02072234332518498034
6.3625 0.02072759308641908271
6.3675 0.02073293046030052350
6.3725 0.02073834437616840429
6.3775 0.02074382529824076588
6.3825 0.02074935913596526876
6.3875 0.02075494018856087475
6.3925 0.02076055443587870863
6.3975 0.02076619052909229463
6.4025 0.02077184064278561962
6.4075 0.02077749757598825603
6.4125 0.02078315529573519435
6.4175 0.02078881054963040501
6.4225 0.02079446364321362734
6.4275 0.02080011089003961505
6.4325 0.02080575752111200535
6.4375 0.02081140267017655629
6.4425 0.02081705277787060035
6.4475 0.02082271384864554931
6.4525 0.02082839120572494568
6.4575 0.02083409334707472804
6.4625 0.02083982800287113857
6.4675 0.02084559911598195953
6.4725 0.02085141825686754810
6.4775 0.02085728809785813292
6.4825 0.02086322169251413408
6.4875 0.02086922364301073071
6.4925 0.02087529674153533119
6.4975 0.02088145128719914867
6.5025 0.02088769124983599207
6.5075 0.02089401825174880614
6.5125 0.02090043783521147031
6.5175 0.02090695416949406998
6.5225 0.02091357194575641648
6.5275 0.02092028949014148806
6.5325 0.02092711169701311907
6.5375 0.02093404190259361489
6.5425 0.02094107703434059178
6.5475 0.02094822643914859631
6.5525 0.02095548323109917149
6.5575 0.02096285494682647785
6.5625 0.02097034185721440708
6.5675 0.02097795144214637669
6.5725 0.02098567609278871940
6.5775 0.02099352610389116150
6.5825 0.02100149975923262108
6.5875 0.02100959694057468255
6.5925 0.02101782098378182986
6.5975 0.02102616132748737210
6.6025 0.02103462924108133805
6.6075 0.02104321361708260882
6.6125 0.02105191192816363924
6.6175 0.02106072266006786542
6.6225 0.02106963694294041595
6.6275 0.02107864874083849316
6.6325 0.02108775429177196792
6.6375 0.02109694143912525105
6.6425 0.02110620811079557888
6.6475 0.02111554061435333071
6.6525 0.02112493714732478420
6.6575 0.02113438923822130375
6.6625 0.02114388782374871170
6.6675 0.02115342717473006270
6.6725 0.02116300479389874450
6.6775 0.02117261674241337904
6.6825 0.02118225571382215816
6.6875 0.02119192794087564058
6.6925 0.02120162678774602932
6.6975 0.02121135483678229100
6.7025 0.02122111629114776382
6.7075 0.02123091611009680912
6.7125 0.02124076157971423531
6.7175 0.02125066078540983894
6.7225 0.02126062355055320305
6.7275 0.02127066107756403826
6.7325 0.02128078922181248986
6.7375 0.02129100876491189093
6.7425 0.02130134068166322087
6.7475 0.02131179014308823283
6.7525 0.02132236467104354008
6.7575 0.02133307110792790826
6.7625 0.02134390996149807332
6.7675 0.02135488830712465452
6.7725 0.02136600415214537363
6.7775 0.02137725896313653895
6.7825 0.02138864798311316748
6.7875 0.02140017238596499463
6.7925 0.02141183016185631283
6.7975 0.02142361545655336458
6.8025 0.02143552359348309053
6.8075 0.02144755492267296643
6.8125 0.02145970555434506891
6.8175 0.02147196792453227865
6.8225 0.02148434215161070318
6.8275 0.02149682313558658880
6.8325 0.02150941020602067238
6.8375 0.02152210483508992453
6.8425 0.02153490634001644852
6.8475 0.02154782745505874966
6.8525 0.02156087359367157841
6.8575 0.02157406100555368800
6.8625 0.02158740746183970480
6.8675 0.02160092542528320100
6.8725 0.02161463957331018204
6.8775 0.02162856700338283353
6.8825 0.02164272743855212913
6.8875 0.02165713399033073611
6.8925 0.02167180482462738658
6.8975 0.02168674385753058265
6.9025 0.02170195748839734776
6.9075 0.02171744644992737797
6.9125 0.02173320644784077285
6.9175 0.02174923258188405858
6.9225 0.02176551528142026820
6.9275 0.02178204290708867993
6.9325 0.02179880354596671829
6.9375 0.02181578698857953788
6.9425 0.02183298071542027693
6.9475 0.02185037423872070866
6.9525 0.02186796066009952591
6.9575 0.02188573010605824112
6.9625 0.02190368264283720084
6.9675 0.02192181245930821185
6.9725 0.02194012253053579525
6.9775 0.02195861593158629152
6.9825 0.02197728656865426469
6.9875 0.02199614592922144798
6.9925 0.02201519196949491136
6.9975 0.02203443222800005596
7.0025 0.02205386182841335974
7.0075 0.02207347430572458025
7.0125 0.02209327510794661248
7.0175 0.02211325253330804347
7.0225 0.02213340043933824039
7.0275 0.02215370205665830733
7.0325 0.02217414608121615754
7.0375 0.02219471596158847926
7.0425 0.02221539370756017359
7.0475 0.02223616615541682343
7.0525 0.02225701663477467479
7.0575 0.02227792886454628071
7.0625 0.02229889340552965865
7.0675 0.02231990174109649977
7.0725 0.02234094372418503338
7.0775 0.02236202335970625260
7.0825 0.02238313629210741257
7.0875 0.02240428731315606201
7.0925 0.02242547677969734810
7.0975 0.02244671308781225755
7.1025 0.02246800963333893050
7.1075 0.02248935713710336834
7.1125 0.02251077477462037207
7.1175 0.02253226640047484991
7.1225 0.02255383018325564023
7.1275 0.02257547481841961842
7.1325 0.02259720296231507511
7.1375 0.02261901347942391408
7.1425 0.02264091086393592647
7.1475 0.02266289573285155262
7.1525 0.02268496688425949634
7.1575 0.02270712362697075576
7.1625 0.02272936941041054856
7.1675 0.02275169835141025929
7.1725 0.02277410341732698587
7.1775 0.02279658388009362172
7.1825 0.02281913268735291656
7.1875 0.02284174438370496080
7.1925 0.02286441180086361269
7.1975 0.02288712738501987379
7.2025 0.02290988555780926195
7.2075 0.02293267403579178979
7.2125 0.02295548911339504936
7.2175 0.02297832115282094634
7.2225 0.02300116054535314772
7.2275 0.02302399975157091647
7.2325 0.02304682763712328358
7.2375 0.02306963871567898131
7.2425 0.02309243034158147551
7.2475 0.02311518937562591705
7.2525 0.02313792005981259170
7.2575 0.02316061345668637972
7.2625 0.02318326995726117598
7.2675 0.02320589068444931305
7.2725 0.02322847215757687517
7.2775 0.02325101577790697829
7.2825 0.02327352449620635061
7.2875 0.02329599320525245834
7.2925 0.02331842581340088857
7.2975 0.02334082015674982663
7.3025 0.02336317747030570990
7.3075 0.02338549016955389359
7.3125 0.02340776412419942262
7.3175 0.02342999357394599802
7.3225 0.02345218474854096971
7.3275 0.02347433321159190719
7.3325 0.02349644289244987028
7.3375 0.02351851022329752572
7.3425 0.02354054180131796153
7.3475 0.02356253171078498063
7.3525 0.02358448856488990636
7.3575 0.02360640280816826350
7.3625 0.02362828144546575554
7.3675 0.02365011807741475638
7.3725 0.02367191734701241598
7.3775 0.02369368242707822758
7.3825 0.02371540389693014075
7.3875 0.02373709957439966087
7.3925 0.02375877800416635946
7.3975 0.02378045444045806187
7.4025 0.02380214774816604567
7.4075 0.02382388114118362196
7.4125 0.02384568454247517483
7.4175 0.02386759655082780485
7.4225 0.02388965757557312899
7.4275 0.02391190153514461542
7.4325 0.02393438304333006875
7.4375 0.02395714760009444444
7.4425 0.02398024447024628761
7.4475 0.02400372352023709063
7.4525 0.02402763365314845509
7.4575 0.02405202384121768108
7.4625 0.02407693767484922476
7.4675 0.02410241493981582842
7.4725 0.02412849932225281241
7.4775 0.02415522379495093838
7.4825 0.02418261280112105061
7.4875 0.02421069313259934311
7.4925 0.02423948058046869816
7.4975 0.02426899030308250424
7.5025 0.02429922916484967763
7.5075 0.02433020390088232524
7.5125 0.02436192668587069260
7.5175 0.02439439603100185608
7.5225 0.02442763250176971726
7.5275 0.02446164019925684691
7.5325 0.02449643829776026668
7.5375 0.02453204770272549712
7.5425 0.02456849107570005172
7.5475 0.02460579862782443644
7.5525 0.02464400694638605935
7.5575 0.02468315631537515084
7.5625 0.02472328357562853310
7.5675 0.02476444162232033924
7.5725 0.02480667307549725559
7.5775 0.02485002752817731461
7.5825 0.02489455625207200387
7.5875 0.02494030500942229223
7.5925 0.02498731657700137970
7.5975 0.02503563420162183834
7.6025 0.02508529928171578105
7.6075 0.02513633780229026365
7.6125 0.02518878533862053265
7.6175 0.02524266829663953521
7.6225 0.02529801227115624149
7.6275 0.02535484643706887448
7.6325 0.02541319927603432824
7.6375 0.02547310510843325479
7.6425 0.02553460428144698272
7.6475 0.02559773691266696571
7.6525 0.02566256281123764291
7.6575 0.02572913017935229973
7.6625 0.02579750434153778998
7.6675 0.02586774045321348775
7.6725 0.02593990905104517214
7.6775 0.02601407398007447858
7.6825 0.02609028934837262850
7.6875 0.02616860935071587194
7.6925 0.02624908619348745656
7.6975 0.02633176048545894654
7.7025 0.02641666480641444506
7.7075 0.02650383554294713506
7.7125 0.02659329451937497354
7.7175 0.02668507548721415004
7.7225 0.02677919438638303937
7.7275 0.02687568755094499329
7.7325 0.02697458176848703884
7.7375 0.02707590912218230464
7.7425 0.02717971995630329152
7.7475 0.02728605822243217183
7.7525 0.02739499233216420235
7.7575 0.02750658126329979039
7.7625 0.02762091236387412621
7.7675 0.02773806806374808087
7.7725 0.02785813337200478482
7.7775 0.02798121963553401939
7.7825 0.02810742628445495050
7.7875 0.02823686808781161392
7.7925 0.02836965236565044263
7.7975 0.02850589728857478439
7.8025 0.02864571695165892343
7.8075 0.02878923605458853785
7.8125 0.02893656917893491082
7.8175 0.02908785040106147066
7.8225 0.02924319094935429880
7.8275 0.02940272872139962010
7.8325 0.02956659384457252168
7.8375 0.02973492019724999214
7.8425 0.02990784813844287598
7.8475 0.03008552235264602692
7.8525 0.03026808921466290006
7.8575 0.03045570454723591294
7.8625 0.03064851935847104358
7.8675 0.03084670706101339671
7.8725 0.03105043950621815332
7.8775 0.03125987750232973178
7.8825 0.03147521673194341590
7.8875 0.03169664025626345305
7.8925 0.03192434315640817893
7.8975 0.03215852256675721943
7.9025 0.03239938910753700080
7.9075 0.03264715229612677461
7.9125 0.03290202938777483238
7.9175 0.03316425321199307358
7.9225 0.03343404927758061168
7.9275 0.03371167333827424645
7.9325 0.03399737477897341043
7.9375 0.03429142938920832356
7.9425 0.03459410811047167883
7.9475 0.03490571539562019321
7.9525 0.03522656167891058399
7.9575 0.03555695953374758689
7.9625 0.03589727129021690055
7.9675 0.03624783291726165618
7.9725 0.03660902888935974736
7.9775 0.03698124312398860108
7.9825 0.03736487917197398034
7.9875 0.03776036455187983115
7.9925 0.03816813634964986990
7.9975 0.03858865945382510682
8.0025 0.03902242197575035709
8.0075 0.03946991975196748048
8.0125 0.03993169720865183403
8.0175 0.04040830668892103628
8.0225 0.04090032622950592889
8.0275 0.04140838018862991882
8.0325 0.04193310593742624603
8.0375 0.04247517377374324110
8.0425 0.04303528333076626911
8.0475 0.04361416141894276094
8.0525 0.04421255293938160247
8.0575 0.04483123979031183870
8.0625 0.04547103344707541933
8.0675 0.04613276103534390271
8.0725 0.04681729173163434732
8.0775 0.04752548274732127515
8.0825 0.04825828823643144028
8.0875 0.04901662812287215648
8.0925 0.04980149418406720069
8.0975 0.05061389431051050575
8.1025 0.05145486491818010433
8.1075 0.05232551574593382465
8.1125 0.05322694267003944685
8.1175 0.05416032574802660121
8.1225 0.05512687212861763081
8.1275 0.05612783433333432687
8.1325 0.05716451390207898803
8.1375 0.05823824771496979164
8.1425 0.05935039109497457221
8.1475 0.06050237342622350606
8.1525 0.06169561241974455545
8.1575 0.06293156936143952385
8.1625 0.06421170206447802953
8.1675 0.06553748942770519503
8.1725 0.06691036728128403610
8.1775 0.06833181096200910409
8.1825 0.06980323564416787696
8.1875 0.07132602518516265033
8.1925 0.07290154977307160278
8.1975 0.07453111909420806480
8.2025 0.07621594229958131295
8.2075 0.07795717580857741691
8.2125 0.07975585176814128929
8.2175 0.08161289750845618363
8.2225 0.08352907726624110574
8.2275 0.08550494511620267135
8.2325 0.08754089965244685190
8.2375 0.08963702772318576928
8.2425 0.09179315901621536156
8.2475 0.09400876940277207161
8.2525 0.09628291402506876373
8.2575 0.09861418585070325094
8.2625 0.10100064870628472358
8.2675 0.10343978167220188591
8.2725 0.10592828453465244487
8.2775 0.10846210174922742142
8.2825 0.11103618824768579643
8.2875 0.11364446483613035999
8.2925 0.11627971894560133748
8.2975 0.11893328700725756819
8.3025 0.12159516056624351810
8.3075 0.12425363236189007621
8.3125 0.12689523476708114424
8.3175 0.12950460471551414332
8.3225 0.13206426272535956579
8.3275 0.13455459226549693064
8.3325 0.13695367446512865528
8.3375 0.13923721422895868338
8.3425 0.14137840098077064654
8.3475 0.14334812389659326581
8.3525 0.14511473805879332444
8.3575 0.14664436117459728193
8.3625 0.14790105560717733968
8.3675 0.14884704073493504328
8.3725 0.14944316159482531892
8.3775 0.14964935326101047597
8.3825 0.14942538295528789982
8.3875 0.14873170239640134960
8.3925 0.14753035102727879435
8.3975 0.14578631623008331264
8.4025 0.14346862600441709357
8.4075 0.14055209588638517548
8.4125 0.13701863685309109697
8.4175 0.13285923541540956005
8.4225 0.12807544959559660769
8.4275 0.12268103541974263726
8.4325 0.11670340582160523835
8.4375 0.11018472193699083150
8.4425 0.10318261028978455152
8.4475 0.09577026557835788267
8.4525 0.08803593633223641413
8.4575 0.08008152310537469676
8.4625 0.07202036790318015747
8.4675 0.06397398935863238267
8.4725 0.05606808719756755516
8.4775 0.04842758844042724387
8.4825 0.04117130599361470966
8.4875 0.03440618374665019991
8.4925 0.02822196729315252020
8.4975 0.02268633304914241880
8.5025 0.01784144269927634419
8.5075 0.01370206012764686558
8.5125 0.01025574492057163521
8.5175 0.00746510805215310283
8.5225 0.00527198162085564925
8.5275 0.00360307888363171295
8.5325 0.00237647404033394577
8.5375 0.00150815040683158685
8.5425 0.00091788603837705243
8.5475 0.00053385485896764858
8.5525 0.00029557877629578737
8.5575 0.00015513859104047666
8.5625 0.00007683995960998962
8.5675 0.00003573779259363188
8.5725 0.00001552412914381385
8.5775 0.00000626162604378438
8.5825 0.00000233026816087855
8.5875 0.00000000000000000000
8.5925 0.00000000000000000000
8.5975 0.00000000000000000000
8.6025 0.00000000000000000000
8.6075 0.00000000000000000000
8.6125 0.00000000000000000000
8.6175 0.00000000000000000000
8.6225 0.00000000000000000000
8.6275 0.00000000000000000000
8.6325 0.00000000000000000000
8.6375 0.00000000000000000000
8.6425 0.00000000000000000000
8.6475 0.00000000000000000000
8.6525 0.00000000000000000000
8.6575 0.00000000000000000000
8.6625 0.00000000000000000000
8.6675 0.00000000000000000000
8.6725 0.00000000000000000000
8.6775 0.00000000000000000000
8.6825 0.00000000000000000000
8.6875 0.00000000000000000000
8.6925 0.00000000000000000000
8.6975 0.00000000000000000000
8.7025 0.00000000000000000000
8.7075 0.00000000000000000000
8.7125 0.00000000000000000000
8.7175 0.00000000000000000000
8.7225 0.00000000000000000000
8.7275 0.00000000000000000000
8.7325 0.00000000000000000000
8.7375 0.00000000000000000000
8.7425 0.00000000000000000000
8.7475 0.00000000000000000000
8.7525 0.00000000000000000000
8.7575 0.00000000000000000000
8.7625 0.00000000000000000000
8.7675 0.00000000000000000000
8.7725 0.00000000000000000000
8.7775 0.00000000000000000000
8.7825 0.00000000000000000000
8.7875 0.00000000000000000000
8.7925 0.00000000000000000000
8.7975 0.00000000000000000000
8.8025 0.00000000000000000000
8.8075 0.00000000000000000000
8.8125 0.00000000000000000000
8.8175 0.00000000000000000000
8.8225 0.00000000000000000000
8.8275 0.00000000000000000000
8.8325 0.00000000000000000000
8.8375 0.00000000000000000000
8.8425 0.00000000000000000000
8.8475 0.00000000000000000000
8.8525 0.00000000000000000000
8.8575 0.00000000000000000000
8.8625 0.00000000000000000000
8.8675 0.00000000000000000000
8.8725 0.00000000000000000000
8.8775 0.00000000000000000000
8.8825 0.00000000000000000000
8.8875 0.00000000000000000000
8.8925 0.00000000000000000000
8.8975 0.00000000000000000000
8.9025 0.00000000000000000000
8.9075 0.00000000000000000000
8.9125 0.00000000000000000000
8.9175 0.00000000000000000000
8.9225 0.00000000000000000000
8.9275 0.00000000000000000000
8.9325 0.00000000000000000000
8.9375 0.00000000000000000000
8.9425 0.00000000000000000000
8.9475 0.00000000000000000000
8.9525 0.00000000000000000000
8.9575 0.00000000000000000000
8.9625 0.00000000000000000000
8.9675 0.00000000000000000000
8.9725 0.00000000000000000000
8.9775 0.00000000000000000000
8.9825 0.00000000000000000000
8.9875 0.00000000000000000000
8.9925 0.00000000000000000000
8.9975 0.00000000000000000000
9.0025 0.00000000000000000000
9.0075 0.00000000000000000000
9.0125 0.00000000000000000000
9.0175 0.00000000000000000000
9.0225 0.00000000000000000000
9.0275 0.00000000000000000000
9.0325 0.00000000000000000000
9.0375 0.00000000000000000000
9.0425 0.00000000000000000000
9.0475 0.00000000000000000000
9.0525 0.00000000000000000000
9.0575 0.00000000000000000000
9.0625 0.00000000000000000000
9.0675 0.00000000000000000000
9.0725 0.00000000000000000000
9.0775 0.00000000000000000000
9.0825 0.00000000000000000000
9.0875 0.00000000000000000000
9.0925 0.00000000000000000000
9.0975 0.00000000000000000000
9.1025 0.00000000000000000000
9.1075 0.00000000000000000000
9.1125 0.00000000000000000000
9.1175 0.00000000000000000000
9.1225 0.00000000000000000000
9.1275 0.00000000000000000000
9.1325 0.00000000000000000000
9.1375 0.00000000000000000000
9.1425 0.00000000000000000000
9.1475 0.00000000000000000000
9.1525 0.00000000000000000000
9.1575 0.00000000000000000000
9.1625 0.00000000000000000000
9.1675 0.00000000000000000000
9.1725 0.00000000000000000000
9.1775 0.00000000000000000000
9.1825 0.00000000000000000000
9.1875 0.00000000000000000000
9.1925 0.00000000000000000000
9.1975 0.00000000000000000000
9.2025 0.00000000000000000000
9.2075 0.00000000000000000000
9.2125 0.00000000000000000000
9.2175 0.00000000000000000000
9.2225 0.00000000000000000000
9.2275 0.00000000000000000000
9.2325 0.00000000000000000000
9.2375 0.00000000000000000000
9.2425 0.00000000000000000000
9.2475 0.00000000000000000000
9.2525 0.00000000000000000000
9.2575 0.00000000000000000000
9.2625 0.00000000000000000000
9.2675 0.00000000000000000000
9.2725 0.00000000000000000000
9.2775 0.00000000000000000000
9.2825 0.00000000000000000000
9.2875 0.00000000000000000000
9.2925 0.00000000000000000000
9.2975 0.00000000000000000000
9.3025 0.00000000000000000000
9.3075 0.00000000000000000000
9.3125 0.00000000000000000000
9.3175 0.00000000000000000000
9.3225 0.00000000000000000000
9.3275 0.00000000000000000000
9.3325 0.00000000000000000000
9.3375 0.00000000000000000000
9.3425 0.00000000000000000000
9.3475 0.00000000000000000000
9.3525 0.00000000000000000000
9.3575 0.00000000000000000000
9.3625 0.00000000000000000000
9.3675 0.00000000000000000000
9.3725 0.00000000000000000000
9.3775 0.00000000000000000000
9.3825 0.00000000000000000000
9.3875 0.00000000000000000000
9.3925 0.00000000000000000000
9.3975 0.00000000000000000000
9.4025 0.00000000000000000000
9.4075 0.00000000000000000000
9.4125 0.00000000000000000000
9.4175 0.00000000000000000000
9.4225 0.00000000000000000000
9.4275 0.00000000000000000000
9.4325 0.00000000000000000000
9.4375 0.00000000000000000000
9.4425 0.00000000000000000000
9.4475 0.00000000000000000000
9.4525 0.00000000000000000000
9.4575 0.00000000000000000000
9.4625 0.00000000000000000000
9.4675 0.00000000000000000000
9.4725 0.00000000000000000000
9.4775 0.00000000000000000000
9.4825 0.00000000000000000000
9.4875 0.00000000000000000000
9.4925 0.00000000000000000000
9.4975 0.00000000000000000000
9.5025 0.00000000000000000000
9.5075 0.00000000000000000000
9.5125 0.00000000000000000000
9.5175 0.00000000000000000000
9.5225 0.00000000000000000000
9.5275 0.00000000000000000000
9.5325 0.00000000000000000000
9.5375 0.00000000000000000000
9.5425 0.00000000000000000000
9.5475 0.00000000000000000000
9.5525 0.00000000000000000000
9.5575 0.00000000000000000000
9.5625 0.00000000000000000000
9.5675 0.00000000000000000000
9.5725 0.00000000000000000000
9.5775 0.00000000000000000000
9.5825 0.00000000000000000000
9.5875 0.00000000000000000000
9.5925 0.00000000000000000000
9.5975 0.00000000000000000000
9.6025 0.00000000000000000000
9.6075 0.00000000000000000000
9.6125 0.00000000000000000000
9.6175 0.00000000000000000000
9.6225 0.00000000000000000000
9.6275 0.00000000000000000000
9.6325 0.00000000000000000000
9.6375 0.00000000000000000000
9.6425 0.00000000000000000000
9.6475 0.00000000000000000000
9.6525 0.00000000000000000000
9.6575 0.00000000000000000000
9.6625 0.00000000000000000000
9.6675 0.00000000000000000000
9.6725 0.00000000000000000000
9.6775 0.00000000000000000000
9.6825 0.00000000000000000000
9.6875 0.00000000000000000000
9.6925 0.00000000000000000000
9.6975 0.00000000000000000000
9.7025 0.00000000000000000000
9.7075 0.00000000000000000000
9.7125 0.00000000000000000000
9.7175 0.00000000000000000000
9.7225 0.00000000000000000000
9.7275 0.00000000000000000000
9.7325 0.00000000000000000000
9.7375 0.00000000000000000000
9.7425 0.00000000000000000000
9.7475 0.00000000000000000000
9.7525 0.00000000000000000000
9.7575 0.00000000000000000000
9.7625 0.00000000000000000000
9.7675 0.00000000000000000000
9.7725 0.00000000000000000000
9.7775 0.00000000000000000000
9.7825 0.00000000000000000000
9.7875 0.00000000000000000000
9.7925 0.00000000000000000000
9.7975 0.00000000000000000000
9.8025 0.00000000000000000000
9.8075 0.00000000000000000000
9.8125 0.00000000000000000000
9.8175 0.00000000000000000000
9.8225 0.00000000000000000000
9.8275 0.00000000000000000000
9.8325 0.00000000000000000000
9.8375 0.00000000000000000000
9.8425 0.00000000000000000000
9.8475 0.00000000000000000000
9.8525 0.00000000000000000000
9.8575 0.00000000000000000000
9.8625 0.00000000000000000000
9.8675 0.00000000000000000000
9.8725 0.00000000000000000000
9.8775 0.00000000000000000000
9.8825 0.00000000000000000000
9.8875 0.00000000000000000000
9.8925 0.00000000000000000000
9.8975 0.00000000000000000000
9.9025 0.00000000000000000000
9.9075 0.00000000000000000000
9.9125 0.00000000000000000000
9.9175 0.00000000000000000000
9.9225 0.00000000000000000000
9.9275 0.00000000000000000000
9.9325 0.00000000000000000000
9.9375 0.00000000000000000000
9.9425 0.00000000000000000000
9.9475 0.00000000000000000000
9.9525 0.00000000000000000000
9.9575 0.00000000000000000000
9.9625 0.00000000000000000000
9.9675 0.00000000000000000000
9.9725 0.00000000000000000000
9.9775 0.00000000000000000000
9.9825 0.00000000000000000000
9.9875 0.00000000000000000000
9.9925 0.00000000000000000000
9.9975 0.00000000000000000000
