xbins rho
0.0025 0.00000000000000000000
0.0075 0.00000000000000000000
0.0125 0.00000000000000000000
0.0175 0.00000000000000000000
0.0225 0.00000000000000000000
0.0275 0.00000000000000000000
0.0325 0.00000000000000000000
0.0375 0.00000000000000000000
0.0425 0.00000000000000000000
0.0475 0.00000000000000000000
0.0525 0.00000000000000000000
0.0575 0.00000000000000000000
0.0625 0.00000000000000000000
0.0675 0.00000000000000000000
0.0725 0.00000000000000000000
0.0775 0.00000000000000000000
0.0825 0.00000000000000000000
0.0875 0.00000000000000000000
0.0925 0.00000000000000000000
0.0975 0.00000000000000000000
0.1025 0.00000000000000000000
0.1075 0.00000000000000000000
0.1125 0.00000000000000000000
0.1175 0.00000000000000000000
0.1225 0.00000000000000000000
0.1275 0.00000000000000000000
0.1325 0.00000000000000000000
0.1375 0.00000000000000000000
0.1425 0.00000000000000000000
0.1475 0.00000000000000000000
0.1525 0.00000000000000000000
0.1575 0.00000000000000000000
0.1625 0.00000000000000000000
0.1675 0.00000000000000000000
0.1725 0.00000000000000000000
0.1775 0.00000000000000000000
0.1825 0.00000000000000000000
0.1875 0.00000000000000000000
0.1925 0.00000000000000000000
0.1975 0.00000000000000000000
0.2025 0.00000000000000000000
0.2075 0.00000000000000000000
0.2125 0.00000000000000000000
0.2175 0.00000000000000000000
0.2225 0.00000000000000000000
0.2275 0.00000000000000000000
0.2325 0.00000000000000000000
0.2375 0.00000000000000000000
0.2425 0.00000000000000000000
0.2475 0.00000000000000000000
0.2525 0.00000000000000000000
0.2575 0.00000000000000000000
0.2625 0.00000000000000000000
0.2675 0.00000000000000000000
0.2725 0.00000000000000000000
0.2775 0.00000000000000000000
0.2825 0.00000000000000000000
0.2875 0.00000000000000000000
0.2925 0.00000000000000000000
0.2975 0.00000000000000000000
0.3025 0.00000000000000000000
0.3075 0.00000000000000000000
0.3125 0.00000000000000000000
0.3175 0.00000000000000000000
0.3225 0.00000000000000000000
0.3275 0.00000000000000000000
0.3325 0.00000000000000000000
0.3375 0.00000000000000000000
0.3425 0.00000000000000000000
0.3475 0.00000000000000000000
0.3525 0.00000000000000000000
0.3575 0.00000000000000000000
0.3625 0.00000000000000000000
0.3675 0.00000000000000000000
0.3725 0.00000000000000000000
0.3775 0.00000000000000000000
0.3825 0.00000000000000000000
0.3875 0.00000000000000000000
0.3925 0.00000000000000000000
0.3975 0.00000000000000000000
0.4025 0.00000000000000000000
0.4075 0.00000000000000000000
0.4125 0.00000000000000000000
0.4175 0.00000000000000000000
0.4225 0.00000000000000000000
0.4275 0.00000000000000000000
0.4325 0.00000000000000000000
0.4375 0.00000000000000000000
0.4425 0.00000000000000000000
0.4475 0.00000000000000000000
0.4525 0.00000000000000000000
0.4575 0.00000000000000000000
0.4625 0.00000000000000000000
0.4675 0.00000000000000000000
0.4725 0.00000000000000000000
0.4775 0.00000000000000000000
0.4825 0.00000000000000000000
0.4875 0.00000000000000000000
0.4925 0.00000000000000000000
0.4975 0.00000000000000000000
0.5025 0.00000000000000000000
0.5075 0.00000000000000000000
0.5125 0.00000000000000000000
0.5175 0.00000000000000000000
0.5225 0.00000000000000000000
0.5275 0.00000000000000000000
0.5325 0.00000000000000000000
0.5375 0.00000000000000000000
0.5425 0.00000000000000000000
0.5475 0.00000000000000000000
0.5525 0.00000000000000000000
0.5575 0.00000000000000000000
0.5625 0.00000000000000000000
0.5675 0.00000000000000000000
0.5725 0.00000000000000000000
0.5775 0.00000000000000000000
0.5825 0.00000000000000000000
0.5875 0.00000000000000000000
0.5925 0.00000000000000000000
0.5975 0.00000000000000000000
0.6025 0.00000000000000000000
0.6075 0.00000000000000000000
0.6125 0.00000000000000000000
0.6175 0.00000000000000000000
0.6225 0.00000000000000000000
0.6275 0.00000000000000000000
0.6325 0.00000000000000000000
0.6375 0.00000000000000000000
0.6425 0.00000000000000000000
0.6475 0.00000000000000000000
0.6525 0.00000000000000000000
0.6575 0.00000000000000000000
0.6625 0.00000000000000000000
0.6675 0.00000000000000000000
0.6725 0.00000000000000000000
0.6775 0.00000000000000000000
0.6825 0.00000000000000000000
0.6875 0.00000000000000000000
0.6925 0.00000000000000000000
0.6975 0.00000000000000000000
0.7025 0.00000000000000000000
0.7075 0.00000000000000000000
0.7125 0.00000000000000000000
0.7175 0.00000000000000000000
0.7225 0.00000000000000000000
0.7275 0.00000000000000000000
0.7325 0.00000000000000000000
0.7375 0.00000000000000000000
0.7425 0.00000000000000000000
0.7475 0.00000000000000000000
0.7525 0.00000000000000000000
0.7575 0.00000000000000000000
0.7625 0.00000000000000000000
0.7675 0.00000000000000000000
0.7725 0.00000000000000000000
0.7775 0.00000000000000000000
0.7825 0.00000000000000000000
0.7875 0.00000000000000000000
0.7925 0.00000000000000000000
0.7975 0.00000000000000000000
0.8025 0.00000000000000000000
0.8075 0.00000000000000000000
0.8125 0.00000000000000000000
0.8175 0.00000000000000000000
0.8225 0.00000000000000000000
0.8275 0.00000000000000000000
0.8325 0.00000000000000000000
0.8375 0.00000000000000000000
0.8425 0.00000000000000000000
0.8475 0.00000000000000000000
0.8525 0.00000000000000000000
0.8575 0.00000000000000000000
0.8625 0.00000000000000000000
0.8675 0.00000000000000000000
0.8725 0.00000000000000000000
0.8775 0.00000000000000000000
0.8825 0.00000000000000000000
0.8875 0.00000000000000000000
0.8925 0.00000000000000000000
0.8975 0.00000000000000000000
0.9025 0.00000000000000000000
0.9075 0.00000000000000000000
0.9125 0.00000000000000000000
0.9175 0.00000000000000000000
0.9225 0.00000000000000000000
0.9275 0.00000000000000000000
0.9325 0.00000000000000000000
0.9375 0.00000000000000000000
0.9425 0.00000000000000000000
0.9475 0.00000000000000000000
0.9525 0.00000000000000000000
0.9575 0.00000000000000000000
0.9625 0.00000000000000000000
0.9675 0.00000000000000000000
0.9725 0.00000000000000000000
0.9775 0.00000000000000000000
0.9825 0.00000000000000000000
0.9875 0.00000000000000000000
0.9925 0.00000000000000000000
0.9975 0.00000000000000000000
1.0025 0.00000000000000000000
1.0075 0.00000000000000000000
1.0125 0.00000000000000000000
1.0175 0.00000000000000000000
1.0225 0.00000000000000000000
1.0275 0.00000000000000000000
1.0325 0.00000000000000000000
1.0375 0.00000000000000000000
1.0425 0.00000000000000000000
1.0475 0.00000000000000000000
1.0525 0.00000000000000000000
1.0575 0.00000000000000000000
1.0625 0.00000000000000000000
1.0675 0.00000000000000000000
1.0725 0.00000000000000000000
1.0775 0.00000000000000000000
1.0825 0.00000000000000000000
1.0875 0.00000000000000000000
1.0925 0.00000000000000000000
1.0975 0.00000000000000000000
1.1025 0.00000000000000000000
1.1075 0.00000000000000000000
1.1125 0.00000000000000000000
1.1175 0.00000000000000000000
1.1225 0.00000000000000000000
1.1275 0.00000000000000000000
1.1325 0.00000000000000000000
1.1375 0.00000000000000000000
1.1425 0.00000000000000000000
1.1475 0.00000000000000000000
1.1525 0.00000000000000000000
1.1575 0.00000000000000000000
1.1625 0.00000000000000000000
1.1675 0.00000000000000000000
1.1725 0.00000000000000000000
1.1775 0.00000000000000000000
1.1825 0.00000000000000000000
1.1875 0.00000000000000000000
1.1925 0.00000000000000000000
1.1975 0.00000000000000000000
1.2025 0.00000000000000000000
1.2075 0.00000000000000000000
1.2125 0.00000000000000000000
1.2175 0.00000000000000000000
1.2225 0.00000000000000000000
1.2275 0.00000000000000000000
1.2325 0.00000000000000000000
1.2375 0.00000000000000000000
1.2425 0.00000000000000000000
1.2475 0.00000000000000000000
1.2525 0.00000000000000000000
1.2575 0.00000000000000000000
1.2625 0.00000000000000000000
1.2675 0.00000000000000000000
1.2725 0.00000000000000000000
1.2775 0.00000000000000000000
1.2825 0.00000000000000000000
1.2875 0.00000000000000000000
1.2925 0.00000000000000000000
1.2975 0.00000000000000000000
1.3025 0.00000000000000000000
1.3075 0.00000000000000000000
1.3125 0.00000000000000000000
1.3175 0.00000000000000000000
1.3225 0.00000000000000000000
1.3275 0.00000000000000000000
1.3325 0.00000000000000000000
1.3375 0.00000000000000000000
1.3425 0.00000000000000000000
1.3475 0.00000000000000000000
1.3525 0.00000000000000000000
1.3575 0.00000000000000000000
1.3625 0.00000000000000000000
1.3675 0.00000000000000000000
1.3725 0.00000000000000000000
1.3775 0.00000000000000000000
1.3825 0.00000000000000000000
1.3875 0.00000000000000000000
1.3925 0.00000000000000000000
1.3975 0.00000000000000000000
1.4025 0.00000274879918906516
1.4075 0.00000968430377862180
1.4125 0.00003077752486702321
1.4175 0.00008895270422950567
1.4225 0.00023553117537345722
1.4275 0.00057519039773401657
1.4325 0.00130362969214976366
1.4375 0.00275831301569428667
1.4425 0.00547924961581664101
1.4475 0.01027228943180317697
1.4525 0.01826279962951418701
1.4575 0.03092439003718581991
1.4625 0.05006541617221506313
1.4675 0.07775245715031701976
1.4725 0.11614109933884220194
1.4775 0.16717146711210512100
1.4825 0.23219361543102820522
1.4875 0.31172510871461911464
1.4925 0.40552608781861110288
1.4975 0.51287798075466717318
1.5025 0.63276893487379481940
1.5075 0.76389616536786852929
1.5125 0.90456460518482384447
1.5175 1.05265682438716146052
1.5225 1.20564301631776493728
1.5275 1.36071298820400743423
1.5325 1.51492780199174736921
1.5375 1.66541039502017595986
1.5425 1.80949727708106222757
1.5475 1.94486100842784193077
1.5525 2.06959234253363089096
1.5575 2.18222308522165864275
1.5625 2.28173802039212114678
1.5675 2.36753544623312039974
1.5725 2.43940551156257967591
1.5775 2.49748496605805136994
1.5825 2.54220531029775287379
1.5875 2.57422087219499529098
1.5925 2.59436718357700080162
1.5975 2.60357324663311651136
1.6025 2.60285808561075704404
1.6075 2.59321584416494488323
1.6125 2.57565292005475576786
1.6175 2.55108132313047297757
1.6225 2.52036881344576402242
1.6275 2.48430176037705674474
1.6325 2.44360339885700428297
1.6375 2.39893227053175905894
1.6425 2.35087350044077325606
1.6475 2.29998277299583619993
1.6525 2.24674253248717681331
1.6575 2.19159953265343965256
1.6625 2.13493003740611264618
1.6675 2.07707212780665839702
1.6725 2.01833007138979603212
1.6775 1.95898095776634528775
1.6825 1.89928102100911000427
1.6875 1.83945387824631634288
1.6925 1.77968615545777431031
1.6975 1.72017454707011685500
1.7025 1.66110159428406256588
1.7075 1.60268120032731875568
1.7125 1.54514024222674239972
1.7175 1.48868557413153124180
1.7225 1.43352844606820162277
1.7275 1.37982795111366884910
1.7325 1.32773528681826880060
1.7375 1.27733460967846745859
1.7425 1.22871417556907291946
1.7475 1.18189904863416450631
1.7525 1.13690854827208753797
1.7575 1.09373484130924447655
1.7625 1.05235564995804131705
1.7675 1.01275149178688428364
1.7725 0.97488664689233339722
1.7775 0.93873621533542239703
1.7825 0.90426260400990776667
1.7875 0.87143413495264732127
1.7925 0.84020006047784223657
1.7975 0.81051762885045874896
1.8025 0.78232939947099056077
1.8075 0.75558684193915626182
1.8125 0.73022880803816003770
1.8175 0.70620100247043460229
1.8225 0.68343522142064683234
1.8275 0.66187789018206244496
1.8325 0.64146120176357646070
1.8375 0.62213135375530370652
1.8425 0.60383282414848715725
1.8475 0.58651982618127862512
1.8525 0.57014652184597935936
1.8575 0.55466453620712430350
1.8625 0.54003422363261777139
1.8675 0.52620373301834655333
1.8725 0.51313588862110470767
1.8775 0.50078409640660581648
1.8825 0.48911003089515331377
1.8875 0.47807169834472384995
1.8925 0.46763203943177589217
1.8975 0.45775336374159825148
1.9025 0.44839963834912205387
1.9075 0.43953418316586956305
1.9125 0.43112330212943067442
1.9175 0.42313422321769994516
1.9225 0.41553845062348099271
1.9275 0.40831186780234124400
1.9325 0.40142967506429788616
1.9375 0.39487467907438034143
1.9425 0.38862593740402995302
1.9475 0.38267067149690797701
1.9525 0.37699240468120820413
1.9575 0.37158569455233342316
1.9625 0.36643957507931151918
1.9675 0.36155205464291995110
1.9725 0.35691109573727974880
1.9775 0.35251114815143136383
1.9825 0.34833883718284569531
1.9875 0.34438631932484931042
1.9925 0.34064247092331639832
1.9975 0.33709372681549548689
2.0025 0.33372866204120887890
2.0075 0.33053028122204713979
2.0125 0.32748798285180191758
2.0175 0.32458832943535814719
2.0225 0.32182661442583854194
2.0275 0.31919147993979718470
2.0325 0.31668425977061731569
2.0375 0.31429972196353367364
2.0425 0.31204747076598610134
2.0475 0.30993327005192883306
2.0525 0.30797030777974626625
2.0575 0.30616666436152834008
2.0625 0.30453205802589106144
2.0675 0.30306983633203332662
2.0725 0.30178832406109812325
2.0775 0.30069266988707538113
2.0825 0.29979253232637503856
2.0875 0.29909557479014980963
2.0925 0.29861428530175815332
2.0975 0.29835661481134678752
2.1025 0.29833176882012663045
2.1075 0.29854907714702638710
2.1125 0.29900865458332220870
2.1175 0.29972064131146519683
2.1225 0.30068272583027078060
2.1275 0.30190177892215719346
2.1325 0.30337569799464131348
2.1375 0.30510638486678964831
2.1425 0.30709095903126987226
2.1475 0.30932426487445763286
2.1525 0.31179808488327592775
2.1575 0.31450152071070419657
2.1625 0.31742285084747812185
2.1675 0.32055277175990015692
2.1725 0.32388301068151692519
2.1775 0.32741152422517882936
2.1825 0.33113661329375482234
2.1875 0.33506006171155294782
2.1925 0.33918140082785586120
2.1975 0.34349942229055829834
2.2025 0.34801680746434759950
2.2075 0.35273278756395742839
2.2125 0.35765322767049467778
2.2175 0.36277612725708568986
2.2225 0.36810740747556824903
2.2275 0.37364436921356936061
2.2325 0.37939080696839633244
2.2375 0.38534225998966259441
2.2425 0.39150052776058907877
2.2475 0.39785918509761608597
2.2525 0.40441594548318215985
2.2575 0.41117085935071806535
2.2625 0.41812578445333870025
2.2675 0.42528816571276878422
2.2725 0.43266085755094124687
2.2775 0.44025114863754888361
2.2825 0.44806315401780461016
2.2875 0.45610464357820224013
2.2925 0.46438400761471632094
2.2975 0.47291346881839285698
2.3025 0.48169991469877476709
2.3075 0.49075501857528985861
2.3125 0.50007810786880646514
2.3175 0.50967938802625722960
2.3225 0.51955023161568636425
2.3275 0.52969390648287795198
2.3325 0.54009579742023905435
2.3375 0.55074029985313210922
2.3425 0.56160887137420534287
2.3475 0.57267213429638441635
2.3525 0.58391743874101675882
2.3575 0.59531745038732408748
2.3625 0.60686864391711059508
2.3675 0.61855315909249786177
2.3725 0.63038017721551009576
2.3775 0.64236003100621730244
2.3825 0.65453290311290956982
2.3875 0.66694078330741624061
2.3925 0.67963971303612624730
2.3975 0.69267752103747215475
2.4025 0.70610461863252571568
2.4075 0.71996490170575644374
2.4125 0.73430515909031535138
2.4175 0.74916069903523319073
2.4225 0.76456184941158789048
2.4275 0.78052060384922561376
2.4325 0.79702701611045068120
2.4375 0.81407092184461704587
2.4425 0.83160893243846401024
2.4475 0.84962814276973330774
2.4525 0.86807037710606993475
2.4575 0.88690336015236026501
2.4625 0.90605311488045181534
2.4675 0.92547608272227055437
2.4725 0.94508305662887415188
2.4775 0.96483329369325387947
2.4825 0.98464703574166811961
2.4875 1.00444627395342234166
2.4925 1.02413260145697271319
2.4975 1.04358033194732535698
2.5025 1.06264953747844237419
2.5075 1.08114878282589721437
2.5125 1.09887182801460103754
2.5175 1.11559420241522921913
2.5225 1.13108744063758459575
2.5275 1.14514578519717979965
2.5325 1.15763793506120449273
2.5375 1.16846827663934771380
2.5425 1.17763661092549720699
2.5475 1.18515693741077110523
2.5525 1.19108390856324852791
2.5575 1.19548592483401527886
2.5625 1.19845817063396276048
2.5675 1.20008669964387237883
2.5725 1.20048106084649708336
2.5775 1.19976956651583743785
2.5825 1.19804184009698944102
2.5875 1.19541429852315195248
2.5925 1.19191052535588815076
2.5975 1.18756000401277828082
2.6025 1.18239758353960988657
2.6075 1.17646847729243941849
2.6125 1.16981412314293242716
2.6175 1.16250544900984209562
2.6225 1.15457748456654263336
2.6275 1.14609432174515735170
2.6325 1.13709118733486191921
2.6375 1.12760857986199303227
2.6425 1.11769767183088930551
2.6475 1.10740061107411946750
2.6525 1.09676964637729823515
2.6575 1.08582818650670076543
2.6625 1.07462463805129559979
2.6675 1.06319705949670995082
2.6725 1.05162418674952484743
2.6775 1.03994326253016722283
2.6825 1.02820627928056618217
2.6875 1.01642305387471387768
2.6925 1.00462228270031839195
2.6975 0.99280771708121873242
2.7025 0.98100648536283208134
2.7075 0.96921866305708570533
2.7125 0.95747572990357987521
2.7175 0.94576411534116833213
2.7225 0.93410835138502146258
2.7275 0.92250949257847125740
2.7325 0.91097470572520822252
2.7375 0.89951261151073813593
2.7425 0.88812478466423261381
2.7475 0.87681207537937233543
2.7525 0.86558380324104122749
2.7575 0.85445265357264010841
2.7625 0.84343281735310660086
2.7675 0.83254366739849405832
2.7725 0.82179475833201121038
2.7775 0.81120911540806917017
2.7825 0.80080476227746466567
2.7875 0.79060949159202031922
2.7925 0.78064909090004896974
2.7975 0.77095353843129810212
2.8025 0.76152065429550064302
2.8075 0.75238386112472899203
2.8125 0.74353557760723443248
2.8175 0.73500572009348541513
2.8225 0.72679944694106990433
2.8275 0.71893304390676948668
2.8325 0.71140672184279152290
2.8375 0.70421788110867256094
2.8425 0.69735696093537369311
2.8475 0.69080957339488058278
2.8525 0.68456471869977930655
2.8575 0.67860321425656378036
2.8625 0.67290392578506563748
2.8675 0.66745291177719878739
2.8725 0.66221875629765225568
2.8775 0.65719604515918172982
2.8825 0.65235482257020049879
2.8875 0.64767164065090576663
2.8925 0.64313563587240341057
2.8975 0.63871277391552738756
2.9025 0.63441228212694122934
2.9075 0.63022209525045269629
2.9125 0.62616310179678147385
2.9175 0.62222059468846124819
2.9225 0.61840484261836270452
2.9275 0.61469844450678567949
2.9325 0.61110024089980696793
2.9375 0.60759268449599368456
2.9425 0.60417052381515845561
2.9475 0.60081637632383821934
2.9525 0.59752156854121596385
2.9575 0.59427826100619540739
2.9625 0.59108939040517205488
2.9675 0.58794430287446164396
2.9725 0.58483947652974077602
2.9775 0.58174984891119274621
2.9825 0.57866482561907850446
2.9875 0.57556399060526897138
2.9925 0.57244764281752114066
2.9975 0.56933199320698812951
3.0025 0.56622727076565781967
3.0075 0.56316495913003139506
3.0125 0.56014417291118723252
3.0175 0.55719660051794539513
3.0225 0.55432186602333588521
3.0275 0.55155487455932694640
3.0325 0.54891202952059703346
3.0375 0.54642392735942479920
3.0425 0.54411645674181130516
3.0475 0.54201483528616378749
3.0525 0.54014641689065578944
3.0575 0.53854194958066203824
3.0625 0.53721965949438121868
3.0675 0.53619995953757615403
3.0725 0.53548106131050809964
3.0775 0.53505913487707112974
3.0825 0.53492441177209260061
3.0875 0.53506955377369180837
3.0925 0.53549104903834032765
3.0975 0.53616812912589151274
3.1025 0.53709148526387495703
3.1075 0.53822998575671276988
3.1125 0.53957104754154139314
3.1175 0.54108593292359752347
3.1225 0.54276693977955758896
3.1275 0.54460191870989205221
3.1325 0.54658207779066847465
3.1375 0.54870195678845634646
3.1425 0.55095404754671062353
3.1475 0.55333695049240161357
3.1525 0.55585170511580783703
3.1575 0.55850143133065799361
3.1625 0.56128292731427242845
3.1675 0.56420556554755718626
3.1725 0.56727076652334706974
3.1775 0.57048560043891127780
3.1825 0.57385203791869188183
3.1875 0.57738527238459302904
3.1925 0.58107861296110430160
3.1975 0.58495054590972883624
3.2025 0.58898308945053812202
3.2075 0.59318972798001001756
3.2125 0.59755565573442326333
3.2175 0.60208569029627301283
3.2225 0.60676725350101745615
3.2275 0.61159557879973291961
3.2325 0.61656401323200438203
3.2375 0.62166724308406107191
3.2425 0.62691612548943231875
3.2475 0.63229185127421916324
3.2525 0.63780398242459568348
3.2575 0.64340328572723426426
3.2625 0.64907412125213825860
3.2675 0.65476758247090316445
3.2725 0.66047675425192042820
3.2775 0.66617442710633667513
3.2825 0.67186755084771931923
3.2875 0.67752435216020734376
3.2925 0.68314725732651104817
3.2975 0.68870156307858165778
3.3025 0.69419495039330947339
3.3075 0.69960898787479430805
3.3125 0.70496009578089813274
3.3175 0.71024098420960268818
3.3225 0.71545865457275703569
3.3275 0.72062941685922321522
3.3325 0.72576576613634002921
3.3375 0.73091264271488454174
3.3425 0.73608034379557252258
3.3475 0.74130155160510957657
3.3525 0.74655498325359859191
3.3575 0.75186196481671108138
3.3625 0.75719411778681711134
3.3675 0.76256592165455128196
3.3725 0.76795856930407990770
3.3775 0.77339232213875230837
3.3825 0.77884752895288156260
3.3875 0.78433443759949061924
3.3925 0.78984063824257300102
3.3975 0.79536366253166657092
3.4025 0.80090470681066028291
3.4075 0.80645314374596999141
3.4125 0.81201376714616024799
3.4175 0.81756784447720221021
3.4225 0.82313050113850738665
3.4275 0.82869558836861412221
3.4325 0.83427288209715055878
3.4375 0.83983894095082123332
3.4425 0.84538868311304060654
3.4475 0.85086674455443023213
3.4525 0.85622618961813878879
3.4575 0.86139767730226279863
3.4625 0.86634215869632147378
3.4675 0.87100863080816648409
3.4725 0.87538344563083780869
3.4775 0.87942001590236140718
3.4825 0.88309692322641586415
3.4875 0.88638356569463627732
3.4925 0.88926232226149803939
3.4975 0.89173871911495616871
3.5025 0.89379852137981674609
3.5075 0.89546045613574065669
3.5125 0.89671440974165472770
3.5175 0.89757482953538259007
3.5225 0.89803317588284692352
3.5275 0.89811423860592687340
3.5325 0.89781915931173716938
3.5375 0.89716280672720671863
3.5425 0.89616603721805276894
3.5475 0.89487117426182838376
3.5525 0.89329247723768090417
3.5575 0.89147389912036489878
3.5625 0.88944433023663094229
3.5675 0.88722618506509298708
3.5725 0.88487729190345709718
3.5775 0.88244912604645964205
3.5825 0.87999861847926641456
3.5875 0.87753900967461795357
3.5925 0.87509132461981897766
3.5975 0.87260566799059369192
3.6025 0.87007959129796375031
3.6075 0.86750961401438786424
3.6125 0.86492799827288768810
3.6175 0.86236396145607219221
3.6225 0.85980714000986446788
3.6275 0.85726082904969735932
3.6325 0.85469251372830268298
3.6375 0.85207593398063441459
3.6425 0.84938789031897465875
3.6475 0.84661649082440437741
3.6525 0.84373822111645857547
3.6575 0.84073882699922719564
3.6625 0.83761025342832151619
3.6675 0.83435103091951767773
3.6725 0.83098159291046791441
3.6775 0.82750794566538121710
3.6825 0.82392738391769460016
3.6875 0.82026071692698876436
3.6925 0.81650541932620734897
3.6975 0.81270514110862956958
3.7025 0.80887361261227086473
3.7075 0.80504589288425032478
3.7125 0.80124146850877320247
3.7175 0.79746543254866220085
3.7225 0.79372855367522654468
3.7275 0.79002548650178816558
3.7325 0.78638360076372171292
3.7375 0.78280723381374928138
3.7425 0.77929588016506234904
3.7475 0.77583827048557629791
3.7525 0.77239900730108546067
3.7575 0.76898812899392821052
3.7625 0.76557614992939615473
3.7675 0.76217838699193662944
3.7725 0.75878463212960978179
3.7775 0.75540068299336726731
3.7825 0.75200864144872892059
3.7875 0.74858364582901115725
3.7925 0.74512411503006492630
3.7975 0.74162338532704807914
3.8025 0.73808284235014398611
3.8075 0.73451024796090158553
3.8125 0.73090396234399901410
3.8175 0.72727985688437857270
3.8225 0.72365036514653757749
3.8275 0.72001840625507618210
3.8325 0.71639631630348887814
3.8375 0.71278766617265221228
3.8425 0.70920858335979175546
3.8475 0.70566628473453041348
3.8525 0.70220079073269570102
3.8575 0.69882640986911914727
3.8625 0.69557773429391900333
3.8675 0.69244797483552877893
3.8725 0.68945515754735109404
3.8775 0.68661007504728654993
3.8825 0.68393298246498857029
3.8875 0.68143240402470817152
3.8925 0.67910725114667513935
3.8975 0.67694605666575602410
3.9025 0.67492647485455758982
3.9075 0.67304298432494036319
3.9125 0.67127322290962143647
3.9175 0.66961959010774330103
3.9225 0.66806702127678863068
3.9275 0.66659876784703975261
3.9325 0.66519762322946995869
3.9375 0.66384536023238527314
3.9425 0.66253166660982110159
3.9475 0.66125768104523252600
3.9525 0.66001693026759233884
3.9575 0.65882413180477750192
3.9625 0.65767543746468049015
3.9675 0.65657899253604068424
3.9725 0.65553754990432810956
3.9775 0.65456429515516745266
3.9825 0.65368377998571447485
3.9875 0.65289515833765765507
3.9925 0.65221170239848436090
3.9975 0.65160401580433235935
4.0025 0.65108668385634516085
4.0075 0.65065066432670515262
4.0125 0.65031466388436021120
4.0175 0.65008455505184992163
4.0225 0.64996379618265698319
4.0275 0.64993891915965418260
4.0325 0.64999169147256030676
4.0375 0.65010867929029847456
4.0425 0.65028944811695355011
4.0475 0.65053034664708286883
4.0525 0.65081495113048937196
4.0575 0.65114373472159092771
4.0625 0.65150283730854041675
4.0675 0.65189729649176320070
4.0725 0.65231846239842583568
4.0775 0.65277589726793794345
4.0825 0.65325313767747783533
4.0875 0.65377820165515387885
4.0925 0.65434017842494573980
4.0975 0.65497953096398120465
4.1025 0.65569506792996068434
4.1075 0.65653829790863338367
4.1125 0.65751541184279072016
4.1175 0.65866605164353753121
4.1225 0.65999338495877402089
4.1275 0.66152186273839708175
4.1325 0.66326961165707043477
4.1375 0.66522671832673618830
4.1425 0.66739885639363705216
4.1475 0.66976758608868114386
4.1525 0.67233925409192374367
4.1575 0.67507349037879693654
4.1625 0.67794443186280928249
4.1675 0.68090032760146923518
4.1725 0.68391582143803797411
4.1775 0.68694333039030486265
4.1825 0.68996593948257756157
4.1875 0.69292895687109845593
4.1925 0.69583302653024325934
4.1975 0.69864880855273370219
4.2025 0.70139250183783263815
4.2075 0.70403581523930480746
4.2125 0.70660386494570115445
4.2175 0.70910643733766420826
4.2225 0.71158654992683356699
4.2275 0.71406048587131698557
4.2325 0.71655266240901116515
4.2375 0.71909252427828374010
4.2425 0.72168160591273455839
4.2475 0.72434939085820038152
4.2525 0.72709669359781492481
4.2575 0.72995487715695206443
4.2625 0.73290436037222850274
4.2675 0.73596401236801012313
4.2725 0.73908733545868809944
4.2775 0.74230008950846948501
4.2825 0.74557896058159245367
4.2875 0.74892047112178106172
4.2925 0.75227988764301711999
4.2975 0.75562435650069226245
4.3025 0.75891127312530537452
4.3075 0.76214973353023929281
4.3125 0.76532873211775287459
4.3175 0.76845753165201791113
4.3225 0.77152059158350272394
4.3275 0.77449391628761465878
4.3325 0.77736292988072130949
4.3375 0.78009933417745958018
4.3425 0.78270352818645261284
4.3475 0.78516218937668535993
4.3525 0.78746561324256136860
4.3575 0.78957547334944289119
4.3625 0.79151628142804320021
4.3675 0.79330089679295479055
4.3725 0.79497747261496309878
4.3775 0.79654904541110149729
4.3825 0.79799143878575296007
4.3875 0.79929026268970082558
4.3925 0.80045140308564088905
4.3975 0.80149657585800837545
4.4025 0.80244540494291183297
4.4075 0.80335339127985994079
4.4125 0.80424705168908783293
4.4175 0.80516043323347585847
4.4225 0.80608542362218504884
4.4275 0.80701998160227306212
4.4325 0.80792935028234913464
4.4375 0.80883149604936044330
4.4425 0.80969808360981598838
4.4475 0.81052988388440083689
4.4525 0.81128439933688623054
4.4575 0.81196387550007143030
4.4625 0.81254045227428262077
4.4675 0.81296990017138670570
4.4725 0.81322122580643196876
4.4775 0.81322110647997003507
4.4825 0.81297330364208264530
4.4875 0.81242383936706263903
4.4925 0.81161573698433220336
4.4975 0.81055779457390764176
4.5025 0.80931029413000277195
4.5075 0.80787203022018905241
4.5125 0.80626896183934992912
4.5175 0.80450153767369469993
4.5225 0.80262253402915340050
4.5275 0.80065319350717678581
4.5325 0.79865332717837489440
4.5375 0.79663381462633875429
4.5425 0.79462644060173059923
4.5475 0.79263031716488252520
4.5525 0.79068974021145288500
4.5575 0.78881906769115461842
4.5625 0.78704289079950584540
4.5675 0.78535803654456803891
4.5725 0.78372356762465511526
4.5775 0.78213866454506553172
4.5825 0.78057201738458825702
4.5875 0.77905255326538180860
4.5925 0.77757449784038779050
4.5975 0.77616029880815251563
4.6025 0.77479360024873877855
4.6075 0.77348318540338911742
4.6125 0.77220514482456514838
4.6175 0.77093422031938163563
4.6225 0.76966064727323380001
4.6275 0.76836724539959622149
4.6325 0.76705756310522144048
4.6375 0.76573322834154833316
4.6425 0.76437984113958301613
4.6475 0.76301588054978142228
4.6525 0.76164981906256612465
4.6575 0.76029109174221420897
4.6625 0.75892310087927905560
4.6675 0.75753248103632353505
4.6725 0.75611748140551393593
4.6775 0.75467516101979914556
4.6825 0.75320887425388605152
4.6875 0.75171094539583593885
4.6925 0.75019075465025553129
4.6975 0.74864815035393506015
4.7025 0.74708650425682443519
4.7075 0.74552909080690177301
4.7125 0.74397041600222924007
4.7175 0.74242005248309428378
4.7225 0.74086445625689179018
4.7275 0.73930199276026387079
4.7325 0.73771425367903042947
4.7375 0.73612873419052837765
4.7425 0.73456898262448644399
4.7475 0.73303447108959440826
4.7525 0.73153154711805679078
4.7575 0.73003789063959689809
4.7625 0.72854206522863862450
4.7675 0.72704917700167448480
4.7725 0.72557944812353381003
4.7775 0.72414500852765206762
4.7825 0.72275769074740348064
4.7875 0.72139973488822861647
4.7925 0.72006472912589769564
4.7975 0.71874623023339734296
4.8025 0.71745471380096903502
4.8075 0.71619473191342453156
4.8125 0.71497611408007799572
4.8175 0.71377539940779721750
4.8225 0.71261023102822196318
4.8275 0.71147070782460608562
4.8325 0.71036776781515653667
4.8375 0.70929207978645547605
4.8425 0.70824810046396757812
4.8475 0.70722840840240475124
4.8525 0.70623461676008281174
4.8575 0.70527286166266367484
4.8625 0.70433403462966315267
4.8675 0.70343939149427014978
4.8725 0.70258318690815779739
4.8775 0.70177127469829891915
4.8825 0.70100797391563651750
4.8875 0.70028731481449635332
4.8925 0.69960981173789038579
4.8975 0.69897823288598881497
4.9025 0.69839176503509003968
4.9075 0.69784694506748334852
4.9125 0.69733755373684913614
4.9175 0.69688206377828987304
4.9225 0.69647740528696022722
4.9275 0.69613057391116273109
4.9325 0.69581158634992434919
4.9375 0.69553024298324350738
4.9425 0.69526956956800312071
4.9475 0.69503205507238352556
4.9525 0.69481607659948552147
4.9575 0.69465298955838861161
4.9625 0.69455228186228956666
4.9675 0.69450062308118765131
4.9725 0.69448507993634411850
4.9775 0.69449947649454424337
4.9825 0.69455368602285405544
4.9875 0.69465252450578118815
4.9925 0.69478500002367205024
4.9975 0.69495134434644978416
5.0025 0.69515259663723683037
5.0075 0.69540563164105417826
5.0125 0.69572426989422997412
5.0175 0.69610123854047534220
5.0225 0.69652440235755364029
5.0275 0.69697725066004723171
5.0325 0.69746151064679851039
5.0375 0.69796953786702642386
5.0425 0.69853793720639445475
5.0475 0.69915933049320533321
5.0525 0.69984797524084707554
5.0575 0.70058316665594855266
5.0625 0.70136328221754662415
5.0675 0.70218396749229883280
5.0725 0.70305548854340915721
5.0775 0.70396306870344549367
5.0825 0.70490610433311329253
5.0875 0.70589622962781573001
5.0925 0.70692475962000489442
5.0975 0.70798698911942381518
5.1025 0.70909097633488327173
5.1075 0.71023782623629772015
5.1125 0.71143841465259838319
5.1175 0.71266903398139913595
5.1225 0.71391499394693691549
5.1275 0.71517739551650705287
5.1325 0.71644502326004377846
5.1375 0.71775062740004380579
5.1425 0.71909010433013220709
5.1475 0.72047479330706487577
5.1525 0.72186818658120355252
5.1575 0.72327038165225998601
5.1625 0.72466075863042944682
5.1675 0.72605466114827410529
5.1725 0.72745570287400729281
5.1775 0.72886724040330397312
5.1825 0.73029013291886279990
5.1875 0.73172578320361747473
5.1925 0.73315525386800473040
5.1975 0.73459803045833904633
5.2025 0.73604314808034321249
5.2075 0.73748102622808087148
5.2125 0.73890794292600703308
5.2175 0.74030817419007544089
5.2225 0.74171213543970671012
5.2275 0.74310879383158567890
5.2325 0.74454112781108716668
5.2375 0.74598087936222545746
5.2425 0.74744925506062664944
5.2475 0.74889380418367090808
5.2525 0.75033904945911389373
5.2575 0.75176321829901382454
5.2625 0.75318453313644717628
5.2675 0.75457883907959699687
5.2725 0.75593917427257040220
5.2775 0.75727132455822510071
5.2825 0.75857670206800387191
5.2875 0.75988307032427815368
5.2925 0.76117923127901643277
5.2975 0.76245779880391506556
5.3025 0.76368983181052851883
5.3075 0.76488909740562338602
5.3125 0.76604266038129142924
5.3175 0.76717999895124677767
5.3225 0.76826969791851074110
5.3275 0.76935143290221752466
5.3325 0.77037116762163893036
5.3375 0.77136771418906047160
5.3425 0.77230473162925539210
5.3475 0.77324073661582237715
5.3525 0.77414111240341731968
5.3575 0.77502294106368729842
5.3625 0.77587757966709181012
5.3675 0.77668051508633306756
5.3725 0.77747394798423852258
5.3775 0.77823066714899336027
5.3825 0.77896572807045350029
5.3875 0.77965430299015736626
5.3925 0.78030952799403952014
5.3975 0.78093002440474490466
5.4025 0.78154731804073462875
5.4075 0.78214684732259709410
5.4125 0.78275415416134730417
5.4175 0.78336209328574279986
5.4225 0.78400951277748220924
5.4275 0.78465818599076597728
5.4325 0.78533635488840813910
5.4375 0.78601088794617779421
5.4425 0.78673400486554390110
5.4475 0.78750751830470566706
5.4525 0.78831828145535032260
5.4575 0.78918476844482154942
5.4625 0.79004712015094868960
5.4675 0.79089422448375923391
5.4725 0.79169236206775461806
5.4775 0.79246591484245698656
5.4825 0.79316498101794252751
5.4875 0.79375689297287044255
5.4925 0.79409868555396456724
5.4975 0.79413979820720570491
5.5025 0.79391504752239594467
5.5075 0.79350910491590598284
5.5125 0.79291566340243224698
5.5175 0.79209244421352653642
5.5225 0.79100833168892148439
5.5275 0.78966155255908254684
5.5325 0.78810319259516703472
5.5375 0.78651927068372851082
5.5425 0.78506042563222000474
5.5475 0.78375645992462827927
5.5525 0.78251324503559394064
5.5575 0.78109179727401212290
5.5625 0.77938781853614269579
5.5675 0.77749598467485148134
5.5725 0.77565556140629521309
5.5775 0.77396398684187228678
5.5825 0.77242813406867427695
5.5875 0.77096726247223767992
5.5925 0.76950904492353822128
5.5975 0.76799339086615181493
5.6025 0.76642235500195243780
5.6075 0.76484667858800303719
5.6125 0.76327793802903509679
5.6175 0.76171783712647622711
5.6225 0.76010521269030639768
5.6275 0.75841058216062284814
5.6325 0.75660597113604377562
5.6375 0.75468283479875297726
5.6425 0.75263216493901685666
5.6475 0.75048260058471838452
5.6525 0.74826039351839246372
5.6575 0.74600026661326523936
5.6625 0.74368168207641860423
5.6675 0.74129957067497054268
5.6725 0.73886676836728926165
5.6775 0.73645992229143819596
5.6825 0.73413005393245922559
5.6875 0.73193395747817158181
5.6925 0.72987521713943637192
5.6975 0.72788753311052800665
5.7025 0.72593765079511496374
5.7075 0.72401755033133963213
5.7125 0.72217106818747101027
5.7175 0.72049280784613090045
5.7225 0.71906048450094817159
5.7275 0.71781203859893849550
5.7325 0.71670439271683805682
5.7375 0.71569786109650568307
5.7425 0.71479749680721427207
5.7475 0.71400766368651635840
5.7525 0.71333810877457148880
5.7575 0.71278882775704965891
5.7625 0.71233856133114614728
5.7675 0.71196558222632144730
5.7725 0.71167094642448636144
5.7775 0.71140186034493890777
5.7825 0.71111799863678359923
5.7875 0.71078783341968010401
5.7925 0.71041286086118393683
5.7975 0.70994809636344125003
5.8025 0.70941190800320286236
5.8075 0.70879671591651816076
5.8125 0.70806285352629849683
5.8175 0.70719034058199403692
5.8225 0.70619738623291661295
5.8275 0.70510351904353352204
5.8325 0.70393516160061231357
5.8375 0.70273143185598729854
5.8425 0.70148932726082513511
5.8475 0.70026834833459805640
5.8525 0.69909290112600486200
5.8575 0.69792137167001477849
5.8625 0.69671005797354979006
5.8675 0.69546801138953673327
5.8725 0.69422843964180391829
5.8775 0.69301739256912209264
5.8825 0.69183917834413488634
5.8875 0.69069612993775919563
5.8925 0.68956814558728762865
5.8975 0.68845671839472732945
5.9025 0.68733611705421082672
5.9075 0.68619613466210482855
5.9125 0.68501297719000941999
5.9175 0.68381194954808788289
5.9225 0.68264458494114810261
5.9275 0.68157593812605665740
5.9325 0.68060112429209262963
5.9375 0.67965345082066530580
5.9425 0.67867368807386618812
5.9475 0.67765961082687387051
5.9525 0.67666273924632502901
5.9575 0.67577592968240585147
5.9625 0.67507189650561050254
5.9675 0.67454396728454035781
5.9725 0.67414052494803788917
5.9775 0.67384490602479252264
5.9825 0.67371094629743832893
5.9875 0.67377787782433073982
5.9925 0.67403002795410749126
5.9975 0.67440683399406531340
6.0025 0.67492602693834258254
6.0075 0.67562114150874152951
6.0125 0.67653345302903600267
6.0175 0.67766828789379696119
6.0225 0.67898257241366088977
6.0275 0.68042740796999534592
6.0325 0.68191865498577286520
6.0375 0.68340522410738024917
6.0425 0.68485564039416335635
6.0475 0.68629072055631767935
6.0525 0.68777029967807445932
6.0575 0.68928239445580363753
6.0625 0.69083551061493286838
6.0675 0.69247208661186654410
6.0725 0.69421107163975970256
6.0775 0.69596937507404710299
6.0825 0.69765307154185851601
6.0875 0.69929550267631479521
6.0925 0.70090944849848824116
6.0975 0.70248407423459835464
6.1025 0.70397823942792758789
6.1075 0.70542693347448848229
6.1125 0.70696169832833244406
6.1175 0.70862667907614496077
6.1225 0.71041352882325570217
6.1275 0.71224532816727004203
6.1325 0.71411555557991701626
6.1375 0.71596964508133031924
6.1425 0.71778810990271812997
6.1475 0.71956868962665498923
6.1525 0.72136296681815048615
6.1575 0.72318379628194717768
6.1625 0.72497767811298097218
6.1675 0.72670622741344970130
6.1725 0.72843772568454545624
6.1775 0.73029138893071932070
6.1825 0.73228292121861626729
6.1875 0.73431327060873663459
6.1925 0.73630067913385466305
6.1975 0.73823127715947400862
6.2025 0.74014568202051234103
6.2075 0.74214657760149149723
6.2125 0.74424627286819133865
6.2175 0.74646654899938580385
6.2225 0.74874830033542660868
6.2275 0.75111562314728275158
6.2325 0.75360250159794839320
6.2375 0.75626999960828833469
6.2425 0.75905749435282809934
6.2475 0.76192658634013743502
6.2525 0.76484348035751692496
6.2575 0.76779537285225318843
6.2625 0.77079706281308890681
6.2675 0.77384040579138513305
6.2725 0.77694050414843496277
6.2775 0.78017508936607260495
6.2825 0.78355367293053079791
6.2875 0.78700750557160770171
6.2925 0.79048376102670936394
6.2975 0.79390240615013873970
6.3025 0.79728703005740020338
6.3075 0.80061111256825501226
6.3125 0.80387857370294246717
6.3175 0.80703608363396972525
6.3225 0.81020825453958755791
6.3275 0.81341353671591931640
6.3325 0.81670091219099394397
6.3375 0.82006662814449593490
6.3425 0.82341020620466964797
6.3475 0.82652738664420211112
6.3525 0.82925720925541190898
6.3575 0.83163547637039303417
6.3625 0.83387260121045370109
6.3675 0.83615462288494579735
6.3725 0.83853814964838857549
6.3775 0.84094426103373542958
6.3825 0.84320297587070813794
6.3875 0.84522984479290164117
6.3925 0.84701775838746407032
6.3975 0.84863844134972887812
6.4025 0.85005409437535373041
6.4075 0.85127311445304387760
6.4125 0.85224935967550630167
6.4175 0.85302483840234255563
6.4225 0.85363464349945650245
6.4275 0.85404724600765846709
6.4325 0.85422752143037550265
6.4375 0.85428336150078498790
6.4425 0.85428882877167722221
6.4475 0.85415144438540335781
6.4525 0.85384230041677755541
6.4575 0.85336461691406273466
6.4625 0.85271705630515559626
6.4675 0.85189649313595661173
6.4725 0.85096805566084066097
6.4775 0.84989997331254485413
6.4825 0.84866022641634542012
6.4875 0.84720501931800340500
6.4925 0.84555420845843465294
6.4975 0.84366069370425234020
6.5025 0.84155366633235650919
6.5075 0.83942540578583979549
6.5125 0.83747993011575061484
6.5175 0.83575208472345208222
6.5225 0.83411632934321155997
6.5275 0.83241314768714780303
6.5325 0.83045184854603248947
6.5375 0.82816086659641130474
6.5425 0.82560429804308033130
6.5475 0.82294780832159819539
6.5525 0.82032610838643515994
6.5575 0.81782142033901628064
6.5625 0.81542816075739543713
6.5675 0.81312052037465332166
6.5725 0.81076248021859287363
6.5775 0.80829733430943673245
6.5825 0.80557764187569247394
6.5875 0.80249880532665329724
6.5925 0.79905195175324050805
6.5975 0.79541570213164847214
6.6025 0.79177066190735456708
6.6075 0.78822452384851149354
6.6125 0.78481793393298215911
6.6175 0.78140273383440583821
6.6225 0.77783051035007222396
6.6275 0.77405506304786431127
6.6325 0.77019792858333546715
6.6375 0.76633232804235773550
6.6425 0.76239761850284859523
6.6475 0.75825231271840498604
6.6525 0.75383202121647108207
6.6575 0.74921476414496979146
6.6625 0.74454920692867221366
6.6675 0.73986541481208323301
6.6725 0.73509534303924828347
6.6775 0.73019021805104500356
6.6825 0.72520531574604218950
6.6875 0.72014882386604195386
6.6925 0.71504425941133420430
6.6975 0.70993342634359046794
6.7025 0.70485788111720903970
6.7075 0.69978881489829891649
6.7125 0.69462542993173781447
6.7175 0.68933477864831294024
6.7225 0.68392663114691532034
6.7275 0.67847540777161730041
6.7325 0.67305160192582302869
6.7375 0.66772491203684480876
6.7425 0.66250944270125566860
6.7475 0.65738525384296864207
6.7525 0.65235699808986136183
6.7575 0.64737763618490273831
6.7625 0.64242689165060518075
6.7675 0.63756256742981476382
6.7725 0.63281345914162123734
6.7775 0.62816541356023269937
6.7825 0.62357936851710982218
6.7875 0.61903479306642028579
6.7925 0.61454136425854632986
6.7975 0.61014999301561201328
6.8025 0.60589769256907766160
6.8075 0.60178430199230559250
6.8125 0.59783619903850138133
6.8175 0.59406731202106388690
6.8225 0.59046349188895574933
6.8275 0.58699213668223404472
6.8325 0.58362389693528660128
6.8375 0.58039088197978461192
6.8425 0.57733008742844516004
6.8475 0.57447487950744557939
6.8525 0.57183735872060670324
6.8575 0.56940047411834626701
6.8625 0.56709414625458143266
6.8675 0.56485168171118849134
6.8725 0.56269957594824615565
6.8775 0.56071203718175266495
6.8825 0.55894663954277690188
6.8875 0.55737844595067287390
6.8925 0.55596332029142436770
6.8975 0.55471479252435640372
6.9025 0.55366798182382648275
6.9075 0.55286678422339086136
6.9125 0.55235750006573258730
6.9175 0.55216414229747812215
6.9225 0.55222839513934829370
6.9275 0.55245646542623028097
6.9325 0.55280477219941792644
6.9375 0.55328210968649782497
6.9425 0.55391200300091425479
6.9475 0.55470076493995779110
6.9525 0.55566608316911103582
6.9575 0.55681965530036670042
6.9625 0.55813673487081127966
6.9675 0.55962013174873292964
6.9725 0.56125861883839456290
6.9775 0.56298965260416744538
6.9825 0.56473969234991328037
6.9875 0.56653570224047589132
6.9925 0.56842580246592244730
6.9975 0.57041495002174413820
7.0025 0.57256146431826537846
7.0075 0.57496374712371622895
7.0125 0.57770251185353360679
7.0175 0.58070912703840271707
7.0225 0.58383211417538760646
7.0275 0.58702234096034222599
7.0325 0.59031419523184369691
7.0375 0.59373925719444153870
7.0425 0.59730063982813330625
7.0475 0.60095744280991314490
7.0525 0.60467196259337929742
7.0575 0.60845373945460823339
7.0625 0.61236753650298847429
7.0675 0.61644205100457893920
7.0725 0.62064817848602393813
7.0775 0.62490256540162658627
7.0825 0.62916602331525017799
7.0875 0.63348934397287948173
7.0925 0.63794409203255342256
7.0975 0.64257914028686102803
7.1025 0.64738950166209041637
7.1075 0.65232951782232106996
7.1125 0.65738997003701138411
7.1175 0.66260339914748800361
7.1225 0.66797917639884940577
7.1275 0.67350325973415547942
7.1325 0.67919418318127844358
7.1375 0.68512479959422989406
7.1425 0.69132077128348790040
7.1475 0.69778916445733873974
7.1525 0.70451406888150691632
7.1575 0.71152034423741283842
7.1625 0.71877896717996014875
7.1675 0.72627125712382434308
7.1725 0.73397862416170001065
7.1775 0.74190596672036424053
7.1825 0.75005744811181918053
7.1875 0.75841360820778014329
7.1925 0.76694885034983506511
7.1975 0.77566914303425205102
7.2025 0.78456873550933869943
7.2075 0.79368693340967699790
7.2125 0.80309758785927831681
7.2175 0.81279288222279710840
7.2225 0.82266619041146549218
7.2275 0.83262038062134358096
7.2325 0.84267706137162790014
7.2375 0.85286256125718107324
7.2425 0.86321058641965553448
7.2475 0.87372311049296014218
7.2525 0.88431751019204429820
7.2575 0.89481618134785134711
7.2625 0.90516242419796066887
7.2675 0.91546912552244630312
7.2725 0.92585398755845971230
7.2775 0.93632933322375289098
7.2825 0.94674471159898687667
7.2875 0.95697660641068560405
7.2925 0.96702929590553254879
7.2975 0.97694351238960819295
7.3025 0.98677218694158630452
7.3075 0.99653468922637067351
7.3125 1.00626236405907354410
7.3175 1.01597825901928517922
7.3225 1.02567642955686522122
7.3275 1.03530871182137507169
7.3325 1.04479503419308139556
7.3375 1.05408598422640253922
7.3425 1.06315589427453516258
7.3475 1.07192740536686126340
7.3525 1.08036848421672915244
7.3575 1.08845452571760481497
7.3625 1.09620004923801084296
7.3675 1.10350334554423534783
7.3725 1.11048544828431206000
7.3775 1.11713533413938792549
7.3825 1.12343974763270337824
7.3875 1.12928015338707465887
7.3925 1.13441851679470673275
7.3975 1.13868656382432931196
7.4025 1.14204176316423944293
7.4075 1.14452758524009290397
7.4125 1.14608277690427740048
7.4175 1.14681793474076942907
7.4225 1.14682642306905946405
7.4275 1.14608376309558201989
7.4325 1.14446046272726076332
7.4375 1.14179637840844971919
7.4425 1.13792623058895170374
7.4475 1.13284355828524363474
7.4525 1.12654101526279193379
7.4575 1.11911091487261971089
7.4625 1.11052809720107203972
7.4675 1.10095025263857304587
7.4725 1.09038534060384151303
7.4775 1.07891893562742380297
7.4825 1.06655192483359595457
7.4875 1.05335549822846097356
7.4925 1.03949374429454399760
7.4975 1.02508852275680073518
7.5025 1.01023861014585980556
7.5075 0.99488000592974756842
7.5125 0.97903069629896677384
7.5175 0.96279210739088894044
7.5225 0.94643808078899083203
7.5275 0.93011160486197475006
7.5325 0.91380392454659586932
7.5375 0.89741051258740334173
7.5425 0.88099684739866257477
7.5475 0.86470430732867542556
7.5525 0.84869498589773517683
7.5575 0.83289410047656864400
7.5625 0.81719715934554393311
7.5675 0.80149222046627521809
7.5725 0.78582286391229216882
7.5775 0.77029860272190131543
7.5825 0.75501049448181156709
7.5875 0.73999500913185900508
7.5925 0.72526242182618894105
7.5975 0.71082035759486505988
7.6025 0.69665014491533938656
7.6075 0.68276024372041177468
7.6125 0.66912072689149693083
7.6175 0.65570966646241113374
7.6225 0.64249307072908146132
7.6275 0.62950499420797623173
7.6325 0.61684602804974741908
7.6375 0.60459058009376653864
7.6425 0.59272290911301062089
7.6475 0.58118779968302047845
7.6525 0.56991403210818447622
7.6575 0.55887126880301996046
7.6625 0.54807385130544572505
7.6675 0.53757662193766875269
7.6725 0.52743161855957243489
7.6775 0.51766722740177328888
7.6825 0.50827715738933088030
7.6875 0.49921272002276434465
7.6925 0.49041014070830629690
7.6975 0.48182124809045118186
7.7025 0.47346454561749246048
7.7075 0.46536890141471404236
7.7125 0.45752856762580451644
7.7175 0.44991811869427766890
7.7225 0.44252637337344141732
7.7275 0.43534577405243635173
7.7325 0.42836523426526657010
7.7375 0.42158157392108297490
7.7425 0.41498375216271604637
7.7475 0.40855451626562377943
7.7525 0.40228935148292410684
7.7575 0.39621939872449979392
7.7625 0.39039915967265942376
7.7675 0.38484832513104749729
7.7725 0.37954328552190580437
7.7775 0.37445394247673635668
7.7825 0.36954677145022207796
7.7875 0.36481509754039975757
7.7925 0.36027451056888742942
7.7975 0.35596144173366339736
7.8025 0.35189528956192073217
7.8075 0.34807949779473995600
7.8125 0.34451059323903149290
7.8175 0.34117611698899580341
7.8225 0.33805501006500277006
7.8275 0.33513514742183847517
7.8325 0.33241983938478858462
7.8375 0.32991069358386293509
7.8425 0.32759791157694462260
7.8475 0.32548390516100800252
7.8525 0.32356673198624696930
7.8575 0.32181717275008869805
7.8625 0.32020206916034504863
7.8675 0.31869879477956231106
7.8725 0.31730486739840418897
7.8775 0.31602548041754630059
7.8825 0.31488487883356003350
7.8875 0.31390896968248416243
7.8925 0.31312470867422864673
7.8975 0.31252473042043132923
7.9025 0.31208971930610590606
7.9075 0.31182088393644469271
7.9125 0.31173300017580729548
7.9175 0.31184263530966038758
7.9225 0.31216987270835561130
7.9275 0.31272432619261697484
7.9325 0.31350181892356832059
7.9375 0.31448775671857193137
7.9425 0.31567845472576822052
7.9475 0.31709138865996117085
7.9525 0.31874318431588982703
7.9575 0.32064004115578337295
7.9625 0.32277872153903763852
7.9675 0.32516028607789543292
7.9725 0.32777875215815299725
7.9775 0.33062985512250786524
7.9825 0.33373446336515355526
7.9875 0.33711907130891033413
7.9925 0.34079196854839449715
7.9975 0.34473563756313269080
8.0025 0.34891592801463611195
8.0075 0.35330860058407626001
8.0125 0.35791324699892806960
8.0175 0.36275430863714513974
8.0225 0.36784595913962764291
8.0275 0.37319303031153572281
8.0325 0.37879072804911140260
8.0375 0.38465112057663258804
8.0425 0.39078509728509513987
8.0475 0.39717338161989107492
8.0525 0.40381059332565549802
8.0575 0.41069125989551730216
8.0625 0.41781879348746503444
8.0675 0.42520700670310229707
8.0725 0.43288568358601753339
8.0775 0.44089912387222102153
8.0825 0.44925406684304824978
8.0875 0.45795453288156845462
8.0925 0.46700497636029519866
8.0975 0.47642540627657870012
8.1025 0.48623002464794018440
8.1075 0.49639890111535123207
8.1125 0.50693305057622828347
8.1175 0.51786638551260211205
8.1225 0.52926933542172815983
8.1275 0.54117876105195816816
8.1325 0.55361612000409510248
8.1375 0.56660809091453834263
8.1425 0.58018702693743062770
8.1475 0.59441857979319590033
8.1525 0.60938545833282264930
8.1575 0.62516354670935536664
8.1625 0.64180289891094033372
8.1675 0.65938542262544852512
8.1725 0.67799932469424661896
8.1775 0.69768398739638226580
8.1825 0.71848159400680111641
8.1875 0.74039603773687134858
8.1925 0.76341812643177875408
8.1975 0.78757114597778210552
8.2025 0.81293581875742504383
8.2075 0.83966287954436902297
8.2125 0.86782998228258212414
8.2175 0.89749639256086821693
8.2225 0.92867495864406846007
8.2275 0.96137936871221352231
8.2325 0.99564323886794381391
8.2375 1.03145107300343963352
8.2425 1.06876861724570870749
8.2475 1.10755429174487463051
8.2525 1.14778074168446808656
8.2575 1.18941879654412785428
8.2625 1.23256254816604715607
8.2675 1.27734198765122575203
8.2725 1.32381579586294351181
8.2775 1.37200290004698333135
8.2825 1.42187513845888013897
8.2875 1.47342544676685660576
8.2925 1.52668109437458121569
8.2975 1.58155456225018742344
8.3025 1.63783664053936384164
8.3075 1.69523365185438512626
8.3125 1.75363943837068259057
8.3175 1.81295667978646934948
8.3225 1.87299496519420882734
8.3275 1.93353778470103043752
8.3325 1.99435785399314680078
8.3375 2.05529396406643538597
8.3425 2.11588235279235403752
8.3475 2.17561210928700266010
8.3525 2.23399001282351639119
8.3575 2.29071777427488765255
8.3625 2.34533868139895096405
8.3675 2.39721896512801979640
8.3725 2.44561684623927400040
8.3775 2.48978801373618274795
8.3825 2.52892953539828235776
8.3875 2.56218682454180779473
8.3925 2.58849667092147939229
8.3975 2.60660009760385324995
8.4025 2.61512703903498566760
8.4075 2.61283497502288808434
8.4125 2.59862911889172210067
8.4175 2.57133336088814967724
8.4225 2.52969119632986272350
8.4275 2.47261879473965162646
8.4325 2.39977347248588124273
8.4375 2.31125729114703393208
8.4425 2.20743635180987496369
8.4475 2.08882851973405125889
8.4525 1.95636131714183769681
8.4575 1.81173869757970562588
8.4625 1.66022897752303055796
8.4675 1.51109670074297075537
8.4725 1.36948667797555057035
8.4775 1.23249264074470121777
8.4825 1.09519446399777464762
8.4875 0.95573147480924258712
8.4925 0.81598852100982244284
8.4975 0.68018008098801130412
8.5025 0.55289305817593092929
8.5075 0.43778544876059960478
8.5125 0.33715768453233252444
8.5175 0.25209289341769741677
8.5225 0.18258633239580748797
8.5275 0.12776401326542158321
8.5325 0.08612907472248744478
8.5375 0.05576648348683067857
8.5425 0.03456258702810661998
8.5475 0.02042997233583554451
8.5525 0.01147147985142918727
8.5575 0.00609230814953469132
8.5625 0.00304623032100786312
8.5675 0.00142711711196817095
8.5725 0.00062320261150841866
8.5775 0.00025227058043418912
8.5825 0.00009411248759013582
8.5875 0.00003215964143038257
8.5925 0.00001000009341866229
8.5975 0.00000000000000000000
8.6025 0.00000000000000000000
8.6075 0.00000000000000000000
8.6125 0.00000000000000000000
8.6175 0.00000000000000000000
8.6225 0.00000000000000000000
8.6275 0.00000000000000000000
8.6325 0.00000000000000000000
8.6375 0.00000000000000000000
8.6425 0.00000000000000000000
8.6475 0.00000000000000000000
8.6525 0.00000000000000000000
8.6575 0.00000000000000000000
8.6625 0.00000000000000000000
8.6675 0.00000000000000000000
8.6725 0.00000000000000000000
8.6775 0.00000000000000000000
8.6825 0.00000000000000000000
8.6875 0.00000000000000000000
8.6925 0.00000000000000000000
8.6975 0.00000000000000000000
8.7025 0.00000000000000000000
8.7075 0.00000000000000000000
8.7125 0.00000000000000000000
8.7175 0.00000000000000000000
8.7225 0.00000000000000000000
8.7275 0.00000000000000000000
8.7325 0.00000000000000000000
8.7375 0.00000000000000000000
8.7425 0.00000000000000000000
8.7475 0.00000000000000000000
8.7525 0.00000000000000000000
8.7575 0.00000000000000000000
8.7625 0.00000000000000000000
8.7675 0.00000000000000000000
8.7725 0.00000000000000000000
8.7775 0.00000000000000000000
8.7825 0.00000000000000000000
8.7875 0.00000000000000000000
8.7925 0.00000000000000000000
8.7975 0.00000000000000000000
8.8025 0.00000000000000000000
8.8075 0.00000000000000000000
8.8125 0.00000000000000000000
8.8175 0.00000000000000000000
8.8225 0.00000000000000000000
8.8275 0.00000000000000000000
8.8325 0.00000000000000000000
8.8375 0.00000000000000000000
8.8425 0.00000000000000000000
8.8475 0.00000000000000000000
8.8525 0.00000000000000000000
8.8575 0.00000000000000000000
8.8625 0.00000000000000000000
8.8675 0.00000000000000000000
8.8725 0.00000000000000000000
8.8775 0.00000000000000000000
8.8825 0.00000000000000000000
8.8875 0.00000000000000000000
8.8925 0.00000000000000000000
8.8975 0.00000000000000000000
8.9025 0.00000000000000000000
8.9075 0.00000000000000000000
8.9125 0.00000000000000000000
8.9175 0.00000000000000000000
8.9225 0.00000000000000000000
8.9275 0.00000000000000000000
8.9325 0.00000000000000000000
8.9375 0.00000000000000000000
8.9425 0.00000000000000000000
8.9475 0.00000000000000000000
8.9525 0.00000000000000000000
8.9575 0.00000000000000000000
8.9625 0.00000000000000000000
8.9675 0.00000000000000000000
8.9725 0.00000000000000000000
8.9775 0.00000000000000000000
8.9825 0.00000000000000000000
8.9875 0.00000000000000000000
8.9925 0.00000000000000000000
8.9975 0.00000000000000000000
9.0025 0.00000000000000000000
9.0075 0.00000000000000000000
9.0125 0.00000000000000000000
9.0175 0.00000000000000000000
9.0225 0.00000000000000000000
9.0275 0.00000000000000000000
9.0325 0.00000000000000000000
9.0375 0.00000000000000000000
9.0425 0.00000000000000000000
9.0475 0.00000000000000000000
9.0525 0.00000000000000000000
9.0575 0.00000000000000000000
9.0625 0.00000000000000000000
9.0675 0.00000000000000000000
9.0725 0.00000000000000000000
9.0775 0.00000000000000000000
9.0825 0.00000000000000000000
9.0875 0.00000000000000000000
9.0925 0.00000000000000000000
9.0975 0.00000000000000000000
9.1025 0.00000000000000000000
9.1075 0.00000000000000000000
9.1125 0.00000000000000000000
9.1175 0.00000000000000000000
9.1225 0.00000000000000000000
9.1275 0.00000000000000000000
9.1325 0.00000000000000000000
9.1375 0.00000000000000000000
9.1425 0.00000000000000000000
9.1475 0.00000000000000000000
9.1525 0.00000000000000000000
9.1575 0.00000000000000000000
9.1625 0.00000000000000000000
9.1675 0.00000000000000000000
9.1725 0.00000000000000000000
9.1775 0.00000000000000000000
9.1825 0.00000000000000000000
9.1875 0.00000000000000000000
9.1925 0.00000000000000000000
9.1975 0.00000000000000000000
9.2025 0.00000000000000000000
9.2075 0.00000000000000000000
9.2125 0.00000000000000000000
9.2175 0.00000000000000000000
9.2225 0.00000000000000000000
9.2275 0.00000000000000000000
9.2325 0.00000000000000000000
9.2375 0.00000000000000000000
9.2425 0.00000000000000000000
9.2475 0.00000000000000000000
9.2525 0.00000000000000000000
9.2575 0.00000000000000000000
9.2625 0.00000000000000000000
9.2675 0.00000000000000000000
9.2725 0.00000000000000000000
9.2775 0.00000000000000000000
9.2825 0.00000000000000000000
9.2875 0.00000000000000000000
9.2925 0.00000000000000000000
9.2975 0.00000000000000000000
9.3025 0.00000000000000000000
9.3075 0.00000000000000000000
9.3125 0.00000000000000000000
9.3175 0.00000000000000000000
9.3225 0.00000000000000000000
9.3275 0.00000000000000000000
9.3325 0.00000000000000000000
9.3375 0.00000000000000000000
9.3425 0.00000000000000000000
9.3475 0.00000000000000000000
9.3525 0.00000000000000000000
9.3575 0.00000000000000000000
9.3625 0.00000000000000000000
9.3675 0.00000000000000000000
9.3725 0.00000000000000000000
9.3775 0.00000000000000000000
9.3825 0.00000000000000000000
9.3875 0.00000000000000000000
9.3925 0.00000000000000000000
9.3975 0.00000000000000000000
9.4025 0.00000000000000000000
9.4075 0.00000000000000000000
9.4125 0.00000000000000000000
9.4175 0.00000000000000000000
9.4225 0.00000000000000000000
9.4275 0.00000000000000000000
9.4325 0.00000000000000000000
9.4375 0.00000000000000000000
9.4425 0.00000000000000000000
9.4475 0.00000000000000000000
9.4525 0.00000000000000000000
9.4575 0.00000000000000000000
9.4625 0.00000000000000000000
9.4675 0.00000000000000000000
9.4725 0.00000000000000000000
9.4775 0.00000000000000000000
9.4825 0.00000000000000000000
9.4875 0.00000000000000000000
9.4925 0.00000000000000000000
9.4975 0.00000000000000000000
9.5025 0.00000000000000000000
9.5075 0.00000000000000000000
9.5125 0.00000000000000000000
9.5175 0.00000000000000000000
9.5225 0.00000000000000000000
9.5275 0.00000000000000000000
9.5325 0.00000000000000000000
9.5375 0.00000000000000000000
9.5425 0.00000000000000000000
9.5475 0.00000000000000000000
9.5525 0.00000000000000000000
9.5575 0.00000000000000000000
9.5625 0.00000000000000000000
9.5675 0.00000000000000000000
9.5725 0.00000000000000000000
9.5775 0.00000000000000000000
9.5825 0.00000000000000000000
9.5875 0.00000000000000000000
9.5925 0.00000000000000000000
9.5975 0.00000000000000000000
9.6025 0.00000000000000000000
9.6075 0.00000000000000000000
9.6125 0.00000000000000000000
9.6175 0.00000000000000000000
9.6225 0.00000000000000000000
9.6275 0.00000000000000000000
9.6325 0.00000000000000000000
9.6375 0.00000000000000000000
9.6425 0.00000000000000000000
9.6475 0.00000000000000000000
9.6525 0.00000000000000000000
9.6575 0.00000000000000000000
9.6625 0.00000000000000000000
9.6675 0.00000000000000000000
9.6725 0.00000000000000000000
9.6775 0.00000000000000000000
9.6825 0.00000000000000000000
9.6875 0.00000000000000000000
9.6925 0.00000000000000000000
9.6975 0.00000000000000000000
9.7025 0.00000000000000000000
9.7075 0.00000000000000000000
9.7125 0.00000000000000000000
9.7175 0.00000000000000000000
9.7225 0.00000000000000000000
9.7275 0.00000000000000000000
9.7325 0.00000000000000000000
9.7375 0.00000000000000000000
9.7425 0.00000000000000000000
9.7475 0.00000000000000000000
9.7525 0.00000000000000000000
9.7575 0.00000000000000000000
9.7625 0.00000000000000000000
9.7675 0.00000000000000000000
9.7725 0.00000000000000000000
9.7775 0.00000000000000000000
9.7825 0.00000000000000000000
9.7875 0.00000000000000000000
9.7925 0.00000000000000000000
9.7975 0.00000000000000000000
9.8025 0.00000000000000000000
9.8075 0.00000000000000000000
9.8125 0.00000000000000000000
9.8175 0.00000000000000000000
9.8225 0.00000000000000000000
9.8275 0.00000000000000000000
9.8325 0.00000000000000000000
9.8375 0.00000000000000000000
9.8425 0.00000000000000000000
9.8475 0.00000000000000000000
9.8525 0.00000000000000000000
9.8575 0.00000000000000000000
9.8625 0.00000000000000000000
9.8675 0.00000000000000000000
9.8725 0.00000000000000000000
9.8775 0.00000000000000000000
9.8825 0.00000000000000000000
9.8875 0.00000000000000000000
9.8925 0.00000000000000000000
9.8975 0.00000000000000000000
9.9025 0.00000000000000000000
9.9075 0.00000000000000000000
9.9125 0.00000000000000000000
9.9175 0.00000000000000000000
9.9225 0.00000000000000000000
9.9275 0.00000000000000000000
9.9325 0.00000000000000000000
9.9375 0.00000000000000000000
9.9425 0.00000000000000000000
9.9475 0.00000000000000000000
9.9525 0.00000000000000000000
9.9575 0.00000000000000000000
9.9625 0.00000000000000000000
9.9675 0.00000000000000000000
9.9725 0.00000000000000000000
9.9775 0.00000000000000000000
9.9825 0.00000000000000000000
9.9875 0.00000000000000000000
9.9925 0.00000000000000000000
9.9975 0.00000000000000000000
