xbins rho
0.0025 0.53701778388164589373
0.0075 0.52518827181520333358
0.0125 0.50308090170316610568
0.0175 0.49377892114212290631
0.0225 0.48003414600290345016
0.0275 0.47472862341910476713
0.0325 0.46219955736270784685
0.0375 0.44731509872133234929
0.0425 0.45831777085731084664
0.0475 0.43283569635451907276
0.0525 0.41539824055458796082
0.0575 0.40118230309164265579
0.0625 0.39964650769894738414
0.0675 0.39433715819804276981
0.0725 0.38421541034927642055
0.0775 0.38220100596896117162
0.0825 0.36925846809313378483
0.0875 0.37111261160180614160
0.0925 0.35897764311855107078
0.0975 0.35151550251616298093
0.1025 0.35013393458887159815
0.1075 0.33731812789373982753
0.1125 0.33379942672552725957
0.1175 0.32842173299957011512
0.1225 0.32533353529402719850
0.1275 0.31447406663117505321
0.1325 0.31216797190438344556
0.1375 0.30462893331410584308
0.1425 0.30912836341953825459
0.1475 0.29443279255806126260
0.1525 0.28813953717022111611
0.1575 0.27875509539706783135
0.1625 0.27658169994422598936
0.1675 0.27207648706140247219
0.1725 0.26559135110426340676
0.1775 0.25973274505076704433
0.1825 0.25285540669859957186
0.1875 0.25216072332408262513
0.1925 0.24515074248030790938
0.1975 0.23984157089705146482
0.2025 0.23459138639050597375
0.2075 0.22850110051436078873
0.2125 0.22265144638664102761
0.2175 0.21890823883677229533
0.2225 0.21563596682014501971
0.2275 0.20995959626258114961
0.2325 0.20317007424733649068
0.2375 0.20366750072212694289
0.2425 0.19973187467459316280
0.2475 0.19428449862156366157
0.2525 0.18947674138744807770
0.2575 0.18741933336464433602
0.2625 0.18350639179748276519
0.2675 0.18034198526050065903
0.2725 0.17614755266176673754
0.2775 0.17012202473668239233
0.2825 0.16537078638209790071
0.2875 0.16121014068920028195
0.2925 0.15905703633081322290
0.2975 0.15631183275427609769
0.3025 0.14999971453218621797
0.3075 0.14844391803601655888
0.3125 0.14562194570836228813
0.3175 0.14035547836891168472
0.3225 0.13856452846982988958
0.3275 0.13526177511425496736
0.3325 0.13415337501062699066
0.3375 0.13029064277764723645
0.3425 0.12525557189140720804
0.3475 0.12323697521727185189
0.3525 0.12149267472390695710
0.3575 0.11984665375173669810
0.3625 0.11773980799776262440
0.3675 0.11567389260045546351
0.3725 0.10975245677772305086
0.3775 0.10801315114163122233
0.3825 0.10732108310206520119
0.3875 0.10573911628634566351
0.3925 0.10389070310826066523
0.3975 0.10050779937728061830
0.4025 0.10023399555580136955
0.4075 0.09811236731491043694
0.4125 0.09565308077386425190
0.4175 0.09409386015393775282
0.4225 0.09076350586753806349
0.4275 0.09489794096533449297
0.4325 0.09177678097159838733
0.4375 0.08872410362125800198
0.4425 0.08691156864589261177
0.4475 0.08730182631873653620
0.4525 0.08957450990996021489
0.4575 0.08256134814974677716
0.4625 0.08291977337922756819
0.4675 0.07907867279404123817
0.4725 0.07923173105003497585
0.4775 0.07702068136078037142
0.4825 0.07592548244268049196
0.4875 0.07468323751789265885
0.4925 0.07330713874899774662
0.4975 0.07085519939495645014
0.5025 0.06968481479514211652
0.5075 0.06835684906691359697
0.5125 0.06785247456014638356
0.5175 0.06542628479269387010
0.5225 0.06455421641098788021
0.5275 0.06363000482198356844
0.5325 0.06335244274435666845
0.5375 0.06328685536325967531
0.5425 0.06106453528493485661
0.5475 0.05985330807391718577
0.5525 0.05906346069332847615
0.5575 0.05704478273772026903
0.5625 0.05720917510395908540
0.5675 0.05748414315574099792
0.5725 0.05639157066089990622
0.5775 0.05470415809588602407
0.5825 0.05528559809711640349
0.5875 0.05459378468892074621
0.5925 0.05550085627716511150
0.5975 0.05448819896935637452
0.6025 0.05131260493943175932
0.6075 0.05031463201537875185
0.6125 0.05016208417016460724
0.6175 0.05013106875908534404
0.6225 0.04824804538202189658
0.6275 0.04790525640238757488
0.6325 0.04788034580550065006
0.6375 0.04770554863625180858
0.6425 0.04684993333110158004
0.6475 0.04562682501276790065
0.6525 0.04436834290867659042
0.6575 0.04452663878862456875
0.6625 0.04400490541665377786
0.6675 0.04295523175766516322
0.6725 0.04226194459586764957
0.6775 0.04242767137890784274
0.6825 0.04249946231880537273
0.6875 0.04198426913313295372
0.6925 0.04267873531123608094
0.6975 0.04497710630906714968
0.7025 0.04472712436612215348
0.7075 0.04519796076084706127
0.7125 0.04551225693040984038
0.7175 0.04562488184871429236
0.7225 0.04895477928383999700
0.7275 0.04788713017585149306
0.7325 0.04698717636666105424
0.7375 0.04237877990082328239
0.7425 0.04074621052766953799
0.7475 0.03886820708981699596
0.7525 0.03898396615669617177
0.7575 0.03873300141996454532
0.7625 0.03775834705841085714
0.7675 0.03510836982380777932
0.7725 0.03491254686814209557
0.7775 0.03584434061896003137
0.7825 0.03684920163336447702
0.7875 0.03690462377407556505
0.7925 0.03687077532152052695
0.7975 0.03686434467908742546
0.8025 0.03709686553948594173
0.8075 0.03668181264799433988
0.8125 0.03636558835268467044
0.8175 0.03622350853208037430
0.8225 0.03605370582296519438
0.8275 0.03565780605364456818
0.8325 0.03522422547785130503
0.8375 0.03523580102711725698
0.8425 0.03497631723756469690
0.8475 0.03490862500668237556
0.8525 0.03470721462654589168
0.8575 0.03465171907212209051
0.8625 0.03391936526109472216
0.8675 0.03364086464901254458
0.8725 0.03376128800226966403
0.8775 0.03339925159907634195
0.8825 0.03313207210990201657
0.8875 0.03275657133842654889
0.8925 0.03246597877498891976
0.8975 0.03214782733737924642
0.9025 0.03204817697680631405
0.9075 0.03187551834513691756
0.9125 0.03183036573372096528
0.9175 0.03130734527909473375
0.9225 0.03128692747943174340
0.9275 0.03120827253036653065
0.9325 0.03090956309496325702
0.9375 0.03080108078357866874
0.9425 0.03035676854956631532
0.9475 0.03041494739457793056
0.9525 0.03019706570521454858
0.9575 0.02959055930088495476
0.9625 0.02957767367018060423
0.9675 0.02916343731526200786
0.9725 0.02906808867945278110
0.9775 0.02895642826072528792
0.9825 0.02865025241398037187
0.9875 0.02848299435931505794
0.9925 0.02824759807317961738
0.9975 0.02803363025128222802
1.0025 0.02817313745744805947
1.0075 0.02762371319671952027
1.0125 0.02720405649826912117
1.0175 0.02698374597369480182
1.0225 0.02663318042669453323
1.0275 0.02644113697129316445
1.0325 0.02604437329363335288
1.0375 0.02600960083249133706
1.0425 0.02550301100650861560
1.0475 0.02523006030186846979
1.0525 0.02525838298211156852
1.0575 0.02502920507140849946
1.0625 0.02488509034018062532
1.0675 0.02443501761681158777
1.0725 0.02433989061531344894
1.0775 0.02399501959933788078
1.0825 0.02404202642745034008
1.0875 0.02395382573789265127
1.0925 0.02397019753811915205
1.0975 0.02426128677057174179
1.1025 0.21462710011320459969
1.1075 0.21126357922775529374
1.1125 0.20747049609839537943
1.1175 0.20639260922853636115
1.1225 0.20078757202782951397
1.1275 0.20229952398114692258
1.1325 0.20159852011198614585
1.1375 0.20054182493628014416
1.1425 0.19911831253516204532
1.1475 0.19785380671497720950
1.1525 0.19351740921375376603
1.1575 0.19286226097173095329
1.1625 0.19427489116492471788
1.1675 0.19277947636953829402
1.1725 0.19160050275532797270
1.1775 0.19561299021105960083
1.1825 0.19345189501017603928
1.1875 0.19515395105209421001
1.1925 0.19897262518288158506
1.1975 0.19791631942598664207
1.2025 0.19300835166455879155
1.2075 0.18761164688016862545
1.2125 0.18806725082817615791
1.2175 0.18957353476302712947
1.2225 0.18732412218130697901
1.2275 0.18823366356812093469
1.2325 0.19088463339772632210
1.2375 0.19044572497739761796
1.2425 0.19277698889437971941
1.2475 0.19264982900305555047
1.2525 0.19089577048039088614
1.2575 0.19228878582760078331
1.2625 0.19226011965968234363
1.2675 0.18875186390586279339
1.2725 0.18879803242047785150
1.2775 0.19744457408237925389
1.2825 0.19547547046444552210
1.2875 0.19655043171138650293
1.2925 0.19582417300736360000
1.2975 0.19773515639118377507
1.3025 0.19889075288054480772
1.3075 0.19409865140897414326
1.3125 0.19748048136697227140
1.3175 0.19585580281474182507
1.3225 0.19606581300393893796
1.3275 0.19749958023442765187
1.3325 0.19755500585921303980
1.3375 0.19726065164225292659
1.3425 0.19766709154724332320
1.3475 0.19840933392026260940
1.3525 0.20023380245861269189
1.3575 0.19828486011566756608
1.3625 0.20274305964952249459
1.3675 0.20530671213830742339
1.3725 0.20531370791040459700
1.3775 0.20469010418630681492
1.3825 0.20800600588786510858
1.3875 0.21136248212191113827
1.3925 0.21515458101587850437
1.3975 0.21381998749606193067
1.4025 0.21665946987268214219
1.4075 0.21998219708634841885
1.4125 0.22240355085881627351
1.4175 0.22658619814596847597
1.4225 0.22789312270279599160
1.4275 0.23152105216406657084
1.4325 0.23675368621820253034
1.4375 0.23841800101298815662
1.4425 0.23997311772293850041
1.4475 0.24377881518351526835
1.4525 0.24597086964089476258
1.4575 0.25114519242490757067
1.4625 0.25100656110360336504
1.4675 0.25516168740330508191
1.4725 0.25744434760572726395
1.4775 0.26272381137365458104
1.4825 0.26809690024153060017
1.4875 0.27081785722182061260
1.4925 0.27359170046943470656
1.4975 0.27839565106628771929
1.5025 0.28142773749095456592
1.5075 0.28506909799004953587
1.5125 0.28918664904583524233
1.5175 0.29514160434231068164
1.5225 0.30055953969382620539
1.5275 0.30533599319286758300
1.5325 0.31004970704736917186
1.5375 0.31763413643643334527
1.5425 0.32590605484720508445
1.5475 0.32992058999672130293
1.5525 0.33766620545463360559
1.5575 0.34478759991666946272
1.5625 0.34529265311112244952
1.5675 0.35073908124353486704
1.5725 0.35287065147803498011
1.5775 0.36386188161657084805
1.5825 0.37446254266037931613
1.5875 0.39072463651814126617
1.5925 0.38666059928051044192
1.5975 0.39225962795712282505
1.6025 0.40011139581328036829
1.6075 0.40744124281204319171
1.6125 0.41047262034745801706
1.6175 0.42292067543628464321
1.6225 0.42620735282715194181
1.6275 0.42617341754281046207
1.6325 0.43305655185803004770
1.6375 0.44374327393031920419
1.6425 0.45351117091569687068
1.6475 0.46362790146664101254
1.6525 0.47439877564229415707
1.6575 0.48989581558636208225
1.6625 0.49898480286074242684
1.6675 0.51106777376692846815
1.6725 0.52127830816990150531
1.6775 0.53732096934722928250
1.6825 0.54638477163219922872
1.6875 0.56705164574672461963
1.6925 0.57375555496976549108
1.6975 0.58387689248144625243
1.7025 0.59357042836111006956
1.7075 0.60754214373882031719
1.7125 0.61580051423997916871
1.7175 0.62191632079784653353
1.7225 0.63869645156695187271
1.7275 0.65238407853984103912
1.7325 0.66975582728210647510
1.7375 0.68506869279536775075
1.7425 0.70751582864337203560
1.7475 0.71401868246037214494
1.7525 0.72649548035275868241
1.7575 0.75324297654399896551
1.7625 0.76646649678241007830
1.7675 0.77183586567615125595
1.7725 0.78631038330773306289
1.7775 0.79893295436612199456
1.7825 0.81222093156031049954
1.7875 0.83204640118081163447
1.7925 0.84300338420225173763
1.7975 0.85054547287814119549
1.8025 0.85995564976713056993
1.8075 0.88717084850395999673
1.8125 0.89890854921072360639
1.8175 0.93344575177458544157
1.8225 0.95030137638457701232
1.8275 0.96772499570118319934
1.8325 0.98816564372078341538
1.8375 1.01201897533469886703
1.8425 1.03097832308458414730
1.8475 1.06728733749797055630
1.8525 1.09405847004486656004
1.8575 1.11451550049153458311
1.8625 1.12116359666399922901
1.8675 1.14312784292109248518
1.8725 1.16210963623392871114
1.8775 1.18206212839054614072
1.8825 1.21533200771583071997
1.8875 1.21641367601807215415
1.8925 1.24139581418594313611
1.8975 1.26101652327925162211
1.9025 1.29919179805362761115
1.9075 1.30056249491784736705
1.9125 1.33960589589451339876
1.9175 1.35533866312287121225
1.9225 1.40450432357610388578
1.9275 1.40721601178630106865
1.9325 1.43481165938897792245
1.9375 1.45501566716418051506
1.9425 1.47853086713302350752
1.9475 1.51374838488738627795
1.9525 1.54435463617869417341
1.9575 1.53793391191642725424
1.9625 1.56865429789030930152
1.9675 1.62002409812348213691
1.9725 1.66011744090337964863
1.9775 1.70644628170143253243
1.9825 1.72693458374040642589
1.9875 1.74996226485436556786
1.9925 1.78529296778263746326
1.9975 1.79644745882914103063
2.0025 1.84282861156810384706
2.0075 1.87523929547570555876
2.0125 1.90332425470249422261
2.0175 1.90142298033640599897
2.0225 1.92417905129344690707
2.0275 1.89939518858023292935
2.0325 2.06683304885754681735
2.0375 0.31153293622077066205
2.0425 0.17879387180326550277
2.0475 0.18142742227050911996
2.0525 0.18457298738247532310
2.0575 0.18394869045251924233
2.0625 0.18843657022245194343
2.0675 0.19272178947819074146
2.0725 0.19194727893975588318
2.0775 0.19472534279318401418
2.0825 0.19941088066014106550
2.0875 0.20458787867627939439
2.0925 0.20823963614409504719
2.0975 0.21479563204502552520
2.1025 0.21311462428233737820
2.1075 0.22064966384762357832
2.1125 0.22323219375155417543
2.1175 0.22570519382223530602
2.1225 0.23233285319303084715
2.1275 0.23735632092804806459
2.1325 0.23886183244332198639
2.1375 0.23848215315766324585
2.1425 0.24501488227433543265
2.1475 0.24942126832984956586
2.1525 0.25034783414427802528
2.1575 0.25463021185218542852
2.1625 0.25956832350471004123
2.1675 0.25942417822481972367
2.1725 0.26526350660123709790
2.1775 0.26817034950658114045
2.1825 0.27478858529272581768
2.1875 0.27714590530926186407
2.1925 0.28133325015084953424
2.1975 0.28571381030165604598
2.2025 0.28285427257566653214
2.2075 0.28858864130446804097
2.2125 0.29608528967829050860
2.2175 0.29640108643454116111
2.2225 0.30608202772765752409
2.2275 0.31239609973371268437
2.2325 0.31104592210878434511
2.2375 0.31425860670665245467
2.2425 0.32275366856818255012
2.2475 0.31663177111180723644
2.2525 0.32464951637109112914
2.2575 0.00688982851930068380
2.2625 0.00669305677298744680
2.2675 0.00696107772738074546
2.2725 0.00698845667484806338
2.2775 0.00698034751928662718
2.2825 0.00709744540940185527
2.2875 0.00734581510226838159
2.2925 0.00726665235676768329
2.2975 0.00730161157782319506
2.3025 0.00739135790868748234
2.3075 0.00754509987045064254
2.3125 0.00748344366328841746
2.3175 0.00761785986756858408
2.3225 0.00776275330303981530
2.3275 0.00778878014124495012
2.3325 0.00787955885931830927
2.3375 0.00804820068960442579
2.3425 0.00809626079116909127
2.3475 0.00816555126387891184
2.3525 0.00808733321099276703
2.3575 0.00818951351521572321
2.3625 0.00836980121802857746
2.3675 0.00836685493780579478
2.3725 0.00847596614014282414
2.3775 0.00856768421780039827
2.3825 0.00856069859203369837
2.3875 0.00856111416043594912
2.3925 0.00871413640837187531
2.3975 0.00867997557863524685
2.4025 0.00873827996406395524
2.4075 0.00890494810878878634
2.4125 0.00897068770709495006
2.4175 0.00897505256885806901
2.4225 0.00903159497845891848
2.4275 0.00902734315618220103
2.4325 0.00912197020474000454
2.4375 0.00905925472204064872
2.4425 0.00909861066018137314
2.4475 0.00920944619238604247
2.4525 0.00944605970342233744
2.4575 0.00938753853122876493
2.4625 0.00928907392363440693
2.4675 0.00932660986439077209
2.4725 0.00932238536745634214
2.4775 0.00933674371380864218
2.4825 0.00920003857148517581
2.4875 0.00942560241219529173
2.4925 0.00923149405874605297
2.4975 0.00920595984785680527
2.5025 0.00910980860624192347
2.5075 0.00910007987584476874
2.5125 0.00901853175133956152
2.5175 0.00903987951179497165
2.5225 0.00912665131237633612
2.5275 0.00916361889811082540
2.5325 0.00920470183020096963
2.5375 0.00929100649735949309
2.5425 0.00911480228878581468
2.5475 0.00908016852000093251
2.5525 0.00903843620505400888
2.5575 0.00902958969039582837
2.5625 0.00893858815551482402
2.5675 0.00889788688194600129
2.5725 0.00895847792364430455
2.5775 0.00902725458494698860
2.5825 0.00906760072355054444
2.5875 0.00899822512723284784
2.5925 0.00899253744197812434
2.5975 0.00892862394974994374
2.6025 0.00891659795957698044
2.6075 0.00889260822286377060
2.6125 0.00883261645269908108
2.6175 0.00904085669887956696
2.6225 0.00907340824780116482
2.6275 0.00898623137921762509
2.6325 0.00898578652857742396
2.6375 0.00898110295982420918
2.6425 0.00894685089413781685
2.6475 0.00887000190704326751
2.6525 0.00880442147534611468
2.6575 0.00891597108095918897
2.6625 0.00886400519250865083
2.6675 0.00879000454439315265
2.6725 0.00869944564928061548
2.6775 0.00863596907552072364
2.6825 0.00853883066526696030
2.6875 0.00843165419492997344
2.6925 0.00844203261777860987
2.6975 0.00831956837309865554
2.7025 0.00826000119369770143
2.7075 0.00817649297806048725
2.7125 0.00811511141123262038
2.7175 0.00805862591510559702
2.7225 0.00798396060198853369
2.7275 0.00792245175650778920
2.7325 0.00788631635562009846
2.7375 0.00780061037316167293
2.7425 0.00778356685235009286
2.7475 0.00770329497976217272
2.7525 0.00762914979881083345
2.7575 0.00755684675503176962
2.7625 0.00747801364891880014
2.7675 0.00742532909178567156
2.7725 0.00732571271708658007
2.7775 0.00727429524162207745
2.7825 0.00720111912941468185
2.7875 0.00709785185042009770
2.7925 0.00703012928886902200
2.7975 0.00696545591984387095
2.8025 0.00691735307224851555
2.8075 0.00681419370315850675
2.8125 0.00675199756585061987
2.8175 0.00666935212280196383
2.8225 0.00660006111634996694
2.8275 0.00652127785756315137
2.8325 0.00646788460802139118
2.8375 0.00639917981166647325
2.8425 0.00628467733162380547
2.8475 0.00621003990058361256
2.8525 0.00611628192272594025
2.8575 0.00605830213308663438
2.8625 0.00599905813044372856
2.8675 0.00591722376135770528
2.8725 0.00586569254795682275
2.8775 0.00576107986594371572
2.8825 0.00570697649452728793
2.8875 0.00560249778711168715
2.8925 0.00556007435768863384
2.8975 0.00549058888650486888
2.9025 0.00538776258329752653
2.9075 0.00534245611801161674
2.9125 0.00527813930673430749
2.9175 0.00521393116979957175
2.9225 0.00514911088643455958
2.9275 0.00508365319599168516
2.9325 0.00504526885028510307
2.9375 0.00494993083441962970
2.9425 0.00486843478644752303
2.9475 0.00478242040960271102
2.9525 0.00472120377898542758
2.9575 0.00464115803834738109
2.9625 0.00457862130752227821
2.9675 0.00452161458443674138
2.9725 0.00446531958018861995
2.9775 0.00440433223910434175
2.9825 0.00434125257334481898
2.9875 0.00428888918358116648
2.9925 0.00420254813408866591
2.9975 0.00416204918199576755
3.0025 0.00410881385556852597
3.0075 0.00405090080166683672
3.0125 0.00398894744341541773
3.0175 0.00393331735652685793
3.0225 0.00388933322640845971
3.0275 0.00385271493077965271
3.0325 0.00379297036731589829
3.0375 0.00375030585781462988
3.0425 0.00369700789740270985
3.0475 0.00366106682944908682
3.0525 0.00360950582966516019
3.0575 0.00356143749458632218
3.0625 0.00350313671924658201
3.0675 0.00344434075620529559
3.0725 0.00342367619047217412
3.0775 0.00337668785656390722
3.0825 0.00332566552527124772
3.0875 0.00329587515027460849
3.0925 0.00325233018847521493
3.0975 0.00320280713277497440
3.1025 0.00317350467767907101
3.1075 0.00313761057702629425
3.1125 0.00312533162198871907
3.1175 0.00307988316493538290
3.1225 0.00303891134068715041
3.1275 0.00301709127652621638
3.1325 0.00299100712135409296
3.1375 0.00297262307563635414
3.1425 0.00294237993705897963
3.1475 0.00293099062177619224
3.1525 0.00290709290789552223
3.1575 0.00288844376047483076
3.1625 0.00285896679551346554
3.1675 0.00284762698462121596
3.1725 0.00283416963760574911
3.1775 0.00282975278989538136
3.1825 0.00281227114121819239
3.1875 0.00279878242835180117
3.1925 0.00277541328554251586
3.1975 0.00274957634286903795
3.2025 0.00276512759288844324
3.2075 0.00275215686301100897
3.2125 0.00273678553121140498
3.2175 0.00272863542933469332
3.2225 0.00271859290090885330
3.2275 0.00271515724447259164
3.2325 0.00271168836509721881
3.2375 0.00271751706652879812
3.2425 0.00271609546682285421
3.2475 0.00270971774172339575
3.2525 0.00268857440075091856
3.2575 0.00269599070426455216
3.2625 0.00268287685462579271
3.2675 0.00268925356881355698
3.2725 0.00268924505702999471
3.2775 0.00269826903061025098
3.2825 0.00270208935364196897
3.2875 0.00269095902134711519
3.2925 0.00270498096204514630
3.2975 0.00272673409964591280
3.3025 0.00273757205693714312
3.3075 0.00274061767124714325
3.3125 0.00274841864911876685
3.3175 0.00274995062846537710
3.3225 0.00277711916772350109
3.3275 0.00279543542953193018
3.3325 0.00280329210842032413
3.3375 0.00281164565690736985
3.3425 0.00282399353383843473
3.3475 0.00285069325029793088
3.3525 0.00287516765412223303
3.3575 0.00288969147130290448
3.3625 0.00289954296636728281
3.3675 0.00293096726477788238
3.3725 0.00295482751594835667
3.3775 0.00298181858951729719
3.3825 0.00301882830497545536
3.3875 0.00304157839337844144
3.3925 0.00307574725514289703
3.3975 0.00309409682726319519
3.4025 0.00313471633422700855
3.4075 0.00317294975581635698
3.4125 0.00320400569261600730
3.4175 0.00324486534947918516
3.4225 0.00328383478174853159
3.4275 0.00333052682566786513
3.4325 0.00337677828739764343
3.4375 0.00341670125326236839
3.4425 0.00346182111492132323
3.4475 0.00350474157756386915
3.4525 0.00354296781469799413
3.4575 0.00360063453105091951
3.4625 0.00366677941701727943
3.4675 0.00372567967542290941
3.4725 0.00376379477929769408
3.4775 0.00381802040215333460
3.4825 0.00388725705226934237
3.4875 0.00395056628773104903
3.4925 0.00400476870836260351
3.4975 0.00407850041593056396
3.5025 0.00414045689197550717
3.5075 0.00420884240932587611
3.5125 0.00428247690483513771
3.5175 0.00437203658886638029
3.5225 0.00445824111072384930
3.5275 0.00451181623997701058
3.5325 0.00460884750261993624
3.5375 0.00471491281694686338
3.5425 0.00477020012389787335
3.5475 0.00487443065803281998
3.5525 0.00496854741470399448
3.5575 0.00508255736128706594
3.5625 0.00517285706254241688
3.5675 0.00528015033453705946
3.5725 0.00542663223456781550
3.5775 0.00552798640845582247
3.5825 0.00562825167570485830
3.5875 0.00574895481474291346
3.5925 0.00588138037331712403
3.5975 0.00601990128690134147
3.6025 0.00614250081070117325
3.6075 0.00627525671492061392
3.6125 0.00643565379826829473
3.6175 0.00655124228764832062
3.6225 0.00669691196445597412
3.6275 0.00687288191972695254
3.6325 0.00703322138164250415
3.6375 0.00716406233114367987
3.6425 0.00732882000725790846
3.6475 0.00748179952082975771
3.6525 0.00771098178851394901
3.6575 0.00785773716696167024
3.6625 0.00807642768713103844
3.6675 0.00822316189951000608
3.6725 0.00846151900419850334
3.6775 0.00862719649433400793
3.6825 0.00882879062786606598
3.6875 0.00906739192782365401
3.6925 0.00929463914388576479
3.6975 0.00953788927829008794
3.7025 0.00976020108731653901
3.7075 0.00999711108267995960
3.7125 0.01024807422504100257
3.7175 0.01050252508336784255
3.7225 0.01074886074383217711
3.7275 0.01103994648694737492
3.7325 0.01129743930518656812
3.7375 0.01157091579751406800
3.7425 0.01190443435393164634
3.7475 0.01217645774998392730
3.7525 0.01247051604839262071
3.7575 0.01280184047230616129
3.7625 0.01317849621225862175
3.7675 0.01350237686665458139
3.7725 0.01384696826941339207
3.7775 0.01420534657099153247
3.7825 0.01456317702036702237
3.7875 0.01499522135422855056
3.7925 0.01535402748843270500
3.7975 0.01575410146179992768
3.8025 0.01616720468110163095
3.8075 0.01665016697168668000
3.8125 0.01720618002330858223
3.8175 0.01757252984219830755
3.8225 0.01803145185650013860
3.8275 0.01851691146203326629
3.8325 0.01900646172646797138
3.8375 0.01952147274465741711
3.8425 0.02004683590330830559
3.8475 0.02065163767541852019
3.8525 0.02118454750780229476
3.8575 0.02175722184857693461
3.8625 0.02234599826597449823
3.8675 0.02297512165474535281
3.8725 0.02363526423295236531
3.8775 0.02427252881640298496
3.8825 0.02494353538057726000
3.8875 0.02544843711421115526
3.8925 0.02615534182019858475
3.8975 0.02702332632258601028
3.9025 0.02774547881395338783
3.9075 0.02846329869642765659
3.9125 0.02935719741813313730
3.9175 0.03007539933937378174
3.9225 0.03089430085891516770
3.9275 0.03160884553535011493
3.9325 0.03237454502223383740
3.9375 0.03334006260369955232
3.9425 0.03418807500061268878
3.9475 0.03516599985277408386
3.9525 0.03614437475966691959
3.9575 0.03695108603373518930
3.9625 0.03794390424039630755
3.9675 0.03905351974100550877
3.9725 0.03993819421620161542
3.9775 0.04111821097152417587
3.9825 0.04217132848403992718
3.9875 0.04345905572305722858
3.9925 0.04450077685501029057
3.9975 0.04562559936715927106
4.0025 0.04702853229418982317
4.0075 0.04808366925621197774
4.0125 0.04938907413573714184
4.0175 0.05077236671240299704
4.0225 0.05199272619080096830
4.0275 0.05312108450229810486
4.0325 0.05435612230293317831
4.0375 0.05568744692869192353
4.0425 0.05698109841064589315
4.0475 0.05862673753055373110
4.0525 0.06007578661966548467
4.0575 0.06183109390636030989
4.0625 0.06324001767451484235
4.0675 0.06476520698867573034
4.0725 0.06635206058947595853
4.0775 0.06778377450517632241
4.0825 0.06975489630159020793
4.0875 0.07103874138090221502
4.0925 0.07296822587065016075
4.0975 0.07452050768329585018
4.1025 0.07658356987981562725
4.1075 0.07837972331103439105
4.1125 0.07994154880702392107
4.1175 0.08176851319065683854
4.1225 0.08374729289808888200
4.1275 0.08541720775951983091
4.1325 0.08717708718348446406
4.1375 0.08902792317628972774
4.1425 0.09122595155129510636
4.1475 0.09339576950266348376
4.1525 0.09540020986880126674
4.1575 0.09725293813635399465
4.1625 0.09932506573451717335
4.1675 0.10125816626561424949
4.1725 0.10347000335472220089
4.1775 0.10570990420342632476
4.1825 0.10805718478168714614
4.1875 0.11059298831441376210
4.1925 0.11252204334075074921
4.1975 0.11509127452781976741
4.2025 0.11762604793661970981
4.2075 0.11956708484755378119
4.2125 0.12175320312565487968
4.2175 0.12450040055567468400
4.2225 0.12646467060552127326
4.2275 0.12963017039253912910
4.2325 0.13194640775898672236
4.2375 0.13334223391767832667
4.2425 0.13612813868040801735
4.2475 0.13823649441610535993
4.2525 0.14083506016230001867
4.2575 0.14323183042463291659
4.2625 0.14529678288176248180
4.2675 0.14847540236416101322
4.2725 0.15117147377751374848
4.2775 0.15357676050390220435
4.2825 0.15661624184782765856
4.2875 0.15823747946243446605
4.2925 0.16127671099695850554
4.2975 0.16405571523137549295
4.3025 0.16719468737109996481
4.3075 0.17013271204786711843
4.3125 0.17275766860564056859
4.3175 0.17458643749227872877
4.3225 0.17675184528254642147
4.3275 0.17921274691201372065
4.3325 0.18152895737634533457
4.3375 0.18481299249199809043
4.3425 0.18707062454003850482
4.3475 0.18991589559919222485
4.3525 0.19247962754766145821
4.3575 0.19530992894017110140
4.3625 0.19749436971036660182
4.3675 0.20002395013038942739
4.3725 0.20264549111767457545
4.3775 0.20503482029889016913
4.3825 0.20745742121542520842
4.3875 0.20953106965878018353
4.3925 0.21265298747020464076
4.3975 0.21528426638512157543
4.4025 0.21837218116456522110
4.4075 0.21961266285511307772
4.4125 0.22127605147647771977
4.4175 0.22361778485217265189
4.4225 0.22584940474199308169
4.4275 0.22817502978065781760
4.4325 0.22964688043879960544
4.4375 0.23216398401030843845
4.4425 0.23386435565052865471
4.4475 0.23621605875950174580
4.4525 0.23910218507589628412
4.4575 0.24052051901088844499
4.4625 0.24193303354054701559
4.4675 0.24331600947285414449
4.4725 0.24575159672514668152
4.4775 0.24659417550105919292
4.4825 0.24736512140317687414
4.4875 0.24887008108875655066
4.4925 0.25173542586969166468
4.4975 0.25315314802074001532
4.5025 0.25386120974785619797
4.5075 0.25600661558987247712
4.5125 0.25694410550065044374
4.5175 0.25779139749225349343
4.5225 0.25910438300545807211
4.5275 0.26031145314885367759
4.5325 0.26128566734598324128
4.5375 0.26223612200156531937
4.5425 0.26271113749056390629
4.5475 0.26382752491507671655
4.5525 0.26515350413417654307
4.5575 0.26575129253722540312
4.5625 0.26655038157914306973
4.5675 0.26595236575792235989
4.5725 0.26699571522645987320
4.5775 0.26764144228850328400
4.5825 0.26764988476579237853
4.5875 0.26757147235120593010
4.5925 0.26804707629903856692
4.5975 0.26833965494878264657
4.6025 0.26781791074653649165
4.6075 0.26855164633119921191
4.6125 0.26856147571353539139
4.6175 0.26823367666268937981
4.6225 0.26714879587408468797
4.6275 0.26630116729215685956
4.6325 0.26669463979160312750
4.6375 0.26764538343904026307
4.6425 0.26697378827148149361
4.6475 0.26512499624047841662
4.6525 0.26549471504055155435
4.6575 0.26487901981038525223
4.6625 0.26286907377095480864
4.6675 0.26168959239530925620
4.6725 0.26141125360643679976
4.6775 0.26082353032607491494
4.6825 0.26051208448172491483
4.6875 0.25906360643747144978
4.6925 0.25958817671819883754
4.6975 0.25693715483312001835
4.7025 0.25567621990123245990
4.7075 0.25473929587774701844
4.7125 0.25441635413255625497
4.7175 0.25252254312558847227
4.7225 0.25123915155378973019
4.7275 0.25020153875642980879
4.7325 0.24844509665286962363
4.7375 0.24734356715282704298
4.7425 0.24555254514300353663
4.7475 0.24402721301993640646
4.7525 0.24199153361104153159
4.7575 0.24058633084717193085
4.7625 0.23903169779998187372
4.7675 0.23693982908538263610
4.7725 0.23546649482824769106
4.7775 0.23367293180078615999
4.7825 0.23226293126273814260
4.7875 0.23109782627797009757
4.7925 0.22950334765349958421
4.7975 0.22770253816967581106
4.8025 0.22631240996043591740
4.8075 0.22383513312261532624
4.8125 0.22222421539780398692
4.8175 0.21939214007310581245
4.8225 0.21859654333021424910
4.8275 0.21626223505916863932
4.8325 0.21420846681469407624
4.8375 0.21209990053808233657
4.8425 0.21052224463179119995
4.8475 0.20805230095251914246
4.8525 0.20622099415445518944
4.8575 0.20436225815063732703
4.8625 0.20259669147195857875
4.8675 0.20015193515056065032
4.8725 0.19799081554860936683
4.8775 0.19623239258445115962
4.8825 0.19492076938977870304
4.8875 0.19179069617826272065
4.8925 0.19116795027156119335
4.8975 0.18933035297971331778
4.9025 0.18673355666939270292
4.9075 0.18588982506110274251
4.9125 0.18283653696498564090
4.9175 0.18039479912276759621
4.9225 0.17881470266984983430
4.9275 0.17795816551200144273
4.9325 0.17569966967557784643
4.9375 0.17383989186476844768
4.9425 0.17172652260945073244
4.9475 0.16942325578817671317
4.9525 0.16765150852237961643
4.9575 0.16491766636148533220
4.9625 0.16296885007833894488
4.9675 0.16241975365788169361
4.9725 0.15979531931863938388
4.9775 0.15731841728932186020
4.9825 0.15557292124740743078
4.9875 0.15350843210448122944
4.9925 0.15129174574189860336
4.9975 0.14926679873383397190
5.0025 0.14718914369000368758
5.0075 0.14529462078997129604
5.0125 0.14344612492674402304
5.0175 0.14209466455286229314
5.0225 0.14071705173715337578
5.0275 0.13936703115386106511
5.0325 0.13748546428459271218
5.0375 0.13601794911354048168
5.0425 0.13466659890975243852
5.0475 0.01886804727259168424
5.0525 0.01844706492308834447
5.0575 0.01821627337381418257
5.0625 0.01798030624942302882
5.0675 0.01770584577271848079
5.0725 0.01751914618282637143
5.0775 0.01730797570051351500
5.0825 0.01708372561828513589
5.0875 0.01684260742935256988
5.0925 0.01662146091080986612
5.0975 0.01642655114751314857
5.1025 0.01624809065604698038
5.1075 0.01603340128126508335
5.1125 0.01584549370633429183
5.1175 0.01567034575707676458
5.1225 0.01546468850986473971
5.1275 0.01529055524654731810
5.1325 0.01507464228405168589
5.1375 0.01490063990064607186
5.1425 0.01472387831578795929
5.1475 0.01456085310010210403
5.1525 0.01438715587412798744
5.1575 0.01420221869855254129
5.1625 0.01405390210274661510
5.1675 0.01388309316647989497
5.1725 0.01370365854853685013
5.1775 0.01353893746742457042
5.1825 0.01340859892423204060
5.1875 0.01328085974590444314
5.1925 0.01313085618457872014
5.1975 0.01296319351396771173
5.2025 0.01282592637519557564
5.2075 0.01266115503824517818
5.2125 0.01252766311852512512
5.2175 0.01238013130553683797
5.2225 0.01225226960141104562
5.2275 0.01212682590964625148
5.2325 0.01199760405734344795
5.2375 0.01188480768883835512
5.2425 0.01177750563347452518
5.2475 0.01166990054744310688
5.2525 0.01154051018190572347
5.2575 0.01142876187218584520
5.2625 0.01130598521688947616
5.2675 0.01120906045354219151
5.2725 0.01108049233534478227
5.2775 0.01097925134515872168
5.2825 0.01088192786571738797
5.2875 0.01078545764404154755
5.2925 0.01069110660612446889
5.2975 0.01059111059863679719
5.3025 0.01051996716874115285
5.3075 0.01042603468123090224
5.3125 0.01031852977170687712
5.3175 0.01025334312615299934
5.3225 0.01017391530835235099
5.3275 0.01010205119267120095
5.3325 0.00999831869726825785
5.3375 0.00991598381932524975
5.3425 0.00986993691521482509
5.3475 0.00979594848472094271
5.3525 0.00972816231206729415
5.3575 0.00965509336969616605
5.3625 0.00958831296110541562
5.3675 0.00951043937185720896
5.3725 0.00945451205057434678
5.3775 0.00940542683566743254
5.3825 0.00934539695385793595
5.3875 0.00927801568102886755
5.3925 0.00922852932666316447
5.3975 0.00919219790350539641
5.4025 0.00912774437459855023
5.4075 0.00908531980951192072
5.4125 0.00903417748799748531
5.4175 0.00899964609487344420
5.4225 0.00894810726088330309
5.4275 0.00890497015466029836
5.4325 0.00887646925615774053
5.4375 0.00883096923147345600
5.4425 0.00880653782078265508
5.4475 0.00877102130596568025
5.4525 0.00875277233448392561
5.4575 0.00872351263254910782
5.4625 0.00870053489599964709
5.4675 0.00866986565993008683
5.4725 0.00863855285110211139
5.4775 0.00861978736824008628
5.4825 0.00858786213490819912
5.4875 0.00858073283621192152
5.4925 0.00857331092585065027
5.4975 0.00854843751750302902
5.5025 0.00852654459572005016
5.5075 0.00852017910389030013
5.5125 0.00852402601878794047
5.5175 0.00850625853016190835
5.5225 0.00850686611850306681
5.5275 0.00850350926672116189
5.5325 0.00850608894688052557
5.5375 0.00850680385719158536
5.5425 0.00851045793966744360
5.5475 0.00851854732682858981
5.5525 0.00852047856542284543
5.5575 0.00852068943536446639
5.5625 0.00854051033436946730
5.5675 0.00856376556965813933
5.5725 0.00859158549793508954
5.5775 0.00859483665191671138
5.5825 0.00861968232472867107
5.5875 0.00864072369478319745
5.5925 0.00866244272381793898
5.5975 0.00869282203472594543
5.6025 0.00872519367833409464
5.6075 0.00875138410564734598
5.6125 0.00877382451928415512
5.6175 0.00881845317114137231
5.6225 0.00885488613187654892
5.6275 0.00889849144039857841
5.6325 0.00894060348501601355
5.6375 0.00897358251751355883
5.6425 0.00903283067936331598
5.6475 0.00908353981226196067
5.6525 0.00913654568083774148
5.6575 0.00919004090100928976
5.6625 0.00923610965644857881
5.6675 0.00927928050917525490
5.6725 0.00934967303203950752
5.6775 0.00941552675179060765
5.6825 0.00948637362445965346
5.6875 0.00954918881913920277
5.6925 0.00961168989609541800
5.6975 0.00969175263110558412
5.7025 0.00976359235572754440
5.7075 0.00985419410473923306
5.7125 0.00991380983312114238
5.7175 0.01001760272845111932
5.7225 0.01009554951550893989
5.7275 0.01019073033282121878
5.7325 0.01027948993739010233
5.7375 0.01037462115829723870
5.7425 0.01048347229765774630
5.7475 0.01059944724677517290
5.7525 0.01070706918175855574
5.7575 0.01079624676631851278
5.7625 0.01092409660639891492
5.7675 0.01104779311507196951
5.7725 0.01117142520000512923
5.7775 0.01131062708883290129
5.7825 0.01143917418109358965
5.7875 0.01158614396834871905
5.7925 0.01171922794350605153
5.7975 0.01185804623577443873
5.8025 0.01202081389767661358
5.8075 0.01218381698910809587
5.8125 0.01231087337359085439
5.8175 0.01248021333203481673
5.8225 0.01264135726357958935
5.8275 0.01281640888086556067
5.8325 0.01298990067177300568
5.8375 0.01316203507419952227
5.8425 0.01335764042256603647
5.8475 0.01353214816456112420
5.8525 0.01375923137196161106
5.8575 0.01395727434301234117
5.8625 0.01416901265989794524
5.8675 0.01439772726210341962
5.8725 0.01459765803442807791
5.8775 0.01482356814280324023
5.8825 0.01507273517131566161
5.8875 0.01529870303152392093
5.8925 0.01553836784167003660
5.8975 0.01581348363717402158
5.9025 0.01607915730650169225
5.9075 0.01633412770435844347
5.9125 0.01661871436046434211
5.9175 0.01689922519428964376
5.9225 0.01716862254021279954
5.9275 0.01746369718799108475
5.9325 0.01776225223209078677
5.9375 0.01803419781420395954
5.9425 0.01834566554657067125
5.9475 0.01865155670692063630
5.9525 0.01899107155498831745
5.9575 0.01932417170700615611
5.9625 0.01966301785403782448
5.9675 0.01998600077820896284
5.9725 0.02036450903738438664
5.9775 0.02070247112244078674
5.9825 0.02110772771555247118
5.9875 0.02146310105133231519
5.9925 0.02186566125754942774
5.9975 0.02223586535988428606
6.0025 0.02263155968016032984
6.0075 0.02307787325767322179
6.0125 0.02349068854253527280
6.0175 0.02393960751676632234
6.0225 0.02438704521112989437
6.0275 0.02484456701103021983
6.0325 0.02531962842155893387
6.0375 0.02579439673192996871
6.0425 0.02624495587434392055
6.0475 0.02676628594159932012
6.0525 0.02723515519544593075
6.0575 0.02778741766708232863
6.0625 0.02827686066266636017
6.0675 0.02878142424152219103
6.0725 0.02933272589179399328
6.0775 0.02990772065280603367
6.0825 0.03051106904436388587
6.0875 0.03104747675835909868
6.0925 0.03167362749996639748
6.0975 0.03228472842520538344
6.1025 0.03283151822124356217
6.1075 0.03354052008499722182
6.1125 0.03418041554735871262
6.1175 0.03487090259695587585
6.1225 0.03555117983442883378
6.1275 0.03622748680310582808
6.1325 0.03690007285431658873
6.1375 0.03762977832763395730
6.1425 0.03841272682261669819
6.1475 0.03919766505742072055
6.1525 0.03995840816716705185
6.1575 0.04073764213573528858
6.1625 0.04147231904126651159
6.1675 0.04226346927359347222
6.1725 0.04306291448804348831
6.1775 0.04399440997674050613
6.1825 0.04489680215642297828
6.1875 0.07419708133916277926
6.1925 0.07529790328044345948
6.1975 0.07649956863744362956
6.2025 0.07777997372178499513
6.2075 0.07887625361201254515
6.2125 0.08031261468943057258
6.2175 0.08142273676504678537
6.2225 0.08256658420272169896
6.2275 0.08388133648021646460
6.2325 0.08511767880455842206
6.2375 0.08655570829300915370
6.2425 0.08761687494923740827
6.2475 0.08891809290476899996
6.2525 0.09025124164559425455
6.2575 0.09173556705474107675
6.2625 0.09324906666131110855
6.2675 0.09476246735114383923
6.2725 0.09598490254888528139
6.2775 0.09760770553550968121
6.2825 0.09872673253320751741
6.2875 0.10008827275217427322
6.2925 0.10182299533181370099
6.2975 0.10327113032317462860
6.3025 0.10466987553670635547
6.3075 0.10633438963199609573
6.3125 0.10778827401751843451
6.3175 0.10916767612832868617
6.3225 0.11093190507089670249
6.3275 0.11231236050850797181
6.3325 0.11412200543165254563
6.3375 0.11571331687673763744
6.3425 0.11727995525326727344
6.3475 0.11886469683797080965
6.3525 0.12042342478510688342
6.3575 0.12205680564474546967
6.3625 0.12362767378718063360
6.3675 0.12535299733155838564
6.3725 0.12718406558609643420
6.3775 0.12872367010263693898
6.3825 0.13027082573590084702
6.3875 0.13216281586055916852
6.3925 0.13387444041251092552
6.3975 0.13550523949182333161
6.4025 0.13760739272474248329
6.4075 0.13885867120589040491
6.4125 0.14073680254768264342
6.4175 0.14255658905831869454
6.4225 0.14419369309149202008
6.4275 0.14595031544596664963
6.4325 0.14796739079924806082
6.4375 0.14963182791145698824
6.4425 0.15093297281363857176
6.4475 0.15285172178047976010
6.4525 0.15482656581961265485
6.4575 0.15656054801017507683
6.4625 0.15829347348946803953
6.4675 0.16047337039953799009
6.4725 0.16189528161278890495
6.4775 0.16372631612518828703
6.4825 0.16502948651287882575
6.4875 0.16715793795415967438
6.4925 0.16864590387865796561
6.4975 0.17081748331352628045
6.5025 0.17173158171276403650
6.5075 0.17366479085470093446
6.5125 0.17563092043536168707
6.5175 0.17680757333850868895
6.5225 0.17857295306015377734
6.5275 0.17959895429149710933
6.5325 0.18164368281049411702
6.5375 0.18256795677820994439
6.5425 0.18392659949185213852
6.5475 0.18585369773103521673
6.5525 0.18726318396345628670
6.5575 0.18848530610622632464
6.5625 0.18993746137985026423
6.5675 0.19163264670593355143
6.5725 0.19212462738288366149
6.5775 0.19366142837704816704
6.5825 0.19524816740751674282
6.5875 0.19618467415988594116
6.5925 0.19753668826016332338
6.5975 0.19880123539122113163
6.6025 0.20013364959931101428
6.6075 0.20069421600905626435
6.6125 0.20148248112569513979
6.6175 0.20281040807584399532
6.6225 0.20367102001555192903
6.6275 0.20379077543489870772
6.6325 0.20512205957273721424
6.6375 0.20553606894253875770
6.6425 0.20593545727699780201
6.6475 0.20710005595694147562
6.6525 0.20766587294556118626
6.6575 0.20826447785404450519
6.6625 0.20831566970162046504
6.6675 0.20881269914150482614
6.6725 0.20793202291147419580
6.6775 0.20886908290776887154
6.6825 0.20867941045478149986
6.6875 0.20895131686638934720
6.6925 0.20892483396081298896
6.6975 0.21172947932876642896
6.7025 0.21096097460930671175
6.7075 0.20982762409683408666
6.7125 0.21008334048265436822
6.7175 0.20918854253524141185
6.7225 0.20892631527240898559
6.7275 0.21025947555450669180
6.7325 0.21001168575612796929
6.7375 0.20956919756990596837
6.7425 0.20831428806664703535
6.7475 0.20771347300714262940
6.7525 0.20674778387102202282
6.7575 0.20594178686884692664
6.7625 0.20608299540978169961
6.7675 0.20249585810505366101
6.7725 0.20147186719254134291
6.7775 0.20064952314412495826
6.7825 0.19949175568528729197
6.7875 0.19882476727293174612
6.7925 0.19818494866935515430
6.7975 0.19705231657490202002
6.8025 0.19633169729799443415
6.8075 0.19345017639725151093
6.8125 0.19151747967602342215
6.8175 0.19043766295834529956
6.8225 0.19077056316878499009
6.8275 0.18922331727584260075
6.8325 0.18808547425920754681
6.8375 0.18478593005422919160
6.8425 0.18219877092435410315
6.8475 0.18205118087969465734
6.8525 0.17949895449202216136
6.8575 0.17897312476103210965
6.8625 0.17715457840457368710
6.8675 0.17456504212041323854
6.8725 0.17206136650500389318
6.8775 0.17104462757250660232
6.8825 0.16865410818624501643
6.8875 0.16684987571322168476
6.8925 0.16440318583444810119
6.8975 0.16275482375491601150
6.9025 0.16128077038094987272
6.9075 0.15927322369896518284
6.9125 0.15869906990280566172
6.9175 0.16135108172536616333
6.9225 0.74815484799490028500
6.9275 0.75596286183624572530
6.9325 0.74165068712139781137
6.9375 0.73262156835023173329
6.9425 0.72209550708804703945
6.9475 0.70477093442188598615
6.9525 0.69179537797025814072
6.9575 0.68162700482977534033
6.9625 0.66857503483769131769
6.9675 0.65380053820334538273
6.9725 0.64085086670845026191
6.9775 0.62882436718927492425
6.9825 0.61868686356003121940
6.9875 0.60578718951953369753
6.9925 0.59367450015633016491
6.9975 0.58131561934880970899
7.0025 0.57216660283152187549
7.0075 0.55642891039109887430
7.0125 0.54653730974200509518
7.0175 0.53430722263587460130
7.0225 0.52296884375260710431
7.0275 0.51062064420949015986
7.0325 0.49695034142072563865
7.0375 0.48590987354144832278
7.0425 0.47567460462162974855
7.0475 0.46327795404320437633
7.0525 0.45255331114041225105
7.0575 0.44151967401714270478
7.0625 0.42729360161378376892
7.0675 0.41733532693812441794
7.0725 0.40899966943814980436
7.0775 0.40008502589348071687
7.0825 0.38989889152969114949
7.0875 0.38176228273160250914
7.0925 0.37219052794347645685
7.0975 0.35937362355193341878
7.1025 0.34936342090562888529
7.1075 0.34081431542139145607
7.1125 0.33208192723251356293
7.1175 0.32325082232047702702
7.1225 0.31505363831344318504
7.1275 0.30663837839450852618
7.1325 0.29842626660585697129
7.1375 0.28984598426528762616
7.1425 0.28220852530341877795
7.1475 0.27530519092730471042
7.1525 0.26751143912018482407
7.1575 0.25932049817628605171
7.1625 0.25225098732366968424
7.1675 0.24485151761886203570
7.1725 0.23837922607177289280
7.1775 0.23143437353875018214
7.1825 0.22540977993743721575
7.1875 0.21793450808639747152
7.1925 0.21177148983829624518
7.1975 0.20515259951113734571
7.2025 0.19942876158512737317
7.2075 0.19373181908044806443
7.2125 0.18715307543427200931
7.2175 0.18095394539502879239
7.2225 0.17636303360818644803
7.2275 0.16962616362688281990
7.2325 0.16491506402035294165
7.2375 0.15999789691762020261
7.2425 0.15444166824907373803
7.2475 0.14935472650351855339
7.2525 0.14492519245302909470
7.2575 0.14088310275254095627
7.2625 0.13592692527321709184
7.2675 0.13184449741077081120
7.2725 0.12770936532774987415
7.2775 0.12332257258628517849
7.2825 0.11926097448168028470
7.2875 0.11517641845357630415
7.2925 0.11166200822517863278
7.2975 0.10810565601148688919
7.3025 0.10433506561817039449
7.3075 0.10112358380211755593
7.3125 0.09741541150192650766
7.3175 0.09397400700757942149
7.3225 0.09102521152172163288
7.3275 0.08810826416108719084
7.3325 0.08529177448967158182
7.3375 0.08213689736870954938
7.3425 0.07908367675934321883
7.3475 0.07676841874952126943
7.3525 0.07448735277247287012
7.3575 0.07182052408881506311
7.3625 0.06926655244155167923
7.3675 0.06706954476373898355
7.3725 0.06469572847589273590
7.3775 0.06255330424053411054
7.3825 0.06033840243478404836
7.3875 0.05856933071012999231
7.3925 0.05663289769565557630
7.3975 0.05469367938066997670
7.4025 0.05290153323216515574
7.4075 0.05057100967441905542
7.4125 0.04908368245010719111
7.4175 0.04733910249698818073
7.4225 0.04581410348051491443
7.4275 0.04410022555444339382
7.4325 0.04262338723558163622
7.4375 0.04094318375294848933
7.4425 0.03965842642923577549
7.4475 0.03827566105915468364
7.4525 0.03725932155672755097
7.4575 0.03593192259964146651
7.4625 0.03460700308058964336
7.4675 0.03336137111226875757
7.4725 0.00225055124704217095
7.4775 0.00217220700901256955
7.4825 0.00208825106522054832
7.4875 0.00201871860929742509
7.4925 0.00194844984781479026
7.4975 0.00189657399035069070
7.5025 0.00181612156583078454
7.5075 0.00175359404271978108
7.5125 0.00169480219814551326
7.5175 0.00164392407895245845
7.5225 0.00158441462134605721
7.5275 0.00153497390339052539
7.5325 0.00148251309928300215
7.5375 0.00143155105122214164
7.5425 0.00138337191080706474
7.5475 0.00133746690379845734
7.5525 0.00130034842320826509
7.5575 0.00125812281441032995
7.5625 0.00121465110441360403
7.5675 0.00117760988349073807
7.5725 0.00114220846561838307
7.5775 0.00110215235229466969
7.5825 0.00106640209756385883
7.5875 0.00102958904579294737
7.5925 0.00099610604145604765
7.5975 0.00096523440236080096
7.6025 0.00093694561022483465
7.6075 0.00090990827066082032
7.6125 0.00088354739631019044
7.6175 0.00085427077339246028
7.6225 0.00083306217776912047
7.6275 0.00080385162428711870
7.6325 0.00077717967917067946
7.6375 0.00075620312044545894
7.6425 0.00073499754077521197
7.6475 0.00071482288515791652
7.6525 0.00069405725695181235
7.6575 0.00067480936003387181
7.6625 0.00065289295068126426
7.6675 0.00063670228647780389
7.6725 0.00062343458355212759
7.6775 0.00059963500663315957
7.6825 0.00058285248068298064
7.6875 0.00056700150159804687
7.6925 0.00055380159194569996
7.6975 0.00053734627825033484
7.7025 0.00052707877942877526
7.7075 0.00051245283690283170
7.7125 0.00049596852110795470
7.7175 0.00048498505404622638
7.7225 0.00046987140413681284
7.7275 0.00045897491057880492
7.7325 0.00044653653561444281
7.7375 0.00043507352101520224
7.7425 0.00042279048736031230
7.7475 0.00041271095420446555
7.7525 0.00040314009344090927
7.7575 0.00039341213272154848
7.7625 0.00038687670637350437
7.7675 0.00037467459932076578
7.7725 0.00036749693080540479
7.7775 0.00035940801234678779
7.7825 0.00035207990301704996
7.7875 0.00034335590939140413
7.7925 0.00033631854979925300
7.7975 0.00032867586906686443
7.8025 0.00032119484233020235
7.8075 0.00031529486263306441
7.8125 0.00031043270235460332
7.8175 0.00030618415131443779
7.8225 0.00030088088560517633
7.8275 0.00029423992108305506
7.8325 0.00028972467371751699
7.8375 0.00028445882706829066
7.8425 0.00027853843652247794
7.8475 0.00027447737815495984
7.8525 0.00027137045504918084
7.8575 0.00026759981802072699
7.8625 0.00026426314921417670
7.8675 0.00026242223523445453
7.8725 0.00025880956356375624
7.8775 0.00025328612149323651
7.8825 0.00024841739380531005
7.8875 0.00024464009655564436
7.8925 0.00024220590189941987
7.8975 0.00023903398976039751
7.9025 0.00023629013171555643
7.9075 0.00023319769821498410
7.9125 0.00023133591373884071
7.9175 0.00022943451471587494
7.9225 0.00022576073035155631
7.9275 0.00022343799376680533
7.9325 0.00022086346486594231
7.9375 0.00021974052536133531
7.9425 0.00021827240748115311
7.9475 0.00021609357183533236
7.9525 0.00021492250702026728
7.9575 0.00021362095084432516
7.9625 0.00021154702286648109
7.9675 0.00021108435182332777
7.9725 0.00020888253797973015
7.9775 0.00020853080147307900
7.9825 0.00020647537071302177
7.9875 0.00020640861848140907
7.9925 0.00020566651773945812
7.9975 0.00020571406171735905
8.0025 0.00020547076994609524
8.0075 0.00020384112917588664
8.0125 0.00020296191114776226
8.0175 0.00020320185385384532
8.0225 0.00020308272150712891
8.0275 0.00020253220022610133
8.0325 0.00020241443206470375
8.0375 0.00020261753355258332
8.0425 0.00020324393896688225
8.0475 0.00020210350356129802
8.0525 0.00020216010507937598
8.0575 0.00020292702237217206
8.0625 0.00020284023121041903
8.0675 0.00020416265447944224
8.0725 0.00020480855809404324
8.0775 0.00020748237646835621
8.0825 0.00020804845860459276
8.0875 0.00020681809010544432
8.0925 0.00020942449744579145
8.0975 0.00021098675261910194
8.1025 0.00021306041800061670
8.1075 0.00021345359937077402
8.1125 0.00021513779127751162
8.1175 0.00021795062724465472
8.1225 0.00021873466666287532
8.1275 0.00022090366166605538
8.1325 0.00022318518051643309
8.1375 0.00022557704342302746
8.1425 0.00022713072511638884
8.1475 0.00023139388535530869
8.1525 0.00023494791341842090
8.1575 0.00023696091483362276
8.1625 0.00023853681980210388
8.1675 0.00024264141632427015
8.1725 0.00024717967422426744
8.1775 0.00024871441661215664
8.1825 0.00025205815802907490
8.1875 0.00025500080212879439
8.1925 0.00025990967237183324
8.1975 0.00026363639406774863
8.2025 0.00026788043515855461
8.2075 0.00027378672383614530
8.2125 0.00027674370905614369
8.2175 0.00028328419324691540
8.2225 0.00028830605014454650
8.2275 0.00029416734760144271
8.2325 0.00029971709040106426
8.2375 0.00030574543159952436
8.2425 0.00021201122160606657
8.2475 0.00021533112734502675
8.2525 0.00021886815068893764
8.2575 0.00022302556546248496
8.2625 0.00022834680785438347
8.2675 0.00023409319244911865
8.2725 0.00023873887057825435
8.2775 0.00024309361184127965
8.2825 0.00024912732582613845
8.2875 0.00025540128952821547
8.2925 0.00026058416379477907
8.2975 0.00026737896450343228
8.3025 0.00027448707590802804
8.3075 0.00028209005228746839
8.3125 0.00028791061997765255
8.3175 0.00029450797387349260
8.3225 0.00030346016122527355
8.3275 0.00031319334607722647
8.3325 0.00032409204680012698
8.3375 0.00033236442383774933
8.3425 0.00034094741400530744
8.3475 0.00034962656352557111
8.3525 0.00035877046196239901
8.3575 0.00036949053313958542
8.3625 0.00038031102418463713
8.3675 0.00039148207847804846
8.3725 0.00040659459677317762
8.3775 0.00042354297396417711
8.3825 0.00043495105922272914
8.3875 0.00044853968348747167
8.3925 0.00046437426426955734
8.3975 0.00047698202134276586
8.4025 0.00049194834922021012
8.4075 0.00050669929018561577
8.4125 0.00052391594319164015
8.4175 0.00054355292246638571
8.4225 0.00056088704854020076
8.4275 0.00058646702188176953
8.4325 0.00060692847718855740
8.4375 0.00062304309279222648
8.4425 0.00063899889571510495
8.4475 0.00067338337709997055
8.4525 0.00069785774968650761
8.4575 0.00071708061590567025
8.4625 0.00074484649030343920
8.4675 0.00077182818765814815
8.4725 0.00080371469155317266
8.4775 0.00083395913486956701
8.4825 0.00087050098880817636
8.4875 0.00089779820610028766
8.4925 0.00094368880243780797
8.4975 0.00097155763685940046
8.5025 0.00101233122965039375
8.5075 0.00104877353997770667
8.5125 0.00108944260324234446
8.5175 0.00113411305079535855
8.5225 0.00118818218204370983
8.5275 0.00123625937091181317
8.5325 0.00128015885116336764
8.5375 0.00133632764375493152
8.5425 0.00139949689789195118
8.5475 0.00145979911857073126
8.5525 0.00152517448081847338
8.5575 0.00158969861602645452
8.5625 0.00166398161403567596
8.5675 0.00173277781567499024
8.5725 0.00180689071768208110
8.5775 0.00190050375654965626
8.5825 0.00198880509008714365
8.5875 0.00206040490160902447
8.5925 0.00216505887339496581
8.5975 0.00226105158949224064
8.6025 0.00236699467996526712
8.6075 0.00247360793305365003
8.6125 0.00258506694957418882
8.6175 0.00271921960416027318
8.6225 0.00284033722311143651
8.6275 0.00299810399019188921
8.6325 0.00313177864402300245
8.6375 0.00328567206455624740
8.6425 0.00345533427322652084
8.6475 0.00359603788176338438
8.6525 0.00377775847283460349
8.6575 0.00396632342001772449
8.6625 0.00415919733543681711
8.6675 0.00434902477540720193
8.6725 0.00458286566398827082
8.6775 0.00481816272892206417
8.6825 0.00505326071898448172
8.6875 0.00531436121954314850
8.6925 0.00555380138564619784
8.6975 0.00581345887780696131
8.7025 0.00612405241203875256
8.7075 0.00640331008476756336
8.7125 0.00669392596039807865
8.7175 0.00702363033504475789
8.7225 0.00731831363045794183
8.7275 0.00767951372430617559
8.7325 0.00805177490016851377
8.7375 0.00845802726775950198
8.7425 0.00883309128628199415
8.7475 0.00927935946752891580
8.7525 0.00964241861421293554
8.7575 0.01018002104378097801
8.7625 0.01060008904284082988
8.7675 0.01112637056398339992
8.7725 0.01151971360338670952
8.7775 0.01201862634837134840
8.7825 0.01256138905724040432
8.7875 0.01302035806256603319
8.7925 0.01360341858501850666
8.7975 0.01416257413868416554
8.8025 0.01475419577280559849
8.8075 0.01540813175863009650
8.8125 0.01601546085427926758
8.8175 0.01652497857036764467
8.8225 0.01726553977897186606
8.8275 0.01791793430936689663
8.8325 0.01876846087215284370
8.8375 0.01939232309484640107
8.8425 0.01999543739681598070
8.8475 0.02080624470260940967
8.8525 0.02166029192551763294
8.8575 0.02248380945890565349
8.8625 0.02306301861588358829
8.8675 0.02389385616723709721
8.8725 0.02467297505281068962
8.8775 0.02515852244514159286
8.8825 0.02629512437787838441
8.8875 0.02702289706851758108
8.8925 0.02792986453422779264
8.8975 0.02882237889138790712
8.9025 0.02951548203866101103
8.9075 0.03029838903658814420
8.9125 0.03142701961275398692
8.9175 0.03223458164603437009
8.9225 0.03300826252353906975
8.9275 0.03434818584897088994
8.9325 0.03507774672005019995
8.9375 0.03590733033282292319
8.9425 0.03685797822301543208
8.9475 0.03772242887965694680
8.9525 0.03903949139060045037
8.9575 0.03993336209182567209
8.9625 0.04086311259936095674
8.9675 0.04220670367921186550
8.9725 0.04298988879572132604
8.9775 0.04434220408525290508
8.9825 0.04543262547426132197
8.9875 0.04653343618457155689
8.9925 0.04751642498480830590
8.9975 0.04790006682860085963
9.0025 0.04923062245228902734
9.0075 0.05008091905196889598
9.0125 0.05133106919068462087
9.0175 0.05249789489420728789
9.0225 0.05306974274902125782
9.0275 0.05390142898615565142
9.0325 0.05502405898428607695
9.0375 0.05542537233664791146
9.0425 0.05637054573933830692
9.0475 0.05712185889433037816
9.0525 0.05821949818429715540
9.0575 0.05840314485587477095
9.0625 0.05960725170727180361
9.0675 0.06017812609716468447
9.0725 0.06145416831423023557
9.0775 0.06131079574864249648
9.0825 0.06204816242676938071
9.0875 0.06409341273932761540
9.0925 0.06427578677035879207
9.0975 0.06580081457989257754
9.1025 0.06599678032659633820
9.1075 0.06786657227899488276
9.1125 0.06883106419866144576
9.1175 0.06638328984662794641
9.1225 0.06711534475788087650
9.1275 0.06828828550311512313
9.1325 0.06819729374630452423
9.1375 0.07007426670291877491
9.1425 0.07085804183750341045
9.1475 0.07217227663221302547
9.1525 0.07260292696071644902
9.1575 0.07128861292682787953
9.1625 0.07433579589760361261
9.1675 0.08821700959195938330
9.1725 0.66167940736568586768
9.1775 0.60671566936512821844
9.1825 0.61586988511428075732
9.1875 0.60887920591775190893
9.1925 0.61670046241130782594
9.1975 0.61818639649772766376
9.2025 0.61506899266348713518
9.2075 0.63061197816833836072
9.2125 0.62920396301891190483
9.2175 0.63007642699330257408
9.2225 0.63019827785100746009
9.2275 0.64452632114013475029
9.2325 0.64435142333320638564
9.2375 0.63433876953270362797
9.2425 0.64936654865860987673
9.2475 0.63555213240591967860
9.2525 0.63874737583867280399
9.2575 0.64838166563422061639
9.2625 0.65224598598824501394
9.2675 0.64399660846510009549
9.2725 0.64517878116256976995
9.2775 0.63507589118000362660
9.2825 0.62548948354220212931
9.2875 0.61959948273220888382
9.2925 0.61949762527311269533
9.2975 0.61599919732099917002
9.3025 0.61564258166888818913
9.3075 0.62529823391362104879
9.3125 0.62068594659243869760
9.3175 0.62691419657845215418
9.3225 0.63370372822781995126
9.3275 0.63144117628523199759
9.3325 0.62170664548171150621
9.3375 0.61909442904940492625
9.3425 0.61063278380802110679
9.3475 0.62318701115944830082
9.3525 0.62576886562030087369
9.3575 0.62411600101656905526
9.3625 0.59779171462869373777
9.3675 0.61464418273869714238
9.3725 0.60214096329902699889
9.3775 0.59202110475003577594
9.3825 0.58930849200697921209
9.3875 0.58377669645557428435
9.3925 0.59112184952298174601
9.3975 0.57831414286646021239
9.4025 0.57872233601613887188
9.4075 0.57803948803350380103
9.4125 0.56601619684998127902
9.4175 0.54532064981667227599
9.4225 0.54664840091958266655
9.4275 0.54547192233241004189
9.4325 0.53596679800632385238
9.4375 0.53475775705337202925
9.4425 0.52831934071140040921
9.4475 0.51733251206481711826
9.4525 0.51942967596869216163
9.4575 0.51974776015908241700
9.4625 0.51588396197412089705
9.4675 0.49703975657370075281
9.4725 0.49934682980304206934
9.4775 0.48704134875146387618
9.4825 0.47332990014107562127
9.4875 0.47715198014860177311
9.4925 0.47172955150420925463
9.4975 0.45590936189066910700
9.5025 0.45499831022705622408
9.5075 0.44621767616638235987
9.5125 0.43189484680116080328
9.5175 0.42585622354596031069
9.5225 0.42129351668156322930
9.5275 0.40622362304724313198
9.5325 0.39874043168152079053
9.5375 0.39053059535954565140
9.5425 0.38633662794840711863
9.5475 0.38301393419402235407
9.5525 0.37974463963445270753
9.5575 0.37308633142496350210
9.5625 0.36735692478456999366
9.5675 0.36880836196688454587
9.5725 0.35768756063376599963
9.5775 0.35087125151790188315
9.5825 0.34686880081402104992
9.5875 0.34238596166173151936
9.5925 0.32980606131947826087
9.5975 0.32442104547443573193
9.6025 0.32461598930759677506
9.6075 0.31797496642676148504
9.6125 0.31233841262957084961
9.6175 0.30872901186193579814
9.6225 0.29754553374529751908
9.6275 0.28352703746608387547
9.6325 0.28316056697746533333
9.6375 0.27890061726627440875
9.6425 0.27376127571024694296
9.6475 0.26643594699991796082
9.6525 0.25775615933551471182
9.6575 0.25604971309963686643
9.6625 0.24676666377062178581
9.6675 0.24454799079499647818
9.6725 0.23931968564884401052
9.6775 0.23557242435835740180
9.6825 0.22598307722064397973
9.6875 0.21897287153731054277
9.6925 0.25292559602535491514
9.6975 2.34067696210709996762
9.7025 2.32728381687958574275
9.7075 2.25194847106087436828
9.7125 2.18650865079240563915
9.7175 2.16889569715817787099
9.7225 2.10357290252480622073
9.7275 2.07250455471709660316
9.7325 2.05445808103089655461
9.7375 1.99574529283612767117
9.7425 1.89111938866432649498
9.7475 1.85559696437562093863
9.7525 1.81559826566875281983
9.7575 1.74199658587730654702
9.7625 1.74787968516060887580
9.7675 1.67338468336971324391
9.7725 1.64054771117411313242
9.7775 1.60401361027843036844
9.7825 1.54988152136913903689
9.7875 1.50644211045769038648
9.7925 1.48188694862471970204
9.7975 1.45089246308165931154
9.8025 1.41594005049255144968
9.8075 1.35644734281159218270
9.8125 1.31088085668854459342
9.8175 1.28889029250394382409
9.8225 1.23495991592471532350
9.8275 1.24529457300280776977
9.8325 1.18935948619230580370
9.8375 1.18413908733036832288
9.8425 1.13381805608865748880
9.8475 1.12013488653072523782
9.8525 1.08672063752730574393
9.8575 1.05499289754878278202
9.8625 1.04848536995997387855
9.8675 1.01826199999425837106
9.8725 0.98836004383013642549
9.8775 0.97700999432661195243
9.8825 0.94829674702950972343
9.8875 0.91234045559388410318
9.8925 0.90096624044015916066
9.8975 0.88129696978050431344
9.9025 0.86107084162125746563
9.9075 0.84546008786585735706
9.9125 0.83102693132413785193
9.9175 0.79499727232251560238
9.9225 0.78710812016434994476
9.9275 0.74110568779921837113
9.9325 0.73156265456034208494
9.9375 0.72083785312159898151
9.9425 0.69934355433472250585
9.9475 0.66994024050190259523
9.9525 0.65781117802021982222
9.9575 0.64776798264188384380
9.9625 0.62340737092639664230
9.9675 0.61403202046482097121
9.9725 0.59801555899453395782
9.9775 0.58516711635246676515
9.9825 0.57378235116095244184
9.9875 0.56150967030989296092
9.9925 0.55154924531446436475
9.9975 0.54440813777268048934
