xbins rho
0.0025 0.00000000000000000000
0.0075 0.00000000000000000000
0.0125 0.00000000000000000000
0.0175 0.00000000000000000000
0.0225 0.00000000000000000000
0.0275 0.00000000000000000000
0.0325 0.00000000000000000000
0.0375 0.00000000000000000000
0.0425 0.00000000000000000000
0.0475 0.00000000000000000000
0.0525 0.00000000000000000000
0.0575 0.00000000000000000000
0.0625 0.00000000000000000000
0.0675 0.00000000000000000000
0.0725 0.00000000000000000000
0.0775 0.00000000000000000000
0.0825 0.00000000000000000000
0.0875 0.00000000000000000000
0.0925 0.00000000000000000000
0.0975 0.00000000000000000000
0.1025 0.00000000000000000000
0.1075 0.00000000000000000000
0.1125 0.00000000000000000000
0.1175 0.00000000000000000000
0.1225 0.00000000000000000000
0.1275 0.00000000000000000000
0.1325 0.00000000000000000000
0.1375 0.00000000000000000000
0.1425 0.00000000000000000000
0.1475 0.00000000000000000000
0.1525 0.00000000000000000000
0.1575 0.00000000000000000000
0.1625 0.00000000000000000000
0.1675 0.00000000000000000000
0.1725 0.00000000000000000000
0.1775 0.00000000000000000000
0.1825 0.00000000000000000000
0.1875 0.00000000000000000000
0.1925 0.00000000000000000000
0.1975 0.00000000000000000000
0.2025 0.00000000000000000000
0.2075 0.00000000000000000000
0.2125 0.00000000000000000000
0.2175 0.00000000000000000000
0.2225 0.00000000000000000000
0.2275 0.00000000000000000000
0.2325 0.00000000000000000000
0.2375 0.00000000000000000000
0.2425 0.00000000000000000000
0.2475 0.00000000000000000000
0.2525 0.00000000000000000000
0.2575 0.00000000000000000000
0.2625 0.00000000000000000000
0.2675 0.00000000000000000000
0.2725 0.00000000000000000000
0.2775 0.00000000000000000000
0.2825 0.00000000000000000000
0.2875 0.00000000000000000000
0.2925 0.00000000000000000000
0.2975 0.00000000000000000000
0.3025 0.00000000000000000000
0.3075 0.00000000000000000000
0.3125 0.00000000000000000000
0.3175 0.00000000000000000000
0.3225 0.00000000000000000000
0.3275 0.00000000000000000000
0.3325 0.00000000000000000000
0.3375 0.00000000000000000000
0.3425 0.00000000000000000000
0.3475 0.00000000000000000000
0.3525 0.00000000000000000000
0.3575 0.00000000000000000000
0.3625 0.00000000000000000000
0.3675 0.00000000000000000000
0.3725 0.00000000000000000000
0.3775 0.00000000000000000000
0.3825 0.00000000000000000000
0.3875 0.00000000000000000000
0.3925 0.00000000000000000000
0.3975 0.00000000000000000000
0.4025 0.00000000000000000000
0.4075 0.00000000000000000000
0.4125 0.00000000000000000000
0.4175 0.00000000000000000000
0.4225 0.00000000000000000000
0.4275 0.00000000000000000000
0.4325 0.00000000000000000000
0.4375 0.00000000000000000000
0.4425 0.00000000000000000000
0.4475 0.00000000000000000000
0.4525 0.00000000000000000000
0.4575 0.00000000000000000000
0.4625 0.00000000000000000000
0.4675 0.00000000000000000000
0.4725 0.00000000000000000000
0.4775 0.00000000000000000000
0.4825 0.00000000000000000000
0.4875 0.00000000000000000000
0.4925 0.00000000000000000000
0.4975 0.00000000000000000000
0.5025 0.00000000000000000000
0.5075 0.00000000000000000000
0.5125 0.00000000000000000000
0.5175 0.00000000000000000000
0.5225 0.00000000000000000000
0.5275 0.00000000000000000000
0.5325 0.00000000000000000000
0.5375 0.00000000000000000000
0.5425 0.00000000000000000000
0.5475 0.00000000000000000000
0.5525 0.00000000000000000000
0.5575 0.00000000000000000000
0.5625 0.00000000000000000000
0.5675 0.00000000000000000000
0.5725 0.00000000000000000000
0.5775 0.00000000000000000000
0.5825 0.00000000000000000000
0.5875 0.00000000000000000000
0.5925 0.00000000000000000000
0.5975 0.00000000000000000000
0.6025 0.00000000000000000000
0.6075 0.00000000000000000000
0.6125 0.00000000000000000000
0.6175 0.00000000000000000000
0.6225 0.00000000000000000000
0.6275 0.00000000000000000000
0.6325 0.00000000000000000000
0.6375 0.00000000000000000000
0.6425 0.00000000000000000000
0.6475 0.00000000000000000000
0.6525 0.00000000000000000000
0.6575 0.00000000000000000000
0.6625 0.00000000000000000000
0.6675 0.00000000000000000000
0.6725 0.00000000000000000000
0.6775 0.00000000000000000000
0.6825 0.00000000000000000000
0.6875 0.00000000000000000000
0.6925 0.00000000000000000000
0.6975 0.00000000000000000000
0.7025 0.00000000000000000000
0.7075 0.00000000000000000000
0.7125 0.00000000000000000000
0.7175 0.00000000000000000000
0.7225 0.00000000000000000000
0.7275 0.00000000000000000000
0.7325 0.00000000000000000000
0.7375 0.00000000000000000000
0.7425 0.00000000000000000000
0.7475 0.00000000000000000000
0.7525 0.00000000000000000000
0.7575 0.00000000000000000000
0.7625 0.00000000000000000000
0.7675 0.00000000000000000000
0.7725 0.00000000000000000000
0.7775 0.00000000000000000000
0.7825 0.00000000000000000000
0.7875 0.00000000000000000000
0.7925 0.00000000000000000000
0.7975 0.00000000000000000000
0.8025 0.00000000000000000000
0.8075 0.00000000000000000000
0.8125 0.00000000000000000000
0.8175 0.00000000000000000000
0.8225 0.00000000000000000000
0.8275 0.00000000000000000000
0.8325 0.00000000000000000000
0.8375 0.00000000000000000000
0.8425 0.00000000000000000000
0.8475 0.00000000000000000000
0.8525 0.00000000000000000000
0.8575 0.00000000000000000000
0.8625 0.00000000000000000000
0.8675 0.00000000000000000000
0.8725 0.00000000000000000000
0.8775 0.00000000000000000000
0.8825 0.00000000000000000000
0.8875 0.00000000000000000000
0.8925 0.00000000000000000000
0.8975 0.00000000000000000000
0.9025 0.00000000000000000000
0.9075 0.00000000000000000000
0.9125 0.00000000000000000000
0.9175 0.00000000000000000000
0.9225 0.00000000000000000000
0.9275 0.00000000000000000000
0.9325 0.00000000000000000000
0.9375 0.00000000000000000000
0.9425 0.00000000000000000000
0.9475 0.00000000000000000000
0.9525 0.00000000000000000000
0.9575 0.00000000000000000000
0.9625 0.00000000000000000000
0.9675 0.00000000000000000000
0.9725 0.00000000000000000000
0.9775 0.00000000000000000000
0.9825 0.00000000000000000000
0.9875 0.00000000000000000000
0.9925 0.00000000000000000000
0.9975 0.00000000000000000000
1.0025 0.00000000000000000000
1.0075 0.00000000000000000000
1.0125 0.00000000000000000000
1.0175 0.00000000000000000000
1.0225 0.00000000000000000000
1.0275 0.00000000000000000000
1.0325 0.00000000000000000000
1.0375 0.00000000000000000000
1.0425 0.00000000000000000000
1.0475 0.00000000000000000000
1.0525 0.00000000000000000000
1.0575 0.00000000000000000000
1.0625 0.00000000000000000000
1.0675 0.00000000000000000000
1.0725 0.00000000000000000000
1.0775 0.00000000000000000000
1.0825 0.00000000000000000000
1.0875 0.00000000000000000000
1.0925 0.00000000000000000000
1.0975 0.00000000000000000000
1.1025 0.00000000000000000000
1.1075 0.00000000000000000000
1.1125 0.00000000000000000000
1.1175 0.00000000000000000000
1.1225 0.00000000000000000000
1.1275 0.00000000000000000000
1.1325 0.00000000000000000000
1.1375 0.00000000000000000000
1.1425 0.00000000000000000000
1.1475 0.00000000000000000000
1.1525 0.00000000000000000000
1.1575 0.00000000000000000000
1.1625 0.00000000000000000000
1.1675 0.00000000000000000000
1.1725 0.00000000000000000000
1.1775 0.00000000000000000000
1.1825 0.00000000000000000000
1.1875 0.00000000000000000000
1.1925 0.00000000000000000000
1.1975 0.00000000000000000000
1.2025 0.00000000000000000000
1.2075 0.00000000000000000000
1.2125 0.00000000000000000000
1.2175 0.00000000000000000000
1.2225 0.00000000000000000000
1.2275 0.00000000000000000000
1.2325 0.00000000000000000000
1.2375 0.00000000000000000000
1.2425 0.00000000000000000000
1.2475 0.00000000000000000000
1.2525 0.00000000000000000000
1.2575 0.00000000000000000000
1.2625 0.00000000000000000000
1.2675 0.00000000000000000000
1.2725 0.00000000000000000000
1.2775 0.00000000000000000000
1.2825 0.00000000000000000000
1.2875 0.00000000000000000000
1.2925 0.00000000000000000000
1.2975 0.00000000000000000000
1.3025 0.00000000000000000000
1.3075 0.00000000000000000000
1.3125 0.00000000000000000000
1.3175 0.00000000000000000000
1.3225 0.00000000000000000000
1.3275 0.00000000000000000000
1.3325 0.00000000000000000000
1.3375 0.00000000000000000000
1.3425 0.00000000000000000000
1.3475 0.00000000000000000000
1.3525 0.00000000000000000000
1.3575 0.00000000000000000000
1.3625 0.00000000000000000000
1.3675 0.00000000000000000000
1.3725 0.00000000000000000000
1.3775 0.00000000000000000000
1.3825 0.00000000000000000000
1.3875 0.00000000000000000000
1.3925 0.00000000000000000000
1.3975 0.00000018199076885754
1.4025 0.00000072613913486240
1.4075 0.00000259022300461951
1.4125 0.00000833435088930720
1.4175 0.00002438813430593432
1.4225 0.00006539182829559964
1.4275 0.00016177359745480060
1.4325 0.00037161362179332410
1.4375 0.00079728588110771837
1.4425 0.00160624204909725916
1.4475 0.00305374367909064508
1.4525 0.00550372417502901709
1.4575 0.00944276358243082911
1.4625 0.01548193252498402187
1.4675 0.02434209373749508798
1.4725 0.03682034270973267437
1.4775 0.05373818696194267164
1.4825 0.07587563966300575613
1.4875 0.10389871889081964129
1.4925 0.13829018850703853061
1.4975 0.17929464734005326476
1.5025 0.22688632410137404838
1.5075 0.28076438751852822451
1.5125 0.34037361255537468274
1.5175 0.40494416170117519815
1.5225 0.47354195954616062902
1.5275 0.54512080930085460295
1.5325 0.61857032241934817307
1.5375 0.69275976180257370363
1.5425 0.76657197096147144944
1.5475 0.83893609604127872270
1.5525 0.90885369632186774336
1.5575 0.97542216694417527290
1.5625 1.03785416519957229831
1.5675 1.09549292850194190940
1.5725 1.14782171934655252699
1.5775 1.19446784055315813333
1.5825 1.23520074471191509957
1.5875 1.26992531591237112210
1.5925 1.29866944120336458290
1.5975 1.32156823521540656152
1.6025 1.33884799146654986934
1.6075 1.35080567266865902987
1.6125 1.35779118510185092816
1.6175 1.36018983199302567755
1.6225 1.35840658757197640938
1.6275 1.35285290441237715520
1.6325 1.34393575724778280289
1.6375 1.33204976162123367445
1.6425 1.31757045475966627635
1.6475 1.30085092144934932890
1.6525 1.28221945649403634704
1.6575 1.26197734162244223910
1.6625 1.24039965777602501085
1.6675 1.21773641087147144191
1.6725 1.19421223954150179658
1.6775 1.17002919716863296173
1.6825 1.14536890449497885669
1.6875 1.12039299452562302051
1.6925 1.09524576208783197551
1.6975 1.07005515458260025419
1.7025 1.04493411551244563817
1.7075 1.01998147036479047678
1.7125 0.99528336684673890389
1.7175 0.97091339406318866168
1.7225 0.94693457649249068719
1.7275 0.92339888964525140835
1.7325 0.90034930099390408920
1.7375 0.87781994255341289080
1.7425 0.85583760193855418219
1.7475 0.83442181027015360772
1.7525 0.81358627251277582104
1.7575 0.79333919563181909407
1.7625 0.77368392626948023771
1.7675 0.75462019248548639627
1.7725 0.73614398225546751053
1.7775 0.71824807079171326674
1.7825 0.70092404912911066006
1.7875 0.68416074550319583292
1.7925 0.66794708558212267935
1.7975 0.65227050998227964484
1.8025 0.63711926093631787715
1.8075 0.62248145978638624864
1.8125 0.60834552138558029011
1.8175 0.59470040603673712809
1.8225 0.58153549014995353783
1.8275 0.56884009888005415689
1.8325 0.55660351957060105743
1.8375 0.54481518200780465477
1.8425 0.53346403114615226215
1.8475 0.52253869402585695347
1.8525 0.51202776707913100207
1.8575 0.50191913010882605040
1.8625 0.49220062169421563425
1.8675 0.48285954623409454989
1.8725 0.47388289280017181770
1.8775 0.46525736402525613711
1.8825 0.45696971099932348626
1.8875 0.44900619147898124250
1.8925 0.44135346213465886933
1.8975 0.43399861891514268653
1.9025 0.42692902775583824182
1.9075 0.42013330045545010938
1.9125 0.41360077197639455449
1.9175 0.40732180188176592139
1.9225 0.40128807643892400181
1.9275 0.39549212439527003937
1.9325 0.38992694043558989714
1.9375 0.38458635951630215644
1.9425 0.37946452692014803754
1.9475 0.37455545092100350768
1.9525 0.36985305487494346544
1.9575 0.36535121879946425016
1.9625 0.36104354954092343633
1.9675 0.35692321376685998136
1.9725 0.35298344431289319090
1.9775 0.34921735283746591083
1.9825 0.34561831500727918653
1.9875 0.34217960491327653605
1.9925 0.33889493342922083485
1.9975 0.33575813822410899290
2.0025 0.33276352326047264896
2.0075 0.32990570447033107371
2.0125 0.32717958664885460340
2.0175 0.32458074020424504402
2.0225 0.32210480961794368815
2.0275 0.31974813050060413300
2.0325 0.31750742360985434454
2.0375 0.31537981194491543357
2.0425 0.31336272057254643819
2.0475 0.31145386426576038286
2.0525 0.30965108700509419437
2.0575 0.30795245361379630644
2.0625 0.30635602531707323282
2.0675 0.30485977565104827036
2.0725 0.30346193877959265484
2.0775 0.30216065902284494626
2.0825 0.30095385557877574190
2.0875 0.29983977956087176642
2.0925 0.29881632650221173764
2.0975 0.29788164286611484854
2.1025 0.29703371835474978724
2.1075 0.29627055533594887082
2.1125 0.29559008136232400865
2.1175 0.29499068934444072632
2.1225 0.29447030285164416119
2.1275 0.29402719863836768166
2.1325 0.29365979819811427465
2.1375 0.29336629344652653817
2.1425 0.29314528610589424273
2.1475 0.29299505341513498724
2.1525 0.29291401309927045382
2.1575 0.29290035952799281516
2.1625 0.29295246776924649401
2.1675 0.29306857752019643826
2.1725 0.29324698676099708594
2.1775 0.29348635016224078331
2.1825 0.29378543297916559496
2.1875 0.29414326086339903643
2.1925 0.29455906737572901122
2.1975 0.29503235514782127913
2.2025 0.29556284417808181830
2.2075 0.29615014859047489315
2.2125 0.29679396925391227091
2.2175 0.29749388353141548169
2.2225 0.29824939846662618104
2.2275 0.29905993343040393473
2.2325 0.29992483832312338832
2.2375 0.30084356994127442464
2.2425 0.30181569669335744921
2.2475 0.30284116363219032442
2.2525 0.30391999020306803558
2.2575 0.30505281924559579654
2.2625 0.30624063965144449062
2.2675 0.30748461855723485670
2.2725 0.30878632290357510559
2.2775 0.31014749595034801777
2.2825 0.31156992061669630534
2.2875 0.31305545096159570484
2.2925 0.31460568284605433531
2.2975 0.31622201885435163859
2.3025 0.31790557687457227098
2.3075 0.31965723668217438380
2.3125 0.32147752671592938478
2.3175 0.32336665549210130699
2.3225 0.32532448379997147558
2.3275 0.32735095137337943960
2.3325 0.32944560098663228098
2.3375 0.33160807479171994228
2.3425 0.33383756900591704531
2.3475 0.33613332725545874702
2.3525 0.33849434711985587620
2.3575 0.34091944816976404997
2.3625 0.34340736314617553715
2.3675 0.34595683126580339950
2.3725 0.34856637274564883366
2.3775 0.35123495827494566335
2.3825 0.35396154024873083266
2.3875 0.35674551512068225501
2.3925 0.35958657698579193918
2.3975 0.36248465927164330580
2.4025 0.36544007933391836618
2.4075 0.36845339425428064173
2.4125 0.37152511975490515317
2.4175 0.37465568228289730657
2.4225 0.37784557757345488271
2.4275 0.38109474074634336338
2.4325 0.38440302770460704762
2.4375 0.38776957644759479926
2.4425 0.39119332016271718411
2.4475 0.39467197431229561477
2.4525 0.39820290385706752501
2.4575 0.40178246685164858976
2.4625 0.40540577917300574251
2.4675 0.40906736623037065481
2.4725 0.41276052515777211793
2.4775 0.41647781297412950208
2.4825 0.42021128356632203582
2.4875 0.42395241782076059645
2.4925 0.42769320945218791685
2.4975 0.43142581447993438859
2.5025 0.43514347540856090912
2.5075 0.43884043758741303476
2.5125 0.44251215008163502507
2.5175 0.44615535954691953879
2.5225 0.44976773164782152259
2.5275 0.45334731827088564637
2.5325 0.45689255664680744617
2.5375 0.46040113234939727960
2.5425 0.46387034269429039401
2.5475 0.46729600633635942630
2.5525 0.47067283911622137538
2.5575 0.47399414873367184953
2.5625 0.47725204024614686915
2.5675 0.48043818385974718099
2.5725 0.48354343364391039195
2.5775 0.48655849105537790633
2.5825 0.48947456408888229129
2.5875 0.49228331330486779782
2.5925 0.49497673133879227514
2.5975 0.49754799629705936947
2.6025 0.49999066159387445252
2.6075 0.50229912028260248480
2.6125 0.50446858122331783569
2.6175 0.50649494826686436433
2.6225 0.50837495662068832303
2.6275 0.51010649401711871676
2.6325 0.51168838888405820953
2.6375 0.51312078775400415953
2.6425 0.51440497773870452747
2.6475 0.51554333399640062119
2.6525 0.51653898858493596524
2.6575 0.51739577829956473476
2.6625 0.51811761961346702865
2.6675 0.51870894227480512928
2.6725 0.51917378596116348088
2.6775 0.51951591366186866683
2.6825 0.51973897278665526223
2.6875 0.51984622940630620391
2.6925 0.51984026939784144794
2.6975 0.51972397489486310551
2.7025 0.51949948736758722045
2.7075 0.51916887955469515070
2.7125 0.51873445089885206194
2.7175 0.51819835242094791639
2.7225 0.51756294870190777679
2.7275 0.51683099194915382846
2.7325 0.51600495773968257929
2.7375 0.51508816321769912427
2.7425 0.51408412135769765428
2.7475 0.51299690634539385492
2.7525 0.51183095382108367843
2.7575 0.51059107790221403000
2.7625 0.50928291045253826219
2.7675 0.50791187356766298588
2.7725 0.50648388786350340141
2.7775 0.50500437779054607734
2.7825 0.50347862295688827761
2.7875 0.50191110632511548584
2.7925 0.50030614256746552826
2.7975 0.49866734681008878516
2.8025 0.49699829450859611679
2.8075 0.49530214346593154362
2.8125 0.49358228051908553669
2.8175 0.49184267853451996144
2.8225 0.49008715902416288834
2.8275 0.48832022875979680387
2.8325 0.48654656543028235172
2.8375 0.48477077844259314210
2.8425 0.48299695873494902232
2.8475 0.48122959294998052249
2.8525 0.47947207377595674194
2.8575 0.47772735906560021002
2.8625 0.47599785260405858001
2.8675 0.47428503629480706083
2.8725 0.47259036613331040222
2.8775 0.47091436684567056226
2.8825 0.46925738607134825919
2.8875 0.46761950437705479544
2.8925 0.46600073597502239542
2.8975 0.46440058814274415289
2.9025 0.46281897469940580514
2.9075 0.46125555500456649760
2.9125 0.45971019411796137932
2.9175 0.45818287154848114096
2.9225 0.45667385527953713309
2.9275 0.45518353443713027717
2.9325 0.45371236572201972814
2.9375 0.45226131192106411305
2.9425 0.45083133262527985696
2.9475 0.44942336187692039084
2.9525 0.44803834358858268816
2.9575 0.44667730801432314891
2.9625 0.44534091296915928604
2.9675 0.44402979685640636687
2.9725 0.44274412403653728987
2.9775 0.44148410770606189013
2.9825 0.44024947904244438046
2.9875 0.43904000638931950373
2.9925 0.43785524907207590273
2.9975 0.43669461671818232684
3.0025 0.43555771674595888943
3.0075 0.43444397542443402571
3.0125 0.43335302433950673162
3.0175 0.43228455537612414661
3.0225 0.43123828981224404666
3.0275 0.43021441431136742128
3.0325 0.42921306029870365251
3.0375 0.42823488126255460084
3.0425 0.42728030695799984473
3.0475 0.42635015401663056700
3.0525 0.42544533351074281802
3.0575 0.42456655233759327261
3.0625 0.42371452819393184974
3.0675 0.42288965635953035260
3.0725 0.42209225538151723400
3.0775 0.42132228290365386636
3.0825 0.42057958970620618055
3.0875 0.41986370283914276058
3.0925 0.41917408440639986056
3.0975 0.41851040632221936377
3.1025 0.41787176208566911839
3.1075 0.41725800459696160694
3.1125 0.41666869905171871613
3.1175 0.41610347302023792393
3.1225 0.41556221640481055823
3.1275 0.41504459257445380782
3.1325 0.41455070593352072450
3.1375 0.41408032386397303215
3.1425 0.41363355334184026546
3.1475 0.41321021962422921359
3.1525 0.41281059679871218160
3.1575 0.41243469579735925201
3.1625 0.41208282374273569326
3.1675 0.41175543276569831486
3.1725 0.41145280628843872162
3.1775 0.41117547912851515335
3.1825 0.41092423276916945074
3.1875 0.41069934011944608798
3.1925 0.41050129219232595057
3.1975 0.41033057033157788185
3.2025 0.41018724442988407919
3.2075 0.41007151066604513590
3.2125 0.40998292594877638884
3.2175 0.40992120731587056159
3.2225 0.40988577234638989832
3.2275 0.40987595469265597492
3.2325 0.40989075754435316812
3.2375 0.40992922979742585365
3.2425 0.40999043005216745383
3.2475 0.41007359332898252191
3.2525 0.41017778054315090497
3.2575 0.41030256095106304448
3.2625 0.41044748170863326608
3.2675 0.41061235000208606838
3.2725 0.41079706468174670420
3.2775 0.41100193196745715696
3.2825 0.41122689865416300892
3.2875 0.41147210622121282997
3.2925 0.41173754014494434728
3.2975 0.41202299743842119018
3.3025 0.41232857845167181221
3.3075 0.41265376237104095525
3.3125 0.41299857027211589466
3.3175 0.41336243281302442742
3.3225 0.41374529419032646249
3.3275 0.41414681776743350605
3.3325 0.41456683721113285479
3.3375 0.41500536506381074942
3.3425 0.41546182136959847186
3.3475 0.41593594269760508775
3.3525 0.41642727542794089057
3.3575 0.41693520948168494300
3.3625 0.41745855990194991048
3.3675 0.41799610088257815876
3.3725 0.41854628350309486251
3.3775 0.41910723094818203016
3.3825 0.41967663416134792786
3.3875 0.42025215415399369556
3.3925 0.42083133957897839172
3.3975 0.42141191389630744402
3.4025 0.42199169738465952539
3.4075 0.42256916272649308608
3.4125 0.42314295331425033631
3.4175 0.42371239598472254517
3.4225 0.42427771251392731866
3.4275 0.42483904633010843854
3.4325 0.42539723644656057822
3.4375 0.42595297659065711748
3.4425 0.42650733505801768919
3.4475 0.42706072613987500208
3.4525 0.42761368939527172328
3.4575 0.42816641788396198054
3.4625 0.42871889198874668647
3.4675 0.42927076251842144483
3.4725 0.42982156860959602751
3.4775 0.43037071973723695084
3.4825 0.43091734254893715450
3.4875 0.43146062548113228718
3.4925 0.43199954618767355541
3.4975 0.43253316998496771362
3.5025 0.43306105589362198227
3.5075 0.43358288065860406402
3.5125 0.43409877569839439015
3.5175 0.43460952570448174725
3.5225 0.43511594461385572075
3.5275 0.43561927967827024366
3.5325 0.43612082956503905873
3.5375 0.43662158546927670733
3.5425 0.43712254884867302041
3.5475 0.43762404481816519208
3.5525 0.43812627195093623023
3.5575 0.43862872126112317783
3.5625 0.43913103063672342952
3.5675 0.43963217263700371529
3.5725 0.44013116637003824039
3.5775 0.44062683838707772388
3.5825 0.44111801759698027192
3.5875 0.44160335054048810433
3.5925 0.44208195675194245089
3.5975 0.44255240422530611744
3.6025 0.44301387575288486698
3.6075 0.44346520551701085200
3.6125 0.44390589778107802932
3.6175 0.44433514564080189846
3.6225 0.44475255993901530172
3.6275 0.44515769311510411388
3.6325 0.44555021160768609745
3.6375 0.44592985768627318999
3.6425 0.44629637174783509668
3.6475 0.44664950516765727917
3.6525 0.44698921285550724525
3.6575 0.44731539627767702427
3.6625 0.44762780731646362176
3.6675 0.44792691824116276367
3.6725 0.44821263635585251173
3.6775 0.44848517599913667597
3.6825 0.44874458383422033414
3.6875 0.44899097515213104437
3.6925 0.44922438287964211456
3.6975 0.44944460417204612490
3.7025 0.44965170006954885418
3.7075 0.44984549567325626818
3.7125 0.45002609474338001183
3.7175 0.45019330994026296455
3.7225 0.45034715959222360038
3.7275 0.45048772955828286779
3.7325 0.45061527563310183053
3.7375 0.45073012136172585507
3.7425 0.45083267867510462557
3.7475 0.45092365402703710187
3.7525 0.45100387282379911236
3.7575 0.45107407919592051870
3.7625 0.45113525438485674313
3.7675 0.45118798304559881718
3.7725 0.45123279704967234061
3.7775 0.45126953350274179311
3.7825 0.45129770210670150377
3.7875 0.45131613781556279008
3.7925 0.45132329348932426205
3.7975 0.45131715118435045131
3.8025 0.45129559230501220535
3.8075 0.45125642347825600798
3.8125 0.45119773353830122664
3.8175 0.45111785569098256099
3.8225 0.45101538930327933485
3.8275 0.45088968326720724189
3.8325 0.45074011763449672863
3.8375 0.45056659380940450310
3.8425 0.45036941390118556683
3.8475 0.45014871219320429230
3.8525 0.44990513275287719042
3.8575 0.44963953264146072630
3.8625 0.44935251521448715817
3.8675 0.44904535590579131021
3.8725 0.44871927643743869663
3.8775 0.44837604698242500278
3.8825 0.44801741013206225484
3.8875 0.44764552077913771777
3.8925 0.44726281298726050517
3.8975 0.44687152402334817669
3.9025 0.44647440997985687883
3.9075 0.44607356694266808717
3.9125 0.44567159241722403840
3.9175 0.44527046121486030250
3.9225 0.44487213345963733113
3.9275 0.44447828241755615863
3.9325 0.44408994963226539054
3.9375 0.44370809585344700432
3.9425 0.44333301743272368611
3.9475 0.44296481108302221408
3.9525 0.44260320987766832435
3.9575 0.44224791684248515589
3.9625 0.44189828783997375794
3.9675 0.44155395825177828906
3.9725 0.44121440123158717217
3.9775 0.44087985744470781224
3.9825 0.44055019450597371344
3.9875 0.44022558821947771479
3.9925 0.43990671031763184384
3.9975 0.43959393377814276471
4.0025 0.43928799012215097308
4.0075 0.43898965365748460199
4.0125 0.43869929140923530353
4.0175 0.43841761606521056915
4.0225 0.43814473507583057144
4.0275 0.43788099792273454947
4.0325 0.43762641635717858257
4.0375 0.43738116939015792006
4.0425 0.43714509522102074079
4.0475 0.43691832554975923442
4.0525 0.43670071578548386171
4.0575 0.43649221116946262944
4.0625 0.43629282001299546367
4.0675 0.43610208732134797538
4.0725 0.43592007570093921354
4.0775 0.43574674289385639803
4.0825 0.43558158996137225083
4.0875 0.43542477113890321050
4.0925 0.43527644561811129620
4.0975 0.43513674364267940220
4.1025 0.43500603518367353395
4.1075 0.43488478970444705007
4.1125 0.43477332388791772866
4.1175 0.43467242394292532337
4.1225 0.43458234704931025805
4.1275 0.43450377071381712790
4.1325 0.43443676105452672109
4.1375 0.43438166060221311549
4.1425 0.43433869048384660116
4.1475 0.43430778185978513584
4.1525 0.43428879787373342314
4.1575 0.43428114667899098134
4.1625 0.43428420826702751611
4.1675 0.43429717921556193483
4.1725 0.43431876562814625276
4.1775 0.43434762875824683981
4.1825 0.43438230979562342249
4.1875 0.43442131654524535067
4.1925 0.43446333937131809133
4.1975 0.43450690468908614861
4.2025 0.43455111806317475720
4.2075 0.43459475843432299191
4.2125 0.43463717632904180777
4.2175 0.43467771322142523260
4.2225 0.43471600012191619067
4.2275 0.43475149401314222564
4.2325 0.43478366359256098717
4.2375 0.43481224518953548452
4.2425 0.43483663537722438974
4.2475 0.43485629455381979991
4.2525 0.43487065711485767272
4.2575 0.43487891343469670113
4.2625 0.43488045537598690737
4.2675 0.43487468413776064757
4.2725 0.43486105384045542488
4.2775 0.43483915305160852904
4.2825 0.43480879938078792479
4.2875 0.43477000037451923875
4.2925 0.43472328114089853202
4.2975 0.43466910418311044406
4.3025 0.43460869519341449596
4.3075 0.43454325703884294496
4.3125 0.43447438641700220074
4.3175 0.43440404382648378778
4.3225 0.43433424440649576193
4.3275 0.43426713496467145292
4.3325 0.43420473926544189691
4.3375 0.43414887554959225024
4.3425 0.43410104956819456357
4.3475 0.43406251930880596079
4.3525 0.43403393712372756452
4.3575 0.43401579694490832750
4.3625 0.43400741752616556202
4.3675 0.43400822842699676718
4.3725 0.43401712222589777790
4.3775 0.43403233410178998497
4.3825 0.43405266550327675779
4.3875 0.43407570811001200406
4.3925 0.43409980253870539268
4.3975 0.43412283245964100598
4.4025 0.43414268664434513267
4.4075 0.43415758256235281731
4.4125 0.43416575856533484723
4.4175 0.43416616341470692930
4.4225 0.43415791750787480208
4.4275 0.43414111404705518771
4.4325 0.43411645089695594102
4.4375 0.43408532026693358308
4.4425 0.43404955265603201164
4.4475 0.43401113026626331193
4.4525 0.43397266803364176191
4.4575 0.43393607415822155193
4.4625 0.43390346477951508009
4.4675 0.43387606829378100315
4.4725 0.43385514563422211687
4.4775 0.43384101384603418472
4.4825 0.43383392495527262067
4.4875 0.43383345749210905362
4.4925 0.43383941156477212608
4.4975 0.43385113706214994966
4.5025 0.43386821462515273717
4.5075 0.43389021405424965661
4.5125 0.43391683755627197261
4.5175 0.43394841944528189659
4.5225 0.43398445280459507778
4.5275 0.43402558495598508870
4.5325 0.43407193277410532906
4.5375 0.43412391967589114561
4.5425 0.43418183322587139417
4.5475 0.43424616964401813179
4.5525 0.43431691852338516480
4.5575 0.43439453597245092364
4.5625 0.43447880530524568554
4.5675 0.43456979365306380725
4.5725 0.43466725297818387119
4.5775 0.43477064831514905530
4.5825 0.43487972587530920876
4.5875 0.43499387110623521924
4.5925 0.43511244192488096605
4.5975 0.43523480162843225516
4.6025 0.43536042923754947331
4.6075 0.43548845675347941375
4.6125 0.43561821566636216296
4.6175 0.43574921615564260469
4.6225 0.43588100066040835756
4.6275 0.43601282620396369927
4.6325 0.43614436448444365846
4.6375 0.43627503031452424809
4.6425 0.43640456067245902982
4.6475 0.43653260286454975692
4.6525 0.43665893507002367935
4.6575 0.43678303123933620578
4.6625 0.43690486011901225050
4.6675 0.43702419066664527358
4.6725 0.43714084170670952645
4.6775 0.43725460659900966531
4.6825 0.43736552448216853284
4.6875 0.43747338917439576589
4.6925 0.43757821285295911418
4.6975 0.43767988774661115148
4.7025 0.43777826912837675133
4.7075 0.43787348933728664768
4.7125 0.43796546013586196144
4.7175 0.43805425969152339549
4.7225 0.43813974672426458934
4.7275 0.43822209911549436789
4.7325 0.43830130195398037118
4.7375 0.43837724443012937581
4.7425 0.43844995851706597412
4.7475 0.43851958770931143139
4.7525 0.43858607417862077726
4.7575 0.43864944084133095092
4.7625 0.43870982021413529317
4.7675 0.43876715943349536841
4.7725 0.43882166186693494225
4.7775 0.43887329627379118024
4.7825 0.43892207432680796497
4.7875 0.43896818782595331543
4.7925 0.43901169161655517748
4.7975 0.43905263985460285525
4.8025 0.43909134764371959836
4.8075 0.43912764200803916514
4.8125 0.43916180180842140368
4.8175 0.43919391825675335728
4.8225 0.43922395167958083739
4.8275 0.43925208688222477926
4.8325 0.43927845898125772450
4.8375 0.43930306838715149631
4.8425 0.43932604356717114280
4.8475 0.43934733226182026700
4.8525 0.43936709736435763940
4.8575 0.43938513339247342593
4.8625 0.43940179559305325707
4.8675 0.43941698363574333008
4.8725 0.43943079148000913081
4.8775 0.43944318177926089408
4.8825 0.43945426382469582327
4.8875 0.43946419328202346311
4.8925 0.43947296941380292745
4.8975 0.43948070525029686584
4.9025 0.43948756378206832451
4.9075 0.43949350998357095133
4.9125 0.43949852955283241762
4.9175 0.43950301650533446507
4.9225 0.43950684571111053867
4.9275 0.43951005975644724666
4.9325 0.43951278196392551401
4.9375 0.43951500811199267771
4.9425 0.43951686917304383373
4.9475 0.43951835337381089941
4.9525 0.43951964580754243617
4.9575 0.43952051301289896124
4.9625 0.43952113091129363376
4.9675 0.43952171216495833361
4.9725 0.43952192333842637906
4.9775 0.43952208639154632941
4.9825 0.43952214047290427690
4.9875 0.43952201418839192959
4.9925 0.43952180571287979838
4.9975 0.43952160783224913931
5.0025 0.43952132025680962224
5.0075 0.43952087304473336227
5.0125 0.43952059741148385985
5.0175 0.43952017657164021980
5.0225 0.43951979002236013505
5.0275 0.43951940975879683071
5.0325 0.43951896662289896556
5.0375 0.43951875362490194776
5.0425 0.43951857664751381449
5.0475 0.43951838352815425504
5.0525 0.43951836599500987424
5.0575 0.43951833775582260788
5.0625 0.43951842492724230160
5.0675 0.43951858454546954835
5.0725 0.43951876231605330192
5.0775 0.43951897794496336269
5.0825 0.43951915062154700564
5.0875 0.43951929838081227331
5.0925 0.43951941776158193198
5.0975 0.43951936869044344602
5.1025 0.43951917284915686945
5.1075 0.43951877057331900644
5.1125 0.43951806591047282158
5.1175 0.43951698217519236112
5.1225 0.43951555144535275899
5.1275 0.43951367824348286373
5.1325 0.43951127679349960564
5.1375 0.43950834786132197962
5.1425 0.43950478412634980119
5.1475 0.43950053502399050176
5.1525 0.43949561863051367361
5.1575 0.43948989712870745183
5.1625 0.43948346532650062191
5.1675 0.43947618096432938817
5.1725 0.43946800527118096147
5.1775 0.43945877014005485517
5.1825 0.43944855487996858923
5.1875 0.43943742432383503527
5.1925 0.43942515143275018286
5.1975 0.43941182383242649578
5.2025 0.43939716530515537940
5.2075 0.43938144989850846933
5.2125 0.43936436413189938754
5.2175 0.43934591033625924883
5.2225 0.43932608805433320809
5.2275 0.43930480705630842175
5.2325 0.43928191705366248510
5.2375 0.43925751979389282553
5.2425 0.43923135051372075299
5.2475 0.43920345334870891651
5.2525 0.43917373249851515693
5.2575 0.43914216590991711486
5.2625 0.43910876074977017725
5.2675 0.43907327535779283600
5.2725 0.43903579692718391891
5.2775 0.43899622924066750151
5.2825 0.43895433801680444619
5.2875 0.43891027845245350614
5.2925 0.43886373970349507045
5.2975 0.43881456993436990244
5.3025 0.43876298309878858372
5.3075 0.43870852168588164721
5.3125 0.43865123879019390918
5.3175 0.43859097082661308020
5.3225 0.43852751283891283629
5.3275 0.43846071762506083624
5.3325 0.43839046800224901190
5.3375 0.43831622399417502489
5.3425 0.43823820456176276750
5.3475 0.43815588663504151379
5.3525 0.43806886929313404444
5.3575 0.43797707928556317558
5.3625 0.43788011040913971117
5.3675 0.43777749010404964913
5.3725 0.43766905716373583068
5.3775 0.43755432255216425430
5.3825 0.43743328770771877645
5.3875 0.43730565912771168779
5.3925 0.43717091975629307488
5.3975 0.43702943599598176316
5.4025 0.43688087173003142816
5.4075 0.43672530340009774186
5.4125 0.43656307925997178687
5.4175 0.43639458024775434897
5.4225 0.43622022625156275932
5.4275 0.43604055562302546090
5.4325 0.43585653403048485455
5.4375 0.43566907843691476954
5.4425 0.43547899531670641871
5.4475 0.43528751720707153927
5.4525 0.43509563415945357034
5.4575 0.43490440917155520628
5.4625 0.43471482306923525663
5.4675 0.43452757191116087032
5.4725 0.43434394461929559661
5.4775 0.43416480431696891085
5.4825 0.43399156964855900576
5.4875 0.43382560834695671481
5.4925 0.43366849440536298088
5.4975 0.43352169714816690682
5.5025 0.43338680231686876887
5.5075 0.43326485737687858713
5.5125 0.43315654429423527949
5.5175 0.43306230683785978952
5.5225 0.43298214288920272574
5.5275 0.43291601772941268322
5.5325 0.43286415684956036642
5.5375 0.43282635832497723394
5.5425 0.43280186019890803939
5.5475 0.43278920653646513195
5.5525 0.43278596842264482891
5.5575 0.43278927086675222924
5.5625 0.43279624293018970072
5.5675 0.43280518652457639073
5.5725 0.43281512525127147084
5.5775 0.43282578669918048142
5.5825 0.43283708240246976384
5.5875 0.43284855320819470847
5.5925 0.43285973001361682799
5.5975 0.43287021073347048405
5.6025 0.43288015063432194740
5.6075 0.43289040259651351272
5.6125 0.43290187878149904988
5.6175 0.43291551234362596334
5.6225 0.43293209650050745729
5.6275 0.43295192309573765632
5.6325 0.43297542927697563186
5.6375 0.43300267317138074752
5.6425 0.43303382129094114550
5.6475 0.43306894223659281318
5.6525 0.43310807128124245713
5.6575 0.43315076620174214339
5.6625 0.43319637523818621538
5.6675 0.43324410449723044225
5.6725 0.43329255874158328909
5.6775 0.43334046710285589743
5.6825 0.43338666748703469356
5.6875 0.43342979955534138847
5.6925 0.43346882257942098704
5.6975 0.43350264336426574951
5.7025 0.43353054398662316249
5.7075 0.43355166329992028684
5.7125 0.43356503808814988998
5.7175 0.43356986872596331439
5.7225 0.43356551440218066285
5.7275 0.43355197943442086439
5.7325 0.43352957560771548939
5.7375 0.43349946499015379331
5.7425 0.43346301357653355124
5.7475 0.43342163905865327411
5.7525 0.43337713302066638299
5.7575 0.43333055018887228771
5.7625 0.43328340427970035709
5.7675 0.43323671945587294285
5.7725 0.43319146538591979390
5.7775 0.43314839633046631207
5.7825 0.43310799427956231389
5.7875 0.43307073258559641848
5.7925 0.43303698080955227434
5.7975 0.43300693128240136387
5.8025 0.43298061283683486611
5.8075 0.43295821824846669745
5.8125 0.43294015389891438161
5.8175 0.43292754948905132206
5.8225 0.43292142689281110091
5.8275 0.43292350865020529094
5.8325 0.43293537631220591066
5.8375 0.43295830484483294187
5.8425 0.43299314442949138337
5.8475 0.43304079778798476585
5.8525 0.43310183992996953428
5.8575 0.43317716741465867036
5.8625 0.43326755990311199840
5.8675 0.43337425479147073659
5.8725 0.43349766704096337477
5.8775 0.43363779941921493100
5.8825 0.43379416144590615678
5.8875 0.43396549812958412629
5.8925 0.43415059542019862615
5.8975 0.43434789080365787672
5.9025 0.43455644684535488231
5.9075 0.43477504308546449652
5.9125 0.43500307239034652351
5.9175 0.43523971018430929192
5.9225 0.43548436130606327232
5.9275 0.43573668645403323962
5.9325 0.43599595120894241163
5.9375 0.43626175628026492292
5.9425 0.43653366281043282093
5.9475 0.43681111348310680542
5.9525 0.43709374722734517515
5.9575 0.43738094997118809326
5.9625 0.43767221600341427168
5.9675 0.43796637830049911511
5.9725 0.43826231943232385468
5.9775 0.43855871959259046244
5.9825 0.43885393178889564592
5.9875 0.43914626054225924801
5.9925 0.43943430313763254258
5.9975 0.43971688072444203854
6.0025 0.43999279215016290356
6.0075 0.44026149638638584216
6.0125 0.44052215186102738897
6.0175 0.44077474620974527175
6.0225 0.44101950021190700069
6.0275 0.44125685659964747343
6.0325 0.44148779322334297248
6.0375 0.44171366034885611862
6.0425 0.44193584103317745670
6.0475 0.44215582032767725140
6.0525 0.44237522833058257055
6.0575 0.44259555156172775137
6.0625 0.44281856555768617234
6.0675 0.44304599300465574707
6.0725 0.44327935791983730240
6.0775 0.44352024771009040949
6.0825 0.44376937202211935718
6.0875 0.44402765739419908231
6.0925 0.44429494424794591101
6.0975 0.44457135147126158881
6.1025 0.44485615690040086756
6.1075 0.44514874661524139743
6.1125 0.44544809652316402770
6.1175 0.44575274274986204093
6.1225 0.44606116970799636334
6.1275 0.44637108170569039789
6.1325 0.44668026189733289755
6.1375 0.44698639925736904921
6.1425 0.44728722929205211312
6.1475 0.44758052285837823803
6.1525 0.44786380881526716147
6.1575 0.44813502390380349771
6.1625 0.44839153703917122851
6.1675 0.44863085478556269381
6.1725 0.44885020613891962737
6.1775 0.44904716490677670793
6.1825 0.44921968729035977042
6.1875 0.44936673025643025792
6.1925 0.44948790013522454956
6.1975 0.44958368553314953520
6.2025 0.44965502654076788813
6.2075 0.44970304891771456512
6.2125 0.44972882074908293593
6.2175 0.44973338246482708058
6.2225 0.44971767308190163659
6.2275 0.44968301528177445636
6.2325 0.44963075273721014868
6.2375 0.44956233911336196396
6.2425 0.44947887768987287993
6.2475 0.44938203537392329423
6.2525 0.44927358125346877893
6.2575 0.44915565382140409945
6.2625 0.44903050968759006256
6.2675 0.44890018749340493409
6.2725 0.44876615046608570037
6.2775 0.44862924788122993114
6.2825 0.44848967888410212757
6.2875 0.44834686491526148933
6.2925 0.44819988500145713228
6.2975 0.44804759454596165824
6.3025 0.44788860073171204990
6.3075 0.44772143926220842047
6.3125 0.44754457769540229028
6.3175 0.44735583029241005049
6.3225 0.44715354298495474383
6.3275 0.44693612629868895159
6.3325 0.44670243457662062170
6.3375 0.44645188997542728515
6.3425 0.44618396107897562164
6.3475 0.44589829385478113588
6.3525 0.44559447748660147015
6.3575 0.44527253970520447313
6.3625 0.44493263636275398598
6.3675 0.44457571704049897443
6.3725 0.44420328208389997515
6.3775 0.44381712704457970675
6.3825 0.44341909450610728083
6.3875 0.44301074976739057698
6.3925 0.44259336005209509723
6.3975 0.44216814253519604039
6.4025 0.44173569248869631876
6.4075 0.44129672601027880585
6.4125 0.44085170430640585604
6.4175 0.44040083115137146352
6.4225 0.43994412093976542621
6.4275 0.43948163706561244046
6.4325 0.43901317459034427948
6.4375 0.43853859152850532821
6.4425 0.43805806110618367155
6.4475 0.43757182568480418317
6.4525 0.43708015998634686117
6.4575 0.43658305040785660989
6.4625 0.43608031054039880781
6.4675 0.43557090726857711216
6.4725 0.43505347657373555359
6.4775 0.43452651013630239074
6.4825 0.43398872369663488158
6.4875 0.43343946665343152658
6.4925 0.43287906378615131908
6.4975 0.43230808514607887982
6.5025 0.43172752869019315192
6.5075 0.43113836648748166125
6.5125 0.43054101161597302383
6.5175 0.42993588428178464156
6.5225 0.42932273838068463201
6.5275 0.42870169569948229915
6.5325 0.42807319516011232974
6.5375 0.42743760107908074231
6.5425 0.42679588554257485988
6.5475 0.42614923831987672198
6.5525 0.42549876135674730149
6.5575 0.42484593544934018405
6.5625 0.42419198747294856178
6.5675 0.42353849293690520872
6.5725 0.42288636735165668901
6.5775 0.42223691569189891748
6.5825 0.42159081285630473079
6.5875 0.42094956396411464805
6.5925 0.42031459277853921996
6.5975 0.41968789090876490455
6.6025 0.41907167085692154096
6.6075 0.41846782139319504967
6.6125 0.41787879534981015039
6.6175 0.41730620981443289352
6.6225 0.41675183944213195497
6.6275 0.41621695387151375067
6.6325 0.41570224338898953409
6.6375 0.41520789434697003006
6.6425 0.41473386786548854799
6.6475 0.41427924260159876280
6.6525 0.41384373581378219864
6.6575 0.41342667171303187912
6.6625 0.41302827231701916277
6.6675 0.41264862354362119579
6.6725 0.41228783198835539103
6.6775 0.41194599531155506877
6.6825 0.41162343490420316705
6.6875 0.41132030418338327848
6.6925 0.41103682974745908707
6.6975 0.41077400049406553872
6.7025 0.41053216003528064659
6.7075 0.41031201288261037741
6.7125 0.41011350855575889884
6.7175 0.40993656884147150476
6.7225 0.40978062656506830663
6.7275 0.40964541203627896637
6.7325 0.40953090162765909410
6.7375 0.40943734245604057609
6.7425 0.40936518743592381631
6.7475 0.40931458473664894537
6.7525 0.40928600150590388473
6.7575 0.40927945736593024373
6.7625 0.40929494505045288522
6.7675 0.40933250471491727795
6.7725 0.40939220080327537454
6.7775 0.40947435019833616776
6.7825 0.40957892060504313969
6.7875 0.40970565372637079982
6.7925 0.40985414965766547857
6.7975 0.41002399195764016593
6.8025 0.41021416995584392140
6.8075 0.41042319307209546020
6.8125 0.41065026051738617863
6.8175 0.41089379327820330090
6.8225 0.41115253475432922414
6.8275 0.41142514576279920480
6.8325 0.41171025231134217304
6.8375 0.41200642964768580123
6.8425 0.41231242499100878574
6.8475 0.41262728065957293699
6.8525 0.41295067495408793734
6.8575 0.41328295905189404991
6.8625 0.41362518444393819861
6.8675 0.41397925955448461321
6.8725 0.41434772182466361734
6.8775 0.41473295422729661297
6.8825 0.41513747294901703899
6.8875 0.41556343807299461757
6.8925 0.41601275644088558936
6.8975 0.41648755227275580104
6.9025 0.41699046097864134186
6.9075 0.41752382567182749762
6.9125 0.41808956513048217696
6.9175 0.41868887582762409627
6.9225 0.41932232124396590089
6.9275 0.41999015824539137620
6.9325 0.42069189734199141650
6.9375 0.42142745069239845312
6.9425 0.42219601720170862880
6.9475 0.42299711663904210335
6.9525 0.42383010856173020109
6.9575 0.42469461846925088411
6.9625 0.42559060550187510774
6.9675 0.42651811497479513724
6.9725 0.42747740337759176921
6.9775 0.42846864258688971416
6.9825 0.42949222601374087427
6.9875 0.43054834765166138943
6.9925 0.43163707608494089607
6.9975 0.43275884103969769479
7.0025 0.43391385931588088987
7.0075 0.43510219119865156667
7.0125 0.43632403893913185300
7.0175 0.43757864430375692510
7.0225 0.43886581206873159777
7.0275 0.44018475814531360379
7.0325 0.44153508840039729089
7.0375 0.44291606163480884417
7.0425 0.44432754296660054161
7.0475 0.44576889724208151877
7.0525 0.44723929540431389684
7.0575 0.44873730614762075142
7.0625 0.45026094136380351296
7.0675 0.45180793269853158911
7.0725 0.45337597856575007071
7.0775 0.45496270096565499808
7.0825 0.45656571321668287800
7.0875 0.45818300546127521677
7.0925 0.45981261382429167162
7.0975 0.46145306525507834294
7.1025 0.46310317534354439317
7.1075 0.46476207470318658954
7.1125 0.46642924753974562835
7.1175 0.46810422792240108381
7.1225 0.46978755545993622356
7.1275 0.47147968959183272908
7.1325 0.47318094351923734031
7.1375 0.47489169247479390279
7.1425 0.47661148317139767627
7.1475 0.47833916240362311934
7.1525 0.48007295459484244926
7.1575 0.48181031818483299745
7.1625 0.48354817721710274814
7.1675 0.48528340346758441770
7.1725 0.48701280483219894224
7.1775 0.48873315221734936475
7.1825 0.49044131937424972900
7.1875 0.49213447568732404669
7.1925 0.49380976914186380800
7.1975 0.49546442795030015693
7.2025 0.49709566982953418135
7.2075 0.49870065586122269696
7.2125 0.50027606047768935493
7.2175 0.50181767855234260534
7.2225 0.50332078773109556469
7.2275 0.50477974249717361133
7.2325 0.50618875402493235249
7.2375 0.50754186025850678288
7.2425 0.50883297899790136398
7.2475 0.51005608958967052491
7.2525 0.51120505503583679729
7.2575 0.51227321414436655100
7.2625 0.51325410797801007678
7.2675 0.51414130256823509235
7.2725 0.51492930926542590520
7.2775 0.51561376392528102119
7.2825 0.51619130558070180914
7.2875 0.51665949959143120385
7.2925 0.51701666327125395117
7.2975 0.51726129946347487731
7.3025 0.51739236661956344854
7.3075 0.51740886868782498542
7.3125 0.51730981134295961343
7.3175 0.51709415678402947947
7.3225 0.51676067332715547309
7.3275 0.51630777907252556336
7.3325 0.51573347928317814226
7.3375 0.51503451225762431065
7.3425 0.51420707208090765672
7.3475 0.51324663487229948977
7.3525 0.51214931133797014784
7.3575 0.51091167852536900629
7.3625 0.50953198223803963796
7.3675 0.50800936633595816794
7.3725 0.50634424327294624835
7.3775 0.50453691102563291704
7.3825 0.50258856619763714324
7.3875 0.50050013174322538489
7.3925 0.49827340069160824809
7.3975 0.49591132907819668318
7.4025 0.49341826329997784395
7.4075 0.49079981107227677040
7.4125 0.48806288521967994276
7.4175 0.48521485601500480289
7.4225 0.48226384960541579527
7.4275 0.47921836313984245148
7.4325 0.47608689692962086193
7.4375 0.47287798977078404628
7.4425 0.46960037361928536059
7.4475 0.46626217337329312063
7.4525 0.46287097427536644245
7.4575 0.45943356345822528031
7.4625 0.45595607907287633020
7.4675 0.45244398566803106787
7.4725 0.44890217180403640951
7.4775 0.44533530101933632706
7.4825 0.44174765017209577378
7.4875 0.43814317322762252882
7.4925 0.43452529723476029933
7.4975 0.43089740396292974811
7.5025 0.42726261751600475014
7.5075 0.42362404877081011323
7.5125 0.41998473209688097496
7.5175 0.41634813679945864573
7.5225 0.41271827712227415752
7.5275 0.40909937214119040938
7.5325 0.40549622483932962203
7.5375 0.40191328711660817552
7.5425 0.39835479409024054931
7.5475 0.39482434767448881807
7.5525 0.39132532537590880573
7.5575 0.38786086165411004512
7.5625 0.38443426085942533632
7.5675 0.38104906083649559001
7.5725 0.37770866892789550784
7.5775 0.37441644916605942850
7.5825 0.37117536598285871818
7.5875 0.36798852345047111667
7.5925 0.36485884031401111249
7.5975 0.36178900996751617303
7.6025 0.35878153448818234095
7.6075 0.35583842405751286986
7.6125 0.35296132524055506829
7.6175 0.35015134494360844464
7.6225 0.34740941550167081520
7.6275 0.34473630382662018290
7.6325 0.34213264277520832879
7.6375 0.33959913745652731132
7.6425 0.33713596674021634181
7.6475 0.33474308555726317582
7.6525 0.33242017276180135799
7.6575 0.33016646129718446590
7.6625 0.32798178982112541346
7.6675 0.32586531089972653463
7.6725 0.32381659875562968098
7.6775 0.32183410891716923707
7.6825 0.31991631307893880765
7.6875 0.31806104602844736950
7.6925 0.31626608401565464712
7.6975 0.31452959238453309654
7.7025 0.31285000721094835541
7.7075 0.31122626917332485430
7.7125 0.30965763660975120786
7.7175 0.30814389451467871783
7.7225 0.30668544660665958412
7.7275 0.30528301242814670502
7.7325 0.30393755224652996283
7.7375 0.30265032820003023861
7.7425 0.30142248048847425368
7.7475 0.30025499683647466354
7.7525 0.29914913559445177604
7.7575 0.29810580168860362216
7.7625 0.29712612833393153844
7.7675 0.29621105756832033506
7.7725 0.29536171949794537417
7.7775 0.29457911260794722441
7.7825 0.29386406946131943263
7.7875 0.29321764743058481573
7.7925 0.29264024328795923413
7.7975 0.29213259258662005458
7.8025 0.29169494079832331002
7.8075 0.29132771505579357907
7.8125 0.29103080096167849300
7.8175 0.29080455484113881814
7.8225 0.29064859066946097110
7.8275 0.29056299548939923394
7.8325 0.29054768426915583701
7.8375 0.29060287740448831340
7.8425 0.29072918376651141203
7.8475 0.29092686139552936808
7.8525 0.29119661827968462697
7.8575 0.29153917798073086809
7.8625 0.29195552548041858731
7.8675 0.29244718390656226914
7.8725 0.29301598159700509294
7.8775 0.29366434711567707128
7.8825 0.29439473942562027764
7.8875 0.29520956499093758962
7.8925 0.29611126811834892480
7.8975 0.29710197501445551049
7.9025 0.29818322622914228415
7.9075 0.29935630865745899154
7.9125 0.30062195159319771154
7.9175 0.30198084795276641801
7.9225 0.30343364298780522992
7.9275 0.30498111403698641153
7.9325 0.30662405193775904566
7.9375 0.30836312103395524531
7.9425 0.31019896396260371318
7.9475 0.31213188273352948654
7.9525 0.31416179275946676253
7.9575 0.31628866262232291362
7.9625 0.31851241394487189718
7.9675 0.32083280469601321849
7.9725 0.32325035133193541492
7.9775 0.32576553870988927963
7.9825 0.32837955204360330663
7.9875 0.33109353513050954199
7.9925 0.33390880691975910466
7.9975 0.33682723502741207522
8.0025 0.33985139245097784055
8.0075 0.34298478064161486145
8.0125 0.34623169789795904538
8.0175 0.34959728006437040815
8.0225 0.35308754319475282868
8.0275 0.35670853100899568844
8.0325 0.36046675563322116975
8.0375 0.36436966729740127846
8.0425 0.36842481827111722703
8.0475 0.37264002424011583026
8.0525 0.37702327136709307132
8.0575 0.38158283854493396658
8.0625 0.38632682070237500671
8.0675 0.39126341850873219697
8.0725 0.39640175762279133975
8.0775 0.40175136274080813781
8.0825 0.40732241710219685427
8.0875 0.41312496416795896348
8.0925 0.41916982245586459355
8.0975 0.42546717547375922930
8.1025 0.43202758908970118057
8.1075 0.43886188589275276772
8.1125 0.44598161522847756810
8.1175 0.45339869735981508381
8.1225 0.46112541022999459228
8.1275 0.46917482955863398786
8.1325 0.47756010889958067089
8.1375 0.48629497748900962772
8.1425 0.49539365094372994625
8.1475 0.50487141194255757970
8.1525 0.51474442261270036969
8.1575 0.52503037482067793640
8.1625 0.53574767841361403686
8.1675 0.54691447172823515199
8.1725 0.55854868832841053639
8.1775 0.57066660695535742498
8.1825 0.58328356800506264701
8.1875 0.59641434691268879753
8.1925 0.61007188841960036108
8.1975 0.62426915124213255837
8.2025 0.63901796116457032504
8.2075 0.65432950578725845858
8.2125 0.67021307371912686168
8.2175 0.68667750534184202049
8.2225 0.70372938648574079323
8.2275 0.72137382358943658023
8.2325 0.73961414578840090073
8.2375 0.75845158474911911206
8.2425 0.77788627755869133029
8.2475 0.79791586603315800552
8.2525 0.81853553403617362871
8.2575 0.83973728017042714722
8.2625 0.86150832266618582178
8.2675 0.88383101525541674093
8.2725 0.90668167636876051407
8.2775 0.93003083163303379433
8.2825 0.95384108471718520583
8.2875 0.97806602835729250511
8.2925 1.00264982260439627915
8.2975 1.02752464923124287033
8.3025 1.05261121467843654642
8.3075 1.07781635096400441043
8.3125 1.10303208889324033670
8.3175 1.12813346611255793661
8.3225 1.15297648911905592506
8.3275 1.17739515108637560203
8.3325 1.20119915585653291856
8.3375 1.22417301980186632449
8.3425 1.24607319771711666512
8.3475 1.26662879897103297644
8.3525 1.28554004184868064797
8.3575 1.30248140466152784178
8.3625 1.31710264568854840128
8.3675 1.32903173217291614705
8.3725 1.33788008038060501903
8.3775 1.34324734177284477177
8.3825 1.34472823249911499488
8.3875 1.34192274663860078299
8.3925 1.33444764493400236383
8.3975 1.32195037808324422635
8.4025 1.30412310816191490126
8.4075 1.28072002975690790727
8.4125 1.25157327221466774247
8.4175 1.21661386812193161866
8.4225 1.17588915963103390894
8.4275 1.12957996182244868599
8.4325 1.07800658319155839848
8.4375 1.02161791470750662469
8.4425 0.96096119614207731185
8.4475 0.89663409558475337668
8.4525 0.82924071556124390181
8.4575 0.75938429402208551533
8.4625 0.68772331396943708892
8.4675 0.61506574607533048837
8.4725 0.54244467974901389162
8.4775 0.47111255967682486023
8.4825 0.40243653099733239786
8.4875 0.33773009216510085917
8.4925 0.27810033985773591203
8.4975 0.22436916895651726200
8.5025 0.17706368265679034435
8.5075 0.13642740373505327089
8.5125 0.10242868746791559953
8.5175 0.07477664400940631229
8.5225 0.05295826093236941090
8.5275 0.03629391748021244812
8.5325 0.02400363095584245529
8.5375 0.01527448824694138153
8.5425 0.00932161180009107720
8.5475 0.00543642882036107604
8.5525 0.00301830390715277777
8.5575 0.00158862947775444846
8.5625 0.00078907786407327442
8.5675 0.00036805387180721824
8.5725 0.00016035031481403291
8.5775 0.00006487291491051391
8.5825 0.00002421805423059734
8.5875 0.00000828513305601281
8.5925 0.00000257798301630485
8.5975 0.00000000000000000000
8.6025 0.00000000000000000000
8.6075 0.00000000000000000000
8.6125 0.00000000000000000000
8.6175 0.00000000000000000000
8.6225 0.00000000000000000000
8.6275 0.00000000000000000000
8.6325 0.00000000000000000000
8.6375 0.00000000000000000000
8.6425 0.00000000000000000000
8.6475 0.00000000000000000000
8.6525 0.00000000000000000000
8.6575 0.00000000000000000000
8.6625 0.00000000000000000000
8.6675 0.00000000000000000000
8.6725 0.00000000000000000000
8.6775 0.00000000000000000000
8.6825 0.00000000000000000000
8.6875 0.00000000000000000000
8.6925 0.00000000000000000000
8.6975 0.00000000000000000000
8.7025 0.00000000000000000000
8.7075 0.00000000000000000000
8.7125 0.00000000000000000000
8.7175 0.00000000000000000000
8.7225 0.00000000000000000000
8.7275 0.00000000000000000000
8.7325 0.00000000000000000000
8.7375 0.00000000000000000000
8.7425 0.00000000000000000000
8.7475 0.00000000000000000000
8.7525 0.00000000000000000000
8.7575 0.00000000000000000000
8.7625 0.00000000000000000000
8.7675 0.00000000000000000000
8.7725 0.00000000000000000000
8.7775 0.00000000000000000000
8.7825 0.00000000000000000000
8.7875 0.00000000000000000000
8.7925 0.00000000000000000000
8.7975 0.00000000000000000000
8.8025 0.00000000000000000000
8.8075 0.00000000000000000000
8.8125 0.00000000000000000000
8.8175 0.00000000000000000000
8.8225 0.00000000000000000000
8.8275 0.00000000000000000000
8.8325 0.00000000000000000000
8.8375 0.00000000000000000000
8.8425 0.00000000000000000000
8.8475 0.00000000000000000000
8.8525 0.00000000000000000000
8.8575 0.00000000000000000000
8.8625 0.00000000000000000000
8.8675 0.00000000000000000000
8.8725 0.00000000000000000000
8.8775 0.00000000000000000000
8.8825 0.00000000000000000000
8.8875 0.00000000000000000000
8.8925 0.00000000000000000000
8.8975 0.00000000000000000000
8.9025 0.00000000000000000000
8.9075 0.00000000000000000000
8.9125 0.00000000000000000000
8.9175 0.00000000000000000000
8.9225 0.00000000000000000000
8.9275 0.00000000000000000000
8.9325 0.00000000000000000000
8.9375 0.00000000000000000000
8.9425 0.00000000000000000000
8.9475 0.00000000000000000000
8.9525 0.00000000000000000000
8.9575 0.00000000000000000000
8.9625 0.00000000000000000000
8.9675 0.00000000000000000000
8.9725 0.00000000000000000000
8.9775 0.00000000000000000000
8.9825 0.00000000000000000000
8.9875 0.00000000000000000000
8.9925 0.00000000000000000000
8.9975 0.00000000000000000000
9.0025 0.00000000000000000000
9.0075 0.00000000000000000000
9.0125 0.00000000000000000000
9.0175 0.00000000000000000000
9.0225 0.00000000000000000000
9.0275 0.00000000000000000000
9.0325 0.00000000000000000000
9.0375 0.00000000000000000000
9.0425 0.00000000000000000000
9.0475 0.00000000000000000000
9.0525 0.00000000000000000000
9.0575 0.00000000000000000000
9.0625 0.00000000000000000000
9.0675 0.00000000000000000000
9.0725 0.00000000000000000000
9.0775 0.00000000000000000000
9.0825 0.00000000000000000000
9.0875 0.00000000000000000000
9.0925 0.00000000000000000000
9.0975 0.00000000000000000000
9.1025 0.00000000000000000000
9.1075 0.00000000000000000000
9.1125 0.00000000000000000000
9.1175 0.00000000000000000000
9.1225 0.00000000000000000000
9.1275 0.00000000000000000000
9.1325 0.00000000000000000000
9.1375 0.00000000000000000000
9.1425 0.00000000000000000000
9.1475 0.00000000000000000000
9.1525 0.00000000000000000000
9.1575 0.00000000000000000000
9.1625 0.00000000000000000000
9.1675 0.00000000000000000000
9.1725 0.00000000000000000000
9.1775 0.00000000000000000000
9.1825 0.00000000000000000000
9.1875 0.00000000000000000000
9.1925 0.00000000000000000000
9.1975 0.00000000000000000000
9.2025 0.00000000000000000000
9.2075 0.00000000000000000000
9.2125 0.00000000000000000000
9.2175 0.00000000000000000000
9.2225 0.00000000000000000000
9.2275 0.00000000000000000000
9.2325 0.00000000000000000000
9.2375 0.00000000000000000000
9.2425 0.00000000000000000000
9.2475 0.00000000000000000000
9.2525 0.00000000000000000000
9.2575 0.00000000000000000000
9.2625 0.00000000000000000000
9.2675 0.00000000000000000000
9.2725 0.00000000000000000000
9.2775 0.00000000000000000000
9.2825 0.00000000000000000000
9.2875 0.00000000000000000000
9.2925 0.00000000000000000000
9.2975 0.00000000000000000000
9.3025 0.00000000000000000000
9.3075 0.00000000000000000000
9.3125 0.00000000000000000000
9.3175 0.00000000000000000000
9.3225 0.00000000000000000000
9.3275 0.00000000000000000000
9.3325 0.00000000000000000000
9.3375 0.00000000000000000000
9.3425 0.00000000000000000000
9.3475 0.00000000000000000000
9.3525 0.00000000000000000000
9.3575 0.00000000000000000000
9.3625 0.00000000000000000000
9.3675 0.00000000000000000000
9.3725 0.00000000000000000000
9.3775 0.00000000000000000000
9.3825 0.00000000000000000000
9.3875 0.00000000000000000000
9.3925 0.00000000000000000000
9.3975 0.00000000000000000000
9.4025 0.00000000000000000000
9.4075 0.00000000000000000000
9.4125 0.00000000000000000000
9.4175 0.00000000000000000000
9.4225 0.00000000000000000000
9.4275 0.00000000000000000000
9.4325 0.00000000000000000000
9.4375 0.00000000000000000000
9.4425 0.00000000000000000000
9.4475 0.00000000000000000000
9.4525 0.00000000000000000000
9.4575 0.00000000000000000000
9.4625 0.00000000000000000000
9.4675 0.00000000000000000000
9.4725 0.00000000000000000000
9.4775 0.00000000000000000000
9.4825 0.00000000000000000000
9.4875 0.00000000000000000000
9.4925 0.00000000000000000000
9.4975 0.00000000000000000000
9.5025 0.00000000000000000000
9.5075 0.00000000000000000000
9.5125 0.00000000000000000000
9.5175 0.00000000000000000000
9.5225 0.00000000000000000000
9.5275 0.00000000000000000000
9.5325 0.00000000000000000000
9.5375 0.00000000000000000000
9.5425 0.00000000000000000000
9.5475 0.00000000000000000000
9.5525 0.00000000000000000000
9.5575 0.00000000000000000000
9.5625 0.00000000000000000000
9.5675 0.00000000000000000000
9.5725 0.00000000000000000000
9.5775 0.00000000000000000000
9.5825 0.00000000000000000000
9.5875 0.00000000000000000000
9.5925 0.00000000000000000000
9.5975 0.00000000000000000000
9.6025 0.00000000000000000000
9.6075 0.00000000000000000000
9.6125 0.00000000000000000000
9.6175 0.00000000000000000000
9.6225 0.00000000000000000000
9.6275 0.00000000000000000000
9.6325 0.00000000000000000000
9.6375 0.00000000000000000000
9.6425 0.00000000000000000000
9.6475 0.00000000000000000000
9.6525 0.00000000000000000000
9.6575 0.00000000000000000000
9.6625 0.00000000000000000000
9.6675 0.00000000000000000000
9.6725 0.00000000000000000000
9.6775 0.00000000000000000000
9.6825 0.00000000000000000000
9.6875 0.00000000000000000000
9.6925 0.00000000000000000000
9.6975 0.00000000000000000000
9.7025 0.00000000000000000000
9.7075 0.00000000000000000000
9.7125 0.00000000000000000000
9.7175 0.00000000000000000000
9.7225 0.00000000000000000000
9.7275 0.00000000000000000000
9.7325 0.00000000000000000000
9.7375 0.00000000000000000000
9.7425 0.00000000000000000000
9.7475 0.00000000000000000000
9.7525 0.00000000000000000000
9.7575 0.00000000000000000000
9.7625 0.00000000000000000000
9.7675 0.00000000000000000000
9.7725 0.00000000000000000000
9.7775 0.00000000000000000000
9.7825 0.00000000000000000000
9.7875 0.00000000000000000000
9.7925 0.00000000000000000000
9.7975 0.00000000000000000000
9.8025 0.00000000000000000000
9.8075 0.00000000000000000000
9.8125 0.00000000000000000000
9.8175 0.00000000000000000000
9.8225 0.00000000000000000000
9.8275 0.00000000000000000000
9.8325 0.00000000000000000000
9.8375 0.00000000000000000000
9.8425 0.00000000000000000000
9.8475 0.00000000000000000000
9.8525 0.00000000000000000000
9.8575 0.00000000000000000000
9.8625 0.00000000000000000000
9.8675 0.00000000000000000000
9.8725 0.00000000000000000000
9.8775 0.00000000000000000000
9.8825 0.00000000000000000000
9.8875 0.00000000000000000000
9.8925 0.00000000000000000000
9.8975 0.00000000000000000000
9.9025 0.00000000000000000000
9.9075 0.00000000000000000000
9.9125 0.00000000000000000000
9.9175 0.00000000000000000000
9.9225 0.00000000000000000000
9.9275 0.00000000000000000000
9.9325 0.00000000000000000000
9.9375 0.00000000000000000000
9.9425 0.00000000000000000000
9.9475 0.00000000000000000000
9.9525 0.00000000000000000000
9.9575 0.00000000000000000000
9.9625 0.00000000000000000000
9.9675 0.00000000000000000000
9.9725 0.00000000000000000000
9.9775 0.00000000000000000000
9.9825 0.00000000000000000000
9.9875 0.00000000000000000000
9.9925 0.00000000000000000000
9.9975 0.00000000000000000000
