xbins rho
0.0025 0.00000000000000000000
0.0075 0.00000000000000000000
0.0125 0.00000000000000000000
0.0175 0.00000000000000000000
0.0225 0.00000000000000000000
0.0275 0.00000000000000000000
0.0325 0.00000000000000000000
0.0375 0.00000000000000000000
0.0425 0.00000000000000000000
0.0475 0.00000000000000000000
0.0525 0.00000000000000000000
0.0575 0.00000000000000000000
0.0625 0.00000000000000000000
0.0675 0.00000000000000000000
0.0725 0.00000000000000000000
0.0775 0.00000000000000000000
0.0825 0.00000000000000000000
0.0875 0.00000000000000000000
0.0925 0.00000000000000000000
0.0975 0.00000000000000000000
0.1025 0.00000000000000000000
0.1075 0.00000000000000000000
0.1125 0.00000000000000000000
0.1175 0.00000000000000000000
0.1225 0.00000000000000000000
0.1275 0.00000000000000000000
0.1325 0.00000000000000000000
0.1375 0.00000000000000000000
0.1425 0.00000000000000000000
0.1475 0.00000000000000000000
0.1525 0.00000000000000000000
0.1575 0.00000000000000000000
0.1625 0.00000000000000000000
0.1675 0.00000000000000000000
0.1725 0.00000000000000000000
0.1775 0.00000000000000000000
0.1825 0.00000000000000000000
0.1875 0.00000000000000000000
0.1925 0.00000000000000000000
0.1975 0.00000000000000000000
0.2025 0.00000000000000000000
0.2075 0.00000000000000000000
0.2125 0.00000000000000000000
0.2175 0.00000000000000000000
0.2225 0.00000000000000000000
0.2275 0.00000000000000000000
0.2325 0.00000000000000000000
0.2375 0.00000000000000000000
0.2425 0.00000000000000000000
0.2475 0.00000000000000000000
0.2525 0.00000000000000000000
0.2575 0.00000000000000000000
0.2625 0.00000000000000000000
0.2675 0.00000000000000000000
0.2725 0.00000000000000000000
0.2775 0.00000000000000000000
0.2825 0.00000000000000000000
0.2875 0.00000000000000000000
0.2925 0.00000000000000000000
0.2975 0.00000000000000000000
0.3025 0.00000000000000000000
0.3075 0.00000000000000000000
0.3125 0.00000000000000000000
0.3175 0.00000000000000000000
0.3225 0.00000000000000000000
0.3275 0.00000000000000000000
0.3325 0.00000000000000000000
0.3375 0.00000000000000000000
0.3425 0.00000000000000000000
0.3475 0.00000000000000000000
0.3525 0.00000000000000000000
0.3575 0.00000000000000000000
0.3625 0.00000000000000000000
0.3675 0.00000000000000000000
0.3725 0.00000000000000000000
0.3775 0.00000000000000000000
0.3825 0.00000000000000000000
0.3875 0.00000000000000000000
0.3925 0.00000000000000000000
0.3975 0.00000000000000000000
0.4025 0.00000000000000000000
0.4075 0.00000000000000000000
0.4125 0.00000000000000000000
0.4175 0.00000000000000000000
0.4225 0.00000000000000000000
0.4275 0.00000000000000000000
0.4325 0.00000000000000000000
0.4375 0.00000000000000000000
0.4425 0.00000000000000000000
0.4475 0.00000000000000000000
0.4525 0.00000000000000000000
0.4575 0.00000000000000000000
0.4625 0.00000000000000000000
0.4675 0.00000000000000000000
0.4725 0.00000000000000000000
0.4775 0.00000000000000000000
0.4825 0.00000000000000000000
0.4875 0.00000000000000000000
0.4925 0.00000000000000000000
0.4975 0.00000000000000000000
0.5025 0.00000000000000000000
0.5075 0.00000000000000000000
0.5125 0.00000000000000000000
0.5175 0.00000000000000000000
0.5225 0.00000000000000000000
0.5275 0.00000000000000000000
0.5325 0.00000000000000000000
0.5375 0.00000000000000000000
0.5425 0.00000000000000000000
0.5475 0.00000000000000000000
0.5525 0.00000000000000000000
0.5575 0.00000000000000000000
0.5625 0.00000000000000000000
0.5675 0.00000000000000000000
0.5725 0.00000000000000000000
0.5775 0.00000000000000000000
0.5825 0.00000000000000000000
0.5875 0.00000000000000000000
0.5925 0.00000000000000000000
0.5975 0.00000000000000000000
0.6025 0.00000000000000000000
0.6075 0.00000000000000000000
0.6125 0.00000000000000000000
0.6175 0.00000000000000000000
0.6225 0.00000000000000000000
0.6275 0.00000000000000000000
0.6325 0.00000000000000000000
0.6375 0.00000000000000000000
0.6425 0.00000000000000000000
0.6475 0.00000000000000000000
0.6525 0.00000000000000000000
0.6575 0.00000000000000000000
0.6625 0.00000000000000000000
0.6675 0.00000000000000000000
0.6725 0.00000000000000000000
0.6775 0.00000000000000000000
0.6825 0.00000000000000000000
0.6875 0.00000000000000000000
0.6925 0.00000000000000000000
0.6975 0.00000000000000000000
0.7025 0.00000000000000000000
0.7075 0.00000000000000000000
0.7125 0.00000000000000000000
0.7175 0.00000000000000000000
0.7225 0.00000000000000000000
0.7275 0.00000000000000000000
0.7325 0.00000000000000000000
0.7375 0.00000000000000000000
0.7425 0.00000000000000000000
0.7475 0.00000000000000000000
0.7525 0.00000000000000000000
0.7575 0.00000000000000000000
0.7625 0.00000000000000000000
0.7675 0.00000000000000000000
0.7725 0.00000000000000000000
0.7775 0.00000000000000000000
0.7825 0.00000000000000000000
0.7875 0.00000000000000000000
0.7925 0.00000000000000000000
0.7975 0.00000000000000000000
0.8025 0.00000000000000000000
0.8075 0.00000000000000000000
0.8125 0.00000000000000000000
0.8175 0.00000000000000000000
0.8225 0.00000000000000000000
0.8275 0.00000000000000000000
0.8325 0.00000000000000000000
0.8375 0.00000000000000000000
0.8425 0.00000000000000000000
0.8475 0.00000000000000000000
0.8525 0.00000000000000000000
0.8575 0.00000000000000000000
0.8625 0.00000000000000000000
0.8675 0.00000000000000000000
0.8725 0.00000000000000000000
0.8775 0.00000000000000000000
0.8825 0.00000000000000000000
0.8875 0.00000000000000000000
0.8925 0.00000000000000000000
0.8975 0.00000000000000000000
0.9025 0.00000000000000000000
0.9075 0.00000000000000000000
0.9125 0.00000000000000000000
0.9175 0.00000000000000000000
0.9225 0.00000000000000000000
0.9275 0.00000000000000000000
0.9325 0.00000000000000000000
0.9375 0.00000000000000000000
0.9425 0.00000000000000000000
0.9475 0.00000000000000000000
0.9525 0.00000000000000000000
0.9575 0.00000000000000000000
0.9625 0.00000000000000000000
0.9675 0.00000000000000000000
0.9725 0.00000000000000000000
0.9775 0.00000000000000000000
0.9825 0.00000000000000000000
0.9875 0.00000000000000000000
0.9925 0.00000000000000000000
0.9975 0.00000000000000000000
1.0025 0.00000000000000000000
1.0075 0.00000000000000000000
1.0125 0.00000000000000000000
1.0175 0.00000000000000000000
1.0225 0.00000000000000000000
1.0275 0.00000000000000000000
1.0325 0.00000000000000000000
1.0375 0.00000000000000000000
1.0425 0.00000000000000000000
1.0475 0.00000000000000000000
1.0525 0.00000000000000000000
1.0575 0.00000000000000000000
1.0625 0.00000000000000000000
1.0675 0.00000000000000000000
1.0725 0.00000000000000000000
1.0775 0.00000000000000000000
1.0825 0.00000000000000000000
1.0875 0.00000000000000000000
1.0925 0.00000000000000000000
1.0975 0.00000000000000000000
1.1025 0.00000000000000000000
1.1075 0.00000000000000000000
1.1125 0.00000000000000000000
1.1175 0.00000000000000000000
1.1225 0.00000000000000000000
1.1275 0.00000000000000000000
1.1325 0.00000000000000000000
1.1375 0.00000000000000000000
1.1425 0.00000000000000000000
1.1475 0.00000000000000000000
1.1525 0.00000000000000000000
1.1575 0.00000000000000000000
1.1625 0.00000000000000000000
1.1675 0.00000000000000000000
1.1725 0.00000000000000000000
1.1775 0.00000000000000000000
1.1825 0.00000000000000000000
1.1875 0.00000000000000000000
1.1925 0.00000000000000000000
1.1975 0.00000000000000000000
1.2025 0.00000000000000000000
1.2075 0.00000000000000000000
1.2125 0.00000000000000000000
1.2175 0.00000000000000000000
1.2225 0.00000000000000000000
1.2275 0.00000000000000000000
1.2325 0.00000000000000000000
1.2375 0.00000000000000000000
1.2425 0.00000000000000000000
1.2475 0.00000000000000000000
1.2525 0.00000000000000000000
1.2575 0.00000000000000000000
1.2625 0.00000000000000000000
1.2675 0.00000000000000000000
1.2725 0.00000000000000000000
1.2775 0.00000000000000000000
1.2825 0.00000000000000000000
1.2875 0.00000000000000000000
1.2925 0.00000000000000000000
1.2975 0.00000000000000000000
1.3025 0.00000000000000000000
1.3075 0.00000000000000000000
1.3125 0.00000000000000000000
1.3175 0.00000000000000000000
1.3225 0.00000000000000000000
1.3275 0.00000000000000000000
1.3325 0.00000000000000000000
1.3375 0.00000000000000000000
1.3425 0.00000000000000000000
1.3475 0.00000000000000000000
1.3525 0.00000000000000000000
1.3575 0.00000000000000000000
1.3625 0.00000000000000000000
1.3675 0.00000000000000000000
1.3725 0.00000000000000000000
1.3775 0.00000000000000000000
1.3825 0.00000000000000000000
1.3875 0.00000000000000000000
1.3925 0.00000000000000000000
1.3975 0.00000005496566013150
1.4025 0.00000000000000000000
1.4075 0.00000000000000000000
1.4125 0.00000000000000000000
1.4175 0.00000745323509870194
1.4225 0.00002004040581512779
1.4275 0.00004971627363164539
1.4325 0.00011452084317079552
1.4375 0.00024637959056256876
1.4425 0.00049773121333689585
1.4475 0.00094886221130100065
1.4525 0.00171476971501522465
1.4575 0.00294999352156785849
1.4625 0.00484977741790964655
1.4675 0.00764623247890963090
1.4725 0.01159883718919942422
1.4775 0.01697954441114678942
1.4825 0.02405368754980359222
1.4875 0.03305867762314005504
1.4925 0.04418292040017827993
1.4975 0.05754740011682130812
1.5025 0.07319205127829146729
1.5075 0.09106833440083940412
1.5125 0.11103861376550014373
1.5175 0.13288209444394874503
1.5225 0.15630639126391843163
1.5275 0.18096309416818540106
1.5325 0.20646585616809981500
1.5375 0.23240903545665805852
1.5425 0.25838562363826156343
1.5475 0.28400321182541221621
1.5525 0.30889715379086640779
1.5575 0.33274084664595693361
1.5625 0.35525268540577797927
1.5675 0.37620022029419242227
1.5725 0.39540152677501022582
1.5775 0.41272446389109990195
1.5825 0.42808428995293490438
1.5875 0.44143967077992718462
1.5925 0.45278817340630272970
1.5975 0.46216096719680438420
1.6025 0.46961737733786707016
1.6075 0.47523955930874522968
1.6125 0.47912745219015417941
1.6175 0.48139386388767752001
1.6225 0.48216039498562074384
1.6275 0.48155361684156144930
1.6325 0.47970195714287910960
1.6375 0.47673284647783986667
1.6425 0.47277085838204802037
1.6475 0.46793574480693739259
1.6525 0.46234141751603163861
1.6575 0.45609486818452293910
1.6625 0.44929578917169482599
1.6675 0.44203623896332772114
1.6725 0.43440048869273528709
1.6775 0.42646541279453847872
1.6825 0.41830038439846289888
1.6875 0.40996790319701470473
1.6925 0.40152378061356081007
1.6975 0.39301764071988753990
1.7025 0.38449331821641452578
1.7075 0.37598922132288753462
1.7125 0.36753880639423636145
1.7175 0.35917100872541707357
1.7225 0.35091043506486468972
1.7275 0.34277800428399896049
1.7325 0.33479107094419208179
1.7375 0.32696393492649350465
1.7425 0.31930800897804756389
1.7475 0.31183225750650034325
1.7525 0.30454333225448365630
1.7575 0.29744594761292819651
1.7625 0.29054304597353608486
1.7675 0.28383609066099746432
1.7725 0.27732520918271524879
1.7775 0.27100949080597558360
1.7825 0.26488706416285079381
1.7875 0.25895542882797278894
1.7925 0.25321143348190466860
1.7975 0.24765156148119230051
1.8025 0.24227194206760488404
1.8075 0.23706853348239281809
1.8125 0.23203708243202139649
1.8175 0.22717323579204540263
1.8225 0.22247259842423805498
1.8275 0.21793067618867320578
1.8325 0.21354298242343536240
1.8375 0.20930496949641130833
1.8425 0.20521212885316955643
1.8475 0.20125992490994309980
1.8525 0.19744384624194244449
1.8575 0.19375943407289830667
1.8625 0.19020225516552694001
1.8675 0.18676799175370198403
1.8725 0.18345235805602788659
1.8775 0.18025118793501784809
1.8825 0.17716039369578390206
1.8875 0.17417601710796412617
1.8925 0.17129418791696610080
1.8975 0.16851118720815524976
1.9025 0.16582340562758907110
1.9075 0.16322738814741749591
1.9125 0.16071979817467241247
1.9175 0.15829748454240827327
1.9225 0.15595737829839395605
1.9275 0.15369661543821888650
1.9325 0.15151243543404943614
1.9375 0.14940218630639437447
1.9425 0.14736334435585468627
1.9475 0.14539347456047810314
1.9525 0.14349019972133456036
1.9575 0.14165123365670806432
1.9625 0.13987432779508099379
1.9675 0.13815729196860684902
1.9725 0.13649799166931109173
1.9775 0.13489432247016994171
1.9825 0.13334423009161125440
1.9875 0.13184568914911973248
1.9925 0.13039675531605818271
1.9975 0.12899550685443905707
2.0025 0.12764007899345439223
2.0075 0.12632867095614472297
2.0125 0.12505952155814434312
2.0175 0.12383095692672539678
2.0225 0.12264134627963474422
2.0275 0.12148915255872226593
2.0325 0.12037287849734129574
2.0375 0.11929112239729432188
2.0425 0.11824255107950522314
2.0475 0.11722589983620691767
2.0525 0.11623999070581308990
2.0575 0.11528369934580609546
2.0625 0.11435601252385543813
2.0675 0.11345593597166765687
2.0725 0.11258259154685061609
2.0775 0.11173513894409113634
2.0825 0.11091280216252839830
2.0875 0.11011486729493992487
2.0925 0.10934068026322707468
2.0975 0.10858962683334066890
2.1025 0.10786115880285235269
2.1075 0.10715475780186028976
2.1125 0.10646996161416293070
2.1175 0.10580633719750286159
2.1225 0.10516344865491750182
2.1275 0.10454090956976273830
2.1325 0.10393832980350294071
2.1375 0.10335530944025206335
2.1425 0.10279143922158241742
2.1475 0.10224631977206176392
2.1525 0.10171949771795092687
2.1575 0.10121052250262571603
2.1625 0.10071895233959993199
2.1675 0.10024429561831350866
2.1725 0.09978608376463274365
2.1775 0.09934385573116709389
2.1825 0.09891714459259363934
2.1875 0.09850553000757893141
2.1925 0.09810858105222906855
2.1975 0.09772590476347177424
2.2025 0.09735712584571906691
2.2075 0.09700189214695353890
2.2125 0.09665984730726796814
2.2175 0.09633065807851946827
2.2225 0.09601398022222916440
2.2275 0.09570947073875224476
2.2325 0.09541677276132798369
2.2375 0.09513552464602388625
2.2425 0.09486535608551013854
2.2475 0.09460589578481871931
2.2525 0.09435676745923010644
2.2575 0.09411760870625347775
2.2625 0.09388806758930368090
2.2675 0.09366781196447505897
2.2725 0.09345654293317484651
2.2775 0.09325397960324623148
2.2825 0.09305988312838622822
2.2875 0.09287403099369881398
2.2925 0.09269623939671055302
2.2975 0.09252634254162030170
2.3025 0.09236419923355145001
2.3075 0.09220967847915717552
2.3125 0.09206267461855636991
2.3175 0.09192307789731407608
2.3225 0.09179080096857823723
2.3275 0.09166573765715801958
2.3325 0.09154781432842269695
2.3375 0.09143693739022920597
2.3425 0.09133302148414569610
2.3475 0.09123598522839802827
2.3525 0.09114575040094256841
2.3575 0.09106225051001654025
2.3625 0.09098542246341048689
2.3675 0.09091522086817627191
2.3725 0.09085160068090142316
2.3775 0.09079452697922900384
2.3825 0.09074396314515892348
2.3875 0.09069986893364458125
2.3925 0.09066221460656291586
2.3975 0.09063092323730220778
2.4025 0.09060591560653845355
2.4075 0.09058708325233373604
2.4125 0.09057429634236928429
2.4175 0.09056737814771895212
2.4225 0.09056613964438615938
2.4275 0.09057036772424749416
2.4325 0.09057981240251682109
2.4375 0.09059421901795436383
2.4425 0.09061331860264525140
2.4475 0.09063683733507335583
2.4525 0.09066448734900922624
2.4575 0.09069599906446246251
2.4625 0.09073109390817891973
2.4675 0.09076951038490037316
2.4725 0.09081099538045678266
2.4775 0.09085530414589004788
2.4825 0.09090220338930092570
2.4875 0.09095146700848098786
2.4925 0.09100287932560530146
2.4975 0.09105621929817449278
2.5025 0.09111127453755994698
2.5075 0.09116781814370411574
2.5125 0.09122561688134146751
2.5175 0.09128442762686030110
2.5225 0.09134398801803592094
2.5275 0.09140401664825112404
2.5325 0.09146421290238598845
2.5375 0.09152425486172464930
2.5425 0.09158378675879902397
2.5475 0.09164244942982638364
2.5525 0.09169984101229083917
2.5575 0.09175555971321266990
2.5625 0.09180919935685694089
2.5675 0.09186033149832811828
2.5725 0.09190854416181300224
2.5775 0.09195342770533439236
2.5825 0.09199458805045462872
2.5875 0.09203164096202037792
2.5925 0.09206422190115227944
2.5975 0.09209198273852350902
2.6025 0.09211459095454814505
2.6075 0.09213173142346939293
2.6125 0.09214312410351428728
2.6175 0.09214850822548056875
2.6225 0.09214766812417414521
2.6275 0.09214043637564432732
2.6325 0.09212669953104075937
2.6375 0.09210642217779756169
2.6425 0.09207961624128700728
2.6475 0.09204638238393648975
2.6525 0.09200686037404101625
2.6575 0.09196125598185081462
2.6625 0.09190980015096647526
2.6675 0.09185275273721560385
2.6725 0.09179037768797153329
2.6775 0.09172293170085581149
2.6825 0.09165066003049969490
2.6875 0.09157379277078067648
2.6925 0.09149251985150479161
2.6975 0.09140701947210658207
2.7025 0.09131743318094581729
2.7075 0.09122389028365128494
2.7125 0.09112649539642664331
2.7175 0.09102534829594280397
2.7225 0.09092054071935715132
2.7275 0.09081215740640743994
2.7325 0.09070030946852668252
2.7375 0.09058510016383734820
2.7425 0.09046666454524816825
2.7475 0.09034515083389697832
2.7525 0.09022072160570375476
2.7575 0.09009355136188561264
2.7625 0.08996384426504587528
2.7675 0.08983177868976090219
2.7725 0.08969755477939851673
2.7775 0.08956135037724824444
2.7825 0.08942332525472908300
2.7875 0.08928363187297340409
2.7925 0.08914240472892251410
2.7975 0.08899975756329742138
2.8025 0.08885578598511563453
2.8075 0.08871059147975655923
2.8125 0.08856425688765082183
2.8175 0.08841687266183226312
2.8225 0.08826853877990262220
2.8275 0.08811934068026894273
2.8325 0.08796937819180185303
2.8375 0.08781873727648681349
2.8425 0.08766751236196512753
2.8475 0.08751577036489428807
2.8525 0.08736357298690447526
2.8575 0.08721096494460173210
2.8625 0.08705797243665236440
2.8675 0.08690461217729524013
2.8725 0.08675087932975257543
2.8775 0.08659678363959054381
2.8825 0.08644231600479562738
2.8875 0.08628747482608162267
2.8925 0.08613227961107811081
2.8975 0.08597675223539676115
2.9025 0.08582093803882007155
2.9075 0.08566490165959947389
2.9125 0.08550872221260140404
2.9175 0.08535249498625227527
2.9225 0.08519634272201775937
2.9275 0.08504037773727529670
2.9325 0.08488473576226779338
2.9375 0.08472954362317712540
2.9425 0.08457492440742475637
2.9475 0.08442099539677998254
2.9525 0.08426784968679912335
2.9575 0.08411557785176440594
2.9625 0.08396422814551421365
2.9675 0.08381383951908530361
2.9725 0.08366441804740067101
2.9775 0.08351594617148162814
2.9825 0.08336838842580766851
2.9875 0.08322167617323658617
2.9925 0.08307574222429926769
2.9975 0.08293050103088689395
3.0025 0.08278586956953830345
3.0075 0.08264176790080343671
3.0125 0.08249814245151340653
3.0175 0.08235494775450150073
3.0225 0.08221217721259209410
3.0275 0.08206984375414051736
3.0325 0.08192800092980051518
3.0375 0.08178672958192276243
3.0425 0.08164613164058873163
3.0475 0.08150634315158175602
3.0525 0.08136750787625719739
3.0575 0.08122978741700739858
3.0625 0.08109334110053748046
3.0675 0.08095832097880176215
3.0725 0.08082487210493759233
3.0775 0.08069311626409100824
3.0825 0.08056315336647545955
3.0875 0.08043505982815193911
3.0925 0.08030888438577686583
3.0975 0.08018464831465814402
3.1025 0.08006235203679508416
3.1075 0.07994197932460288258
3.1125 0.07982349203290993456
3.1175 0.07970685707565509925
3.1225 0.07959202926089130326
3.1275 0.07947897017247458618
3.1325 0.07936764840550319944
3.1375 0.07925803708654594049
3.1425 0.07915012848748238794
3.1475 0.07904392983979346976
3.1525 0.07893944902155335119
3.1575 0.07883671901325144116
3.1625 0.07873577026624201114
3.1675 0.07863663387405196714
3.1725 0.07853934682302819714
3.1775 0.07844393307618165168
3.1825 0.07835040127630983620
3.1875 0.07825874727094070393
3.1925 0.07816894224768559940
3.1975 0.07808094503509727113
3.2025 0.07799468726079886172
3.2075 0.07791008246756989108
3.2125 0.07782703452026044910
3.2175 0.07774543717169779544
3.2225 0.07766518257079195464
3.2275 0.07758615253333160655
3.2325 0.07750824742319269156
3.2375 0.07743136042273256192
3.2425 0.07735539537736212112
3.2475 0.07728026447605217120
3.2525 0.07720587892765461147
3.2575 0.07713216220533228307
3.2625 0.07705904737477135835
3.2675 0.07698645837485317001
3.2725 0.07691433897591404278
3.2775 0.07684262985553219627
3.2825 0.07677128495019298893
3.2875 0.07670026012165888363
3.2925 0.07662951107352015956
3.2975 0.07655902487542778911
3.3025 0.07648877671419844482
3.3075 0.07641874590215551322
3.3125 0.07634892735470744096
3.3175 0.07627931130774066870
3.3225 0.07620988331384044578
3.3275 0.07614063249736080508
3.3325 0.07607153493179059922
3.3375 0.07600257020171360955
3.3425 0.07593370333420726426
3.3475 0.07586490237008905457
3.3525 0.07579614057467620736
3.3575 0.07572740122520293937
3.3625 0.07565866274596019792
3.3675 0.07558994582965834763
3.3725 0.07552126950751690548
3.3775 0.07545270014173571793
3.3825 0.07538430605128455808
3.3875 0.07531619145131000781
3.3925 0.07524847988360205964
3.3975 0.07518129202912901543
3.4025 0.07511476854806639625
3.4075 0.07504904120120318989
3.4125 0.07498423268993313628
3.4175 0.07492044617886016444
3.4225 0.07485777401611717896
3.4275 0.07479627091648288761
3.4325 0.07473596906933187289
3.4375 0.07467687716246527996
3.4425 0.07461899483899880892
3.4475 0.07456228566810435554
3.4525 0.07450672561844616515
3.4575 0.07445226509388505609
3.4625 0.07439887573232968621
3.4675 0.07434650548155953553
3.4725 0.07429512657759504424
3.4775 0.07424470197673094241
3.4825 0.07419519093433020462
3.4875 0.07414657270620907126
3.4925 0.07409880967659833451
3.4975 0.07405186700424723489
3.5025 0.07400572847203112925
3.5075 0.07396037095615527746
3.5125 0.07391577884903878515
3.5175 0.07387195466777703168
3.5225 0.07382888168730900036
3.5275 0.07378657706043197095
3.5325 0.07374503533711423975
3.5375 0.07370425201745872679
3.5425 0.07366422248078537127
3.5475 0.07362492755690937252
3.5525 0.07358633592434893345
3.5575 0.07354840655990212139
3.5625 0.07351108416468306317
3.5675 0.07347429707692178236
3.5725 0.07343796814923726768
3.5775 0.07340201049458187910
3.5825 0.07336634646533131410
3.5875 0.07333088691919535662
3.5925 0.07329557048922723250
3.5975 0.07326034303943891601
3.6025 0.07322516725878830401
3.6075 0.07319002691395987137
3.6125 0.07315492104733961609
3.6175 0.07311987043944417897
3.6225 0.07308490302198428212
3.6275 0.07305005892638133380
3.6325 0.07301537280685822806
3.6375 0.07298089232392591941
3.6425 0.07294665911296729921
3.6475 0.07291270410888438247
3.6525 0.07287905423217035106
3.6575 0.07284572035429409675
3.6625 0.07281271426862404028
3.6675 0.07278003282295174292
3.6725 0.07274765481051570504
3.6775 0.07271556281446220349
3.6825 0.07268372038957354730
3.6875 0.07265209015187451547
3.6925 0.07262062472894433018
3.6975 0.07258927756383390384
3.7025 0.07255799303718296622
3.7075 0.07252672006066733512
3.7125 0.07249540999114512108
3.7175 0.07246401419461237503
3.7225 0.07243248229872517596
3.7275 0.07240077972816316709
3.7325 0.07236888019326297161
3.7375 0.07233675812718927400
3.7425 0.07230441751919128301
3.7475 0.07227186594867851532
3.7525 0.07223912771518446740
3.7575 0.07220625449052217593
3.7625 0.07217330220907550165
3.7675 0.07214034045152166452
3.7725 0.07210744822530268383
3.7775 0.07207470630493102715
3.7825 0.07204218393107993113
3.7875 0.07200995828460460269
3.7925 0.07197807778977605153
3.7975 0.07194658224255449930
3.8025 0.07191551181145564020
3.8075 0.07188485645788267320
3.8125 0.07185462290348329506
3.8175 0.07182478981579419608
3.8225 0.07179532699221011227
3.8275 0.07176620309865604230
3.8325 0.07173737201097515892
3.8375 0.07170880851752081675
3.8425 0.07168047024701772185
3.8475 0.07165233879196113154
3.8525 0.07162438336504745040
3.8575 0.07159660120385534510
3.8625 0.07156898178785178755
3.8675 0.07154152032804102224
3.8725 0.07151422016151570693
3.8775 0.07148707820714564343
3.8825 0.07146009045976368934
3.8875 0.07143325495047600504
3.8925 0.07140657305718282888
3.8975 0.07138004299858401180
3.9025 0.07135367197796216310
3.9075 0.07132747058632066262
3.9125 0.07130146364330368358
3.9175 0.07127566145269445541
3.9225 0.07125010161187363134
3.9275 0.07122480328047023357
3.9325 0.07119978188694814358
3.9375 0.07117505165375964671
3.9425 0.07115059890608514681
3.9475 0.07112641187075043059
3.9525 0.07110245405038753685
3.9575 0.07107868275160819649
3.9625 0.07105503301509008551
3.9675 0.07103144718512331701
3.9725 0.07100785623156544157
3.9775 0.07098418943844858608
3.9825 0.07096039824117408856
3.9875 0.07093643008788838578
3.9925 0.07091225620276661590
3.9975 0.07088787062431024799
4.0025 0.07086328232883645772
4.0075 0.07083851754928403854
4.0125 0.07081362562772834657
4.0175 0.07078867143230893610
4.0225 0.07076372862005093911
4.0275 0.07073887258468417039
4.0325 0.07071419574678709796
4.0375 0.07068976850650532384
4.0425 0.07066567008283308748
4.0475 0.07064195173171737563
4.0525 0.07061865759729686609
4.0575 0.07059580906135172473
4.0625 0.07057340330952077689
4.0675 0.07055142339376613281
4.0725 0.07052982256799457395
4.0775 0.07050856262697148547
4.0825 0.07048757371066508015
4.0875 0.07046679822187572328
4.0925 0.07044618019800409636
4.0975 0.07042566058798782613
4.1025 0.07040520848361887796
4.1075 0.07038478704300334121
4.1125 0.07036437576360532464
4.1175 0.07034396156250864729
4.1225 0.07032353081786514581
4.1275 0.07030306709976080759
4.1325 0.07028255572382388627
4.1375 0.07026197879431549109
4.1425 0.07024130622322516393
4.1475 0.07022052092731378981
4.1525 0.07019960080862652774
4.1575 0.07017853385860245430
4.1625 0.07015732201104983579
4.1675 0.07013599121495796285
4.1725 0.07011457630517003992
4.1775 0.07009313966258699791
4.1825 0.07007176400844321307
4.1875 0.07005053967849550478
4.1925 0.07002958068520384605
4.1975 0.07000898300563089538
4.2025 0.06998885021801692918
4.2075 0.06996926811047016193
4.2125 0.06995028905078985726
4.2175 0.06993195129982972269
4.2225 0.06991425082846476624
4.2275 0.06989716605914661485
4.2325 0.06988063482167801432
4.2375 0.06986457858221689632
4.2425 0.06984891763387987562
4.2475 0.06983354699070409843
4.2525 0.06981837340899596511
4.2575 0.06980330653372918137
4.2625 0.06978827544618462775
4.2675 0.06977322944482935996
4.2725 0.06975812644841443422
4.2775 0.06974296107322876248
4.2825 0.06972774199520070937
4.2875 0.06971248569894666902
4.2925 0.06969723173582213771
4.2975 0.06968201750817215601
4.3025 0.06966688042401721070
4.3075 0.06965184783035886784
4.3125 0.06963694691546949700
4.3175 0.06962217591439585906
4.3225 0.06960752102827294507
4.3275 0.06959295956619948598
4.3325 0.06957844359660476929
4.3375 0.06956392741059090612
4.3425 0.06954935722780385132
4.3475 0.06953467577319508153
4.3525 0.06951985122529877326
4.3575 0.06950485070409433142
4.3625 0.06948967617226196880
4.3675 0.06947434529623701394
4.3725 0.06945890077066234347
4.3775 0.06944342602241040940
4.3825 0.06942800788784783683
4.3875 0.06941276439182872404
4.3925 0.06939782647648312652
4.3975 0.06938333533334822834
4.4025 0.06936943576813299484
4.4075 0.06935628779632542484
4.4125 0.06934403995080086480
4.4175 0.06933285208807275779
4.4225 0.06932287050047039600
4.4275 0.06931424132271539473
4.4325 0.06930708030391803665
4.4375 0.06930147489391194626
4.4425 0.06929748274674238373
4.4475 0.06929509583894986890
4.4525 0.06929425518582678356
4.4575 0.06929483058758746650
4.4625 0.06929663673942788871
4.4675 0.06929941352273415178
4.4725 0.06930286180376088456
4.4775 0.06930664463616528770
4.4825 0.06931041080548920597
4.4875 0.06931380805502515563
4.4925 0.06931651356641138628
4.4975 0.06931823211262928830
4.5025 0.06931873983648786930
4.5075 0.06931786570989541263
4.5125 0.06931550622387556981
4.5175 0.06931162099220301853
4.5225 0.06930624305755908598
4.5275 0.06929943493845730496
4.5325 0.06929132270125862303
4.5375 0.06928205604402132289
4.5425 0.06927180132796272038
4.5475 0.06926073979092570165
4.5525 0.06924905183736018710
4.5575 0.06923690649893793347
4.5625 0.06922446617831309879
4.5675 0.06921187579762635989
4.5725 0.06919926425135998482
4.5775 0.06918673325620566805
4.5825 0.06917437520060898404
4.5875 0.06916225929784591830
4.5925 0.06915043517217928093
4.5975 0.06913894468027584339
4.6025 0.06912781071244135378
4.6075 0.06911704897395155867
4.6125 0.06910666347050453684
4.6175 0.06909665422328199746
4.6225 0.06908701239322577459
4.6275 0.06907773075168746613
4.6325 0.06906879230415184645
4.6375 0.06906019019600045938
4.6425 0.06905189775538810026
4.6475 0.06904390276790868530
4.6525 0.06903619403617848593
4.6575 0.06902874989124913041
4.6625 0.06902155645317713251
4.6675 0.06901460067135078980
4.6725 0.06900786460657627741
4.6775 0.06900134310108708979
4.6825 0.06899502174725079262
4.6875 0.06898888426677671215
4.6925 0.06898292712313559838
4.6975 0.06897713512230467525
4.7025 0.06897150560839364342
4.7075 0.06896602688735142817
4.7125 0.06896068795088014514
4.7175 0.06895549585666778392
4.7225 0.06895043204569716033
4.7275 0.06894549788636958332
4.7325 0.06894068751217086177
4.7375 0.06893599426338327396
4.7425 0.06893141836828356461
4.7475 0.06892695964432039857
4.7525 0.06892260274042198709
4.7575 0.06891835924718764383
4.7625 0.06891421967714679575
4.7675 0.06891018485251448888
4.7725 0.06890625395456526081
4.7775 0.06890242158104829817
4.7825 0.06889869192981247503
4.7875 0.06889505624464166422
4.7925 0.06889151945311090819
4.7975 0.06888807715464030645
4.8025 0.06888472834652355214
4.8075 0.06888147929080841447
4.8125 0.06887831352961581999
4.8175 0.06887525026456624289
4.8225 0.06887227348867200338
4.8275 0.06886939266357224032
4.8325 0.06886660177230376212
4.8375 0.06886390061109586014
4.8425 0.06886129572930614617
4.8475 0.06885878107648255031
4.8525 0.06885635548780000281
4.8575 0.06885402706429059883
4.8625 0.06885178314414966416
4.8675 0.06884963674136417022
4.8725 0.06884758111956804094
4.8775 0.06884561519575560506
4.8825 0.06884374369040062447
4.8875 0.06884196300752690179
4.8925 0.06884027184714321124
4.8975 0.06883867141359585606
4.9025 0.06883715972398944671
4.9075 0.06883573997834005476
4.9125 0.06883441241478528705
4.9175 0.06883317562348474639
4.9225 0.06883202692594615757
4.9275 0.06883096763273771623
4.9325 0.06882999604419738626
4.9375 0.06882911957287590754
4.9425 0.06882832564422143584
4.9475 0.06882762542832683572
4.9525 0.06882701270426196116
4.9575 0.06882648877617401906
4.9625 0.06882605317052507832
4.9675 0.06882570362393450325
4.9725 0.06882544343624127925
4.9775 0.06882526948554906765
4.9825 0.06882518129080333891
4.9875 0.06882518082382564628
4.9925 0.06882526444536242460
4.9975 0.06882543444805254429
5.0025 0.06882568933486653273
5.0075 0.06882602892749166423
5.0125 0.06882645562968932318
5.0175 0.06882697078028425508
5.0225 0.06882756714994742175
5.0275 0.06882825063587617864
5.0325 0.06882901737376616313
5.0375 0.06882987341013115101
5.0425 0.06883081447543491771
5.0475 0.06883184516299985234
5.0525 0.06883296019208573480
5.0575 0.06883416280286713818
5.0625 0.06883545435032024928
5.0675 0.06883683256363010150
5.0725 0.06883830401965379542
5.0775 0.06883986580121471965
5.0825 0.06884151430953806827
5.0875 0.06884325101413636683
5.0925 0.06884508240256190237
5.0975 0.06884700466634174898
5.1025 0.06884902187222305403
5.1075 0.06885113273587555038
5.1125 0.06885334171445589568
5.1175 0.06885563646159865991
5.1225 0.06885803140735700933
5.1275 0.06886051988512630062
5.1325 0.06886310491728579730
5.1375 0.06886578429835939208
5.1425 0.06886856644212693834
5.1475 0.06887143259215575131
5.1525 0.06887440225260700599
5.1575 0.06887746313162217138
5.1625 0.06888062187369987932
5.1675 0.06888387845444024493
5.1725 0.06888722574230503326
5.1775 0.06889067287240381587
5.1825 0.06889421605302081808
5.1875 0.06889785824475118392
5.1925 0.06890160168166258037
5.1975 0.06890543929101786147
5.2025 0.06890938100562894741
5.2075 0.06891342516116612249
5.2125 0.06891757155647741662
5.2175 0.06892182715771877355
5.2225 0.06892618830832983323
5.2275 0.06893066183742797837
5.2325 0.06893524433907211035
5.2375 0.06893994152965109146
5.2425 0.06894476039551974966
5.2475 0.06894969592788623147
5.2525 0.06895475402805731346
5.2575 0.06895993802710420617
5.2625 0.06896524680935220419
5.2675 0.06897069077079308330
5.2725 0.06897626865512623828
5.2775 0.06898198342677351602
5.2825 0.06898784653473505335
5.2875 0.06899385764143349531
5.2925 0.06900002717356379378
5.2975 0.06900635979196803604
5.3025 0.06901285749627342203
5.3075 0.06901954284586442334
5.3125 0.06902642002703920920
5.3175 0.06903349887380458294
5.3225 0.06904079330702210526
5.3275 0.06904832078039317700
5.3325 0.06905609402975464162
5.3375 0.06906413136755316928
5.3425 0.06907245236457726367
5.3475 0.06908106975377142911
5.3525 0.06909000575862182802
5.3575 0.06909928102224328905
5.3625 0.06910891554867250319
5.3675 0.06911892417433250502
5.3725 0.06912933042091569391
5.3775 0.06914015231205061784
5.3825 0.06915140489503952825
5.3875 0.06916309471905207618
5.3925 0.06917524063230028053
5.3975 0.06918783508076918609
5.4025 0.06920088200645367615
5.4075 0.06921436477302531087
5.4125 0.06922825463296992943
5.4175 0.06924252803272749890
5.4225 0.06925712307126841161
5.4275 0.06927197431855194876
5.4325 0.06928699538463982399
5.4375 0.06930207374602878612
5.4425 0.06931708689579427207
5.4475 0.06933188040016341480
5.4525 0.06934629347553958323
5.4575 0.06936015287129496110
5.4625 0.06937327134122138472
5.4675 0.06938547421429974715
5.4725 0.06939658658319952655
5.4775 0.06940647005669169090
5.4825 0.06941500772305568556
5.4875 0.06942213480198405895
5.4925 0.06942784116349849655
5.4975 0.06943216591028936180
5.5025 0.06943522884358645231
5.5075 0.06943719775751985845
5.5125 0.06943831088318315470
5.5175 0.06943883681142005992
5.5225 0.06943908051021585592
5.5275 0.06943936667108130401
5.5325 0.06943998131187724410
5.5375 0.06944120905129054500
5.5425 0.06944327854248370790
5.5475 0.06944637178755135032
5.5525 0.06945060794743312949
5.5575 0.06945603615390119612
5.5625 0.06946266951448333560
5.5675 0.06947045249195402117
5.5725 0.06947929795784711648
5.5775 0.06948909519192304762
5.5825 0.06949971465112034230
5.5875 0.06951100159615897223
5.5925 0.06952282123949282688
5.5975 0.06953501639761999753
5.6025 0.06954746112027541949
5.6075 0.06956004014879225983
5.6125 0.06957265252289615565
5.6175 0.06958523865437699074
5.6225 0.06959774255230703754
5.6275 0.06961013447183733716
5.6325 0.06962239560488557577
5.6375 0.06963451690170584241
5.6425 0.06964650489376336684
5.6475 0.06965837184027585949
5.6525 0.06967013911446778840
5.6575 0.06968182885426935091
5.6625 0.06969346747461327429
5.6675 0.06970508322118293409
5.6725 0.06971670574737161286
5.6775 0.06972836907640558857
5.6825 0.06974011819990047489
5.6875 0.06975201103378804446
5.6925 0.06976410956895290338
5.6975 0.06977649155532442138
5.7025 0.06978924295579896908
5.7075 0.06980245300443120582
5.7125 0.06981622238961522620
5.7175 0.06983064716736740729
5.7225 0.06984582285017959524
5.7275 0.06986183496791209535
5.7325 0.06987875443551437582
5.7375 0.06989663996293780934
5.7425 0.06991552181330497329
5.7475 0.06993541501585526232
5.7525 0.06995631773493307670
5.7575 0.06997819630131765778
5.7625 0.07000101149985861471
5.7675 0.07002469728279056560
5.7725 0.07004917670388037532
5.7775 0.07007435070733282478
5.7825 0.07010011716614940325
5.7875 0.07012635380230539117
5.7925 0.07015293423261076411
5.7975 0.07017972536174986453
5.8025 0.07020658619131910083
5.8075 0.07023338115322136366
5.8125 0.07025997718199959718
5.8175 0.07028625276944759637
5.8225 0.07031208922897118352
5.8275 0.07033738992825351588
5.8325 0.07036207395415336463
5.8375 0.07038608061680698413
5.8425 0.07040936826939346582
5.8475 0.07043190368082150044
5.8525 0.07045369228942754969
5.8575 0.07047473178258394089
5.8625 0.07049504548096235945
5.8675 0.07051465899217916611
5.8725 0.07053360158487340104
5.8775 0.07055190702382053980
5.8825 0.07056960808463411117
5.8875 0.07058674762214427190
5.8925 0.07060337663683344256
5.8975 0.07061955212201097287
5.9025 0.07063535770223512700
5.9075 0.07065088765665668291
5.9125 0.07066624794617572258
5.9175 0.07068155546781747234
5.9225 0.07069693640698053450
5.9275 0.07071251525063466936
5.9325 0.07072840749811552807
5.9375 0.07074472331327219532
5.9425 0.07076154704733861323
5.9475 0.07077895310740653367
5.9525 0.07079698007154090755
5.9575 0.07081565228887846952
5.9625 0.07083496332908831294
5.9675 0.07085489101260454559
5.9725 0.07087539480502259848
5.9775 0.07089642534768705873
5.9825 0.07091792180106500088
5.9875 0.07093981495084263067
5.9925 0.07096205273553353454
5.9975 0.07098456935525862543
6.0025 0.07100730865418515558
6.0075 0.07103024509171887435
6.0125 0.07105332960724931868
6.0175 0.07107655023979819742
6.0225 0.07109989255379389750
6.0275 0.07112335867264092670
6.0325 0.07114696236601859847
6.0375 0.07117072758897971529
6.0425 0.07119468505653465951
6.0475 0.07121886602647872766
6.0525 0.07124331410396241016
6.0575 0.07126804968029372411
6.0625 0.07129308616084764627
6.0675 0.07131842391486128974
6.0725 0.07134404152066751992
6.0775 0.07136989096761020557
6.0825 0.07139592761499116702
6.0875 0.07142210732013895558
6.0925 0.07144838290082010379
6.0975 0.07147474137300141583
6.1025 0.07150115807779081067
6.1075 0.07152766248916096747
6.1125 0.07155427495288878281
6.1175 0.07158104575997732699
6.1225 0.07160802976516146556
6.1275 0.07163529633126486384
6.1325 0.07166291074661951255
6.1375 0.07169093899200444653
6.1425 0.07171944512677769223
6.1475 0.07174846881663811404
6.1525 0.07177803356547621250
6.1575 0.07180815096465993641
6.1625 0.07183881366392215473
6.1675 0.07186998075527575858
6.1725 0.07190161967543505506
6.1775 0.07193366007440474275
6.1825 0.07196601882338862777
6.1875 0.07199862159686455654
6.1925 0.07203137026813002941
6.1975 0.07206417564665368314
6.2025 0.07209695920057335172
6.2075 0.07212964570352865812
6.2125 0.07216218469962491777
6.2175 0.07219452466118872480
6.2225 0.07222664686149160573
6.2275 0.07225855017894222687
6.2325 0.07229023724920673188
6.2375 0.07232174162879496937
6.2425 0.07235310602457779849
6.2475 0.07238436953871184298
6.2525 0.07241559785016210560
6.2575 0.07244683469855964231
6.2625 0.07247812231175676523
6.2675 0.07250951060550403504
6.2725 0.07254104513225741180
6.2775 0.07257275265748387716
6.2825 0.07260468750003659655
6.2875 0.07263687873999516431
6.2925 0.07266937349851561312
6.2975 0.07270220960220626083
6.3025 0.07273543749351768506
6.3075 0.07276909129308840873
6.3125 0.07280321713097447078
6.3175 0.07283785621625277207
6.3225 0.07287303675660540547
6.3275 0.07290877029293808820
6.3325 0.07294506600168432220
6.3375 0.07298190706085587454
6.3425 0.07301926671351134657
6.3475 0.07305710770408284371
6.3525 0.07309537220160020055
6.3575 0.07313398855555552913
6.3625 0.07317288117778415757
6.3675 0.07321196199328980359
6.3725 0.07325114002624781573
6.3775 0.07329032551538482154
6.3825 0.07332943288685253580
6.3875 0.07336839396524437451
6.3925 0.07340714446979092200
6.3975 0.07344564790471051763
6.4025 0.07348388179987698499
6.4075 0.07352184196599302612
6.4125 0.07355955230117372512
6.4175 0.07359704273362083216
6.4225 0.07363435976892172830
6.4275 0.07367156469003018071
6.4325 0.07370872746456351432
6.4375 0.07374592848168144699
6.4425 0.07378323790513936775
6.4475 0.07382074653006104326
6.4525 0.07385852934695968930
6.4575 0.07389666615932707905
6.4625 0.07393524228385675579
6.4675 0.07397433535661472603
6.4725 0.07401402102376339331
6.4775 0.07405439102428908182
6.4825 0.07409552658971921280
6.4875 0.07413751605118486243
6.4925 0.07418045210299220593
6.4975 0.07422441329540303834
6.5025 0.07426948666070029570
6.5075 0.07431573506608973867
6.5125 0.07436322090355358683
6.5175 0.07441197167480459451
6.5225 0.07446200314379305962
6.5275 0.07451330399866937237
6.5325 0.07456584083336739721
6.5375 0.07461956531460671449
6.5425 0.07467441241512318140
6.5475 0.07473031671336376192
6.5525 0.07478721623409061159
6.5575 0.07484504014559438534
6.5625 0.07490373512495435149
6.5675 0.07496326317406154516
6.5725 0.07502358396464157975
6.5775 0.07508467681827475648
6.5825 0.07514652479704439503
6.5875 0.07520912308468168106
6.5925 0.07527246539287418825
6.5975 0.07533654850521427637
6.6025 0.07540136431702930409
6.6075 0.07546690434696284866
6.6125 0.07553313971544906025
6.6175 0.07560003999801968855
6.6225 0.07566754879031049874
6.6275 0.07573561304212299283
6.6325 0.07580417302046039973
6.6375 0.07587315838953999358
6.6425 0.07594250907951888285
6.6475 0.07601216933873324033
6.6525 0.07608209473455355976
6.6575 0.07615225828391906926
6.6625 0.07622263546631989628
6.6675 0.07629323644871244259
6.6725 0.07636408411057390988
6.6775 0.07643520934077573104
6.6825 0.07650665427137411101
6.6875 0.07657847357081169759
6.6925 0.07665070467578231905
6.6975 0.07672339743159678482
6.7025 0.07679659799477972504
6.7075 0.07687034752797636261
6.7125 0.07694468585901999280
6.7175 0.07701966178757722881
6.7225 0.07709531082452998618
6.7275 0.07717167928762001805
6.7325 0.07724881137837606715
6.7375 0.07732676165917970468
6.7425 0.07740556634679621184
6.7475 0.07748528075666588633
6.7525 0.07756594170034944447
6.7575 0.07764758488435939687
6.7625 0.07773024388482129010
6.7675 0.07781394163752951287
6.7725 0.07789869531830323490
6.7775 0.07798451943615741788
6.7825 0.07807142862969804198
6.7875 0.07815943399102377731
6.7925 0.07824854710119849566
6.7975 0.07833877228219204847
6.8025 0.07843011328175585051
6.8075 0.07852256704055608771
6.8125 0.07861612579012336455
6.8175 0.07871077786888144856
6.8225 0.07880650704557230768
6.8275 0.07890330455217325900
6.8325 0.07900116048802337254
6.8375 0.07910008895369710635
6.8425 0.07920010658214225729
6.8475 0.07930126068953198548
6.8525 0.07940361921110078436
6.8575 0.07950726692476688118
6.8625 0.07961231370236430960
6.8675 0.07971887531405590088
6.8725 0.07982707418424273005
6.8775 0.07993703616154279601
6.8825 0.08004886039586604773
6.8875 0.08016264089802652149
6.8925 0.08027843984782780107
6.8975 0.08039629576118988152
6.9025 0.08051621611674626700
6.9075 0.08063818832768542000
6.9125 0.08076217743543807892
6.9175 0.08088813028150218520
6.9225 0.08101597790555215006
6.9275 0.08114565417335560527
6.9325 0.08127708304277347917
6.9375 0.08141019295686600932
6.9425 0.08154492425537847311
6.9475 0.08168123192747929473
6.9525 0.08181907285788686535
6.9575 0.08195840934303118275
6.9625 0.08209921821514341855
6.9675 0.08224147900976558345
6.9725 0.08238515637198844110
6.9775 0.08253023100219332442
6.9825 0.08267666043571146595
6.9875 0.08282440176307620527
6.9925 0.08297340381657455910
6.9975 0.08312359597432729397
7.0025 0.08327491693946996454
7.0075 0.08342728548775822650
7.0125 0.08358062504964690331
7.0175 0.08373483953448557227
7.0225 0.08388985152179068150
7.0275 0.08404556048035735638
7.0325 0.08420186860746450841
7.0375 0.08435867170862829112
7.0425 0.08451586683111586562
7.0475 0.08467334281070852675
7.0525 0.08483099468451482661
7.0575 0.08498871794905255017
7.0625 0.08514642073947151224
7.0675 0.08530400715443219040
7.0725 0.08546140770457717750
7.0775 0.08561855624701569800
7.0825 0.08577541089277082587
7.0875 0.08593193340168606142
7.0925 0.08608809720664718779
7.0975 0.08624389231195110639
7.1025 0.08639930373244950057
7.1075 0.08655432286229566841
7.1125 0.08670893361562974355
7.1175 0.08686312884365322839
7.1225 0.08701689538785267741
7.1275 0.08717021906720356927
7.1325 0.08732308575350319901
7.1375 0.08747548098075716427
7.1425 0.08762738399073269346
7.1475 0.08777876540498449898
7.1525 0.08792959633476364611
7.1575 0.08807983808509911583
7.1625 0.08822945044166559392
7.1675 0.08837837953877027142
7.1725 0.08852656765296638974
7.1775 0.08867394187222681079
7.1825 0.08882043160815800142
7.1875 0.08896595923079474166
7.1925 0.08911043851684107009
7.1975 0.08925378584419396688
7.2025 0.08939591406358919634
7.2075 0.08953673679978624289
7.2125 0.08967615514140163391
7.2175 0.08981406132605802839
7.2225 0.08995033912145396215
7.2275 0.09008485421938253190
7.2325 0.09021746470500367765
7.2375 0.09034800992823936727
7.2425 0.09047633378220309996
7.2475 0.09060227778649483643
7.2525 0.09072566640618082157
7.2575 0.09084633550733274554
7.2625 0.09096411578779706186
7.2675 0.09107883558294055382
7.2725 0.09119032286510235508
7.2775 0.09129841254893336644
7.2825 0.09140294220152349325
7.2875 0.09150373085208360346
7.2925 0.09160061033026756228
7.2975 0.09169341246148769720
7.3025 0.09178196069090636955
7.3075 0.09186607928221500463
7.3125 0.09194559537106231084
7.3175 0.09202034606634645897
7.3225 0.09209016007472112242
7.3275 0.09215489063918451407
7.3325 0.09221437880137535459
7.3375 0.09226849139091396201
7.3425 0.09231709554874004131
7.3475 0.09236007220615125024
7.3525 0.09239730807137452873
7.3575 0.09242870612277030717
7.3625 0.09245418536547701793
7.3675 0.09247368569502313618
7.3725 0.09248717088662766761
7.3775 0.09249464510171558074
7.3825 0.09249614591134729114
7.3875 0.09249174770822579661
7.3925 0.09248157543514011480
7.3975 0.09246578963264515116
7.4025 0.09244461226546346611
7.4075 0.09241829977608226332
7.4125 0.09238715702480264358
7.4175 0.09235153011877023088
7.4225 0.09231180468120013527
7.4275 0.09226838062084993797
7.4325 0.09222169397680216041
7.4375 0.09217218790515852023
7.4425 0.09212033657264755149
7.4475 0.09206660984546169435
7.4525 0.09201148612179280151
7.4575 0.09195544030684991987
7.4625 0.09189892267470486931
7.4675 0.09184235883447655624
7.4725 0.09178612619682137430
7.4775 0.09173057040032879528
7.4825 0.09167597778639835493
7.4875 0.09162259037193194733
7.4925 0.09157059643081304212
7.4975 0.09152015625079257255
7.5025 0.09147137925134268821
7.5075 0.09142435281044476725
7.5125 0.09137915577530392186
7.5175 0.09133585623736518999
7.5225 0.09129453126556515141
7.5275 0.09125526926178735565
7.5325 0.09121818199611096689
7.5375 0.09118340409086331255
7.5425 0.09115110889595171018
7.5475 0.09112150784475106513
7.5525 0.09109483150931758921
7.5575 0.09107136456749360953
7.5625 0.09105140381288222284
7.5675 0.09103526442193141111
7.5725 0.09102328133612903882
7.5775 0.09101577532640225954
7.5825 0.09101305864860943784
7.5875 0.09101541012766393990
7.5925 0.09102307099829928805
7.5975 0.09103623536218877210
7.6025 0.09105503455190476492
7.6075 0.09107955677336036782
7.6125 0.09110984108506579859
7.6175 0.09114589303790997243
7.6225 0.09118768751850282739
7.6275 0.09123520588887748528
7.6325 0.09128846100985635315
7.6375 0.09134749505930488123
7.6425 0.09141241493290726272
7.6475 0.09148340613686789524
7.6525 0.09156070360564683153
7.6575 0.09164463487896981619
7.6625 0.09173554638234251990
7.6675 0.09183382706207271484
7.6725 0.09193986274603557773
7.6775 0.09205403156537839138
7.6825 0.09217667747749000440
7.6875 0.09230809652961195766
7.6925 0.09244852710964956977
7.6975 0.09259815968610177195
7.7025 0.09275711944905928874
7.7075 0.09292548490350560630
7.7125 0.09310330273853247018
7.7175 0.09329060487197393670
7.7225 0.09348739928253481379
7.7275 0.09369373705642242145
7.7325 0.09390968033138918925
7.7375 0.09413534494550233889
7.7425 0.09437090177010087899
7.7475 0.09461659386486548362
7.7525 0.09487273387335183605
7.7575 0.09513968656449112160
7.7625 0.09541789305401256194
7.7675 0.09570782820359437226
7.7725 0.09601000378426637061
7.7775 0.09632493027122272788
7.7825 0.09665312761737074321
7.7875 0.09699507947329730206
7.7925 0.09735119563639600682
7.7975 0.09772186530676199578
7.8025 0.09810734050442661280
7.8075 0.09850783285283060131
7.8125 0.09892342916320613633
7.8175 0.09935415994695862008
7.8225 0.09979996636998716975
7.8275 0.10026075952033229599
7.8325 0.10073644207394887029
7.8375 0.10122695216530290530
7.8425 0.10173228678449634799
7.8475 0.10225254262580946163
7.8525 0.10278793352878873302
7.8575 0.10333880341215558041
7.8625 0.10390566156546889032
7.8675 0.10448909302768008556
7.8725 0.10508981940870583405
7.8775 0.10570864237233526528
7.8825 0.10634639033210474546
7.8875 0.10700392474397324438
7.8925 0.10768213557483641285
7.8975 0.10838185985618842277
7.9025 0.10910392292887030607
7.9075 0.10984910427030215863
7.9125 0.11061814546299589268
7.9175 0.11141176210056027984
7.9225 0.11223065433081698405
7.9275 0.11307549482527973206
7.9325 0.11394697098905572086
7.9375 0.11484575977513335199
7.9425 0.11577259342589286961
7.9475 0.11672818866759590573
7.9525 0.11771332632917347327
7.9575 0.11872882688421498854
7.9625 0.11977552893913555321
7.9675 0.12085437063764516152
7.9725 0.12196631447571230911
7.9775 0.12311240008490734188
7.9825 0.12429373874483092000
7.9875 0.12551152084804226283
7.9925 0.12676706455915917604
7.9975 0.12806174228144809324
8.0025 0.12939708750935030590
8.0075 0.13077472887377658561
8.0125 0.13219643323794841305
8.0175 0.13366412269409375102
8.0225 0.13517982103911377334
8.0275 0.13674568351464569393
8.0325 0.13836397163182331815
8.0375 0.14003702144202720414
8.0425 0.14176725997908906640
8.0475 0.14355718397272526632
8.0525 0.14540934868379948308
8.0575 0.14732636424620892956
8.0625 0.14931095334488134196
8.0675 0.15136583699700412176
8.0725 0.15349385144581206841
8.0775 0.15569786837861132600
8.0825 0.15798084327965500329
8.0875 0.16034585950315569103
8.0925 0.16279605196685639767
8.0975 0.16533468851685051426
8.1025 0.16796514738846177184
8.1075 0.17069092933561652581
8.1125 0.17351564681872191920
8.1175 0.17644310091866774459
8.1225 0.17947725312605367076
8.1275 0.18262217831281790659
8.1325 0.18588216711892624478
8.1375 0.18926162676702068532
8.1425 0.19276509929978538627
8.1475 0.19639723164887928908
8.1525 0.20016275618919440737
8.1575 0.20406644014114491692
8.1625 0.20811305297044019325
8.1675 0.21230736997478538708
8.1725 0.21665404871349944194
8.1775 0.22115769796124684632
8.1825 0.22582275405410207059
8.1875 0.23065348374749056193
8.1925 0.23565395824655996360
8.1975 0.24082804157098661180
8.2025 0.24617932021278071675
8.2075 0.25171103808411049441
8.2125 0.25742617177360083147
8.2175 0.26332722452817075576
8.2225 0.26941624082601473011
8.2275 0.27569473274904238158
8.2325 0.28216353710408365041
8.2375 0.28882285490327913591
8.2425 0.29567200074619354178
8.2475 0.30270936171615370203
8.2525 0.30993219198203486586
8.2575 0.31733639902015758905
8.2625 0.32491635528515633302
8.2675 0.33266456081963596825
8.2725 0.34057125450359032603
8.2775 0.34862418404061518151
8.2825 0.35680809147198094822
8.2875 0.36510426464153949988
8.2925 0.37349010752988426320
8.2975 0.38193865144199268258
8.3025 0.39041801314157037472
8.3075 0.39889094183700779528
8.3125 0.40731436176425217521
8.3175 0.41563892389734863331
8.3225 0.42380852796105850100
8.3275 0.43176005334902894939
8.3325 0.43942292077964040242
8.3375 0.44671891115813899820
8.3425 0.45356199681639780552
8.3475 0.45985837373917792803
8.3525 0.46550661691183331525
8.3575 0.47039793620531389351
8.3625 0.47441682870527368543
8.3675 0.47744194404005269039
8.3725 0.47934708548525917227
8.3775 0.48000301168965647802
8.3825 0.47927937783201363109
8.3875 0.47704738788198175481
8.3925 0.47318288334434938092
8.3975 0.46757024959360893313
8.4025 0.46010669616064975296
8.4075 0.45070732726769041632
8.4125 0.43931061468719889707
8.4175 0.42588423282183918150
8.4225 0.41043122543319215945
8.4275 0.39299579301773629458
8.4325 0.37366847328083169222
8.4375 0.35258999351053932347
8.4425 0.32995326629016225040
8.4475 0.30600292004686530101
8.4525 0.28103215376487111765
8.4575 0.25537703957764668061
8.4625 0.22940830560668784566
8.4675 0.20352124764808871005
8.4725 0.17812332002334699266
8.4775 0.15361949081951015161
8.4825 0.13039497361952681609
8.4875 0.10879557743464518538
8.4925 0.08910735234931219106
8.4975 0.07153866470514988474
8.5025 0.05620862291576488728
8.5075 0.04314447328974871376
8.5125 0.03228753897834657494
8.5175 0.02350507220249480750
8.5225 0.01660520177050055224
8.5275 0.01135371872600351301
8.5325 0.00749229660658029713
8.5375 0.00475722667884516826
8.5425 0.00289687320491208850
8.5475 0.00168577160735782546
8.5525 0.00093387206184707540
8.5575 0.00049042986818288508
8.5625 0.00024304729206020602
8.5675 0.00011310453628173062
8.5725 0.00004915950721902678
8.5775 0.00001983949755232697
8.5825 0.00000738725168905841
8.5875 0.00000252030434805103
8.5925 0.00000000000000000000
8.5975 0.00000000000000000000
8.6025 0.00000000000000000000
8.6075 0.00000000000000000000
8.6125 0.00000000000000000000
8.6175 0.00000000000000000000
8.6225 0.00000000000000000000
8.6275 0.00000000000000000000
8.6325 0.00000000000000000000
8.6375 0.00000000000000000000
8.6425 0.00000000000000000000
8.6475 0.00000000000000000000
8.6525 0.00000000000000000000
8.6575 0.00000000000000000000
8.6625 0.00000000000000000000
8.6675 0.00000000000000000000
8.6725 0.00000000000000000000
8.6775 0.00000000000000000000
8.6825 0.00000000000000000000
8.6875 0.00000000000000000000
8.6925 0.00000000000000000000
8.6975 0.00000000000000000000
8.7025 0.00000000000000000000
8.7075 0.00000000000000000000
8.7125 0.00000000000000000000
8.7175 0.00000000000000000000
8.7225 0.00000000000000000000
8.7275 0.00000000000000000000
8.7325 0.00000000000000000000
8.7375 0.00000000000000000000
8.7425 0.00000000000000000000
8.7475 0.00000000000000000000
8.7525 0.00000000000000000000
8.7575 0.00000000000000000000
8.7625 0.00000000000000000000
8.7675 0.00000000000000000000
8.7725 0.00000000000000000000
8.7775 0.00000000000000000000
8.7825 0.00000000000000000000
8.7875 0.00000000000000000000
8.7925 0.00000000000000000000
8.7975 0.00000000000000000000
8.8025 0.00000000000000000000
8.8075 0.00000000000000000000
8.8125 0.00000000000000000000
8.8175 0.00000000000000000000
8.8225 0.00000000000000000000
8.8275 0.00000000000000000000
8.8325 0.00000000000000000000
8.8375 0.00000000000000000000
8.8425 0.00000000000000000000
8.8475 0.00000000000000000000
8.8525 0.00000000000000000000
8.8575 0.00000000000000000000
8.8625 0.00000000000000000000
8.8675 0.00000000000000000000
8.8725 0.00000000000000000000
8.8775 0.00000000000000000000
8.8825 0.00000000000000000000
8.8875 0.00000000000000000000
8.8925 0.00000000000000000000
8.8975 0.00000000000000000000
8.9025 0.00000000000000000000
8.9075 0.00000000000000000000
8.9125 0.00000000000000000000
8.9175 0.00000000000000000000
8.9225 0.00000000000000000000
8.9275 0.00000000000000000000
8.9325 0.00000000000000000000
8.9375 0.00000000000000000000
8.9425 0.00000000000000000000
8.9475 0.00000000000000000000
8.9525 0.00000000000000000000
8.9575 0.00000000000000000000
8.9625 0.00000000000000000000
8.9675 0.00000000000000000000
8.9725 0.00000000000000000000
8.9775 0.00000000000000000000
8.9825 0.00000000000000000000
8.9875 0.00000000000000000000
8.9925 0.00000000000000000000
8.9975 0.00000000000000000000
9.0025 0.00000000000000000000
9.0075 0.00000000000000000000
9.0125 0.00000000000000000000
9.0175 0.00000000000000000000
9.0225 0.00000000000000000000
9.0275 0.00000000000000000000
9.0325 0.00000000000000000000
9.0375 0.00000000000000000000
9.0425 0.00000000000000000000
9.0475 0.00000000000000000000
9.0525 0.00000000000000000000
9.0575 0.00000000000000000000
9.0625 0.00000000000000000000
9.0675 0.00000000000000000000
9.0725 0.00000000000000000000
9.0775 0.00000000000000000000
9.0825 0.00000000000000000000
9.0875 0.00000000000000000000
9.0925 0.00000000000000000000
9.0975 0.00000000000000000000
9.1025 0.00000000000000000000
9.1075 0.00000000000000000000
9.1125 0.00000000000000000000
9.1175 0.00000000000000000000
9.1225 0.00000000000000000000
9.1275 0.00000000000000000000
9.1325 0.00000000000000000000
9.1375 0.00000000000000000000
9.1425 0.00000000000000000000
9.1475 0.00000000000000000000
9.1525 0.00000000000000000000
9.1575 0.00000000000000000000
9.1625 0.00000000000000000000
9.1675 0.00000000000000000000
9.1725 0.00000000000000000000
9.1775 0.00000000000000000000
9.1825 0.00000000000000000000
9.1875 0.00000000000000000000
9.1925 0.00000000000000000000
9.1975 0.00000000000000000000
9.2025 0.00000000000000000000
9.2075 0.00000000000000000000
9.2125 0.00000000000000000000
9.2175 0.00000000000000000000
9.2225 0.00000000000000000000
9.2275 0.00000000000000000000
9.2325 0.00000000000000000000
9.2375 0.00000000000000000000
9.2425 0.00000000000000000000
9.2475 0.00000000000000000000
9.2525 0.00000000000000000000
9.2575 0.00000000000000000000
9.2625 0.00000000000000000000
9.2675 0.00000000000000000000
9.2725 0.00000000000000000000
9.2775 0.00000000000000000000
9.2825 0.00000000000000000000
9.2875 0.00000000000000000000
9.2925 0.00000000000000000000
9.2975 0.00000000000000000000
9.3025 0.00000000000000000000
9.3075 0.00000000000000000000
9.3125 0.00000000000000000000
9.3175 0.00000000000000000000
9.3225 0.00000000000000000000
9.3275 0.00000000000000000000
9.3325 0.00000000000000000000
9.3375 0.00000000000000000000
9.3425 0.00000000000000000000
9.3475 0.00000000000000000000
9.3525 0.00000000000000000000
9.3575 0.00000000000000000000
9.3625 0.00000000000000000000
9.3675 0.00000000000000000000
9.3725 0.00000000000000000000
9.3775 0.00000000000000000000
9.3825 0.00000000000000000000
9.3875 0.00000000000000000000
9.3925 0.00000000000000000000
9.3975 0.00000000000000000000
9.4025 0.00000000000000000000
9.4075 0.00000000000000000000
9.4125 0.00000000000000000000
9.4175 0.00000000000000000000
9.4225 0.00000000000000000000
9.4275 0.00000000000000000000
9.4325 0.00000000000000000000
9.4375 0.00000000000000000000
9.4425 0.00000000000000000000
9.4475 0.00000000000000000000
9.4525 0.00000000000000000000
9.4575 0.00000000000000000000
9.4625 0.00000000000000000000
9.4675 0.00000000000000000000
9.4725 0.00000000000000000000
9.4775 0.00000000000000000000
9.4825 0.00000000000000000000
9.4875 0.00000000000000000000
9.4925 0.00000000000000000000
9.4975 0.00000000000000000000
9.5025 0.00000000000000000000
9.5075 0.00000000000000000000
9.5125 0.00000000000000000000
9.5175 0.00000000000000000000
9.5225 0.00000000000000000000
9.5275 0.00000000000000000000
9.5325 0.00000000000000000000
9.5375 0.00000000000000000000
9.5425 0.00000000000000000000
9.5475 0.00000000000000000000
9.5525 0.00000000000000000000
9.5575 0.00000000000000000000
9.5625 0.00000000000000000000
9.5675 0.00000000000000000000
9.5725 0.00000000000000000000
9.5775 0.00000000000000000000
9.5825 0.00000000000000000000
9.5875 0.00000000000000000000
9.5925 0.00000000000000000000
9.5975 0.00000000000000000000
9.6025 0.00000000000000000000
9.6075 0.00000000000000000000
9.6125 0.00000000000000000000
9.6175 0.00000000000000000000
9.6225 0.00000000000000000000
9.6275 0.00000000000000000000
9.6325 0.00000000000000000000
9.6375 0.00000000000000000000
9.6425 0.00000000000000000000
9.6475 0.00000000000000000000
9.6525 0.00000000000000000000
9.6575 0.00000000000000000000
9.6625 0.00000000000000000000
9.6675 0.00000000000000000000
9.6725 0.00000000000000000000
9.6775 0.00000000000000000000
9.6825 0.00000000000000000000
9.6875 0.00000000000000000000
9.6925 0.00000000000000000000
9.6975 0.00000000000000000000
9.7025 0.00000000000000000000
9.7075 0.00000000000000000000
9.7125 0.00000000000000000000
9.7175 0.00000000000000000000
9.7225 0.00000000000000000000
9.7275 0.00000000000000000000
9.7325 0.00000000000000000000
9.7375 0.00000000000000000000
9.7425 0.00000000000000000000
9.7475 0.00000000000000000000
9.7525 0.00000000000000000000
9.7575 0.00000000000000000000
9.7625 0.00000000000000000000
9.7675 0.00000000000000000000
9.7725 0.00000000000000000000
9.7775 0.00000000000000000000
9.7825 0.00000000000000000000
9.7875 0.00000000000000000000
9.7925 0.00000000000000000000
9.7975 0.00000000000000000000
9.8025 0.00000000000000000000
9.8075 0.00000000000000000000
9.8125 0.00000000000000000000
9.8175 0.00000000000000000000
9.8225 0.00000000000000000000
9.8275 0.00000000000000000000
9.8325 0.00000000000000000000
9.8375 0.00000000000000000000
9.8425 0.00000000000000000000
9.8475 0.00000000000000000000
9.8525 0.00000000000000000000
9.8575 0.00000000000000000000
9.8625 0.00000000000000000000
9.8675 0.00000000000000000000
9.8725 0.00000000000000000000
9.8775 0.00000000000000000000
9.8825 0.00000000000000000000
9.8875 0.00000000000000000000
9.8925 0.00000000000000000000
9.8975 0.00000000000000000000
9.9025 0.00000000000000000000
9.9075 0.00000000000000000000
9.9125 0.00000000000000000000
9.9175 0.00000000000000000000
9.9225 0.00000000000000000000
9.9275 0.00000000000000000000
9.9325 0.00000000000000000000
9.9375 0.00000000000000000000
9.9425 0.00000000000000000000
9.9475 0.00000000000000000000
9.9525 0.00000000000000000000
9.9575 0.00000000000000000000
9.9625 0.00000000000000000000
9.9675 0.00000000000000000000
9.9725 0.00000000000000000000
9.9775 0.00000000000000000000
9.9825 0.00000000000000000000
9.9875 0.00000000000000000000
9.9925 0.00000000000000000000
9.9975 0.00000000000000000000
