xbins rho
0.0025 0.00000000000000000000
0.0075 0.00000000000000000000
0.0125 0.00000000000000000000
0.0175 0.00000000000000000000
0.0225 0.00000000000000000000
0.0275 0.00000000000000000000
0.0325 0.00000000000000000000
0.0375 0.00000000000000000000
0.0425 0.00000000000000000000
0.0475 0.00000000000000000000
0.0525 0.00000000000000000000
0.0575 0.00000000000000000000
0.0625 0.00000000000000000000
0.0675 0.00000000000000000000
0.0725 0.00000000000000000000
0.0775 0.00000000000000000000
0.0825 0.00000000000000000000
0.0875 0.00000000000000000000
0.0925 0.00000000000000000000
0.0975 0.00000000000000000000
0.1025 0.00000000000000000000
0.1075 0.00000000000000000000
0.1125 0.00000000000000000000
0.1175 0.00000000000000000000
0.1225 0.00000000000000000000
0.1275 0.00000000000000000000
0.1325 0.00000000000000000000
0.1375 0.00000000000000000000
0.1425 0.00000000000000000000
0.1475 0.00000000000000000000
0.1525 0.00000000000000000000
0.1575 0.00000000000000000000
0.1625 0.00000000000000000000
0.1675 0.00000000000000000000
0.1725 0.00000000000000000000
0.1775 0.00000000000000000000
0.1825 0.00000000000000000000
0.1875 0.00000000000000000000
0.1925 0.00000000000000000000
0.1975 0.00000000000000000000
0.2025 0.00000000000000000000
0.2075 0.00000000000000000000
0.2125 0.00000000000000000000
0.2175 0.00000000000000000000
0.2225 0.00000000000000000000
0.2275 0.00000000000000000000
0.2325 0.00000000000000000000
0.2375 0.00000000000000000000
0.2425 0.00000000000000000000
0.2475 0.00000000000000000000
0.2525 0.00000000000000000000
0.2575 0.00000000000000000000
0.2625 0.00000000000000000000
0.2675 0.00000000000000000000
0.2725 0.00000000000000000000
0.2775 0.00000000000000000000
0.2825 0.00000000000000000000
0.2875 0.00000000000000000000
0.2925 0.00000000000000000000
0.2975 0.00000000000000000000
0.3025 0.00000000000000000000
0.3075 0.00000000000000000000
0.3125 0.00000000000000000000
0.3175 0.00000000000000000000
0.3225 0.00000000000000000000
0.3275 0.00000000000000000000
0.3325 0.00000000000000000000
0.3375 0.00000000000000000000
0.3425 0.00000000000000000000
0.3475 0.00000000000000000000
0.3525 0.00000000000000000000
0.3575 0.00000000000000000000
0.3625 0.00000000000000000000
0.3675 0.00000000000000000000
0.3725 0.00000000000000000000
0.3775 0.00000000000000000000
0.3825 0.00000000000000000000
0.3875 0.00000000000000000000
0.3925 0.00000000000000000000
0.3975 0.00000000000000000000
0.4025 0.00000000000000000000
0.4075 0.00000000000000000000
0.4125 0.00000000000000000000
0.4175 0.00000000000000000000
0.4225 0.00000000000000000000
0.4275 0.00000000000000000000
0.4325 0.00000000000000000000
0.4375 0.00000000000000000000
0.4425 0.00000000000000000000
0.4475 0.00000000000000000000
0.4525 0.00000000000000000000
0.4575 0.00000000000000000000
0.4625 0.00000000000000000000
0.4675 0.00000000000000000000
0.4725 0.00000000000000000000
0.4775 0.00000000000000000000
0.4825 0.00000000000000000000
0.4875 0.00000000000000000000
0.4925 0.00000000000000000000
0.4975 0.00000000000000000000
0.5025 0.00000000000000000000
0.5075 0.00000000000000000000
0.5125 0.00000000000000000000
0.5175 0.00000000000000000000
0.5225 0.00000000000000000000
0.5275 0.00000000000000000000
0.5325 0.00000000000000000000
0.5375 0.00000000000000000000
0.5425 0.00000000000000000000
0.5475 0.00000000000000000000
0.5525 0.00000000000000000000
0.5575 0.00000000000000000000
0.5625 0.00000000000000000000
0.5675 0.00000000000000000000
0.5725 0.00000000000000000000
0.5775 0.00000000000000000000
0.5825 0.00000000000000000000
0.5875 0.00000000000000000000
0.5925 0.00000000000000000000
0.5975 0.00000000000000000000
0.6025 0.00000000000000000000
0.6075 0.00000000000000000000
0.6125 0.00000000000000000000
0.6175 0.00000000000000000000
0.6225 0.00000000000000000000
0.6275 0.00000000000000000000
0.6325 0.00000000000000000000
0.6375 0.00000000000000000000
0.6425 0.00000000000000000000
0.6475 0.00000000000000000000
0.6525 0.00000000000000000000
0.6575 0.00000000000000000000
0.6625 0.00000000000000000000
0.6675 0.00000000000000000000
0.6725 0.00000000000000000000
0.6775 0.00000000000000000000
0.6825 0.00000000000000000000
0.6875 0.00000000000000000000
0.6925 0.00000000000000000000
0.6975 0.00000000000000000000
0.7025 0.00000000000000000000
0.7075 0.00000000000000000000
0.7125 0.00000000000000000000
0.7175 0.00000000000000000000
0.7225 0.00000000000000000000
0.7275 0.00000000000000000000
0.7325 0.00000000000000000000
0.7375 0.00000000000000000000
0.7425 0.00000000000000000000
0.7475 0.00000000000000000000
0.7525 0.00000000000000000000
0.7575 0.00000000000000000000
0.7625 0.00000000000000000000
0.7675 0.00000000000000000000
0.7725 0.00000000000000000000
0.7775 0.00000000000000000000
0.7825 0.00000000000000000000
0.7875 0.00000000000000000000
0.7925 0.00000000000000000000
0.7975 0.00000000000000000000
0.8025 0.00000000000000000000
0.8075 0.00000000000000000000
0.8125 0.00000000000000000000
0.8175 0.00000000000000000000
0.8225 0.00000000000000000000
0.8275 0.00000000000000000000
0.8325 0.00000000000000000000
0.8375 0.00000000000000000000
0.8425 0.00000000000000000000
0.8475 0.00000000000000000000
0.8525 0.00000000000000000000
0.8575 0.00000000000000000000
0.8625 0.00000000000000000000
0.8675 0.00000000000000000000
0.8725 0.00000000000000000000
0.8775 0.00000000000000000000
0.8825 0.00000000000000000000
0.8875 0.00000000000000000000
0.8925 0.00000000000000000000
0.8975 0.00000000000000000000
0.9025 0.00000000000000000000
0.9075 0.00000000000000000000
0.9125 0.00000000000000000000
0.9175 0.00000000000000000000
0.9225 0.00000000000000000000
0.9275 0.00000000000000000000
0.9325 0.00000000000000000000
0.9375 0.00000000000000000000
0.9425 0.00000000000000000000
0.9475 0.00000000000000000000
0.9525 0.00000000000000000000
0.9575 0.00000000000000000000
0.9625 0.00000000000000000000
0.9675 0.00000000000000000000
0.9725 0.00000000000000000000
0.9775 0.00000000000000000000
0.9825 0.00000000000000000000
0.9875 0.00000000000000000000
0.9925 0.00000000000000000000
0.9975 0.00000000000000000000
1.0025 0.00000000000000000000
1.0075 0.00000000000000000000
1.0125 0.00000000000000000000
1.0175 0.00000000000000000000
1.0225 0.00000000000000000000
1.0275 0.00000000000000000000
1.0325 0.00000000000000000000
1.0375 0.00000000000000000000
1.0425 0.00000000000000000000
1.0475 0.00000000000000000000
1.0525 0.00000000000000000000
1.0575 0.00000000000000000000
1.0625 0.00000000000000000000
1.0675 0.00000000000000000000
1.0725 0.00000000000000000000
1.0775 0.00000000000000000000
1.0825 0.00000000000000000000
1.0875 0.00000000000000000000
1.0925 0.00000000000000000000
1.0975 0.00000000000000000000
1.1025 0.00000000000000000000
1.1075 0.00000000000000000000
1.1125 0.00000000000000000000
1.1175 0.00000000000000000000
1.1225 0.00000000000000000000
1.1275 0.00000000000000000000
1.1325 0.00000000000000000000
1.1375 0.00000000000000000000
1.1425 0.00000000000000000000
1.1475 0.00000000000000000000
1.1525 0.00000000000000000000
1.1575 0.00000000000000000000
1.1625 0.00000000000000000000
1.1675 0.00000000000000000000
1.1725 0.00000000000000000000
1.1775 0.00000000000000000000
1.1825 0.00000000000000000000
1.1875 0.00000000000000000000
1.1925 0.00000000000000000000
1.1975 0.00000000000000000000
1.2025 0.00000000000000000000
1.2075 0.00000000000000000000
1.2125 0.00000000000000000000
1.2175 0.00000000000000000000
1.2225 0.00000000000000000000
1.2275 0.00000000000000000000
1.2325 0.00000000000000000000
1.2375 0.00000000000000000000
1.2425 0.00000000000000000000
1.2475 0.00000000000000000000
1.2525 0.00000000000000000000
1.2575 0.00000000000000000000
1.2625 0.00000000000000000000
1.2675 0.00000000000000000000
1.2725 0.00000000000000000000
1.2775 0.00000000000000000000
1.2825 0.00000000000000000000
1.2875 0.00000000000000000000
1.2925 0.00000000000000000000
1.2975 0.00000000000000000000
1.3025 0.00000000000000000000
1.3075 0.00000000000000000000
1.3125 0.00000000000000000000
1.3175 0.00000000000000000000
1.3225 0.00000000000000000000
1.3275 0.00000000000000000000
1.3325 0.00000000000000000000
1.3375 0.00000000000000000000
1.3425 0.00000000000000000019
1.3475 0.00000000000000000630
1.3525 0.00000000000000015739
1.3575 0.00000000000000302830
1.3625 0.00000000000004585059
1.3675 0.00000000000055714995
1.3725 0.00000000000553214430
1.3775 0.00000000004563082033
1.3825 0.00000000031740265466
1.3875 0.00000000188774304452
1.3925 0.00000000972176652848
1.3975 0.00000004385798098262
1.4025 0.00000017517248484824
1.4075 0.00000062550021197960
1.4125 0.00000201472062001737
1.4175 0.00000590188163879399
1.4225 0.00001584256092046970
1.4275 0.00003923953053738938
1.4325 0.00009024977971137376
1.4375 0.00019387844760240387
1.4425 0.00039111691275380787
1.4475 0.00074459935731990075
1.4525 0.00134385136524595920
1.4575 0.00230891666222085221
1.4625 0.00379109744373817359
1.4675 0.00596980048003645583
1.4725 0.00904501588296484013
1.4775 0.01322567996604759842
1.4825 0.01871490196595513092
1.4875 0.02569361956063212840
1.4925 0.03430456974479741128
1.4975 0.04463843023725731080
1.5025 0.05672369071776183630
1.5075 0.07052128251741879295
1.5125 0.08592431560690300119
1.5175 0.10276272754163053025
1.5225 0.12081202516155117865
1.5275 0.13980509688800671353
1.5325 0.15944574148520326839
1.5375 0.17942276850442054337
1.5425 0.19942353946139171339
1.5475 0.21914610149787283611
1.5525 0.23830935798027011452
1.5575 0.25666103193610750877
1.5625 0.27398317184336179464
1.5675 0.29009552347945333217
1.5725 0.30485678038033803272
1.5775 0.31816421540330125373
1.5825 0.32995178694974297562
1.5875 0.34018738321913510880
1.5925 0.34886909815849714844
1.5975 0.35602121085457888450
1.6025 0.36169007840558919931
1.6075 0.36593977470934024865
1.6125 0.36884814067898191725
1.6175 0.37050302893696041018
1.6225 0.37099905638399843788
1.6275 0.37043455092506460957
1.6325 0.36890915526992357210
1.6375 0.36652177116204692764
1.6425 0.36336891086479239377
1.6475 0.35954341026280078886
1.6525 0.35513350780334379531
1.6575 0.35022224845700078433
1.6625 0.34488695736808550052
1.6675 0.33919914625437302957
1.6725 0.33322448089744521882
1.6775 0.32702276572513860886
1.6825 0.32064819577756226154
1.6875 0.31414952218972652664
1.6925 0.30757036947262006432
1.6975 0.30094947618980272264
1.7025 0.29432104128863589843
1.7075 0.28771488778378312423
1.7125 0.28115697247467263953
1.7175 0.27466945818563931470
1.7225 0.26827119232428697782
1.7275 0.26197783620505737945
1.7325 0.25580230797837422152
1.7375 0.24975493503047205279
1.7425 0.24384378479826965269
1.7475 0.23807493409749028168
1.7525 0.23245266225050922881
1.7575 0.22697977012770756411
1.7625 0.22165771578666337849
1.7675 0.21648687306335875902
1.7725 0.21146670763034478013
1.7775 0.20659594754009710793
1.7825 0.20187276420838501378
1.7875 0.19729487090505312685
1.7925 0.19285968082757581898
1.7975 0.18856438281968723736
1.8025 0.18440603643046413196
1.8075 0.18038161249374026762
1.8125 0.17648801119431467566
1.8175 0.17272212855093133088
1.8225 0.16908084795785383037
1.8275 0.16556101794469396671
1.8325 0.16215948280301620277
1.8375 0.15887305418569225290
1.8425 0.15569852634910347211
1.8475 0.15263266348360698954
1.8525 0.14967220160279387509
1.8575 0.14681385429004734089
1.8625 0.14405431430706822082
1.8675 0.14139026800550347218
1.8725 0.13881841541431499953
1.8775 0.13633545777715264102
1.8825 0.13393814735124512372
1.8875 0.13162328612280210782
1.8925 0.12938775255416881671
1.8975 0.12722851084668748700
1.9025 0.12514265104786054250
1.9075 0.12312739193894275957
1.9125 0.12118008569296244425
1.9175 0.11929825278717111348
1.9225 0.11747955145033929514
1.9275 0.11572178912932047645
1.9325 0.11402291268007878899
1.9375 0.11238098511474112207
1.9425 0.11079416589527556203
1.9475 0.10926068178161281452
1.9525 0.10777883001696220155
1.9575 0.10634692502306940243
1.9625 0.10496331312770829092
1.9675 0.10362633723604286473
1.9725 0.10233435120731414203
1.9775 0.10108569673520929888
1.9825 0.09987872913719858525
1.9875 0.09871180537076788830
1.9925 0.09758329596633984193
1.9975 0.09649158307735124229
2.0025 0.09543510315644244957
2.0075 0.09441230276771299390
2.0125 0.09342169999571935113
2.0175 0.09246185025218370268
2.0225 0.09153139399392812292
2.0275 0.09062903255461900176
2.0325 0.08975353699311088007
2.0375 0.08890376699587282383
2.0425 0.08807866978368944499
2.0475 0.08727724882212480051
2.0525 0.08649861631409123952
2.0575 0.08574193812208229237
2.0625 0.08500646285305533956
2.0675 0.08429149823829808208
2.0725 0.08359641153380960310
2.0775 0.08292062481679751684
2.0825 0.08226360660915847667
2.0875 0.08162485901455053539
2.0925 0.08100393318141234367
2.0975 0.08040039920689701081
2.1025 0.07981386252651020974
2.1075 0.07924395287647179043
2.1125 0.07869032859014385428
2.1175 0.07815265906165499987
2.1225 0.07763062201207213131
2.1275 0.07712392779190416214
2.1325 0.07663226723140770247
2.1375 0.07615533859846117248
2.1425 0.07569283209053882799
2.1475 0.07524442794247304667
2.1525 0.07480978522474217296
2.1575 0.07438856228134532733
2.1625 0.07398039024924846219
2.1675 0.07358489954467684058
2.1725 0.07320171569481587204
2.1775 0.07283045810778829288
2.1825 0.07247076226383446229
2.1875 0.07212227396065223894
2.1925 0.07178465175695988854
2.1975 0.07145758672648602761
2.2025 0.07114078228205791832
2.2075 0.07083396235951190667
2.2125 0.07053687605835495811
2.2175 0.07024928013164949414
2.2225 0.06997094735819546496
2.2275 0.06970165826086567595
2.2325 0.06944119160697645454
2.2375 0.06918933376881658548
2.2425 0.06894587539055579972
2.2475 0.06871059985825753169
2.2525 0.06848329956600139601
2.2575 0.06826376776524102630
2.2625 0.06805180334613321336
2.2675 0.06784721090654559361
2.2725 0.06764980463342971928
2.2775 0.06745939712803973587
2.2825 0.06727582017238784018
2.2875 0.06709890090483770775
2.2925 0.06692847893464165532
2.2975 0.06676439103319560531
2.3025 0.06660648401134565411
2.3075 0.06645460810511195915
2.3125 0.06630861922746342230
2.3175 0.06616837507373481142
2.3225 0.06603375064507678582
2.3275 0.06590462465254107172
2.3325 0.06578088880352279955
2.3375 0.06566245296295328271
2.3425 0.06554923522202685260
2.3475 0.06544117048158043515
2.3525 0.06533820313367467991
2.3575 0.06524029083364449311
2.3625 0.06514739095506492939
2.3675 0.06505946890039909780
2.3725 0.06497648296201180562
2.3775 0.06489838525053924501
2.3825 0.06482512319144295709
2.3875 0.06475662704494326849
2.3925 0.06469281156182990489
2.3975 0.06463357500133282141
2.4025 0.06457880239941254930
2.4075 0.06452836480743709413
2.4125 0.06448211017484306584
2.4175 0.06443988941819141225
2.4225 0.06440153214301011508
2.4275 0.06436687363341395129
2.4325 0.06433573906363423967
2.4375 0.06430796475423772307
2.4425 0.06428338875381651996
2.4475 0.06426186275605220988
2.4525 0.06424324754816676530
2.4575 0.06422742250911650519
2.4625 0.06421427673228678745
2.4675 0.06420372004987219550
2.4725 0.06419566905234054544
2.4775 0.06419004946253854815
2.4825 0.06418679247903717744
2.4875 0.06418582662607846823
2.4925 0.06418706931055480347
2.4975 0.06419042455833896821
2.5025 0.06419578048909085899
2.5075 0.06420300344994216146
2.5125 0.06421192768591416078
2.5175 0.06422237033866372291
2.5225 0.06423412006884783587
2.5275 0.06424694414566985146
2.5325 0.06426059088973753997
2.5375 0.06427479495952566346
2.5425 0.06428927836758932535
2.5475 0.06430376304641745311
2.5525 0.06431796786055579696
2.5575 0.06433162660319445558
2.5625 0.06434448189241988303
2.5675 0.06435629280454233103
2.5725 0.06436683221173873648
2.5775 0.06437590949894474168
2.5825 0.06438334246861199262
2.5875 0.06438898174468696278
2.5925 0.06439269765045919913
2.5975 0.06439438295899198306
2.6025 0.06439394788942097436
2.6075 0.06439132273189322742
2.6125 0.06438645607685170025
2.6175 0.06437930686626251731
2.6225 0.06436984542251550367
2.6275 0.06435806164773454074
2.6325 0.06434394887449794431
2.6375 0.06432751376000614418
2.6425 0.06430877327787314079
2.6475 0.06428775100693170930
2.6525 0.06426448043385281361
2.6575 0.06423899537136966431
2.6625 0.06421133693823562194
2.6675 0.06418154657934219132
2.6725 0.06414967210451423540
2.6775 0.06411575248565648533
2.6825 0.06407983969468900032
2.6875 0.06404197648642609431
2.6925 0.06400221621722158860
2.6975 0.06396060745577974993
2.7025 0.06391720460832558959
2.7075 0.06387207102518718815
2.7125 0.06382526352580152051
2.7175 0.06377685338191332876
2.7225 0.06372690385177533223
2.7275 0.06367549142104417248
2.7325 0.06362269155500749340
2.7375 0.06356858535694316636
2.7425 0.06351325832013225703
2.7475 0.06345679613337354419
2.7525 0.06339928547095396993
2.7575 0.06334081026944576864
2.7625 0.06328145088152160869
2.7675 0.06322127675786327894
2.7725 0.06316034954386033629
2.7775 0.06309871748912350420
2.7825 0.06303641380776664471
2.7875 0.06297346279328448759
2.7925 0.06290988190619639653
2.7975 0.06284567621451400687
2.8025 0.06278085198363320130
2.8075 0.06271540887002807763
2.8125 0.06264936077736991960
2.8175 0.06258271245078929346
2.8225 0.06251548038693735543
2.8275 0.06244768240781362750
2.8325 0.06237933936429489179
2.8375 0.06231047050534935239
2.8425 0.06224109514573983315
2.8475 0.06217122742520976575
2.8525 0.06210088319062723877
2.8575 0.06203007274308916519
2.8625 0.06195880489921913592
2.8675 0.06188709378826810770
2.8725 0.06181495378766661830
2.8775 0.06174240485904756298
2.8825 0.06166948158029448429
2.8875 0.06159622073665362019
2.8925 0.06152266542560464596
2.8975 0.06144887917616556616
2.9025 0.06137491852701802697
2.9075 0.06130085219262924878
2.9125 0.06122675277038209379
2.9175 0.06115269223462719422
2.9225 0.06107874648276417906
2.9275 0.06100497967359245349
2.9325 0.06093145728659671301
2.9375 0.06085823690707752726
2.9425 0.06078536138183058407
2.9475 0.06071286717764616536
2.9525 0.06064077497564380331
2.9575 0.06056910066543512439
2.9625 0.06049784389038419252
2.9675 0.06042699997787622651
2.9725 0.06035655619592004278
2.9775 0.06028649886665070345
2.9825 0.06021680973835157741
2.9875 0.06014747196065563933
2.9925 0.06007846854062862119
2.9975 0.06000977954277739862
3.0025 0.05994139238923539004
3.0075 0.05987329368409793906
3.0125 0.05980547358451135387
3.0175 0.05973792563067148453
3.0225 0.05967064922936537313
3.0275 0.05960365339658181549
3.0325 0.05953694825941174829
3.0375 0.05947055920666532297
3.0425 0.05940451562012261794
3.0475 0.05933885337117347780
3.0525 0.05927361823725196127
3.0575 0.05920886425827066868
3.0625 0.05914464433347756123
3.0675 0.05908101702353708157
3.0725 0.05901804608151138554
3.0775 0.05895579010532002451
3.0825 0.05889430541988609213
3.0875 0.05883364847299618616
3.0925 0.05877387557087594000
3.0975 0.05871502585683457259
3.1025 0.05865715316716550720
3.1075 0.05860028766392683802
3.1125 0.05854446808912934508
3.1175 0.05848971914152911733
3.1225 0.05843606413716078557
3.1275 0.05838351978757012894
3.1325 0.05833209705390678818
3.1375 0.05828180604548337251
3.1425 0.05823264807867231663
3.1475 0.05818462671462300284
3.1525 0.05813773881634280716
3.1575 0.05809198392049037818
3.1625 0.05804735467842381258
3.1675 0.05800384244494997954
3.1725 0.05796143415649848002
3.1775 0.05792010567673274574
3.1825 0.05787982505342997158
3.1875 0.05784054905216561709
3.1925 0.05780221890272167762
3.1975 0.05776476544540651986
3.2025 0.05772811328823965887
3.2075 0.05769217537069756124
3.2125 0.05765686227443926615
3.2175 0.05762208985013965445
3.2225 0.05758777432624825193
3.2275 0.05755384530558482759
3.2325 0.05752023822770310074
3.2375 0.05748690041905085701
3.2425 0.05745379112543169686
3.2475 0.05742087628989073905
3.2525 0.05738813340698425275
3.2575 0.05735554136175004952
3.2625 0.05732308218539886729
3.2675 0.05729074686618215728
3.2725 0.05725851939625166420
3.2775 0.05722639468926937756
3.2825 0.05719435964540386941
3.2875 0.05716240675415535516
3.2925 0.05713053037148669439
3.2975 0.05709872394337997537
3.3025 0.05706698376457579325
3.3075 0.05703530446337763682
3.3125 0.05700367694140424935
3.3175 0.05697208970449516019
3.3225 0.05694052990051420154
3.3275 0.05690896946876811829
3.3325 0.05687737885141529171
3.3375 0.05684571759430045307
3.3425 0.05681394366633070458
3.3475 0.05678200324551480049
3.3525 0.05674985084130532154
3.3575 0.05671744647504767256
3.3625 0.05668475599302710832
3.3675 0.05665176394703472229
3.3725 0.05661847349208524310
3.3775 0.05658490430435968166
3.3825 0.05655110180755128224
3.3875 0.05651713512023797542
3.3925 0.05648308468530418430
3.3975 0.05644904637572100564
3.4025 0.05641512628429782433
3.4075 0.05638143887806636168
3.4125 0.05634809485904607868
3.4175 0.05631520785629561682
3.4225 0.05628288292482069854
3.4275 0.05625121573725157254
3.4325 0.05622029406450120698
3.4375 0.05619019197882827582
3.4425 0.05616097251129050644
3.4475 0.05613267451800615232
3.4525 0.05610533291464342431
3.4575 0.05607895914750366667
3.4625 0.05605355524460287064
3.4675 0.05602910858597309057
3.4725 0.05600559427256993766
3.4775 0.05598298177060986175
3.4825 0.05596122674761868504
3.4875 0.05594028901420661920
3.4925 0.05592012221753966256
3.4975 0.05590067955296409291
3.5025 0.05588192303278036871
3.5075 0.05586381361100075521
3.5125 0.05584631982415450696
3.5175 0.05582941443955449778
3.5225 0.05581307283554024640
3.5275 0.05579727428687738383
3.5325 0.05578199642143901599
3.5375 0.05576721182146032046
3.5425 0.05575289467257188436
3.5475 0.05573900218174644011
3.5525 0.05572549083048143614
3.5575 0.05571230605586595386
3.5625 0.05569937943148101089
3.5675 0.05568664075272280328
3.5725 0.05567401418945796404
3.5775 0.05566141963577741353
3.5825 0.05564878302797093140
3.5875 0.05563604116508562986
3.5925 0.05562314170862284884
3.5975 0.05561004892191966781
3.6025 0.05559674148238821778
3.6075 0.05558322805664181465
3.6125 0.05556952333473205025
3.6175 0.05555566157671772143
3.6225 0.05554168689529271480
3.6275 0.05552765520031247709
3.6325 0.05551361894823492182
3.6375 0.05549963459560466883
3.6425 0.05548575073077896547
3.6475 0.05547200968267747279
3.6525 0.05545844223266593875
3.6575 0.05544506505367193666
3.6625 0.05543188468114230993
3.6675 0.05541889270368085402
3.6725 0.05540606819483556017
3.6775 0.05539337824917417441
3.6825 0.05538078381206996970
3.6875 0.05536823896555950059
3.6925 0.05535568922278816251
3.6975 0.05534308941521813574
3.7025 0.05533039213792412259
3.7075 0.05531755268798406455
3.7125 0.05530454802285078575
3.7175 0.05529134945852577643
3.7225 0.05527794866925397899
3.7275 0.05526434385260343279
3.7325 0.05525054814463538355
3.7375 0.05523658189741025015
3.7425 0.05522247786242913403
3.7475 0.05520827904822228627
3.7525 0.05519403859581326760
3.7575 0.05517981383012503238
3.7625 0.05516567022568201473
3.7675 0.05515167843179026586
3.7725 0.05513790269347405848
3.7775 0.05512441117038791721
3.7825 0.05511126179933150543
3.7875 0.05509850426347829427
3.7925 0.05508617861644438812
3.7975 0.05507431265902117123
3.8025 0.05506291933897559249
3.8075 0.05505200580197764509
3.8125 0.05504156390784471775
3.8175 0.05503158300643190559
3.8225 0.05502203752200884174
3.8275 0.05501290442245150569
3.8325 0.05500415646199593306
3.8375 0.05499575709176084820
3.8425 0.05498767763099375594
3.8475 0.05497988310407490170
3.8525 0.05497234025708770677
3.8575 0.05496501863973755203
3.8625 0.05495788675752508873
3.8675 0.05495091444606566705
3.8725 0.05494407408201592430
3.8775 0.05493734310861494996
3.8825 0.05493069055998533318
3.8875 0.05492410170691953281
3.8925 0.05491756114061936700
3.8975 0.05491105681433482849
3.9025 0.05490458433933665533
3.9075 0.05489814892408673846
3.9125 0.05489176258737862857
3.9175 0.05488543348886051887
3.9225 0.05487918205109391934
3.9275 0.05487301997990989139
3.9325 0.05486696340331730787
3.9375 0.05486101705361654673
3.9425 0.05485517979578561493
3.9475 0.05484944208088024520
3.9525 0.05484378608143961747
3.9575 0.05483818738671595444
3.9625 0.05483261533744712007
3.9675 0.05482703566728558409
3.9725 0.05482141270937516964
3.9775 0.05481571351942898102
3.9825 0.05480990928448358640
3.9875 0.05480397971082436731
3.9925 0.05479791207402859993
3.9975 0.05479170738388871448
4.0025 0.05478537358786238209
4.0075 0.05477893104988678513
4.0125 0.05477241273134712124
4.0175 0.05476585367258456072
4.0225 0.05475930017088424112
4.0275 0.05475280157961674721
4.0325 0.05474640316154336106
4.0375 0.05474015122824697765
4.0425 0.05473407932402729603
4.0475 0.05472821972407421881
4.0525 0.05472258353301513029
4.0575 0.05471716849966907353
4.0625 0.05471195703636959340
4.0675 0.05470691582422612664
4.0725 0.05470199191166950914
4.0775 0.05469712641104972073
4.0825 0.05469225725268907906
4.0875 0.05468731596773140913
4.0925 0.05468224127653085326
4.0975 0.05467698933355595592
4.1025 0.05467152185603189191
4.1075 0.05466581672930886232
4.1125 0.05465986841453192996
4.1175 0.05465368587021032093
4.1225 0.05464728670673311278
4.1275 0.05464069666281789334
4.1325 0.05463395023669954942
4.1375 0.05462708269963510027
4.1425 0.05462012494831568893
4.1475 0.05461311515792564852
4.1525 0.05460608632845409538
4.1575 0.05459907447783188261
4.1625 0.05459211281056882553
4.1675 0.05458523372743120938
4.1725 0.05457847588516603898
4.1775 0.05457187707323879478
4.1825 0.05456547888534682422
4.1875 0.05455931854869366937
4.1925 0.05455343639875544215
4.1975 0.05454786546888602122
4.2025 0.05454263243003991402
4.2075 0.05453775097578918152
4.2125 0.05453322577625962370
4.2175 0.05452904837526238724
4.2225 0.05452519289453645890
4.2275 0.05452162138237783007
4.2325 0.05451828464416277886
4.2375 0.05451512534024227641
4.2425 0.05451207759992275637
4.2475 0.05450907836364009967
4.2525 0.05450606611164380416
4.2575 0.05450298071095379532
4.2625 0.05449977702011105790
4.2675 0.05449641463460011548
4.2725 0.05449287315809094034
4.2775 0.05448914460490763417
4.2825 0.05448523501513626022
4.2875 0.05448116345357716106
4.2925 0.05447696522938238334
4.2975 0.05447267908048440688
4.3025 0.05446834696279842514
4.3075 0.05446401148115395663
4.3125 0.05445970610544274837
4.3175 0.05445545903059641896
4.3225 0.05445128034052208743
4.3275 0.05444717098537503464
4.3325 0.05444311277937680105
4.3375 0.05443908677145292002
4.3425 0.05443505472372436871
4.3475 0.05443098795272204721
4.3525 0.05442685482534403291
4.3575 0.05442263436107645097
4.3625 0.05441831670198679638
4.3675 0.05441391104212981583
4.3725 0.05440944702814671380
4.3775 0.05440496867092169120
4.3825 0.05440054586952432214
4.3875 0.05439625884800968619
4.3925 0.05439220655000263221
4.3975 0.05438849739803955363
4.4025 0.05438524837878164209
4.4075 0.05438258051560618950
4.4125 0.05438061029301647503
4.4175 0.05437946097191369288
4.4225 0.05437923887954595331
4.4275 0.05438003770774728352
4.4325 0.05438193444442050717
4.4375 0.05438497554914213661
4.4425 0.05438917604397584815
4.4475 0.05439450767879658311
4.4525 0.05440089904424674078
4.4575 0.05440823055052921436
4.4625 0.05441633457705395693
4.4675 0.05442500802126135767
4.4725 0.05443400989594716910
4.4775 0.05444307967781742558
4.4825 0.05445194467703035057
4.4875 0.05446034945284056877
4.4925 0.05446804508349191443
4.4975 0.05447482502713651975
4.5025 0.05448051494069373890
4.5075 0.05448500390722166298
4.5125 0.05448821469870272077
4.5175 0.05449012070046452272
4.5225 0.05449075527623446075
4.5275 0.05449017574607956105
4.5325 0.05448848023646379185
4.5375 0.05448578782493173484
4.5425 0.05448222403299133459
4.5475 0.05447793857887030244
4.5525 0.05447306966261968031
4.5575 0.05446775476692272688
4.5625 0.05446212470245354043
4.5675 0.05445628878952669949
4.5725 0.05445035360287283493
4.5775 0.05444440365088785289
4.5825 0.05443851221068968238
4.5875 0.05443273304189866907
4.5925 0.05442711540754240768
4.5975 0.05442169138294483677
4.6025 0.05441648570656435618
4.6075 0.05441150757864554599
4.6125 0.05440676743446475061
4.6175 0.05440226842958607173
4.6225 0.05439800714452291963
4.6275 0.05439397966316814048
4.6325 0.05439017798732082715
4.6375 0.05438658745788445270
4.6425 0.05438320299324824608
4.6475 0.05438000643710116933
4.6525 0.05437699477520172714
4.6575 0.05437415465113056706
4.6625 0.05437147256039848858
4.6675 0.05436893716960421868
4.6725 0.05436653467161571551
4.6775 0.05436426209818447791
4.6825 0.05436210711475013280
4.6875 0.05436005335190934040
4.6925 0.05435810045013902969
4.6975 0.05435623717044030245
4.7025 0.05435445399573320818
4.7075 0.05435274777954323538
4.7125 0.05435110867963225539
4.7175 0.05434953133334210346
4.7225 0.05434801313445030563
4.7275 0.05434654677516664173
4.7325 0.05434513373337970799
4.7375 0.05434376289509525865
4.7425 0.05434243860386386848
4.7475 0.05434115569484772312
4.7525 0.05433990999546627065
4.7575 0.05433870497163477420
4.7625 0.05433753699211076732
4.7675 0.05433640309920692579
4.7725 0.05433530316720249637
4.7775 0.05433423975165166397
4.7825 0.05433320931809649396
4.7875 0.05433220980789248838
4.7925 0.05433124502928196597
4.7975 0.05433030773734315311
4.8025 0.05432940259446226994
4.8075 0.05432852650789622706
4.8125 0.05432768103691062306
4.8175 0.05432686160552747945
4.8225 0.05432606988229989053
4.8275 0.05432530468449130179
4.8325 0.05432456753003754579
4.8375 0.05432385494561248890
4.8425 0.05432316734386750251
4.8475 0.05432250579549432329
4.8525 0.05432186813394745961
4.8575 0.05432125645536736713
4.8625 0.05432066903629001464
4.8675 0.05432010596748585579
4.8725 0.05431956839617562566
4.8775 0.05431905654714994092
4.8825 0.05431856620524181528
4.8875 0.05431810204061283259
4.8925 0.05431766357317346916
4.8975 0.05431725040635404511
4.9025 0.05431686066730678081
4.9075 0.05431649686034484281
4.9125 0.05431615668654035667
4.9175 0.05431584205166825607
4.9225 0.05431555042565428676
4.9275 0.05431528451062300755
4.9325 0.05431504146695001478
4.9375 0.05431482160424608990
4.9425 0.05431462341773091174
4.9475 0.05431444801299416952
4.9525 0.05431429454703617932
4.9575 0.05431416168220224577
4.9625 0.05431404883869922484
4.9675 0.05431395732249889863
4.9725 0.05431388436923510754
4.9775 0.05431383010447672632
4.9825 0.05431379502178910329
4.9875 0.05431377891961958887
4.9925 0.05431378102487276899
4.9975 0.05431380181139004726
5.0025 0.05431384217073839671
5.0075 0.05431389968691541226
5.0125 0.05431397579066985642
5.0175 0.05431407150371392323
5.0225 0.05431418649857799180
5.0275 0.05431432076939744780
5.0325 0.05431447572309894972
5.0375 0.05431465195371736748
5.0425 0.05431484769335604562
5.0475 0.05431506260826771126
5.0525 0.05431530114451921937
5.0575 0.05431556078521741077
5.0625 0.05431584337076011265
5.0675 0.05431614719705965544
5.0725 0.05431647482317110420
5.0775 0.05431682643118690423
5.0825 0.05431720104202118760
5.0875 0.05431760015869718100
5.0925 0.05431802255323732453
5.0975 0.05431847067236064697
5.1025 0.05431894436013619265
5.1075 0.05431944313382468248
5.1125 0.05431996769572573769
5.1175 0.05432051658331384092
5.1225 0.05432109451247377208
5.1275 0.05432169617349072444
5.1325 0.05432232390196312100
5.1375 0.05432297958671726545
5.1425 0.05432366036542792681
5.1475 0.05432436849110296173
5.1525 0.05432510287207298338
5.1575 0.05432586350568413547
5.1625 0.05432665115277354739
5.1675 0.05432746724878086131
5.1725 0.05432830899066609653
5.1775 0.05432918000446683437
5.1825 0.05433007934989852322
5.1875 0.05433100962966668640
5.1925 0.05433196656266436192
5.1975 0.05433295609643733898
5.2025 0.05433397604944243536
5.2075 0.05433503099247603135
5.2125 0.05433611778009973109
5.2175 0.05433724140885187043
5.2225 0.05433840332647054544
5.2275 0.05433960121276087962
5.2325 0.05434083887685785264
5.2375 0.05434212160403088798
5.2425 0.05434344358085228810
5.2475 0.05434481500349584715
5.2525 0.05434623249731808381
5.2575 0.05434769864561275754
5.2625 0.05434922008688290729
5.2675 0.05435079809905112025
5.2725 0.05435243560716289390
5.2775 0.05435413263535975037
5.2825 0.05435590195335511521
5.2875 0.05435774197312184808
5.2925 0.05435966093558203954
5.2975 0.05436166011584393082
5.3025 0.05436375365373306845
5.3075 0.05436594314305130682
5.3125 0.05436823833145192075
5.3175 0.05437065096131470099
5.3225 0.05437318741054703031
5.3275 0.05437585679898730706
5.3325 0.05437867725441646038
5.3375 0.05438166097928968240
5.3425 0.05438481471849584276
5.3475 0.05438815766681842634
5.3525 0.05439170277284170046
5.3575 0.05439546494105416269
5.3625 0.05439946572858873203
5.3675 0.05440371024975967917
5.3725 0.05440821921455411131
5.3775 0.05441299942318385263
5.3825 0.05441806926792093491
5.3875 0.05442343545620747375
5.3925 0.05442910144250534543
5.3975 0.05443506919225074570
5.4025 0.05444132959666068278
5.4075 0.05444787037407132491
5.4125 0.05445466519089980917
5.4175 0.05446168102372642844
5.4225 0.05446886986169661299
5.4275 0.05447616906225680178
5.4325 0.05448349689996301315
5.4375 0.05449076549692136173
5.4425 0.05449786106925782331
5.4475 0.05450466072090495023
5.4525 0.05451103520252675860
5.4575 0.05451683799950128584
5.4625 0.05452192688906540990
5.4675 0.05452615968315639716
5.4725 0.05452941745639280913
5.4775 0.05453158841802083906
5.4825 0.05453259440323451196
5.4875 0.05453238641858954017
5.4925 0.05453096241763781549
5.4975 0.05452836047451690288
5.5025 0.05452466977268753678
5.5075 0.05452002662860352261
5.5125 0.05451460523004380415
5.5175 0.05450861570028740083
5.5225 0.05450229592031188841
5.5275 0.05449588696065376520
5.5325 0.05448962626527929093
5.5375 0.05448373273338569245
5.5425 0.05447839721089946241
5.5475 0.05447376827825238521
5.5525 0.05446994484486037541
5.5575 0.05446697608084118125
5.5625 0.05446485926283906737
5.5675 0.05446355165333739701
5.5725 0.05446297274073805261
5.5775 0.05446301726869381965
5.5825 0.05446355637788104220
5.5875 0.05446445961903682159
5.5925 0.05446559515125672796
5.5975 0.05446683521772742453
5.6025 0.05446807182268665476
5.6075 0.05446920761846487519
5.6125 0.05447017403658742374
5.6175 0.05447091966780568534
5.6225 0.05447141792445582553
5.6275 0.05447165938217522763
5.6325 0.05447165525034623756
5.6375 0.05447143147275029795
5.6425 0.05447102681963147952
5.6475 0.05447048912172312157
5.6525 0.05446987721167886876
5.6575 0.05446924830681752761
5.6625 0.05446867037744897860
5.6675 0.05446820461967728788
5.6725 0.05446791615894160804
5.6775 0.05446786869295636851
5.6825 0.05446812379948952343
5.6875 0.05446873987907144971
5.6925 0.05446977340527898309
5.6975 0.05447127809046706931
5.7025 0.05447329916354858720
5.7075 0.05447587817466850030
5.7125 0.05447904515043244106
5.7175 0.05448282463933003250
5.7225 0.05448722756869869843
5.7275 0.05449225933180999737
5.7325 0.05449791040180111679
5.7375 0.05450416211093452035
5.7425 0.05451098496709644303
5.7475 0.05451834137410327408
5.7525 0.05452618321794028278
5.7575 0.05453446187792557881
5.7625 0.05454311970996957026
5.7675 0.05455209899884509717
5.7725 0.05456133693498037979
5.7775 0.05457077380587242038
5.7825 0.05458034676941998092
5.7875 0.05458999223212422647
5.7925 0.05459965086110565163
5.7975 0.05460925890819037093
5.8025 0.05461875815782352150
5.8075 0.05462808762774764432
5.8125 0.05463719306157620997
5.8175 0.05464602243580736485
5.8225 0.05465452803979038710
5.8275 0.05466266875020612398
5.8325 0.05467041523205951048
5.8375 0.05467774027086712285
5.8425 0.05468463074806956953
5.8475 0.05469107548733728036
5.8525 0.05469707375785438919
5.8575 0.05470262196356014822
5.8625 0.05470772984923470694
5.8675 0.05471239860819997886
5.8725 0.05471663576258060935
5.8775 0.05472044994086758263
5.8825 0.05472384824504217260
5.8875 0.05472684521978927324
5.8925 0.05472945849217231151
5.8975 0.05473171628827556978
5.9025 0.05473365299038422671
5.9075 0.05473531843746209241
5.9125 0.05473677012049793511
5.9175 0.05473807924515240730
5.9225 0.05473932439515667020
5.9275 0.05474058714185710967
5.9325 0.05474195240839332954
5.9375 0.05474350155788679922
5.9425 0.05474530583776579529
5.9475 0.05474743038390136179
5.9525 0.05474991954071227462
5.9575 0.05475280918726860291
5.9625 0.05475611606148821781
5.9675 0.05475984360278495638
5.9725 0.05476397885021336287
5.9775 0.05476850214103298753
5.9825 0.05477338308415410223
5.9875 0.05477859001481207718
5.9925 0.05478408071353981640
5.9975 0.05478980852934105250
6.0025 0.05479574102765130683
6.0075 0.05480183083156540957
6.0125 0.05480804351081107473
6.0175 0.05481434352584135111
6.0225 0.05482070238546529750
6.0275 0.05482709502560337289
6.0325 0.05483350830205535598
6.0375 0.05483992897541287159
6.0425 0.05484635748493829621
6.0475 0.05485279352231681865
6.0525 0.05485924235870794086
6.0575 0.05486571081817440132
6.0625 0.05487219886079065800
6.0675 0.05487870797136116391
6.0725 0.05488522922941526522
6.0775 0.05489176197974071636
6.0825 0.05489829924571674319
6.0875 0.05490484313296282309
6.0925 0.05491140318879592086
6.0975 0.05491800052419475164
6.1025 0.05492465934005361788
6.1075 0.05493141895594781665
6.1125 0.05493831939918852880
6.1175 0.05494541214887087993
6.1225 0.05495274337336431003
6.1275 0.05496036395354205600
6.1325 0.05496832532259313814
6.1375 0.05497666919559035525
6.1425 0.05498542787449819252
6.1475 0.05499463550529357092
6.1525 0.05500430821669678033
6.1575 0.05501445082972560713
6.1625 0.05502505672595813663
6.1675 0.05503610248467757926
6.1725 0.05504755518945332604
6.1775 0.05505936442290396138
6.1825 0.05507147146059308829
6.1875 0.05508380849750833114
6.1925 0.05509630240810033108
6.1975 0.05510887651622104616
6.2025 0.05512145819521598045
6.2075 0.05513397761695519594
6.2125 0.05514637895537739115
6.2175 0.05515861547271677656
6.2225 0.05517065989627485678
6.2275 0.05518249971700746326
6.2325 0.05519414724847519771
6.2375 0.05520562754216703366
6.2425 0.05521697943311966450
6.2475 0.05522825603720368792
6.2525 0.05523951544645202411
6.2575 0.05525081803196525004
6.2625 0.05526222054700408864
6.2675 0.05527377912863721404
6.2725 0.05528553766636681160
6.2775 0.05529752965915782359
6.2825 0.05530978913758358845
6.2875 0.05532233993143292200
6.2925 0.05533519862241100679
6.2975 0.05534838590230311411
6.3025 0.05536191773843512215
6.3075 0.05537581030565776052
6.3125 0.05539008021171357848
6.3175 0.05540474717883053096
6.3225 0.05541981905588475033
6.3275 0.05543530684982279216
6.3325 0.05545120956479755031
6.3375 0.05546751860674003359
6.3425 0.05548421097616546005
6.3475 0.05550125533884724127
6.3525 0.05551861002253423438
6.3575 0.05553621689792546945
6.3625 0.05555401026622082405
6.3675 0.05557191583319397166
6.3725 0.05558985523904753229
6.3775 0.05560775271882409387
6.3825 0.05562552841311847740
6.3875 0.05564311240070639319
6.3925 0.05566043905768481431
6.3975 0.05567746458607109733
6.4025 0.05569415186711642457
6.4075 0.05571048449766472649
6.4125 0.05572645481477087048
6.4175 0.05574207369255736871
6.4225 0.05575736653968924039
6.4275 0.05577236365836800436
6.4325 0.05578710558178131412
6.4375 0.05580163776650134272
6.4425 0.05581600974236076984
6.4475 0.05583027022129379707
6.4525 0.05584447182468660342
6.4575 0.05585866042451323454
6.4625 0.05587288899731784192
6.4675 0.05588720877312085278
6.4725 0.05590167132694880830
6.4775 0.05591633343100078229
6.4825 0.05593125272921167790
6.4875 0.05594649441973496840
6.4925 0.05596212808805078875
6.4975 0.05597822667203827124
6.5025 0.05599486731396515621
6.5075 0.05601212738332949498
6.5125 0.05603007755523136540
6.5175 0.05604878942672075759
6.5225 0.05606831836474645420
6.5275 0.05608871360350842911
6.5325 0.05611000820835417013
6.5375 0.05613222233120288007
6.5425 0.05615536611804963080
6.5475 0.05617943917234885509
6.5525 0.05620443477434398233
6.5575 0.05623034047476179603
6.5625 0.05625713440105590407
6.5675 0.05628480033440537433
6.5725 0.05631331267851036326
6.5775 0.05634264068081868554
6.5825 0.05637275356007968863
6.5875 0.05640360698800719885
6.5925 0.05643515895708735991
6.5975 0.05646734822852304825
6.6025 0.05650011295631026526
6.6075 0.05653337676403191042
6.6125 0.05656706040199514091
6.6175 0.05660107704728681299
6.6225 0.05663533557700638904
6.6275 0.05666974191921455434
6.6325 0.05670421042489817015
6.6375 0.05673865492260826704
6.6425 0.05677299828182943292
6.6475 0.05680717835317673770
6.6525 0.05684114498691680839
6.6575 0.05687486838071249134
6.6625 0.05690833786825776064
6.6675 0.05694156123450931639
6.6725 0.05697456251858028231
6.6775 0.05700738483123219541
6.6825 0.05704007649225288634
6.6875 0.05707269134029358676
6.6925 0.05710528339599450082
6.6975 0.05713790418837337570
6.7025 0.05717059899717379101
6.7075 0.05720340661830274065
6.7125 0.05723635895599142598
6.7175 0.05726948585154219284
6.7225 0.05730280814866757499
6.7275 0.05733635103596904092
6.7325 0.05737013326932120794
6.7375 0.05740417879236604098
6.7425 0.05743851219277949088
6.7475 0.05747315595370175445
6.7525 0.05750813187675686555
6.7575 0.05754346424129911514
6.7625 0.05757917295650613609
6.7675 0.05761527818537466594
6.7725 0.05765180314393563571
6.7775 0.05768876463839357066
6.7825 0.05772619409541274171
6.7875 0.05776411920140180067
6.7925 0.05780257479748324156
6.7975 0.05784160075663662831
6.8025 0.05788123656551572710
6.8075 0.05792152582304989361
6.8125 0.05796251065296101346
6.8175 0.05800422788236897498
6.8225 0.05804671552983688837
6.8275 0.05809000491427983998
6.8325 0.05813412366816412408
6.8375 0.05817910157251302006
6.8425 0.05822496857496899103
6.8475 0.05827175573343429393
6.8525 0.05831950052624213648
6.8575 0.05836823785545278837
6.8625 0.05841800849458343714
6.8675 0.05846885447864926671
6.8725 0.05852081069860144702
6.8775 0.05857390482390315012
6.8825 0.05862815135783733950
6.8875 0.05868355747012811430
6.8925 0.05874011157739646855
6.8975 0.05879778671126049266
6.9025 0.05885654043427539228
6.9075 0.05891632464553334808
6.9125 0.05897707339331584309
6.9175 0.05903871994561880887
6.9225 0.05910119861182355772
6.9275 0.05916443759891049786
6.9325 0.05922837792703466997
6.9375 0.05929296184357640831
6.9425 0.05935814398921960416
6.9475 0.05942388520693287629
6.9525 0.05949015824544918313
6.9575 0.05955694216766379417
6.9625 0.05962422463282255475
6.9675 0.05969199341606942766
6.9725 0.05976024268399905692
6.9775 0.05982896023813778774
6.9825 0.05989812988558916584
6.9875 0.05996773453395837228
6.9925 0.06003774467195219233
6.9975 0.06010812916488310342
7.0025 0.06017885478516294545
7.0075 0.06024988241838352687
7.0125 0.06032117196743011500
7.0175 0.06039268667438902477
7.0225 0.06046439385275311634
7.0275 0.06053626268192061760
7.0325 0.06060826870113227016
7.0375 0.06068038845839913292
7.0425 0.06075260524886637314
7.0475 0.06082490387280254512
7.0525 0.06089726795911990648
7.0575 0.06096968416164653265
7.0625 0.06104213557984150551
7.0675 0.06111460725116532600
7.0725 0.06118708386573924046
7.0775 0.06125954134100360798
7.0825 0.06133196257068782020
7.0875 0.06140433123911233360
7.0925 0.06147662090874914109
7.0975 0.06154881600253766377
7.1025 0.06162089340716103009
7.1075 0.06169283597029364546
7.1125 0.06176462437567381558
7.1175 0.06183624510912157091
7.1225 0.06190768340984714735
7.1275 0.06197893090287811407
7.1325 0.06204998036968865927
7.1375 0.06212082235344486975
7.1425 0.06219145528103964954
7.1475 0.06226188284216679220
7.1525 0.06233210396239437928
7.1575 0.06240212330060734836
7.1625 0.06247194272023465916
7.1675 0.06254156854340660321
7.1725 0.06261100046138481923
7.1775 0.06268023657404964144
7.1825 0.06274927742103973693
7.1875 0.06281810697062525928
7.1925 0.06288671907241354109
7.1975 0.06295509963887956084
7.2025 0.06302322712228931867
7.2075 0.06309109011932133304
7.2125 0.06315865532143825900
7.2175 0.06322590579224411644
7.2225 0.06329279738717186188
7.2275 0.06335929800614184537
7.2325 0.06342535774685220673
7.2375 0.06349092588489214928
7.2425 0.06355594072996323396
7.2475 0.06362033869335845249
7.2525 0.06368404637476270114
7.2575 0.06374698943933647388
7.2625 0.06380908439909387109
7.2675 0.06387024436843313779
7.2725 0.06393037903737353034
7.2775 0.06398939551991614239
7.2825 0.06404718968271408408
7.2875 0.06410365997727424103
7.2925 0.06415869834733231580
7.2975 0.06421218761508450112
7.3025 0.06426401390768120281
7.3075 0.06431406324608941738
7.3125 0.06436221748482684468
7.3175 0.06440836871386505791
7.3225 0.06445241158147570204
7.3275 0.06449425135258164687
7.3325 0.06453379565557625097
7.3375 0.06457096575485536671
7.3425 0.06460569427922654984
7.3475 0.06463791508219943194
7.3525 0.06466757675079380652
7.3575 0.06469462604556985852
7.3625 0.06471903238799964209
7.3675 0.06474076658071967194
7.3725 0.06475982244132302834
7.3775 0.06477619968543239792
7.3825 0.06478992707064779033
7.3875 0.06480104823536522729
7.3925 0.06480962922398933457
7.3975 0.06481576391090464184
7.4025 0.06481956721727412385
7.4075 0.06482117594036351793
7.4125 0.06482075166519450649
7.4175 0.06481847123636262642
7.4225 0.06481452900893304447
7.4275 0.06480913747002507719
7.4325 0.06480251624064191363
7.4375 0.06479489895465737059
7.4425 0.06478652990633697317
7.4475 0.06477766872533785580
7.4525 0.06476856955260565374
7.4575 0.06475949777576947564
7.4625 0.06475070711055011530
7.4675 0.06474245493638462745
7.4725 0.06473497128351435315
7.4775 0.06472846731400962172
7.4825 0.06472313889513255092
7.4875 0.06471914294849380467
7.4925 0.06471662023120258733
7.4975 0.06471568236687144648
7.5025 0.06471641878138115200
7.5075 0.06471890724609219436
7.5125 0.06472321604876422885
7.5175 0.06472940571878987859
7.5225 0.06473754205919760030
7.5275 0.06474769209021874472
7.5325 0.06475993391939131871
7.5375 0.06477434303214235634
7.5425 0.06479101440912009291
7.5475 0.06481004165256977478
7.5525 0.06483152307518320889
7.5575 0.06485556921577380340
7.5625 0.06488229072862025659
7.5675 0.06491180393703933904
7.5725 0.06494423133114628210
7.5775 0.06497969642601308937
7.5825 0.06501833080844504620
7.5875 0.06506026543207929502
7.5925 0.06510562414520996988
7.5975 0.06515454007669313485
7.6025 0.06520712380608616188
7.6075 0.06526348980356946883
7.6125 0.06532373248782463726
7.6175 0.06538794065319393500
7.6225 0.06545620025675913389
7.6275 0.06552858350773593799
7.6325 0.06560516986409817286
7.6375 0.06568603546642522162
7.6425 0.06577127568434015803
7.6475 0.06586099371336191777
7.6525 0.06595530203618807374
7.6575 0.06605433671324482947
7.6625 0.06615824109213053195
7.6675 0.06626717028674157517
7.6725 0.06638129274505390198
7.6775 0.06650077277891008887
7.6825 0.06662577475204511934
7.6875 0.06675646046212077578
7.6925 0.06689298159143626521
7.6975 0.06703546692231067416
7.7025 0.06718403842388168123
7.7075 0.06733880278457085589
7.7125 0.06749984276880292844
7.7175 0.06766723551142429793
7.7225 0.06784105138844488680
7.7275 0.06802136031478114853
7.7325 0.06820823782511119260
7.7375 0.06840177449408083032
7.7425 0.06860209285597695938
7.7475 0.06880933548859949345
7.7525 0.06902369187618392909
7.7575 0.06924537998091141733
7.7625 0.06947465884965642324
7.7675 0.06971182757738572655
7.7725 0.06995720481365499954
7.7775 0.07021112946339722050
7.7825 0.07047394849096744185
7.7875 0.07074601075441198927
7.7925 0.07102765086382197002
7.7975 0.07131918505508978712
7.8025 0.07162090531120321457
7.8075 0.07193307534892173782
7.8125 0.07225592712039068111
7.8175 0.07258967126931631375
7.8225 0.07293449370095898832
7.8275 0.07329057783820573657
7.8325 0.07365809257886833661
7.8375 0.07403722693399668320
7.8425 0.07442818814108473346
7.8475 0.07483120353507685674
7.8525 0.07524653831451413866
7.8575 0.07567449780954460525
7.8625 0.07611543698038232553
7.8675 0.07656973390182386652
7.8725 0.07703781591032921039
7.8775 0.07752016142069957649
7.8825 0.07801724677276546116
7.8875 0.07852960487960153335
7.8925 0.07905777252847824565
7.8975 0.07960230328219754237
7.9025 0.08016376191217938763
7.9075 0.08074271823605827514
7.9125 0.08133974243123487380
7.9175 0.08195539925620407007
7.9225 0.08259026252789790357
7.9275 0.08324489890817833582
7.9325 0.08391988567571954938
7.9375 0.08461580926574989447
7.9425 0.08533327728707115756
7.9475 0.08607290909252914013
7.9525 0.08683537882464938129
7.9575 0.08762137295193654640
7.9625 0.08843162615193309040
7.9675 0.08926693007217018083
7.9725 0.09012812404640289932
7.9775 0.09101609998786626410
7.9825 0.09193179601986306571
7.9875 0.09287622716314136717
7.9925 0.09385046848550339382
7.9975 0.09485564453765926718
8.0025 0.09589298034485244093
8.0075 0.09696374464808786564
8.0125 0.09806930437895054753
8.0175 0.09921109278711244539
8.0225 0.10039062997963181523
8.0275 0.10160950760310827334
8.0325 0.10286940293758098375
8.0375 0.10417206821503227632
8.0425 0.10551931527807356659
8.0475 0.10691303153101440471
8.0525 0.10835516892311861104
8.0575 0.10984772846533319424
8.0625 0.11139278130687221835
8.0675 0.11299244418028589476
8.0725 0.11464887737845425031
8.0775 0.11636431707303550309
8.0825 0.11814103545916179727
8.0875 0.11998136716057000717
8.0925 0.12188770422277200867
8.0975 0.12386251985752924631
8.1025 0.12590834131726463818
8.1075 0.12802779012727347197
8.1125 0.13022358759271657203
8.1175 0.13249855621054409949
8.1225 0.13485562588186300603
8.1275 0.13729786464910129218
8.1325 0.13982847081986166105
8.1375 0.14245076253965541224
8.1425 0.14516819212180800958
8.1475 0.14798430068312631858
8.1525 0.15090276295946181140
8.1575 0.15392728613374032087
8.1625 0.15706164559759200339
8.1675 0.16030963519744742540
8.1725 0.16367504910464497625
8.1775 0.16716161804110504785
8.1825 0.17077304239180740586
8.1875 0.17451293476788501402
8.1925 0.17838476662150720697
8.1975 0.18239189472698419392
8.2025 0.18653752010567897779
8.2075 0.19082461291752916832
8.2125 0.19525589794455100456
8.2175 0.19983382629093651706
8.2225 0.20456046707718000821
8.2275 0.20943745999253271517
8.2325 0.21446594685027084437
8.2375 0.21964646157950870609
8.2425 0.22497888823384340484
8.2475 0.23046222565888233036
8.2525 0.23609457576185818861
8.2575 0.24187295253003754381
8.2625 0.24779306255708918871
8.2675 0.25384919091028429472
8.2725 0.26003385125291517133
8.2775 0.26633766942866471394
8.2825 0.27274897748207133086
8.2875 0.27925353804751967823
8.2925 0.28583417622256568347
8.2975 0.29247043604455147392
8.3025 0.29913818281693632661
8.3075 0.30580917936392604251
8.3125 0.31245070729247725883
8.3175 0.31902518639197580130
8.3225 0.32548972396045972033
8.3275 0.33179581973255878324
8.3325 0.33788895745738234400
8.3375 0.34370837510495677591
8.3425 0.34918688275174869506
8.3475 0.35425072489699482858
8.3525 0.35881961480985402613
8.3575 0.36280700994999171005
8.3625 0.36612043554928030975
8.3675 0.36866233339524612234
8.3725 0.37033094685790735046
8.3775 0.37102173953615208424
8.3825 0.37062918095129521179
8.3875 0.36904912562902214557
8.3925 0.36618140265515847220
8.3975 0.36193328743812469561
8.4025 0.35622323079286716263
8.4075 0.34898518330186162340
8.4125 0.34017320364834208180
8.4175 0.32976618543451197141
8.4225 0.31777251653873905823
8.4275 0.30423421410419498878
8.4325 0.28923009483266315378
8.4375 0.27287786036459638073
8.4425 0.25533451168935938913
8.4475 0.23679503836309212517
8.4525 0.21748948574571988490
8.4575 0.19767814162225094687
8.4625 0.17764529767888262435
8.4675 0.15769137197244778581
8.4725 0.13812350166200321189
8.4775 0.11924472343723689638
8.4825 0.10134168665279158494
8.4875 0.08467155970114798036
8.4925 0.06944895634481039470
8.4975 0.05583430375567231818
8.5025 0.04392533878742659742
8.5075 0.03375306368716494282
8.5125 0.02528286661748178205
8.5175 0.01842064092409544454
8.5225 0.01302308366570899788
8.5275 0.00891109112229820227
8.5325 0.00588492152850744743
8.5375 0.00373963051586463169
8.5425 0.00227914532010729028
8.5475 0.00132748166212752266
8.5525 0.00073607977719663306
8.5575 0.00038694023509122785
8.5625 0.00019196007173640574
8.5675 0.00008942920346100254
8.5725 0.00003891480837824465
8.5775 0.00001572454739361785
8.5825 0.00000586281372598877
8.5875 0.00000200304802663848
8.5925 0.00000062238566440544
8.5975 0.00000017443946980727
8.6025 0.00000004370808465124
8.6075 0.00000000969564453440
8.6125 0.00000000188396813617
8.6175 0.00000000031696993205
8.6225 0.00000000004559504781
8.6275 0.00000000000553066516
8.6325 0.00000000000055725123
8.6375 0.00000000000004587625
8.6425 0.00000000000000303091
8.6475 0.00000000000000015757
8.6525 0.00000000000000000631
8.6575 0.00000000000000000019
8.6625 0.00000000000000000000
8.6675 0.00000000000000000000
8.6725 0.00000000000000000000
8.6775 0.00000000000000000000
8.6825 0.00000000000000000000
8.6875 0.00000000000000000000
8.6925 0.00000000000000000000
8.6975 0.00000000000000000000
8.7025 0.00000000000000000000
8.7075 0.00000000000000000000
8.7125 0.00000000000000000000
8.7175 0.00000000000000000000
8.7225 0.00000000000000000000
8.7275 0.00000000000000000000
8.7325 0.00000000000000000000
8.7375 0.00000000000000000000
8.7425 0.00000000000000000000
8.7475 0.00000000000000000000
8.7525 0.00000000000000000000
8.7575 0.00000000000000000000
8.7625 0.00000000000000000000
8.7675 0.00000000000000000000
8.7725 0.00000000000000000000
8.7775 0.00000000000000000000
8.7825 0.00000000000000000000
8.7875 0.00000000000000000000
8.7925 0.00000000000000000000
8.7975 0.00000000000000000000
8.8025 0.00000000000000000000
8.8075 0.00000000000000000000
8.8125 0.00000000000000000000
8.8175 0.00000000000000000000
8.8225 0.00000000000000000000
8.8275 0.00000000000000000000
8.8325 0.00000000000000000000
8.8375 0.00000000000000000000
8.8425 0.00000000000000000000
8.8475 0.00000000000000000000
8.8525 0.00000000000000000000
8.8575 0.00000000000000000000
8.8625 0.00000000000000000000
8.8675 0.00000000000000000000
8.8725 0.00000000000000000000
8.8775 0.00000000000000000000
8.8825 0.00000000000000000000
8.8875 0.00000000000000000000
8.8925 0.00000000000000000000
8.8975 0.00000000000000000000
8.9025 0.00000000000000000000
8.9075 0.00000000000000000000
8.9125 0.00000000000000000000
8.9175 0.00000000000000000000
8.9225 0.00000000000000000000
8.9275 0.00000000000000000000
8.9325 0.00000000000000000000
8.9375 0.00000000000000000000
8.9425 0.00000000000000000000
8.9475 0.00000000000000000000
8.9525 0.00000000000000000000
8.9575 0.00000000000000000000
8.9625 0.00000000000000000000
8.9675 0.00000000000000000000
8.9725 0.00000000000000000000
8.9775 0.00000000000000000000
8.9825 0.00000000000000000000
8.9875 0.00000000000000000000
8.9925 0.00000000000000000000
8.9975 0.00000000000000000000
9.0025 0.00000000000000000000
9.0075 0.00000000000000000000
9.0125 0.00000000000000000000
9.0175 0.00000000000000000000
9.0225 0.00000000000000000000
9.0275 0.00000000000000000000
9.0325 0.00000000000000000000
9.0375 0.00000000000000000000
9.0425 0.00000000000000000000
9.0475 0.00000000000000000000
9.0525 0.00000000000000000000
9.0575 0.00000000000000000000
9.0625 0.00000000000000000000
9.0675 0.00000000000000000000
9.0725 0.00000000000000000000
9.0775 0.00000000000000000000
9.0825 0.00000000000000000000
9.0875 0.00000000000000000000
9.0925 0.00000000000000000000
9.0975 0.00000000000000000000
9.1025 0.00000000000000000000
9.1075 0.00000000000000000000
9.1125 0.00000000000000000000
9.1175 0.00000000000000000000
9.1225 0.00000000000000000000
9.1275 0.00000000000000000000
9.1325 0.00000000000000000000
9.1375 0.00000000000000000000
9.1425 0.00000000000000000000
9.1475 0.00000000000000000000
9.1525 0.00000000000000000000
9.1575 0.00000000000000000000
9.1625 0.00000000000000000000
9.1675 0.00000000000000000000
9.1725 0.00000000000000000000
9.1775 0.00000000000000000000
9.1825 0.00000000000000000000
9.1875 0.00000000000000000000
9.1925 0.00000000000000000000
9.1975 0.00000000000000000000
9.2025 0.00000000000000000000
9.2075 0.00000000000000000000
9.2125 0.00000000000000000000
9.2175 0.00000000000000000000
9.2225 0.00000000000000000000
9.2275 0.00000000000000000000
9.2325 0.00000000000000000000
9.2375 0.00000000000000000000
9.2425 0.00000000000000000000
9.2475 0.00000000000000000000
9.2525 0.00000000000000000000
9.2575 0.00000000000000000000
9.2625 0.00000000000000000000
9.2675 0.00000000000000000000
9.2725 0.00000000000000000000
9.2775 0.00000000000000000000
9.2825 0.00000000000000000000
9.2875 0.00000000000000000000
9.2925 0.00000000000000000000
9.2975 0.00000000000000000000
9.3025 0.00000000000000000000
9.3075 0.00000000000000000000
9.3125 0.00000000000000000000
9.3175 0.00000000000000000000
9.3225 0.00000000000000000000
9.3275 0.00000000000000000000
9.3325 0.00000000000000000000
9.3375 0.00000000000000000000
9.3425 0.00000000000000000000
9.3475 0.00000000000000000000
9.3525 0.00000000000000000000
9.3575 0.00000000000000000000
9.3625 0.00000000000000000000
9.3675 0.00000000000000000000
9.3725 0.00000000000000000000
9.3775 0.00000000000000000000
9.3825 0.00000000000000000000
9.3875 0.00000000000000000000
9.3925 0.00000000000000000000
9.3975 0.00000000000000000000
9.4025 0.00000000000000000000
9.4075 0.00000000000000000000
9.4125 0.00000000000000000000
9.4175 0.00000000000000000000
9.4225 0.00000000000000000000
9.4275 0.00000000000000000000
9.4325 0.00000000000000000000
9.4375 0.00000000000000000000
9.4425 0.00000000000000000000
9.4475 0.00000000000000000000
9.4525 0.00000000000000000000
9.4575 0.00000000000000000000
9.4625 0.00000000000000000000
9.4675 0.00000000000000000000
9.4725 0.00000000000000000000
9.4775 0.00000000000000000000
9.4825 0.00000000000000000000
9.4875 0.00000000000000000000
9.4925 0.00000000000000000000
9.4975 0.00000000000000000000
9.5025 0.00000000000000000000
9.5075 0.00000000000000000000
9.5125 0.00000000000000000000
9.5175 0.00000000000000000000
9.5225 0.00000000000000000000
9.5275 0.00000000000000000000
9.5325 0.00000000000000000000
9.5375 0.00000000000000000000
9.5425 0.00000000000000000000
9.5475 0.00000000000000000000
9.5525 0.00000000000000000000
9.5575 0.00000000000000000000
9.5625 0.00000000000000000000
9.5675 0.00000000000000000000
9.5725 0.00000000000000000000
9.5775 0.00000000000000000000
9.5825 0.00000000000000000000
9.5875 0.00000000000000000000
9.5925 0.00000000000000000000
9.5975 0.00000000000000000000
9.6025 0.00000000000000000000
9.6075 0.00000000000000000000
9.6125 0.00000000000000000000
9.6175 0.00000000000000000000
9.6225 0.00000000000000000000
9.6275 0.00000000000000000000
9.6325 0.00000000000000000000
9.6375 0.00000000000000000000
9.6425 0.00000000000000000000
9.6475 0.00000000000000000000
9.6525 0.00000000000000000000
9.6575 0.00000000000000000000
9.6625 0.00000000000000000000
9.6675 0.00000000000000000000
9.6725 0.00000000000000000000
9.6775 0.00000000000000000000
9.6825 0.00000000000000000000
9.6875 0.00000000000000000000
9.6925 0.00000000000000000000
9.6975 0.00000000000000000000
9.7025 0.00000000000000000000
9.7075 0.00000000000000000000
9.7125 0.00000000000000000000
9.7175 0.00000000000000000000
9.7225 0.00000000000000000000
9.7275 0.00000000000000000000
9.7325 0.00000000000000000000
9.7375 0.00000000000000000000
9.7425 0.00000000000000000000
9.7475 0.00000000000000000000
9.7525 0.00000000000000000000
9.7575 0.00000000000000000000
9.7625 0.00000000000000000000
9.7675 0.00000000000000000000
9.7725 0.00000000000000000000
9.7775 0.00000000000000000000
9.7825 0.00000000000000000000
9.7875 0.00000000000000000000
9.7925 0.00000000000000000000
9.7975 0.00000000000000000000
9.8025 0.00000000000000000000
9.8075 0.00000000000000000000
9.8125 0.00000000000000000000
9.8175 0.00000000000000000000
9.8225 0.00000000000000000000
9.8275 0.00000000000000000000
9.8325 0.00000000000000000000
9.8375 0.00000000000000000000
9.8425 0.00000000000000000000
9.8475 0.00000000000000000000
9.8525 0.00000000000000000000
9.8575 0.00000000000000000000
9.8625 0.00000000000000000000
9.8675 0.00000000000000000000
9.8725 0.00000000000000000000
9.8775 0.00000000000000000000
9.8825 0.00000000000000000000
9.8875 0.00000000000000000000
9.8925 0.00000000000000000000
9.8975 0.00000000000000000000
9.9025 0.00000000000000000000
9.9075 0.00000000000000000000
9.9125 0.00000000000000000000
9.9175 0.00000000000000000000
9.9225 0.00000000000000000000
9.9275 0.00000000000000000000
9.9325 0.00000000000000000000
9.9375 0.00000000000000000000
9.9425 0.00000000000000000000
9.9475 0.00000000000000000000
9.9525 0.00000000000000000000
9.9575 0.00000000000000000000
9.9625 0.00000000000000000000
9.9675 0.00000000000000000000
9.9725 0.00000000000000000000
9.9775 0.00000000000000000000
9.9825 0.00000000000000000000
9.9875 0.00000000000000000000
9.9925 0.00000000000000000000
9.9975 0.00000000000000000000
