xbins rho
0.0025 0.00000000000000000000
0.0075 0.00000000000000000000
0.0125 0.00000000000000000000
0.0175 0.00000000000000000000
0.0225 0.00000000000000000000
0.0275 0.00000000000000000000
0.0325 0.00000000000000000000
0.0375 0.00000000000000000000
0.0425 0.00000000000000000000
0.0475 0.00000000000000000000
0.0525 0.00000000000000000000
0.0575 0.00000000000000000000
0.0625 0.00000000000000000000
0.0675 0.00000000000000000000
0.0725 0.00000000000000000000
0.0775 0.00000000000000000000
0.0825 0.00000000000000000000
0.0875 0.00000000000000000000
0.0925 0.00000000000000000000
0.0975 0.00000000000000000000
0.1025 0.00000000000000000000
0.1075 0.00000000000000000000
0.1125 0.00000000000000000000
0.1175 0.00000000000000000000
0.1225 0.00000000000000000000
0.1275 0.00000000000000000000
0.1325 0.00000000000000000000
0.1375 0.00000000000000000000
0.1425 0.00000000000000000000
0.1475 0.00000000000000000000
0.1525 0.00000000000000000000
0.1575 0.00000000000000000000
0.1625 0.00000000000000000000
0.1675 0.00000000000000000000
0.1725 0.00000000000000000000
0.1775 0.00000000000000000000
0.1825 0.00000000000000000000
0.1875 0.00000000000000000000
0.1925 0.00000000000000000000
0.1975 0.00000000000000000000
0.2025 0.00000000000000000000
0.2075 0.00000000000000000000
0.2125 0.00000000000000000000
0.2175 0.00000000000000000000
0.2225 0.00000000000000000000
0.2275 0.00000000000000000000
0.2325 0.00000000000000000000
0.2375 0.00000000000000000000
0.2425 0.00000000000000000000
0.2475 0.00000000000000000000
0.2525 0.00000000000000000000
0.2575 0.00000000000000000000
0.2625 0.00000000000000000000
0.2675 0.00000000000000000000
0.2725 0.00000000000000000000
0.2775 0.00000000000000000000
0.2825 0.00000000000000000000
0.2875 0.00000000000000000000
0.2925 0.00000000000000000000
0.2975 0.00000000000000000000
0.3025 0.00000000000000000000
0.3075 0.00000000000000000000
0.3125 0.00000000000000000000
0.3175 0.00000000000000000000
0.3225 0.00000000000000000000
0.3275 0.00000000000000000000
0.3325 0.00000000000000000000
0.3375 0.00000000000000000000
0.3425 0.00000000000000000000
0.3475 0.00000000000000000000
0.3525 0.00000000000000000000
0.3575 0.00000000000000000000
0.3625 0.00000000000000000000
0.3675 0.00000000000000000000
0.3725 0.00000000000000000000
0.3775 0.00000000000000000000
0.3825 0.00000000000000000000
0.3875 0.00000000000000000000
0.3925 0.00000000000000000000
0.3975 0.00000000000000000000
0.4025 0.00000000000000000000
0.4075 0.00000000000000000000
0.4125 0.00000000000000000000
0.4175 0.00000000000000000000
0.4225 0.00000000000000000000
0.4275 0.00000000000000000000
0.4325 0.00000000000000000000
0.4375 0.00000000000000000000
0.4425 0.00000000000000000000
0.4475 0.00000000000000000000
0.4525 0.00000000000000000000
0.4575 0.00000000000000000000
0.4625 0.00000000000000000000
0.4675 0.00000000000000000000
0.4725 0.00000000000000000000
0.4775 0.00000000000000000000
0.4825 0.00000000000000000000
0.4875 0.00000000000000000000
0.4925 0.00000000000000000000
0.4975 0.00000000000000000000
0.5025 0.00000000000000000000
0.5075 0.00000000000000000000
0.5125 0.00000000000000000000
0.5175 0.00000000000000000000
0.5225 0.00000000000000000000
0.5275 0.00000000000000000000
0.5325 0.00000000000000000000
0.5375 0.00000000000000000000
0.5425 0.00000000000000000000
0.5475 0.00000000000000000000
0.5525 0.00000000000000000000
0.5575 0.00000000000000000000
0.5625 0.00000000000000000000
0.5675 0.00000000000000000000
0.5725 0.00000000000000000000
0.5775 0.00000000000000000000
0.5825 0.00000000000000000000
0.5875 0.00000000000000000000
0.5925 0.00000000000000000000
0.5975 0.00000000000000000000
0.6025 0.00000000000000000000
0.6075 0.00000000000000000000
0.6125 0.00000000000000000000
0.6175 0.00000000000000000000
0.6225 0.00000000000000000000
0.6275 0.00000000000000000000
0.6325 0.00000000000000000000
0.6375 0.00000000000000000000
0.6425 0.00000000000000000000
0.6475 0.00000000000000000000
0.6525 0.00000000000000000000
0.6575 0.00000000000000000000
0.6625 0.00000000000000000000
0.6675 0.00000000000000000000
0.6725 0.00000000000000000000
0.6775 0.00000000000000000000
0.6825 0.00000000000000000000
0.6875 0.00000000000000000000
0.6925 0.00000000000000000000
0.6975 0.00000000000000000000
0.7025 0.00000000000000000000
0.7075 0.00000000000000000000
0.7125 0.00000000000000000000
0.7175 0.00000000000000000000
0.7225 0.00000000000000000000
0.7275 0.00000000000000000000
0.7325 0.00000000000000000000
0.7375 0.00000000000000000000
0.7425 0.00000000000000000000
0.7475 0.00000000000000000000
0.7525 0.00000000000000000000
0.7575 0.00000000000000000000
0.7625 0.00000000000000000000
0.7675 0.00000000000000000000
0.7725 0.00000000000000000000
0.7775 0.00000000000000000000
0.7825 0.00000000000000000000
0.7875 0.00000000000000000000
0.7925 0.00000000000000000000
0.7975 0.00000000000000000000
0.8025 0.00000000000000000000
0.8075 0.00000000000000000000
0.8125 0.00000000000000000000
0.8175 0.00000000000000000000
0.8225 0.00000000000000000000
0.8275 0.00000000000000000000
0.8325 0.00000000000000000000
0.8375 0.00000000000000000000
0.8425 0.00000000000000000000
0.8475 0.00000000000000000000
0.8525 0.00000000000000000000
0.8575 0.00000000000000000000
0.8625 0.00000000000000000000
0.8675 0.00000000000000000000
0.8725 0.00000000000000000000
0.8775 0.00000000000000000000
0.8825 0.00000000000000000000
0.8875 0.00000000000000000000
0.8925 0.00000000000000000000
0.8975 0.00000000000000000000
0.9025 0.00000000000000000000
0.9075 0.00000000000000000000
0.9125 0.00000000000000000000
0.9175 0.00000000000000000000
0.9225 0.00000000000000000000
0.9275 0.00000000000000000000
0.9325 0.00000000000000000000
0.9375 0.00000000000000000000
0.9425 0.00000000000000000000
0.9475 0.00000000000000000000
0.9525 0.00000000000000000000
0.9575 0.00000000000000000000
0.9625 0.00000000000000000000
0.9675 0.00000000000000000000
0.9725 0.00000000000000000000
0.9775 0.00000000000000000000
0.9825 0.00000000000000000000
0.9875 0.00000000000000000000
0.9925 0.00000000000000000000
0.9975 0.00000000000000000000
1.0025 0.00000000000000000000
1.0075 0.00000000000000000000
1.0125 0.00000000000000000000
1.0175 0.00000000000000000000
1.0225 0.00000000000000000000
1.0275 0.00000000000000000000
1.0325 0.00000000000000000000
1.0375 0.00000000000000000000
1.0425 0.00000000000000000000
1.0475 0.00000000000000000000
1.0525 0.00000000000000000000
1.0575 0.00000000000000000000
1.0625 0.00000000000000000000
1.0675 0.00000000000000000000
1.0725 0.00000000000000000000
1.0775 0.00000000000000000000
1.0825 0.00000000000000000000
1.0875 0.00000000000000000000
1.0925 0.00000000000000000000
1.0975 0.00000000000000000000
1.1025 0.00000000000000000000
1.1075 0.00000000000000000000
1.1125 0.00000000000000000000
1.1175 0.00000000000000000000
1.1225 0.00000000000000000000
1.1275 0.00000000000000000000
1.1325 0.00000000000000000000
1.1375 0.00000000000000000000
1.1425 0.00000000000000000000
1.1475 0.00000000000000000000
1.1525 0.00000000000000000000
1.1575 0.00000000000000000000
1.1625 0.00000000000000000000
1.1675 0.00000000000000000000
1.1725 0.00000000000000000000
1.1775 0.00000000000000000000
1.1825 0.00000000000000000000
1.1875 0.00000000000000000000
1.1925 0.00000000000000000000
1.1975 0.00000000000000000000
1.2025 0.00000000000000000000
1.2075 0.00000000000000000000
1.2125 0.00000000000000000000
1.2175 0.00000000000000000000
1.2225 0.00000000000000000000
1.2275 0.00000000000000000000
1.2325 0.00000000000000000000
1.2375 0.00000000000000000000
1.2425 0.00000000000000000000
1.2475 0.00000000000000000000
1.2525 0.00000000000000000000
1.2575 0.00000000000000000000
1.2625 0.00000000000000000000
1.2675 0.00000000000000000000
1.2725 0.00000000000000000000
1.2775 0.00000000000000000000
1.2825 0.00000000000000000000
1.2875 0.00000000000000000000
1.2925 0.00000000000000000000
1.2975 0.00000000000000000000
1.3025 0.00000000000000000000
1.3075 0.00000000000000000000
1.3125 0.00000000000000000000
1.3175 0.00000000000000000000
1.3225 0.00000000000000000000
1.3275 0.00000000000000000000
1.3325 0.00000000000000000000
1.3375 0.00000000000000000002
1.3425 0.00000000000000000103
1.3475 0.00000000000000003417
1.3525 0.00000000000000084961
1.3575 0.00000000000001626901
1.3625 0.00000000000024516873
1.3675 0.00000000000296538648
1.3725 0.00000000002931065145
1.3775 0.00000000024068496927
1.3825 0.00000000166686033184
1.3875 0.00000000987123065696
1.3925 0.00000005062371195780
1.3975 0.00000022744268600361
1.4025 0.00000090474572304990
1.4075 0.00000321761355755353
1.4125 0.00001032196337685364
1.4175 0.00003011369466078824
1.4225 0.00008050150149191620
1.4275 0.00019855651650503773
1.4325 0.00045474271041988417
1.4375 0.00097272402647619852
1.4425 0.00195386362299813368
1.4475 0.00370366527196504215
1.4525 0.00665550557855043058
1.4575 0.01138565911890598165
1.4625 0.01861333955671072571
1.4675 0.02918059952320702782
1.4725 0.04400940436276454260
1.4775 0.06403698757828264754
1.4825 0.09013510736070930174
1.4875 0.12302331499908872314
1.4925 0.16318985203992281141
1.4975 0.21083379286151973653
1.5025 0.26583833302267456666
1.5075 0.32777743030441858219
1.5125 0.39595002237529941524
1.5175 0.46943179744764335082
1.5225 0.54713245657762032970
1.5275 0.62785142849005948218
1.5325 0.71032677739547556151
1.5375 0.79327754898177860188
1.5425 0.87544119756268401478
1.5475 0.95560778407056090611
1.5525 1.03265195602127124452
1.5575 1.10556123884928880763
1.5625 1.17346127192216820312
1.5675 1.23563423360367630188
1.5725 1.29153014506513241777
1.5775 1.34077045098560088121
1.5825 1.38314424503658650600
1.5875 1.41859667653142884625
1.5925 1.44721403381804480937
1.5975 1.46920211852229254390
1.6025 1.48486446394141879956
1.6075 1.49458041304150279771
1.6125 1.49878145450942268369
1.6175 1.49793242462970366269
1.6225 1.49251338135686673070
1.6275 1.48300468208028801698
1.6325 1.46987556779947303731
1.6375 1.45357666610607183522
1.6425 1.43453268075888296096
1.6475 1.41313871444779293185
1.6525 1.38975859062078321848
1.6575 1.36472381109098783725
1.6625 1.33833455177462501418
1.6675 1.31086080691957285183
1.6725 1.28254480273727589079
1.6775 1.25360416340335678598
1.6825 1.22423326829773393420
1.6875 1.19460673954665219654
1.6925 1.16488170422525239012
1.6975 1.13519769592166408501
1.7025 1.10568029139976919950
1.7075 1.07644013490486933904
1.7125 1.04757502690591830508
1.7175 1.01916936864640916838
1.7225 0.99129606952409299314
1.7275 0.96401587896452267668
1.7325 0.93737855326618968466
1.7375 0.91142385610014486907
1.7425 0.88618226166472902072
1.7475 0.86167527139976407557
1.7525 0.83791762610704423331
1.7575 0.81491637408004735654
1.7625 0.79267317501843814753
1.7675 0.77118463960841754368
1.7725 0.75044229517833882515
1.7775 0.73043506232532340317
1.7825 0.71114870927424067570
1.7875 0.69256757926893119937
1.7925 0.67467405563694859971
1.7975 0.65745043003187841890
1.8025 0.64087854944849875771
1.8075 0.62494023504683826609
1.8125 0.60961729640097295224
1.8175 0.59489171641579907668
1.8225 0.58074555075772160695
1.8275 0.56716064261924381551
1.8325 0.55411883218333846113
1.8375 0.54160197466177495418
1.8425 0.52959218390261075804
1.8475 0.51807145264494514070
1.8525 0.50702203372738896547
1.8575 0.49642650118000269943
1.8625 0.48626762534824896633
1.8675 0.47652817223617932596
1.8725 0.46719171051305435904
1.8775 0.45824133572187814023
1.8825 0.44966080149822668099
1.8875 0.44143418348193486089
1.8925 0.43354597137445283206
1.8975 0.42598119085071789458
1.9025 0.41872603337880909269
1.9075 0.41176743864795573025
1.9125 0.40509325326125594779
1.9175 0.39869264319598374247
1.9225 0.39255566880917003303
1.9275 0.38667318240471471036
1.9325 0.38103683014163997056
1.9375 0.37563832538858221710
1.9425 0.37046984597759047286
1.9475 0.36552353593521219599
1.9525 0.36079120901189781767
1.9575 0.35626460190238778969
1.9625 0.35193528951950603378
1.9675 0.34779449135268619697
1.9725 0.34383377333881559590
1.9775 0.34004467622377454461
1.9825 0.33641930368100869675
1.9875 0.33294985519173686539
1.9925 0.32962946227143136158
1.9975 0.32645160574734566339
2.0025 0.32341029159382783664
2.0075 0.32050018471855745705
2.0125 0.31771676547799720947
2.0175 0.31505576301895049651
2.0225 0.31251377907514116261
2.0275 0.31008777877076865170
2.0325 0.30777513966130104484
2.0375 0.30557365142748915687
2.0425 0.30348100729072174930
2.0475 0.30149524893641160839
2.0525 0.29961416531499202032
2.0575 0.29783552732944729158
2.0625 0.29615703587637609573
2.0675 0.29457649534638208344
2.0725 0.29309143793797104438
2.0775 0.29169944689732163479
2.0825 0.29039823570556572152
2.0875 0.28918547477657219336
2.0925 0.28805880166576591783
2.0975 0.28701598085318091869
2.1025 0.28605488326135974919
2.1075 0.28517344386861587235
2.1125 0.28436994559767148072
2.1175 0.28364275004394673418
2.1225 0.28299063696909643184
2.1275 0.28241276478459875765
2.1325 0.28190861023069618829
2.1375 0.28147786208109082384
2.1425 0.28112064201770275984
2.1475 0.28083693256705466457
2.1525 0.28062697260536595412
2.1575 0.28049079949629085462
2.1625 0.28042840338581465076
2.1675 0.28043958280371827918
2.1725 0.28052396326003925520
2.1775 0.28068108673333130865
2.1825 0.28091041030710472981
2.1875 0.28121112966445588333
2.1925 0.28158249365672838316
2.1975 0.28202350986363411423
2.2025 0.28253309470318549446
2.2075 0.28310996966619139670
2.2125 0.28375263963065133765
2.2175 0.28445944041040482908
2.2225 0.28522845836118165819
2.2275 0.28605763668753986240
2.2325 0.28694492746574301600
2.2375 0.28788834907561655641
2.2425 0.28888614812951951549
2.2475 0.28993692729711584288
2.2525 0.29103974395452897328
2.2575 0.29219413211669847952
2.2625 0.29340033120129910271
2.2675 0.29465907559204612687
2.2725 0.29597179367951276241
2.2775 0.29734018967714809234
2.2825 0.29876651345598059795
2.2875 0.30025293513082362828
2.2925 0.30180163592006686857
2.2975 0.30341454825388186611
2.3025 0.30509307978473676481
2.3075 0.30683833090251422249
2.3125 0.30865089415871194145
2.3175 0.31053101878269412373
2.3225 0.31247878212382806939
2.3275 0.31449393043569534578
2.3325 0.31657627058894477479
2.3375 0.31872519611714938970
2.3425 0.32094014901786099836
2.3475 0.32322010076945234536
2.3525 0.32556374918668845586
2.3575 0.32796940300975141458
2.3625 0.33043516172187559210
2.3675 0.33295908961632020295
2.3725 0.33553933955025083691
2.3775 0.33817442461811170196
2.3825 0.34086327066943233888
2.3875 0.34360574304557672809
2.3925 0.34640206410693313854
2.3975 0.34925312379224560111
2.4025 0.35216037131751354305
2.4075 0.35512543001882834748
2.4125 0.35815017089394873828
2.4175 0.36123626937433189754
2.4225 0.36438534145266199271
2.4275 0.36759862337443405256
2.4325 0.37087673962238659753
2.4375 0.37421995082791781329
2.4425 0.37762744265950071165
2.4475 0.38109754920002730794
2.4525 0.38462722094232126846
2.4575 0.38821221654572374282
2.4625 0.39184655645079563557
2.4675 0.39552309969049925797
2.4725 0.39923307915552713743
2.4775 0.40296692832756542124
2.4825 0.40671406811893506816
2.4875 0.41046387670952855231
2.4925 0.41420560961850155790
2.4975 0.41792917782844740682
2.5025 0.42162518013268363015
2.5075 0.42528503439083203963
2.5125 0.42890122106918610045
2.5175 0.43246715761277054746
2.5225 0.43597676647344152379
2.5275 0.43942472566202550599
2.5325 0.44280603073732516251
2.5375 0.44611584152770689116
2.5425 0.44934952941606592924
2.5475 0.45250205375862390111
2.5525 0.45556860975366159083
2.5575 0.45854397859082723921
2.5625 0.46142306956840134502
2.5675 0.46420047450295265357
2.5725 0.46687092044666161916
2.5775 0.46942934563720972729
2.5825 0.47187059613296239435
2.5875 0.47418982589567310049
2.5925 0.47638257726636468181
2.5975 0.47844439935919758078
2.6025 0.48037098607181982768
2.6075 0.48215822292914362057
2.6125 0.48380216065360931443
2.6175 0.48529950938644561553
2.6225 0.48664744508565588310
2.6275 0.48784433377560826317
2.6325 0.48888971780556933489
2.6375 0.48978485693915607690
2.6425 0.49053221799978158346
2.6475 0.49113547820120045939
2.6525 0.49159961312153904744
2.6575 0.49192997510950309259
2.6625 0.49213265394567878852
2.6675 0.49221345107172759237
2.6725 0.49217825885264598895
2.6775 0.49203258737928889932
2.6825 0.49178134513478044543
2.6875 0.49142908735875812098
2.6925 0.49097958852578094113
2.6975 0.49043625557347414468
2.7025 0.48980224987109288737
2.7075 0.48908042272878665679
2.7125 0.48827345875589367452
2.7175 0.48738419695122120467
2.7225 0.48641554657194180367
2.7275 0.48537044816278634984
2.7325 0.48425254501700121246
2.7375 0.48306527116175340675
2.7425 0.48181260936419506580
2.7475 0.48049892158488294314
2.7525 0.47912877431130690420
2.7575 0.47770710159793944305
2.7625 0.47623904480469125833
2.7675 0.47472973745999536010
2.7725 0.47318429345943385789
2.7775 0.47160761613770696421
2.7825 0.47000408336809812448
2.7875 0.46837756483145748243
2.7925 0.46673155078595063294
2.7975 0.46506924702347179901
2.8025 0.46339349396563972450
2.8075 0.46170731035927148334
2.8125 0.46001382911928151431
2.8175 0.45831629210441560129
2.8225 0.45661873289218107841
2.8275 0.45492495633868051952
2.8325 0.45323893952719518374
2.8375 0.45156470881552268626
2.8425 0.44990582518872018758
2.8475 0.44826512361958087416
2.8525 0.44664515585663555619
2.8575 0.44504756227232733501
2.8625 0.44347344163694463193
2.8675 0.44192343485941154579
2.8725 0.44039721121543184967
2.8775 0.43889473230839037843
2.8825 0.43741503807660120362
2.8875 0.43595753888476251880
2.8925 0.43452122504805978931
2.8975 0.43310508916609946617
2.9025 0.43170805730312900028
2.9075 0.43032946056042642446
2.9125 0.42896827229120004787
2.9175 0.42762401772477837136
2.9225 0.42629598470670176935
2.9275 0.42498418163822981874
2.9325 0.42368847544391763371
2.9375 0.42240924734089063675
2.9425 0.42114692539982917507
2.9475 0.41990261389711996953
2.9525 0.41867720544464964716
2.9575 0.41747174538354558937
2.9625 0.41628724246125986541
2.9675 0.41512439705273890267
2.9725 0.41398362002528160675
2.9775 0.41286501661420049736
2.9825 0.41176825294562385826
2.9875 0.41069297198169130159
2.9925 0.40963847361292959892
2.9975 0.40860411504795296489
3.0025 0.40758913506601562871
3.0075 0.40659285653201071575
3.0125 0.40561475942793423499
3.0175 0.40465429227194948947
3.0225 0.40371118049239695935
3.0275 0.40278514765488704352
3.0325 0.40187606155958083276
3.0375 0.40098379856836408042
3.0425 0.40010837410533633962
3.0475 0.39924970649962038260
3.0525 0.39840798070802085906
3.0575 0.39758329928257390984
3.0625 0.39677581428029484734
3.0675 0.39598590822152457402
3.0725 0.39521367299720866484
3.0775 0.39445952084572022400
3.0825 0.39372361568703828638
3.0875 0.39300640355199323306
3.0925 0.39230800481755556675
3.0975 0.39162891844942454567
3.1025 0.39096963176137466967
3.1075 0.39033072772485311042
3.1125 0.38971301423713133882
3.1175 0.38911748223818587444
3.1225 0.38854498757784849960
3.1275 0.38799663126992794959
3.1325 0.38747336709703650293
3.1375 0.38697604874496205341
3.1425 0.38650507683682211457
3.1475 0.38606082711429762222
3.1525 0.38564318063566049855
3.1575 0.38525197181500775434
3.1625 0.38488669755566817798
3.1675 0.38454681877952068270
3.1725 0.38423189643077826361
3.1775 0.38394124448036642816
3.1825 0.38367455437608444235
3.1875 0.38343132380619726618
3.1925 0.38321124900350289622
3.1975 0.38301395251706998879
3.2025 0.38283914313638817140
3.2075 0.38268653079160613872
3.2125 0.38255583271658449851
3.2175 0.38244671427893689453
3.2225 0.38235888355822483797
3.2275 0.38229202335227085996
3.2325 0.38224564460787247011
3.2375 0.38221932881876308219
3.2425 0.38221266228208261584
3.2475 0.38222508723575654432
3.2525 0.38225615642811583417
3.2575 0.38230536880288312762
3.2625 0.38237232728993059139
3.2675 0.38245665585633115136
3.2725 0.38255794501160084176
3.2775 0.38267589861536177587
3.2825 0.38280998561051532425
3.2875 0.38295954548805377637
3.2925 0.38312409053903212497
3.2975 0.38330268628889868632
3.3025 0.38349446229420686150
3.3075 0.38369852585331154504
3.3125 0.38391398859478087502
3.3175 0.38414008854308245855
3.3225 0.38437629520360605540
3.3275 0.38462218482494570093
3.3325 0.38487782548996607446
3.3375 0.38514347598614612211
3.3425 0.38541969948684173808
3.3475 0.38570727691273648530
3.3525 0.38600721295768997132
3.3575 0.38632045070520903973
3.3625 0.38664803950936033061
3.3675 0.38699069129440749615
3.3725 0.38734887721109395597
3.3775 0.38772279524120395466
3.3825 0.38811214900447899012
3.3875 0.38851637414258693992
3.3925 0.38893476831496087698
3.3975 0.38936636311606276362
3.4025 0.38981042255063336199
3.4075 0.39026622597638549461
3.4125 0.39073315706139682968
3.4175 0.39121080521299894661
3.4225 0.39169864831457845700
3.4275 0.39219591535535736071
3.4325 0.39270159478174421208
3.4375 0.39321414910078628102
3.4425 0.39373173809064304640
3.4475 0.39425222934933468188
3.4525 0.39477315193014989037
3.4575 0.39529229738262894323
3.4625 0.39580730708583811150
3.4675 0.39631591537241606105
3.4725 0.39681592195387077604
3.4775 0.39730503545412559907
3.4825 0.39778117127115103502
3.4875 0.39824231476704874400
3.4925 0.39868673657589048798
3.4975 0.39911329405516432489
3.5025 0.39952135025772833599
3.5075 0.39991127608650389735
3.5125 0.40028408487503813751
3.5175 0.40064139606539000971
3.5225 0.40098551050428221654
3.5275 0.40131884184306476637
3.5325 0.40164363872708203074
3.5375 0.40196217355382762859
3.5425 0.40227596190689224320
3.5475 0.40258607211449809471
3.5525 0.40289310237755249222
3.5575 0.40319696046882824714
3.5625 0.40349692552835120241
3.5675 0.40379219461953974601
3.5725 0.40408160395756537175
3.5775 0.40436367934250222467
3.5825 0.40463717699064111200
3.5875 0.40490072761343642860
3.5925 0.40515321346321397922
3.5975 0.40539381636043730905
3.6025 0.40562194005179530443
3.6075 0.40583748577222944487
3.6125 0.40604052095989795479
3.6175 0.40623162873990059651
3.6225 0.40641125964497815115
3.6275 0.40658020131258981733
3.6325 0.40673923121028721095
3.6375 0.40688900155884927257
3.6425 0.40702990234520997070
3.6475 0.40716239536485510087
3.6525 0.40728680450733295570
3.6575 0.40740329558860294279
3.6625 0.40751187722463799723
3.6675 0.40761267589292110580
3.6725 0.40770557288209802183
3.6775 0.40779046842305338716
3.6825 0.40786715816064089690
3.6875 0.40793537943627233844
3.6925 0.40799471097049683221
3.6975 0.40804499479378086857
3.7025 0.40808578343705370628
3.7075 0.40811666955613756791
3.7125 0.40813751491334043786
3.7175 0.40814792155664147977
3.7225 0.40814818919903617100
3.7275 0.40813827871173541384
3.7325 0.40811857183376359925
3.7375 0.40808966355507253487
3.7425 0.40805242149314785438
3.7475 0.40800805551112173664
3.7525 0.40795798482674605623
3.7575 0.40790393458916052172
3.7625 0.40784777793963872261
3.7675 0.40779125511085784206
3.7725 0.40773592190511476208
3.7775 0.40768302386099597445
3.7825 0.40763299024089794109
3.7875 0.40758572015581495673
3.7925 0.40754053959745345503
3.7975 0.40749614030648001473
3.8025 0.40745072109408886352
3.8075 0.40740231356659944995
3.8125 0.40734879542643692707
3.8175 0.40728792596757035227
3.8225 0.40721785197167648107
3.8275 0.40713654563551565646
3.8325 0.40704250511824369152
3.8375 0.40693441813011871355
3.8425 0.40681120238638579512
3.8475 0.40667208024586382065
3.8525 0.40651653080388289174
3.8575 0.40634453391794878030
3.8625 0.40615607869310971223
3.8675 0.40595154042737718880
3.8725 0.40573178984731284036
3.8775 0.40549773183231618834
3.8825 0.40525099625864813291
3.8875 0.40499326522661482919
3.8925 0.40472653081748882764
3.8975 0.40445307651257933479
3.9025 0.40417533059462545930
3.9075 0.40389564017670487317
3.9125 0.40361630709527646088
3.9175 0.40333935810111531950
3.9225 0.40306657556593433744
3.9275 0.40279927913761565117
3.9325 0.40253847348332333356
3.9375 0.40228445130676138142
3.9425 0.40203748884448803347
3.9475 0.40179736477260463712
3.9525 0.40156384533177069684
3.9575 0.40133634361336112395
3.9625 0.40111422716447259207
3.9675 0.40089701970435054346
3.9725 0.40068410592872227838
3.9775 0.40047487836969936081
3.9825 0.40026857219198719307
3.9875 0.40006463812334436270
3.9925 0.39986272228484093239
3.9975 0.39966209237782335251
4.0025 0.39946249911775166819
4.0075 0.39926370084178691711
4.0125 0.39906551902602349635
4.0175 0.39886792655291858356
4.0225 0.39867080560695888902
4.0275 0.39847449839104720493
4.0325 0.39827888320192766924
4.0375 0.39808442228292117981
4.0425 0.39789141638044595028
4.0475 0.39770042702707092408
4.0525 0.39751193727758232788
4.0575 0.39732678401854987227
4.0625 0.39714604426590144337
4.0675 0.39697055711818285406
4.0725 0.39680162352423842265
4.0775 0.39664039286053942579
4.0825 0.39648807514800943341
4.0875 0.39634607830841267484
4.0925 0.39621537926066474622
4.0975 0.39609708559156425745
4.1025 0.39599221584009919317
4.1075 0.39590150643775778860
4.1125 0.39582524044884997982
4.1175 0.39576384680040960218
4.1225 0.39571703957763898485
4.1275 0.39568450700007101739
4.1325 0.39566560552874618928
4.1375 0.39565920202437299125
4.1425 0.39566437635782641946
4.1475 0.39567986426452739224
4.1525 0.39570421955211143583
4.1575 0.39573593755193831045
4.1625 0.39577378872938956400
4.1675 0.39581628131361873413
4.1725 0.39586233215700250554
4.1775 0.39591077023270088153
4.1825 0.39596041572164292210
4.1875 0.39601065609294072711
4.1925 0.39606034018506985905
4.1975 0.39610882541452763217
4.2025 0.39615518120599657603
4.2075 0.39619873270936739607
4.2125 0.39623878635799880676
4.2175 0.39627462448639810821
4.2225 0.39630584320048328761
4.2275 0.39633164036610291081
4.2325 0.39635208315168718451
4.2375 0.39636649211169366902
4.2425 0.39637488449634600274
4.2475 0.39637728768464974838
4.2525 0.39637371296027718026
4.2575 0.39636452169629304843
4.2625 0.39634994037474574613
4.2675 0.39633046533282062507
4.2725 0.39630655530363062544
4.2775 0.39627853338327695409
4.2825 0.39624691547152235405
4.2875 0.39621199063217810155
4.2925 0.39617430820309118555
4.2975 0.39613415014024944139
4.3025 0.39609210335487504695
4.3075 0.39604858020909622374
4.3125 0.39600441691506449438
4.3175 0.39595990265936387154
4.3225 0.39591635128037916402
4.3275 0.39587436197357278589
4.3325 0.39583513623892457867
4.3375 0.39579957952659583498
4.3425 0.39576875776903897020
4.3475 0.39574335965170248652
4.3525 0.39572402360321567993
4.3575 0.39571076330375454244
4.3625 0.39570357736461819753
4.3675 0.39570172102611356202
4.3725 0.39570432244804082389
4.3775 0.39571008225763448785
4.3825 0.39571731589728592615
4.3875 0.39572423424960256888
4.3925 0.39572866060897393670
4.3975 0.39572854513594979409
4.4025 0.39572175041320101219
4.4075 0.39570611110689302148
4.4125 0.39568032715196654880
4.4175 0.39564344811524715384
4.4225 0.39559546827919311873
4.4275 0.39553737778448516682
4.4325 0.39547092650778736811
4.4375 0.39539855937541007469
4.4425 0.39532305794730687731
4.4475 0.39524706053582897569
4.4525 0.39517332518971887145
4.4575 0.39510401385871812829
4.4625 0.39504076418211347965
4.4675 0.39498468125333219270
4.4725 0.39493618873788677304
4.4775 0.39489518184076188856
4.4825 0.39486124062968530612
4.4875 0.39483362270535810046
4.4925 0.39481149941501236800
4.4975 0.39479408861854364821
4.5025 0.39478020125353985303
4.5075 0.39476953171888312655
4.5125 0.39476156927413835751
4.5175 0.39475594078702974654
4.5225 0.39475260894438723991
4.5275 0.39475173591766432590
4.5325 0.39475381456645974865
4.5375 0.39475911530326218690
4.5425 0.39476817369253974777
4.5475 0.39478172865409910663
4.5525 0.39480006918537180471
4.5575 0.39482390004063999678
4.5625 0.39485310946368840090
4.5675 0.39488826298860840724
4.5725 0.39492924112182720142
4.5775 0.39497587862961508476
4.5825 0.39502784015517916627
4.5875 0.39508481700920589086
4.5925 0.39514646630480737555
4.5975 0.39521203383348979532
4.6025 0.39528112006498417053
4.6075 0.39535326115958530080
4.6125 0.39542771499194301343
4.6175 0.39550417959456013461
4.6225 0.39558196421420876998
4.6275 0.39566071154534460108
4.6325 0.39573998020352341154
4.6375 0.39581936296839881351
4.6425 0.39589856606161077934
4.6475 0.39597718227724104656
4.6525 0.39605486094320857537
4.6575 0.39613146228409917837
4.6625 0.39620678274177362210
4.6675 0.39628049062716513840
4.6725 0.39635255081652603915
4.6775 0.39642273421711266002
4.6825 0.39649103880167574365
4.6875 0.39655725649283174450
4.6925 0.39662142190620203186
4.6975 0.39668346689060757226
4.7025 0.39674332269669987383
4.7075 0.39680109803975044391
4.7125 0.39685669128176748188
4.7175 0.39691017771319409002
4.7225 0.39696156997836656855
4.7275 0.39701086755958375774
4.7325 0.39705825995876364853
4.7375 0.39710361142780370436
4.7425 0.39714700396803576110
4.7475 0.39718844612872772348
4.7525 0.39722794287076945707
4.7575 0.39726558451598487087
4.7625 0.39730136828992546061
4.7675 0.39733526179801331724
4.7725 0.39736742001200991981
4.7775 0.39739780755059717077
4.7825 0.39742634729714604314
4.7875 0.39745329305390997288
4.7925 0.39747857543349840448
4.7975 0.39750229736819236992
4.8025 0.39752444193648123205
4.8075 0.39754511430667954786
4.8125 0.39756440979262841484
4.8175 0.39758240824800006319
4.8225 0.39759912738442326763
4.8275 0.39761469257727466431
4.8325 0.39762916004330906006
4.8375 0.39764263701044322286
4.8425 0.39765512629177685033
4.8475 0.39766671301824080276
4.8525 0.39767750645578470170
4.8575 0.39768745198414251485
4.8625 0.39769666087928384757
4.8675 0.39770529148977734613
4.8725 0.39771319187103609805
4.8775 0.39772055878730866452
4.8825 0.39772738413196678797
4.8875 0.39773370934714014080
4.8925 0.39773954091261681798
4.8975 0.39774508450360540612
4.9025 0.39775030405431049951
4.9075 0.39775517037564367406
4.9125 0.39775978352169333307
4.9175 0.39776417269239983110
4.9225 0.39776836611509047703
4.9275 0.39777232126909178866
4.9325 0.39777618230397443488
4.9375 0.39777988221566634719
4.9425 0.39778342123898158267
4.9475 0.39778689005358164321
4.9525 0.39779037677245487892
4.9575 0.39779368917149199314
4.9625 0.39779716783642299349
4.9675 0.39780067803072849397
4.9725 0.39780420685819056770
4.9775 0.39780790337218879804
4.9825 0.39781175446957295350
4.9875 0.39781575752261383316
4.9925 0.39781988955918068385
4.9975 0.39782412669501610036
5.0025 0.39782865190775923425
5.0075 0.39783328667156647729
5.0125 0.39783807219116457121
5.0175 0.39784300263855237878
5.0225 0.39784822364035155040
5.0275 0.39785351264802049087
5.0325 0.39785906731532033609
5.0375 0.39786470516952543441
5.0425 0.39787057405308451363
5.0475 0.39787648802788616598
5.0525 0.39788252814890162634
5.0575 0.39788862721277956647
5.0625 0.39789484999663282672
5.0675 0.39790116640710376794
5.0725 0.39790750201599778269
5.0775 0.39791391626000766069
5.0825 0.39792048724598666487
5.0875 0.39792706709672287513
5.0925 0.39793361960478879080
5.0975 0.39794035862853055496
5.1025 0.39794699892318174950
5.1075 0.39795357149725657520
5.1125 0.39796015740867402011
5.1175 0.39796656793449503020
5.1225 0.39797292837075426419
5.1275 0.39797907944883703646
5.1325 0.39798502498998922228
5.1375 0.39799068964250317038
5.1425 0.39799611859403249969
5.1475 0.39800135126659319518
5.1525 0.39800626384309584216
5.1575 0.39801072469739873227
5.1625 0.39801482654758629787
5.1675 0.39801858911399901064
5.1725 0.39802191972801903574
5.1775 0.39802472584183717919
5.1825 0.39802721790110417999
5.1875 0.39802901624141401316
5.1925 0.39803033027362039187
5.1975 0.39803117122332726252
5.2025 0.39803131465112140397
5.2075 0.39803083430635588513
5.2125 0.39802966434731401613
5.2175 0.39802775555183794731
5.2225 0.39802512968838738017
5.2275 0.39802170701968414557
5.2325 0.39801744855853748994
5.2375 0.39801230073247773067
5.2425 0.39800614521746441321
5.2475 0.39799920170472186109
5.2525 0.39799127679522766643
5.2575 0.39798227356557491774
5.2625 0.39797240784975057570
5.2675 0.39796155449008574490
5.2725 0.39794960759990138932
5.2775 0.39793662336050217299
5.2825 0.39792236953133069965
5.2875 0.39790695605406106727
5.2925 0.39789034100291864604
5.2975 0.39787222741641903312
5.3025 0.39785264552681420813
5.3075 0.39783161807148775813
5.3125 0.39780892268168943637
5.3175 0.39778444860884326628
5.3225 0.39775805937543018409
5.3275 0.39772963304086367264
5.3325 0.39769900292891213756
5.3375 0.39766605699457896472
5.3425 0.39763051224257384142
5.3475 0.39759218708937804632
5.3525 0.39755090193441960933
5.3575 0.39750638835870538701
5.3625 0.39745845855724176721
5.3675 0.39740690814457996227
5.3725 0.39735139796257745726
5.3775 0.39729172664403822335
5.3825 0.39722776801352888132
5.3875 0.39715923764426952491
5.3925 0.39708590164166679415
5.3975 0.39700769192597645807
5.4025 0.39692446132521480573
5.4075 0.39683620993024576462
5.4125 0.39674287893593790377
5.4175 0.39664455565758427458
5.4225 0.39654114790756134212
5.4275 0.39643290695740712737
5.4325 0.39632001106327541251
5.4375 0.39620264542205552161
5.4425 0.39608094217785722035
5.4475 0.39595514020515953924
5.4525 0.39582526686892005596
5.4575 0.39569136423846729134
5.4625 0.39555361292176821619
5.4675 0.39541249164655595250
5.4725 0.39526888844139257406
5.4775 0.39512397148559053051
5.4825 0.39497903957636926187
5.4875 0.39483509236446606705
5.4925 0.39469310251072703410
5.4975 0.39455371558947555100
5.5025 0.39441806117095395967
5.5075 0.39428736336143954677
5.5125 0.39416307185993215700
5.5175 0.39404662732906148292
5.5225 0.39393964027107708503
5.5275 0.39384427977445252145
5.5325 0.39376295090719654057
5.5375 0.39369806262811368747
5.5425 0.39365101571410970882
5.5475 0.39362186259506426467
5.5525 0.39360912003770665013
5.5575 0.39361003879877448641
5.5625 0.39362239824019396028
5.5675 0.39364430478152451220
5.5725 0.39367487109256971145
5.5775 0.39371364387400831220
5.5825 0.39375975148620112609
5.5875 0.39381171825251293228
5.5925 0.39386797332576156672
5.5975 0.39392726482175233205
5.6025 0.39398918163206375631
5.6075 0.39405406087618571886
5.6125 0.39412249216802042184
5.6175 0.39419467492253001950
5.6225 0.39427049757912080441
5.6275 0.39434935263929349336
5.6325 0.39443068973437178659
5.6375 0.39451403004988522261
5.6425 0.39459893947553337235
5.6475 0.39468524759028084103
5.6525 0.39477272749216957282
5.6575 0.39486113532128530590
5.6625 0.39495029691239275094
5.6675 0.39503977376042620495
5.6725 0.39512883239691637405
5.6775 0.39521638111727919185
5.6825 0.39530094496171103158
5.6875 0.39538099099516349488
5.6925 0.39545499145414847453
5.6975 0.39552169229385369942
5.7025 0.39558024533328306482
5.7075 0.39562992389117307424
5.7125 0.39567007705803908246
5.7175 0.39570007610968016554
5.7225 0.39571921719306690779
5.7275 0.39572735720458129816
5.7325 0.39572482452197876857
5.7375 0.39571264546403034368
5.7425 0.39569237116682859368
5.7475 0.39566565354634275486
5.7525 0.39563430638488739088
5.7575 0.39559981107301228631
5.7625 0.39556372567221659287
5.7675 0.39552727320374481135
5.7725 0.39549136336144741222
5.7775 0.39545691277849159828
5.7825 0.39542473316321208321
5.7875 0.39539571262518202754
5.7925 0.39537094828253760426
5.7975 0.39535124545432415166
5.8025 0.39533721213473976830
5.8075 0.39532881084302884389
5.8125 0.39532572664945242469
5.8175 0.39532777959332487949
5.8225 0.39533465682012675080
5.8275 0.39534640332531040263
5.8325 0.39536282735170569236
5.8375 0.39538374928586689228
5.8425 0.39540906491510785514
5.8475 0.39543872966416898640
5.8525 0.39547334318042209889
5.8575 0.39551381065909130275
5.8625 0.39556185358013096209
5.8675 0.39561940712425219813
5.8725 0.39568796246106124892
5.8775 0.39576846117069952591
5.8825 0.39586113371721559639
5.8875 0.39596554568704361854
5.8925 0.39608149853261187534
5.8975 0.39620854296867652478
5.9025 0.39634640107770285899
5.9075 0.39649441436140392403
5.9125 0.39665178191792532791
5.9175 0.39681781127832221889
5.9225 0.39699174213466975614
5.9275 0.39717295832998988914
5.9325 0.39736087720381563226
5.9375 0.39755460824324656555
5.9425 0.39775326996046084238
5.9475 0.39795627983140896555
5.9525 0.39816315425527815108
5.9575 0.39837378999985079142
5.9625 0.39858767920173782118
5.9675 0.39880411625068867831
5.9725 0.39902217249452975878
5.9775 0.39924075379127077490
5.9825 0.39945908952026365490
5.9875 0.39967633165767391112
5.9925 0.39989198983689050459
5.9975 0.40010532199442755408
6.0025 0.40031572096402667782
6.0075 0.40052285465143350196
6.0125 0.40072639526168207791
6.0175 0.40092616912955864050
6.0225 0.40112207536567046073
6.0275 0.40131419717515481871
6.0325 0.40150310445200870779
6.0375 0.40168968394803494792
6.0425 0.40187530047466463179
6.0475 0.40206141962460273387
6.0525 0.40224924239001613735
6.0575 0.40244019426203359036
6.0625 0.40263566041369991400
6.0675 0.40283707433128929098
6.0725 0.40304604909312091721
6.0775 0.40326396637754385877
6.0825 0.40349184152589839814
6.0875 0.40373035627839115591
6.0925 0.40397900256154389842
6.0975 0.40423677284109166274
6.1025 0.40450211126099544501
6.1075 0.40477351803623157211
6.1125 0.40504933329998660252
6.1175 0.40532825962801588560
6.1225 0.40560872144021309360
6.1275 0.40588934900769180203
6.1325 0.40616834122509359872
6.1375 0.40644425161966674098
6.1425 0.40671525738273961448
6.1475 0.40697951930200149118
6.1525 0.40723516258047642857
6.1575 0.40748000567388120707
6.1625 0.40771183863454563134
6.1675 0.40792801491680108494
6.1725 0.40812586832724667696
6.1775 0.40830271181229249589
6.1825 0.40845626734996759444
6.1875 0.40858481172207478105
6.1925 0.40868788463815092227
6.1975 0.40876612785828159158
6.2025 0.40882105805245189112
6.2075 0.40885470816695168583
6.2125 0.40886885986867177456
6.2175 0.40886496116557369263
6.2225 0.40884450399746641303
6.2275 0.40880886941014149549
6.2325 0.40875988125962287034
6.2375 0.40869924945273022887
6.2425 0.40862890039045840496
6.2475 0.40855075048204453347
6.2525 0.40846670619020186699
6.2575 0.40837861532737890213
6.2625 0.40828805050279182165
6.2675 0.40819590733641120117
6.2725 0.40810258669251292529
6.2775 0.40800776113369657816
6.2825 0.40791068706758365492
6.2875 0.40781031855301680400
6.2925 0.40770555525328355806
6.2975 0.40759571336012956344
6.3025 0.40748038614371473454
6.3075 0.40735943594621698560
6.3125 0.40723264972783640436
6.3175 0.40709963495952511403
6.3225 0.40695973358907439055
6.3275 0.40681227856101825902
6.3325 0.40665660640700501682
6.3375 0.40649210224740967012
6.3425 0.40631828304409800534
6.3475 0.40613484902000612786
6.3525 0.40594166688952010302
6.3575 0.40573895363905215783
6.3625 0.40552704742198381060
6.3675 0.40530632303769259517
6.3725 0.40507720340731945274
6.3775 0.40483977583214714180
6.3825 0.40459411544479562117
6.3875 0.40433950754135156158
6.3925 0.40407537002197196907
6.3975 0.40380047214461678440
6.4025 0.40351396675126915969
6.4075 0.40321538954885444150
6.4125 0.40290496299525863089
6.4175 0.40258348024317786029
6.4225 0.40225218940395024436
6.4275 0.40191270940370366072
6.4325 0.40156649975640479333
6.4375 0.40121553801287296315
6.4425 0.40086168948012407265
6.4475 0.40050712990610787267
6.4525 0.40015365525664114976
6.4575 0.39980269142122870640
6.4625 0.39945476587926154188
6.4675 0.39910938466799106283
6.4725 0.39876494053548167118
6.4775 0.39841967481468493206
6.4825 0.39807175688602208785
6.4875 0.39771985083300548380
6.4925 0.39736333852870309169
6.4975 0.39700191868612016988
6.5025 0.39663531283177005937
6.5075 0.39626291045529893342
6.5125 0.39588387176078038143
6.5175 0.39549727528472844451
6.5225 0.39510197719307726949
6.5275 0.39469712475366963700
6.5325 0.39428274190587664361
6.5375 0.39385930028198645747
6.5425 0.39342813935577419793
6.5475 0.39299062003563867140
6.5525 0.39254851787105754513
6.5575 0.39210357617381597084
6.5625 0.39165748349855761257
6.5675 0.39121177838542486871
6.5725 0.39076764466790930852
6.5775 0.39032584836784850468
6.5825 0.38988704504147042584
6.5875 0.38945227921132291593
6.5925 0.38902284062373387874
6.5975 0.38860052267128586401
6.6025 0.38818711561869190252
6.6075 0.38778412890502134136
6.6125 0.38739269038022772218
6.6175 0.38701342791001458465
6.6225 0.38664691220854507936
6.6275 0.38629346488045468444
6.6325 0.38595351775571623554
6.6375 0.38562735906137907138
6.6425 0.38531484876912108772
6.6475 0.38501574002589927792
6.6525 0.38472992819973172995
6.6575 0.38445743336337107054
6.6625 0.38419847774069887381
6.6675 0.38395317749242235950
6.6725 0.38372162477146853909
6.6775 0.38350383504054064154
6.6825 0.38330006685154305313
6.6875 0.38311095857511129337
6.6925 0.38293767798295946791
6.6975 0.38278153516696528103
6.7025 0.38264356433153007275
6.7075 0.38252446178827109735
6.7125 0.38242427085297453493
6.7175 0.38234269559263783789
6.7225 0.38227940410340066624
6.7275 0.38223443079334962214
6.7325 0.38220807531907646792
6.7375 0.38220073104035540146
6.7425 0.38221284505765629191
6.7475 0.38224439654087088991
6.7525 0.38229499632745295168
6.7575 0.38236396422045315635
6.7625 0.38245060167021371900
6.7675 0.38255432879077272412
6.7725 0.38267486410534551355
6.7775 0.38281200892334743546
6.7825 0.38296575031395818645
6.7875 0.38313611975988892677
6.7925 0.38332315716771292458
6.7975 0.38352694703631234896
6.8025 0.38374719150518077360
6.8075 0.38398331452627509908
6.8125 0.38423462236194372288
6.8175 0.38450036211396654284
6.8225 0.38477989802398365748
6.8275 0.38507248135417349033
6.8325 0.38537743150204778475
6.8375 0.38569406082072960062
6.8425 0.38602195495982566387
6.8475 0.38636099243725563479
6.8525 0.38671126564379099122
6.8575 0.38707332443008968248
6.8625 0.38744796523971741786
6.8675 0.38783659719111446273
6.8725 0.38824111559658797121
6.8775 0.38866340604265292580
6.8825 0.38910512829665339085
6.8875 0.38956719737267836434
6.8925 0.39005050158101822744
6.8975 0.39055598592870027774
6.9025 0.39108522144606611137
6.9075 0.39163970147034371516
6.9125 0.39222055122879639910
6.9175 0.39282801751001783508
6.9225 0.39346183180345101205
6.9275 0.39412140173860937820
6.9325 0.39480614219744919469
6.9375 0.39551568447291629571
6.9425 0.39624958756135109095
6.9475 0.39700743319092429706
6.9525 0.39778904103399459480
6.9575 0.39859446101628270842
6.9625 0.39942452884044971073
6.9675 0.40028077773528986105
6.9725 0.40116526551186787453
6.9775 0.40207991329924164248
6.9825 0.40302616356946480147
6.9875 0.40400478685121882227
6.9925 0.40501614441514499632
6.9975 0.40606073190438563003
7.0025 0.40713893203806067467
7.0075 0.40825112793771145547
7.0125 0.40939739213419229502
7.0175 0.41057734063222273146
7.0225 0.41179016865145579018
7.0275 0.41303467490022843789
7.0325 0.41430952475035603966
7.0375 0.41561329168319388616
7.0425 0.41694455669424151933
7.0475 0.41830168195979428036
7.0525 0.41968256451008267849
7.0575 0.42108499020011880276
7.0625 0.42250685027236867253
7.0675 0.42394634727952190678
7.0725 0.42540228132515395254
7.0775 0.42687348446830702953
7.0825 0.42835883387554340995
7.0875 0.42985732173759516606
7.0925 0.43136813132816886895
7.0975 0.43289065834150353140
7.1025 0.43442442221594368412
7.1075 0.43596884931011448128
7.1125 0.43752345218922289449
7.1175 0.43908780763250060408
7.1225 0.44066204255064217454
7.1275 0.44224646042890236597
7.1325 0.44384177567726562641
7.1375 0.44544809604235935385
7.1425 0.44706547445646838135
7.1475 0.44869321055573718748
7.1525 0.45033011963491664797
7.1575 0.45197433095678202220
7.1625 0.45362328929080791839
7.1675 0.45527417972370759491
7.1725 0.45692403178848428613
7.1775 0.45856991825109116867
7.1825 0.46020913005310426502
7.1875 0.46183896732790385986
7.1925 0.46345687598511342564
7.1975 0.46506045533600554043
7.2025 0.46664751526979231233
7.2075 0.46821576782517865256
7.2125 0.46976214036593505474
7.2175 0.47128262753095567783
7.2225 0.47277250739510751076
7.2275 0.47422654060465613268
7.2325 0.47563998865598239307
7.2375 0.47700846846458055950
7.2425 0.47832787373132623632
7.2475 0.47959418579480117550
7.2525 0.48080307496062063555
7.2575 0.48194982810045011723
7.2625 0.48302961203072225516
7.2675 0.48403764523904280193
7.2725 0.48496928053793558755
7.2775 0.48582034798412238041
7.2825 0.48658685944860596839
7.2875 0.48726538748733716488
7.2925 0.48785284290030522802
7.2975 0.48834692796845502460
7.3025 0.48874564041288059979
7.3075 0.48904715321671315964
7.3125 0.48924924104053313378
7.3175 0.48934967164845077914
7.3225 0.48934636984541846072
7.3275 0.48923751183750424643
7.3325 0.48902096162621855324
7.3375 0.48869413098849517896
7.3425 0.48825327893896625087
7.3475 0.48769388710934452602
7.3525 0.48701146797955235934
7.3575 0.48620223279518737236
7.3625 0.48526401563017962371
7.3675 0.48419609682335779111
7.3725 0.48299894294210565793
7.3775 0.48167354794836908516
7.3825 0.48022103563644419344
7.3875 0.47864255144075978921
7.3925 0.47693945667965503832
7.3975 0.47511383515641092412
7.4025 0.47316889625379110473
7.4075 0.47110850505724294335
7.4125 0.46893703187265750598
7.4175 0.46665873857814621495
7.4225 0.46427764242140884265
7.4275 0.46179762447905081668
7.4325 0.45922289300438640103
7.4375 0.45655801720091282458
7.4425 0.45380812193390818177
7.4475 0.45097848341000218442
7.4525 0.44807438677669164662
7.4575 0.44510100033907756822
7.4625 0.44206316979597493066
7.4675 0.43896567830652238884
7.4725 0.43581301681616946286
7.4775 0.43260954295221237809
7.4825 0.42935909455677828683
7.4875 0.42606533602014745599
7.4925 0.42273177073242135249
7.4975 0.41936227027605971207
7.5025 0.41596093941502920721
7.5075 0.41253265424733875921
7.5125 0.40908250177770588696
7.5175 0.40561576690285539026
7.5225 0.40213804782237455582
7.5275 0.39865481221168186377
7.5325 0.39517181350859281741
7.5375 0.39169426137019708323
7.5425 0.38822695038017834834
7.5475 0.38477409398795042739
7.5525 0.38133932178233753696
7.5575 0.37792603360758419972
7.5625 0.37453764886424378844
7.5675 0.37117764463838376354
7.5725 0.36784972239382229819
7.5775 0.36455738245616353677
7.5825 0.36130437826053252159
7.5875 0.35809415922413001532
7.5925 0.35492985873241911232
7.5975 0.35181455387062215978
7.6025 0.34875096581864600820
7.6075 0.34574174453018857722
7.6125 0.34278934762327750718
7.6175 0.33989606989990578390
7.6225 0.33706423904101784350
7.6275 0.33429634936905688880
7.6325 0.33159507008230176828
7.6375 0.32896292280163991206
7.6425 0.32640176274144339086
7.6475 0.32391242193709712804
7.6525 0.32149481591421791293
7.6575 0.31914833264547748382
7.6625 0.31687225307560418219
7.6675 0.31466594550663434804
7.6725 0.31252899546992490842
7.6775 0.31046084039879801031
7.6825 0.30846072886222908327
7.6875 0.30652793365397468239
7.6925 0.30466163358899561731
7.6975 0.30286164162775769393
7.7025 0.30112788727294892421
7.7075 0.29946002633493129519
7.7125 0.29785797548170278581
7.7175 0.29632121818737539032
7.7225 0.29484910710719314242
7.7275 0.29344091787900766777
7.7325 0.29209535968316752141
7.7375 0.29081100828204797804
7.7425 0.28958623194905258602
7.7475 0.28841975481264181536
7.7525 0.28731028760493254604
7.7575 0.28625736524124212323
7.7625 0.28526088887123879356
7.7675 0.28432108498722491463
7.7725 0.28343897946141555222
7.7775 0.28261575795499993546
7.7825 0.28185332043189981199
7.7875 0.28115352390138187433
7.7925 0.28051861248164738916
7.7975 0.27995093367366441495
7.8025 0.27945295651078538857
7.8075 0.27902705662713550572
7.8125 0.27867578105338752792
7.8175 0.27840098551617581402
7.8225 0.27820453399934780281
7.8275 0.27808799070197115499
7.8325 0.27805252478968739416
7.8375 0.27809937195633610552
7.8425 0.27822930620463082185
7.8475 0.27844273097839361553
7.8525 0.27873959543730764121
7.8575 0.27911914220514172369
7.8625 0.27958107980484053767
7.8675 0.28012533780023296526
7.8725 0.28075255941567767159
7.8775 0.28146369703753743030
7.8825 0.28226038849705964440
7.8875 0.28314423267174332333
7.8925 0.28411687333799684474
7.8975 0.28517982756694115754
7.9025 0.28633438741378552939
7.9075 0.28758155110444433289
7.9125 0.28892230992231726638
7.9175 0.29035759435664115768
7.9225 0.29188858711888776565
7.9275 0.29351687963876244014
7.9325 0.29524403603689158837
7.9375 0.29707172980516122207
7.9425 0.29900138474200688155
7.9475 0.30103410626195348243
7.9525 0.30317022242082114492
7.9575 0.30540968374183796730
7.9625 0.30775217991720288380
7.9675 0.31019739487022257585
7.9725 0.31274593708885162213
7.9775 0.31539864595878508435
7.9825 0.31815713846951682031
7.9875 0.32102261571117185479
7.9925 0.32399601246841530644
7.9975 0.32707785667002681196
8.0025 0.33026932098500855206
8.0075 0.33357277523558687138
8.0125 0.33699191596206429233
8.0175 0.34053150783553259862
8.0225 0.34419698692752037639
8.0275 0.34799432912058897438
8.0325 0.35192996605732368431
8.0375 0.35601175826329428675
8.0425 0.36024803181531461771
8.0475 0.36464776156961736797
8.0525 0.36922012645105434236
8.0575 0.37397407005013139081
8.0625 0.37891791126464624551
8.0675 0.38406072466665885923
8.0725 0.38941190358220445500
8.0775 0.39498194212995713093
8.0825 0.40078261101743778427
8.0875 0.40682558258214729374
8.0925 0.41312328563680689175
8.0975 0.41968780041875702880
8.1025 0.42653166463077907267
8.1075 0.43366855946071763972
8.1125 0.44111266340158422627
8.1175 0.44887930480640264586
8.1225 0.45698469932090385326
8.1275 0.46544574342570166348
8.1325 0.47427971598690815691
8.1375 0.48350398375817144059
8.1425 0.49313649858276636939
8.1475 0.50319683154998517960
8.1525 0.51370581922174241019
8.1575 0.52468676981907536039
8.1625 0.53616422993597456781
8.1675 0.54816340478197445041
8.1725 0.56070902283553614165
8.1775 0.57382531169335093679
8.1825 0.58753503578395727125
8.1875 0.60185978694803665690
8.1925 0.61681982805675139581
8.1975 0.63243457587910933970
8.2025 0.64872197927262109651
8.2075 0.66569919355006124118
8.2125 0.68338139650344742471
8.2175 0.70178220095614129992
8.2225 0.72091263130964744477
8.2275 0.74078106503190976895
8.2325 0.76139354170452389070
8.2375 0.78275471954175301903
8.2425 0.80486644621215674977
8.2475 0.82772837835200996359
8.2525 0.85133627681012002952
8.2575 0.87568164648733148869
8.2625 0.90075163170821936909
8.2675 0.92652877697224622633
8.2725 0.95298965966216664381
8.2775 0.98010376952911759663
8.2825 1.00783194761879779655
8.2875 1.03612368955456113362
8.2925 1.06491679868362520978
8.2975 1.09413594062948749119
8.3025 1.12369194398429628201
8.3075 1.15348172567987106163
8.3125 1.18338647935514873488
8.3175 1.21326859623162652824
8.3225 1.24296973517483611005
8.3275 1.27230695567135998481
8.3325 1.30107082460522205380
8.3375 1.32902201993729485174
8.3425 1.35589122151579299924
8.3475 1.38137716983400138382
8.3525 1.40514621143646278867
8.3575 1.42683437435161342144
8.3625 1.44604875476017302738
8.3675 1.46236927517097692331
8.3725 1.47535417945056956945
8.3775 1.48454496779342659529
8.3825 1.48947097417439011657
8.3875 1.48966168444255653291
8.3925 1.48465999311325047572
8.3975 1.47403770835233349779
8.4025 1.45741215278011537748
8.4075 1.43446358886112590447
8.4125 1.40495654592545982098
8.4175 1.36876319984046435074
8.4225 1.32588930457886533532
8.4275 1.27650059742009092112
8.4325 1.22093894368228861325
8.4375 1.15971814046953181077
8.4425 1.09348708133683070187
8.4475 1.02295258490051321765
8.4525 0.94878002614677081628
8.4575 0.87154821438391083532
8.4625 0.79182672288010791384
8.4675 0.71036501680960850713
8.4725 0.62826756282986506719
8.4775 0.54702073434166731403
8.4825 0.46833165242317525978
8.4875 0.39386085319501018542
8.4925 0.32499700000962228330
8.4975 0.26276416090754928234
8.5025 0.20782732385509339323
8.5075 0.16051310087505588076
8.5125 0.12082084285043306893
8.5175 0.08844457760863923268
8.5225 0.06281831234110100970
8.5275 0.04317991646471034534
8.5325 0.02864533721699195554
8.5375 0.01828491051999003511
8.5425 0.01119372296727100084
8.5475 0.00654863384622486437
8.5525 0.00364703298649755089
8.5575 0.00192537546304328059
8.5625 0.00095917592356412897
8.5675 0.00044868412642200419
8.5725 0.00019602645512516284
8.5775 0.00007952292009348677
8.5825 0.00002976639998395846
8.5875 0.00001021003775520496
8.5925 0.00000318522408430621
8.5975 0.00000089642980115364
8.6025 0.00000022557294380064
8.6075 0.00000005026081649040
8.6125 0.00000000981146207341
8.6175 0.00000000165868652544
8.6225 0.00000000023978524031
8.6275 0.00000000002923505114
8.6325 0.00000000000296109606
8.6375 0.00000000000024508006
8.6425 0.00000000000001627971
8.6475 0.00000000000000085097
8.6525 0.00000000000000003426
8.6575 0.00000000000000000104
8.6625 0.00000000000000000002
8.6675 0.00000000000000000000
8.6725 0.00000000000000000000
8.6775 0.00000000000000000000
8.6825 0.00000000000000000000
8.6875 0.00000000000000000000
8.6925 0.00000000000000000000
8.6975 0.00000000000000000000
8.7025 0.00000000000000000000
8.7075 0.00000000000000000000
8.7125 0.00000000000000000000
8.7175 0.00000000000000000000
8.7225 0.00000000000000000000
8.7275 0.00000000000000000000
8.7325 0.00000000000000000000
8.7375 0.00000000000000000000
8.7425 0.00000000000000000000
8.7475 0.00000000000000000000
8.7525 0.00000000000000000000
8.7575 0.00000000000000000000
8.7625 0.00000000000000000000
8.7675 0.00000000000000000000
8.7725 0.00000000000000000000
8.7775 0.00000000000000000000
8.7825 0.00000000000000000000
8.7875 0.00000000000000000000
8.7925 0.00000000000000000000
8.7975 0.00000000000000000000
8.8025 0.00000000000000000000
8.8075 0.00000000000000000000
8.8125 0.00000000000000000000
8.8175 0.00000000000000000000
8.8225 0.00000000000000000000
8.8275 0.00000000000000000000
8.8325 0.00000000000000000000
8.8375 0.00000000000000000000
8.8425 0.00000000000000000000
8.8475 0.00000000000000000000
8.8525 0.00000000000000000000
8.8575 0.00000000000000000000
8.8625 0.00000000000000000000
8.8675 0.00000000000000000000
8.8725 0.00000000000000000000
8.8775 0.00000000000000000000
8.8825 0.00000000000000000000
8.8875 0.00000000000000000000
8.8925 0.00000000000000000000
8.8975 0.00000000000000000000
8.9025 0.00000000000000000000
8.9075 0.00000000000000000000
8.9125 0.00000000000000000000
8.9175 0.00000000000000000000
8.9225 0.00000000000000000000
8.9275 0.00000000000000000000
8.9325 0.00000000000000000000
8.9375 0.00000000000000000000
8.9425 0.00000000000000000000
8.9475 0.00000000000000000000
8.9525 0.00000000000000000000
8.9575 0.00000000000000000000
8.9625 0.00000000000000000000
8.9675 0.00000000000000000000
8.9725 0.00000000000000000000
8.9775 0.00000000000000000000
8.9825 0.00000000000000000000
8.9875 0.00000000000000000000
8.9925 0.00000000000000000000
8.9975 0.00000000000000000000
9.0025 0.00000000000000000000
9.0075 0.00000000000000000000
9.0125 0.00000000000000000000
9.0175 0.00000000000000000000
9.0225 0.00000000000000000000
9.0275 0.00000000000000000000
9.0325 0.00000000000000000000
9.0375 0.00000000000000000000
9.0425 0.00000000000000000000
9.0475 0.00000000000000000000
9.0525 0.00000000000000000000
9.0575 0.00000000000000000000
9.0625 0.00000000000000000000
9.0675 0.00000000000000000000
9.0725 0.00000000000000000000
9.0775 0.00000000000000000000
9.0825 0.00000000000000000000
9.0875 0.00000000000000000000
9.0925 0.00000000000000000000
9.0975 0.00000000000000000000
9.1025 0.00000000000000000000
9.1075 0.00000000000000000000
9.1125 0.00000000000000000000
9.1175 0.00000000000000000000
9.1225 0.00000000000000000000
9.1275 0.00000000000000000000
9.1325 0.00000000000000000000
9.1375 0.00000000000000000000
9.1425 0.00000000000000000000
9.1475 0.00000000000000000000
9.1525 0.00000000000000000000
9.1575 0.00000000000000000000
9.1625 0.00000000000000000000
9.1675 0.00000000000000000000
9.1725 0.00000000000000000000
9.1775 0.00000000000000000000
9.1825 0.00000000000000000000
9.1875 0.00000000000000000000
9.1925 0.00000000000000000000
9.1975 0.00000000000000000000
9.2025 0.00000000000000000000
9.2075 0.00000000000000000000
9.2125 0.00000000000000000000
9.2175 0.00000000000000000000
9.2225 0.00000000000000000000
9.2275 0.00000000000000000000
9.2325 0.00000000000000000000
9.2375 0.00000000000000000000
9.2425 0.00000000000000000000
9.2475 0.00000000000000000000
9.2525 0.00000000000000000000
9.2575 0.00000000000000000000
9.2625 0.00000000000000000000
9.2675 0.00000000000000000000
9.2725 0.00000000000000000000
9.2775 0.00000000000000000000
9.2825 0.00000000000000000000
9.2875 0.00000000000000000000
9.2925 0.00000000000000000000
9.2975 0.00000000000000000000
9.3025 0.00000000000000000000
9.3075 0.00000000000000000000
9.3125 0.00000000000000000000
9.3175 0.00000000000000000000
9.3225 0.00000000000000000000
9.3275 0.00000000000000000000
9.3325 0.00000000000000000000
9.3375 0.00000000000000000000
9.3425 0.00000000000000000000
9.3475 0.00000000000000000000
9.3525 0.00000000000000000000
9.3575 0.00000000000000000000
9.3625 0.00000000000000000000
9.3675 0.00000000000000000000
9.3725 0.00000000000000000000
9.3775 0.00000000000000000000
9.3825 0.00000000000000000000
9.3875 0.00000000000000000000
9.3925 0.00000000000000000000
9.3975 0.00000000000000000000
9.4025 0.00000000000000000000
9.4075 0.00000000000000000000
9.4125 0.00000000000000000000
9.4175 0.00000000000000000000
9.4225 0.00000000000000000000
9.4275 0.00000000000000000000
9.4325 0.00000000000000000000
9.4375 0.00000000000000000000
9.4425 0.00000000000000000000
9.4475 0.00000000000000000000
9.4525 0.00000000000000000000
9.4575 0.00000000000000000000
9.4625 0.00000000000000000000
9.4675 0.00000000000000000000
9.4725 0.00000000000000000000
9.4775 0.00000000000000000000
9.4825 0.00000000000000000000
9.4875 0.00000000000000000000
9.4925 0.00000000000000000000
9.4975 0.00000000000000000000
9.5025 0.00000000000000000000
9.5075 0.00000000000000000000
9.5125 0.00000000000000000000
9.5175 0.00000000000000000000
9.5225 0.00000000000000000000
9.5275 0.00000000000000000000
9.5325 0.00000000000000000000
9.5375 0.00000000000000000000
9.5425 0.00000000000000000000
9.5475 0.00000000000000000000
9.5525 0.00000000000000000000
9.5575 0.00000000000000000000
9.5625 0.00000000000000000000
9.5675 0.00000000000000000000
9.5725 0.00000000000000000000
9.5775 0.00000000000000000000
9.5825 0.00000000000000000000
9.5875 0.00000000000000000000
9.5925 0.00000000000000000000
9.5975 0.00000000000000000000
9.6025 0.00000000000000000000
9.6075 0.00000000000000000000
9.6125 0.00000000000000000000
9.6175 0.00000000000000000000
9.6225 0.00000000000000000000
9.6275 0.00000000000000000000
9.6325 0.00000000000000000000
9.6375 0.00000000000000000000
9.6425 0.00000000000000000000
9.6475 0.00000000000000000000
9.6525 0.00000000000000000000
9.6575 0.00000000000000000000
9.6625 0.00000000000000000000
9.6675 0.00000000000000000000
9.6725 0.00000000000000000000
9.6775 0.00000000000000000000
9.6825 0.00000000000000000000
9.6875 0.00000000000000000000
9.6925 0.00000000000000000000
9.6975 0.00000000000000000000
9.7025 0.00000000000000000000
9.7075 0.00000000000000000000
9.7125 0.00000000000000000000
9.7175 0.00000000000000000000
9.7225 0.00000000000000000000
9.7275 0.00000000000000000000
9.7325 0.00000000000000000000
9.7375 0.00000000000000000000
9.7425 0.00000000000000000000
9.7475 0.00000000000000000000
9.7525 0.00000000000000000000
9.7575 0.00000000000000000000
9.7625 0.00000000000000000000
9.7675 0.00000000000000000000
9.7725 0.00000000000000000000
9.7775 0.00000000000000000000
9.7825 0.00000000000000000000
9.7875 0.00000000000000000000
9.7925 0.00000000000000000000
9.7975 0.00000000000000000000
9.8025 0.00000000000000000000
9.8075 0.00000000000000000000
9.8125 0.00000000000000000000
9.8175 0.00000000000000000000
9.8225 0.00000000000000000000
9.8275 0.00000000000000000000
9.8325 0.00000000000000000000
9.8375 0.00000000000000000000
9.8425 0.00000000000000000000
9.8475 0.00000000000000000000
9.8525 0.00000000000000000000
9.8575 0.00000000000000000000
9.8625 0.00000000000000000000
9.8675 0.00000000000000000000
9.8725 0.00000000000000000000
9.8775 0.00000000000000000000
9.8825 0.00000000000000000000
9.8875 0.00000000000000000000
9.8925 0.00000000000000000000
9.8975 0.00000000000000000000
9.9025 0.00000000000000000000
9.9075 0.00000000000000000000
9.9125 0.00000000000000000000
9.9175 0.00000000000000000000
9.9225 0.00000000000000000000
9.9275 0.00000000000000000000
9.9325 0.00000000000000000000
9.9375 0.00000000000000000000
9.9425 0.00000000000000000000
9.9475 0.00000000000000000000
9.9525 0.00000000000000000000
9.9575 0.00000000000000000000
9.9625 0.00000000000000000000
9.9675 0.00000000000000000000
9.9725 0.00000000000000000000
9.9775 0.00000000000000000000
9.9825 0.00000000000000000000
9.9875 0.00000000000000000000
9.9925 0.00000000000000000000
9.9975 0.00000000000000000000
