xbins rho
0.0025 0.00000000000000000000
0.0075 0.00000000000000000000
0.0125 0.00000000000000000000
0.0175 0.00000000000000000000
0.0225 0.00000000000000000000
0.0275 0.00000000000000000000
0.0325 0.00000000000000000000
0.0375 0.00000000000000000000
0.0425 0.00000000000000000000
0.0475 0.00000000000000000000
0.0525 0.00000000000000000000
0.0575 0.00000000000000000000
0.0625 0.00000000000000000000
0.0675 0.00000000000000000000
0.0725 0.00000000000000000000
0.0775 0.00000000000000000000
0.0825 0.00000000000000000000
0.0875 0.00000000000000000000
0.0925 0.00000000000000000000
0.0975 0.00000000000000000000
0.1025 0.00000000000000000000
0.1075 0.00000000000000000000
0.1125 0.00000000000000000000
0.1175 0.00000000000000000000
0.1225 0.00000000000000000000
0.1275 0.00000000000000000000
0.1325 0.00000000000000000000
0.1375 0.00000000000000000000
0.1425 0.00000000000000000000
0.1475 0.00000000000000000000
0.1525 0.00000000000000000000
0.1575 0.00000000000000000000
0.1625 0.00000000000000000000
0.1675 0.00000000000000000000
0.1725 0.00000000000000000000
0.1775 0.00000000000000000000
0.1825 0.00000000000000000000
0.1875 0.00000000000000000000
0.1925 0.00000000000000000000
0.1975 0.00000000000000000000
0.2025 0.00000000000000000000
0.2075 0.00000000000000000000
0.2125 0.00000000000000000000
0.2175 0.00000000000000000000
0.2225 0.00000000000000000000
0.2275 0.00000000000000000000
0.2325 0.00000000000000000000
0.2375 0.00000000000000000000
0.2425 0.00000000000000000000
0.2475 0.00000000000000000000
0.2525 0.00000000000000000000
0.2575 0.00000000000000000000
0.2625 0.00000000000000000000
0.2675 0.00000000000000000000
0.2725 0.00000000000000000000
0.2775 0.00000000000000000000
0.2825 0.00000000000000000000
0.2875 0.00000000000000000000
0.2925 0.00000000000000000000
0.2975 0.00000000000000000000
0.3025 0.00000000000000000000
0.3075 0.00000000000000000000
0.3125 0.00000000000000000000
0.3175 0.00000000000000000000
0.3225 0.00000000000000000000
0.3275 0.00000000000000000000
0.3325 0.00000000000000000000
0.3375 0.00000000000000000000
0.3425 0.00000000000000000000
0.3475 0.00000000000000000000
0.3525 0.00000000000000000000
0.3575 0.00000000000000000000
0.3625 0.00000000000000000000
0.3675 0.00000000000000000000
0.3725 0.00000000000000000000
0.3775 0.00000000000000000000
0.3825 0.00000000000000000000
0.3875 0.00000000000000000000
0.3925 0.00000000000000000000
0.3975 0.00000000000000000000
0.4025 0.00000000000000000000
0.4075 0.00000000000000000000
0.4125 0.00000000000000000000
0.4175 0.00000000000000000000
0.4225 0.00000000000000000000
0.4275 0.00000000000000000000
0.4325 0.00000000000000000000
0.4375 0.00000000000000000000
0.4425 0.00000000000000000000
0.4475 0.00000000000000000000
0.4525 0.00000000000000000000
0.4575 0.00000000000000000000
0.4625 0.00000000000000000000
0.4675 0.00000000000000000000
0.4725 0.00000000000000000000
0.4775 0.00000000000000000000
0.4825 0.00000000000000000000
0.4875 0.00000000000000000000
0.4925 0.00000000000000000000
0.4975 0.00000000000000000000
0.5025 0.00000000000000000000
0.5075 0.00000000000000000000
0.5125 0.00000000000000000000
0.5175 0.00000000000000000000
0.5225 0.00000000000000000000
0.5275 0.00000000000000000000
0.5325 0.00000000000000000000
0.5375 0.00000000000000000000
0.5425 0.00000000000000000000
0.5475 0.00000000000000000000
0.5525 0.00000000000000000000
0.5575 0.00000000000000000000
0.5625 0.00000000000000000000
0.5675 0.00000000000000000000
0.5725 0.00000000000000000000
0.5775 0.00000000000000000000
0.5825 0.00000000000000000000
0.5875 0.00000000000000000000
0.5925 0.00000000000000000000
0.5975 0.00000000000000000000
0.6025 0.00000000000000000000
0.6075 0.00000000000000000000
0.6125 0.00000000000000000000
0.6175 0.00000000000000000000
0.6225 0.00000000000000000000
0.6275 0.00000000000000000000
0.6325 0.00000000000000000000
0.6375 0.00000000000000000000
0.6425 0.00000000000000000000
0.6475 0.00000000000000000000
0.6525 0.00000000000000000000
0.6575 0.00000000000000000000
0.6625 0.00000000000000000000
0.6675 0.00000000000000000000
0.6725 0.00000000000000000000
0.6775 0.00000000000000000000
0.6825 0.00000000000000000000
0.6875 0.00000000000000000000
0.6925 0.00000000000000000000
0.6975 0.00000000000000000000
0.7025 0.00000000000000000000
0.7075 0.00000000000000000000
0.7125 0.00000000000000000000
0.7175 0.00000000000000000000
0.7225 0.00000000000000000000
0.7275 0.00000000000000000000
0.7325 0.00000000000000000000
0.7375 0.00000000000000000000
0.7425 0.00000000000000000000
0.7475 0.00000000000000000000
0.7525 0.00000000000000000000
0.7575 0.00000000000000000000
0.7625 0.00000000000000000000
0.7675 0.00000000000000000000
0.7725 0.00000000000000000000
0.7775 0.00000000000000000000
0.7825 0.00000000000000000000
0.7875 0.00000000000000000000
0.7925 0.00000000000000000000
0.7975 0.00000000000000000000
0.8025 0.00000000000000000000
0.8075 0.00000000000000000000
0.8125 0.00000000000000000000
0.8175 0.00000000000000000000
0.8225 0.00000000000000000000
0.8275 0.00000000000000000000
0.8325 0.00000000000000000000
0.8375 0.00000000000000000000
0.8425 0.00000000000000000000
0.8475 0.00000000000000000000
0.8525 0.00000000000000000000
0.8575 0.00000000000000000000
0.8625 0.00000000000000000000
0.8675 0.00000000000000000000
0.8725 0.00000000000000000000
0.8775 0.00000000000000000000
0.8825 0.00000000000000000000
0.8875 0.00000000000000000000
0.8925 0.00000000000000000000
0.8975 0.00000000000000000000
0.9025 0.00000000000000000000
0.9075 0.00000000000000000000
0.9125 0.00000000000000000000
0.9175 0.00000000000000000000
0.9225 0.00000000000000000000
0.9275 0.00000000000000000000
0.9325 0.00000000000000000000
0.9375 0.00000000000000000000
0.9425 0.00000000000000000000
0.9475 0.00000000000000000000
0.9525 0.00000000000000000000
0.9575 0.00000000000000000000
0.9625 0.00000000000000000000
0.9675 0.00000000000000000000
0.9725 0.00000000000000000000
0.9775 0.00000000000000000000
0.9825 0.00000000000000000000
0.9875 0.00000000000000000000
0.9925 0.00000000000000000000
0.9975 0.00000000000000000000
1.0025 0.00000000000000000000
1.0075 0.00000000000000000000
1.0125 0.00000000000000000000
1.0175 0.00000000000000000000
1.0225 0.00000000000000000000
1.0275 0.00000000000000000000
1.0325 0.00000000000000000000
1.0375 0.00000000000000000000
1.0425 0.00000000000000000000
1.0475 0.00000000000000000000
1.0525 0.00000000000000000000
1.0575 0.00000000000000000000
1.0625 0.00000000000000000000
1.0675 0.00000000000000000000
1.0725 0.00000000000000000000
1.0775 0.00000000000000000000
1.0825 0.00000000000000000000
1.0875 0.00000000000000000000
1.0925 0.00000000000000000000
1.0975 0.00000000000000000000
1.1025 0.00000000000000000000
1.1075 0.00000000000000000000
1.1125 0.00000000000000000000
1.1175 0.00000000000000000000
1.1225 0.00000000000000000000
1.1275 0.00000000000000000000
1.1325 0.00000000000000000000
1.1375 0.00000000000000000000
1.1425 0.00000000000000000000
1.1475 0.00000000000000000000
1.1525 0.00000000000000000000
1.1575 0.00000000000000000000
1.1625 0.00000000000000000000
1.1675 0.00000000000000000000
1.1725 0.00000000000000000000
1.1775 0.00000000000000000000
1.1825 0.00000000000000000000
1.1875 0.00000000000000000000
1.1925 0.00000000000000000000
1.1975 0.00000000000000000000
1.2025 0.00000000000000000000
1.2075 0.00000000000000000000
1.2125 0.00000000000000000000
1.2175 0.00000000000000000000
1.2225 0.00000000000000000000
1.2275 0.00000000000000000000
1.2325 0.00000000000000000000
1.2375 0.00000000000000000000
1.2425 0.00000000000000000000
1.2475 0.00000000000000000000
1.2525 0.00000000000000000000
1.2575 0.00000000000000000000
1.2625 0.00000000000000000000
1.2675 0.00000000000000000000
1.2725 0.00000000000000000000
1.2775 0.00000000000000000000
1.2825 0.00000000000000000000
1.2875 0.00000000000000000000
1.2925 0.00000000000000000000
1.2975 0.00000000000000000000
1.3025 0.00000000000000000000
1.3075 0.00000000000000000000
1.3125 0.00000000000000000000
1.3175 0.00000000000000000000
1.3225 0.00000000000000000000
1.3275 0.00000000000000000000
1.3325 0.00000000000000000000
1.3375 0.00000000000000000000
1.3425 0.00000000000000000000
1.3475 0.00000000000000000000
1.3525 0.00000000000000000000
1.3575 0.00000000000000000000
1.3625 0.00000000000000000000
1.3675 0.00000000000000000000
1.3725 0.00000000000000000000
1.3775 0.00000000000000000000
1.3825 0.00000000000000000000
1.3875 0.00000000000000000000
1.3925 0.00000000000000000000
1.3975 0.00000000000000000000
1.4025 0.00000000000000000000
1.4075 0.00000000000000000000
1.4125 0.00000000000000000000
1.4175 0.00000000000000000000
1.4225 0.00000223262228858099
1.4275 0.00000552202935135395
1.4325 0.00001268631839493080
1.4375 0.00002723070803611114
1.4425 0.00005490376023460392
1.4475 0.00010449858964163347
1.4525 0.00018860621198560533
1.4575 0.00032415590284620233
1.4625 0.00053255870568690955
1.4675 0.00083931487094907249
1.4725 0.00127299270274637403
1.4775 0.00186361675307974116
1.4825 0.00264054537758930206
1.4875 0.00363008431777123164
1.4925 0.00485314602640366313
1.4975 0.00632310784513543441
1.5025 0.00804429207156448153
1.5075 0.01001118165772731973
1.5125 0.01220829829104595234
1.5175 0.01461113021554403743
1.5225 0.01718727954004515765
1.5275 0.01989832670701963124
1.5325 0.02270186139991860544
1.5375 0.02555353876391044596
1.5425 0.02840894910810225563
1.5475 0.03122536200502725942
1.5525 0.03396320109329920706
1.5575 0.03658683936049589996
1.5625 0.03906589561290521595
1.5675 0.04137505248732039481
1.5725 0.04349469589609997883
1.5775 0.04541046302605197121
1.5825 0.04711316521057792861
1.5875 0.04859845855095841494
1.5925 0.04986605212496737771
1.5975 0.05091939322437597643
1.6025 0.05176484013943548346
1.6075 0.05241119002096159690
1.6125 0.05286924511824082212
1.6175 0.05315110206980983021
1.6225 0.05326969093661082510
1.6275 0.05323852663736712565
1.6325 0.05307123155429382955
1.6375 0.05278131116509115345
1.6425 0.05238198875432661938
1.6475 0.05188608618620517421
1.6525 0.05130563195202502563
1.6575 0.05065208979442559906
1.6625 0.04993612315013752634
1.6675 0.04916764109992853571
1.6725 0.04835566903329117233
1.6775 0.04750860842838500880
1.6825 0.04663398634618674821
1.6875 0.04573864250208730525
1.6925 0.04482861273904005517
1.6975 0.04390940103118239068
1.7025 0.04298579454150919243
1.7075 0.04206208082739127524
1.7125 0.04114183707339755941
1.7175 0.04022830363413546634
1.7225 0.03932430415059963436
1.7275 0.03843210141021582982
1.7325 0.03755369707177057259
1.7375 0.03669079413014036256
1.7425 0.03584466913464320198
1.7475 0.03501642846433758449
1.7525 0.03420701624952913328
1.7575 0.03341698713125849929
1.7625 0.03264683193992471560
1.7675 0.03189689760345900543
1.7725 0.03116732193310519858
1.7775 0.03045819785847008951
1.7825 0.02976941094676085683
1.7875 0.02910081148084852840
1.7925 0.02845224712841229464
1.7975 0.02782337543246731285
1.8025 0.02721385726458257909
1.8075 0.02662337629826407384
1.8125 0.02605147113684982974
1.8175 0.02549781470079164752
1.8225 0.02496187157511788393
1.8275 0.02444324282301850448
1.8325 0.02394146571271698817
1.8375 0.02345611353224176174
1.8425 0.02298665574938599243
1.8475 0.02253272633757764584
1.8525 0.02209379011354280914
1.8575 0.02166938023512442191
1.8625 0.02125908218383136192
1.8675 0.02086239352186455495
1.8725 0.02047884198615335105
1.8775 0.02010799086832833552
1.8825 0.01974935474188950144
1.8875 0.01940249776769334064
1.8925 0.01906697149813945183
1.8975 0.01874235293943591479
1.9025 0.01842820931962934825
1.9075 0.01812418492502512746
1.9125 0.01782989609727578251
1.9175 0.01754496854341895326
1.9225 0.01726910706610715329
1.9275 0.01700193661352463609
1.9325 0.01674323409292165915
1.9375 0.01649263556412032192
1.9425 0.01624991100268872654
1.9475 0.01601477341436776530
1.9525 0.01578697696938519829
1.9575 0.01556625059830668567
1.9625 0.01535235375847906515
1.9675 0.01514504890695963883
1.9725 0.01494409457825128865
1.9775 0.01474926183264490751
1.9825 0.01456031723328008419
1.9875 0.01437706660652643235
1.9925 0.01419928344543504653
1.9975 0.01402677942905172261
2.0025 0.01385936748372969089
2.0075 0.01369687455848270924
2.0125 0.01353913103465573947
2.0175 0.01338597665373633325
2.0225 0.01323725740134070947
2.0275 0.01309284525260372319
2.0325 0.01295261029998656145
2.0375 0.01281641463976643074
2.0425 0.01268416452014394825
2.0475 0.01255574018040883123
2.0525 0.01243105849331556899
2.0575 0.01230999849846726828
2.0625 0.01219245898142921024
2.0675 0.01207837968811257927
2.0725 0.01196761592925217783
2.0775 0.01186009095929257094
2.0825 0.01175570318648693283
2.0875 0.01165436014362321651
2.0925 0.01155593543773411440
2.0975 0.01146034918611833070
2.1025 0.01136748780438678885
2.1075 0.01127726290079365465
2.1125 0.01118958500028885764
2.1175 0.01110434276035861083
2.1225 0.01102147246554698208
2.1275 0.01094086025315221984
2.1325 0.01086245045325791303
2.1375 0.01078615184044103524
2.1425 0.01071189786818490045
2.1475 0.01063960716698354389
2.1525 0.01056920628724626610
2.1575 0.01050064102081898175
2.1625 0.01043382135369766948
2.1675 0.01036870537607603032
2.1725 0.01030523182525973185
2.1775 0.01024332585487379085
2.1825 0.01018294863321656842
2.1875 0.01012403874809323159
2.1925 0.01006656084390020536
2.1975 0.01001046190509714134
2.2025 0.00995571265235375112
2.2075 0.00990227134257434631
2.2125 0.00985011530052158808
2.2175 0.00979921244019193657
2.2225 0.00974953366820798147
2.2275 0.00970107330588988737
2.2325 0.00965379658495280069
2.2375 0.00960768534752308792
2.2425 0.00956271480523619190
2.2475 0.00951887074717472012
2.2525 0.00947612796858980991
2.2575 0.00943445955214058073
2.2625 0.00939384848949620030
2.2675 0.00935425299933440035
2.2725 0.00931566265057618033
2.2775 0.00927802821588238208
2.2825 0.00924134231618864085
2.2875 0.00920557989702317815
2.2925 0.00917070271797509017
2.2975 0.00913669667072939881
2.3025 0.00910354482876031372
2.3075 0.00907123207806751798
2.3125 0.00903974357811892365
2.3175 0.00900906186209932819
2.3225 0.00897918183136446439
2.3275 0.00895008907547973319
2.3325 0.00892178015065718186
2.3375 0.00889425165027901178
2.3425 0.00886749741441752136
2.3475 0.00884150768084623895
2.3525 0.00881628933119293391
2.3575 0.00879184168912985897
2.3625 0.00876817107999888767
2.3675 0.00874527504299995109
2.3725 0.00872315334317378191
2.3775 0.00870181528962206061
2.3825 0.00868124307935048273
2.3875 0.00866143890548651436
2.3925 0.00864239493793315765
2.3975 0.00862409569923021195
2.4025 0.00860652413331352423
2.4075 0.00858965915945401025
2.4125 0.00857348815115712391
2.4175 0.00855799600668321302
2.4225 0.00854315733396767210
2.4275 0.00852895807045772093
2.4325 0.00851539046091977919
2.4375 0.00850244415876477699
2.4425 0.00849010479767046446
2.4475 0.00847837298612457574
2.4525 0.00846723348162876401
2.4575 0.00845667832341742871
2.4625 0.00844670555929919950
2.4675 0.00843730638926242123
2.4725 0.00842845585977380039
2.4775 0.00842014117751130678
2.4825 0.00841233835335071164
2.4875 0.00840500529972764907
2.4925 0.00839812527311029761
2.4975 0.00839163983628500587
2.5025 0.00838550692651489175
2.5075 0.00837965970026605458
2.5125 0.00837402585412494981
2.5175 0.00836853609282914128
2.5225 0.00836310067015491078
2.5275 0.00835763322706565420
2.5325 0.00835203082073004456
2.5375 0.00834619831188540898
2.5425 0.00834004885552590107
2.5475 0.00833347078593646255
2.5525 0.00832638154122438204
2.5575 0.00831871837669800190
2.5625 0.00831040921586086341
2.5675 0.00830141510358246848
2.5725 0.00829169257742035093
2.5775 0.00828123361058967326
2.5825 0.00827003528276748674
2.5875 0.00825809190893281482
2.5925 0.00824544629565761994
2.5975 0.00823213874615773451
2.6025 0.00821819994506145166
2.6075 0.00820368579450593549
2.6125 0.00818866540907973312
2.6175 0.00817319794324452772
2.6225 0.00815735816520397027
2.6275 0.00814120601903790125
2.6325 0.00812480318553630843
2.6375 0.00810822236542024267
2.6425 0.00809151386714511249
2.6475 0.00807473407515351543
2.6525 0.00805792118067583454
2.6575 0.00804111420917712379
2.6625 0.00802435260854270083
2.6675 0.00800765659390517692
2.6725 0.00799106123603386849
2.6775 0.00797458055972797078
2.6825 0.00795824421536846932
2.6875 0.00794207422332634562
2.6925 0.00792609549993159718
2.6975 0.00791033533005944256
2.7025 0.00789482313719159015
2.7075 0.00787958601915988988
2.7125 0.00786465877799701236
2.7175 0.00785006151999407750
2.7225 0.00783582724971877871
2.7275 0.00782196743382659702
2.7325 0.00780849641962619821
2.7375 0.00779543340609027864
2.7425 0.00778277332343377086
2.7475 0.00777051573000870580
2.7525 0.00775865422302488613
2.7575 0.00774717607399337538
2.7625 0.00773606211854336884
2.7675 0.00772528927428366759
2.7725 0.00771485022276415140
2.7775 0.00770471318412959023
2.7825 0.00769485490526074841
2.7875 0.00768524611650781442
2.7925 0.00767587290216642688
2.7975 0.00766671381756537859
2.8025 0.00765774622422206192
2.8075 0.00764895264645081268
2.8125 0.00764030625378560747
2.8175 0.00763180183566147460
2.8225 0.00762342340803930790
2.8275 0.00761516536675414628
2.8325 0.00760701311665466350
2.8375 0.00759896889674885421
2.8425 0.00759102574966119114
2.8475 0.00758318366295729612
2.8525 0.00757545198643483960
2.8575 0.00756782711421878987
2.8625 0.00756030391731862556
2.8675 0.00755288406152742481
2.8725 0.00754557306223398519
2.8775 0.00753836489385240321
2.8825 0.00753125656122188934
2.8875 0.00752425449885223488
2.8925 0.00751734153282676131
2.8975 0.00751051967291003174
2.9025 0.00750378893615060143
2.9075 0.00749712831916999820
2.9125 0.00749055060041709832
2.9175 0.00748404382507583503
2.9225 0.00747759829532751268
2.9275 0.00747122024462342632
2.9325 0.00746488754328431502
2.9375 0.00745859730409874702
2.9425 0.00745233795667369324
2.9475 0.00744610720002544454
2.9525 0.00743989092796946624
2.9575 0.00743367570091416595
2.9625 0.00742746700660917077
2.9675 0.00742125713450446367
2.9725 0.00741504761857981337
2.9775 0.00740883490867878542
2.9825 0.00740263102836984967
2.9875 0.00739644183903890966
2.9925 0.00739028174787571823
2.9975 0.00738415909497874747
3.0025 0.00737809183243543637
3.0075 0.00737208196568770163
3.0125 0.00736615344909795616
3.0175 0.00736033023030760111
3.0225 0.00735461420101699015
3.0275 0.00734903439194390436
3.0325 0.00734359745292209078
3.0375 0.00733833041507768805
3.0425 0.00733325346890447913
3.0475 0.00732837117148851629
3.0525 0.00732371505963284788
3.0575 0.00731928620177036901
3.0625 0.00731511086704726091
3.0675 0.00731119565943038219
3.0725 0.00730754584468077447
3.0775 0.00730418060038170829
3.0825 0.00730109764624474900
3.0875 0.00729830756252573126
3.0925 0.00729580722679836185
3.0975 0.00729360075636256624
3.1025 0.00729167942691445140
3.1075 0.00729003842988118749
3.1125 0.00728865962804197375
3.1175 0.00728752602713891948
3.1225 0.00728661900758038883
3.1275 0.00728589887659740042
3.1325 0.00728534657963317983
3.1375 0.00728492516122420438
3.1425 0.00728460177278399124
3.1475 0.00728434043036390363
3.1525 0.00728411501360941467
3.1575 0.00728389638765771213
3.1625 0.00728365996864947969
3.1675 0.00728339278776332991
3.1725 0.00728307653178180640
3.1775 0.00728271113616242322
3.1825 0.00728229730107077342
3.1875 0.00728184615702642205
3.1925 0.00728136368100762172
3.1975 0.00728087152542589849
3.2025 0.00728040077854239139
3.2075 0.00727996959228951503
3.2125 0.00727960861986894862
3.2175 0.00727934606653290496
3.2225 0.00727921249592864642
3.2275 0.00727923896225136924
3.2325 0.00727944387054506748
3.2375 0.00727985708369437764
3.2425 0.00728048878177829217
3.2475 0.00728135108120508707
3.2525 0.00728244663165813089
3.2575 0.00728376594118557413
3.2625 0.00728529183191942761
3.2675 0.00728699620588123872
3.2725 0.00728885645066707812
3.2775 0.00729081847236127695
3.2825 0.00729284576290455382
3.2875 0.00729488860098461735
3.2925 0.00729689892225507831
3.2975 0.00729882810340150897
3.3025 0.00730063977295111570
3.3075 0.00730229346237354273
3.3125 0.00730375891825184309
3.3175 0.00730501042214245534
3.3225 0.00730602297426539028
3.3275 0.00730679654725875476
3.3325 0.00730731734091228952
3.3375 0.00730758467253512286
3.3425 0.00730760174946143339
3.3475 0.00730737092284573526
3.3525 0.00730689689516687228
3.3575 0.00730619893199459941
3.3625 0.00730528326692289967
3.3675 0.00730415804811427542
3.3725 0.00730283739154982854
3.3775 0.00730133449483869046
3.3825 0.00729966618429337549
3.3875 0.00729784087064488159
3.3925 0.00729587494021524327
3.3975 0.00729377637668833251
3.4025 0.00729155311168371272
3.4075 0.00728921403188979682
3.4125 0.00728677745284441597
3.4175 0.00728423281113368178
3.4225 0.00728159595006856123
3.4275 0.00727886714049502150
3.4325 0.00727604815292296099
3.4375 0.00727314403911794808
3.4425 0.00727013624119207062
3.4475 0.00726704473886220954
3.4525 0.00726384561568622130
3.4575 0.00726053822986627746
3.4625 0.00725710686691927610
3.4675 0.00725355170432194669
3.4725 0.00724985156408406838
3.4775 0.00724600389077582462
3.4825 0.00724200926107595403
3.4875 0.00723785176018461925
3.4925 0.00723353941185291092
3.4975 0.00722908024009535823
3.5025 0.00722447437667445534
3.5075 0.00721973580475971863
3.5125 0.00721487884641713786
3.5175 0.00720991650378720577
3.5225 0.00720486364188498065
3.5275 0.00719973398951325068
3.5325 0.00719455501630321664
3.5375 0.00718933285628077425
3.5425 0.00718409420821815650
3.5475 0.00717884577888648883
3.5525 0.00717361201630360452
3.5575 0.00716840360443630944
3.5625 0.00716323580156162740
3.5675 0.00715812620906366125
3.5725 0.00715309001517475725
3.5775 0.00714814216007488880
3.5825 0.00714329484100102111
3.5875 0.00713857472152378079
3.5925 0.00713399815119487597
3.5975 0.00712958484759685426
3.6025 0.00712535332491966589
3.6075 0.00712132867025045812
3.6125 0.00711751704715542048
3.6175 0.00711395162630283368
3.6225 0.00711064462317278611
3.6275 0.00710760972983900344
3.6325 0.00710485249847189661
3.6375 0.00710239237603611968
3.6425 0.00710022308873408704
3.6475 0.00709836557028464300
3.6525 0.00709679343754524797
3.6575 0.00709551916775728441
3.6625 0.00709453274393574869
3.6675 0.00709381537887015211
3.6725 0.00709335171693538033
3.6775 0.00709311795645707274
3.6825 0.00709309246703380449
3.6875 0.00709323796962438736
3.6925 0.00709353531009600333
3.6975 0.00709394149963920358
3.7025 0.00709443099513475291
3.7075 0.00709496064026481771
3.7125 0.00709551305209060647
3.7175 0.00709605785376575451
3.7225 0.00709656478957453388
3.7275 0.00709702892284679292
3.7325 0.00709743689544759925
3.7375 0.00709778143177057508
3.7425 0.00709806710233402104
3.7475 0.00709829676718709991
3.7525 0.00709847787651975235
3.7575 0.00709862299532022182
3.7625 0.00709874864993886422
3.7675 0.00709886765181403766
3.7725 0.00709899398392557866
3.7775 0.00709914648961211796
3.7825 0.00709933594852896546
3.7875 0.00709957536360134468
3.7925 0.00709987331564832652
3.7975 0.00710023755257525174
3.8025 0.00710067200329887651
3.8075 0.00710118190967876182
3.8125 0.00710176332172578282
3.8175 0.00710240987832372415
3.8225 0.00710311065275429782
3.8275 0.00710385661216940672
3.8325 0.00710462897292083069
3.8375 0.00710540910617464896
3.8425 0.00710618052719645156
3.8475 0.00710692362072507054
3.8525 0.00710761082368745016
3.8575 0.00710823195178696566
3.8625 0.00710877571809185368
3.8675 0.00710922773144352996
3.8725 0.00710957594212532906
3.8775 0.00710982046130029938
3.8825 0.00710997399075000234
3.8875 0.00711003174263515059
3.8925 0.00711001073848696423
3.8975 0.00710992711926051492
3.9025 0.00710979860088326639
3.9075 0.00710964018216715676
3.9125 0.00710947277770304555
3.9175 0.00710931839500798454
3.9225 0.00710918614014053023
3.9275 0.00710909989421337502
3.9325 0.00710905730617155101
3.9375 0.00710906863101487020
3.9425 0.00710913528176266175
3.9475 0.00710924887814119288
3.9525 0.00710940957399072097
3.9575 0.00710959713589417747
3.9625 0.00710981061781722126
3.9675 0.00711002793092864807
3.9725 0.00711024636059173504
3.9775 0.00711045140114109370
3.9825 0.00711063462184896144
3.9875 0.00711079144266303902
3.9925 0.00711091138130877549
3.9975 0.00711099978343689588
4.0025 0.00711105054631360443
4.0075 0.00711106346102406001
4.0125 0.00711104147981469169
4.0175 0.00711097974965537154
4.0225 0.00711087979534884285
4.0275 0.00711075109879768120
4.0325 0.00711058889613618364
4.0375 0.00711038004689672817
4.0425 0.00711013464930843574
4.0475 0.00710985015086681559
4.0525 0.00710951235439526326
4.0575 0.00710911824401073804
4.0625 0.00710866540329455239
4.0675 0.00710814611197559294
4.0725 0.00710755433183473968
4.0775 0.00710687685350048018
4.0825 0.00710612066629349396
4.0875 0.00710526179182857914
4.0925 0.00710429844777321021
4.0975 0.00710323026574125310
4.1025 0.00710205541823495830
4.1075 0.00710076745157299516
4.1125 0.00709936701152670026
4.1175 0.00709786447731671714
4.1225 0.00709625678087453561
4.1275 0.00709456268620685046
4.1325 0.00709278713084874387
4.1375 0.00709094725958056647
4.1425 0.00708905439435492026
4.1475 0.00708713114126822974
4.1525 0.00708519809666668596
4.1575 0.00708327330702655106
4.1625 0.00708137789299752209
4.1675 0.00707952972662401116
4.1725 0.00707775097555476441
4.1775 0.00707606123160629905
4.1825 0.00707447293209810708
4.1875 0.00707300146685147738
4.1925 0.00707166119549308431
4.1975 0.00707045701232641727
4.2025 0.00706939763629716410
4.2075 0.00706848166124103821
4.2125 0.00706771983527128625
4.2175 0.00706710482251731754
4.2225 0.00706663120823891426
4.2275 0.00706629783784730112
4.2325 0.00706609846512950331
4.2375 0.00706602522370018086
4.2425 0.00706606965354785073
4.2475 0.00706622183942994669
4.2525 0.00706647002670343031
4.2575 0.00706680163070966261
4.2625 0.00706720442159162760
4.2675 0.00706766352110678106
4.2725 0.00706816746167507250
4.2775 0.00706869256572252146
4.2825 0.00706922744503041961
4.2875 0.00706976070453585112
4.2925 0.00707026458511130461
4.2975 0.00707073713631281055
4.3025 0.00707114715505821265
4.3075 0.00707148312538734714
4.3125 0.00707173276877558297
4.3175 0.00707189733379194520
4.3225 0.00707195411961475222
4.3275 0.00707190040070760934
4.3325 0.00707173309153536107
4.3375 0.00707144306744040326
4.3425 0.00707103568131853006
4.3475 0.00707050981782599008
4.3525 0.00706986865073706665
4.3575 0.00706913973218242179
4.3625 0.00706831205986787475
4.3675 0.00706740442793168337
4.3725 0.00706642793463744222
4.3775 0.00706539799925345966
4.3825 0.00706432945717060459
4.3875 0.00706323596230876236
4.3925 0.00706213056647881678
4.3975 0.00706103409916365287
4.4025 0.00705995788302514211
4.4075 0.00705891654719812724
4.4125 0.00705792117514804970
4.4175 0.00705698914569683269
4.4225 0.00705612466469053828
4.4275 0.00705533603723299506
4.4325 0.00705462638028117768
4.4375 0.00705399549379855193
4.4425 0.00705343886142979944
4.4475 0.00705294740631609140
4.4525 0.00705250847572238236
4.4575 0.00705210637207822743
4.4625 0.00705172351257093641
4.4675 0.00705134234898549105
4.4725 0.00705094594976954543
4.4775 0.00705052155496198232
4.4825 0.00705005957713383553
4.4875 0.00704955521077296494
4.4925 0.00704900715161356235
4.4975 0.00704841854044961635
4.5025 0.00704779406546569669
4.5075 0.00704713979181279329
4.5125 0.00704646070233828914
4.5175 0.00704576245957786070
4.5225 0.00704504782797846577
4.5275 0.00704431726003118715
4.5325 0.00704357047730550054
4.5375 0.00704280536866814209
4.5425 0.00704201879980523044
4.5475 0.00704120745320042148
4.5525 0.00704036752633204008
4.5575 0.00703949643072891706
4.5625 0.00703859157121132246
4.5675 0.00703765139774686216
4.5725 0.00703667525351609272
4.5775 0.00703566368348665112
4.5825 0.00703461822777556173
4.5875 0.00703354119636324503
4.5925 0.00703243597304599802
4.5975 0.00703130665725975896
4.6025 0.00703015776531575997
4.6075 0.00702899430742771024
4.6125 0.00702782181220961907
4.6175 0.00702664642388043520
4.6225 0.00702547401127596571
4.6275 0.00702431030413495482
4.6325 0.00702316154402395261
4.6375 0.00702203315221466839
4.6425 0.00702093068653483841
4.6475 0.00701985936976276970
4.6525 0.00701882418899975585
4.6575 0.00701782934952315321
4.6625 0.00701687903953419553
4.6675 0.00701597605257469129
4.6725 0.00701512427848072044
4.6775 0.00701432580935158582
4.6825 0.00701358218311835205
4.6875 0.00701289544747593554
4.6925 0.00701226661766126205
4.6975 0.00701169569008277833
4.7025 0.00701118332939378031
4.7075 0.00701072899965488397
4.7125 0.00701033212640594493
4.7175 0.00700999192936062419
4.7225 0.00700970663197393075
4.7275 0.00700947550389008703
4.7325 0.00700929635035180305
4.7375 0.00700916717959395360
4.7425 0.00700908610839397032
4.7475 0.00700905099389227248
4.7525 0.00700905944643734780
4.7575 0.00700910894995255499
4.7625 0.00700919751263687132
4.7675 0.00700932243191795465
4.7725 0.00700948191251666176
4.7775 0.00700967271521964717
4.7825 0.00700989322914886449
4.7875 0.00701014076217247421
4.7925 0.00701041319790195357
4.7975 0.00701070833736450964
4.8025 0.00701102371316497577
4.8075 0.00701135752825001596
4.8125 0.00701170750558707031
4.8175 0.00701207189399187438
4.8225 0.00701244847957731288
4.8275 0.00701283526294674275
4.8325 0.00701323086427422908
4.8375 0.00701363292949791842
4.8425 0.00701404004151580558
4.8475 0.00701445043332981147
4.8525 0.00701486280619330327
4.8575 0.00701527543994621972
4.8625 0.00701568704494646977
4.8675 0.00701609636806179663
4.8725 0.00701650219585170636
4.8775 0.00701690352604791238
4.8825 0.00701729919912692703
4.8875 0.00701768834449054916
4.8925 0.00701807004943926817
4.8975 0.00701844370316226634
4.9025 0.00701880824152289161
4.9075 0.00701916326780425287
4.9125 0.00701950781114761471
4.9175 0.00701984146521287926
4.9225 0.00702016342456397192
4.9275 0.00702047335886169226
4.9325 0.00702077067143951593
4.9375 0.00702105516114974113
4.9425 0.00702132575859585294
4.9475 0.00702158261939892295
4.9525 0.00702182504926384884
4.9575 0.00702205271052681792
4.9625 0.00702226557719892036
4.9675 0.00702246308248380413
4.9725 0.00702264501224900660
4.9775 0.00702281102738184799
4.9825 0.00702296097756353876
4.9875 0.00702309456432515834
4.9925 0.00702321178004272628
4.9975 0.00702331202359319454
5.0025 0.00702339538301942606
5.0075 0.00702346173583855496
5.0125 0.00702351076029412904
5.0175 0.00702354230617815468
5.0225 0.00702355642216880190
5.0275 0.00702355294859504254
5.0325 0.00702353181952048225
5.0375 0.00702349265690243273
5.0425 0.00702343581363980198
5.0475 0.00702336107197487972
5.0525 0.00702326839976954217
5.0575 0.00702315786957039088
5.0625 0.00702302938712546544
5.0675 0.00702288325237436766
5.0725 0.00702271964063266516
5.0775 0.00702253843506292150
5.0825 0.00702234005253009070
5.0875 0.00702212441102172645
5.0925 0.00702189256669889100
5.0975 0.00702164408382213549
5.1025 0.00702137990555477993
5.1075 0.00702110026441823010
5.1125 0.00702080567794154294
5.1175 0.00702049677174174883
5.1225 0.00702017419624069872
5.1275 0.00701983833640485323
5.1325 0.00701949030965210146
5.1375 0.00701913083862548172
5.1425 0.00701876057230453078
5.1475 0.00701838092117148225
5.1525 0.00701799250545834686
5.1575 0.00701759657696410504
5.1625 0.00701719461071424831
5.1675 0.00701678751262193538
5.1725 0.00701637704210917885
5.1775 0.00701596424373789052
5.1825 0.00701555125447925632
5.1875 0.00701513917429614619
5.1925 0.00701472974810979713
5.1975 0.00701432514571231035
5.2025 0.00701392689324234486
5.2075 0.00701353738064726482
5.2125 0.00701315824641250175
5.2175 0.00701279193323645252
5.2225 0.00701244079240950346
5.2275 0.00701210682295373353
5.2325 0.00701179292392962311
5.2375 0.00701150118053531831
5.2425 0.00701123448485658617
5.2475 0.00701099554616590060
5.2525 0.00701078728602549418
5.2575 0.00701061215232603313
5.2625 0.00701047333776956723
5.2675 0.00701037325543944333
5.2725 0.00701031479289639364
5.2775 0.00701030133667432127
5.2825 0.00701033489404258216
5.2875 0.00701041855813947651
5.2925 0.00701055469524485518
5.2975 0.00701074584641835433
5.3025 0.00701099378774666399
5.3075 0.00701130076820542444
5.3125 0.00701166882187851705
5.3175 0.00701209902851643481
5.3225 0.00701259297583266359
5.3275 0.00701315118826022297
5.3325 0.00701377416679733849
5.3375 0.00701446237102791494
5.3425 0.00701521494321485223
5.3475 0.00701603154269766702
5.3525 0.00701691056693918517
5.3575 0.00701785083915377420
5.3625 0.00701884975541990346
5.3675 0.00701990534144537534
5.3725 0.00702101396350997189
5.3775 0.00702217322387766341
5.3825 0.00702337954280667868
5.3875 0.00702462985028278093
5.3925 0.00702592013647227159
5.3975 0.00702724771315537799
5.4025 0.00702860960296430772
5.4075 0.00703000300045285992
5.4125 0.00703142566159614246
5.4175 0.00703287655689667328
5.4225 0.00703435474756485338
5.4275 0.00703586033342948509
5.4325 0.00703739460633479377
5.4375 0.00703895954181532526
5.4425 0.00704055740144754472
5.4475 0.00704219151847376625
5.4525 0.00704386499027622077
5.4575 0.00704558093028118983
5.4625 0.00704734156947605783
5.4675 0.00704914649827880890
5.4725 0.00705099407702705541
5.4775 0.00705287861721418628
5.4825 0.00705479095189230979
5.4875 0.00705671782228963710
5.4925 0.00705864069297733494
5.4975 0.00706053814446293022
5.5025 0.00706238678020217666
5.5075 0.00706416288354419237
5.5125 0.00706584591712270012
5.5175 0.00706741773371602749
5.5225 0.00706886902604670145
5.5275 0.00707019777720861373
5.5325 0.00707140979805949595
5.5375 0.00707251877567439784
5.5425 0.00707354499431956350
5.5475 0.00707451242902837427
5.5525 0.00707544659487571032
5.5575 0.00707637246016946334
5.5625 0.00707731304825290602
5.5675 0.00707828703045635527
5.5725 0.00707930889749606908
5.5775 0.00708038811430668994
5.5825 0.00708152669345522325
5.5875 0.00708273116784760483
5.5925 0.00708399454538992217
5.5975 0.00708530679226830173
5.6025 0.00708665698979064028
5.6075 0.00708803610766693334
5.6125 0.00708943107381392219
5.6175 0.00709081431737775859
5.6225 0.00709217419298154277
5.6275 0.00709349129087111750
5.6325 0.00709474198112623050
5.6375 0.00709590631555406023
5.6425 0.00709695595783388540
5.6475 0.00709789610898209095
5.6525 0.00709868180108306698
5.6575 0.00709930107454961358
5.6625 0.00709974453032365550
5.6675 0.00709999478156273130
5.6725 0.00710004897580392234
5.6775 0.00709990051428280398
5.6825 0.00709955191938659372
5.6875 0.00709900754589271217
5.6925 0.00709827109464114710
5.6975 0.00709735123837438621
5.7025 0.00709626315788236279
5.7075 0.00709503405903194780
5.7125 0.00709367846811692713
5.7175 0.00709222872135289485
5.7225 0.00709070329865068519
5.7275 0.00708912323393789696
5.7325 0.00708752874690297963
5.7375 0.00708593511926775346
5.7425 0.00708437620791669848
5.7475 0.00708287601056231328
5.7525 0.00708145967598216870
5.7575 0.00708015173333363321
5.7625 0.00707897751439694623
5.7675 0.00707795420811993276
5.7725 0.00707710742926640803
5.7775 0.00707644832449297930
5.7825 0.00707600081658970540
5.7875 0.00707577559539273888
5.7925 0.00707578017312003333
5.7975 0.00707603237135551351
5.8025 0.00707652171798852248
5.8075 0.00707725468217952972
5.8125 0.00707822841438616405
5.8175 0.00707942309463808865
5.8225 0.00708082116262578280
5.8275 0.00708240437422793124
5.8325 0.00708413927760671597
5.8375 0.00708599635399204120
5.8425 0.00708794055330960130
5.8475 0.00708993814336785280
5.8525 0.00709195172253959845
5.8575 0.00709394089374258078
5.8625 0.00709587553787403326
5.8675 0.00709773109119031954
5.8725 0.00709947575790107529
5.8775 0.00710109602342194179
5.8825 0.00710257124562522005
5.8875 0.00710390281319599193
5.8925 0.00710507176268626410
5.8975 0.00710609095211794505
5.9025 0.00710696210581684366
5.9075 0.00710769767049341302
5.9125 0.00710829902903500205
5.9175 0.00710878109876664915
5.9225 0.00710916824635217121
5.9275 0.00710946948454666255
5.9325 0.00710969740268906948
5.9375 0.00710986215969383172
5.9425 0.00710998931132303478
5.9475 0.00711007308291680684
5.9525 0.00711012847830392106
5.9575 0.00711016649867178985
5.9625 0.00711019094144851004
5.9675 0.00711020164542129542
5.9725 0.00711020376530662607
5.9775 0.00711021211376994949
5.9825 0.00711020997955148955
5.9875 0.00711020112140779616
5.9925 0.00711018485925429388
5.9975 0.00711016672766411149
6.0025 0.00711013660536392693
6.0075 0.00711010374858954061
6.0125 0.00711006747552653511
6.0175 0.00711003549196873030
6.0225 0.00711000666956853461
6.0275 0.00711000016539141931
6.0325 0.00711002476810078561
6.0375 0.00711009171469129207
6.0425 0.00711021602717457936
6.0475 0.00711041212109226814
6.0525 0.00711068618202551767
6.0575 0.00711105608612283210
6.0625 0.00711152132089036028
6.0675 0.00711208865927491236
6.0725 0.00711273934176515337
6.0775 0.00711348017459781205
6.0825 0.00711428318451988884
6.0875 0.00711513934390900060
6.0925 0.00711602494408719848
6.0975 0.00711691923425279618
6.1025 0.00711780148384362488
6.1075 0.00711865906517849222
6.1125 0.00711946969470422623
6.1175 0.00712022248291929640
6.1225 0.00712092224129788013
6.1275 0.00712155322794880228
6.1325 0.00712212204952612001
6.1375 0.00712263709172310071
6.1425 0.00712311214152723873
6.1475 0.00712355609884571077
6.1525 0.00712397964667876339
6.1575 0.00712440536383212968
6.1625 0.00712483826861625130
6.1675 0.00712529964704909299
6.1725 0.00712579107121034949
6.1775 0.00712632082942135994
6.1825 0.00712689883893607382
6.1875 0.00712751319264428012
6.1925 0.00712816729775302225
6.1975 0.00712886167826595751
6.2025 0.00712957237737303542
6.2075 0.00713030225559573884
6.2125 0.00713103232117940234
6.2175 0.00713176220685175083
6.2225 0.00713247177923472496
6.2275 0.00713315191531299544
6.2325 0.00713378702891742222
6.2375 0.00713436664593835191
6.2425 0.00713488399024387373
6.2475 0.00713531862172806994
6.2525 0.00713566366551236005
6.2575 0.00713590904795705951
6.2625 0.00713605262385214739
6.2675 0.00713608490725125590
6.2725 0.00713601003877553479
6.2775 0.00713584305746817540
6.2825 0.00713557545889211432
6.2875 0.00713524576781578417
6.2925 0.00713487138068167898
6.2975 0.00713447134728792658
6.3025 0.00713409123107679091
6.3075 0.00713375757742000169
6.3125 0.00713350728529859278
6.3175 0.00713337557997044836
6.3225 0.00713338744300756524
6.3275 0.00713357541737947003
6.3325 0.00713396315955020736
6.3375 0.00713457685742324797
6.3425 0.00713542420205836962
6.3475 0.00713652033009107723
6.3525 0.00713785655103548519
6.3575 0.00713944833333559833
6.3625 0.00714128736589853420
6.3675 0.00714336236241353440
6.3725 0.00714565755234046907
6.3775 0.00714816217886841878
6.3825 0.00715086068545422136
6.3875 0.00715372243186078362
6.3925 0.00715672838675701639
6.3975 0.00715985320563933356
6.4025 0.00716307401758248512
6.4075 0.00716636093889380914
6.4125 0.00716969746805459513
6.4175 0.00717305388661043566
6.4225 0.00717641422606869750
6.4275 0.00717975330960402523
6.4325 0.00718305964093382716
6.4375 0.00718631777563439895
6.4425 0.00718951663965623419
6.4475 0.00719264873934257008
6.4525 0.00719570374450594161
6.4575 0.00719867606521383107
6.4625 0.00720156149681095911
6.4675 0.00720435460783886133
6.4725 0.00720705893691868816
6.4775 0.00720966814506832088
6.4825 0.00721217868041794559
6.4875 0.00721459681413843135
6.4925 0.00721692133693954772
6.4975 0.00721914805396831668
6.5025 0.00722128275598436613
6.5075 0.00722332854518392947
6.5125 0.00722529562202084245
6.5175 0.00722718097299293680
6.5225 0.00722900076061777988
6.5275 0.00723076849293787828
6.5325 0.00723248579455024361
6.5375 0.00723417448309843746
6.5425 0.00723583933782994976
6.5475 0.00723749290651331395
6.5525 0.00723914094421398806
6.5575 0.00724080116306932524
6.5625 0.00724245938069526234
6.5675 0.00724412920010017794
6.5725 0.00724580531247895430
6.5775 0.00724748233204981426
6.5825 0.00724916134927776172
6.5875 0.00725081644401742546
6.5925 0.00725246474922803652
6.5975 0.00725408208384383489
6.6025 0.00725566084370545244
6.6075 0.00725718934911623662
6.6125 0.00725865143886673860
6.6175 0.00726003565754101184
6.6225 0.00726132829224319497
6.6275 0.00726250420344897590
6.6325 0.00726355911055188552
6.6375 0.00726446656062943157
6.6425 0.00726522050733036714
6.6475 0.00726581033700321802
6.6525 0.00726621824365170348
6.6575 0.00726643684523999543
6.6625 0.00726646701881545395
6.6675 0.00726631013219373057
6.6725 0.00726595847547327391
6.6775 0.00726543795396786957
6.6825 0.00726474926652361831
6.6875 0.00726391642631073978
6.6925 0.00726296783634474471
6.6975 0.00726193811034957053
6.7025 0.00726087091322352718
6.7075 0.00725981306335270020
6.7125 0.00725881671932570444
6.7175 0.00725794113429018787
6.7225 0.00725725622220275979
6.7275 0.00725680148496280712
6.7325 0.00725665422159885946
6.7375 0.00725685930409751892
6.7425 0.00725746244679179118
6.7475 0.00725849523423663986
6.7525 0.00725997477580911897
6.7575 0.00726191816602717640
6.7625 0.00726431775030468053
6.7675 0.00726716110714470658
6.7725 0.00727041610388039911
6.7775 0.00727405543790355432
6.7825 0.00727803665352363613
6.7875 0.00728231083714304429
6.7925 0.00728682464488445477
6.7975 0.00729153234991994532
6.8025 0.00729638254154572896
6.8075 0.00730131798619941194
6.8125 0.00730629603484507593
6.8175 0.00731126045922525069
6.8225 0.00731617325275466402
6.8275 0.00732099890428370391
6.8325 0.00732569472057951684
6.8375 0.00733024544633951395
6.8425 0.00733462378452780575
6.8475 0.00733881966032729361
6.8525 0.00734282801792598624
6.8575 0.00734663949389473530
6.8625 0.00735027004759627144
6.8675 0.00735372350445662182
6.8725 0.00735702184731347637
6.8775 0.00736017680678964590
6.8825 0.00736321959342125902
6.8875 0.00736616940228205456
6.8925 0.00736905654997817034
6.8975 0.00737190460848181125
6.9025 0.00737474459916529889
6.9075 0.00737760605153696923
6.9125 0.00738051569838353138
6.9175 0.00738350145759471884
6.9225 0.00738658941329043035
6.9275 0.00738980839633919181
6.9325 0.00739317718170373183
6.9375 0.00739671699349442584
6.9425 0.00740044241757664960
6.9475 0.00740436133131903984
6.9525 0.00740848398592556297
6.9575 0.00741279912499431207
6.9625 0.00741731241570354506
6.9675 0.00742201293524626885
6.9725 0.00742687269094010824
6.9775 0.00743189187434731714
6.9825 0.00743704634896242590
6.9875 0.00744232609204963352
6.9925 0.00744770664223221458
6.9975 0.00745315881797768611
7.0025 0.00745869068478435121
7.0075 0.00746428142643439010
7.0125 0.00746992517450911775
7.0175 0.00747560950598125194
7.0225 0.00748133200247129166
7.0275 0.00748708626127170783
7.0325 0.00749286805133618592
7.0375 0.00749868713618350932
7.0425 0.00750454301715228374
7.0475 0.00751043319967246471
7.0525 0.00751636551501296858
7.0575 0.00752234994998448973
7.0625 0.00752838067719233464
7.0675 0.00753447375320999337
7.0725 0.00754062511283204624
7.0775 0.00754684734804802939
7.0825 0.00755313288558281601
7.0875 0.00755949221789363034
7.0925 0.00756594064309860925
7.0975 0.00757245911482966761
7.1025 0.00757907789047261062
7.1075 0.00758579333620908527
7.1125 0.00759260948646607852
7.1175 0.00759953573695200130
7.1225 0.00760657485689835312
7.1275 0.00761372344799029349
7.1325 0.00762098330703489275
7.1375 0.00762835082456164281
7.1425 0.00763581147413220241
7.1475 0.00764335882580520487
7.1525 0.00765098904902064038
7.1575 0.00765868115906718789
7.1625 0.00766641781133249166
7.1675 0.00767419263114721244
7.1725 0.00768200049139279497
7.1775 0.00768983055653693712
7.1825 0.00769768687825012413
7.1875 0.00770556688203215181
7.1925 0.00771347754806910729
7.1975 0.00772142445640571200
7.2025 0.00772941879474498255
7.2075 0.00773747490217795066
7.2125 0.00774559550306192727
7.2175 0.00775379203670760291
7.2225 0.00776206899721205903
7.2275 0.00777043688569242514
7.2325 0.00777891093500554433
7.2375 0.00778747453221039984
7.2425 0.00779614691938576489
7.2475 0.00780491697709689760
7.2525 0.00781378662627123417
7.2575 0.00782275117964944394
7.2625 0.00783180170616548481
7.2675 0.00784092883946344542
7.2725 0.00785012080842450652
7.2775 0.00785936111227489471
7.2825 0.00786863795237298207
7.2875 0.00787793463264114396
7.2925 0.00788724443852306493
7.2975 0.00789654265306386806
7.3025 0.00790583541351498088
7.3075 0.00791511855218021178
7.3125 0.00792440184766684229
7.3175 0.00793369721040720031
7.3225 0.00794302961599831041
7.3275 0.00795241391030612754
7.3325 0.00796189169081539840
7.3375 0.00797148324634117805
7.3425 0.00798123549149867308
7.3475 0.00799116153733549391
7.3525 0.00800129677096366766
7.3575 0.00801165353268252015
7.3625 0.00802224385961633306
7.3675 0.00803308177012957564
7.3725 0.00804413832815141505
7.3775 0.00805542342722746600
7.3825 0.00806691349803840586
7.3875 0.00807858689292618830
7.3925 0.00809041106487219663
7.3975 0.00810235118236403255
7.4025 0.00811437147004343343
7.4075 0.00812644188412822537
7.4125 0.00813852575194188785
7.4175 0.00815056720743437789
7.4225 0.00816255037568563470
7.4275 0.00817444533543533990
7.4325 0.00818622611472657156
7.4375 0.00819788552169564873
7.4425 0.00820942063746512261
7.4475 0.00822084479327592384
7.4525 0.00823217506658523168
7.4575 0.00824343507545259591
7.4625 0.00825467519273164266
7.4675 0.00826593987131777654
7.4725 0.00827726325959876434
7.4775 0.00828870066940176273
7.4825 0.00830028718301422525
7.4875 0.00831206160710798447
7.4925 0.00832405003630187247
7.4975 0.00833627295038330551
7.5025 0.00834875707810478311
7.5075 0.00836149724789685134
7.5125 0.00837452612614370852
7.5175 0.00838783106590837262
7.5225 0.00840142473913550736
7.5275 0.00841531357761057287
7.5325 0.00842949681054836440
7.5375 0.00844397857367043189
7.5425 0.00845877138291095503
7.5475 0.00847388272243374159
7.5525 0.00848931063874053607
7.5575 0.00850507714802293570
7.5625 0.00852118440871978133
7.5675 0.00853764258262470523
7.5725 0.00855446979308224602
7.5775 0.00857168226663322652
7.5825 0.00858928779868488833
7.5875 0.00860730919741613601
7.5925 0.00862577088873461677
7.5975 0.00864467909455084345
7.6025 0.00866406046970500179
7.6075 0.00868393430209899071
7.6125 0.00870431562412054584
7.6175 0.00872522018094630016
7.6225 0.00874665953132200934
7.6275 0.00876864234872440709
7.6325 0.00879118451863470166
7.6375 0.00881427982049836842
7.6425 0.00883795193528575003
7.6475 0.00886219547946668490
7.6525 0.00888702695349488647
7.6575 0.00891244131667269339
7.6625 0.00893846109628390444
7.6675 0.00896510722796045080
7.6725 0.00899238678997361929
7.6775 0.00902031946527098900
7.6825 0.00904892620280952666
7.6875 0.00907822294116967902
7.6925 0.00910822108495842886
7.6975 0.00913894436565480806
7.7025 0.00917039834633962339
7.7075 0.00920261227031239290
7.7125 0.00923557660650343830
7.7175 0.00926932562716144097
7.7225 0.00930386571254964746
7.7275 0.00933919900649857367
7.7325 0.00937535634087693567
7.7375 0.00941233756926663362
7.7425 0.00945017736862759430
7.7475 0.00948887282972202435
7.7525 0.00952846402317840228
7.7575 0.00956896541331975735
7.7625 0.00961037670395967908
7.7675 0.00965274698685771732
7.7725 0.00969608284011574430
7.7775 0.00974042502302630703
7.7825 0.00978578706831701069
7.7875 0.00983220771649343482
7.7925 0.00987971119654246221
7.7975 0.00992833823802203794
7.8025 0.00997812348815277188
7.8075 0.01002912705371241352
7.8125 0.01008136693866510010
7.8175 0.01013491542146612717
7.8225 0.01018981579560167966
7.8275 0.01024613078216653553
7.8325 0.01030391342386506592
7.8375 0.01036323361577098923
7.8425 0.01042414461531716331
7.8475 0.01048672123732402074
7.8525 0.01055101072575804870
7.8575 0.01061709720364934287
7.8625 0.01068504444008017834
7.8675 0.01075489969790320924
7.8725 0.01082676036980214675
7.8775 0.01090067578688050549
7.8825 0.01097672609912774683
7.8875 0.01105498059418090831
7.8925 0.01113551398875385970
7.8975 0.01121840329828485694
7.9025 0.01130372136298905469
7.9075 0.01139155819038593399
7.9125 0.01148196609508217274
7.9175 0.01157505803696125268
7.9225 0.01167090178564773352
7.9275 0.01176959847271530878
7.9325 0.01187121472605991157
7.9375 0.01197587278218388042
7.9425 0.01208366313338179662
7.9475 0.01219467040759819772
7.9525 0.01230905276457673440
7.9575 0.01242689045975662980
7.9625 0.01254832522022376017
7.9675 0.01267349492742870891
7.9725 0.01280253403164042722
7.9775 0.01293560520360108844
7.9825 0.01307285470406637125
7.9875 0.01321445249331769031
7.9925 0.01336057541882011181
7.9975 0.01351138318858471910
8.0025 0.01366708169940011180
8.0075 0.01382785334020910674
8.0125 0.01399387779476463783
8.0175 0.01416537676570707623
8.0225 0.01434254905663698981
8.0275 0.01452562575821505012
8.0325 0.01471482686670928450
8.0375 0.01491039159891666306
8.0425 0.01511254744990269717
8.0475 0.01532155609450536193
8.0525 0.01553768807273044235
8.0575 0.01576119587201926103
8.0625 0.01599238440045961870
8.0675 0.01623148048106403535
8.0725 0.01647885725862271999
8.0775 0.01673478168450562298
8.0825 0.01699959539958470489
8.0875 0.01727363591952908381
8.0925 0.01755724960013035907
8.0975 0.01785084542027993298
8.1025 0.01815476427282840949
8.1075 0.01846943558537373145
8.1125 0.01879530173109638866
8.1175 0.01913279809917674615
8.1225 0.01948239869284024151
8.1275 0.01984459537114989860
8.1325 0.02021984223151204740
8.1375 0.02060867792693064221
8.1425 0.02101159874775901035
8.1475 0.02142913957453624132
8.1525 0.02186180280436583745
8.1575 0.02231016109505402911
8.1625 0.02277467616769225309
8.1675 0.02325592893749854964
8.1725 0.02375442923540212539
8.1775 0.02427065579189179381
8.1825 0.02480516806282841158
8.1875 0.02535846962924954637
8.1925 0.02593101432019240607
8.1975 0.02652330044897456898
8.2025 0.02713575005242012395
8.2075 0.02776880710623417028
8.2125 0.02842285220172038537
8.2175 0.02909819454760146154
8.2225 0.02979515249228447196
8.2275 0.03051391328588327206
8.2325 0.03125463328379462363
8.2375 0.03201738096149703977
8.2425 0.03280205874318099790
8.2475 0.03360845539177626656
8.2525 0.03443625665245454021
8.2575 0.03528503319945081040
8.2625 0.03615407463455332787
8.2675 0.03704251552316134566
8.2725 0.03794922363672709187
8.2775 0.03887275052512172840
8.2825 0.03981148091343898743
8.2875 0.04076317484231128940
8.2925 0.04172542985380497255
8.2975 0.04269520759985917513
8.3025 0.04366900522004683177
8.3075 0.04464277075501177361
8.3125 0.04561163827012696542
8.3175 0.04657019065519549944
8.3225 0.04751222358233021803
8.3275 0.04843072391252821463
8.3325 0.04931763635908863880
8.3375 0.05016436062637805865
8.3425 0.05096109760536254862
8.3475 0.05169724626456371347
8.3525 0.05236139933539264713
8.3575 0.05294122620711556870
8.3625 0.05342366458647678645
8.3675 0.05379487832877564296
8.3725 0.05404060977944476901
8.3775 0.05414626491626034488
8.3825 0.05409701695627731899
8.3875 0.05387846076915998872
8.3925 0.05347649261799099218
8.3975 0.05287820679254695566
8.4025 0.05207177698586676340
8.4075 0.05104767985767855176
8.4125 0.04979883501910809668
8.4175 0.04832126693524118471
8.4225 0.04661484772758738709
8.4275 0.04468375817218091239
8.4325 0.04253731684999220719
8.4375 0.04018994733405327480
8.4425 0.03766199888593414757
8.4475 0.03497937728837315075
8.4525 0.03217375192962300401
8.4575 0.02928183543474887837
8.4625 0.02634495961987395191
8.4675 0.02340764361268362834
8.4725 0.02051642286212869773
8.4775 0.01771790473289121953
8.4825 0.01505688587492336368
8.4875 0.01257399551099290871
8.4925 0.01030359051959049005
8.4975 0.00827182319131597107
8.5025 0.00649509676575242296
8.5075 0.00497927554912900704
8.5125 0.00371970644395630242
8.5175 0.00270216150927245387
8.5225 0.00190456370310381124
8.5275 0.00129925150237282733
8.5325 0.00085553234288760188
8.5375 0.00054218415706876275
8.5425 0.00032962884428817539
8.5475 0.00019157712921410500
8.5525 0.00010603183342008598
8.5575 0.00005565289534380359
8.5625 0.00002757561424441549
8.5675 0.00001283519681404801
8.5725 0.00000558200038040328
8.5775 0.00000000000000000000
8.5825 0.00000000000000000000
8.5875 0.00000000000000000000
8.5925 0.00000000000000000000
8.5975 0.00000000000000000000
8.6025 0.00000000000000000000
8.6075 0.00000000000000000000
8.6125 0.00000000000000000000
8.6175 0.00000000000000000000
8.6225 0.00000000000000000000
8.6275 0.00000000000000000000
8.6325 0.00000000000000000000
8.6375 0.00000000000000000000
8.6425 0.00000000000000000000
8.6475 0.00000000000000000000
8.6525 0.00000000000000000000
8.6575 0.00000000000000000000
8.6625 0.00000000000000000000
8.6675 0.00000000000000000000
8.6725 0.00000000000000000000
8.6775 0.00000000000000000000
8.6825 0.00000000000000000000
8.6875 0.00000000000000000000
8.6925 0.00000000000000000000
8.6975 0.00000000000000000000
8.7025 0.00000000000000000000
8.7075 0.00000000000000000000
8.7125 0.00000000000000000000
8.7175 0.00000000000000000000
8.7225 0.00000000000000000000
8.7275 0.00000000000000000000
8.7325 0.00000000000000000000
8.7375 0.00000000000000000000
8.7425 0.00000000000000000000
8.7475 0.00000000000000000000
8.7525 0.00000000000000000000
8.7575 0.00000000000000000000
8.7625 0.00000000000000000000
8.7675 0.00000000000000000000
8.7725 0.00000000000000000000
8.7775 0.00000000000000000000
8.7825 0.00000000000000000000
8.7875 0.00000000000000000000
8.7925 0.00000000000000000000
8.7975 0.00000000000000000000
8.8025 0.00000000000000000000
8.8075 0.00000000000000000000
8.8125 0.00000000000000000000
8.8175 0.00000000000000000000
8.8225 0.00000000000000000000
8.8275 0.00000000000000000000
8.8325 0.00000000000000000000
8.8375 0.00000000000000000000
8.8425 0.00000000000000000000
8.8475 0.00000000000000000000
8.8525 0.00000000000000000000
8.8575 0.00000000000000000000
8.8625 0.00000000000000000000
8.8675 0.00000000000000000000
8.8725 0.00000000000000000000
8.8775 0.00000000000000000000
8.8825 0.00000000000000000000
8.8875 0.00000000000000000000
8.8925 0.00000000000000000000
8.8975 0.00000000000000000000
8.9025 0.00000000000000000000
8.9075 0.00000000000000000000
8.9125 0.00000000000000000000
8.9175 0.00000000000000000000
8.9225 0.00000000000000000000
8.9275 0.00000000000000000000
8.9325 0.00000000000000000000
8.9375 0.00000000000000000000
8.9425 0.00000000000000000000
8.9475 0.00000000000000000000
8.9525 0.00000000000000000000
8.9575 0.00000000000000000000
8.9625 0.00000000000000000000
8.9675 0.00000000000000000000
8.9725 0.00000000000000000000
8.9775 0.00000000000000000000
8.9825 0.00000000000000000000
8.9875 0.00000000000000000000
8.9925 0.00000000000000000000
8.9975 0.00000000000000000000
9.0025 0.00000000000000000000
9.0075 0.00000000000000000000
9.0125 0.00000000000000000000
9.0175 0.00000000000000000000
9.0225 0.00000000000000000000
9.0275 0.00000000000000000000
9.0325 0.00000000000000000000
9.0375 0.00000000000000000000
9.0425 0.00000000000000000000
9.0475 0.00000000000000000000
9.0525 0.00000000000000000000
9.0575 0.00000000000000000000
9.0625 0.00000000000000000000
9.0675 0.00000000000000000000
9.0725 0.00000000000000000000
9.0775 0.00000000000000000000
9.0825 0.00000000000000000000
9.0875 0.00000000000000000000
9.0925 0.00000000000000000000
9.0975 0.00000000000000000000
9.1025 0.00000000000000000000
9.1075 0.00000000000000000000
9.1125 0.00000000000000000000
9.1175 0.00000000000000000000
9.1225 0.00000000000000000000
9.1275 0.00000000000000000000
9.1325 0.00000000000000000000
9.1375 0.00000000000000000000
9.1425 0.00000000000000000000
9.1475 0.00000000000000000000
9.1525 0.00000000000000000000
9.1575 0.00000000000000000000
9.1625 0.00000000000000000000
9.1675 0.00000000000000000000
9.1725 0.00000000000000000000
9.1775 0.00000000000000000000
9.1825 0.00000000000000000000
9.1875 0.00000000000000000000
9.1925 0.00000000000000000000
9.1975 0.00000000000000000000
9.2025 0.00000000000000000000
9.2075 0.00000000000000000000
9.2125 0.00000000000000000000
9.2175 0.00000000000000000000
9.2225 0.00000000000000000000
9.2275 0.00000000000000000000
9.2325 0.00000000000000000000
9.2375 0.00000000000000000000
9.2425 0.00000000000000000000
9.2475 0.00000000000000000000
9.2525 0.00000000000000000000
9.2575 0.00000000000000000000
9.2625 0.00000000000000000000
9.2675 0.00000000000000000000
9.2725 0.00000000000000000000
9.2775 0.00000000000000000000
9.2825 0.00000000000000000000
9.2875 0.00000000000000000000
9.2925 0.00000000000000000000
9.2975 0.00000000000000000000
9.3025 0.00000000000000000000
9.3075 0.00000000000000000000
9.3125 0.00000000000000000000
9.3175 0.00000000000000000000
9.3225 0.00000000000000000000
9.3275 0.00000000000000000000
9.3325 0.00000000000000000000
9.3375 0.00000000000000000000
9.3425 0.00000000000000000000
9.3475 0.00000000000000000000
9.3525 0.00000000000000000000
9.3575 0.00000000000000000000
9.3625 0.00000000000000000000
9.3675 0.00000000000000000000
9.3725 0.00000000000000000000
9.3775 0.00000000000000000000
9.3825 0.00000000000000000000
9.3875 0.00000000000000000000
9.3925 0.00000000000000000000
9.3975 0.00000000000000000000
9.4025 0.00000000000000000000
9.4075 0.00000000000000000000
9.4125 0.00000000000000000000
9.4175 0.00000000000000000000
9.4225 0.00000000000000000000
9.4275 0.00000000000000000000
9.4325 0.00000000000000000000
9.4375 0.00000000000000000000
9.4425 0.00000000000000000000
9.4475 0.00000000000000000000
9.4525 0.00000000000000000000
9.4575 0.00000000000000000000
9.4625 0.00000000000000000000
9.4675 0.00000000000000000000
9.4725 0.00000000000000000000
9.4775 0.00000000000000000000
9.4825 0.00000000000000000000
9.4875 0.00000000000000000000
9.4925 0.00000000000000000000
9.4975 0.00000000000000000000
9.5025 0.00000000000000000000
9.5075 0.00000000000000000000
9.5125 0.00000000000000000000
9.5175 0.00000000000000000000
9.5225 0.00000000000000000000
9.5275 0.00000000000000000000
9.5325 0.00000000000000000000
9.5375 0.00000000000000000000
9.5425 0.00000000000000000000
9.5475 0.00000000000000000000
9.5525 0.00000000000000000000
9.5575 0.00000000000000000000
9.5625 0.00000000000000000000
9.5675 0.00000000000000000000
9.5725 0.00000000000000000000
9.5775 0.00000000000000000000
9.5825 0.00000000000000000000
9.5875 0.00000000000000000000
9.5925 0.00000000000000000000
9.5975 0.00000000000000000000
9.6025 0.00000000000000000000
9.6075 0.00000000000000000000
9.6125 0.00000000000000000000
9.6175 0.00000000000000000000
9.6225 0.00000000000000000000
9.6275 0.00000000000000000000
9.6325 0.00000000000000000000
9.6375 0.00000000000000000000
9.6425 0.00000000000000000000
9.6475 0.00000000000000000000
9.6525 0.00000000000000000000
9.6575 0.00000000000000000000
9.6625 0.00000000000000000000
9.6675 0.00000000000000000000
9.6725 0.00000000000000000000
9.6775 0.00000000000000000000
9.6825 0.00000000000000000000
9.6875 0.00000000000000000000
9.6925 0.00000000000000000000
9.6975 0.00000000000000000000
9.7025 0.00000000000000000000
9.7075 0.00000000000000000000
9.7125 0.00000000000000000000
9.7175 0.00000000000000000000
9.7225 0.00000000000000000000
9.7275 0.00000000000000000000
9.7325 0.00000000000000000000
9.7375 0.00000000000000000000
9.7425 0.00000000000000000000
9.7475 0.00000000000000000000
9.7525 0.00000000000000000000
9.7575 0.00000000000000000000
9.7625 0.00000000000000000000
9.7675 0.00000000000000000000
9.7725 0.00000000000000000000
9.7775 0.00000000000000000000
9.7825 0.00000000000000000000
9.7875 0.00000000000000000000
9.7925 0.00000000000000000000
9.7975 0.00000000000000000000
9.8025 0.00000000000000000000
9.8075 0.00000000000000000000
9.8125 0.00000000000000000000
9.8175 0.00000000000000000000
9.8225 0.00000000000000000000
9.8275 0.00000000000000000000
9.8325 0.00000000000000000000
9.8375 0.00000000000000000000
9.8425 0.00000000000000000000
9.8475 0.00000000000000000000
9.8525 0.00000000000000000000
9.8575 0.00000000000000000000
9.8625 0.00000000000000000000
9.8675 0.00000000000000000000
9.8725 0.00000000000000000000
9.8775 0.00000000000000000000
9.8825 0.00000000000000000000
9.8875 0.00000000000000000000
9.8925 0.00000000000000000000
9.8975 0.00000000000000000000
9.9025 0.00000000000000000000
9.9075 0.00000000000000000000
9.9125 0.00000000000000000000
9.9175 0.00000000000000000000
9.9225 0.00000000000000000000
9.9275 0.00000000000000000000
9.9325 0.00000000000000000000
9.9375 0.00000000000000000000
9.9425 0.00000000000000000000
9.9475 0.00000000000000000000
9.9525 0.00000000000000000000
9.9575 0.00000000000000000000
9.9625 0.00000000000000000000
9.9675 0.00000000000000000000
9.9725 0.00000000000000000000
9.9775 0.00000000000000000000
9.9825 0.00000000000000000000
9.9875 0.00000000000000000000
9.9925 0.00000000000000000000
9.9975 0.00000000000000000000
