xbins rho
0.0025 0.00000000000000000000
0.0075 0.00000000000000000000
0.0125 0.00000000000000000000
0.0175 0.00000000000000000000
0.0225 0.00000000000000000000
0.0275 0.00000000000000000000
0.0325 0.00000000000000000000
0.0375 0.00000000000000000000
0.0425 0.00000000000000000000
0.0475 0.00000000000000000000
0.0525 0.00000000000000000000
0.0575 0.00000000000000000000
0.0625 0.00000000000000000000
0.0675 0.00000000000000000000
0.0725 0.00000000000000000000
0.0775 0.00000000000000000000
0.0825 0.00000000000000000000
0.0875 0.00000000000000000000
0.0925 0.00000000000000000000
0.0975 0.00000000000000000000
0.1025 0.00000000000000000000
0.1075 0.00000000000000000000
0.1125 0.00000000000000000000
0.1175 0.00000000000000000000
0.1225 0.00000000000000000000
0.1275 0.00000000000000000000
0.1325 0.00000000000000000000
0.1375 0.00000000000000000000
0.1425 0.00000000000000000000
0.1475 0.00000000000000000000
0.1525 0.00000000000000000000
0.1575 0.00000000000000000000
0.1625 0.00000000000000000000
0.1675 0.00000000000000000000
0.1725 0.00000000000000000000
0.1775 0.00000000000000000000
0.1825 0.00000000000000000000
0.1875 0.00000000000000000000
0.1925 0.00000000000000000000
0.1975 0.00000000000000000000
0.2025 0.00000000000000000000
0.2075 0.00000000000000000000
0.2125 0.00000000000000000000
0.2175 0.00000000000000000000
0.2225 0.00000000000000000000
0.2275 0.00000000000000000000
0.2325 0.00000000000000000000
0.2375 0.00000000000000000000
0.2425 0.00000000000000000000
0.2475 0.00000000000000000000
0.2525 0.00000000000000000000
0.2575 0.00000000000000000000
0.2625 0.00000000000000000000
0.2675 0.00000000000000000000
0.2725 0.00000000000000000000
0.2775 0.00000000000000000000
0.2825 0.00000000000000000000
0.2875 0.00000000000000000000
0.2925 0.00000000000000000000
0.2975 0.00000000000000000000
0.3025 0.00000000000000000000
0.3075 0.00000000000000000000
0.3125 0.00000000000000000000
0.3175 0.00000000000000000000
0.3225 0.00000000000000000000
0.3275 0.00000000000000000000
0.3325 0.00000000000000000000
0.3375 0.00000000000000000000
0.3425 0.00000000000000000000
0.3475 0.00000000000000000000
0.3525 0.00000000000000000000
0.3575 0.00000000000000000000
0.3625 0.00000000000000000000
0.3675 0.00000000000000000000
0.3725 0.00000000000000000000
0.3775 0.00000000000000000000
0.3825 0.00000000000000000000
0.3875 0.00000000000000000000
0.3925 0.00000000000000000000
0.3975 0.00000000000000000000
0.4025 0.00000000000000000000
0.4075 0.00000000000000000000
0.4125 0.00000000000000000000
0.4175 0.00000000000000000000
0.4225 0.00000000000000000000
0.4275 0.00000000000000000000
0.4325 0.00000000000000000000
0.4375 0.00000000000000000000
0.4425 0.00000000000000000000
0.4475 0.00000000000000000000
0.4525 0.00000000000000000000
0.4575 0.00000000000000000000
0.4625 0.00000000000000000000
0.4675 0.00000000000000000000
0.4725 0.00000000000000000000
0.4775 0.00000000000000000000
0.4825 0.00000000000000000000
0.4875 0.00000000000000000000
0.4925 0.00000000000000000000
0.4975 0.00000000000000000000
0.5025 0.00000000000000000000
0.5075 0.00000000000000000000
0.5125 0.00000000000000000000
0.5175 0.00000000000000000000
0.5225 0.00000000000000000000
0.5275 0.00000000000000000000
0.5325 0.00000000000000000000
0.5375 0.00000000000000000000
0.5425 0.00000000000000000000
0.5475 0.00000000000000000000
0.5525 0.00000000000000000000
0.5575 0.00000000000000000000
0.5625 0.00000000000000000000
0.5675 0.00000000000000000000
0.5725 0.00000000000000000000
0.5775 0.00000000000000000000
0.5825 0.00000000000000000000
0.5875 0.00000000000000000000
0.5925 0.00000000000000000000
0.5975 0.00000000000000000000
0.6025 0.00000000000000000000
0.6075 0.00000000000000000000
0.6125 0.00000000000000000000
0.6175 0.00000000000000000000
0.6225 0.00000000000000000000
0.6275 0.00000000000000000000
0.6325 0.00000000000000000000
0.6375 0.00000000000000000000
0.6425 0.00000000000000000000
0.6475 0.00000000000000000000
0.6525 0.00000000000000000000
0.6575 0.00000000000000000000
0.6625 0.00000000000000000000
0.6675 0.00000000000000000000
0.6725 0.00000000000000000000
0.6775 0.00000000000000000000
0.6825 0.00000000000000000000
0.6875 0.00000000000000000000
0.6925 0.00000000000000000000
0.6975 0.00000000000000000000
0.7025 0.00000000000000000000
0.7075 0.00000000000000000000
0.7125 0.00000000000000000000
0.7175 0.00000000000000000000
0.7225 0.00000000000000000000
0.7275 0.00000000000000000000
0.7325 0.00000000000000000000
0.7375 0.00000000000000000000
0.7425 0.00000000000000000000
0.7475 0.00000000000000000000
0.7525 0.00000000000000000000
0.7575 0.00000000000000000000
0.7625 0.00000000000000000000
0.7675 0.00000000000000000000
0.7725 0.00000000000000000000
0.7775 0.00000000000000000000
0.7825 0.00000000000000000000
0.7875 0.00000000000000000000
0.7925 0.00000000000000000000
0.7975 0.00000000000000000000
0.8025 0.00000000000000000000
0.8075 0.00000000000000000000
0.8125 0.00000000000000000000
0.8175 0.00000000000000000000
0.8225 0.00000000000000000000
0.8275 0.00000000000000000000
0.8325 0.00000000000000000000
0.8375 0.00000000000000000000
0.8425 0.00000000000000000000
0.8475 0.00000000000000000000
0.8525 0.00000000000000000000
0.8575 0.00000000000000000000
0.8625 0.00000000000000000000
0.8675 0.00000000000000000000
0.8725 0.00000000000000000000
0.8775 0.00000000000000000000
0.8825 0.00000000000000000000
0.8875 0.00000000000000000000
0.8925 0.00000000000000000000
0.8975 0.00000000000000000000
0.9025 0.00000000000000000000
0.9075 0.00000000000000000000
0.9125 0.00000000000000000000
0.9175 0.00000000000000000000
0.9225 0.00000000000000000000
0.9275 0.00000000000000000000
0.9325 0.00000000000000000000
0.9375 0.00000000000000000000
0.9425 0.00000000000000000000
0.9475 0.00000000000000000000
0.9525 0.00000000000000000000
0.9575 0.00000000000000000000
0.9625 0.00000000000000000000
0.9675 0.00000000000000000000
0.9725 0.00000000000000000000
0.9775 0.00000000000000000000
0.9825 0.00000000000000000000
0.9875 0.00000000000000000000
0.9925 0.00000000000000000000
0.9975 0.00000000000000000000
1.0025 0.00000000000000000000
1.0075 0.00000000000000000000
1.0125 0.00000000000000000000
1.0175 0.00000000000000000000
1.0225 0.00000000000000000000
1.0275 0.00000000000000000000
1.0325 0.00000000000000000000
1.0375 0.00000000000000000000
1.0425 0.00000000000000000000
1.0475 0.00000000000000000000
1.0525 0.00000000000000000000
1.0575 0.00000000000000000000
1.0625 0.00000000000000000000
1.0675 0.00000000000000000000
1.0725 0.00000000000000000000
1.0775 0.00000000000000000000
1.0825 0.00000000000000000000
1.0875 0.00000000000000000000
1.0925 0.00000000000000000000
1.0975 0.00000000000000000000
1.1025 0.00000000000000000000
1.1075 0.00000000000000000000
1.1125 0.00000000000000000000
1.1175 0.00000000000000000000
1.1225 0.00000000000000000000
1.1275 0.00000000000000000000
1.1325 0.00000000000000000000
1.1375 0.00000000000000000000
1.1425 0.00000000000000000000
1.1475 0.00000000000000000000
1.1525 0.00000000000000000000
1.1575 0.00000000000000000000
1.1625 0.00000000000000000000
1.1675 0.00000000000000000000
1.1725 0.00000000000000000000
1.1775 0.00000000000000000000
1.1825 0.00000000000000000000
1.1875 0.00000000000000000000
1.1925 0.00000000000000000000
1.1975 0.00000000000000000000
1.2025 0.00000000000000000000
1.2075 0.00000000000000000000
1.2125 0.00000000000000000000
1.2175 0.00000000000000000000
1.2225 0.00000000000000000000
1.2275 0.00000000000000000000
1.2325 0.00000000000000000000
1.2375 0.00000000000000000000
1.2425 0.00000000000000000000
1.2475 0.00000000000000000000
1.2525 0.00000000000000000000
1.2575 0.00000000000000000000
1.2625 0.00000000000000000000
1.2675 0.00000000000000000000
1.2725 0.00000000000000000000
1.2775 0.00000000000000000000
1.2825 0.00000000000000000000
1.2875 0.00000000000000000000
1.2925 0.00000000000000000000
1.2975 0.00000000000000000000
1.3025 0.00000000000000000000
1.3075 0.00000000000000000000
1.3125 0.00000000000000000000
1.3175 0.00000000000000000000
1.3225 0.00000000000000000000
1.3275 0.00000000000000000000
1.3325 0.00000000000000000000
1.3375 0.00000000000000000000
1.3425 0.00000000000000000000
1.3475 0.00000000000000000000
1.3525 0.00000000000000000000
1.3575 0.00000000000000000000
1.3625 0.00000000000000000000
1.3675 0.00000000000000000000
1.3725 0.00000000000000000000
1.3775 0.00000000000000000000
1.3825 0.00000000000000000000
1.3875 0.00000000000000000000
1.3925 0.00000000000000000000
1.3975 0.00000000000000000000
1.4025 0.00000000000000000000
1.4075 0.00000072789071911883
1.4125 0.00000234846138555980
1.4175 0.00000689051177005015
1.4225 0.00001852441319980509
1.4275 0.00004594833063693315
1.4325 0.00010582557806423343
1.4375 0.00022763921597647482
1.4425 0.00045980577046818950
1.4475 0.00087643658390816051
1.4525 0.00158365705426034820
1.4575 0.00272404510591632608
1.4625 0.00447767660797646939
1.4675 0.00705855456830167642
1.4725 0.01070582035547836507
1.4775 0.01567000279058038126
1.4825 0.02219541225518328192
1.4875 0.03050052506408511624
1.4925 0.04075860576634450505
1.4975 0.05308080446868566199
1.5025 0.06750367120212472094
1.5075 0.08398236952362285457
1.5125 0.10239013345503870933
1.5175 0.12252371471447770501
1.5225 0.14411398928221538784
1.5275 0.16684020872835944593
1.5325 0.19034660646976334086
1.5375 0.21425950297509260833
1.5425 0.23820372800765376997
1.5475 0.26181743991473965805
1.5525 0.28476422881700164114
1.5575 0.30674260629107913401
1.5625 0.32749257122740144110
1.5675 0.34679937371497887577
1.5725 0.36449490193834155338
1.5775 0.38045711937853388118
1.5825 0.39460761866928090180
1.5875 0.40690826656721940102
1.5925 0.41735674451328658163
1.5975 0.42598186295238110732
1.6025 0.43283843249511239071
1.6075 0.43800236932850161731
1.6125 0.44156594600318122001
1.6175 0.44363338119133771675
1.6225 0.44431697622867594166
1.6275 0.44373362052070713935
1.6325 0.44200183735805426144
1.6375 0.43923939687200891369
1.6425 0.43556124289217823531
1.6475 0.43107805253175474069
1.6525 0.42589491821383151926
1.6575 0.42011077527841267365
1.6625 0.41381769270793000715
1.6675 0.40710068793666737141
1.6725 0.40003773905973233349
1.6775 0.39269980149176847428
1.6825 0.38515104812872935636
1.6875 0.37744920083611888106
1.6925 0.36964584591210791764
1.6975 0.36178678747876186206
1.7025 0.35391244139373073674
1.7075 0.34605828122904069843
1.7125 0.33825509041527557219
1.7175 0.33052944462438682560
1.7225 0.32290399873960379251
1.7275 0.31539787392413970446
1.7325 0.30802695206667707328
1.7375 0.30080427240210477757
1.7425 0.29374018775026333739
1.7475 0.28684278033195470536
1.7525 0.28011807283211304087
1.7575 0.27357022156476018537
1.7625 0.26720183014621640138
1.7675 0.26101411415977660013
1.7725 0.25500709031739360322
1.7775 0.24917985209043283512
1.7825 0.24353061801642880702
1.7875 0.23805702323465596781
1.7925 0.23275616249817057679
1.7975 0.22762476423196709163
1.8025 0.22265930599643254939
1.8075 0.21785601304273141676
1.8125 0.21321102713788023242
1.8175 0.20872036779004882190
1.8225 0.20437999749669250038
1.8275 0.20018582278075208736
1.8325 0.19613373765529931725
1.8375 0.19221962107052192881
1.8425 0.18843929763992406379
1.8475 0.18478865178431538863
1.8525 0.18126354527534968564
1.8575 0.17785987037331033034
1.8625 0.17457357925635003104
1.8675 0.17140065350698455160
1.8725 0.16833715438627547267
1.8775 0.16537920959987784109
1.8825 0.16252304922712254576
1.8875 0.15976497073595377629
1.8925 0.15710141030918520211
1.8975 0.15452889087504795285
1.9025 0.15204405430257761367
1.9075 0.14964370353129580193
1.9125 0.14732474555274180372
1.9175 0.14508424858751770015
1.9225 0.14291939909987017021
1.9275 0.14082753889928167901
1.9325 0.13880613574678060673
1.9375 0.13685275237414074034
1.9425 0.13496507677751598542
1.9475 0.13314087770974933345
1.9525 0.13137798923437690735
1.9575 0.12967431084824307397
1.9625 0.12802780231856644710
1.9675 0.12643644843695017732
1.9725 0.12489828730416889513
1.9775 0.12341138907820208004
1.9825 0.12197385293684478991
1.9875 0.12058382030207903668
1.9925 0.11923947273581692041
1.9975 0.11793902889723809069
2.0025 0.11668075796243612685
2.0075 0.11546296431642476266
2.0125 0.11428401456629129485
2.0175 0.11314233286422155367
2.0225 0.11203640169715251007
2.0275 0.11096476152002816840
2.0325 0.10992602991054928330
2.0375 0.10891890343990011381
2.0425 0.10794212466625584257
2.0475 0.10699453300276684509
2.0525 0.10607503444024127259
2.0575 0.10518258842868494218
2.0625 0.10431625378432927975
2.0675 0.10347514071866634189
2.0725 0.10265841336970370212
2.0775 0.10186531725305329743
2.0825 0.10109513967556263414
2.0875 0.10034723086736063724
2.0925 0.09962097869815567108
2.0975 0.09891583103246912034
2.1025 0.09823127979849693991
2.1075 0.09756685773263133743
2.1125 0.09692212898356611372
2.1175 0.09629668441858829642
2.1225 0.09569014943309106513
2.1275 0.09510215554031398177
2.1325 0.09453233835166312271
2.1375 0.09398033901294776393
2.1425 0.09344579247024813184
2.1475 0.09292830744151192590
2.1525 0.09242748922745429307
2.1575 0.09194292854117017133
2.1625 0.09147419508928499032
2.1675 0.09102086565072382840
2.1725 0.09058250576687151834
2.1775 0.09015868052413490707
2.1825 0.08974897090191670534
2.1875 0.08935297063911999682
2.1925 0.08897029544306045423
2.1975 0.08860057652268388262
2.2025 0.08824346602312221899
2.2075 0.08789862744087306723
2.2125 0.08756574794748137047
2.2175 0.08724451082499601329
2.2225 0.08693460200049443753
2.2275 0.08663570864948744177
2.2325 0.08634751340875831960
2.2375 0.08606969928976601625
2.2425 0.08580193308204027425
2.2475 0.08554388236479612551
2.2525 0.08529521264031583727
2.2575 0.08505559900914667903
2.2625 0.08482472785223825473
2.2675 0.08460229886884726436
2.2725 0.08438803459858741640
2.2775 0.08418167622662110772
2.2825 0.08398298850410515493
2.2875 0.08379176365256277292
2.2925 0.08360781454902765919
2.2975 0.08343098618628659591
2.3025 0.08326112422878668984
2.3075 0.08309810505096669464
2.3125 0.08294182263183041970
2.3175 0.08279217489037794808
2.3225 0.08264906905559517292
2.3275 0.08251242978216245805
2.3325 0.08238216952191135256
2.3375 0.08225822861078577186
2.3425 0.08214052954614849134
2.3475 0.08202901956039594655
2.3525 0.08192363710447245206
2.3575 0.08182433327060487094
2.3625 0.08173106203535800141
2.3675 0.08164378335623871663
2.3725 0.08156246161591811095
2.3775 0.08148707223869848526
2.3825 0.08141757727029921843
2.3875 0.08135394063274352383
2.3925 0.08129610065149826814
2.3975 0.08124400333115157358
2.4025 0.08119754975293315413
2.4075 0.08115663738788325698
2.4125 0.08112111791112942838
2.4175 0.08109083240562885153
2.4225 0.08106559462108077485
2.4275 0.08104519401389029265
2.4325 0.08102940934267086059
2.4375 0.08101800092069634529
2.4425 0.08101072967484800047
2.4475 0.08100734780160591397
2.4525 0.08100761990699112403
2.4575 0.08101130608791407006
2.4625 0.08101818929365799116
2.4675 0.08102804897331017386
2.4725 0.08104069792381735082
2.4775 0.08105594567864551903
2.4825 0.08107361754434339041
2.4875 0.08109355053088115883
2.4925 0.08111557729932128424
2.4975 0.08113953855566614914
2.5025 0.08116526612342163383
2.5075 0.08119258424972816690
2.5125 0.08122129703059503825
2.5175 0.08125120424704668221
2.5225 0.08128207705904635927
2.5275 0.08131367757187776824
2.5325 0.08134572715254784203
2.5375 0.08137795129513639147
2.5425 0.08141003775887530047
2.5475 0.08144166697691350432
2.5525 0.08147250159093814836
2.5575 0.08150219708273215291
2.5625 0.08153040450988881249
2.5675 0.08155676864053562625
2.5725 0.08158094875403183732
2.5775 0.08160260574546400469
2.5825 0.08162142299586931660
2.5875 0.08163708131402910850
2.5925 0.08164928607169910646
2.5975 0.08165775752526485687
2.6025 0.08166222465195056845
2.6075 0.08166244033964577265
2.6125 0.08165816837908364267
2.6175 0.08164920490284904853
2.6225 0.08163537517080247941
2.6275 0.08161654458238461196
2.6325 0.08159262581022040661
2.6375 0.08156358270601755944
2.6425 0.08152943193224969354
2.6475 0.08149024997090348332
2.6525 0.08144614780393068243
2.6575 0.08139729361761982585
2.6625 0.08134387096484940738
2.6675 0.08128608531539620319
2.6725 0.08122415204965710567
2.6775 0.08115827635940241203
2.6825 0.08108865663920736266
2.6875 0.08101547369124986742
2.6925 0.08093889061361496384
2.6975 0.08085904447635751391
2.7025 0.08077605717115178552
2.7075 0.08069003045020278764
2.7125 0.08060105369066981884
2.7175 0.08050920694277513556
2.7225 0.08041456296451063301
2.7275 0.08031719824113504880
2.7325 0.08021719148838721281
2.7375 0.08011463327499311615
2.7425 0.08000962651825076211
2.7475 0.07990228441286072181
2.7525 0.07979273822015700568
2.7575 0.07968112779080577246
2.7625 0.07956760416348096498
2.7675 0.07945230768739504346
2.7725 0.07933538723816627170
2.7775 0.07921697676466268878
2.7825 0.07909721147756962334
2.7875 0.07897619331273728061
2.7925 0.07885402054778410663
2.7975 0.07873077746933011822
2.8025 0.07860653590926081069
2.8075 0.07848137330288827707
2.8125 0.07835535248019460941
2.8175 0.07822854050127160674
2.8225 0.07810100680785445060
2.8275 0.07797282446358301533
2.8325 0.07784406578409504285
2.8375 0.07771479943092512999
2.8425 0.07758509221429461811
2.8475 0.07745498961728174148
2.8525 0.07732453607524394923
2.8575 0.07719376712664738349
2.8625 0.07706269376637138457
2.8675 0.07693132512595896033
2.8725 0.07679966257476762703
2.8775 0.07666769947692708698
2.8825 0.07653543857705191744
2.8875 0.07640288291448048275
2.8925 0.07627003984961509830
2.8975 0.07613694613273691569
2.9025 0.07600364379059509901
2.9075 0.07587018508178840215
2.9125 0.07573664956947388782
2.9175 0.07560312259945900504
2.9225 0.07546970702269489850
2.9275 0.07533650129598563894
2.9325 0.07520362341899210212
2.9375 0.07507118139351021124
2.9425 0.07493927056955203281
2.9475 0.07480799359175460683
2.9525 0.07467742511354094614
2.9575 0.07454763030293622139
2.9625 0.07441865616623562218
2.9675 0.07429052252093164277
2.9725 0.07416323401344182553
2.9775 0.07403677345334562510
2.9825 0.07391110588677222981
2.9875 0.07378617998557715496
2.9925 0.07366193033162840575
2.9975 0.07353828422708838519
3.0025 0.07341518174353366122
3.0075 0.07329254925428155265
3.0125 0.07317034336604254230
3.0175 0.07304852910544434863
3.0225 0.07292709658581945920
3.0275 0.07280606535650996358
3.0325 0.07268547232385152990
3.0375 0.07256538663060507766
3.0425 0.07244590245702092757
3.0475 0.07232712882037189983
3.0525 0.07220918834697309663
3.0575 0.07209222018889792361
3.0625 0.07197635911609995274
3.0675 0.07186173447823440696
3.0725 0.07174847230800217301
3.0775 0.07163667948959993870
3.0825 0.07152643856771892517
3.0875 0.07141782086632510185
3.0925 0.07131086317978699296
3.0975 0.07120558986939259927
3.1025 0.07110200338573334500
3.1075 0.07100008711060493138
3.1125 0.07089981455862322257
3.1175 0.07080115260970989977
3.1225 0.07070406813787825928
3.1275 0.07060852086321883769
3.1325 0.07051448274548498263
3.1375 0.07042193454290718302
3.1425 0.07033086536348490125
3.1475 0.07024127114010557393
3.1525 0.07015317133403659033
3.1575 0.07006657865171718458
3.1625 0.06998152068705641715
3.1675 0.06989802245907797418
3.1725 0.06981611047551672389
3.1775 0.06973580634409731749
3.1825 0.06965710946214311028
3.1875 0.06958002158585872843
3.1925 0.06950451108212053752
3.1975 0.06943054126675633764
3.2025 0.06935804385906096936
3.2075 0.06928695256561248628
3.2125 0.06921717905626417755
3.2175 0.06914862954008360596
3.2225 0.06908121301611126752
3.2275 0.06901482966024788390
3.2325 0.06894938571739984978
3.2375 0.06888480274919227264
3.2425 0.06882098890995531904
3.2475 0.06875787242910685881
3.2525 0.06869538511443702700
3.2575 0.06863346136660217200
3.2625 0.06857203380946952365
3.2675 0.06851105171480897926
3.2725 0.06845045936960138244
3.2775 0.06839020837829359878
3.2825 0.06833025808657536282
3.2875 0.06827057087474795727
3.2925 0.06821111834635976146
3.2975 0.06815187815373137392
3.3025 0.06809283151559161751
3.3075 0.06803396631952732254
3.3125 0.06797527735733883969
3.3175 0.06791675551502204811
3.3225 0.06785839499952571463
3.3275 0.06780018182710230434
3.3325 0.06774209586268753469
3.3375 0.06768411751329987680
3.3425 0.06762622058579806361
3.3475 0.06756837396516159056
3.3525 0.06751054919893649531
3.3575 0.06745272607253234576
3.3625 0.06739489370940933421
3.3675 0.06733706119139523660
3.3725 0.06727924902988864642
3.3775 0.06722150496552924126
3.3825 0.06716389497473675141
3.3875 0.06710651667062236814
3.3925 0.06704945946371750065
3.3975 0.06699285319009107287
3.4025 0.06693680777576115071
3.4075 0.06688145412247181731
3.4125 0.06682689032279635899
3.4175 0.06677322278504153885
3.4225 0.06672052021196589466
3.4275 0.06666884486824987965
3.4325 0.06661822836270712977
3.4375 0.06656868782268243745
3.4425 0.06652022039428473477
3.4475 0.06647280443456027310
3.4525 0.06642642540286038122
3.4575 0.06638104272833357522
3.4625 0.06633662580703332534
3.4675 0.06629314852257219004
3.4725 0.06625057703254487451
3.4775 0.06620888114089369669
3.4825 0.06616803174317668901
3.4875 0.06612799431798040140
3.4925 0.06608874371289406857
3.4975 0.06605025189951566067
3.5025 0.06601249242031052844
3.5075 0.06597544589168585771
3.5125 0.06593909747667160703
3.5175 0.06590343923005824445
3.5225 0.06586846582641925352
3.5275 0.06583416969391707452
3.5325 0.06580055480932479883
3.5375 0.06576761016641161084
3.5425 0.06573532488733740964
3.5475 0.06570368239806882726
3.5525 0.06567265606008358680
3.5575 0.06564221020553613617
3.5625 0.06561229466979465186
3.5675 0.06558284521069959738
3.5725 0.06555380574871319532
3.5775 0.06552510583680389022
3.5825 0.06549667496145154810
3.5875 0.06546844695356786314
3.5925 0.06544037103016632495
3.5975 0.06541239986824290420
3.6025 0.06538451015014863643
3.6075 0.06535668414191674047
3.6125 0.06532892939198522986
3.6175 0.06530125592142228819
3.6225 0.06527369198156937613
3.6275 0.06524626627612573060
3.6325 0.06521901545112854248
3.6375 0.06519197452976487062
3.6425 0.06516517666768359418
3.6475 0.06513864847113597090
3.6525 0.06511241156482210080
3.6575 0.06508647767667910533
3.6625 0.06506085132205545463
3.6675 0.06503553075855382504
3.6725 0.06501049740701757285
3.6775 0.06498573485760673896
3.6825 0.06496121564478943289
3.6875 0.06493690608889444993
3.6925 0.06491276747779353706
3.6975 0.06488876022904872809
3.7025 0.06486484190448342513
3.7075 0.06484096562416358234
3.7125 0.06481709294792059595
3.7175 0.06479318351404836362
3.7225 0.06476919616015222592
3.7275 0.06474510583986042844
3.7325 0.06472088435444280086
3.7375 0.06469651310998177085
3.7425 0.06467199183030569731
3.7475 0.06464732759222703573
3.7525 0.06462254361118115187
3.7575 0.06459767614544470460
3.7625 0.06457277566474292629
3.7675 0.06454790226121125130
3.7725 0.06452311782149151853
3.7775 0.06449849391727061065
3.7825 0.06447409460470189535
3.7875 0.06444998091896111947
3.7925 0.06442620401336544844
3.7975 0.06440280390358064933
3.8025 0.06437980681704003061
3.8075 0.06435722243007183097
3.8125 0.06433504875367010434
3.8175 0.06431328447284265226
3.8225 0.06429189435961397969
3.8275 0.06427086345570519332
3.8325 0.06425014880319394883
3.8375 0.06422972400616666633
3.8425 0.06420955088377630626
3.8475 0.06418961337250855825
3.8525 0.06416988393093212006
3.8575 0.06415034814369099947
3.8625 0.06413098939504523199
3.8675 0.06411180817109626839
3.8725 0.06409279648602324297
3.8775 0.06407394972603788763
3.8825 0.06405526160167131222
3.8875 0.06403672705018553790
3.8925 0.06401834533639400027
3.8975 0.06400011731005501858
3.9025 0.06398203573118448062
3.9075 0.06396412173570509285
3.9125 0.06394638663146021140
3.9175 0.06392884571182751163
3.9225 0.06391152174895972649
3.9275 0.06389443509191256032
3.9325 0.06387759285617829186
3.9375 0.06386100999584899685
3.9425 0.06384467486601304309
3.9475 0.06382857925229162843
3.9525 0.06381268955850494251
3.9575 0.06379697022154651176
3.9625 0.06378137111049349273
3.9675 0.06376583647496578133
3.9725 0.06375031649962829838
3.9775 0.06373474684699290127
3.9825 0.06371908670473018510
3.9875 0.06370329523788531567
3.9925 0.06368734651187711593
3.9975 0.06367123373493246974
4.0025 0.06365496232046588543
4.0075 0.06363856081918523033
4.0125 0.06362206985598453657
4.0175 0.06360554276863850109
4.0225 0.06358904371814391721
4.0275 0.06357264169671435206
4.0325 0.06355641040962706212
4.0375 0.06354041314284676611
4.0425 0.06352471179500969456
4.0475 0.06350935609051452935
4.0525 0.06349438034816035081
4.0575 0.06347979903237495336
4.0625 0.06346561254404169128
4.0675 0.06345180114785994863
4.0725 0.06343832972216352506
4.0775 0.06342515052240778328
4.0825 0.06341221261474198900
4.0875 0.06339945733512175607
4.0925 0.06338683274307213567
4.0975 0.06337429351987416970
4.1025 0.06336180130341775851
4.1075 0.06334932972455009637
4.1125 0.06333685403589150997
4.1175 0.06332436221514825547
4.1225 0.06331184067051098818
4.1275 0.06329927472120150389
4.1325 0.06328664958365613769
4.1375 0.06327394607789257885
4.1425 0.06326114228982333831
4.1475 0.06324822226799550751
4.1525 0.06323516566341348677
4.1575 0.06322196683621641999
4.1625 0.06320862590738762776
4.1675 0.06319516161820565303
4.1725 0.06318161068593036722
4.1775 0.06316802305534670314
4.1825 0.06315447363373094536
4.1875 0.06314103844299015500
4.1925 0.06312781461709983388
4.1975 0.06311488842234400098
4.2025 0.06310234886105337004
4.2075 0.06309026688334909427
4.2125 0.06307869165412538504
4.2175 0.06306765357104886227
4.2225 0.06305715574144055147
4.2275 0.06304717352925091889
4.2325 0.06303765701194251336
4.2375 0.06302854468850405123
4.2425 0.06301975849180020683
4.2475 0.06301121210478895229
4.2525 0.06300282523823877434
4.2575 0.06299451767767427768
4.2625 0.06298622946628464059
4.2675 0.06297790775658645979
4.2725 0.06296952691104164279
4.2775 0.06296107185399824058
4.2825 0.06295254724433740900
4.2875 0.06294397217978765779
4.2925 0.06293537232156916350
4.2975 0.06292677817923107708
4.3025 0.06291822472653660347
4.3075 0.06290973652548188799
4.3125 0.06290132576494245065
4.3175 0.06289299736606344948
4.3225 0.06288473711359558738
4.3275 0.06287652085119035950
4.3325 0.06286830638353331502
4.3375 0.06286005373671256502
4.3425 0.06285171794279291457
4.3475 0.06284324598271054385
4.3525 0.06283460811524088641
4.3575 0.06282578104124326990
4.3625 0.06281675823324946173
4.3675 0.06280756455406073802
4.3725 0.06279823727405835221
4.3775 0.06278884336994386417
4.3825 0.06277947046678421239
4.3875 0.06277021839245947032
4.3925 0.06276120677114140067
4.3975 0.06275255661864127810
4.4025 0.06274440690965422951
4.4075 0.06273688633490245858
4.4125 0.06273013773516571134
4.4175 0.06272429531617061682
4.4225 0.06271948832984949873
4.4275 0.06271583985240423986
4.4325 0.06271344861386878022
4.4375 0.06271239251380857083
4.4425 0.06271271024884730871
4.4475 0.06271439228983187453
4.4525 0.06271738119899231134
4.4575 0.06272156187468444499
4.4625 0.06272676087003645207
4.4675 0.06273275291310639878
4.4725 0.06273927783148679216
4.4775 0.06274603649589614862
4.4825 0.06275271902012438674
4.4875 0.06275902493889445877
4.4925 0.06276467263176342681
4.4975 0.06276940811234309192
4.5025 0.06277303815032808654
4.5075 0.06277541214421410165
4.5125 0.06277644598950934962
4.5175 0.06277610722299983848
4.5225 0.06277441534031046044
4.5275 0.06277144031451815931
4.5325 0.06276728860144127620
4.5375 0.06276208954804801676
4.5425 0.06275599300084243326
4.5475 0.06274915490519469841
4.5525 0.06274172677114461805
4.5575 0.06273386444375401994
4.5625 0.06272570878965673391
4.5675 0.06271738493934451986
4.5725 0.06270900314258305575
4.5775 0.06270065691433766852
4.5825 0.06269242523990620208
4.5875 0.06268436405553774737
4.5925 0.06267652266499178226
4.5975 0.06266893432684907117
4.6025 0.06266161957540464233
4.6075 0.06265459285800294154
4.6125 0.06264785754531958240
4.6175 0.06264141432620340399
4.6225 0.06263525301582398286
4.6275 0.06262936954376545351
4.6325 0.06262374956042419949
4.6375 0.06261838421193735571
4.6425 0.06261325692821272104
4.6475 0.06260835820568416699
4.6525 0.06260366800064014192
4.6575 0.06259917761161246097
4.6625 0.06259487367302755956
4.6675 0.06259074324056596028
4.6725 0.06258677245482434370
4.6775 0.06258294832239104377
4.6825 0.06257926619723534756
4.6875 0.06257571519002710914
4.6925 0.06257228849627571865
4.6975 0.06256897278380707528
4.7025 0.06256575935552011192
4.7075 0.06256265313165819408
4.7125 0.06255963841912548506
4.7175 0.06255671129976221601
4.7225 0.06255386704949671139
4.7275 0.06255110211791282959
4.7325 0.06254841212403462747
4.7375 0.06254580138475397677
4.7425 0.06254325115409896385
4.7475 0.06254077319186750195
4.7525 0.06253835677639049684
4.7575 0.06253601060905299158
4.7625 0.06253371814175918975
4.7675 0.06253148927931112544
4.7725 0.06252931690976952506
4.7775 0.06252720627614354043
4.7825 0.06252514814292678413
4.7875 0.06252314519134095916
4.7925 0.06252119977725004163
4.7975 0.06251930562688044757
4.8025 0.06251746390428701561
4.8075 0.06251567733859236808
4.8125 0.06251393780172195824
4.8175 0.06251225263242346508
4.8225 0.06251061759343599922
4.8275 0.06250903323375704701
4.8325 0.06250749943007598286
4.8375 0.06250601554752692468
4.8425 0.06250458074999874769
4.8475 0.06250320127480261945
4.8525 0.06250186907508004097
4.8575 0.06250058586614239131
4.8625 0.06249935619594128994
4.8675 0.06249817830242435091
4.8725 0.06249704719732658564
4.8775 0.06249596935489878935
4.8825 0.06249494147371446873
4.8875 0.06249396268525651832
4.8925 0.06249303628556421297
4.8975 0.06249215969092894452
4.9025 0.06249133377639689430
4.9075 0.06249055503513393367
4.9125 0.06248982900135863910
4.9175 0.06248915186038981467
4.9225 0.06248852627485676492
4.9275 0.06248794842375611502
4.9325 0.06248742105233395794
4.9375 0.06248694192131384190
4.9425 0.06248651456896358453
4.9475 0.06248613361771599567
4.9525 0.06248580231928382855
4.9575 0.06248551909880829813
4.9625 0.06248528355774429777
4.9675 0.06248509492603644688
4.9725 0.06248495581152853362
4.9775 0.06248486296608573437
4.9825 0.06248481887326965550
4.9875 0.06248481559594543794
4.9925 0.06248486436759178447
4.9975 0.06248495613694154266
5.0025 0.06248509320864822913
5.0075 0.06248527760578213158
5.0125 0.06248550497746854088
5.0175 0.06248578123625327108
5.0225 0.06248610247269496820
5.0275 0.06248647047454437831
5.0325 0.06248688212356283411
5.0375 0.06248734318732626636
5.0425 0.06248784976507600758
5.0475 0.06248840020641307363
5.0525 0.06248900325246894288
5.0575 0.06248965043493830140
5.0625 0.06249034512078713299
5.0675 0.06249108793089151043
5.0725 0.06249188099770913024
5.0775 0.06249272068837328359
5.0825 0.06249361172108532092
5.0875 0.06249455198309009085
5.0925 0.06249554074953492938
5.0975 0.06249658491799862936
5.1025 0.06249767825193304482
5.1075 0.06249882346516082154
5.1125 0.06250002054887088265
5.1175 0.06250126992308126239
5.1225 0.06250257596074605682
5.1275 0.06250392883340351313
5.1325 0.06250534114827213661
5.1375 0.06250680191309777867
5.1425 0.06250831712409371521
5.1475 0.06250988913868608943
5.1525 0.06251150916272239788
5.1575 0.06251318329110293337
5.1625 0.06251491093763317242
5.1675 0.06251669274677183752
5.1725 0.06251852655966610994
5.1775 0.06252041490586003614
5.1825 0.06252235539112070695
5.1875 0.06252434893921852976
5.1925 0.06252640261560228618
5.1975 0.06252850780180931045
5.2025 0.06253067162014794289
5.2075 0.06253289517608756620
5.2125 0.06253517649815014401
5.2175 0.06253751759702810831
5.2225 0.06253992398364577321
5.2275 0.06254239338827095873
5.2325 0.06254492761379221166
5.2375 0.06254752878067393329
5.2425 0.06255020375664147037
5.2475 0.06255294555409646184
5.2525 0.06255576412718237556
5.2575 0.06255865997015383484
5.2625 0.06256163708931468392
5.2675 0.06256469173106725401
5.2725 0.06256783345043627487
5.2775 0.06257106808592517722
5.2825 0.06257439238266832016
5.2875 0.06257781550483547395
5.2925 0.06258134517749089354
5.2975 0.06258498074484164508
5.3025 0.06258873497867828428
5.3075 0.06259261943930050087
5.3125 0.06259663395187739510
5.3175 0.06260079330804922682
5.3225 0.06260511401631170536
5.3275 0.06260960360443057482
5.3325 0.06261427812568942652
5.3375 0.06261914697187530299
5.3425 0.06262422934141034792
5.3475 0.06262954139883641913
5.3525 0.06263510238314488887
5.3575 0.06264092833243303793
5.3625 0.06264703435689308875
5.3675 0.06265344232873329422
5.3725 0.06266016739719820761
5.3775 0.06266722457419229841
5.3825 0.06267463249851666640
5.3875 0.06268239509231784967
5.3925 0.06269052268802233208
5.3975 0.06269901832576106615
5.4025 0.06270788122542471366
5.4075 0.06271709932660092524
5.4125 0.06272665267540233902
5.4175 0.06273650841602809725
5.4225 0.06274662168973055287
5.4275 0.06275693136889543000
5.4325 0.06276735833823993138
5.4375 0.06277780914424356540
5.4425 0.06278816769397613240
5.4475 0.06279830444137830814
5.4525 0.06280807251089295939
5.4575 0.06281731793625346116
5.4625 0.06282588275475170514
5.4675 0.06283361122219181805
5.4725 0.06284034961032609889
5.4775 0.06284598127237350784
5.4825 0.06285040042042272512
5.4875 0.06285354572407363116
5.4925 0.06285540410300707870
5.4975 0.06285601620452875571
5.5025 0.06285547569777920340
5.5075 0.06285392221891605846
5.5125 0.06285155856072115188
5.5175 0.06284861977272915290
5.5225 0.06284536927877761026
5.5275 0.06284207385299259152
5.5325 0.06283899943335093108
5.5375 0.06283638082315384787
5.5425 0.06283442772452429992
5.5475 0.06283329832566648954
5.5525 0.06283310180917910104
5.5575 0.06283389326738132719
5.5625 0.06283567582591659262
5.5675 0.06283841483219632096
5.5725 0.06284204114586035284
5.5775 0.06284645930487627041
5.5825 0.06285155186841537289
5.5875 0.06285720195522900844
5.5925 0.06286328137088752210
5.5975 0.06286966622494255530
5.6025 0.06287624137091230025
5.6075 0.06288290839534868559
5.6125 0.06288958441124671561
5.6175 0.06289620588087795061
5.6225 0.06290273173944689600
5.6275 0.06290912962409415943
5.6325 0.06291538159160443844
5.6375 0.06292148237021735757
5.6425 0.06292743663292617307
5.6475 0.06293325606711201725
5.6525 0.06293895730053998550
5.6575 0.06294456370792521349
5.6625 0.06295010271846587790
5.6675 0.06295559306963985358
5.6725 0.06296106818160628060
5.6775 0.06296656304223360867
5.6825 0.06297211751771786270
5.6875 0.06297778239196938355
5.6925 0.06298361633848657826
5.6975 0.06298969429616743665
5.7025 0.06299608355022905115
5.7075 0.06300287356484988999
5.7125 0.06301014232059917730
5.7175 0.06301797609226007790
5.7225 0.06302645940979816064
5.7275 0.06303566080485259460
5.7325 0.06304564578641262684
5.7375 0.06305645561182905701
5.7425 0.06306811681854207485
5.7475 0.06308064439330514361
5.7525 0.06309402524871915441
5.7575 0.06310823701949101749
5.7625 0.06312323388981742889
5.7675 0.06313896473249876184
5.7725 0.06315535522953803771
5.7775 0.06317232475713598083
5.7825 0.06318977870871136937
5.7875 0.06320761822075214587
5.7925 0.06322572698795304869
5.7975 0.06324399660842006110
5.8025 0.06326230408295432928
5.8075 0.06328053275404725564
5.8125 0.06329857207005663844
5.8175 0.06331631036940471580
5.8225 0.06333365145528788154
5.8275 0.06335050913357379021
5.8325 0.06336680854153688147
5.8375 0.06338250152772162416
5.8425 0.06339754345422743409
5.8475 0.06341191199153957403
5.8525 0.06342560055458064394
5.8575 0.06343861021116854737
5.8625 0.06345095967562451589
5.8675 0.06346266790403093383
5.8725 0.06347375910457495052
5.8775 0.06348426823925069906
5.8825 0.06349422357089690161
5.8875 0.06350366524454537087
5.8925 0.06351264189109205593
5.8975 0.06352120781691178442
5.9025 0.06352944263066079289
5.9075 0.06353742784233921970
5.9125 0.06354526332720231152
5.9175 0.06355305818584695843
5.9225 0.06356092395898418901
5.9275 0.06356897097296304588
5.9325 0.06357730900592412082
5.9375 0.06358603495301735908
5.9425 0.06359522820764412776
5.9475 0.06360494864958114725
5.9525 0.06361523327694001972
5.9575 0.06362610683895378316
5.9625 0.06363756056498970359
5.9675 0.06364957700822766740
5.9725 0.06366212546817123785
5.9775 0.06367515853607677578
5.9825 0.06368862776431094552
5.9875 0.06370247535562537089
5.9925 0.06371664957529400708
5.9975 0.06373110067279727509
6.0025 0.06374578092389356077
6.0075 0.06376065254612674205
6.0125 0.06377568935965356733
6.0175 0.06379086796860593267
6.0225 0.06380618081227960869
6.0275 0.06382162739039866362
6.0325 0.06383721975242612201
6.0375 0.06385297418846293260
6.0425 0.06386892034657214168
6.0475 0.06388508899253114715
6.0525 0.06390151187641296415
6.0575 0.06391820373879887607
6.0625 0.06393517779310908811
6.0675 0.06395242375717200001
6.0725 0.06396990919313003121
6.0775 0.06398760098989313139
6.0825 0.06400544534279710429
6.0875 0.06402339647492080732
6.0925 0.06404142689820040146
6.0975 0.06405950566025035708
6.1025 0.06407763829635566843
6.1075 0.06409584335053597481
6.1125 0.06411414513452767805
6.1175 0.06413259456983098905
6.1225 0.06415124564366465887
6.1275 0.06417016520052182260
6.1325 0.06418941409574409340
6.1375 0.06420906384511340659
6.1425 0.06422915619633841333
6.1475 0.06424974255371196374
6.1525 0.06427085539709226358
6.1575 0.06429250211544602911
6.1625 0.06431467861771150707
6.1675 0.06433736623843695768
6.1725 0.06436052633196355510
6.1775 0.06438410147511340609
6.1825 0.06440803565516363405
6.1875 0.06443223815408795352
6.1925 0.06445664439495318865
6.1975 0.06448116427067712708
6.2025 0.06450572975448556901
6.2075 0.06453026862421504251
6.2125 0.06455473117476145939
6.2175 0.06457906653636245886
6.2225 0.06460325846844611197
6.2275 0.06462729498498520631
6.2325 0.06465118158599167386
6.2375 0.06467494047582859895
6.2425 0.06469860759467316313
6.2475 0.06472222211347977705
6.2525 0.06474582915488617807
6.2575 0.06476947820642861564
6.2625 0.06479320670451554909
6.2675 0.06481705281098329441
6.2725 0.06484105802918699313
6.2775 0.06486525960230556109
6.2825 0.06488968711443621196
6.2875 0.06491438378332800574
6.2925 0.06493937699700748356
6.2975 0.06496470192396770760
6.3025 0.06499040360602219291
6.3075 0.06501651358543586445
6.3125 0.06504306755905610304
6.3175 0.06507009911880613784
6.3225 0.06509763452642405857
6.3275 0.06512568536087930127
6.3325 0.06515425233941221639
6.3375 0.06518332455429746985
6.3425 0.06521288101056552100
6.3475 0.06524288461805974326
6.3525 0.06527328348115753187
6.3575 0.06530401885523101635
6.3625 0.06533502219466803818
6.3675 0.06536621605419502823
6.3725 0.06539752117383137997
6.3775 0.06542885954549246263
6.3825 0.06546015552714520847
6.3875 0.06549134587850984068
6.3925 0.06552237735824135989
6.3975 0.06555321422765393591
6.4025 0.06558383086638631954
6.4075 0.06561423154638741650
6.4125 0.06564442720890077687
6.4175 0.06567444474636031926
6.4225 0.06570432168821606356
6.4275 0.06573411434306136725
6.4325 0.06576387473771044823
6.4375 0.06579367334301156056
6.4425 0.06582357165249722031
6.4475 0.06585364412955788116
6.4525 0.06588395658307570624
6.4575 0.06591458547259185230
6.4625 0.06594560011424205337
6.4675 0.06597706918954400479
6.4725 0.06600906857094018809
6.4775 0.06604166991776616591
6.4825 0.06607495301164487134
6.4875 0.06610899738158702854
6.4925 0.06614387748849004378
6.4975 0.06617967576562451548
6.5025 0.06621645607244386333
6.5075 0.06625428767615866577
6.5125 0.06629321260253882853
6.5175 0.06633326833146681312
6.5225 0.06637446925589866875
6.5275 0.06641680850060563412
6.5325 0.06646025995623454363
6.5375 0.06650478611596780110
6.5425 0.06655033606232017840
6.5475 0.06659685364499950966
6.5525 0.06664428895556011312
6.5575 0.06669258487137542935
6.5625 0.06674169579831285004
6.5675 0.06679158451083433423
6.5725 0.06684222501005401829
6.5775 0.06689358820135481165
6.5825 0.06694565906159394286
6.5875 0.06699842687702609045
6.5925 0.06705187672249021680
6.5975 0.06710600106781003382
6.6025 0.06716077499577638443
6.6075 0.06721618657515192330
6.6125 0.06727220357181608323
6.6175 0.06732878614172921328
6.6225 0.06738588702407855013
6.6275 0.06744344900450074953
6.6325 0.06750142148656960994
6.6375 0.06755973837214875044
6.6425 0.06761835183456602061
6.6475 0.06767721457026698584
6.6525 0.06773628244879963123
6.6575 0.06779553585832752416
6.6625 0.06785495958648414538
6.6675 0.06791456018361077818
6.6725 0.06797435589998750138
6.6775 0.06803437215558147400
6.6825 0.06809465279035881169
6.6875 0.06815522924597898491
6.6925 0.06821614819978347177
6.6975 0.06827744749645311972
6.7025 0.06833915669726590980
6.7075 0.06840132608250261426
6.7125 0.06846398342305841378
6.7175 0.06852716258710825348
6.7225 0.06859090304543780103
6.7275 0.06865524672413050866
6.7325 0.06872022756437262681
6.7375 0.06878589087804189151
6.7425 0.06885227341661374900
6.7475 0.06891941953434213564
6.7525 0.06898736758670889757
6.7575 0.06905614148612468361
6.7625 0.06912577165021110970
6.7675 0.06919627919195529830
6.7725 0.06926767876649175815
6.7775 0.06933998342993928643
6.7825 0.06941320686337784651
6.7875 0.06948735720793869364
6.7925 0.06956244920690207723
6.7975 0.06963848843076858586
6.8025 0.06971548444246690457
6.8075 0.06979343425329047335
6.8125 0.06987234103517972472
6.8175 0.06995220563328685692
6.8225 0.07003301147452431485
6.8275 0.07011476210048368796
6.8325 0.07019745074944576391
6.8375 0.07028109005366660333
6.8425 0.07036570320692453473
6.8475 0.07045132193589519198
6.8525 0.07053800858136638485
6.8575 0.07062583045196617337
6.8625 0.07071488422610820723
6.8675 0.07080525657804342954
6.8725 0.07089705693450240598
6.8775 0.07099037972751309766
6.8825 0.07108530734368354032
6.8875 0.07118191699718737220
6.8925 0.07128025566605263041
6.8975 0.07138035309645843207
6.9025 0.07148221319043127076
6.9075 0.07158582190913359566
6.9125 0.07169114403070302177
6.9175 0.07179814017067594201
6.9225 0.07190674684952440276
6.9275 0.07201690866867774266
6.9325 0.07212856489571985164
6.9375 0.07224166339053483821
6.9425 0.07235615421108555767
6.9475 0.07247199594411758705
6.9525 0.07258915733889831357
6.9575 0.07270761399350014753
6.9625 0.07282734390796037627
6.9675 0.07294832963501772516
6.9725 0.07307054912306849837
6.9775 0.07319398054630879558
6.9825 0.07331859248807781615
6.9875 0.07344434589312411055
6.9925 0.07357119463239847335
6.9975 0.07369908345623171764
7.0025 0.07382795283984687484
7.0075 0.07395773075962845666
7.0125 0.07408834231451191799
7.0175 0.07421971774026170365
7.0225 0.07435177147291786859
7.0275 0.07448442729389435912
7.0325 0.07461759495321906854
7.0375 0.07475118436704200620
7.0425 0.07488510710418887217
7.0475 0.07501926780788556459
7.0525 0.07515358012605138915
7.0575 0.07528795574622183795
7.0625 0.07542231270851476599
7.0675 0.07555658052615372988
7.0725 0.07569069894649067820
7.0775 0.07582461790662425871
7.0825 0.07595829898446716799
7.0875 0.07609172104431341510
7.0925 0.07622486594130332971
7.0975 0.07635772364541323909
7.1025 0.07649028599479636148
7.1075 0.07662255046678877191
7.1125 0.07675450751546780692
7.1175 0.07688615383999279629
7.1225 0.07701748505761589481
7.1275 0.07714849453169871085
7.1325 0.07727917037269158018
7.1375 0.07740951111038990584
7.1425 0.07753950131541226254
7.1475 0.07766913323239285627
7.1525 0.07779838500954359970
7.1575 0.07792723654809363687
7.1625 0.07805566222543991461
7.1675 0.07818363095542320285
7.1725 0.07831109813100153860
7.1775 0.07843801521239911201
7.1825 0.07856432357743269035
7.1875 0.07868997003572379689
7.1925 0.07881488375351473896
7.1975 0.07893900755054876484
7.2025 0.07906226997256252109
7.2075 0.07918460068600692570
7.2125 0.07930592330443919646
7.2175 0.07942616157533881338
7.2225 0.07954521998984301345
7.2275 0.07966300208434862196
7.2325 0.07977938525761749111
7.2375 0.07989426348618329510
7.2425 0.08000750417393573399
7.2475 0.08011898351186398648
7.2525 0.08022856463152662487
7.2575 0.08033611859723832627
7.2625 0.08044151236478970513
7.2675 0.08054460506868564573
7.2725 0.08064526917193973188
7.2775 0.08074336068383088094
7.2825 0.08083874517861103226
7.2875 0.08093127978239263165
7.2925 0.08102082794441542446
7.2975 0.08110724006197396474
7.3025 0.08119037172953556813
7.3075 0.08127007605991616590
7.3125 0.08134620524592718616
7.3175 0.08141862393572904533
7.3225 0.08148718860669515451
7.3275 0.08155177742872239677
7.3325 0.08161226146289281280
7.3375 0.08166853594241481329
7.3425 0.08172049279763943241
7.3475 0.08176803819719902222
7.3525 0.08181108524490626754
7.3575 0.08184955724650920528
7.3625 0.08188339009794030898
7.3675 0.08191253934276455928
7.3725 0.08193697820949732979
7.3775 0.08195670952643036022
7.3825 0.08197176873792466623
7.3875 0.08198221189398319231
7.3925 0.08198813906122486006
7.3975 0.08198969376964578004
7.4025 0.08198705245867286828
7.4075 0.08198042693565009420
7.4125 0.08197007463527232474
7.4175 0.08195628060140211502
7.4225 0.08193936543564629693
7.4275 0.08191966319862355184
7.4325 0.08189753864609401746
7.4375 0.08187336813867120144
7.4425 0.08184754279134150157
7.4475 0.08182046059483109868
7.4525 0.08179252972415823608
7.4575 0.08176414528299166817
7.4625 0.08173569059333010700
7.4675 0.08170752822907743906
7.4725 0.08167998163495739095
7.4775 0.08165333535458652037
7.4825 0.08162783765572191597
7.4875 0.08160368270882098485
7.4925 0.08158102612880296922
7.4975 0.08155998588279320116
7.5025 0.08154065037398383620
7.5075 0.08152307818983667298
7.5125 0.08150731840902021574
7.5175 0.08149341698230458397
7.5225 0.08148142386385090474
7.5275 0.08147140436766163452
7.5325 0.08146343692549025406
7.5375 0.08145762832470605785
7.5425 0.08145411776572669682
7.5475 0.08145306473129501623
7.5525 0.08145466872194535857
7.5575 0.08145915072951680214
7.5625 0.08146675512738867087
7.5675 0.08147774009841139697
7.5725 0.08149238142635185922
7.5775 0.08151094210584401700
7.5825 0.08153367377940748395
7.5875 0.08156082089062550999
7.5925 0.08159257829790458882
7.5975 0.08162911490369989531
7.6025 0.08167054927040219570
7.6075 0.08171696252203289323
7.6125 0.08176839117903124399
7.6175 0.08182485625191006362
7.6225 0.08188635417421467888
7.6275 0.08195288214470990151
7.6325 0.08202446189068902938
7.6375 0.08210114784183313030
7.6425 0.08218304762457671886
7.6475 0.08227033529801916489
7.6525 0.08236322144062545314
7.6575 0.08246199362453990322
7.6625 0.08256696707785590728
7.6675 0.08267847726537688735
7.6725 0.08279687481017779238
7.6775 0.08292248859879852718
7.6825 0.08305562561093431106
7.6875 0.08319655153636201783
7.6925 0.08334547705487875546
7.6975 0.08350257754612570860
7.7025 0.08366796317050199938
7.7075 0.08384171225289492602
7.7125 0.08402386851529849987
7.7175 0.08421446539831498046
7.7225 0.08441352006527251539
7.7275 0.08462107329606483042
7.7325 0.08483718885134687582
7.7375 0.08506196561583681537
7.7425 0.08529556134328658556
7.7475 0.08553819053388918292
7.7525 0.08579013164834457805
7.7575 0.08605171413585890883
7.7625 0.08632331251449819332
7.7675 0.08660537323557436495
7.7725 0.08689833847744164730
7.7775 0.08720267271937355569
7.7825 0.08751884645894618397
7.7875 0.08784727335496007872
7.7925 0.08818835350216108759
7.7975 0.08854241901587006636
7.8025 0.08890973474116729836
7.8075 0.08929049284787761442
7.8125 0.08968481154138845113
7.8175 0.09009274675542051913
7.8225 0.09051430353304849852
7.8275 0.09094945087689823571
7.8325 0.09139816309642720404
7.8375 0.09186045220709060377
7.8425 0.09233636092040942156
7.8475 0.09282602800483474859
7.8525 0.09332968978349445721
7.8575 0.09384767326522100439
7.8625 0.09438043520296923727
7.8675 0.09492850728372254077
7.8725 0.09549252916182536521
7.8775 0.09607319628599499117
7.8825 0.09667123531348652266
7.8875 0.09728744153476388823
7.8925 0.09792256567874661755
7.8975 0.09857737587063143680
7.9025 0.09925262471386753216
7.9075 0.09994903111164551990
7.9125 0.10066728624799313463
7.9175 0.10140806485848360974
7.9225 0.10217202372206780903
7.9275 0.10295979482950835815
7.9325 0.10377204512758414490
7.9375 0.10460941651097302452
7.9425 0.10547260023881657731
7.9475 0.10636227518595357810
7.9525 0.10727919289211777787
7.9575 0.10822412615001891778
7.9625 0.10919787089457717866
7.9675 0.11020131881676183128
7.9725 0.11123538599786146619
7.9775 0.11230104490389873628
7.9825 0.11339936005684510267
7.9875 0.11453143973386592513
7.9925 0.11569851339911117749
7.9975 0.11690187580338140538
8.0025 0.11814293223802709021
8.0075 0.11942318783842896524
8.0125 0.12074428594125116709
8.0175 0.12210796833597037381
8.0225 0.12351609697739372729
8.0275 0.12497063433383964748
8.0325 0.12647366073487306681
8.0375 0.12802729257335015989
8.0425 0.12963377580176990711
8.0475 0.13129539958918895470
8.0525 0.13301449944057974761
8.0575 0.13479349557667869020
8.0625 0.13663487096143786537
8.0675 0.13854114676947582030
8.0725 0.14051492531197617986
8.0775 0.14255888291471846552
8.0825 0.14467572240113249493
8.0875 0.14686830585036600438
8.0925 0.14913951065725983280
8.0975 0.15149236007612104649
8.1025 0.15392994957153566249
8.1075 0.15645552035671242419
8.1125 0.15907241228979915326
8.1175 0.16178409436314350467
8.1225 0.16459419632346070084
8.1275 0.16750650009789497252
8.1325 0.17052490491002098016
8.1375 0.17365349133317534158
8.1425 0.17689640909161852278
8.1475 0.18025793412530319304
8.1525 0.18374242403262214252
8.1575 0.18735425070249953072
8.1625 0.19109782164218030998
8.1675 0.19497754220478952236
8.1725 0.19899770581666795244
8.1775 0.20316257317977293173
8.1825 0.20747627938885551679
8.1875 0.21194278668953647760
8.1925 0.21656589516165444809
8.1975 0.22134922784177482602
8.2025 0.22629613945276169651
8.2075 0.23140975518064002547
8.2125 0.23669286355152152623
8.2175 0.24214787346586452710
8.2225 0.24777677325714747569
8.2275 0.25358104078882498511
8.2325 0.25956157769838233973
8.2375 0.26571861998988960396
8.2425 0.27205162258761378391
8.2475 0.27855914918655033663
8.2525 0.28523870649941779343
8.2575 0.29208655976815023347
8.2625 0.29909750231818643673
8.2675 0.30626461141068428429
8.2725 0.31357889065625960123
8.2775 0.32102902370252822672
8.2825 0.32860091636726934672
8.2875 0.33627733522697111912
8.2925 0.34403745281552261526
8.2975 0.35185642680986950470
8.3025 0.35970491143223881636
8.3075 0.36754862858018094718
8.3125 0.37534792519288207036
8.3175 0.38305733873182240545
8.3225 0.39062529532927198206
8.3275 0.39799353350546518016
8.3325 0.40509701438601386503
8.3375 0.41186352524877095638
8.3425 0.41821364301810348696
8.3475 0.42406057200290014908
8.3525 0.42931044867845474799
8.3575 0.43386242235125388467
8.3625 0.43760940009376103621
8.3675 0.44043863338233829596
8.3725 0.44223293117519590911
8.3775 0.44287210013041716783
8.3825 0.44223492180832263410
8.3875 0.44020163340277207453
8.3925 0.43665681936445849276
8.3975 0.43149308604728109362
8.4025 0.42461524716478971087
8.4075 0.41594491227650021159
8.4125 0.40542582221147316357
8.4175 0.39302924049099258186
8.4225 0.37875957287528122519
8.4275 0.36265966089505691228
8.4325 0.34481529123787335589
8.4375 0.32535844100700261894
8.4425 0.30446879755731792727
8.4475 0.28237300414585692065
8.4525 0.25934176102840378331
8.4575 0.23568446739807411006
8.4625 0.21174185685674029589
8.4675 0.18787670690067218016
8.4725 0.16446253970177635018
8.4775 0.14187029290507863211
8.4825 0.12045264659424537168
8.4875 0.10052652278439359879
8.4925 0.08235498714933793540
8.4975 0.06613125755835416730
8.5025 0.05196783359921209461
8.5075 0.03989318261443477315
8.5125 0.02985606221027495288
8.5175 0.02173571592956440729
8.5225 0.01535567851031007652
8.5275 0.01049969635982689678
8.5325 0.00692897961034571932
8.5375 0.00439972050232934498
8.5425 0.00267927974923973765
8.5475 0.00155920972472356326
8.5525 0.00086379400504728234
8.5575 0.00045364552234220364
8.5625 0.00022482660611340254
8.5675 0.00010462968054853778
8.5725 0.00004547801965356469
8.5775 0.00001835463730610056
8.5825 0.00000683473411412328
8.5875 0.00000233194576336173
8.5925 0.00000000000000000000
8.5975 0.00000000000000000000
8.6025 0.00000000000000000000
8.6075 0.00000000000000000000
8.6125 0.00000000000000000000
8.6175 0.00000000000000000000
8.6225 0.00000000000000000000
8.6275 0.00000000000000000000
8.6325 0.00000000000000000000
8.6375 0.00000000000000000000
8.6425 0.00000000000000000000
8.6475 0.00000000000000000000
8.6525 0.00000000000000000000
8.6575 0.00000000000000000000
8.6625 0.00000000000000000000
8.6675 0.00000000000000000000
8.6725 0.00000000000000000000
8.6775 0.00000000000000000000
8.6825 0.00000000000000000000
8.6875 0.00000000000000000000
8.6925 0.00000000000000000000
8.6975 0.00000000000000000000
8.7025 0.00000000000000000000
8.7075 0.00000000000000000000
8.7125 0.00000000000000000000
8.7175 0.00000000000000000000
8.7225 0.00000000000000000000
8.7275 0.00000000000000000000
8.7325 0.00000000000000000000
8.7375 0.00000000000000000000
8.7425 0.00000000000000000000
8.7475 0.00000000000000000000
8.7525 0.00000000000000000000
8.7575 0.00000000000000000000
8.7625 0.00000000000000000000
8.7675 0.00000000000000000000
8.7725 0.00000000000000000000
8.7775 0.00000000000000000000
8.7825 0.00000000000000000000
8.7875 0.00000000000000000000
8.7925 0.00000000000000000000
8.7975 0.00000000000000000000
8.8025 0.00000000000000000000
8.8075 0.00000000000000000000
8.8125 0.00000000000000000000
8.8175 0.00000000000000000000
8.8225 0.00000000000000000000
8.8275 0.00000000000000000000
8.8325 0.00000000000000000000
8.8375 0.00000000000000000000
8.8425 0.00000000000000000000
8.8475 0.00000000000000000000
8.8525 0.00000000000000000000
8.8575 0.00000000000000000000
8.8625 0.00000000000000000000
8.8675 0.00000000000000000000
8.8725 0.00000000000000000000
8.8775 0.00000000000000000000
8.8825 0.00000000000000000000
8.8875 0.00000000000000000000
8.8925 0.00000000000000000000
8.8975 0.00000000000000000000
8.9025 0.00000000000000000000
8.9075 0.00000000000000000000
8.9125 0.00000000000000000000
8.9175 0.00000000000000000000
8.9225 0.00000000000000000000
8.9275 0.00000000000000000000
8.9325 0.00000000000000000000
8.9375 0.00000000000000000000
8.9425 0.00000000000000000000
8.9475 0.00000000000000000000
8.9525 0.00000000000000000000
8.9575 0.00000000000000000000
8.9625 0.00000000000000000000
8.9675 0.00000000000000000000
8.9725 0.00000000000000000000
8.9775 0.00000000000000000000
8.9825 0.00000000000000000000
8.9875 0.00000000000000000000
8.9925 0.00000000000000000000
8.9975 0.00000000000000000000
9.0025 0.00000000000000000000
9.0075 0.00000000000000000000
9.0125 0.00000000000000000000
9.0175 0.00000000000000000000
9.0225 0.00000000000000000000
9.0275 0.00000000000000000000
9.0325 0.00000000000000000000
9.0375 0.00000000000000000000
9.0425 0.00000000000000000000
9.0475 0.00000000000000000000
9.0525 0.00000000000000000000
9.0575 0.00000000000000000000
9.0625 0.00000000000000000000
9.0675 0.00000000000000000000
9.0725 0.00000000000000000000
9.0775 0.00000000000000000000
9.0825 0.00000000000000000000
9.0875 0.00000000000000000000
9.0925 0.00000000000000000000
9.0975 0.00000000000000000000
9.1025 0.00000000000000000000
9.1075 0.00000000000000000000
9.1125 0.00000000000000000000
9.1175 0.00000000000000000000
9.1225 0.00000000000000000000
9.1275 0.00000000000000000000
9.1325 0.00000000000000000000
9.1375 0.00000000000000000000
9.1425 0.00000000000000000000
9.1475 0.00000000000000000000
9.1525 0.00000000000000000000
9.1575 0.00000000000000000000
9.1625 0.00000000000000000000
9.1675 0.00000000000000000000
9.1725 0.00000000000000000000
9.1775 0.00000000000000000000
9.1825 0.00000000000000000000
9.1875 0.00000000000000000000
9.1925 0.00000000000000000000
9.1975 0.00000000000000000000
9.2025 0.00000000000000000000
9.2075 0.00000000000000000000
9.2125 0.00000000000000000000
9.2175 0.00000000000000000000
9.2225 0.00000000000000000000
9.2275 0.00000000000000000000
9.2325 0.00000000000000000000
9.2375 0.00000000000000000000
9.2425 0.00000000000000000000
9.2475 0.00000000000000000000
9.2525 0.00000000000000000000
9.2575 0.00000000000000000000
9.2625 0.00000000000000000000
9.2675 0.00000000000000000000
9.2725 0.00000000000000000000
9.2775 0.00000000000000000000
9.2825 0.00000000000000000000
9.2875 0.00000000000000000000
9.2925 0.00000000000000000000
9.2975 0.00000000000000000000
9.3025 0.00000000000000000000
9.3075 0.00000000000000000000
9.3125 0.00000000000000000000
9.3175 0.00000000000000000000
9.3225 0.00000000000000000000
9.3275 0.00000000000000000000
9.3325 0.00000000000000000000
9.3375 0.00000000000000000000
9.3425 0.00000000000000000000
9.3475 0.00000000000000000000
9.3525 0.00000000000000000000
9.3575 0.00000000000000000000
9.3625 0.00000000000000000000
9.3675 0.00000000000000000000
9.3725 0.00000000000000000000
9.3775 0.00000000000000000000
9.3825 0.00000000000000000000
9.3875 0.00000000000000000000
9.3925 0.00000000000000000000
9.3975 0.00000000000000000000
9.4025 0.00000000000000000000
9.4075 0.00000000000000000000
9.4125 0.00000000000000000000
9.4175 0.00000000000000000000
9.4225 0.00000000000000000000
9.4275 0.00000000000000000000
9.4325 0.00000000000000000000
9.4375 0.00000000000000000000
9.4425 0.00000000000000000000
9.4475 0.00000000000000000000
9.4525 0.00000000000000000000
9.4575 0.00000000000000000000
9.4625 0.00000000000000000000
9.4675 0.00000000000000000000
9.4725 0.00000000000000000000
9.4775 0.00000000000000000000
9.4825 0.00000000000000000000
9.4875 0.00000000000000000000
9.4925 0.00000000000000000000
9.4975 0.00000000000000000000
9.5025 0.00000000000000000000
9.5075 0.00000000000000000000
9.5125 0.00000000000000000000
9.5175 0.00000000000000000000
9.5225 0.00000000000000000000
9.5275 0.00000000000000000000
9.5325 0.00000000000000000000
9.5375 0.00000000000000000000
9.5425 0.00000000000000000000
9.5475 0.00000000000000000000
9.5525 0.00000000000000000000
9.5575 0.00000000000000000000
9.5625 0.00000000000000000000
9.5675 0.00000000000000000000
9.5725 0.00000000000000000000
9.5775 0.00000000000000000000
9.5825 0.00000000000000000000
9.5875 0.00000000000000000000
9.5925 0.00000000000000000000
9.5975 0.00000000000000000000
9.6025 0.00000000000000000000
9.6075 0.00000000000000000000
9.6125 0.00000000000000000000
9.6175 0.00000000000000000000
9.6225 0.00000000000000000000
9.6275 0.00000000000000000000
9.6325 0.00000000000000000000
9.6375 0.00000000000000000000
9.6425 0.00000000000000000000
9.6475 0.00000000000000000000
9.6525 0.00000000000000000000
9.6575 0.00000000000000000000
9.6625 0.00000000000000000000
9.6675 0.00000000000000000000
9.6725 0.00000000000000000000
9.6775 0.00000000000000000000
9.6825 0.00000000000000000000
9.6875 0.00000000000000000000
9.6925 0.00000000000000000000
9.6975 0.00000000000000000000
9.7025 0.00000000000000000000
9.7075 0.00000000000000000000
9.7125 0.00000000000000000000
9.7175 0.00000000000000000000
9.7225 0.00000000000000000000
9.7275 0.00000000000000000000
9.7325 0.00000000000000000000
9.7375 0.00000000000000000000
9.7425 0.00000000000000000000
9.7475 0.00000000000000000000
9.7525 0.00000000000000000000
9.7575 0.00000000000000000000
9.7625 0.00000000000000000000
9.7675 0.00000000000000000000
9.7725 0.00000000000000000000
9.7775 0.00000000000000000000
9.7825 0.00000000000000000000
9.7875 0.00000000000000000000
9.7925 0.00000000000000000000
9.7975 0.00000000000000000000
9.8025 0.00000000000000000000
9.8075 0.00000000000000000000
9.8125 0.00000000000000000000
9.8175 0.00000000000000000000
9.8225 0.00000000000000000000
9.8275 0.00000000000000000000
9.8325 0.00000000000000000000
9.8375 0.00000000000000000000
9.8425 0.00000000000000000000
9.8475 0.00000000000000000000
9.8525 0.00000000000000000000
9.8575 0.00000000000000000000
9.8625 0.00000000000000000000
9.8675 0.00000000000000000000
9.8725 0.00000000000000000000
9.8775 0.00000000000000000000
9.8825 0.00000000000000000000
9.8875 0.00000000000000000000
9.8925 0.00000000000000000000
9.8975 0.00000000000000000000
9.9025 0.00000000000000000000
9.9075 0.00000000000000000000
9.9125 0.00000000000000000000
9.9175 0.00000000000000000000
9.9225 0.00000000000000000000
9.9275 0.00000000000000000000
9.9325 0.00000000000000000000
9.9375 0.00000000000000000000
9.9425 0.00000000000000000000
9.9475 0.00000000000000000000
9.9525 0.00000000000000000000
9.9575 0.00000000000000000000
9.9625 0.00000000000000000000
9.9675 0.00000000000000000000
9.9725 0.00000000000000000000
9.9775 0.00000000000000000000
9.9825 0.00000000000000000000
9.9875 0.00000000000000000000
9.9925 0.00000000000000000000
9.9975 0.00000000000000000000
