xbins rho
0.0025 0.00000000000000000000
0.0075 0.00000000000000000000
0.0125 0.00000000000000000000
0.0175 0.00000000000000000000
0.0225 0.00000000000000000000
0.0275 0.00000000000000000000
0.0325 0.00000000000000000000
0.0375 0.00000000000000000000
0.0425 0.00000000000000000000
0.0475 0.00000000000000000000
0.0525 0.00000000000000000000
0.0575 0.00000000000000000000
0.0625 0.00000000000000000000
0.0675 0.00000000000000000000
0.0725 0.00000000000000000000
0.0775 0.00000000000000000000
0.0825 0.00000000000000000000
0.0875 0.00000000000000000000
0.0925 0.00000000000000000000
0.0975 0.00000000000000000000
0.1025 0.00000000000000000000
0.1075 0.00000000000000000000
0.1125 0.00000000000000000000
0.1175 0.00000000000000000000
0.1225 0.00000000000000000000
0.1275 0.00000000000000000000
0.1325 0.00000000000000000000
0.1375 0.00000000000000000000
0.1425 0.00000000000000000000
0.1475 0.00000000000000000000
0.1525 0.00000000000000000000
0.1575 0.00000000000000000000
0.1625 0.00000000000000000000
0.1675 0.00000000000000000000
0.1725 0.00000000000000000000
0.1775 0.00000000000000000000
0.1825 0.00000000000000000000
0.1875 0.00000000000000000000
0.1925 0.00000000000000000000
0.1975 0.00000000000000000000
0.2025 0.00000000000000000000
0.2075 0.00000000000000000000
0.2125 0.00000000000000000000
0.2175 0.00000000000000000000
0.2225 0.00000000000000000000
0.2275 0.00000000000000000000
0.2325 0.00000000000000000000
0.2375 0.00000000000000000000
0.2425 0.00000000000000000000
0.2475 0.00000000000000000000
0.2525 0.00000000000000000000
0.2575 0.00000000000000000000
0.2625 0.00000000000000000000
0.2675 0.00000000000000000000
0.2725 0.00000000000000000000
0.2775 0.00000000000000000000
0.2825 0.00000000000000000000
0.2875 0.00000000000000000000
0.2925 0.00000000000000000000
0.2975 0.00000000000000000000
0.3025 0.00000000000000000000
0.3075 0.00000000000000000000
0.3125 0.00000000000000000000
0.3175 0.00000000000000000000
0.3225 0.00000000000000000000
0.3275 0.00000000000000000000
0.3325 0.00000000000000000000
0.3375 0.00000000000000000000
0.3425 0.00000000000000000000
0.3475 0.00000000000000000000
0.3525 0.00000000000000000000
0.3575 0.00000000000000000000
0.3625 0.00000000000000000000
0.3675 0.00000000000000000000
0.3725 0.00000000000000000000
0.3775 0.00000000000000000000
0.3825 0.00000000000000000000
0.3875 0.00000000000000000000
0.3925 0.00000000000000000000
0.3975 0.00000000000000000000
0.4025 0.00000000000000000000
0.4075 0.00000000000000000000
0.4125 0.00000000000000000000
0.4175 0.00000000000000000000
0.4225 0.00000000000000000000
0.4275 0.00000000000000000000
0.4325 0.00000000000000000000
0.4375 0.00000000000000000000
0.4425 0.00000000000000000000
0.4475 0.00000000000000000000
0.4525 0.00000000000000000000
0.4575 0.00000000000000000000
0.4625 0.00000000000000000000
0.4675 0.00000000000000000000
0.4725 0.00000000000000000000
0.4775 0.00000000000000000000
0.4825 0.00000000000000000000
0.4875 0.00000000000000000000
0.4925 0.00000000000000000000
0.4975 0.00000000000000000000
0.5025 0.00000000000000000000
0.5075 0.00000000000000000000
0.5125 0.00000000000000000000
0.5175 0.00000000000000000000
0.5225 0.00000000000000000000
0.5275 0.00000000000000000000
0.5325 0.00000000000000000000
0.5375 0.00000000000000000000
0.5425 0.00000000000000000000
0.5475 0.00000000000000000000
0.5525 0.00000000000000000000
0.5575 0.00000000000000000000
0.5625 0.00000000000000000000
0.5675 0.00000000000000000000
0.5725 0.00000000000000000000
0.5775 0.00000000000000000000
0.5825 0.00000000000000000000
0.5875 0.00000000000000000000
0.5925 0.00000000000000000000
0.5975 0.00000000000000000000
0.6025 0.00000000000000000000
0.6075 0.00000000000000000000
0.6125 0.00000000000000000000
0.6175 0.00000000000000000000
0.6225 0.00000000000000000000
0.6275 0.00000000000000000000
0.6325 0.00000000000000000000
0.6375 0.00000000000000000000
0.6425 0.00000000000000000000
0.6475 0.00000000000000000000
0.6525 0.00000000000000000000
0.6575 0.00000000000000000000
0.6625 0.00000000000000000000
0.6675 0.00000000000000000000
0.6725 0.00000000000000000000
0.6775 0.00000000000000000000
0.6825 0.00000000000000000000
0.6875 0.00000000000000000000
0.6925 0.00000000000000000000
0.6975 0.00000000000000000000
0.7025 0.00000000000000000000
0.7075 0.00000000000000000000
0.7125 0.00000000000000000000
0.7175 0.00000000000000000000
0.7225 0.00000000000000000000
0.7275 0.00000000000000000000
0.7325 0.00000000000000000000
0.7375 0.00000000000000000000
0.7425 0.00000000000000000000
0.7475 0.00000000000000000000
0.7525 0.00000000000000000000
0.7575 0.00000000000000000000
0.7625 0.00000000000000000000
0.7675 0.00000000000000000000
0.7725 0.00000000000000000000
0.7775 0.00000000000000000000
0.7825 0.00000000000000000000
0.7875 0.00000000000000000000
0.7925 0.00000000000000000000
0.7975 0.00000000000000000000
0.8025 0.00000000000000000000
0.8075 0.00000000000000000000
0.8125 0.00000000000000000000
0.8175 0.00000000000000000000
0.8225 0.00000000000000000000
0.8275 0.00000000000000000000
0.8325 0.00000000000000000000
0.8375 0.00000000000000000000
0.8425 0.00000000000000000000
0.8475 0.00000000000000000000
0.8525 0.00000000000000000000
0.8575 0.00000000000000000000
0.8625 0.00000000000000000000
0.8675 0.00000000000000000000
0.8725 0.00000000000000000000
0.8775 0.00000000000000000000
0.8825 0.00000000000000000000
0.8875 0.00000000000000000000
0.8925 0.00000000000000000000
0.8975 0.00000000000000000000
0.9025 0.00000000000000000000
0.9075 0.00000000000000000000
0.9125 0.00000000000000000000
0.9175 0.00000000000000000000
0.9225 0.00000000000000000000
0.9275 0.00000000000000000000
0.9325 0.00000000000000000000
0.9375 0.00000000000000000000
0.9425 0.00000000000000000000
0.9475 0.00000000000000000000
0.9525 0.00000000000000000000
0.9575 0.00000000000000000000
0.9625 0.00000000000000000000
0.9675 0.00000000000000000000
0.9725 0.00000000000000000000
0.9775 0.00000000000000000000
0.9825 0.00000000000000000000
0.9875 0.00000000000000000000
0.9925 0.00000000000000000000
0.9975 0.00000000000000000000
1.0025 0.00000000000000000000
1.0075 0.00000000000000000000
1.0125 0.00000000000000000000
1.0175 0.00000000000000000000
1.0225 0.00000000000000000000
1.0275 0.00000000000000000000
1.0325 0.00000000000000000000
1.0375 0.00000000000000000000
1.0425 0.00000000000000000000
1.0475 0.00000000000000000000
1.0525 0.00000000000000000000
1.0575 0.00000000000000000000
1.0625 0.00000000000000000000
1.0675 0.00000000000000000000
1.0725 0.00000000000000000000
1.0775 0.00000000000000000000
1.0825 0.00000000000000000000
1.0875 0.00000000000000000000
1.0925 0.00000000000000000000
1.0975 0.00000000000000000000
1.1025 0.00000000000000000000
1.1075 0.00000000000000000000
1.1125 0.00000000000000000000
1.1175 0.00000000000000000000
1.1225 0.00000000000000000000
1.1275 0.00000000000000000000
1.1325 0.00000000000000000000
1.1375 0.00000000000000000000
1.1425 0.00000000000000000000
1.1475 0.00000000000000000000
1.1525 0.00000000000000000000
1.1575 0.00000000000000000000
1.1625 0.00000000000000000000
1.1675 0.00000000000000000000
1.1725 0.00000000000000000000
1.1775 0.00000000000000000000
1.1825 0.00000000000000000000
1.1875 0.00000000000000000000
1.1925 0.00000000000000000000
1.1975 0.00000000000000000000
1.2025 0.00000000000000000000
1.2075 0.00000000000000000000
1.2125 0.00000000000000000000
1.2175 0.00000000000000000000
1.2225 0.00000000000000000000
1.2275 0.00000000000000000000
1.2325 0.00000000000000000000
1.2375 0.00000000000000000000
1.2425 0.00000000000000000000
1.2475 0.00000000000000000000
1.2525 0.00000000000000000000
1.2575 0.00000000000000000000
1.2625 0.00000000000000000000
1.2675 0.00000000000000000000
1.2725 0.00000000000000000000
1.2775 0.00000000000000000000
1.2825 0.00000000000000000000
1.2875 0.00000000000000000000
1.2925 0.00000000000000000000
1.2975 0.00000000000000000000
1.3025 0.00000000000000000000
1.3075 0.00000000000000000000
1.3125 0.00000000000000000000
1.3175 0.00000000000000000000
1.3225 0.00000000000000000000
1.3275 0.00000000000000000000
1.3325 0.00000000000000000000
1.3375 0.00000000000000000000
1.3425 0.00000000000000000000
1.3475 0.00000000000000000000
1.3525 0.00000000000000000000
1.3575 0.00000000000000000000
1.3625 0.00000000000000000000
1.3675 0.00000000000000000000
1.3725 0.00000000000000000000
1.3775 0.00000000000000000000
1.3825 0.00000000000000000000
1.3875 0.00000000000000000000
1.3925 0.00000000000000000000
1.3975 0.00000000000000000000
1.4025 0.00000000000000000000
1.4075 0.00000445411343382320
1.4125 0.00001427513709829467
1.4175 0.00004160886148467053
1.4225 0.00011112857490959619
1.4275 0.00027383720218780440
1.4325 0.00062653779347304360
1.4375 0.00133886952821203023
1.4425 0.00268668196132455274
1.4475 0.00508797382791602911
1.4525 0.00913506095000463439
1.4575 0.01561473842717417924
1.4625 0.02550733147703894074
1.4675 0.03995648474989012960
1.4725 0.06020379731684630253
1.4775 0.08748886616194016808
1.4825 0.12292406644578529606
1.4875 0.16736628329097927304
1.4925 0.22131715558063005944
1.4975 0.28487536103568206203
1.5025 0.35774698846197822144
1.5075 0.43929352499663582021
1.5125 0.52859056338603338521
1.5175 0.62447972193468981317
1.5225 0.72560926932170233261
1.5275 0.83046998411909400684
1.5325 0.93743457378296235483
1.5375 1.04480005591574109935
1.5425 1.15084483456433139814
1.5475 1.25388947487158608496
1.5525 1.35235708024323053600
1.5575 1.44483313799879198314
1.5625 1.53011162238797826518
1.5675 1.60722930393262042337
1.5725 1.67548425696945568752
1.5775 1.73443737321930191442
1.5825 1.78390420859553411326
1.5875 1.82392965442995769187
1.5925 1.85476270001625498374
1.5975 1.87681425541346391661
1.6025 1.89062392307597026964
1.6075 1.89681927992728538435
1.6125 1.89607894371174356962
1.6175 1.88910293885983926465
1.6225 1.87658633959597298535
1.6275 1.85920261219993987467
1.6325 1.83759100649491746715
1.6375 1.81235018370466449689
1.6425 1.78403081745551150838
1.6475 1.75313534252487635001
1.6525 1.72011849870930610962
1.6575 1.68538662785521364817
1.6625 1.64930506670738097341
1.6675 1.61219436182978448358
1.6725 1.57434019212464471060
1.6775 1.53599399585758011888
1.6825 1.49737997284971879886
1.6875 1.45869265131030578786
1.6925 1.42010465350641923443
1.6975 1.38176665586356284265
1.7025 1.34380993043234564510
1.7075 1.30634917112108772663
1.7125 1.26948314622499180970
1.7175 1.23329674686929191552
1.7225 1.19786146380361846475
1.7275 1.16323553094546006115
1.7325 1.12946550825180613842
1.7375 1.09658793664754394825
1.7425 1.06463011656562511753
1.7475 1.03361039531091014609
1.7525 1.00354134585024135085
1.7575 0.97442872426797089158
1.7625 0.94627303334948031921
1.7675 0.91906874093507873180
1.7725 0.89280744977396464535
1.7775 0.86747611045741912505
1.7825 0.84305848592727383739
1.7875 0.81953586561002966793
1.7925 0.79688882080093370597
1.7975 0.77509469080196891078
1.8025 0.75413266141849200075
1.8075 0.73398008041394546819
1.8125 0.71461492632043432938
1.8175 0.69601524091607547273
1.8225 0.67815885650999541134
1.8275 0.66102323394694550984
1.8325 0.64458640868708461102
1.8375 0.62882629864870209779
1.8425 0.61372080676673179678
1.8475 0.59924830567303777329
1.8525 0.58538761399563299381
1.8575 0.57211752314262598329
1.8625 0.55941671809087933909
1.8675 0.54726380936774154939
1.8725 0.53563647507030232031
1.8775 0.52451307430130056364
1.8825 0.51387112630622677756
1.8875 0.50368902979999474745
1.8925 0.49394610937156274710
1.8975 0.48462253946294320262
1.9025 0.47570019598031781927
1.9075 0.46716252182456374786
1.9125 0.45899404889823397502
1.9175 0.45118178083287041602
1.9225 0.44371288721633378449
1.9275 0.43657635427566393593
1.9325 0.42976182621281738827
1.9375 0.42325956029633721167
1.9425 0.41706017873987399902
1.9475 0.41115437904519364087
1.9525 0.40553296472828254116
1.9575 0.40018605316226490975
1.9625 0.39510395517557128642
1.9675 0.39027688215930900206
1.9725 0.38569534610724676149
1.9775 0.38134949465408879421
1.9825 0.37723013490859580443
1.9875 0.37332807794824873771
1.9925 0.36963411657158884438
1.9975 0.36613922765427919792
2.0025 0.36283447536716800785
2.0075 0.35971141015161273158
2.0125 0.35676200545899661165
2.0175 0.35397867808506172649
2.0225 0.35135462395846467354
2.0275 0.34888371623416675193
2.0325 0.34656028894385898509
2.0375 0.34437913082815213572
2.0425 0.34233514513532903312
2.0475 0.34042358278505113756
2.0525 0.33864000745024908090
2.0575 0.33698020791030286469
2.0625 0.33543953625140537911
2.0675 0.33401414326484951678
2.0725 0.33270031915791187238
2.0775 0.33149412805961819828
2.0825 0.33039251152872406436
2.0875 0.32939261177086909260
2.0925 0.32849209520023653353
2.0975 0.32768957578269103381
2.1025 0.32698370050135372455
2.1075 0.32637416441476468920
2.1125 0.32586110450093835889
2.1175 0.32544485185001303940
2.1225 0.32512659706741814380
2.1275 0.32490784738123351660
2.1325 0.32478940282395624140
2.1375 0.32477226822722310429
2.1425 0.32485683346526378346
2.1475 0.32504215308948186669
2.1525 0.32532648902780259004
2.1575 0.32570705609335481867
2.1625 0.32617998675703330225
2.1675 0.32674131468087036501
2.1725 0.32738696738416284138
2.1775 0.32811351305802138878
2.1825 0.32891818844485354312
2.1875 0.32979963481424312555
2.1925 0.33075663790403520004
2.1975 0.33178946657215691030
2.2025 0.33289897987245226085
2.2075 0.33408635305918193970
2.2125 0.33535299668067741763
2.2175 0.33670119290322220174
2.2225 0.33813254676619997063
2.2275 0.33964975391936319538
2.2325 0.34125585344993875081
2.2375 0.34295435571380789019
2.2425 0.34474969449706382996
2.2475 0.34664740824078221770
2.2525 0.34865244848076221151
2.2575 0.35077116026882426691
2.2625 0.35300931902442017618
2.2675 0.35537288344307382815
2.2725 0.35786738276167934236
2.2775 0.36049724727165594063
2.2825 0.36326680587875376238
2.2875 0.36617982060296105917
2.2925 0.36923850462317830967
2.2975 0.37244573126158220244
2.3025 0.37580268390129634160
2.3075 0.37931033272940800627
2.3125 0.38296940436719018042
2.3175 0.38678028341918196942
2.3225 0.39074336314455848651
2.3275 0.39485835310556133271
2.3325 0.39912547317289182036
2.3375 0.40354551935538629515
2.3425 0.40811860164929453232
2.3475 0.41284505862592729697
2.3525 0.41772465839103434249
2.3575 0.42275719438877840117
2.3625 0.42794141677736408091
2.3675 0.43327634436009765384
2.3725 0.43876012646539025441
2.3775 0.44439172413053851241
2.3825 0.45017033543785101024
2.3875 0.45609600224967417059
2.3925 0.46216983011058165864
2.3975 0.46839351738869455799
2.4025 0.47476925320549434595
2.4075 0.48130050553280456782
2.4125 0.48798923876541833167
2.4175 0.49483654186749037596
2.4225 0.50184338524080307486
2.4275 0.50900880670287607099
2.4325 0.51633022079740786836
2.4375 0.52380359427606304479
2.4425 0.53142298397840059820
2.4475 0.53917979644924185489
2.4525 0.54706472754950574711
2.4575 0.55506539916935160317
2.4625 0.56316787799533130077
2.4675 0.57135543821821677124
2.4725 0.57960904287872039298
2.4775 0.58790752687976455260
2.4825 0.59622787669264076804
2.4875 0.60454514862584951551
2.4925 0.61283358274913812824
2.4975 0.62106695203344197687
2.5025 0.62921925245970089513
2.5075 0.63726419653910648666
2.5125 0.64517646401387052091
2.5175 0.65293144286194682024
2.5225 0.66050461831445450578
2.5275 0.66787343345570149289
2.5325 0.67501670612121345005
2.5375 0.68191563324156623249
2.5425 0.68855427509095823435
2.5475 0.69491831952371363457
2.5525 0.70099679534949288495
2.5575 0.70678087884164708665
2.5625 0.71226411189392413448
2.5675 0.71743995241016500497
2.5725 0.72230425507507423077
2.5775 0.72685457154237143040
2.5825 0.73108792339353156908
2.5875 0.73500264076309651529
2.5925 0.73859839472876487321
2.5975 0.74187404668912970696
2.6025 0.74483010562976614821
2.6075 0.74746685106105970053
2.6125 0.74978483579259458391
2.6175 0.75178797050212509134
2.6225 0.75347937513247242869
2.6275 0.75486609875244436996
2.6325 0.75595453881915919414
2.6375 0.75675208390831283367
2.6425 0.75726771049312946449
2.6475 0.75750868120285019813
2.6525 0.75748361303492484087
2.6575 0.75719996946388512526
2.6625 0.75666513305179083915
2.6675 0.75588641019239677377
2.6725 0.75487143685648272484
2.6775 0.75362690447941693694
2.6825 0.75215914032567543490
2.6875 0.75047504905967776789
2.6925 0.74858026894027085429
2.6975 0.74648049308407860014
2.7025 0.74418161549370265284
2.7075 0.74168981133656164406
2.7125 0.73901195020435817007
2.7175 0.73615450414277716629
2.7225 0.73312425543080828039
2.7275 0.72992752391515869359
2.7325 0.72657103857272753444
2.7375 0.72306189406697007893
2.7425 0.71940814887007942247
2.7475 0.71561849788368114833
2.7525 0.71170267674910014932
2.7575 0.70767225494409224940
2.7625 0.70353902794122280540
2.7675 0.69931527123815440117
2.7725 0.69501288524975279870
2.7775 0.69064348082971283027
2.7825 0.68621773367983573966
2.7875 0.68174488037492653181
2.7925 0.67723365024897286268
2.7975 0.67269332620325994476
2.8025 0.66813241083692576083
2.8075 0.66356053999414887912
2.8125 0.65898781677092244102
2.8175 0.65442476289392581545
2.8225 0.64988257125091930533
2.8275 0.64537124925092126393
2.8325 0.64090210305339012642
2.8375 0.63648416183180334116
2.8425 0.63212624977372411372
2.8475 0.62783482827111103397
2.8525 0.62361632636211838943
2.8575 0.61947442711258826620
2.8625 0.61541294467593410378
2.8675 0.61143357501646933283
2.8725 0.60753790039019028857
2.8775 0.60372535336089405700
2.8825 0.59999582751266034020
2.8875 0.59634774144669866480
2.8925 0.59277925368636319448
2.8975 0.58928832914381856778
2.9025 0.58587268926394486801
2.9075 0.58253067090033106012
2.9125 0.57926015569091360291
2.9175 0.57606009312573247527
2.9225 0.57292989741861910513
2.9275 0.56986943152952274083
2.9325 0.56687893776741404839
2.9375 0.56395806370372958405
2.9425 0.56110684731918569756
2.9475 0.55832498424297605233
2.9525 0.55561172343473608226
2.9575 0.55296605034667767331
2.9625 0.55038675924622226798
2.9675 0.54787276495581693769
2.9725 0.54542282370352779264
2.9775 0.54303601718751215444
2.9825 0.54071152946956491103
2.9875 0.53844792265530783126
2.9925 0.53624432749045158886
2.9975 0.53409946572170408086
3.0025 0.53201165626615598558
3.0075 0.52997956482550234725
3.0125 0.52800279624310819671
3.0175 0.52608009958799317740
3.0225 0.52421185024790062368
3.0275 0.52239838189238130273
3.0325 0.52064018904437447954
3.0375 0.51893896038984810293
3.0425 0.51729623395564972022
3.0475 0.51571404986219426814
3.0525 0.51419374802599437935
3.0575 0.51273717145329877898
3.0625 0.51134604697063190670
3.0675 0.51002101799990540165
3.0725 0.50876248710431215549
3.0775 0.50757062579345324504
3.0825 0.50644519304693902395
3.0875 0.50538576361167042439
3.0925 0.50439173966854333742
3.0975 0.50346245499111619282
3.1025 0.50259759512157464734
3.1075 0.50179652139925934318
3.1125 0.50105844331025239935
3.1175 0.50038246547678610909
3.1225 0.49976801592117792161
3.1275 0.49921436907936339589
3.1325 0.49872031318136933464
3.1375 0.49828558712933823660
3.1425 0.49790976381365587011
3.1475 0.49759250166691249007
3.1525 0.49733369635235080697
3.1575 0.49713369461125372917
3.1625 0.49699264764590950216
3.1675 0.49691124105488349016
3.1725 0.49689031042584547171
3.1775 0.49693028453604237704
3.1825 0.49703125109822249295
3.1875 0.49719428416631800127
3.1925 0.49741840559746974826
3.1975 0.49770288209619550912
3.2025 0.49804729815414827687
3.2075 0.49845030240906795793
3.2125 0.49891058067266796927
3.2175 0.49942696816343917776
3.2225 0.49999751651673024488
3.2275 0.50062059999708685698
3.2325 0.50129437934817344669
3.2375 0.50201695370200105639
3.2425 0.50278677428742646338
3.2475 0.50360189900636076477
3.2525 0.50446102517990820679
3.2575 0.50536346969794510020
3.2625 0.50630775532988525622
3.2675 0.50729290498523560426
3.2725 0.50831810272638389137
3.2775 0.50938201120460380178
3.2825 0.51048394651381823195
3.2875 0.51162331705266872461
3.2925 0.51279845793524747588
3.2975 0.51400914642488448880
3.3025 0.51525437319779976431
3.3075 0.51653333727681871590
3.3125 0.51784567976543183221
3.3175 0.51919057684133096409
3.3225 0.52056746226612293782
3.3275 0.52197597030576337040
3.3325 0.52341559293948958231
3.3375 0.52488607248066621036
3.3425 0.52638711094777668187
3.3475 0.52791811631869189902
3.3525 0.52947738206433758723
3.3575 0.53106272507190244170
3.3625 0.53267114080571709156
3.3675 0.53429856869146186149
3.3725 0.53593942158081808724
3.3775 0.53758891520302642952
3.3825 0.53924151955898125266
3.3875 0.54089128523956675476
3.3925 0.54253333848999540923
3.3975 0.54416269310715004170
3.4025 0.54577662440080143558
3.4075 0.54737201680471614385
3.4125 0.54894938152813743670
3.4175 0.55051114398711242792
3.4225 0.55206056531823100020
3.4275 0.55360366171577024552
3.4325 0.55514545755159527829
3.4375 0.55669237055176834517
3.4425 0.55824764595356290986
3.4475 0.55981421844887691019
3.4525 0.56139212509979397048
3.4575 0.56297991601183161592
3.4625 0.56457399247075235049
3.4675 0.56617026936972103535
3.4725 0.56776418587719512665
3.4775 0.56934962703470448631
3.4825 0.57092123232377345321
3.4875 0.57247355013479417352
3.4925 0.57400120703914503384
3.4975 0.57549918337539573976
3.5025 0.57696374581289366912
3.5075 0.57839258431205664568
3.5125 0.57978416509810570822
3.5175 0.58113837409055590921
3.5225 0.58245594837253145126
3.5275 0.58373737007465487103
3.5325 0.58498423962255796660
3.5375 0.58619723758398090130
3.5425 0.58737704657378031481
3.5475 0.58852402075114029767
3.5525 0.58963883095928171230
3.5575 0.59072143078814387529
3.5625 0.59177225151632895095
3.5675 0.59279161322372231346
3.5725 0.59377961009703561501
3.5775 0.59473644967521488436
3.5825 0.59566199623256521622
3.5875 0.59655567974418366450
3.5925 0.59741650901468967838
3.5975 0.59824302016074215604
3.6025 0.59903449611213765991
3.6075 0.59978964073572760274
3.6125 0.60050824573105443527
3.6175 0.60118958670660371801
3.6225 0.60183382364866877534
3.6275 0.60244058097022146203
3.6325 0.60300974182473443541
3.6375 0.60354015294777108025
3.6425 0.60403065492832896943
3.6475 0.60447945821736237537
3.6525 0.60488541543337781548
3.6575 0.60524662171309540071
3.6625 0.60556266991498663987
3.6675 0.60583202252246692865
3.6725 0.60605361848504657463
3.6775 0.60622691749489299173
3.6825 0.60635073907011372008
3.6875 0.60642529021491120567
3.6925 0.60645020421013351442
3.6975 0.60642685634549120532
3.7025 0.60635653374275411132
3.7075 0.60624075196649407360
3.7125 0.60608211843515125139
3.7175 0.60588368577342321952
3.7225 0.60564793133232619482
3.7275 0.60537782616875535080
3.7325 0.60507587025275011428
3.7375 0.60474528618488443410
3.7425 0.60438872590911896232
3.7475 0.60400935235101305132
3.7525 0.60361019265733795169
3.7575 0.60319372080597077890
3.7625 0.60276234629902691875
3.7675 0.60231683797911006462
3.7725 0.60185755956957998070
3.7775 0.60138268664815353048
3.7825 0.60088940940054258455
3.7875 0.60037331454733167124
3.7925 0.59982923098504514758
3.7975 0.59925159778738368299
3.8025 0.59863483024118302467
3.8075 0.59797423810083982776
3.8125 0.59726625188164250702
3.8175 0.59650813010424008631
3.8225 0.59569871156156928294
3.8275 0.59483799089698163876
3.8325 0.59392659547549475629
3.8375 0.59296653818724465168
3.8425 0.59195937664512388032
3.8475 0.59090750603156882992
3.8525 0.58981313937860002650
3.8575 0.58867911355035640319
3.8625 0.58750921866932925841
3.8675 0.58630831891850976323
3.8725 0.58508155039323583857
3.8775 0.58383484467306234755
3.8825 0.58257514307210467308
3.8875 0.58130844489052113655
3.8925 0.58004009513235843531
3.8975 0.57877561325415094462
3.9025 0.57752009610672061513
3.9075 0.57627772071617056060
3.9125 0.57505291041017780884
3.9175 0.57384859752259798071
3.9225 0.57266797770228916598
3.9275 0.57151291225802469675
3.9325 0.57038546260230460483
3.9375 0.56928590159053849007
3.9425 0.56821416945155878153
3.9475 0.56716959496565300114
3.9525 0.56615048714659133022
3.9575 0.56515595498762360993
3.9625 0.56418493035212580189
3.9675 0.56323688725263110211
3.9725 0.56231193732568651722
3.9775 0.56141051117267826154
3.9825 0.56053395389345983535
3.9875 0.55968352232684615011
3.9925 0.55886081754925120979
3.9975 0.55806744334294122734
4.0025 0.55730462809365799437
4.0075 0.55657373830799916625
4.0125 0.55587580787849599773
4.0175 0.55521212924264917721
4.0225 0.55458239274088738657
4.0275 0.55398717312160528081
4.0325 0.55342655912925919903
4.0375 0.55289956283365915279
4.0425 0.55240563390917707398
4.0475 0.55194366869694000410
4.0525 0.55151225898490974231
4.0575 0.55110998148802392560
4.0625 0.55073497241220181753
4.0675 0.55038475708477485604
4.0725 0.55005695062957149499
4.0775 0.54974905821091946123
4.0825 0.54945976879516689184
4.0875 0.54918772469639187683
4.0925 0.54893294861259944728
4.0975 0.54869601974105486342
4.1025 0.54847910216168271891
4.1075 0.54828434576764539798
4.1125 0.54811479596573087214
4.1175 0.54797355152984172921
4.1225 0.54786342301081469852
4.1275 0.54778820810171169331
4.1325 0.54775123908780998239
4.1375 0.54775570260690520374
4.1425 0.54780371575661346295
4.1475 0.54789724318596566555
4.1525 0.54803656345480122880
4.1575 0.54822022691216842905
4.1625 0.54844608531134808604
4.1675 0.54870994763312186393
4.1725 0.54900714472861789073
4.1775 0.54933233171906947767
4.1825 0.54967942195880303835
4.1875 0.55004292627885065237
4.1925 0.55041704128447865862
4.1975 0.55079721479772991710
4.2025 0.55117876985635927412
4.2075 0.55155846259752783212
4.2125 0.55193362212337282457
4.2175 0.55230265330008065927
4.2225 0.55266461869118543859
4.2275 0.55301908309944103337
4.2325 0.55336632703915866749
4.2375 0.55370630736363357638
4.2425 0.55403951346721613813
4.2475 0.55436559765008275313
4.2525 0.55468425620646888419
4.2575 0.55499498688263249058
4.2625 0.55529663512759519506
4.2675 0.55558806415136008372
4.2725 0.55586796969089014020
4.2775 0.55613556114046069911
4.2825 0.55638970412078936345
4.2875 0.55663023178733461727
4.2925 0.55685698211173595418
4.2975 0.55707121086839395119
4.3025 0.55727514426326685282
4.3075 0.55747125757545046287
4.3125 0.55766289388686018924
4.3175 0.55785340409514316828
4.3225 0.55804619550971357178
4.3275 0.55824473512330274882
4.3325 0.55845168057932581540
4.3375 0.55866938665486653992
4.3425 0.55889950214214145774
4.3475 0.55914260731464271448
4.3525 0.55939843776658337848
4.3575 0.55966610762707491578
4.3625 0.55994370131363113696
4.3675 0.56022931820273214054
4.3725 0.56051951047491865854
4.3775 0.56081219860311337655
4.3825 0.56110505244401287506
4.3875 0.56139574601304764734
4.3925 0.56168204046666214690
4.3975 0.56196266572447051146
4.4025 0.56223483542398722257
4.4075 0.56249804977016548690
4.4125 0.56275065300429627513
4.4175 0.56299219240477416104
4.4225 0.56322331015565296752
4.4275 0.56344510760881871825
4.4325 0.56365930575343548004
4.4375 0.56386820089179578996
4.4425 0.56407452065186558521
4.4475 0.56427991119853659896
4.4525 0.56448666005081105101
4.4575 0.56469513681143412853
4.4625 0.56490527274889357212
4.4675 0.56511586950517345151
4.4725 0.56532512025791870069
4.4775 0.56552993436814458228
4.4825 0.56572672517980304718
4.4875 0.56591254480396169235
4.4925 0.56608431953267757120
4.4975 0.56624020799079766153
4.5025 0.56637848006821855940
4.5075 0.56649887994413294923
4.5125 0.56660214683393805846
4.5175 0.56668995522846232760
4.5225 0.56676404781216782602
4.5275 0.56682751898674188507
4.5325 0.56688308581463653368
4.5375 0.56693409184029475156
4.5425 0.56698387642114000950
4.5475 0.56703571869006363926
4.5525 0.56709235746512087761
4.5575 0.56715589448655856497
4.5625 0.56722837197828657185
4.5675 0.56731080237788711340
4.5725 0.56740380783658772579
4.5775 0.56750723281550985444
4.5825 0.56762071585727236211
4.5875 0.56774343926209180911
4.5925 0.56787394786126210722
4.5975 0.56801091413562865284
4.6025 0.56815324769936093041
4.6075 0.56829872866206010418
4.6125 0.56844620042402971283
4.6175 0.56859397436319880637
4.6225 0.56874052697095467401
4.6275 0.56888417501555610389
4.6325 0.56902413525099748703
4.6375 0.56915904728279920199
4.6425 0.56928824924464382917
4.6475 0.56941076678982782688
4.6525 0.56952594201452555467
4.6575 0.56963321299761482397
4.6625 0.56973194922884962121
4.6675 0.56982175446985505740
4.6725 0.56990210962377463311
4.6775 0.56997290659648447431
4.6825 0.57003388838391866322
4.6875 0.57008465695877774682
4.6925 0.57012568080423942085
4.6975 0.57015629241336085453
4.7025 0.57017714109825046176
4.7075 0.57018754543170702132
4.7125 0.57018762953011181693
4.7175 0.57017756324269530666
4.7225 0.57015777570783554573
4.7275 0.57012783807732292374
4.7325 0.57008821098880779754
4.7375 0.57003916805027998738
4.7425 0.56998076239949979627
4.7475 0.56991347880602793996
4.7525 0.56983715467588835768
4.7575 0.56975251026467566007
4.7625 0.56965977803004919089
4.7675 0.56955931477416021913
4.7725 0.56945197971822436589
4.7775 0.56933805203721543631
4.7825 0.56921811797737276173
4.7875 0.56909263297928558423
4.7925 0.56896201055033068794
4.7975 0.56882695174837027974
4.8025 0.56868736693354149381
4.8075 0.56854470729231243453
4.8125 0.56839888452831144328
4.8175 0.56825010288635191547
4.8225 0.56809915876084704500
4.8275 0.56794641136410695115
4.8325 0.56779202789050109423
4.8375 0.56763696834061982965
4.8425 0.56748094179751584765
4.8475 0.56732477165726791224
4.8525 0.56716836389973901422
4.8575 0.56701268231625190364
4.8625 0.56685760193056833334
4.8675 0.56670377090543300191
4.8725 0.56655130941132925138
4.8775 0.56640079903849516185
4.8825 0.56625232714914497389
4.8875 0.56610680889271114413
4.8925 0.56596464137690294383
4.8975 0.56582597263314604596
4.9025 0.56569170748343189370
4.9075 0.56556168338876255941
4.9125 0.56543686090630929098
4.9175 0.56531719007508041130
4.9225 0.56520337048933466662
4.9275 0.56509518189308727276
4.9325 0.56499332677879510189
4.9375 0.56489800779058996216
4.9425 0.56480947012082283187
4.9475 0.56472774822679061568
4.9525 0.56465301901824793696
4.9575 0.56458525445403440202
4.9625 0.56452490125411314281
4.9675 0.56447178679946852231
4.9725 0.56442617333224842646
4.9775 0.56438822682608447145
4.9825 0.56435770432163923083
4.9875 0.56433489904131539650
4.9925 0.56432019360577001521
4.9975 0.56431284782038326764
5.0025 0.56431341771049836620
5.0075 0.56432202655208774100
5.0125 0.56433833840075064980
5.0175 0.56436259429356616657
5.0225 0.56439455455403630957
5.0275 0.56443455496431427232
5.0325 0.56448208098598229299
5.0375 0.56453753864192901535
5.0425 0.56460031514681774389
5.0475 0.56467078652341406997
5.0525 0.56474852297750866015
5.0575 0.56483364291140347735
5.0625 0.56492567079547628683
5.0675 0.56502477600061407070
5.0725 0.56513040299199723826
5.0775 0.56524266994344518622
5.0825 0.56536136129214842327
5.0875 0.56548638677856544188
5.0925 0.56561765715555745171
5.0975 0.56575449971363522828
5.1025 0.56589687022742474198
5.1075 0.56604454437375606446
5.1125 0.56619740217989833475
5.1175 0.56635484039294670122
5.1225 0.56651683645527084465
5.1275 0.56668325670263774985
5.1325 0.56685357760430343799
5.1375 0.56702744606800326022
5.1425 0.56720456788106632384
5.1475 0.56738441972599429342
5.1525 0.56756663884333435899
5.1575 0.56775112042885411689
5.1625 0.56793738386031067389
5.1675 0.56812509564794910766
5.1725 0.56831371166462107958
5.1775 0.56850290473159603710
5.1825 0.56869210511584578072
5.1875 0.56888104170846010010
5.1925 0.56906953784799718665
5.1975 0.56925679125177575113
5.2025 0.56944299811657173027
5.2075 0.56962760687393443337
5.2125 0.56981046193575579650
5.2175 0.56999096266479332140
5.2225 0.57016838778245892971
5.2275 0.57034277586374637625
5.2325 0.57051390899702858484
5.2375 0.57068157968319788154
5.2425 0.57084554749551286168
5.2475 0.57100533588467750068
5.2525 0.57116066922732056099
5.2575 0.57131137891048699995
5.2625 0.57145697474763912371
5.2675 0.57159723455693578487
5.2725 0.57173216080840028042
5.2775 0.57186113099019186823
5.2825 0.57198415508482203240
5.2875 0.57210062777824222113
5.2925 0.57221035557941635208
5.2975 0.57231257087602138700
5.3025 0.57240758931307655910
5.3075 0.57249421790962573553
5.3125 0.57257271137589238474
5.3175 0.57264241391490433575
5.3225 0.57270297770134537263
5.3275 0.57275372160344728556
5.3325 0.57279438413734007352
5.3375 0.57282455075305060976
5.3425 0.57284346272649688814
5.3475 0.57285076051793282215
5.3525 0.57284602287865271641
5.3575 0.57282850690794462345
5.3625 0.57279770107234440069
5.3675 0.57275311997412847731
5.3725 0.57269384240945453435
5.3775 0.57261940942043865199
5.3825 0.57252885135200859423
5.3875 0.57242181270590153375
5.3925 0.57229763783333409410
5.3975 0.57215613631095640912
5.4025 0.57199666609175059406
5.4075 0.57181943030660076221
5.4125 0.57162483810373776461
5.4175 0.57141284549582493923
5.4225 0.57118410561668664371
5.4275 0.57094000789881427238
5.4325 0.57068155378376694831
5.4375 0.57041007182509717577
5.4425 0.57012691325205666626
5.4475 0.56983374411404996707
5.4525 0.56953182310845373859
5.4575 0.56922290919172446877
5.4625 0.56890833031464371761
5.4675 0.56858927879167397990
5.4725 0.56826551702550431866
5.4775 0.56793627654222755829
5.4825 0.56760015650140038801
5.4875 0.56725633415074350197
5.4925 0.56690464426129050235
5.4975 0.56654700117651768387
5.5025 0.56618633176314669964
5.5075 0.56582624582416185532
5.5125 0.56547084610059195064
5.5175 0.56512268778268248681
5.5225 0.56478389804828321719
5.5275 0.56445450150463005734
5.5325 0.56413308384347338187
5.5375 0.56381830347476713516
5.5425 0.56351015770161583252
5.5475 0.56321007021097013734
5.5525 0.56291993703663645299
5.5575 0.56264047881174539256
5.5625 0.56236970655227236371
5.5675 0.56210380330102371893
5.5725 0.56183765235414429018
5.5775 0.56156752858732217337
5.5825 0.56129265735511857383
5.5875 0.56101467448203101718
5.5925 0.56073381923040765962
5.5975 0.56044915284954044399
5.6025 0.56015897135794601169
5.6075 0.55986042316886552861
5.6125 0.55955216897400239517
5.6175 0.55923366012391195756
5.6225 0.55890508710402064807
5.6275 0.55856845300016599865
5.6325 0.55822631875366157672
5.6375 0.55788079644048049754
5.6425 0.55753398806062459681
5.6475 0.55718763417168870600
5.6525 0.55684515744496909662
5.6575 0.55650903555903552533
5.6625 0.55618285066391814908
5.6675 0.55586747875481645753
5.6725 0.55556436036958800617
5.6775 0.55527252265966675626
5.6825 0.55499198696780438489
5.6875 0.55472185766030535081
5.6925 0.55446183569954099468
5.6975 0.55421149028896976585
5.7025 0.55397143889853872611
5.7075 0.55374132969384382008
5.7125 0.55352138566327013791
5.7175 0.55330999143782455540
5.7225 0.55310494702427404068
5.7275 0.55290352298777889484
5.7325 0.55270291047655162320
5.7375 0.55250086162598766037
5.7425 0.55229671358192999886
5.7475 0.55209058738047200876
5.7525 0.55188256417433589895
5.7575 0.55167230466387162657
5.7625 0.55145954257414719901
5.7675 0.55124441018560355054
5.7725 0.55102625355715273425
5.7775 0.55080548900324599604
5.7825 0.55058089277815924767
5.7875 0.55035220653612482167
5.7925 0.55011999498478114656
5.7975 0.54988611368482021025
5.8025 0.54965242172004757926
5.8075 0.54942008119438179303
5.8125 0.54919037545694793234
5.8175 0.54896537898774666608
5.8225 0.54874929144049089391
5.8275 0.54854666677388763674
5.8325 0.54836344783765589295
5.8375 0.54820639273053961560
5.8425 0.54808060438529970781
5.8475 0.54799054583615680603
5.8525 0.54793947982718649303
5.8575 0.54792763252168030785
5.8625 0.54795401122334086441
5.8675 0.54801772487531263955
5.8725 0.54811821049468745226
5.8775 0.54825699742820399596
5.8825 0.54843436581789861695
5.8875 0.54864986413524319264
5.8925 0.54890159085591527788
5.8975 0.54918718075034844706
5.9025 0.54950332943677926423
5.9075 0.54984709512989426994
5.9125 0.55021577615809424966
5.9175 0.55060656817088693415
5.9225 0.55101767481915242541
5.9275 0.55144747510197655860
5.9325 0.55189658558154963686
5.9375 0.55236517983243693664
5.9425 0.55285455037148267809
5.9475 0.55336624642792520135
5.9525 0.55390177231700021832
5.9575 0.55446239039937328386
5.9625 0.55504753354514091424
5.9675 0.55565614445377242703
5.9725 0.55628703847097837887
5.9775 0.55693914418341394779
5.9825 0.55761027197278800749
5.9875 0.55829838361842287764
5.9925 0.55900020260316840570
5.9975 0.55971301574060405848
6.0025 0.56043441738472032920
6.0075 0.56116080999132822438
6.0125 0.56188910317831952668
6.0175 0.56261576934140611339
6.0225 0.56333825141875371045
6.0275 0.56405482538033735462
6.0325 0.56476557419422723783
6.0375 0.56547198477434990060
6.0425 0.56617859730360586834
6.0475 0.56688835561051120759
6.0525 0.56760408095742209689
6.0575 0.56832720709763306921
6.0625 0.56905937581333054798
6.0675 0.56980180401416991032
6.0725 0.57055662099069170967
6.0775 0.57132667403885084578
6.0825 0.57211621781933807984
6.0875 0.57292968705818714259
6.0925 0.57377091127441381957
6.0975 0.57464106906677581144
6.1025 0.57554158544495781502
6.1075 0.57647315438965729406
6.1125 0.57743634707366398029
6.1175 0.57843084544355805043
6.1225 0.57945344811303811650
6.1275 0.58050057596476245525
6.1325 0.58156576392997438862
6.1375 0.58264303974070918990
6.1425 0.58372586730645326103
6.1475 0.58480842484873030163
6.1525 0.58588518081059504095
6.1575 0.58695077923103733397
6.1625 0.58800179863469814734
6.1675 0.58903419151359515116
6.1725 0.59004296459453853263
6.1775 0.59102092223706248486
6.1825 0.59196070346705254028
6.1875 0.59285626872797214659
6.1925 0.59370267081794836361
6.1975 0.59449739925934508289
6.2025 0.59524178126514593057
6.2075 0.59593901524760828359
6.2125 0.59659330354136019814
6.2175 0.59720709120906856349
6.2225 0.59778288551804215079
6.2275 0.59832281408044052373
6.2325 0.59883021886032361536
6.2375 0.59930816067008196857
6.2425 0.59975833116705623560
6.2475 0.60018072946402678536
6.2525 0.60057649671959711934
6.2575 0.60094863354631966601
6.2625 0.60130085510699549101
6.2675 0.60163953786799129198
6.2725 0.60197059285364995507
6.2775 0.60229884943387912433
6.2825 0.60262708288798505496
6.2875 0.60295505182432385105
6.2925 0.60327949766665744935
6.2975 0.60359552485134304600
6.3025 0.60389824516219625661
6.3075 0.60418246841750611331
6.3125 0.60444317797020830074
6.3175 0.60467621951561834059
6.3225 0.60487420546739667504
6.3275 0.60502992608964445420
6.3325 0.60513562978423940386
6.3375 0.60518638158304394192
6.3425 0.60518111088789638963
6.3475 0.60512136723897391732
6.3525 0.60500856794603841138
6.3575 0.60484257853023226659
6.3625 0.60462150547429716063
6.3675 0.60434173057583140398
6.3725 0.60400179213777405174
6.3775 0.60360224301789999757
6.3825 0.60314607945880693851
6.3875 0.60263780653140730514
6.3925 0.60208193776141116782
6.3975 0.60148073686502090407
6.4025 0.60083634524612805627
6.4075 0.60015074173050031447
6.4125 0.59942471496064098080
6.4175 0.59865874712574884686
6.4225 0.59785326234606817053
6.4275 0.59700800421700916942
6.4325 0.59612145554692830274
6.4375 0.59519096040649899226
6.4425 0.59421266668078820405
6.4475 0.59318475501789036386
6.4525 0.59210590749218161566
6.4575 0.59097735116954708268
6.4625 0.58980075805597143024
6.4675 0.58857943544445812112
6.4725 0.58731446659746422423
6.4775 0.58600551216159901813
6.4825 0.58464921878918374443
6.4875 0.58324352175488813899
6.4925 0.58178763150373258295
6.4975 0.58028330210338630035
6.5025 0.57873453015232456664
6.5075 0.57714654246367647072
6.5125 0.57552496369739813975
6.5175 0.57387532789383532972
6.5225 0.57220111697458375666
6.5275 0.57050507098297165154
6.5325 0.56878878604794946838
6.5375 0.56705595718972157115
6.5425 0.56531032036052553114
6.5475 0.56355561078641314143
6.5525 0.56179647764727813630
6.5575 0.56003462991332753074
6.5625 0.55827458625894943456
6.5675 0.55651874456900962684
6.5725 0.55477094717691988190
6.5775 0.55303354019538364383
6.5825 0.55131003645294607285
6.5875 0.54960309557282538417
6.5925 0.54791596966472744246
6.5975 0.54625106629021102922
6.6025 0.54460809271297172529
6.6075 0.54298716903920307697
6.6125 0.54138590046439405423
6.6175 0.53980391721157383600
6.6225 0.53824097806460058369
6.6275 0.53669832087893809547
6.6325 0.53517780353911936775
6.6375 0.53368122876537249510
6.6425 0.53220735716652889380
6.6475 0.53075472426321324004
6.6525 0.52931962350205452594
6.6575 0.52790002599475605027
6.6625 0.52649239324538432694
6.6675 0.52509609723961081507
6.6725 0.52371309809411925595
6.6775 0.52234758119569246748
6.6825 0.52100323214611676814
6.6875 0.51968255857235889916
6.6925 0.51838696668445138904
6.6975 0.51711609332361607727
6.7025 0.51587099913742129331
6.7075 0.51465388590642013877
6.7125 0.51346802711916528228
6.7175 0.51231714387667370847
6.7225 0.51120372564005833738
6.7275 0.51012957154300542228
6.7325 0.50909439793935318264
6.7375 0.50809886226538059084
6.7425 0.50714245646547018165
6.7475 0.50622759434450104177
6.7525 0.50535541289251340036
6.7575 0.50452786231067403566
6.7625 0.50374645156721753469
6.7675 0.50301171649491849269
6.7725 0.50232430325885735201
6.7775 0.50168463473502555861
6.7825 0.50109390955753085883
6.7875 0.50055430616362528440
6.7925 0.50006813435616148666
6.7975 0.49963706466169249820
6.8025 0.49926250013725859134
6.8075 0.49894484708460429268
6.8125 0.49868338850576665600
6.8175 0.49847665574152139056
6.8225 0.49832205444635635505
6.8275 0.49821865649168178836
6.8325 0.49816438019775827195
6.8375 0.49815746392628701411
6.8425 0.49819443311708005995
6.8475 0.49827094687600120837
6.8525 0.49838292423569247047
6.8575 0.49852666747785640000
6.8625 0.49870001812237058081
6.8675 0.49890233396123162546
6.8725 0.49913590285774905864
6.8775 0.49940678972343482966
6.8825 0.49972374478410941379
6.8875 0.50009298619520170526
6.8925 0.50051960053346344903
6.8975 0.50100731391517971947
6.9025 0.50155916384734333668
6.9075 0.50217962455409792533
6.9125 0.50287289076065733173
6.9175 0.50364205809552942128
6.9225 0.50448884173631347583
6.9275 0.50541431233077382945
6.9325 0.50641870079145623329
6.9375 0.50750184988543178832
6.9425 0.50866323638822152908
6.9475 0.50990065192857469967
6.9525 0.51121161019968397454
6.9575 0.51259341328715934960
6.9625 0.51404385919940165373
6.9675 0.51556302198046954910
6.9725 0.51715042474000738615
6.9775 0.51880810347916228586
6.9825 0.52053905128244826184
6.9875 0.52234676847679795131
6.9925 0.52423517831245325382
6.9975 0.52620758758381969145
7.0025 0.52826751789106651813
7.0075 0.53041722262371648888
7.0125 0.53265572148741624492
7.0175 0.53498294398961443452
7.0225 0.53739633789849827750
7.0275 0.53989472337395338908
7.0325 0.54247441979748867169
7.0375 0.54513159876883254817
7.0425 0.54786347305160854049
7.0475 0.55066973780100914038
7.0525 0.55355242553689898433
7.0575 0.55651252623952052190
7.0625 0.55954984803794127757
7.0675 0.56266263429336582647
7.0725 0.56584904969916161033
7.0775 0.56910745198017886892
7.0825 0.57243668551443771531
7.0875 0.57583315924469935521
7.0925 0.57929365541508925919
7.0975 0.58281401151469958144
7.1025 0.58639180086520525936
7.1075 0.59002538288700212554
7.1125 0.59371360564204778143
7.1175 0.59745768076484540021
7.1225 0.60125786483007881422
7.1275 0.60511598719140591296
7.1325 0.60903584335694660457
7.1375 0.61301963463223207995
7.1425 0.61706911708318934462
7.1475 0.62118547317111683093
7.1525 0.62536721709929821156
7.1575 0.62961234847788516422
7.1625 0.63391603222363024361
7.1675 0.63827384293849531716
7.1725 0.64267840169668166705
7.1775 0.64712412912414463140
7.1825 0.65160617773905959993
7.1875 0.65612036960537256647
7.1925 0.66066263317509776876
7.1975 0.66522791031725891919
7.2025 0.66981104078583375561
7.2075 0.67440647530241681906
7.2125 0.67900756307662302191
7.2175 0.68360664550804250972
7.2225 0.68819279561539192791
7.2275 0.69275322338008826772
7.2325 0.69727279407526410182
7.2375 0.70173343707987023699
7.2425 0.70611681706119089341
7.2475 0.71040462583336161373
7.2525 0.71458056048540152805
7.2575 0.71863322082841352145
7.2625 0.72254800421410736444
7.2675 0.72630879424954997159
7.2725 0.72989886120942526482
7.2775 0.73330157181408484046
7.2825 0.73650585971635529337
7.2875 0.73950619813612405995
7.2925 0.74229778751894892608
7.2975 0.74487899943570057282
7.3025 0.74724843121416761882
7.3075 0.74940471231405081376
7.3125 0.75134462364125753631
7.3175 0.75306329473736544067
7.3225 0.75455293180093485628
7.3275 0.75580777368547125139
7.3325 0.75682156853164550547
7.3375 0.75758935939231697443
7.3425 0.75810327889603312812
7.3475 0.75835217746145178186
7.3525 0.75832034732652087161
7.3575 0.75799133372806948294
7.3625 0.75734867476541134490
7.3675 0.75638108085683386506
7.3725 0.75507854910288341177
7.3775 0.75343868423219262365
7.3825 0.75145945714973716445
7.3875 0.74914018236739021717
7.3925 0.74648196897032170760
7.3975 0.74348571702597054944
7.4025 0.74015354543568234735
7.4075 0.73649139386953021980
7.4125 0.73250809848885389819
7.4175 0.72821351565545666684
7.4225 0.72362010918974262186
7.4275 0.71873804598650892217
7.4325 0.71357821637930085590
7.4375 0.70815117172139008250
7.4425 0.70246784844086596067
7.4475 0.69653978008348049755
7.4525 0.69037988897879609684
7.4575 0.68400081157894976336
7.4625 0.67741505337982277357
7.4675 0.67063604670136856001
7.4725 0.66367647803436635723
7.4775 0.65655150088328595448
7.4825 0.64927746487533422037
7.4875 0.64187189185029436267
7.4925 0.63435325159018762786
7.4975 0.62673872213430781297
7.5025 0.61904614457873008426
7.5075 0.61129366179882826948
7.5125 0.60349952569634868205
7.5175 0.59568204173920125122
7.5225 0.58785534539202277671
7.5275 0.58003422428742157368
7.5325 0.57223325267094871105
7.5375 0.56446793967127306679
7.5425 0.55675616708638275831
7.5475 0.54911229798934602098
7.5525 0.54154638027563162250
7.5575 0.53406713863193200353
7.5625 0.52668376017931850530
7.5675 0.51940504435780698866
7.5725 0.51224063887061532796
7.5775 0.50519666403439422719
7.5825 0.49827868686768755913
7.5875 0.49149069150081270418
7.5925 0.48483646837289490206
7.5975 0.47831969002313207140
7.6025 0.47194522192992144349
7.6075 0.46571593906983671518
7.6125 0.45963576606519068735
7.6175 0.45370850307926896550
7.6225 0.44793619676635809679
7.6275 0.44232166872906253374
7.6325 0.43686820557857231062
7.6375 0.43157840895696419903
7.6425 0.42645659569109417575
7.6475 0.42150528342937271242
7.6525 0.41672396903380459765
7.6575 0.41210927812114145352
7.6625 0.40765558716702343656
7.6675 0.40335766795285743491
7.6725 0.39920829206901015107
7.6775 0.39520221786806786213
7.6825 0.39133290985512503291
7.6875 0.38759249153316721603
7.6925 0.38397393306265115154
7.6975 0.38046957514074347673
7.7025 0.37707261992334079048
7.7075 0.37377722315200873071
7.7125 0.37057837187319475625
7.7175 0.36747188096076444097
7.7225 0.36445637650233775329
7.7275 0.36153109968545360520
7.7325 0.35869787435602079606
7.7375 0.35595964693096771025
7.7425 0.35331892133364156683
7.7475 0.35077883535362935907
7.7525 0.34834132774761927820
7.7575 0.34600830402232285454
7.7625 0.34377972618783747549
7.7675 0.34165589009509245155
7.7725 0.33963740950716747591
7.7775 0.33772595257731302665
7.7825 0.33592458629072091680
7.7875 0.33423501732426325050
7.7925 0.33266018425571458605
7.7975 0.33120204434741273847
7.8025 0.32986113353717377850
7.8075 0.32863754893443758442
7.8125 0.32753138663614611570
7.8175 0.32654134796829176191
7.8225 0.32566693502006305305
7.8275 0.32490395125409299304
7.8325 0.32424884666849512760
7.8375 0.32369810290122941199
7.8425 0.32324861391256765053
7.8475 0.32289884882404956690
7.8525 0.32264740537673514131
7.8575 0.32249396893917653406
7.8625 0.32243909486555766275
7.8675 0.32248378852433251529
7.8725 0.32263029639208601340
7.8775 0.32288106452905984689
7.8825 0.32323992943338553108
7.8875 0.32371145918789850926
7.8925 0.32430054445310735334
7.8975 0.32501167370691236291
7.9025 0.32584969879805603110
7.9075 0.32681856589972907434
7.9125 0.32792119237136402310
7.9175 0.32915873926331623567
7.9225 0.33053128943753146141
7.9275 0.33203879441649752913
7.9325 0.33368166441718150050
7.9375 0.33546186256209437060
7.9425 0.33738286930964989097
7.9475 0.33944852870715586102
7.9525 0.34166231901990445907
7.9575 0.34402763307456057928
7.9625 0.34654707490134545322
7.9675 0.34922238215412743090
7.9725 0.35205319712411142774
7.9775 0.35504026808576255592
7.9825 0.35818333871827728876
7.9875 0.36148334162181955387
7.9925 0.36494154350223190209
7.9975 0.36855955561703462875
8.0025 0.37234026287524374377
8.0075 0.37628708241968433779
8.0125 0.38040573630920920811
8.0175 0.38470107194524072458
8.0225 0.38917902305297735754
8.0275 0.39384545255338682113
8.0325 0.39870552751173249373
8.0375 0.40376565771047784326
8.0425 0.40903242888082314010
8.0475 0.41451392105970163993
8.0525 0.42021873549876476162
8.0575 0.42615802015132392411
8.0625 0.43234326680784790353
8.0675 0.43878426699980971337
8.0725 0.44549000478146522086
8.0775 0.45246933077958123581
8.0825 0.45973271378407254417
8.0875 0.46729320158317300127
8.0925 0.47516262623602706361
8.0975 0.48335475535423871873
8.1025 0.49188329655325574441
8.1075 0.50076405299317017228
8.1125 0.51001537260521401240
8.1175 0.51965463272478573664
8.1225 0.52970221210217782737
8.1275 0.54017929000119802030
8.1325 0.55110998672755273642
8.1375 0.56251871089984883945
8.1425 0.57443024763193950566
8.1475 0.58686652099293079576
8.1525 0.59985146594716742818
8.1575 0.61340775382215606548
8.1625 0.62755980537752853454
8.1675 0.64233402238098002979
8.1725 0.65775660246288236710
8.1775 0.67385313880478392434
8.1825 0.69064901194182570787
8.1875 0.70816700877767579936
8.1925 0.72643270846924967721
8.1975 0.74547046384334747504
8.2025 0.76530592615889958541
8.2075 0.78596277832790495399
8.2125 0.80746606364789086374
8.2175 0.82983953388124376271
8.2225 0.85310938811442471597
8.2275 0.87729892355969296691
8.2325 0.90243099377872681988
8.2375 0.92852854406702267642
8.2425 0.95561109318060655227
8.2475 0.98369791392256500373
8.2525 1.01280708378720984975
8.2575 1.04295347250473180445
8.2625 1.07414659728749417589
8.2675 1.10638533382090531454
8.2725 1.13965671138004442930
8.2775 1.17392995651160569892
8.2825 1.20915913579582756654
8.2875 1.24528183296098671207
8.2925 1.28221770039755278425
8.2975 1.31987072796722837431
8.3025 1.35813062028103725964
8.3075 1.39687284098730923887
8.3125 1.43595851648176142668
8.3175 1.47522959992222424397
8.3225 1.51450398163703980892
8.3275 1.55357196138095665638
8.3325 1.59219201235386376148
8.3375 1.63009484425913608874
8.3425 1.66698324758210847385
8.3475 1.70252576404977995495
8.3525 1.73634958824726837179
8.3575 1.76802271229042706757
8.3625 1.79705560777231654335
8.3675 1.82289981853767812936
8.3725 1.84494631116791518721
8.3775 1.86253463756444048727
8.3825 1.87495826426381118068
8.3875 1.88148721384682038327
8.3925 1.88139102296490956512
8.3975 1.87397403750379742959
8.4025 1.85860555935939841810
8.4075 1.83474906207611421216
8.4125 1.80198154867742665886
8.4175 1.76001890413092199061
8.4225 1.70875764673234953328
8.4275 1.64831470924316980664
8.4325 1.57905834724771754196
8.4375 1.50164804842359989046
8.4425 1.41705373152498115275
8.4475 1.32655859331059100548
8.4525 1.23168034112834834382
8.4575 1.13394270068750491198
8.4625 1.03452228861129413851
8.4675 0.93408689359334340363
8.4725 0.83310034361397156122
8.4775 0.73236042035921178339
8.4825 0.63326460917529814321
8.4875 0.53765279768771045976
8.4925 0.44746408686485589223
8.4975 0.36446414994055703618
8.5025 0.29006447212955960291
8.5075 0.22519566829038389910
8.5125 0.17024571408399477579
8.5175 0.12507922689204670208
8.5225 0.08911104387722994236
8.5275 0.06141249035863948630
8.5325 0.04083136867916788842
8.5375 0.02611316881077055396
8.5425 0.01601214482582357171
8.5475 0.00938057916696910694
8.5525 0.00523035446212597680
8.5575 0.00276402474116771695
8.5625 0.00137815421029334516
8.5675 0.00064517129023323528
8.5725 0.00028208305764544617
8.5775 0.00011453020780861055
8.5825 0.00004291473590853613
8.5875 0.00001473995074727203
8.5925 0.00000000000000000000
8.5975 0.00000129924374894285
8.6025 0.00000000000000000000
8.6075 0.00000000000000000000
8.6125 0.00000000000000000000
8.6175 0.00000000000000000000
8.6225 0.00000000000000000000
8.6275 0.00000000000000000000
8.6325 0.00000000000000000000
8.6375 0.00000000000000000000
8.6425 0.00000000000000000000
8.6475 0.00000000000000000000
8.6525 0.00000000000000000000
8.6575 0.00000000000000000000
8.6625 0.00000000000000000000
8.6675 0.00000000000000000000
8.6725 0.00000000000000000000
8.6775 0.00000000000000000000
8.6825 0.00000000000000000000
8.6875 0.00000000000000000000
8.6925 0.00000000000000000000
8.6975 0.00000000000000000000
8.7025 0.00000000000000000000
8.7075 0.00000000000000000000
8.7125 0.00000000000000000000
8.7175 0.00000000000000000000
8.7225 0.00000000000000000000
8.7275 0.00000000000000000000
8.7325 0.00000000000000000000
8.7375 0.00000000000000000000
8.7425 0.00000000000000000000
8.7475 0.00000000000000000000
8.7525 0.00000000000000000000
8.7575 0.00000000000000000000
8.7625 0.00000000000000000000
8.7675 0.00000000000000000000
8.7725 0.00000000000000000000
8.7775 0.00000000000000000000
8.7825 0.00000000000000000000
8.7875 0.00000000000000000000
8.7925 0.00000000000000000000
8.7975 0.00000000000000000000
8.8025 0.00000000000000000000
8.8075 0.00000000000000000000
8.8125 0.00000000000000000000
8.8175 0.00000000000000000000
8.8225 0.00000000000000000000
8.8275 0.00000000000000000000
8.8325 0.00000000000000000000
8.8375 0.00000000000000000000
8.8425 0.00000000000000000000
8.8475 0.00000000000000000000
8.8525 0.00000000000000000000
8.8575 0.00000000000000000000
8.8625 0.00000000000000000000
8.8675 0.00000000000000000000
8.8725 0.00000000000000000000
8.8775 0.00000000000000000000
8.8825 0.00000000000000000000
8.8875 0.00000000000000000000
8.8925 0.00000000000000000000
8.8975 0.00000000000000000000
8.9025 0.00000000000000000000
8.9075 0.00000000000000000000
8.9125 0.00000000000000000000
8.9175 0.00000000000000000000
8.9225 0.00000000000000000000
8.9275 0.00000000000000000000
8.9325 0.00000000000000000000
8.9375 0.00000000000000000000
8.9425 0.00000000000000000000
8.9475 0.00000000000000000000
8.9525 0.00000000000000000000
8.9575 0.00000000000000000000
8.9625 0.00000000000000000000
8.9675 0.00000000000000000000
8.9725 0.00000000000000000000
8.9775 0.00000000000000000000
8.9825 0.00000000000000000000
8.9875 0.00000000000000000000
8.9925 0.00000000000000000000
8.9975 0.00000000000000000000
9.0025 0.00000000000000000000
9.0075 0.00000000000000000000
9.0125 0.00000000000000000000
9.0175 0.00000000000000000000
9.0225 0.00000000000000000000
9.0275 0.00000000000000000000
9.0325 0.00000000000000000000
9.0375 0.00000000000000000000
9.0425 0.00000000000000000000
9.0475 0.00000000000000000000
9.0525 0.00000000000000000000
9.0575 0.00000000000000000000
9.0625 0.00000000000000000000
9.0675 0.00000000000000000000
9.0725 0.00000000000000000000
9.0775 0.00000000000000000000
9.0825 0.00000000000000000000
9.0875 0.00000000000000000000
9.0925 0.00000000000000000000
9.0975 0.00000000000000000000
9.1025 0.00000000000000000000
9.1075 0.00000000000000000000
9.1125 0.00000000000000000000
9.1175 0.00000000000000000000
9.1225 0.00000000000000000000
9.1275 0.00000000000000000000
9.1325 0.00000000000000000000
9.1375 0.00000000000000000000
9.1425 0.00000000000000000000
9.1475 0.00000000000000000000
9.1525 0.00000000000000000000
9.1575 0.00000000000000000000
9.1625 0.00000000000000000000
9.1675 0.00000000000000000000
9.1725 0.00000000000000000000
9.1775 0.00000000000000000000
9.1825 0.00000000000000000000
9.1875 0.00000000000000000000
9.1925 0.00000000000000000000
9.1975 0.00000000000000000000
9.2025 0.00000000000000000000
9.2075 0.00000000000000000000
9.2125 0.00000000000000000000
9.2175 0.00000000000000000000
9.2225 0.00000000000000000000
9.2275 0.00000000000000000000
9.2325 0.00000000000000000000
9.2375 0.00000000000000000000
9.2425 0.00000000000000000000
9.2475 0.00000000000000000000
9.2525 0.00000000000000000000
9.2575 0.00000000000000000000
9.2625 0.00000000000000000000
9.2675 0.00000000000000000000
9.2725 0.00000000000000000000
9.2775 0.00000000000000000000
9.2825 0.00000000000000000000
9.2875 0.00000000000000000000
9.2925 0.00000000000000000000
9.2975 0.00000000000000000000
9.3025 0.00000000000000000000
9.3075 0.00000000000000000000
9.3125 0.00000000000000000000
9.3175 0.00000000000000000000
9.3225 0.00000000000000000000
9.3275 0.00000000000000000000
9.3325 0.00000000000000000000
9.3375 0.00000000000000000000
9.3425 0.00000000000000000000
9.3475 0.00000000000000000000
9.3525 0.00000000000000000000
9.3575 0.00000000000000000000
9.3625 0.00000000000000000000
9.3675 0.00000000000000000000
9.3725 0.00000000000000000000
9.3775 0.00000000000000000000
9.3825 0.00000000000000000000
9.3875 0.00000000000000000000
9.3925 0.00000000000000000000
9.3975 0.00000000000000000000
9.4025 0.00000000000000000000
9.4075 0.00000000000000000000
9.4125 0.00000000000000000000
9.4175 0.00000000000000000000
9.4225 0.00000000000000000000
9.4275 0.00000000000000000000
9.4325 0.00000000000000000000
9.4375 0.00000000000000000000
9.4425 0.00000000000000000000
9.4475 0.00000000000000000000
9.4525 0.00000000000000000000
9.4575 0.00000000000000000000
9.4625 0.00000000000000000000
9.4675 0.00000000000000000000
9.4725 0.00000000000000000000
9.4775 0.00000000000000000000
9.4825 0.00000000000000000000
9.4875 0.00000000000000000000
9.4925 0.00000000000000000000
9.4975 0.00000000000000000000
9.5025 0.00000000000000000000
9.5075 0.00000000000000000000
9.5125 0.00000000000000000000
9.5175 0.00000000000000000000
9.5225 0.00000000000000000000
9.5275 0.00000000000000000000
9.5325 0.00000000000000000000
9.5375 0.00000000000000000000
9.5425 0.00000000000000000000
9.5475 0.00000000000000000000
9.5525 0.00000000000000000000
9.5575 0.00000000000000000000
9.5625 0.00000000000000000000
9.5675 0.00000000000000000000
9.5725 0.00000000000000000000
9.5775 0.00000000000000000000
9.5825 0.00000000000000000000
9.5875 0.00000000000000000000
9.5925 0.00000000000000000000
9.5975 0.00000000000000000000
9.6025 0.00000000000000000000
9.6075 0.00000000000000000000
9.6125 0.00000000000000000000
9.6175 0.00000000000000000000
9.6225 0.00000000000000000000
9.6275 0.00000000000000000000
9.6325 0.00000000000000000000
9.6375 0.00000000000000000000
9.6425 0.00000000000000000000
9.6475 0.00000000000000000000
9.6525 0.00000000000000000000
9.6575 0.00000000000000000000
9.6625 0.00000000000000000000
9.6675 0.00000000000000000000
9.6725 0.00000000000000000000
9.6775 0.00000000000000000000
9.6825 0.00000000000000000000
9.6875 0.00000000000000000000
9.6925 0.00000000000000000000
9.6975 0.00000000000000000000
9.7025 0.00000000000000000000
9.7075 0.00000000000000000000
9.7125 0.00000000000000000000
9.7175 0.00000000000000000000
9.7225 0.00000000000000000000
9.7275 0.00000000000000000000
9.7325 0.00000000000000000000
9.7375 0.00000000000000000000
9.7425 0.00000000000000000000
9.7475 0.00000000000000000000
9.7525 0.00000000000000000000
9.7575 0.00000000000000000000
9.7625 0.00000000000000000000
9.7675 0.00000000000000000000
9.7725 0.00000000000000000000
9.7775 0.00000000000000000000
9.7825 0.00000000000000000000
9.7875 0.00000000000000000000
9.7925 0.00000000000000000000
9.7975 0.00000000000000000000
9.8025 0.00000000000000000000
9.8075 0.00000000000000000000
9.8125 0.00000000000000000000
9.8175 0.00000000000000000000
9.8225 0.00000000000000000000
9.8275 0.00000000000000000000
9.8325 0.00000000000000000000
9.8375 0.00000000000000000000
9.8425 0.00000000000000000000
9.8475 0.00000000000000000000
9.8525 0.00000000000000000000
9.8575 0.00000000000000000000
9.8625 0.00000000000000000000
9.8675 0.00000000000000000000
9.8725 0.00000000000000000000
9.8775 0.00000000000000000000
9.8825 0.00000000000000000000
9.8875 0.00000000000000000000
9.8925 0.00000000000000000000
9.8975 0.00000000000000000000
9.9025 0.00000000000000000000
9.9075 0.00000000000000000000
9.9125 0.00000000000000000000
9.9175 0.00000000000000000000
9.9225 0.00000000000000000000
9.9275 0.00000000000000000000
9.9325 0.00000000000000000000
9.9375 0.00000000000000000000
9.9425 0.00000000000000000000
9.9475 0.00000000000000000000
9.9525 0.00000000000000000000
9.9575 0.00000000000000000000
9.9625 0.00000000000000000000
9.9675 0.00000000000000000000
9.9725 0.00000000000000000000
9.9775 0.00000000000000000000
9.9825 0.00000000000000000000
9.9875 0.00000000000000000000
9.9925 0.00000000000000000000
9.9975 0.00000000000000000000
