xbins rho
0.0025 0.00000000000000000000
0.0075 0.00000000000000000000
0.0125 0.00000000000000000000
0.0175 0.00000000000000000000
0.0225 0.00000000000000000000
0.0275 0.00000000000000000000
0.0325 0.00000000000000000000
0.0375 0.00000000000000000000
0.0425 0.00000000000000000000
0.0475 0.00000000000000000000
0.0525 0.00000000000000000000
0.0575 0.00000000000000000000
0.0625 0.00000000000000000000
0.0675 0.00000000000000000000
0.0725 0.00000000000000000000
0.0775 0.00000000000000000000
0.0825 0.00000000000000000000
0.0875 0.00000000000000000000
0.0925 0.00000000000000000000
0.0975 0.00000000000000000000
0.1025 0.00000000000000000000
0.1075 0.00000000000000000000
0.1125 0.00000000000000000000
0.1175 0.00000000000000000000
0.1225 0.00000000000000000000
0.1275 0.00000000000000000000
0.1325 0.00000000000000000000
0.1375 0.00000000000000000000
0.1425 0.00000000000000000000
0.1475 0.00000000000000000000
0.1525 0.00000000000000000000
0.1575 0.00000000000000000000
0.1625 0.00000000000000000000
0.1675 0.00000000000000000000
0.1725 0.00000000000000000000
0.1775 0.00000000000000000000
0.1825 0.00000000000000000000
0.1875 0.00000000000000000000
0.1925 0.00000000000000000000
0.1975 0.00000000000000000000
0.2025 0.00000000000000000000
0.2075 0.00000000000000000000
0.2125 0.00000000000000000000
0.2175 0.00000000000000000000
0.2225 0.00000000000000000000
0.2275 0.00000000000000000000
0.2325 0.00000000000000000000
0.2375 0.00000000000000000000
0.2425 0.00000000000000000000
0.2475 0.00000000000000000000
0.2525 0.00000000000000000000
0.2575 0.00000000000000000000
0.2625 0.00000000000000000000
0.2675 0.00000000000000000000
0.2725 0.00000000000000000000
0.2775 0.00000000000000000000
0.2825 0.00000000000000000000
0.2875 0.00000000000000000000
0.2925 0.00000000000000000000
0.2975 0.00000000000000000000
0.3025 0.00000000000000000000
0.3075 0.00000000000000000000
0.3125 0.00000000000000000000
0.3175 0.00000000000000000000
0.3225 0.00000000000000000000
0.3275 0.00000000000000000000
0.3325 0.00000000000000000000
0.3375 0.00000000000000000000
0.3425 0.00000000000000000000
0.3475 0.00000000000000000000
0.3525 0.00000000000000000000
0.3575 0.00000000000000000000
0.3625 0.00000000000000000000
0.3675 0.00000000000000000000
0.3725 0.00000000000000000000
0.3775 0.00000000000000000000
0.3825 0.00000000000000000000
0.3875 0.00000000000000000000
0.3925 0.00000000000000000000
0.3975 0.00000000000000000000
0.4025 0.00000000000000000000
0.4075 0.00000000000000000000
0.4125 0.00000000000000000000
0.4175 0.00000000000000000000
0.4225 0.00000000000000000000
0.4275 0.00000000000000000000
0.4325 0.00000000000000000000
0.4375 0.00000000000000000000
0.4425 0.00000000000000000000
0.4475 0.00000000000000000000
0.4525 0.00000000000000000000
0.4575 0.00000000000000000000
0.4625 0.00000000000000000000
0.4675 0.00000000000000000000
0.4725 0.00000000000000000000
0.4775 0.00000000000000000000
0.4825 0.00000000000000000000
0.4875 0.00000000000000000000
0.4925 0.00000000000000000000
0.4975 0.00000000000000000000
0.5025 0.00000000000000000000
0.5075 0.00000000000000000000
0.5125 0.00000000000000000000
0.5175 0.00000000000000000000
0.5225 0.00000000000000000000
0.5275 0.00000000000000000000
0.5325 0.00000000000000000000
0.5375 0.00000000000000000000
0.5425 0.00000000000000000000
0.5475 0.00000000000000000000
0.5525 0.00000000000000000000
0.5575 0.00000000000000000000
0.5625 0.00000000000000000000
0.5675 0.00000000000000000000
0.5725 0.00000000000000000000
0.5775 0.00000000000000000000
0.5825 0.00000000000000000000
0.5875 0.00000000000000000000
0.5925 0.00000000000000000000
0.5975 0.00000000000000000000
0.6025 0.00000000000000000000
0.6075 0.00000000000000000000
0.6125 0.00000000000000000000
0.6175 0.00000000000000000000
0.6225 0.00000000000000000000
0.6275 0.00000000000000000000
0.6325 0.00000000000000000000
0.6375 0.00000000000000000000
0.6425 0.00000000000000000000
0.6475 0.00000000000000000000
0.6525 0.00000000000000000000
0.6575 0.00000000000000000000
0.6625 0.00000000000000000000
0.6675 0.00000000000000000000
0.6725 0.00000000000000000000
0.6775 0.00000000000000000000
0.6825 0.00000000000000000000
0.6875 0.00000000000000000000
0.6925 0.00000000000000000000
0.6975 0.00000000000000000000
0.7025 0.00000000000000000000
0.7075 0.00000000000000000000
0.7125 0.00000000000000000000
0.7175 0.00000000000000000000
0.7225 0.00000000000000000000
0.7275 0.00000000000000000000
0.7325 0.00000000000000000000
0.7375 0.00000000000000000000
0.7425 0.00000000000000000000
0.7475 0.00000000000000000000
0.7525 0.00000000000000000000
0.7575 0.00000000000000000000
0.7625 0.00000000000000000000
0.7675 0.00000000000000000000
0.7725 0.00000000000000000000
0.7775 0.00000000000000000000
0.7825 0.00000000000000000000
0.7875 0.00000000000000000000
0.7925 0.00000000000000000000
0.7975 0.00000000000000000000
0.8025 0.00000000000000000000
0.8075 0.00000000000000000000
0.8125 0.00000000000000000000
0.8175 0.00000000000000000000
0.8225 0.00000000000000000000
0.8275 0.00000000000000000000
0.8325 0.00000000000000000000
0.8375 0.00000000000000000000
0.8425 0.00000000000000000000
0.8475 0.00000000000000000000
0.8525 0.00000000000000000000
0.8575 0.00000000000000000000
0.8625 0.00000000000000000000
0.8675 0.00000000000000000000
0.8725 0.00000000000000000000
0.8775 0.00000000000000000000
0.8825 0.00000000000000000000
0.8875 0.00000000000000000000
0.8925 0.00000000000000000000
0.8975 0.00000000000000000000
0.9025 0.00000000000000000000
0.9075 0.00000000000000000000
0.9125 0.00000000000000000000
0.9175 0.00000000000000000000
0.9225 0.00000000000000000000
0.9275 0.00000000000000000000
0.9325 0.00000000000000000000
0.9375 0.00000000000000000000
0.9425 0.00000000000000000000
0.9475 0.00000000000000000000
0.9525 0.00000000000000000000
0.9575 0.00000000000000000000
0.9625 0.00000000000000000000
0.9675 0.00000000000000000000
0.9725 0.00000000000000000000
0.9775 0.00000000000000000000
0.9825 0.00000000000000000000
0.9875 0.00000000000000000000
0.9925 0.00000000000000000000
0.9975 0.00000000000000000000
1.0025 0.00000000000000000000
1.0075 0.00000000000000000000
1.0125 0.00000000000000000000
1.0175 0.00000000000000000000
1.0225 0.00000000000000000000
1.0275 0.00000000000000000000
1.0325 0.00000000000000000000
1.0375 0.00000000000000000000
1.0425 0.00000000000000000000
1.0475 0.00000000000000000000
1.0525 0.00000000000000000000
1.0575 0.00000000000000000000
1.0625 0.00000000000000000000
1.0675 0.00000000000000000000
1.0725 0.00000000000000000000
1.0775 0.00000000000000000000
1.0825 0.00000000000000000000
1.0875 0.00000000000000000000
1.0925 0.00000000000000000000
1.0975 0.00000000000000000000
1.1025 0.00000000000000000000
1.1075 0.00000000000000000000
1.1125 0.00000000000000000000
1.1175 0.00000000000000000000
1.1225 0.00000000000000000000
1.1275 0.00000000000000000000
1.1325 0.00000000000000000000
1.1375 0.00000000000000000000
1.1425 0.00000000000000000000
1.1475 0.00000000000000000000
1.1525 0.00000000000000000000
1.1575 0.00000000000000000000
1.1625 0.00000000000000000000
1.1675 0.00000000000000000000
1.1725 0.00000000000000000000
1.1775 0.00000000000000000000
1.1825 0.00000000000000000000
1.1875 0.00000000000000000000
1.1925 0.00000000000000000000
1.1975 0.00000000000000000000
1.2025 0.00000000000000000000
1.2075 0.00000000000000000000
1.2125 0.00000000000000000000
1.2175 0.00000000000000000000
1.2225 0.00000000000000000000
1.2275 0.00000000000000000000
1.2325 0.00000000000000000000
1.2375 0.00000000000000000000
1.2425 0.00000000000000000000
1.2475 0.00000000000000000000
1.2525 0.00000000000000000000
1.2575 0.00000000000000000000
1.2625 0.00000000000000000000
1.2675 0.00000000000000000000
1.2725 0.00000000000000000000
1.2775 0.00000000000000000000
1.2825 0.00000000000000000000
1.2875 0.00000000000000000000
1.2925 0.00000000000000000000
1.2975 0.00000000000000000000
1.3025 0.00000000000000000000
1.3075 0.00000000000000000000
1.3125 0.00000000000000000000
1.3175 0.00000000000000000000
1.3225 0.00000000000000000000
1.3275 0.00000000000000000000
1.3325 0.00000000000000000000
1.3375 0.00000000000000000000
1.3425 0.00000000000000000000
1.3475 0.00000000000000000000
1.3525 0.00000000000000000000
1.3575 0.00000000000000000000
1.3625 0.00000000000000000000
1.3675 0.00000000000000000000
1.3725 0.00000000000000000000
1.3775 0.00000000000000000000
1.3825 0.00000000000000000000
1.3875 0.00000000000000000000
1.3925 0.00000000000000000000
1.3975 0.00000151530964956645
1.4025 0.00000586485188248754
1.4075 0.00002028616304545633
1.4125 0.00006335860287903580
1.4175 0.00018006716356617673
1.4225 0.00046897425070621109
1.4275 0.00112700862805897601
1.4325 0.00251382543787766069
1.4375 0.00523188460538602865
1.4425 0.01021775944355898628
1.4475 0.01883557056912306057
1.4525 0.03296492376797666851
1.4575 0.05503204319524414995
1.4625 0.08799652755650760882
1.4675 0.13515607942992463597
1.4725 0.19957010942957537081
1.4775 0.28335161672173092562
1.4825 0.38665754807416352623
1.4875 0.50804275364868056730
1.4925 0.64594032148617175348
1.4975 0.79933684515954450678
1.5025 0.96712370429229377322
1.5075 1.14741321267454199351
1.5125 1.33739568571942712971
1.5175 1.53345723683522661140
1.5225 1.73155747215930122529
1.5275 1.92757035481066396621
1.5325 2.11761958155402796322
1.5375 2.29834087405544362781
1.5425 2.46681883392931000643
1.5475 2.62076633827517735398
1.5525 2.75845996699596129886
1.5575 2.87881788581609532329
1.5625 2.98118731354506572018
1.5675 3.06550040802396184247
1.5725 3.13213135882866788862
1.5775 3.18171416400253237455
1.5825 3.21522814752618879552
1.5875 3.23376888698779207942
1.5925 3.23858999822176052419
1.5975 3.23097652200537233114
1.6025 3.21235851098276414817
1.6075 3.18417268195672287234
1.6125 3.14752731514016126368
1.6175 3.10345497830835270747
1.6225 3.05285514219886389142
1.6275 2.99660100395264050732
1.6325 2.93545096211803757669
1.6375 2.87024648876724253199
1.6425 2.80176251260822661848
1.6475 2.73056494032771412961
1.6525 2.65723741783922395854
1.6575 2.58210425573479529504
1.6625 2.50525879301922183018
1.6675 2.42699837274655516595
1.6725 2.34746939887963357307
1.6775 2.26677239237947558692
1.6825 2.18485256581914200069
1.6875 2.10171658435973229828
1.6925 2.01730790345525878848
1.6975 1.93196356830989546260
1.7025 1.84634888054515688971
1.7075 1.76136353513622845313
1.7125 1.67810465714499379430
1.7175 1.59737530949339934239
1.7225 1.51976031187778004572
1.7275 1.44554812283086442370
1.7325 1.37489583943664883670
1.7375 1.30778379710692460591
1.7425 1.24419160928606231664
1.7475 1.18397990548961296042
1.7525 1.12708086390169137658
1.7575 1.07336619930966037373
1.7625 1.02277324207041897530
1.7675 0.97510135100709782741
1.7725 0.93031928182507306335
1.7775 0.88828365337001680135
1.7825 0.84892880300827744389
1.7875 0.81210789039506470210
1.7925 0.77764820348418928209
1.7975 0.74542733346813228046
1.8025 0.71530532269501234666
1.8075 0.68710022677318316475
1.8125 0.66069266202893506268
1.8175 0.63598534450549626396
1.8225 0.61281390900029975022
1.8275 0.59109183302757328793
1.8325 0.57069962186191158793
1.8375 0.55149518278783538072
1.8425 0.53341479935864311024
1.8475 0.51643733020120674571
1.8525 0.50045980808874412915
1.8575 0.48548450962209011017
1.8625 0.47146865769301726790
1.8675 0.45835052478055793301
1.8725 0.44608396823583607027
1.8775 0.43462841536256358044
1.8825 0.42389357145897893497
1.8875 0.41389348475896031720
1.8925 0.40455943203073330139
1.8975 0.39582092410247787795
1.9025 0.38761191116600707263
1.9075 0.37987546867002031092
1.9125 0.37253731600146799963
1.9175 0.36556545268481099864
1.9225 0.35891745074920961001
1.9275 0.35254484102336297591
1.9325 0.34641881219333070518
1.9375 0.34050067918511622844
1.9425 0.33477118809426925639
1.9475 0.32920888578611728903
1.9525 0.32380251340736943000
1.9575 0.31855955403068153542
1.9625 0.31351363899900036580
1.9675 0.30866998458834360441
1.9725 0.30404457500545378767
1.9775 0.29960259413408829587
1.9825 0.29534817966785215093
1.9875 0.29126743101613788989
1.9925 0.28736679722372510115
1.9975 0.28365079898450845652
2.0025 0.28013612634721329897
2.0075 0.27679781517897655840
2.0125 0.27364099076514264430
2.0175 0.27069088731319718155
2.0225 0.26794163073933763286
2.0275 0.26541304509162677583
2.0325 0.26309800149063033992
2.0375 0.26100764058528863609
2.0425 0.25914762001853053341
2.0475 0.25755244909058644387
2.0525 0.25622683930356721094
2.0575 0.25517039301779731453
2.0625 0.25439520776499657817
2.0675 0.25389692770294175483
2.0725 0.25367245946767086329
2.0775 0.25374408174152301987
2.0825 0.25411057908449502518
2.0875 0.25479033909278142600
2.0925 0.25578736478703617552
2.0975 0.25710414096530825878
2.1025 0.25873489326276916112
2.1075 0.26066458499480199551
2.1125 0.26289931700044633089
2.1175 0.26541571350537734864
2.1225 0.26823501391232534852
2.1275 0.27134212821538938876
2.1325 0.27474966498276465199
2.1375 0.27843360879766759775
2.1425 0.28238622638071642079
2.1475 0.28660303112435836503
2.1525 0.29106113730883104163
2.1575 0.29576618660405767924
2.1625 0.30070007701034090486
2.1675 0.30584949063989369522
2.1725 0.31123126552252255994
2.1775 0.31685625026261193815
2.1825 0.32274674377632411870
2.1875 0.32891330914593919221
2.1925 0.33537757865498979415
2.1975 0.34212895993953190699
2.2025 0.34919282940500834256
2.2075 0.35658544526630564508
2.2125 0.36429819281498559969
2.2175 0.37238465593980102364
2.2225 0.38081246962234793774
2.2275 0.38960280383561268769
2.2325 0.39873574196212385745
2.2375 0.40820828428321909165
2.2425 0.41796615872865022778
2.2475 0.42802348984162807977
2.2525 0.43831914481492606495
2.2575 0.44884445929435989875
2.2625 0.45962856065698659558
2.2675 0.47064506798564581525
2.2725 0.48190965201004687390
2.2775 0.49344890370942473545
2.2825 0.50523492017336246729
2.2875 0.51732023410628191762
2.2925 0.52972475565968768496
2.2975 0.54246194885412435394
2.3025 0.55558825805128131403
2.3075 0.56909755224662250672
2.3125 0.58299004898383099960
2.3175 0.59723428468108641365
2.3225 0.61189696194390208461
2.3275 0.62689570258044857720
2.3325 0.64226239925852912638
2.3375 0.65781654696860292209
2.3425 0.67353697708306936587
2.3475 0.68934545824047355200
2.3525 0.70518140966958930971
2.3575 0.72102558919989356845
2.3625 0.73685322494122451609
2.3675 0.75268779810570629607
2.3725 0.76857706966354366607
2.3775 0.78468512642657373135
2.3825 0.80109715167759276699
2.3875 0.81802042236937977382
2.3925 0.83562870781741882542
2.3975 0.85408691369394162951
2.4025 0.87360243210905241806
2.4075 0.89440831165470713326
2.4125 0.91665250061989478336
2.4175 0.94061391094073110164
2.4225 0.96649121765340106904
2.4275 0.99444673234465130740
2.4325 1.02457726779257840555
2.4375 1.05704437849892696200
2.4425 1.09181895141288975992
2.4475 1.12881359009068549248
2.4525 1.16802640527582379804
2.4575 1.20901017801091281711
2.4625 1.25145605377959334703
2.4675 1.29467555638470122048
2.4725 1.33803864311871256731
2.4775 1.38070469645688298499
2.4825 1.42198871311692043307
2.4875 1.46051437665710737157
2.4925 1.49573000051481375117
2.4975 1.52701239973442359776
2.5025 1.55387670358074547750
2.5075 1.57624397007921146496
2.5125 1.59382214617966311287
2.5175 1.60657602745515970533
2.5225 1.61469590104602089831
2.5275 1.61871238272329143193
2.5325 1.61862729173858932441
2.5375 1.61524553819828531331
2.5425 1.60874955181510115310
2.5475 1.59992412478267720388
2.5525 1.58846674543679622360
2.5575 1.57509421490403656030
2.5625 1.56001111060354569204
2.5675 1.54358529167239799662
2.5725 1.52587262230520859241
2.5775 1.50740181098123771086
2.5825 1.48818156267397805337
2.5875 1.46839958326473452033
2.5925 1.44816012649146519387
2.5975 1.42712141430833505673
2.6025 1.40542843489992108630
2.6075 1.38332773291518362768
2.6125 1.36107795785574059444
2.6175 1.33862037774541353663
2.6225 1.31625912461381533447
2.6275 1.29375943546992422384
2.6325 1.27130916726764242597
2.6375 1.24867224667753462519
2.6425 1.22591522762835092308
2.6475 1.20314437290731257590
2.6525 1.18062826312016211361
2.6575 1.15828192783966610335
2.6625 1.13622617882925580624
2.6675 1.11451660750279457623
2.6725 1.09320129550105638039
2.6775 1.07232503344214724628
2.6825 1.05193601057220864625
2.6875 1.03199657897203156409
2.6925 1.01251368191586488265
2.6975 0.99359297646859001674
2.7025 0.97518800293080865060
2.7075 0.95722933374879759505
2.7125 0.93965377808142602767
2.7175 0.92256130660448487646
2.7225 0.90587952908052249423
2.7275 0.88963556958827794130
2.7325 0.87385435053088222901
2.7375 0.85853086934131062069
2.7425 0.84357224132651398296
2.7475 0.82894339108982617592
2.7525 0.81469943817044809808
2.7575 0.80082577038962743377
2.7625 0.78738810374866807784
2.7675 0.77446005901546677297
2.7725 0.76191579613604987209
2.7775 0.74982165501456821133
2.7825 0.73818611221593632976
2.7875 0.72699141165716452129
2.7925 0.71628890225980468287
2.7975 0.70615229459637274267
2.8025 0.69658106308020240061
2.8075 0.68753345814026634031
2.8125 0.67908068071517302400
2.8175 0.67116674633297546126
2.8225 0.66386500777229906500
2.8275 0.65723374885535268408
2.8325 0.65118858600135309800
2.8375 0.64570894349936514001
2.8425 0.64072392620734730517
2.8475 0.63612849255534364978
2.8525 0.63190129038536257955
2.8575 0.62798281052493598597
2.8625 0.62427846027001543394
2.8675 0.62077782198562259097
2.8725 0.61747030019892967800
2.8775 0.61423689765409583696
2.8825 0.61114628895572653544
2.8875 0.60808747287779618684
2.8925 0.60501689628211208216
2.8975 0.60198375461460196245
2.9025 0.59888093501803818519
2.9075 0.59583979026748046248
2.9125 0.59290026335640122479
2.9175 0.59009924686447579045
2.9225 0.58731080532277502027
2.9275 0.58453729146153421414
2.9325 0.58173230937543896069
2.9375 0.57889176554719978807
2.9425 0.57602013801088536304
2.9475 0.57306060600221986334
2.9525 0.57006264236729320416
2.9575 0.56704938292651485554
2.9625 0.56401855140455492421
2.9675 0.56104088110880401263
2.9725 0.55806681598723395510
2.9775 0.55504359941810010870
2.9825 0.55198006382621234156
2.9875 0.54890942990531976786
2.9925 0.54585164288296017521
2.9975 0.54288526127956582279
3.0025 0.54009963969267860140
3.0075 0.53743737278734005081
3.0125 0.53503187270330443415
3.0175 0.53278614973193627602
3.0225 0.53077295018746595279
3.0275 0.52901309135128515848
3.0325 0.52759028847404920715
3.0375 0.52652503224868563159
3.0425 0.52584102840435453796
3.0475 0.52562565354971513276
3.0525 0.52585465719641066862
3.0575 0.52652135112990339216
3.0625 0.52766089067769850196
3.0675 0.52924283944218897258
3.0725 0.53124642469615879214
3.0775 0.53361024545372737204
3.0825 0.53631073646780258457
3.0875 0.53932831124377034193
3.0925 0.54265815234311376436
3.0975 0.54631545961263727751
3.1025 0.55021315211079369067
3.1075 0.55430774368243829198
3.1125 0.55852241140388947382
3.1175 0.56289115388358790248
3.1225 0.56731578558220552289
3.1275 0.57187936925626225992
3.1325 0.57654827966586374988
3.1375 0.58133895985644468141
3.1425 0.58623376474432264960
3.1475 0.59119310200243424536
3.1525 0.59623691147997304185
3.1575 0.60140634919617663723
3.1625 0.60672621894450751157
3.1675 0.61218424824559514175
3.1725 0.61779653093524444785
3.1775 0.62360419620894214088
3.1825 0.62960907038768199051
3.1875 0.63582509568335165984
3.1925 0.64227167113816086008
3.1975 0.64899915774924588074
3.2025 0.65604939721948285491
3.2075 0.66331432819689228886
3.2125 0.67086259181994389866
3.2175 0.67863260661770086202
3.2225 0.68669891061573018476
3.2275 0.69500359360050689705
3.2325 0.70358024371958738374
3.2375 0.71242006085733722287
3.2425 0.72162827902364157229
3.2475 0.73107564849235573412
3.2525 0.74068556943909225065
3.2575 0.75045316073022816372
3.2625 0.76020066890517368208
3.2675 0.76999597246010342833
3.2725 0.77973573987998412438
3.2775 0.78937990590964535187
3.2825 0.79892586070995874614
3.2875 0.80846390111318910954
3.2925 0.81777291678980312817
3.2975 0.82689299749433886610
3.3025 0.83574066740413710530
3.3075 0.84431196438630762291
3.3125 0.85263657302469741950
3.3175 0.86080828570147949197
3.3225 0.86875410521497020699
3.3275 0.87664383555906222334
3.3325 0.88443111203557467359
3.3375 0.89216045311725888922
3.3425 0.89998625844050794687
3.3475 0.90786158842184927487
3.3525 0.91581624672381056751
3.3575 0.92375484463926105239
3.3625 0.93176383961624986707
3.3675 0.93977562016203397555
3.3725 0.94802955511402431377
3.3775 0.95629643127408692216
3.3825 0.96471691057767727795
3.3875 0.97327231226430166444
3.3925 0.98191917833718422859
3.3975 0.99071052621961952500
3.4025 0.99965724485884432937
3.4075 1.00859104572948066192
3.4125 1.01759588732081551754
3.4175 1.02679390616885224397
3.4225 1.03597963276269200428
3.4275 1.04523513778770915650
3.4325 1.05440578348521141194
3.4375 1.06323198935597917902
3.4425 1.07165403276590409654
3.4475 1.07976047142464115502
3.4525 1.08731008533195461219
3.4575 1.09435676408799320569
3.4625 1.10043535124430502670
3.4675 1.10535323696363874113
3.4725 1.10897734937541492251
3.4775 1.11152279110537421936
3.4825 1.11301208081429092722
3.4875 1.11358809775404665743
3.4925 1.11303025680547640341
3.4975 1.11129458878169029568
3.5025 1.10857653327932959009
3.5075 1.10466257634455788939
3.5125 1.09974253971720536960
3.5175 1.09397648529731461586
3.5225 1.08743499454755165878
3.5275 1.08023971005752006391
3.5325 1.07269014289159492215
3.5375 1.06458778368434203720
3.5425 1.05586924800396286805
3.5475 1.04684675802883808693
3.5525 1.03770876754193208669
3.5575 1.02834649860805149579
3.5625 1.01910832808554774331
3.5675 1.00991068373353809484
3.5725 1.00071682901307990043
3.5775 0.99150398213299573147
3.5825 0.98236245864083926449
3.5875 0.97357361848599355270
3.5925 0.96514445341363197528
3.5975 0.95705009542522223587
3.6025 0.94917098506115760159
3.6075 0.94144675010576339691
3.6125 0.93382603182388135288
3.6175 0.92659037230371188443
3.6225 0.91977965831001784469
3.6275 0.91315089131294291391
3.6325 0.90675113730450507266
3.6375 0.90060942183559122842
3.6425 0.89454178460312627763
3.6475 0.88851189683171649669
3.6525 0.88249582608837540132
3.6575 0.87649744411975949454
3.6625 0.87041462171224281974
3.6675 0.86428096249921193550
3.6725 0.85813961127133386864
3.6775 0.85202828568593713676
3.6825 0.84600816179958904240
3.6875 0.83998241955921892909
3.6925 0.83402618548832041512
3.6975 0.82810242989657012469
3.7025 0.82240355877298432219
3.7075 0.81686375613136408269
3.7125 0.81148230474177129867
3.7175 0.80634559204540190436
3.7225 0.80138491075116335960
3.7275 0.79658627689768757296
3.7325 0.79194960206676956460
3.7375 0.78750111493546026686
3.7425 0.78325003498580902939
3.7475 0.77919569349753514675
3.7525 0.77524605866578055746
3.7575 0.77125405299589366859
3.7625 0.76725899788318840944
3.7675 0.76330197027349178107
3.7725 0.75939735718405809717
3.7775 0.75557482317435475938
3.7825 0.75180994982344817590
3.7875 0.74806253159508961925
3.7925 0.74417880730799979005
3.7975 0.74022799214060419626
3.8025 0.73619024197637272788
3.8075 0.73218483584697391375
3.8125 0.72817965810104767765
3.8175 0.72415839616601829221
3.8225 0.72016569515135830937
3.8275 0.71625267635525280419
3.8325 0.71241536125113380518
3.8375 0.70859206129255714046
3.8425 0.70484379218927928346
3.8475 0.70119810520085001926
3.8525 0.69765919447838831147
3.8575 0.69433068922724650029
3.8625 0.69125628531302185653
3.8675 0.68839097215211364489
3.8725 0.68568660005422199522
3.8775 0.68322028496265008179
3.8825 0.68097580072391372674
3.8875 0.67906453434702040983
3.8925 0.67756276973853235557
3.8975 0.67624198855205319703
3.9025 0.67511955540595658398
3.9075 0.67409692743502269696
3.9125 0.67312785128553842551
3.9175 0.67226340922762506391
3.9225 0.67164997784790148039
3.9275 0.67111185945311102596
3.9325 0.67065704395892711265
3.9375 0.67028132392181616339
3.9425 0.66983846514082789891
3.9475 0.66939801777348917344
3.9525 0.66898748552939868439
3.9575 0.66861095310645501932
3.9625 0.66837169876485036379
3.9675 0.66820290693312389685
3.9725 0.66810660908475760777
3.9775 0.66809647405233996142
3.9825 0.66821098029263836793
3.9875 0.66839037712205962016
3.9925 0.66876070319750424709
3.9975 0.66928872931250815714
4.0025 0.66980400010161167401
4.0075 0.67044353509689269544
4.0125 0.67110046224968789019
4.0175 0.67192651386524671064
4.0225 0.67289202284829319201
4.0275 0.67406527690765094540
4.0325 0.67535649362837024690
4.0375 0.67670007531989984084
4.0425 0.67805379113391706092
4.0475 0.67955616044441180534
4.0525 0.68126192272886898493
4.0575 0.68295800310899357211
4.0625 0.68469912061086701804
4.0675 0.68652759124588824680
4.0725 0.68843711981039967807
4.0775 0.69054636611256858814
4.0825 0.69272219743621721300
4.0875 0.69488794438773426876
4.0925 0.69719287211142944027
4.0975 0.69971216157605431452
4.1025 0.70244375441734341337
4.1075 0.70541814122545354326
4.1125 0.70879535785552727489
4.1175 0.71243889915651403832
4.1225 0.71652136589461679073
4.1275 0.72090728153952798873
4.1325 0.72559255696516933298
4.1375 0.73070624785281912406
4.1425 0.73608918919943588932
4.1475 0.74159327753071235811
4.1525 0.74727721883704856243
4.1575 0.75320433082288795745
4.1625 0.75916099370570355731
4.1675 0.76512248533736670897
4.1725 0.77094357242852407097
4.1775 0.77663115136224547541
4.1825 0.78226543811514781535
4.1875 0.78769184787838741890
4.1925 0.79285981077639655634
4.1975 0.79775578313526296359
4.2025 0.80238641568730284526
4.2075 0.80694767602267858386
4.2125 0.81130231027379284825
4.2175 0.81551435540075856157
4.2225 0.81969492636791985163
4.2275 0.82392935475820916480
4.2325 0.82812453679869524326
4.2375 0.83231808173571719678
4.2425 0.83662988900310697460
4.2475 0.84099540920731097327
4.2525 0.84549697707954707404
4.2575 0.85005591702573113366
4.2625 0.85485133199919804969
4.2675 0.85986248749429550209
4.2725 0.86503688132675460309
4.2775 0.87020337682755666275
4.2825 0.87548829378762704767
4.2875 0.88099467616951476767
4.2925 0.88669410469430898214
4.2975 0.89224356288262318682
4.3025 0.89752727723543868077
4.3075 0.90256873901045975295
4.3125 0.90742006611621661705
4.3175 0.91215881660393283159
4.3225 0.91688026728028637624
4.3275 0.92132112583972203268
4.3325 0.92537216977167768839
4.3375 0.92899152626309255965
4.3425 0.93207740972589603334
4.3475 0.93478181581767116892
4.3525 0.93716863728173571690
4.3575 0.93922244749658856389
4.3625 0.94071855873873189147
4.3675 0.94193223276868753846
4.3725 0.94291341204420098254
4.3775 0.94388423172063262712
4.3825 0.94474275201450785833
4.3875 0.94533684498899461790
4.3925 0.94541851754277306252
4.3975 0.94545367599988694440
4.4025 0.94549718687694472852
4.4075 0.94544062924795457814
4.4125 0.94518898407923013227
4.4175 0.94494477955818412251
4.4225 0.94484613087277358190
4.4275 0.94480152261249494838
4.4325 0.94469237895792834703
4.4375 0.94433780176786130678
4.4425 0.94377435854446922736
4.4475 0.94288171929762232271
4.4525 0.94191183184346893853
4.4575 0.94057048108876084580
4.4625 0.93884527271708273499
4.4675 0.93685122817099419912
4.4725 0.93428144894885956084
4.4775 0.93099796110771837476
4.4825 0.92735748240560555988
4.4875 0.92324762907831758874
4.4925 0.91868758826604068890
4.4975 0.91383364634179342634
4.5025 0.90857689972102495535
4.5075 0.90338649683709848492
4.5125 0.89832462396925327752
4.5175 0.89291338869256298150
4.5225 0.88733327167426323534
4.5275 0.88199097974161455582
4.5325 0.87662055749552647566
4.5375 0.87168835379184927969
4.5425 0.86718902286629484522
4.5475 0.86278641789084509206
4.5525 0.85843102319077957407
4.5575 0.85438229327021719683
4.5625 0.85054620223730104112
4.5675 0.84708170576495911419
4.5725 0.84409001749006551396
4.5775 0.84113535250053639292
4.5825 0.83821437202589610393
4.5875 0.83530461605412853476
4.5925 0.83255630136334013436
4.5975 0.82979603273822344356
4.6025 0.82720098523322882489
4.6075 0.82469947536054988291
4.6125 0.82232071046282240179
4.6175 0.82001102718039409201
4.6225 0.81768838563560830579
4.6275 0.81532657458681501161
4.6325 0.81290312931215780168
4.6375 0.81054246715478417418
4.6425 0.80822320681974391121
4.6475 0.80584533427158477892
4.6525 0.80349118509957262457
4.6575 0.80121379606269493845
4.6625 0.79911686690513650255
4.6675 0.79703123094431704843
4.6725 0.79479291704830867804
4.6775 0.79260511162140778740
4.6825 0.79051987247402111247
4.6875 0.78856854984130675401
4.6925 0.78647437321117807940
4.6975 0.78448599206259672645
4.7025 0.78243438076743210274
4.7075 0.78027443358697978759
4.7125 0.77821472088218557328
4.7175 0.77633037066907584212
4.7225 0.77443558737993989372
4.7275 0.77266505781190975011
4.7325 0.77097797206188467545
4.7375 0.76892455239304191572
4.7425 0.76690915660389535891
4.7475 0.76510374457593532949
4.7525 0.76341899683505176633
4.7575 0.76189062084360126281
4.7625 0.76042988775030062598
4.7675 0.75891025226355868227
4.7725 0.75731898404739428354
4.7775 0.75585139432850956265
4.7825 0.75460676296943884900
4.7875 0.75348455016105220228
4.7925 0.75247056212278473630
4.7975 0.75144025057677765744
4.8025 0.75044605336217107272
4.8075 0.74945132575278039511
4.8125 0.74861088329748226577
4.8175 0.74783593886838650722
4.8225 0.74701380723356913816
4.8275 0.74629407174175710349
4.8325 0.74555829363440562219
4.8375 0.74503573779360710017
4.8425 0.74460303813426353958
4.8475 0.74410965842555443217
4.8525 0.74366707682034194349
4.8575 0.74334508800397647299
4.8625 0.74301588925910233563
4.8675 0.74273142179649442873
4.8725 0.74263181211581741348
4.8775 0.74247797728852416022
4.8825 0.74236313157113342776
4.8875 0.74240168498713721146
4.8925 0.74240061839345572459
4.8975 0.74246013153295187248
4.9025 0.74258112575104806563
4.9075 0.74275701259102000495
4.9125 0.74289331000632652380
4.9175 0.74306249734235707560
4.9225 0.74331844325819107500
4.9275 0.74374106990957644658
4.9325 0.74437406337601685902
4.9375 0.74487484108631729640
4.9425 0.74541170498617925766
4.9475 0.74601065564479551728
4.9525 0.74659987900393620652
4.9575 0.74705440937699807424
4.9625 0.74758366356510319584
4.9675 0.74837581136890396483
4.9725 0.74929314783525435839
4.9775 0.75007381580884346928
4.9825 0.75075570938496705153
4.9875 0.75152835716294319468
4.9925 0.75247202803094226375
4.9975 0.75336669778926268481
5.0025 0.75418761432112946252
5.0075 0.75493559941225285570
5.0125 0.75584555909696582443
5.0175 0.75691129594333328434
5.0225 0.75805782213541317294
5.0275 0.75935351829681796421
5.0325 0.76050207536509417672
5.0375 0.76157285876582070383
5.0425 0.76265213029724565619
5.0475 0.76400143102202877632
5.0525 0.76535802208771874788
5.0575 0.76698764512584838293
5.0625 0.76867986182948344620
5.0675 0.77020606032943239594
5.0725 0.77189344661602543596
5.0775 0.77377451751748904663
5.0825 0.77574506981807267447
5.0875 0.77777442808261454399
5.0925 0.77993673698142973461
5.0975 0.78214818846531763974
5.1025 0.78446582948584575590
5.1075 0.78674143325741130450
5.1125 0.78908797831233656872
5.1175 0.79166230266415515970
5.1225 0.79416961537450558861
5.1275 0.79649574898041564097
5.1325 0.79881434352345870309
5.1375 0.80100719336377146362
5.1425 0.80312958043287197007
5.1475 0.80532223669375235797
5.1525 0.80756815967083439567
5.1575 0.80967193370191437030
5.1625 0.81174506886350494828
5.1675 0.81350190944189260112
5.1725 0.81517258006765058731
5.1775 0.81691256063604567039
5.1825 0.81856626189593117982
5.1875 0.82019943115172322390
5.1925 0.82193606525834550514
5.1975 0.82355125918531468798
5.2025 0.82517846784359794032
5.2075 0.82691744251144660982
5.2125 0.82857702039826452989
5.2175 0.83008507117837759814
5.2225 0.83146736122434272698
5.2275 0.83280425825556936292
5.2325 0.83431477173243451251
5.2375 0.83588038918510976227
5.2425 0.83742023928989495207
5.2475 0.83906299758447944193
5.2525 0.84039705504439632389
5.2575 0.84166806589445897213
5.2625 0.84290884049253533838
5.2675 0.84423541888240238862
5.2725 0.84537565490496702214
5.2775 0.84631825566914276049
5.2825 0.84702388890569291213
5.2875 0.84774560455792413727
5.2925 0.84856376550521461777
5.2975 0.84944942051547134287
5.3025 0.85026087212302148277
5.3075 0.85087077594971027850
5.3125 0.85130078079696092086
5.3175 0.85176300250427294802
5.3225 0.85235853607981781899
5.3275 0.85275317986037701967
5.3325 0.85330651553433434220
5.3375 0.85384292605043909941
5.3425 0.85431606791209391272
5.3475 0.85459793689263308103
5.3525 0.85505717985127849268
5.3575 0.85547607991015095497
5.3625 0.85589911063702928118
5.3675 0.85630449251178153425
5.3725 0.85664638506163182097
5.3775 0.85700586427050440275
5.3825 0.85745501456687189812
5.3875 0.85790388315124566088
5.3925 0.85807361559243233717
5.3975 0.85828589925853904230
5.4025 0.85859578763376753763
5.4075 0.85889895316512110401
5.4125 0.85918734354949222176
5.4175 0.85946458330759967215
5.4225 0.85962786924126388666
5.4275 0.86010900538675882920
5.4325 0.86065044188340533715
5.4375 0.86115871061635562711
5.4425 0.86129525376750804000
5.4475 0.86166462773172047829
5.4525 0.86217119016023835432
5.4575 0.86277706625633210358
5.4625 0.86361619898271646534
5.4675 0.86444933158068060219
5.4725 0.86539174030370091817
5.4775 0.86644338680955312881
5.4825 0.86758712141990668165
5.4875 0.86842167572143502685
5.4925 0.86957760938089989633
5.4975 0.87005686590209718734
5.5025 0.86952198255832557905
5.5075 0.86881445413030644609
5.5125 0.86834345043635630113
5.5175 0.86786127648868416351
5.5225 0.86687549096087257450
5.5275 0.86533418744094814379
5.5325 0.86338929570144662407
5.5375 0.86041465734334254822
5.5425 0.85717211702243145677
5.5475 0.85466509599754858506
5.5525 0.85313635337443227691
5.5575 0.85217946604203886896
5.5625 0.85098787894442118329
5.5675 0.84856171253979395530
5.5725 0.84514692699089521977
5.5775 0.84258899124305641770
5.5825 0.84093429858602131155
5.5875 0.83980539189053093896
5.5925 0.83885371340391934325
5.5975 0.83775594264019925816
5.6025 0.83619556823456431260
5.6075 0.83469669367656251779
5.6125 0.83322108155825058695
5.6175 0.83186313883292140048
5.6225 0.83082093950533131288
5.6275 0.82945751165563375018
5.6325 0.82822649826491145930
5.6375 0.82711055082006046391
5.6425 0.82569875575409124036
5.6475 0.82412735483172672168
5.6525 0.82222572583337205643
5.6575 0.82024009589070934201
5.6625 0.81847448051117677181
5.6675 0.81689534705966582173
5.6725 0.81492825152664394306
5.6775 0.81233669752390613716
5.6825 0.80972193349442556087
5.6875 0.80718002463461224760
5.6925 0.80489965108969596663
5.6975 0.80321226028155356946
5.7025 0.80146074418103852022
5.7075 0.79922718106058976417
5.7125 0.79686880436118601168
5.7175 0.79431412051221306214
5.7225 0.79191614319955117018
5.7275 0.79047791594601657383
5.7325 0.78940252616432327049
5.7375 0.78806302904733693815
5.7425 0.78677031746769998666
5.7475 0.78589056825887626534
5.7525 0.78540436679837621892
5.7575 0.78524844867509568935
5.7625 0.78553405296590572693
5.7675 0.78617547681498867185
5.7725 0.78687775745240273739
5.7775 0.78785356932301808808
5.7825 0.78948048100720591425
5.7875 0.79111629695770846471
5.7925 0.79241374017517185457
5.7975 0.79402738239361037031
5.8025 0.79549971525230323000
5.8075 0.79674162263453629507
5.8125 0.79803502674159021435
5.8175 0.79852508033356761619
5.8225 0.79851673461234229379
5.8275 0.79849287616307329518
5.8325 0.79807870334397745804
5.8375 0.79744932321426131860
5.8425 0.79684798408138246550
5.8475 0.79547806179841018537
5.8525 0.79380386957223958433
5.8575 0.79232262038124612324
5.8625 0.79065891266880394816
5.8675 0.78822053227390664887
5.8725 0.78503159355989993173
5.8775 0.78212737981996149905
5.8825 0.77953261435492504638
5.8875 0.77703267603591352763
5.8925 0.77440598524485537713
5.8975 0.77163400503749168813
5.9025 0.76904922373101813893
5.9075 0.76636577090335400442
5.9125 0.76357170340566815625
5.9175 0.76071788115601990388
5.9225 0.75767473577097799176
5.9275 0.75450073746270440722
5.9325 0.75181096881370723661
5.9375 0.74985351774589359408
5.9425 0.74763035180620385223
5.9475 0.74486472759451105574
5.9525 0.74167011374807978452
5.9575 0.73838109357245318431
5.9625 0.73545156720555349139
5.9675 0.73320397016324412309
5.9725 0.73141013713341018754
5.9775 0.72952827553588528442
5.9825 0.72771347110735840058
5.9875 0.72611714226612267264
5.9925 0.72526969221513726271
5.9975 0.72491088692110139391
6.0025 0.72435602996819592470
6.0075 0.72386259585312706655
6.0125 0.72360772512767645992
6.0175 0.72416596760742990568
6.0225 0.72521424145767399150
6.0275 0.72659643459318712377
6.0325 0.72821716890445353787
6.0375 0.72982178818270126985
6.0425 0.73149849784693776744
6.0475 0.73294148101365697023
6.0525 0.73427936485016764845
6.0575 0.73585579286023905521
6.0625 0.73762177039454790428
6.0675 0.73908971907495046860
6.0725 0.74058240501188865590
6.0775 0.74269813505077919569
6.0825 0.74491758235465643789
6.0875 0.74633617303233390494
6.0925 0.74730399654928003628
6.0975 0.74860988166221031914
6.1025 0.74988958663795046711
6.1075 0.75075101202208882611
6.1125 0.75111450495324172394
6.1175 0.75152674540254038593
6.1225 0.75283764700351551991
6.1275 0.75472748671347822391
6.1325 0.75627207206043456367
6.1375 0.75766785488022014849
6.1425 0.75896006664332449354
6.1475 0.76013126813763765011
6.1525 0.76133552309038354799
6.1575 0.76258306384579044312
6.1625 0.76407392987274413976
6.1675 0.76573561521738842117
6.1725 0.76697807907644999226
6.1775 0.76786577556660018384
6.1825 0.76938894905644716893
6.1875 0.77162839251923953654
6.1925 0.77371858330070242271
6.1975 0.77521670379981266752
6.2025 0.77636786953124481414
6.2075 0.77743864027638343028
6.2125 0.77879935039562009358
6.2175 0.78054419286576437464
6.2225 0.78256062629102884909
6.2275 0.78445938111902635548
6.2325 0.78616873334926762329
6.2375 0.78797429466150503696
6.2425 0.79056313370332875756
6.2475 0.79333745939362898536
6.2525 0.79587763049488824407
6.2575 0.79858378881298897056
6.2625 0.80125268630435242390
6.2675 0.80413736697802473685
6.2725 0.80720914303320834282
6.2775 0.81004028398852290227
6.2825 0.81325124432828577170
6.2875 0.81715378484264000747
6.2925 0.82132457933484315227
6.2975 0.82546595011203371950
6.3025 0.82936351310861045061
6.3075 0.83304783406347648889
6.3125 0.83720744029944615949
6.3175 0.84187753477522364598
6.3225 0.84606391566477301414
6.3275 0.85021163675104138857
6.3325 0.85457456525828157101
6.3375 0.85905218447906162016
6.3425 0.86408728206948293149
6.3475 0.86992867046173472101
6.3525 0.87583656409791621478
6.3575 0.88067966898468008630
6.3625 0.88430277636334875258
6.3675 0.88762648845646552331
6.3725 0.89174855133263530860
6.3775 0.89665922284880550386
6.3825 0.90208872680208695982
6.3875 0.90718837327455692510
6.3925 0.91134390925088792912
6.3975 0.91508710738741316781
6.4025 0.91897477358720791596
6.4075 0.92289257109290623315
6.4125 0.92687767081991900842
6.4175 0.93063540676731060231
6.4225 0.93366600592153592419
6.4275 0.93681887816519116008
6.4325 0.94027277184060598092
6.4375 0.94251805804341692863
6.4425 0.94432753946537029144
6.4475 0.94684370797516759222
6.4525 0.94959855275910309835
6.4575 0.95162640004593046505
6.4625 0.95378332406750987449
6.4675 0.95599552675569587912
6.4725 0.95739046337419320132
6.4775 0.95838498420241691189
6.4825 0.95953458658255397218
6.4875 0.96075951131416281736
6.4925 0.96187899033176915697
6.4975 0.96321178257312700666
6.5025 0.96411458021561191600
6.5075 0.96356584628510877355
6.5125 0.96248620452849931173
6.5175 0.96259698772202240136
6.5225 0.96372655548661578795
6.5275 0.96489961991568851118
6.5325 0.96582527483405233859
6.5375 0.96634763753159347299
6.5425 0.96583015790581139282
6.5475 0.96442197183440270258
6.5525 0.96285552430399079515
6.5575 0.96210198668065127769
6.5625 0.96155317738794954252
6.5675 0.96101473799227421502
6.5725 0.96081072867475381116
6.5775 0.96007713536829830669
6.5825 0.95920754603396285454
6.5875 0.95850140631411329117
6.5925 0.95687779998409960847
6.5975 0.95361523231252109944
6.6025 0.94995661531831299129
6.6075 0.94659345156697383139
6.6125 0.94358747285791744197
6.6175 0.94147982266683216679
6.6225 0.93929236168593632783
6.6275 0.93576616969161152682
6.6325 0.93093597825674001545
6.6375 0.92637830023428480164
6.6425 0.92275223307838993847
6.6475 0.91940098373864442838
6.6525 0.91507486452350794703
6.6575 0.90913702109872995827
6.6625 0.90225922344629905236
6.6675 0.89577080076064929948
6.6725 0.89018155674038912384
6.6775 0.88411007885563230868
6.6825 0.87687872543819100901
6.6875 0.86974968097447458160
6.6925 0.86238185150013790814
6.6975 0.85449063438259753589
6.7025 0.84624803918704138983
6.7075 0.83813143908644527347
6.7125 0.83060042213193896465
6.7175 0.82281541204971930803
6.7225 0.81432542009629926838
6.7275 0.80557208510181588235
6.7325 0.79700303377302317287
6.7375 0.78828684022329720271
6.7425 0.78013946573805648121
6.7475 0.77236236389041257322
6.7525 0.76446514105554719265
6.7575 0.75703784928309003632
6.7625 0.74981494929970027297
6.7675 0.74204932274238433187
6.7725 0.73439135138067113129
6.7775 0.72733500889016722279
6.7825 0.72035790147047717991
6.7875 0.71328713999799819856
6.7925 0.70624388147082783895
6.7975 0.69895294602003488205
6.8025 0.69183919743124089319
6.8075 0.68514445012825653247
6.8125 0.67845053808385380467
6.8175 0.67180875157143227216
6.8225 0.66561640929135446054
6.8275 0.65980238269416902064
6.8325 0.65408390439164643126
6.8375 0.64822169487939795829
6.8425 0.64219737731958581595
6.8475 0.63666845945167738208
6.8525 0.63158761700397703098
6.8575 0.62675540925938066916
6.8625 0.62235740536526829025
6.8675 0.61807893707515970672
6.8725 0.61346680007495379972
6.8775 0.60848158180053013577
6.8825 0.60364118623921492190
6.8875 0.59955579611046083688
6.8925 0.59584723961175645179
6.8975 0.59192056287717464969
6.9025 0.58786640279994728520
6.9075 0.58414970679120137298
6.9125 0.58081179366519819496
6.9175 0.57789577792042534643
6.9225 0.57572220221600012291
6.9275 0.57422288330749915453
6.9325 0.57280196307709696502
6.9375 0.57113599518454072346
6.9425 0.56969941718420424870
6.9475 0.56885989240606193995
6.9525 0.56814567811299121480
6.9575 0.56737838018127217943
6.9625 0.56695282147370562598
6.9675 0.56685980072328623347
6.9725 0.56707612416519848075
6.9775 0.56759753960385239679
6.9825 0.56815893909323533784
6.9875 0.56838672983957216900
6.9925 0.56846298288615282335
6.9975 0.56900797489514487459
7.0025 0.56996915198975761641
7.0075 0.57092956977578868116
7.0125 0.57211264624758173536
7.0175 0.57443077267050812740
7.0225 0.57772330553894435390
7.0275 0.58065240715350463496
7.0325 0.58300715164164285120
7.0375 0.58558197605245398965
7.0425 0.58860568101777455130
7.0475 0.59182833927006517349
7.0525 0.59513363674484298649
7.0575 0.59830835887488342806
7.0625 0.60129634381993091186
7.0675 0.60455912805067346660
7.0725 0.60831648455636910811
7.0775 0.61223183244577317197
7.0825 0.61595938266459671073
7.0875 0.61897373974484048986
7.0925 0.62177612552011263247
7.0975 0.62509658724293959420
7.1025 0.62873042229638120837
7.1075 0.63273827434727247798
7.1125 0.63690730648832272198
7.1175 0.64081469100518162474
7.1225 0.64504764163222449991
7.1275 0.64975748710793990170
7.1325 0.65456715070428228564
7.1375 0.65942927676742102427
7.1425 0.66455584508413823031
7.1475 0.67037548838859883915
7.1525 0.67655713673633000038
7.1575 0.68289683713945026344
7.1625 0.68989144561022264224
7.1675 0.69736079316553911678
7.1725 0.70497035016594444823
7.1775 0.71298313636893051459
7.1825 0.72119564750398035269
7.1875 0.73006655061534386775
7.1925 0.73963064059984284793
7.1975 0.74912692624147347864
7.2025 0.75884136032108229220
7.2075 0.76913785407167845065
7.2125 0.77941585066403296089
7.2175 0.79018220110881487450
7.2225 0.80196020142133461750
7.2275 0.81399748345015199291
7.2325 0.82583095214786328420
7.2375 0.83806199201528464027
7.2425 0.85083536362724543345
7.2475 0.86392439869528692142
7.2525 0.87704000819138805412
7.2575 0.89073633552100661692
7.2625 0.90444983447080196104
7.2675 0.91736155220526538479
7.2725 0.92997544414589206063
7.2775 0.94306835125906740558
7.2825 0.95665782272491572957
7.2875 0.97030692067231993914
7.2925 0.98313828456199092720
7.2975 0.99568352891244882308
7.3025 1.00858726209985083422
7.3075 1.02149427588268482125
7.3125 1.03411482394070608493
7.3175 1.04690749289669970956
7.3225 1.06020557208617072220
7.3275 1.07401993542154450267
7.3325 1.08848817052523627602
7.3375 1.10321388140325660210
7.3425 1.11801123727546447562
7.3475 1.13292625196415719380
7.3525 1.14856962120671490801
7.3575 1.16406249904599468081
7.3625 1.17934329188732145433
7.3675 1.19561999786412531677
7.3725 1.21158331956104747817
7.3775 1.22790266607967391010
7.3825 1.24595113692381809223
7.3875 1.26455898755222317931
7.3925 1.28391181737283077702
7.3975 1.30370615363017838817
7.4025 1.32162137834291559813
7.4075 1.33875103642648918267
7.4125 1.35730173151290789413
7.4175 1.37458985159428292988
7.4225 1.39064716966270474074
7.4275 1.40814032561840152269
7.4325 1.42536184249378528044
7.4375 1.44115430882812267654
7.4425 1.45445857475952244897
7.4475 1.46407849617804997067
7.4525 1.46979291160899028235
7.4575 1.47227165290435846323
7.4625 1.47258309099042006274
7.4675 1.46879661526161608975
7.4725 1.46241065955590698877
7.4775 1.45291364981492154840
7.4825 1.43988899303610651259
7.4875 1.42388573900752857249
7.4925 1.40586750753750355791
7.4975 1.38560031594497745644
7.5025 1.36503592518362881769
7.5075 1.34467750870610847080
7.5125 1.32138657374138324130
7.5175 1.29623593330120900902
7.5225 1.26929066406583546112
7.5275 1.24312584426041561336
7.5325 1.21876039136192715340
7.5375 1.19456022602892009132
7.5425 1.16883510249634192668
7.5475 1.14241476268227959423
7.5525 1.11716007942972650469
7.5575 1.09359755910035483240
7.5625 1.07043661787369104310
7.5675 1.04723854430855634057
7.5725 1.02340407621406126459
7.5775 0.99907707273994394992
7.5825 0.97538179679940240074
7.5875 0.95291214903943444181
7.5925 0.93084436192092578910
7.5975 0.90902610493836921712
7.6025 0.88774328621697939923
7.6075 0.86682453959551908351
7.6125 0.84631154467567937250
7.6175 0.82616039218125936205
7.6225 0.80668728931769895230
7.6275 0.78705316147660897563
7.6325 0.76691471355141727084
7.6375 0.74709574611047957493
7.6425 0.72863697365825941255
7.6475 0.71120295895462104507
7.6525 0.69427859088192034331
7.6575 0.67743443234201827785
7.6625 0.66042976650738127731
7.6675 0.64350893037575473965
7.6725 0.62716424664398562339
7.6775 0.61160241702712891954
7.6825 0.59695139690960485890
7.6875 0.58319307918723295447
7.6925 0.57002174965210372637
7.6975 0.55710521658162703851
7.7025 0.54424761704031754395
7.7075 0.53152218438327125671
7.7125 0.51955485856502481301
7.7175 0.50823531593260851125
7.7225 0.49726934546911227830
7.7275 0.48667357749713630044
7.7325 0.47634009514698194554
7.7375 0.46631916504543158286
7.7425 0.45672833426066389295
7.7475 0.44748614790933544105
7.7525 0.43846847397426269577
7.7575 0.42955954043630945050
7.7625 0.42065568775204453811
7.7675 0.41217011373367495874
7.7725 0.40425715307518461650
7.7775 0.39670564534054286732
7.7825 0.38934075935867096252
7.7875 0.38209829985158988430
7.7925 0.37500063282763124173
7.7975 0.36805638057074802072
7.8025 0.36140951124588971410
7.8075 0.35519280205019038155
7.8125 0.34931242819564012336
7.8175 0.34378898016742831523
7.8225 0.33871090325453134806
7.8275 0.33394343040803398104
7.8325 0.32932630329160672567
7.8375 0.32503317024124583901
7.8425 0.32116927813904666555
7.8475 0.31754326411241345918
7.8525 0.31413834112495059303
7.8575 0.31115835916039152886
7.8625 0.30850147222568230498
7.8675 0.30598992617562853491
7.8725 0.30356859298044119866
7.8775 0.30124078839752138625
7.8825 0.29901607303525307158
7.8875 0.29692733554300376753
7.8925 0.29499216842910025438
7.8975 0.29339579958230171952
7.9025 0.29210070757502942795
7.9075 0.29086358472722745327
7.9125 0.28971505818415527189
7.9175 0.28875497450917481101
7.9225 0.28798971260454320209
7.9275 0.28743569218704623225
7.9325 0.28714404752915878571
7.9375 0.28716862970874901251
7.9425 0.28739567594297110720
7.9475 0.28774808071912638674
7.9525 0.28833657874981838409
7.9575 0.28924016398254892568
7.9625 0.29045396094194808612
7.9675 0.29187574353518219716
7.9725 0.29361921450110423093
7.9775 0.29573852137713085853
7.9825 0.29804381943793634147
7.9875 0.30059617499624907699
7.9925 0.30359059204239985386
7.9975 0.30693263264159059700
8.0025 0.31061868398065672903
8.0075 0.31460858977882960597
8.0125 0.31882617914576405482
8.0175 0.32330861696706547637
8.0225 0.32799881991608842435
8.0275 0.33299404164665896699
8.0325 0.33842617748354680840
8.0375 0.34414410634918274345
8.0425 0.35018773427975130597
8.0475 0.35672227520713334359
8.0525 0.36362847489163735437
8.0575 0.37066786456150835338
8.0625 0.37782744395965178752
8.0675 0.38526639931022105268
8.0725 0.39301165462765363934
8.0775 0.40106009283838217616
8.0825 0.40956628332362443601
8.0875 0.41837837654519038910
8.0925 0.42743379883545806752
8.0975 0.43676247212565155742
8.1025 0.44648562948670678097
8.1075 0.45682076253920261832
8.1125 0.46745817636356862268
8.1175 0.47814201449860338489
8.1225 0.48916873410077632567
8.1275 0.50088213824581218070
8.1325 0.51320037560124931453
8.1375 0.52599141603752908036
8.1425 0.53927208850161534315
8.1475 0.55320456075600954460
8.1525 0.56774634991380223958
8.1575 0.58299893534785518501
8.1625 0.59937307748557655529
8.1675 0.61646193651402514391
8.1725 0.63440993757250929708
8.1775 0.65381536247461369271
8.1825 0.67475315645798650266
8.1875 0.69710383941756437487
8.1925 0.72078949826375005028
8.1975 0.74552422748956248544
8.2025 0.77134977776652191572
8.2075 0.79874874740779633342
8.2125 0.82869440826859441795
8.2175 0.86114215005421523852
8.2225 0.89598466804073928493
8.2275 0.93315667091863829796
8.2325 0.97285451389644495013
8.2375 1.01567584314762537900
8.2425 1.06193775022258551921
8.2475 1.11072918054168190416
8.2525 1.16161949192116886742
8.2575 1.21510257473901117642
8.2625 1.27018319236803489680
8.2675 1.32720860091369474709
8.2725 1.38710031511388254266
8.2775 1.44884591066258994196
8.2825 1.51192902504552351139
8.2875 1.57661699037143310242
8.2925 1.64279746156149419889
8.2975 1.71072902106662061428
8.3025 1.78214626693945743519
8.3075 1.85539701529631240184
8.3125 1.92870137987994727524
8.3175 2.00303436823744362982
8.3225 2.07874520991993838592
8.3275 2.15643523931523839465
8.3325 2.23452449304062650270
8.3375 2.31213465345490076785
8.3425 2.39094617276422605201
8.3475 2.47078015363577785379
8.3525 2.54979944924520873784
8.3575 2.62597278652907473173
8.3625 2.70027599668221141016
8.3675 2.77511247669148808370
8.3725 2.84748026951554633612
8.3775 2.91409013569131802868
8.3825 2.97700339173495098777
8.3875 3.03566153369620561620
8.3925 3.08875737809006079004
8.3975 3.13686367734738702495
8.4025 3.17499208796324916548
8.4075 3.20274973513939054115
8.4125 3.21768999484131246192
8.4175 3.22119211455484588669
8.4225 3.21415936012122038790
8.4275 3.19016449128422063808
8.4325 3.14345610230005334529
8.4375 3.07303761269765729480
8.4425 2.98315020827777166446
8.4475 2.87608910130079031831
8.4525 2.74746009716582983984
8.4575 2.59587924857100871279
8.4625 2.41903308412308559738
8.4675 2.20619180152989402544
8.4725 1.99104743944271023182
8.4775 1.81654524495841163123
8.4825 1.65772574402694283791
8.4875 1.48069582787045228578
8.4925 1.28275511383892060202
8.4975 1.07922899027166052655
8.5025 0.88483501697515265505
8.5075 0.70883450341408160700
8.5125 0.55504319003448787662
8.5175 0.42346561630857237901
8.5225 0.31392150408441010789
8.5275 0.22574794722721330809
8.5325 0.15679573708772920337
8.5375 0.10472446517674031952
8.5425 0.06706051588618630599
8.5475 0.04095448234812016503
8.5525 0.02372881441648188802
8.5575 0.01298219574904981716
8.5625 0.00666818116820800440
8.5675 0.00319607898388975719
8.5725 0.00142278027032722047
8.5775 0.00058504304092110682
8.5825 0.00022082726998040052
8.5875 0.00007605414748350750
8.5925 0.00002375731733339325
8.5975 0.00000668746350911891
8.6025 0.00000000000000000000
8.6075 0.00000000000000000000
8.6125 0.00000000000000000000
8.6175 0.00000000000000000000
8.6225 0.00000000000000000000
8.6275 0.00000000000000000000
8.6325 0.00000000000000000000
8.6375 0.00000000000000000000
8.6425 0.00000000000000000000
8.6475 0.00000000000000000000
8.6525 0.00000000000000000000
8.6575 0.00000000000000000000
8.6625 0.00000000000000000000
8.6675 0.00000000000000000000
8.6725 0.00000000000000000000
8.6775 0.00000000000000000000
8.6825 0.00000000000000000000
8.6875 0.00000000000000000000
8.6925 0.00000000000000000000
8.6975 0.00000000000000000000
8.7025 0.00000000000000000000
8.7075 0.00000000000000000000
8.7125 0.00000000000000000000
8.7175 0.00000000000000000000
8.7225 0.00000000000000000000
8.7275 0.00000000000000000000
8.7325 0.00000000000000000000
8.7375 0.00000000000000000000
8.7425 0.00000000000000000000
8.7475 0.00000000000000000000
8.7525 0.00000000000000000000
8.7575 0.00000000000000000000
8.7625 0.00000000000000000000
8.7675 0.00000000000000000000
8.7725 0.00000000000000000000
8.7775 0.00000000000000000000
8.7825 0.00000000000000000000
8.7875 0.00000000000000000000
8.7925 0.00000000000000000000
8.7975 0.00000000000000000000
8.8025 0.00000000000000000000
8.8075 0.00000000000000000000
8.8125 0.00000000000000000000
8.8175 0.00000000000000000000
8.8225 0.00000000000000000000
8.8275 0.00000000000000000000
8.8325 0.00000000000000000000
8.8375 0.00000000000000000000
8.8425 0.00000000000000000000
8.8475 0.00000000000000000000
8.8525 0.00000000000000000000
8.8575 0.00000000000000000000
8.8625 0.00000000000000000000
8.8675 0.00000000000000000000
8.8725 0.00000000000000000000
8.8775 0.00000000000000000000
8.8825 0.00000000000000000000
8.8875 0.00000000000000000000
8.8925 0.00000000000000000000
8.8975 0.00000000000000000000
8.9025 0.00000000000000000000
8.9075 0.00000000000000000000
8.9125 0.00000000000000000000
8.9175 0.00000000000000000000
8.9225 0.00000000000000000000
8.9275 0.00000000000000000000
8.9325 0.00000000000000000000
8.9375 0.00000000000000000000
8.9425 0.00000000000000000000
8.9475 0.00000000000000000000
8.9525 0.00000000000000000000
8.9575 0.00000000000000000000
8.9625 0.00000000000000000000
8.9675 0.00000000000000000000
8.9725 0.00000000000000000000
8.9775 0.00000000000000000000
8.9825 0.00000000000000000000
8.9875 0.00000000000000000000
8.9925 0.00000000000000000000
8.9975 0.00000000000000000000
9.0025 0.00000000000000000000
9.0075 0.00000000000000000000
9.0125 0.00000000000000000000
9.0175 0.00000000000000000000
9.0225 0.00000000000000000000
9.0275 0.00000000000000000000
9.0325 0.00000000000000000000
9.0375 0.00000000000000000000
9.0425 0.00000000000000000000
9.0475 0.00000000000000000000
9.0525 0.00000000000000000000
9.0575 0.00000000000000000000
9.0625 0.00000000000000000000
9.0675 0.00000000000000000000
9.0725 0.00000000000000000000
9.0775 0.00000000000000000000
9.0825 0.00000000000000000000
9.0875 0.00000000000000000000
9.0925 0.00000000000000000000
9.0975 0.00000000000000000000
9.1025 0.00000000000000000000
9.1075 0.00000000000000000000
9.1125 0.00000000000000000000
9.1175 0.00000000000000000000
9.1225 0.00000000000000000000
9.1275 0.00000000000000000000
9.1325 0.00000000000000000000
9.1375 0.00000000000000000000
9.1425 0.00000000000000000000
9.1475 0.00000000000000000000
9.1525 0.00000000000000000000
9.1575 0.00000000000000000000
9.1625 0.00000000000000000000
9.1675 0.00000000000000000000
9.1725 0.00000000000000000000
9.1775 0.00000000000000000000
9.1825 0.00000000000000000000
9.1875 0.00000000000000000000
9.1925 0.00000000000000000000
9.1975 0.00000000000000000000
9.2025 0.00000000000000000000
9.2075 0.00000000000000000000
9.2125 0.00000000000000000000
9.2175 0.00000000000000000000
9.2225 0.00000000000000000000
9.2275 0.00000000000000000000
9.2325 0.00000000000000000000
9.2375 0.00000000000000000000
9.2425 0.00000000000000000000
9.2475 0.00000000000000000000
9.2525 0.00000000000000000000
9.2575 0.00000000000000000000
9.2625 0.00000000000000000000
9.2675 0.00000000000000000000
9.2725 0.00000000000000000000
9.2775 0.00000000000000000000
9.2825 0.00000000000000000000
9.2875 0.00000000000000000000
9.2925 0.00000000000000000000
9.2975 0.00000000000000000000
9.3025 0.00000000000000000000
9.3075 0.00000000000000000000
9.3125 0.00000000000000000000
9.3175 0.00000000000000000000
9.3225 0.00000000000000000000
9.3275 0.00000000000000000000
9.3325 0.00000000000000000000
9.3375 0.00000000000000000000
9.3425 0.00000000000000000000
9.3475 0.00000000000000000000
9.3525 0.00000000000000000000
9.3575 0.00000000000000000000
9.3625 0.00000000000000000000
9.3675 0.00000000000000000000
9.3725 0.00000000000000000000
9.3775 0.00000000000000000000
9.3825 0.00000000000000000000
9.3875 0.00000000000000000000
9.3925 0.00000000000000000000
9.3975 0.00000000000000000000
9.4025 0.00000000000000000000
9.4075 0.00000000000000000000
9.4125 0.00000000000000000000
9.4175 0.00000000000000000000
9.4225 0.00000000000000000000
9.4275 0.00000000000000000000
9.4325 0.00000000000000000000
9.4375 0.00000000000000000000
9.4425 0.00000000000000000000
9.4475 0.00000000000000000000
9.4525 0.00000000000000000000
9.4575 0.00000000000000000000
9.4625 0.00000000000000000000
9.4675 0.00000000000000000000
9.4725 0.00000000000000000000
9.4775 0.00000000000000000000
9.4825 0.00000000000000000000
9.4875 0.00000000000000000000
9.4925 0.00000000000000000000
9.4975 0.00000000000000000000
9.5025 0.00000000000000000000
9.5075 0.00000000000000000000
9.5125 0.00000000000000000000
9.5175 0.00000000000000000000
9.5225 0.00000000000000000000
9.5275 0.00000000000000000000
9.5325 0.00000000000000000000
9.5375 0.00000000000000000000
9.5425 0.00000000000000000000
9.5475 0.00000000000000000000
9.5525 0.00000000000000000000
9.5575 0.00000000000000000000
9.5625 0.00000000000000000000
9.5675 0.00000000000000000000
9.5725 0.00000000000000000000
9.5775 0.00000000000000000000
9.5825 0.00000000000000000000
9.5875 0.00000000000000000000
9.5925 0.00000000000000000000
9.5975 0.00000000000000000000
9.6025 0.00000000000000000000
9.6075 0.00000000000000000000
9.6125 0.00000000000000000000
9.6175 0.00000000000000000000
9.6225 0.00000000000000000000
9.6275 0.00000000000000000000
9.6325 0.00000000000000000000
9.6375 0.00000000000000000000
9.6425 0.00000000000000000000
9.6475 0.00000000000000000000
9.6525 0.00000000000000000000
9.6575 0.00000000000000000000
9.6625 0.00000000000000000000
9.6675 0.00000000000000000000
9.6725 0.00000000000000000000
9.6775 0.00000000000000000000
9.6825 0.00000000000000000000
9.6875 0.00000000000000000000
9.6925 0.00000000000000000000
9.6975 0.00000000000000000000
9.7025 0.00000000000000000000
9.7075 0.00000000000000000000
9.7125 0.00000000000000000000
9.7175 0.00000000000000000000
9.7225 0.00000000000000000000
9.7275 0.00000000000000000000
9.7325 0.00000000000000000000
9.7375 0.00000000000000000000
9.7425 0.00000000000000000000
9.7475 0.00000000000000000000
9.7525 0.00000000000000000000
9.7575 0.00000000000000000000
9.7625 0.00000000000000000000
9.7675 0.00000000000000000000
9.7725 0.00000000000000000000
9.7775 0.00000000000000000000
9.7825 0.00000000000000000000
9.7875 0.00000000000000000000
9.7925 0.00000000000000000000
9.7975 0.00000000000000000000
9.8025 0.00000000000000000000
9.8075 0.00000000000000000000
9.8125 0.00000000000000000000
9.8175 0.00000000000000000000
9.8225 0.00000000000000000000
9.8275 0.00000000000000000000
9.8325 0.00000000000000000000
9.8375 0.00000000000000000000
9.8425 0.00000000000000000000
9.8475 0.00000000000000000000
9.8525 0.00000000000000000000
9.8575 0.00000000000000000000
9.8625 0.00000000000000000000
9.8675 0.00000000000000000000
9.8725 0.00000000000000000000
9.8775 0.00000000000000000000
9.8825 0.00000000000000000000
9.8875 0.00000000000000000000
9.8925 0.00000000000000000000
9.8975 0.00000000000000000000
9.9025 0.00000000000000000000
9.9075 0.00000000000000000000
9.9125 0.00000000000000000000
9.9175 0.00000000000000000000
9.9225 0.00000000000000000000
9.9275 0.00000000000000000000
9.9325 0.00000000000000000000
9.9375 0.00000000000000000000
9.9425 0.00000000000000000000
9.9475 0.00000000000000000000
9.9525 0.00000000000000000000
9.9575 0.00000000000000000000
9.9625 0.00000000000000000000
9.9675 0.00000000000000000000
9.9725 0.00000000000000000000
9.9775 0.00000000000000000000
9.9825 0.00000000000000000000
9.9875 0.00000000000000000000
9.9925 0.00000000000000000000
9.9975 0.00000000000000000000
