xbins rho
0.0025 0.00000000000000000000
0.0075 0.00000000000000000000
0.0125 0.00000000000000000000
0.0175 0.00000000000000000000
0.0225 0.00000000000000000000
0.0275 0.00000000000000000000
0.0325 0.00000000000000000000
0.0375 0.00000000000000000000
0.0425 0.00000000000000000000
0.0475 0.00000000000000000000
0.0525 0.00000000000000000000
0.0575 0.00000000000000000000
0.0625 0.00000000000000000000
0.0675 0.00000000000000000000
0.0725 0.00000000000000000000
0.0775 0.00000000000000000000
0.0825 0.00000000000000000000
0.0875 0.00000000000000000000
0.0925 0.00000000000000000000
0.0975 0.00000000000000000000
0.1025 0.00000000000000000000
0.1075 0.00000000000000000000
0.1125 0.00000000000000000000
0.1175 0.00000000000000000000
0.1225 0.00000000000000000000
0.1275 0.00000000000000000000
0.1325 0.00000000000000000000
0.1375 0.00000000000000000000
0.1425 0.00000000000000000000
0.1475 0.00000000000000000000
0.1525 0.00000000000000000000
0.1575 0.00000000000000000000
0.1625 0.00000000000000000000
0.1675 0.00000000000000000000
0.1725 0.00000000000000000000
0.1775 0.00000000000000000000
0.1825 0.00000000000000000000
0.1875 0.00000000000000000000
0.1925 0.00000000000000000000
0.1975 0.00000000000000000000
0.2025 0.00000000000000000000
0.2075 0.00000000000000000000
0.2125 0.00000000000000000000
0.2175 0.00000000000000000000
0.2225 0.00000000000000000000
0.2275 0.00000000000000000000
0.2325 0.00000000000000000000
0.2375 0.00000000000000000000
0.2425 0.00000000000000000000
0.2475 0.00000000000000000000
0.2525 0.00000000000000000000
0.2575 0.00000000000000000000
0.2625 0.00000000000000000000
0.2675 0.00000000000000000000
0.2725 0.00000000000000000000
0.2775 0.00000000000000000000
0.2825 0.00000000000000000000
0.2875 0.00000000000000000000
0.2925 0.00000000000000000000
0.2975 0.00000000000000000000
0.3025 0.00000000000000000000
0.3075 0.00000000000000000000
0.3125 0.00000000000000000000
0.3175 0.00000000000000000000
0.3225 0.00000000000000000000
0.3275 0.00000000000000000000
0.3325 0.00000000000000000000
0.3375 0.00000000000000000000
0.3425 0.00000000000000000000
0.3475 0.00000000000000000000
0.3525 0.00000000000000000000
0.3575 0.00000000000000000000
0.3625 0.00000000000000000000
0.3675 0.00000000000000000000
0.3725 0.00000000000000000000
0.3775 0.00000000000000000000
0.3825 0.00000000000000000000
0.3875 0.00000000000000000000
0.3925 0.00000000000000000000
0.3975 0.00000000000000000000
0.4025 0.00000000000000000000
0.4075 0.00000000000000000000
0.4125 0.00000000000000000000
0.4175 0.00000000000000000000
0.4225 0.00000000000000000000
0.4275 0.00000000000000000000
0.4325 0.00000000000000000000
0.4375 0.00000000000000000000
0.4425 0.00000000000000000000
0.4475 0.00000000000000000000
0.4525 0.00000000000000000000
0.4575 0.00000000000000000000
0.4625 0.00000000000000000000
0.4675 0.00000000000000000000
0.4725 0.00000000000000000000
0.4775 0.00000000000000000000
0.4825 0.00000000000000000000
0.4875 0.00000000000000000000
0.4925 0.00000000000000000000
0.4975 0.00000000000000000000
0.5025 0.00000000000000000000
0.5075 0.00000000000000000000
0.5125 0.00000000000000000000
0.5175 0.00000000000000000000
0.5225 0.00000000000000000000
0.5275 0.00000000000000000000
0.5325 0.00000000000000000000
0.5375 0.00000000000000000000
0.5425 0.00000000000000000000
0.5475 0.00000000000000000000
0.5525 0.00000000000000000000
0.5575 0.00000000000000000000
0.5625 0.00000000000000000000
0.5675 0.00000000000000000000
0.5725 0.00000000000000000000
0.5775 0.00000000000000000000
0.5825 0.00000000000000000000
0.5875 0.00000000000000000000
0.5925 0.00000000000000000000
0.5975 0.00000000000000000000
0.6025 0.00000000000000000000
0.6075 0.00000000000000000000
0.6125 0.00000000000000000000
0.6175 0.00000000000000000000
0.6225 0.00000000000000000000
0.6275 0.00000000000000000000
0.6325 0.00000000000000000000
0.6375 0.00000000000000000000
0.6425 0.00000000000000000000
0.6475 0.00000000000000000000
0.6525 0.00000000000000000000
0.6575 0.00000000000000000000
0.6625 0.00000000000000000000
0.6675 0.00000000000000000000
0.6725 0.00000000000000000000
0.6775 0.00000000000000000000
0.6825 0.00000000000000000000
0.6875 0.00000000000000000000
0.6925 0.00000000000000000000
0.6975 0.00000000000000000000
0.7025 0.00000000000000000000
0.7075 0.00000000000000000000
0.7125 0.00000000000000000000
0.7175 0.00000000000000000000
0.7225 0.00000000000000000000
0.7275 0.00000000000000000000
0.7325 0.00000000000000000000
0.7375 0.00000000000000000000
0.7425 0.00000000000000000000
0.7475 0.00000000000000000000
0.7525 0.00000000000000000000
0.7575 0.00000000000000000000
0.7625 0.00000000000000000000
0.7675 0.00000000000000000000
0.7725 0.00000000000000000000
0.7775 0.00000000000000000000
0.7825 0.00000000000000000000
0.7875 0.00000000000000000000
0.7925 0.00000000000000000000
0.7975 0.00000000000000000000
0.8025 0.00000000000000000000
0.8075 0.00000000000000000000
0.8125 0.00000000000000000000
0.8175 0.00000000000000000000
0.8225 0.00000000000000000000
0.8275 0.00000000000000000000
0.8325 0.00000000000000000000
0.8375 0.00000000000000000000
0.8425 0.00000000000000000000
0.8475 0.00000000000000000000
0.8525 0.00000000000000000000
0.8575 0.00000000000000000000
0.8625 0.00000000000000000000
0.8675 0.00000000000000000000
0.8725 0.00000000000000000000
0.8775 0.00000000000000000000
0.8825 0.00000000000000000000
0.8875 0.00000000000000000000
0.8925 0.00000000000000000000
0.8975 0.00000000000000000000
0.9025 0.00000000000000000000
0.9075 0.00000000000000000000
0.9125 0.00000000000000000000
0.9175 0.00000000000000000000
0.9225 0.00000000000000000000
0.9275 0.00000000000000000000
0.9325 0.00000000000000000000
0.9375 0.00000000000000000000
0.9425 0.00000000000000000000
0.9475 0.00000000000000000000
0.9525 0.00000000000000000000
0.9575 0.00000000000000000000
0.9625 0.00000000000000000000
0.9675 0.00000000000000000000
0.9725 0.00000000000000000000
0.9775 0.00000000000000000000
0.9825 0.00000000000000000000
0.9875 0.00000000000000000000
0.9925 0.00000000000000000000
0.9975 0.00000000000000000000
1.0025 0.00000000000000000000
1.0075 0.00000000000000000000
1.0125 0.00000000000000000000
1.0175 0.00000000000000000000
1.0225 0.00000000000000000000
1.0275 0.00000000000000000000
1.0325 0.00000000000000000000
1.0375 0.00000000000000000000
1.0425 0.00000000000000000000
1.0475 0.00000000000000000000
1.0525 0.00000000000000000000
1.0575 0.00000000000000000000
1.0625 0.00000000000000000000
1.0675 0.00000000000000000000
1.0725 0.00000000000000000000
1.0775 0.00000000000000000000
1.0825 0.00000000000000000000
1.0875 0.00000000000000000000
1.0925 0.00000000000000000000
1.0975 0.00000000000000000000
1.1025 0.00000000000000000000
1.1075 0.00000000000000000000
1.1125 0.00000000000000000000
1.1175 0.00000000000000000000
1.1225 0.00000000000000000000
1.1275 0.00000000000000000000
1.1325 0.00000000000000000000
1.1375 0.00000000000000000000
1.1425 0.00000000000000000000
1.1475 0.00000000000000000000
1.1525 0.00000000000000000000
1.1575 0.00000000000000000000
1.1625 0.00000000000000000000
1.1675 0.00000000000000000000
1.1725 0.00000000000000000000
1.1775 0.00000000000000000000
1.1825 0.00000000000000000000
1.1875 0.00000000000000000000
1.1925 0.00000000000000000000
1.1975 0.00000000000000000000
1.2025 0.00000000000000000000
1.2075 0.00000000000000000000
1.2125 0.00000000000000000000
1.2175 0.00000000000000000000
1.2225 0.00000000000000000000
1.2275 0.00000000000000000000
1.2325 0.00000000000000000000
1.2375 0.00000000000000000000
1.2425 0.00000000000000000000
1.2475 0.00000000000000000000
1.2525 0.00000000000000000000
1.2575 0.00000000000000000000
1.2625 0.00000000000000000000
1.2675 0.00000000000000000000
1.2725 0.00000000000000000000
1.2775 0.00000000000000000000
1.2825 0.00000000000000000000
1.2875 0.00000000000000000000
1.2925 0.00000000000000000000
1.2975 0.00000000000000000000
1.3025 0.00000000000000000000
1.3075 0.00000000000000000000
1.3125 0.00000000000000000000
1.3175 0.00000000000000000000
1.3225 0.00000000000000000000
1.3275 0.00000000000000000000
1.3325 0.00000000000000000000
1.3375 0.00000000000000000000
1.3425 0.00000000000000000000
1.3475 0.00000000000000000000
1.3525 0.00000000000000000000
1.3575 0.00000000000000000000
1.3625 0.00000000000000000000
1.3675 0.00000000000000000000
1.3725 0.00000000000000000000
1.3775 0.00000000000000000000
1.3825 0.00000000000000000000
1.3875 0.00000000000000000000
1.3925 0.00000000000000000000
1.3975 0.00000000000000000000
1.4025 0.00000000000000000000
1.4075 0.00000203449779461228
1.4125 0.00000654834789336123
1.4175 0.00001916863845122106
1.4225 0.00005141667038594018
1.4275 0.00012725464508691397
1.4325 0.00029245657276335895
1.4375 0.00062777643583527773
1.4425 0.00126543368171185911
1.4475 0.00240719799239310066
1.4525 0.00434107165281139365
1.4575 0.00745265004678462555
1.4625 0.01222702769663538969
1.4675 0.01923787683504934662
1.4725 0.02912200254898454285
1.4775 0.04253996960430184160
1.4825 0.06012583629474824859
1.4875 0.08243133640049458977
1.4925 0.10987165294732956222
1.4975 0.14267967713893728310
1.5025 0.18087558589218244443
1.5075 0.22425576670337954432
1.5125 0.27240133913257719156
1.5175 0.32470450315436349964
1.5225 0.38040705510148192792
1.5275 0.43864477447927807674
1.5325 0.49849328670506382055
1.5375 0.55900873188675503922
1.5425 0.61926435028543991290
1.5475 0.67838060463839555680
1.5525 0.73554740136730156763
1.5575 0.79004231790964807303
1.5625 0.84124354776466514494
1.5675 0.88863771168609939632
1.5725 0.93182398611280869982
1.5775 0.97051400082714489592
1.5825 1.00452787794162690105
1.5875 1.03378745146088291129
1.5925 1.05830614825388957811
1.5975 1.07817841937723879475
1.6025 1.09356582721990336360
1.6075 1.10468466142973609223
1.6125 1.11179231822460278245
1.6175 1.11517583282994614535
1.6225 1.11514018198141040550
1.6275 1.11199907578505619021
1.6325 1.10606650734178502127
1.6375 1.09765005245496594100
1.6425 1.08704597261600599545
1.6475 1.07453560159107452954
1.6525 1.06038250879891027267
1.6575 1.04483102295395635650
1.6625 1.02810631026691812195
1.6675 1.01041333115797060671
1.6725 0.99193858307464166657
1.6775 0.97285036547868963819
1.6825 0.95330022159884841848
1.6875 0.93342423137535768252
1.6925 0.91334412048711055565
1.6975 0.89316798621024362514
1.7025 0.87299217673650075788
1.7075 0.85290173573958771858
1.7125 0.83297065523392144204
1.7175 0.81326349709281164913
1.7225 0.79383575968821051827
1.7275 0.77473428905783714438
1.7325 0.75599839455854966896
1.7375 0.73766045404584279499
1.7425 0.71974604778272421868
1.7475 0.70227501757062638088
1.7525 0.68526221695270661538
1.7575 0.66871737054386448662
1.7625 0.65264627612341663543
1.7675 0.63705072507269489002
1.7725 0.62192944575394237816
1.7775 0.60727878990367678558
1.7825 0.59309267507029150845
1.7875 0.57936345385237941752
1.7925 0.56608272519858360283
1.7975 0.55324095694551500557
1.8025 0.54082880244061992681
1.8075 0.52883615252743565449
1.8125 0.51725336245422193215
1.8175 0.50607069862657916293
1.8225 0.49527857881529974149
1.8275 0.48486706891804726149
1.8325 0.47482676488245079138
1.8375 0.46514759147929596317
1.8425 0.45581951216776289693
1.8475 0.44683263523446070664
1.8525 0.43817660102929739674
1.8575 0.42984118736340781730
1.8625 0.42181606741239685565
1.8675 0.41409083121663720073
1.8725 0.40665517649792842780
1.8775 0.39949873166168031746
1.8825 0.39261129032307290343
1.8875 0.38598262618658807366
1.8925 0.37960289039747374673
1.8975 0.37346251970216781668
1.9025 0.36755218105419157348
1.9075 0.36186325876173303095
1.9125 0.35638734451660442071
1.9175 0.35111716900586381618
1.9225 0.34604545867367009215
1.9275 0.34116594771573127698
1.9325 0.33647264738050652877
1.9375 0.33196001410512815388
1.9425 0.32762252492796589687
1.9475 0.32345501963167694326
1.9525 0.31945214790640019675
1.9575 0.31560860062830586870
1.9625 0.31191889713043313703
1.9675 0.30837750209094266785
1.9725 0.30497887965664766119
1.9775 0.30171736797004478081
1.9825 0.29858749497470471468
1.9875 0.29558395058223124741
1.9925 0.29270152685680134175
1.9975 0.28993530456010507823
2.0025 0.28728059458455140751
2.0075 0.28473298904165572631
2.0125 0.28228841910291202488
2.0175 0.27994311271330252211
2.0225 0.27769353875918806329
2.0275 0.27553662456317562501
2.0325 0.27346938986888819079
2.0375 0.27148936764827930057
2.0425 0.26959410685390111651
2.0475 0.26778148070695245719
2.0525 0.26604964229875494031
2.0575 0.26439663482550795903
2.0625 0.26282081830083409146
2.0675 0.26132058773357946801
2.0725 0.25989449536906195082
2.0775 0.25854099222548776460
2.0825 0.25725882588006232510
2.0875 0.25604666149235955075
2.0925 0.25490330999964105896
2.0975 0.25382763709119426920
2.1025 0.25281840900395652350
2.1075 0.25187464486477717518
2.1125 0.25099507948394955692
2.1175 0.25017875869791622589
2.1225 0.24942443922453955141
2.1275 0.24873108368454105443
2.1325 0.24809737062252171236
2.1375 0.24752202651470395223
2.1425 0.24700380052487733162
2.1475 0.24654107576538936142
2.1525 0.24613254696698150248
2.1575 0.24577658634045507213
2.1625 0.24547160188262712177
2.1675 0.24521608406784745071
2.1725 0.24500853602346983617
2.1775 0.24484758675281789730
2.1825 0.24473200476432108164
2.1875 0.24466071537090228194
2.1925 0.24463279754262262644
2.1975 0.24464747142713369477
2.2025 0.24470399747457627360
2.2075 0.24480164171777682447
2.2125 0.24493983227630358734
2.2175 0.24511780016662065851
2.2225 0.24533469661247608862
2.2275 0.24558960838203941490
2.2325 0.24588161466956093282
2.2375 0.24620972608965485673
2.2425 0.24657294541768129403
2.2475 0.24697043872829796407
2.2525 0.24740144808866801340
2.2575 0.24786554879286443187
2.2625 0.24836235973116355114
2.2675 0.24889197192266840353
2.2725 0.24945469928094468615
2.2775 0.25005087765335354266
2.2825 0.25068115191797318841
2.2875 0.25134633797674765798
2.2925 0.25204716445172009598
2.2975 0.25278439364425175917
2.3025 0.25355862642227788850
2.3075 0.25437042952495636516
2.3125 0.25522006794733004265
2.3175 0.25610774329953162054
2.3225 0.25703343023882629925
2.3275 0.25799683625372304974
2.3325 0.25899753035224004627
2.3375 0.26003502203843281704
2.3425 0.26110854056065813111
2.3475 0.26221740549025335243
2.3525 0.26336072682640876419
2.3575 0.26453761130227587683
2.3625 0.26574733501074271347
2.3675 0.26698914757164887712
2.3725 0.26826257178515316992
2.3775 0.26956729958207675812
2.3825 0.27090330944141505221
2.3875 0.27227080395515818045
2.3925 0.27367025950903572928
2.3975 0.27510246802760007778
2.4025 0.27656830804718313122
2.4075 0.27806879182176297283
2.4125 0.27960498046767645608
2.4175 0.28117794213889946153
2.4225 0.28278864598127922969
2.4275 0.28443782416024360193
2.4325 0.28612613811612419568
2.4375 0.28785373338592334935
2.4425 0.28962055391698959816
2.4475 0.29142602872224676602
2.4525 0.29326919005098228688
2.4575 0.29514835230558283952
2.4625 0.29706132723341971413
2.4675 0.29900534604688733253
2.4725 0.30097693290380250764
2.4775 0.30297229158517874348
2.4825 0.30498694332965836651
2.4875 0.30701635024414603015
2.4925 0.30905578333659261547
2.4975 0.31110050863552413114
2.5025 0.31314619064442489327
2.5075 0.31518866841308501581
2.5125 0.31722432497992053557
2.5175 0.31924985616783002618
2.5225 0.32126238305525456340
2.5275 0.32325940336046804502
2.5325 0.32523829396427128557
2.5375 0.32719656434788024768
2.5425 0.32913165735626864761
2.5475 0.33104056399364800711
2.5525 0.33292005066693597382
2.5575 0.33476632166868691698
2.5625 0.33657544873790179452
2.5675 0.33834309338040741144
2.5725 0.34006469501622627050
2.5775 0.34173580660450270097
2.5825 0.34335207840013254321
2.5875 0.34490896243739355143
2.5925 0.34640235203546643206
2.5975 0.34782836416339152352
2.6025 0.34918328876885290635
2.6075 0.35046369057418824688
2.6125 0.35166629260445309013
2.6175 0.35278819950965195629
2.6225 0.35382698968214615354
2.6275 0.35478069331993566937
2.6325 0.35564806415219513136
2.6375 0.35642860272632237439
2.6425 0.35712267285073984180
2.6475 0.35773158007676647552
2.6525 0.35825713669479419821
2.6575 0.35870194237580182994
2.6625 0.35906890003196173522
2.6675 0.35936111818292343356
2.6725 0.35958170194945970888
2.6775 0.35973362316630275171
2.6825 0.35981961315881932917
2.6875 0.35984207275036167450
2.6925 0.35980311170637185869
2.6975 0.35970448839447766165
2.7025 0.35954759132941321864
2.7075 0.35933383451959582944
2.7125 0.35906421590118786646
2.7175 0.35873988239577664361
2.7225 0.35836207765136079972
2.7275 0.35793196815626127094
2.7325 0.35745117873065757053
2.7375 0.35692140848671277675
2.7425 0.35634469152072678622
2.7475 0.35572338062919645063
2.7525 0.35506008484609391518
2.7575 0.35435783716803609389
2.7625 0.35361970827256039573
2.7675 0.35284895819479078494
2.7725 0.35204887318573374611
2.7775 0.35122281105795483125
2.7825 0.35037375325944547511
2.7875 0.34950464995899188647
2.7925 0.34861794161961306981
2.7975 0.34771586378727492583
2.8025 0.34680053738256294560
2.8075 0.34587379453691713405
2.8125 0.34493748217903641429
2.8175 0.34399337907121907421
2.8225 0.34304345910076683435
2.8275 0.34208971954456318665
2.8325 0.34113421626554540911
2.8375 0.34017913994756965312
2.8425 0.33922645285862579323
2.8475 0.33827787707718365295
2.8525 0.33733496126060918963
2.8575 0.33639892841697421888
2.8625 0.33547053272775817501
2.8675 0.33455014415817424522
2.8725 0.33363780271431864310
2.8775 0.33273312360036516599
2.8825 0.33183559357717101745
2.8875 0.33094464149967117716
2.8925 0.33005934698728173204
2.8975 0.32917917930082085665
2.9025 0.32830347502280560201
2.9075 0.32743183163384104173
2.9125 0.32656401547299362953
2.9175 0.32569990953517530263
2.9225 0.32483969987004229774
2.9275 0.32398373624272469584
2.9325 0.32313264479759951087
2.9375 0.32228708521989396507
2.9425 0.32144786439053807392
2.9475 0.32061605526685932332
2.9525 0.31979257727162530012
2.9575 0.31897848219589869379
2.9625 0.31817449213800252927
2.9675 0.31738135441806619719
2.9725 0.31659942892717923835
2.9775 0.31582892100585546746
2.9825 0.31506962537526533863
2.9875 0.31432123604232004022
2.9925 0.31358304743770226697
2.9975 0.31285448291280071320
3.0025 0.31213484352093401331
3.0075 0.31142350580164646079
3.0125 0.31072001937718896070
3.0175 0.31002407303598555899
3.0225 0.30933566151852948112
3.0275 0.30865491607716688538
3.0325 0.30798210368046308183
3.0375 0.30731773155629893424
3.0425 0.30666235038888417508
3.0475 0.30601666291039741896
3.0525 0.30538125469950616608
3.0575 0.30475671276808413701
3.0625 0.30414374844265157360
3.0675 0.30354267294879511141
3.0725 0.30295393816797444586
3.0775 0.30237761352943709481
3.0825 0.30181378104360989667
3.0875 0.30126226496164965063
3.0925 0.30072282492463575654
3.0975 0.30019505976315008500
3.1025 0.29967851220936320145
3.1075 0.29917287752280341540
3.1125 0.29867766859883332353
3.1175 0.29819274872074391647
3.1225 0.29771795073233520146
3.1275 0.29725321249575714644
3.1325 0.29679863485980173543
3.1375 0.29635443849087195201
3.1425 0.29592087117747040148
3.1475 0.29549817579427933856
3.1525 0.29508677009717287909
3.1575 0.29468688684384958254
3.1625 0.29429886098240870540
3.1675 0.29392306923255673290
3.1725 0.29355984735007417674
3.1775 0.29320945047319924015
3.1825 0.29287229358452387951
3.1875 0.29254875265524182826
3.1925 0.29223909860022651008
3.1975 0.29194364019213542294
3.2025 0.29166259018082085763
3.2075 0.29139613716193707438
3.2125 0.29114429084975240736
3.2175 0.29090698692591659968
3.2225 0.29068402902255774389
3.2275 0.29047510406817333983
3.2325 0.29027973845611043657
3.2375 0.29009745841154455093
3.2425 0.28992760730200534125
3.2475 0.28976954513210950726
3.2525 0.28962262265464472355
3.2575 0.28948639439837559051
3.2625 0.28936024889489431189
3.2675 0.28924382184584368494
3.2725 0.28913676254230841201
3.2775 0.28903883074950798004
3.2825 0.28894972581327993399
3.2875 0.28886935194187951526
3.2925 0.28879743767662319209
3.2975 0.28873374274281538021
3.3025 0.28867798976994141213
3.3075 0.28862982899342415344
3.3125 0.28858913661823443197
3.3175 0.28855555662254006588
3.3225 0.28852892457583101393
3.3275 0.28850913081993240228
3.3325 0.28849617168586322302
3.3375 0.28849011810828500968
3.3425 0.28849121625898749288
3.3475 0.28849971317485811895
3.3525 0.28851585521622630237
3.3575 0.28854004039490604994
3.3625 0.28857253458805126600
3.3675 0.28861362459922468293
3.3725 0.28866335616964156063
3.3775 0.28872174683320828148
3.3825 0.28878862065474497633
3.3875 0.28886362023159833923
3.3925 0.28894622641704598154
3.3975 0.28903604548594186152
3.4025 0.28913232758201701245
3.4075 0.28923454473448612090
3.4125 0.28934204939127500245
3.4175 0.28945426100947119208
3.4225 0.28957064547147370881
3.4275 0.28969035560976064136
3.4325 0.28981293997989937550
3.4375 0.28993747841382477848
3.4425 0.29006318179986018135
3.4475 0.29018906694168217220
3.4525 0.29031444260871275276
3.4575 0.29043838421034734454
3.4625 0.29056027023956010336
3.4675 0.29067959240682506028
3.4725 0.29079575902874205129
3.4775 0.29090846762580185869
3.4825 0.29101738492967282879
3.4875 0.29112216241334809563
3.4925 0.29122250694568596607
3.4975 0.29131830630419452977
3.5025 0.29140945507829518757
3.5075 0.29149604740181395135
3.5125 0.29157840500441484233
3.5175 0.29165724014647032014
3.5225 0.29173319146599174800
3.5275 0.29180727882809537332
3.5325 0.29188036095999470021
3.5375 0.29195344613827289848
3.5425 0.29202724779344890749
3.5475 0.29210238431220836297
3.5525 0.29217917694106598780
3.5575 0.29225771650157633674
3.5625 0.29233780483316718080
3.5675 0.29241907234088404532
3.5725 0.29250107520084855928
3.5775 0.29258308485433798252
3.5825 0.29266447575648291135
3.5875 0.29274446998529923825
3.5925 0.29282245793956146462
3.5975 0.29289767669368588221
3.6025 0.29296973346619875622
3.6075 0.29303818800862724281
3.6125 0.29310275310349281908
3.6175 0.29316317031425803696
3.6225 0.29321944919545622765
3.6275 0.29327151619746860689
3.6325 0.29331954575831209464
3.6375 0.29336341231824902831
3.6425 0.29340340167432649165
3.6475 0.29343966427398987529
3.6525 0.29347232058894584528
3.6575 0.29350159906183825864
3.6625 0.29352769069993639439
3.6675 0.29355086401294261389
3.6725 0.29357130426885041929
3.6775 0.29358933182113566840
3.6825 0.29360495575942702207
3.6875 0.29361839868256839337
3.6925 0.29362959291874701773
3.6975 0.29363858856061836322
3.7025 0.29364521805496313078
3.7075 0.29364916727094414473
3.7125 0.29365021889060094473
3.7175 0.29364808888310178769
3.7225 0.29364229773487243724
3.7275 0.29363259390071971833
3.7325 0.29361863973043461629
3.7375 0.29360024454187622078
3.7425 0.29357734418053965664
3.7475 0.29355003898931381068
3.7525 0.29351860774472610105
3.7575 0.29348332544702010471
3.7625 0.29344478214062341692
3.7675 0.29340337278479822203
3.7725 0.29335962725063408074
3.7775 0.29331382182184539964
3.7825 0.29326623318010358599
3.7875 0.29321680439115838102
3.7925 0.29316534900164653576
3.7975 0.29311145459357884624
3.8025 0.29305450478669836656
3.8075 0.29299388613637533663
3.8125 0.29292879611789424121
3.8175 0.29285847345150844978
3.8225 0.29278231053417752561
3.8275 0.29269968065575741045
3.8325 0.29261017160251850955
3.8375 0.29251332653259187744
3.8425 0.29240909328451614169
3.8475 0.29229742348456189127
3.8525 0.29217844091470179801
3.8575 0.29205241473395110452
3.8625 0.29191964907028494780
3.8675 0.29178066799629354122
3.8725 0.29163587307862548492
3.8775 0.29148589263892549228
3.8825 0.29133137009813397933
3.8875 0.29117293654623854771
3.8925 0.29101139018560245875
3.8975 0.29084749385422631329
3.9025 0.29068217036050048030
3.9075 0.29051626543363284760
3.9125 0.29035079162157745314
3.9175 0.29018647082244475310
3.9225 0.29002408703834842152
3.9275 0.28986424088073542427
3.9325 0.28970734031772504835
3.9375 0.28955369218242943408
3.9425 0.28940329135554376805
3.9475 0.28925613931850696625
3.9525 0.28911184745756290937
3.9575 0.28897018069248570082
3.9625 0.28883076661790130224
3.9675 0.28869308640675878097
3.9725 0.28855681363889934543
3.9775 0.28842150554600709533
3.9825 0.28828687575625100425
3.9875 0.28815272618911819125
3.9925 0.28801884956084200518
3.9975 0.28788510301754671739
4.0025 0.28775154266901847855
4.0075 0.28761815848027283415
4.0125 0.28748511430499146257
4.0175 0.28735259812052649231
4.0225 0.28722059476934108657
4.0275 0.28708940786064496287
4.0325 0.28695917148054800316
4.0375 0.28682999431744082841
4.0425 0.28670210302641108147
4.0475 0.28657570704505730408
4.0525 0.28645105224183714521
4.0575 0.28632850539843290871
4.0625 0.28620843438156051697
4.0675 0.28609134420797099896
4.0725 0.28597765278913095388
4.0775 0.28586791181505977200
4.0825 0.28576278567120766416
4.0875 0.28566282028165024265
4.0925 0.28556844310978624080
4.0975 0.28548022932823685638
4.1025 0.28539847775258964102
4.1075 0.28532339736917827766
4.1125 0.28525513285157988452
4.1175 0.28519351693517697166
4.1225 0.28513824919923380641
4.1275 0.28508883303922788466
4.1325 0.28504466765796471206
4.1375 0.28500504874202825523
4.1425 0.28496914518352872703
4.1475 0.28493604916140408134
4.1525 0.28490497825403876542
4.1575 0.28487522891200267594
4.1625 0.28484607076054879737
4.1675 0.28481697078352713470
4.1725 0.28478754877131268186
4.1775 0.28475754463701330454
4.1825 0.28472673897825662159
4.1875 0.28469516084833290659
4.1925 0.28466276194738177052
4.1975 0.28462965645212001675
4.2025 0.28459590095822667744
4.2075 0.28456151152240077851
4.2125 0.28452655867445769688
4.2175 0.28449093408589382070
4.2225 0.28445460774992242792
4.2275 0.28441742806910275121
4.2325 0.28437921762786327884
4.2375 0.28433977961619627539
4.2425 0.28429892658404171124
4.2475 0.28425649643630501728
4.2525 0.28421241979788408605
4.2575 0.28416661526419545458
4.2625 0.28411912027655900070
4.2675 0.28406998907743868932
4.2725 0.28401940166982864167
4.2775 0.28396743692946702087
4.2825 0.28391434618042216131
4.2875 0.28386014261374747925
4.2925 0.28380500107493672468
4.2975 0.28374901932397522675
4.3025 0.28369235744195325788
4.3075 0.28363502977816090755
4.3125 0.28357717606115562248
4.3175 0.28351898653390644744
4.3225 0.28346068164214177632
4.3275 0.28340263986243280359
4.3325 0.28334528246562623588
4.3375 0.28328906529636482814
4.3425 0.28323461595168314409
4.3475 0.28318221821504369062
4.3525 0.28313227150844566538
4.3575 0.28308494940502176851
4.3625 0.28304031329935741557
4.3675 0.28299821566982930054
4.3725 0.28295824290520837918
4.3775 0.28291979492345364910
4.3825 0.28288219841002931743
4.3875 0.28284451058330284390
4.3925 0.28280569688189910460
4.3975 0.28276463953922764683
4.4025 0.28272029153984701288
4.4075 0.28267157007548449066
4.4125 0.28261769678926473848
4.4175 0.28255809123669339833
4.4225 0.28249257753129769499
4.4275 0.28242141278541998961
4.4325 0.28234524713877096058
4.4375 0.28226512015440535786
4.4425 0.28218237007735941235
4.4475 0.28209846934095111903
4.4525 0.28201494891602307824
4.4575 0.28193320296678814341
4.4625 0.28185445976820905356
4.4675 0.28177967914110357839
4.4725 0.28170953038573431915
4.4775 0.28164433915171110945
4.4825 0.28158428358856896212
4.4875 0.28152927571091257430
4.4925 0.28147913256688927852
4.4975 0.28143362161837354174
4.5025 0.28139241817592453021
4.5075 0.28135526251232684247
4.5125 0.28132199780346489604
4.5175 0.28129244552082061093
4.5225 0.28126640398375507557
4.5275 0.28124391998742309662
4.5325 0.28122494788669860633
4.5375 0.28120952676945487614
4.5425 0.28119766532777273893
4.5475 0.28118945015565399714
4.5525 0.28118478988726086643
4.5575 0.28118378395862037022
4.5625 0.28118622555576122668
4.5675 0.28119215316796791759
4.5725 0.28120128258778676056
4.5775 0.28121349814435031567
4.5825 0.28122853184180113262
4.5875 0.28124617406264684760
4.5925 0.28126610585747047200
4.5975 0.28128806898830388539
4.6025 0.28131181412597661140
4.6075 0.28133703516538471900
4.6125 0.28136345718627625567
4.6175 0.28139086320668765806
4.6225 0.28141900262211000383
4.6275 0.28144767271669174358
4.6325 0.28147664059303412198
4.6375 0.28150577349009947570
4.6425 0.28153489923678920448
4.6475 0.28156383224644027097
4.6525 0.28159249063871721885
4.6575 0.28162073725562053461
4.6625 0.28164849109616429956
4.6675 0.28167569206169468243
4.6725 0.28170223498654212158
4.6775 0.28172811539640879586
4.6825 0.28175321847960260735
4.6875 0.28177755332665660459
4.6925 0.28180111326620516099
4.6975 0.28182387511526124646
4.7025 0.28184581221302468235
4.7075 0.28186695229677155572
4.7125 0.28188726371447625496
4.7175 0.28190679778479971196
4.7225 0.28192552638662032871
4.7275 0.28194354236422275450
4.7325 0.28196075505552187224
4.7375 0.28197723716847383768
4.7425 0.28199299330945398756
4.7475 0.28200802502039395980
4.7525 0.28202236788406592760
4.7575 0.28203598197750401333
4.7625 0.28204891622081973424
4.7675 0.28206119770015875003
4.7725 0.28207275680677784679
4.7775 0.28208369425501411687
4.7825 0.28209399381302741050
4.7875 0.28210362578981423853
4.7925 0.28211264961343257562
4.7975 0.28212107553557780326
4.8025 0.28212892380954457394
4.8075 0.28213623676940924323
4.8125 0.28214299553184141178
4.8175 0.28214925190355938378
4.8225 0.28215504068508684421
4.8275 0.28216036890832413286
4.8325 0.28216529338792906145
4.8375 0.28216982879727853240
4.8425 0.28217397026062468468
4.8475 0.28217779887127553140
4.8525 0.28218130993607060120
4.8575 0.28218452951393330208
4.8625 0.28218747911970148978
4.8675 0.28219016008563602149
4.8725 0.28219262148771201426
4.8775 0.28219486573889696057
4.8825 0.28219690854707235594
4.8875 0.28219878342665238868
4.8925 0.28220047111204216161
4.8975 0.28220201553162949093
4.9025 0.28220340463125209718
4.9075 0.28220471030280591673
4.9125 0.28220587466816277056
4.9175 0.28220694774203347599
4.9225 0.28220796268933800999
4.9275 0.28220888579617803282
4.9325 0.28220973840117408171
4.9375 0.28221052804357010801
4.9425 0.28221126043476019163
4.9475 0.28221202151125418522
4.9525 0.28221269366639872844
4.9575 0.28221335979802802951
4.9625 0.28221407380236535056
4.9675 0.28221474923536815638
4.9725 0.28221546573699540783
4.9775 0.28221623056264194540
4.9825 0.28221703194451891461
4.9875 0.28221786248421554255
4.9925 0.28221874122417417441
4.9975 0.28221965359489675773
5.0025 0.28222067270030476438
5.0075 0.28222170240634686378
5.0125 0.28222281356027550947
5.0175 0.28222398227873529697
5.0225 0.28222523926345827183
5.0275 0.28222658314018811421
5.0325 0.28222797793543208389
5.0375 0.28222946545599958412
5.0425 0.28223104941236276666
5.0475 0.28223272317277692256
5.0525 0.28223443898781042094
5.0575 0.28223627796220795982
5.0625 0.28223822652944574596
5.0675 0.28224023604419617994
5.0725 0.28224234420211752328
5.0775 0.28224455580684626455
5.0825 0.28224689977311318012
5.0875 0.28224931297384187046
5.0925 0.28225181246352026854
5.0975 0.28225441421910002493
5.1025 0.28225706936726613350
5.1075 0.28225979543107726499
5.1125 0.28226259005262055446
5.1175 0.28226545399375596590
5.1225 0.28226832035835253132
5.1275 0.28227122935224513434
5.1325 0.28227418384782460015
5.1375 0.28227714729127634241
5.1425 0.28228011895304910839
5.1475 0.28228312419566270464
5.1525 0.28228612678542058800
5.1575 0.28228915618893690720
5.1625 0.28229215645973271265
5.1675 0.28229514079079559563
5.1725 0.28229808640206122128
5.1775 0.28230101528287571133
5.1825 0.28230389183492055061
5.1875 0.28230669131560526264
5.1925 0.28230940867546300277
5.1975 0.28231202485718809303
5.2025 0.28231452803307144350
5.2075 0.28231687042833186752
5.2125 0.28231907701884978446
5.2175 0.28232108956310209003
5.2225 0.28232291769096085066
5.2275 0.28232451619548104560
5.2325 0.28232587677293480288
5.2375 0.28232696772820997655
5.2425 0.28232780072655916381
5.2475 0.28232833698160497704
5.2525 0.28232857999570731833
5.2575 0.28232853523989626110
5.2625 0.28232819274540005283
5.2675 0.28232750936609768422
5.2725 0.28232645932694772073
5.2775 0.28232502818279442414
5.2825 0.28232319039317521625
5.2875 0.28232090479218557855
5.2925 0.28231816218314398359
5.2975 0.28231490225313349285
5.3025 0.28231110558532868104
5.3075 0.28230673715060733420
5.3125 0.28230171071194043453
5.3175 0.28229602302525463875
5.3225 0.28228955655336662733
5.3275 0.28228225389373734489
5.3325 0.28227403678076773419
5.3375 0.28226484270645879615
5.3425 0.28225454350730533326
5.3475 0.28224307475627119501
5.3525 0.28223031017102651052
5.3575 0.28221617182880320840
5.3625 0.28220056057650694248
5.3675 0.28218338751528676545
5.3725 0.28216454524093681488
5.3775 0.28214400954592644410
5.3825 0.28212167409683969188
5.3875 0.28209752221571560149
5.3925 0.28207154072113677090
5.3975 0.28204372982708630913
5.4025 0.28201414515973882713
5.4075 0.28198285580763016167
5.4125 0.28194998703256984873
5.4175 0.28191566523417915802
5.4225 0.28188007958460020719
5.4275 0.28184340327515150504
5.4325 0.28180585573523969645
5.4375 0.28176763815889066533
5.4425 0.28172897899749754780
5.4475 0.28169011379523145600
5.4525 0.28165126799529172086
5.4575 0.28161268984161863527
5.4625 0.28157476226421829235
5.4675 0.28153785753706678241
5.4725 0.28150250006976662576
5.4775 0.28146920702771538458
5.4825 0.28143844525173455917
5.4875 0.28141073531169524813
5.4925 0.28138642361193638708
5.4975 0.28136596990490764236
5.5025 0.28134983657327727880
5.5075 0.28133856012001179359
5.5125 0.28133288486556345953
5.5175 0.28133354477763478085
5.5225 0.28134123767195828858
5.5275 0.28135655535472459121
5.5325 0.28137985364690903944
5.5375 0.28141113639357534515
5.5425 0.28144996063056493263
5.5475 0.28149547592102969196
5.5525 0.28154653748907254585
5.5575 0.28160205304674429394
5.5625 0.28166119772866171633
5.5675 0.28172356544809817880
5.5725 0.28178899879218671787
5.5775 0.28185734191018430028
5.5825 0.28192834317622283979
5.5875 0.28200151511046295250
5.5925 0.28207645791221608311
5.5975 0.28215290936626502560
5.6025 0.28223104866211051744
5.6075 0.28231113379624112047
5.6125 0.28239348997813701336
5.6175 0.28247814854954034214
5.6225 0.28256501818091911415
5.6275 0.28265372364713753361
5.6325 0.28274375732101675318
5.6375 0.28283485606926311862
5.6425 0.28292683009764219015
5.6475 0.28301941823364507034
5.6525 0.28311227078129674872
5.6575 0.28320489189957842591
5.6625 0.28329687391023589127
5.6675 0.28338733693395218305
5.6725 0.28347544422207471282
5.6775 0.28356039445992969883
5.6825 0.28364124380207655918
5.6875 0.28371726018022713767
5.6925 0.28378780502926054252
5.6975 0.28385248126528495050
5.7025 0.28391097177583651812
5.7075 0.28396306118732195234
5.7125 0.28400862642287272308
5.7175 0.28404766454745516979
5.7225 0.28408048240637706616
5.7275 0.28410755562524747653
5.7325 0.28412978311090297812
5.7375 0.28414827061276370923
5.7425 0.28416430891837696215
5.7475 0.28417918642146910990
5.7525 0.28419396474851560397
5.7575 0.28420954484389626682
5.7625 0.28422675374404310356
5.7675 0.28424627922832745863
5.7725 0.28426869096214330002
5.7775 0.28429449751180119188
5.7825 0.28432396224892797498
5.7875 0.28435726238638403540
5.7925 0.28439433012715081839
5.7975 0.28443506630285558812
5.8025 0.28447909632050610851
5.8075 0.28452609275814599865
5.8125 0.28457559858672309971
5.8175 0.28462715658214504666
5.8225 0.28468046963258897275
5.8275 0.28473517036560780369
5.8325 0.28479093936399896281
5.8375 0.28484746975840408156
5.8425 0.28490467638773298020
5.8475 0.28496265282995347778
5.8525 0.28502184914165673568
5.8575 0.28508300911060596716
5.8625 0.28514696051666399423
5.8675 0.28521444200402662483
5.8725 0.28528591067386011026
5.8775 0.28536156667234435780
5.8825 0.28544139366929432988
5.8875 0.28552520082076354724
5.8925 0.28561298672833207446
5.8975 0.28570477466782739917
5.9025 0.28580082783522486878
5.9075 0.28590111371907156457
5.9125 0.28600570481688059044
5.9175 0.28611434422822279444
5.9225 0.28622676411002173635
5.9275 0.28634251462269832977
5.9325 0.28646125939186917186
5.9375 0.28658268146757531758
5.9425 0.28670648423111977365
5.9475 0.28683243143164321998
5.9525 0.28696033360656159061
5.9575 0.28709015554042022211
5.9625 0.28722154008527539526
5.9675 0.28735411094094376327
5.9725 0.28748735713892875632
5.9775 0.28762058381085131575
5.9825 0.28775309444027541428
5.9875 0.28788447453467985726
5.9925 0.28801446624761301019
5.9975 0.28814264005564682591
6.0025 0.28826887006643769906
6.0075 0.28839295077678556156
6.0125 0.28851496141697469122
6.0175 0.28863482743720764168
6.0225 0.28875277331162674255
6.0275 0.28886911802280629269
6.0325 0.28898443989547789590
6.0375 0.28909932916421304805
6.0425 0.28921480550919181907
6.0475 0.28933176867140192323
6.0525 0.28945110008575597460
6.0575 0.28957351952582643939
6.0625 0.28969960140863371123
6.0675 0.28982975482917811005
6.0725 0.28996430251422794511
6.0775 0.29010318164848958311
6.0825 0.29024633926217224822
6.0875 0.29039332332653089441
6.0925 0.29054371005419238339
6.0975 0.29069658498529532542
6.1025 0.29085118440242396787
6.1075 0.29100666510393702335
6.1125 0.29116226718563814613
6.1175 0.29131747544202546418
6.1225 0.29147179790366589680
6.1275 0.29162473570465519135
6.1325 0.29177570085466608685
6.1375 0.29192418163073441395
6.1425 0.29206939100140938415
6.1475 0.29221059896471029971
6.1525 0.29234718885563054647
6.1575 0.29247831143332464476
6.1625 0.29260309070942419618
6.1675 0.29272053394500036072
6.1725 0.29282972215357661039
6.1775 0.29292962505381164862
6.1825 0.29301963322879837071
6.1875 0.29309936836227651336
6.1925 0.29316895812423476864
6.1975 0.29322896309715251739
6.2025 0.29328004618015168781
6.2075 0.29332305585349749411
6.2125 0.29335885599016642278
6.2175 0.29338796900820379721
6.2225 0.29341117064299804262
6.2275 0.29342900935968641019
6.2325 0.29344226573626502885
6.2375 0.29345149904064454782
6.2425 0.29345737646573977209
6.2475 0.29346029817796581707
6.2525 0.29346055059782499841
6.2575 0.29345838635353688195
6.2625 0.29345385530784623418
6.2675 0.29344694314802960422
6.2725 0.29343749149239578555
6.2775 0.29342534426350824761
6.2825 0.29341013919585912095
6.2875 0.29339179533400439048
6.2925 0.29337001214523700243
6.2975 0.29334460135505474598
6.3025 0.29331558265795548701
6.3075 0.29328301590677818833
6.3125 0.29324665939456273644
6.3175 0.29320655029995135177
6.3225 0.29316238406894290502
6.3275 0.29311393862540752187
6.3325 0.29306101039143805931
6.3375 0.29300351041089950366
6.3425 0.29294144047542020060
6.3475 0.29287502013674077128
6.3525 0.29280452029504716593
6.3575 0.29273009569625058068
6.3625 0.29265215355900708882
6.3675 0.29257087393294206601
6.3725 0.29248676869790390942
6.3775 0.29240008148922569386
6.3825 0.29231110489835421262
6.3875 0.29222011327014102422
6.3925 0.29212743900667553776
6.3975 0.29203317592997296570
6.4025 0.29193743307007519183
6.4075 0.29184036854992234655
6.4125 0.29174227319916434809
6.4175 0.29164351361579066158
6.4225 0.29154459744520139219
6.4275 0.29144620485785566188
6.4325 0.29134897304207113544
6.4375 0.29125365395213154152
6.4425 0.29116083217701477226
6.4475 0.29107110352004572640
6.4525 0.29098481778296292344
6.4575 0.29090210568062396801
6.4625 0.29082281976909807319
6.4675 0.29074660078089770154
6.4725 0.29067291818239004986
6.4775 0.29060130337539952228
6.4825 0.29053125422946030065
6.4875 0.29046252452741211370
6.4925 0.29039473009114968871
6.4975 0.29032739118461736716
6.5025 0.29026000083673447749
6.5075 0.29019179892097651807
6.5125 0.29012182011483728106
6.5175 0.29004925004088699669
6.5225 0.28997338583726389727
6.5275 0.28989376745700523585
6.5325 0.28981004872817583973
6.5375 0.28972228431946989158
6.5425 0.28963069781148192972
6.5475 0.28953546650624922831
6.5525 0.28943709639054143734
6.5575 0.28933577813539579360
6.5625 0.28923205335446350306
6.5675 0.28912627073689234347
6.5725 0.28901889234757172087
6.5775 0.28891032044302145110
6.5825 0.28880129941928245341
6.5875 0.28869272303942544733
6.5925 0.28858576683615078107
6.5975 0.28848204519400244550
6.6025 0.28838276623742681304
6.6075 0.28828956861808158196
6.6125 0.28820340493048401953
6.6175 0.28812524855878113295
6.6225 0.28805587202991650431
6.6275 0.28799592485560265853
6.6325 0.28794604274908880415
6.6375 0.28790676740589393745
6.6425 0.28787839290189809471
6.6475 0.28786115988993227210
6.6525 0.28785494287024238069
6.6575 0.28785968297478281563
6.6625 0.28787509351152240633
6.6675 0.28790095797395309773
6.6725 0.28793703364780681708
6.6775 0.28798322448051483224
6.6825 0.28803957210695713131
6.6875 0.28810612781927441572
6.6925 0.28818329343965209954
6.6975 0.28827109867891093087
6.7025 0.28836972724625087316
6.7075 0.28847904143485048056
6.7125 0.28859888248216608586
6.7175 0.28872897775217326588
6.7225 0.28886921181944774650
6.7275 0.28901965612881114209
6.7325 0.28918054528997133579
6.7375 0.28935229164871489882
6.7425 0.28953495252344485511
6.7475 0.28972887001564401332
6.7525 0.28993399742373759942
6.7575 0.29015020819368297911
6.7625 0.29037742039856295762
6.7675 0.29061554942688411218
6.7725 0.29086466695492863010
6.7775 0.29112473214247164277
6.7825 0.29139567687928047413
6.7875 0.29167721046359301740
6.7925 0.29196898576568164341
6.7975 0.29227047354825119729
6.8025 0.29258086353255013945
6.8075 0.29289942514747946412
6.8125 0.29322533628529051652
6.8175 0.29355775770234365796
6.8225 0.29389587384652471336
6.8275 0.29423890249927353580
6.8325 0.29458602432373998115
6.8375 0.29493660210798550159
6.8425 0.29529014132578690344
6.8475 0.29564630703593913763
6.8525 0.29600527684915239890
6.8575 0.29636738356169090025
6.8625 0.29673353560160509179
6.8675 0.29710471626941692413
6.8725 0.29748207109480506727
6.8775 0.29786686651674310067
6.8825 0.29826024059786182541
6.8875 0.29866335024883933214
6.8925 0.29907727239862968993
6.8975 0.29950327407923416079
6.9025 0.29994250776328651442
6.9075 0.30039619420133212291
6.9125 0.30086528142037466393
6.9175 0.30135027242542461456
6.9225 0.30185130838959040034
6.9275 0.30236829934220210703
6.9325 0.30290120449080282228
6.9375 0.30344987808610812685
6.9425 0.30401435852702496376
6.9475 0.30459455644997657231
6.9525 0.30519041032796989654
6.9575 0.30580197742184855869
6.9625 0.30642927352329180080
6.9675 0.30707254813428003226
6.9725 0.30773180229305852063
6.9775 0.30840721535088250205
6.9825 0.30909878185140415852
6.9875 0.30980620157196520070
6.9925 0.31052958688270815291
6.9975 0.31126876010627735347
7.0025 0.31202397790754854423
7.0075 0.31279507101682052506
7.0125 0.31358200016551601719
7.0175 0.31438484906490260506
7.0225 0.31520297763571686334
7.0275 0.31603601844301881796
7.0325 0.31688315108379216944
7.0375 0.31774364741776933707
7.0425 0.31861659601831832100
7.0475 0.31950098946865318483
7.0525 0.32039566768177496492
7.0575 0.32129934717172636827
7.0625 0.32221053435626995087
7.0675 0.32312789411173842291
7.0725 0.32405022419707674164
7.0775 0.32497643301034934149
7.0825 0.32590577523711405927
7.0875 0.32683739762458152711
7.0925 0.32777080230832050800
7.0975 0.32870546612768181127
7.1025 0.32964108177195772242
7.1075 0.33057740643900873634
7.1125 0.33151403898521220048
7.1175 0.33245118815580587679
7.1225 0.33338899000506044823
7.1275 0.33432771787522547191
7.1325 0.33526778381471805668
7.1375 0.33620921085013838470
7.1425 0.33715155097083376878
7.1475 0.33809409550512709020
7.1525 0.33903559837195973437
7.1575 0.33997453447187303555
7.1625 0.34090918276221637839
7.1675 0.34183782444703753045
7.1725 0.34275860732193819125
7.1775 0.34366977878508603306
7.1825 0.34456980960770733358
7.1875 0.34545712332967015712
7.1925 0.34633025558287888757
7.1975 0.34718768567032892713
7.2025 0.34802783932355019214
7.2075 0.34884912263552536604
7.2125 0.34964958649680938363
7.2175 0.35042722196411363322
7.2225 0.35117964050161526446
7.2275 0.35190435083474630451
7.2325 0.35259889972725361185
7.2375 0.35326082832985811200
7.2425 0.35388782489169423595
7.2475 0.35447740880188738366
7.2525 0.35502678164464079869
7.2575 0.35553329542887274206
7.2625 0.35599388199157427914
7.2675 0.35640594880779591369
7.2725 0.35676703007983806559
7.2775 0.35707500768331812413
7.2825 0.35732834103459176767
7.2875 0.35752580626351349036
7.2925 0.35766629731759019828
7.2975 0.35774908409758909844
7.3025 0.35777332105017239927
7.3075 0.35773845552058397557
7.3125 0.35764351344847072900
7.3175 0.35748781145921620928
7.3225 0.35727030671250037397
7.3275 0.35698994530556105165
7.3325 0.35664543495438622012
7.3375 0.35623523234494453016
7.3425 0.35575744218332167046
7.3475 0.35521049410241084532
7.3525 0.35459270515762275622
7.3575 0.35390317162440260157
7.3625 0.35314120947055932520
7.3675 0.35230683687188862896
7.3725 0.35140006511935067968
7.3775 0.35042114050229294930
7.3825 0.34937017929866232002
7.3875 0.34824735342421286877
7.3925 0.34705358402744679314
7.3975 0.34579017959429919626
7.4025 0.34445913626905788618
7.4075 0.34306315176953339208
7.4125 0.34160544524430402902
7.4175 0.34008945406419383017
7.4225 0.33851902697037689061
7.4275 0.33689790466513258593
7.4325 0.33522988027726063898
7.4375 0.33351914429659595962
7.4425 0.33176954251397466900
7.4475 0.32998483672412431966
7.4525 0.32816867597321797145
7.4575 0.32632437895493870972
7.4625 0.32445505563160370599
7.4675 0.32256363869372817188
7.4725 0.32065289110875871970
7.4775 0.31872558459386129970
7.4825 0.31678436516677566104
7.4875 0.31483170760609230365
7.4925 0.31287029227747154003
7.4975 0.31090269618997901091
7.5025 0.30893158058848513292
7.5075 0.30695956641615068650
7.5125 0.30498940452804440548
7.5175 0.30302394737274507275
7.5225 0.30106593621499155855
7.5275 0.29911830490022667250
7.5325 0.29718373066751629930
7.5375 0.29526482063477554885
7.5425 0.29336394006489030506
7.5475 0.29148318441914389254
7.5525 0.28962458874931285013
7.5575 0.28779015439894439776
7.5625 0.28598204619336126120
7.5675 0.28420234302969976659
7.5725 0.28245346515189012626
7.5775 0.28073740853909900927
7.5825 0.27905618365940054737
7.5875 0.27741152567751470315
7.5925 0.27580504615253192968
7.5975 0.27423797114118086959
7.6025 0.27271128308930481232
7.6075 0.27122560523136235444
7.6125 0.26978105300869459349
7.6175 0.26837748532883659580
7.6225 0.26701447555691121272
7.6275 0.26569128035057171244
7.6325 0.26440728980269845305
7.6375 0.26316180213356399342
7.6425 0.26195440756391547010
7.6475 0.26078466013533824208
7.6525 0.25965228022215242065
7.6575 0.25855734115621981095
7.6625 0.25749985031652256051
7.6675 0.25648005207073271139
7.6725 0.25549797139523094947
7.6775 0.25455359374722669186
7.6825 0.25364654553419857530
7.6875 0.25277617071413988059
7.6925 0.25194193682341420315
7.6975 0.25114337573553802141
7.7025 0.25038022986884200805
7.7075 0.24965230885916839254
7.7125 0.24895979464158429773
7.7175 0.24830268321195494985
7.7225 0.24768131749922531193
7.7275 0.24709592399747878910
7.7325 0.24654724801774205445
7.7375 0.24603597806417759619
7.7425 0.24556290361490382135
7.7475 0.24512906373695778073
7.7525 0.24473542024590566601
7.7575 0.24438310923115516560
7.7625 0.24407310113444305455
7.7675 0.24380649357057329607
7.7725 0.24358428672469631393
7.7775 0.24340719226713414258
7.7825 0.24327616964511464270
7.7875 0.24319193476997305603
7.7925 0.24315500365209827272
7.7975 0.24316596236609297477
7.8025 0.24322537828683726824
7.8075 0.24333358069667943013
7.8125 0.24349092736322186514
7.8175 0.24369762914173642709
7.8225 0.24395406930859997452
7.8275 0.24426012001444122324
7.8325 0.24461587541775267618
7.8375 0.24502107433362835254
7.8425 0.24547557206863593326
7.8475 0.24597917239882216567
7.8525 0.24653203566156542403
7.8575 0.24713443283155123176
7.8625 0.24778719542702465350
7.8675 0.24849151077172346169
7.8725 0.24924937724971765740
7.8775 0.25006275885476070275
7.8825 0.25093377644146014349
7.8875 0.25186481205830429930
7.8925 0.25285779391198476285
7.8975 0.25391451967412836943
7.9025 0.25503640855332188053
7.9075 0.25622483887156666249
7.9125 0.25748086353647053892
7.9175 0.25880562242070903611
7.9225 0.26020009874432192820
7.9275 0.26166530772246271441
7.9325 0.26320231210588485027
7.9375 0.26481200441585045491
7.9425 0.26649493409174995762
7.9475 0.26825149256373204132
7.9525 0.27008222035092077640
7.9575 0.27198735428671116932
7.9625 0.27396710345965874511
7.9675 0.27602235728526142156
7.9725 0.27815353206058324176
7.9775 0.28036158988453679930
7.9825 0.28264754062187957828
7.9875 0.28501249143649792783
7.9925 0.28745790878260507606
7.9975 0.28998552891325007907
8.0025 0.29259786875698184927
8.0075 0.29529812437039354434
8.0125 0.29809056623623669813
8.0175 0.30097990611570302200
8.0225 0.30397135316154560991
8.0275 0.30707028791147511493
8.0325 0.31028240450340183187
8.0375 0.31361352572852974063
8.0425 0.31706978651411615866
8.0475 0.32065747089070117948
8.0525 0.32438306824313462018
8.0575 0.32825300061121237549
8.0625 0.33227413005072070629
8.0675 0.33645352230650904524
8.0725 0.34079878284728898352
8.0775 0.34531774920722635436
8.0825 0.35001868170090250088
8.0875 0.35491030333993295320
8.0925 0.36000092058800564621
8.0975 0.36529923543635844929
8.1025 0.37081368334317516000
8.1075 0.37655318726332226431
8.1125 0.38252714449948177489
8.1175 0.38874514771340368258
8.1225 0.39521731539395804633
8.1275 0.40195423033282734471
8.1325 0.40896670199836065995
8.1375 0.41626610756844717454
8.1425 0.42386422762246350748
8.1475 0.43177387056325999826
8.1525 0.44000846118830982956
8.1575 0.44858236491591552131
8.1625 0.45751018623634098770
8.1675 0.46680641717462539875
8.1725 0.47648493728043445072
8.1775 0.48655873512530922742
8.1825 0.49704040496995166576
8.1875 0.50794173905514916623
8.1925 0.51927385305134987625
8.1975 0.53104779518311662212
8.2025 0.54327372746704982731
8.2075 0.55596066057027182516
8.2125 0.56911652222156050573
8.2175 0.58274747823544137404
8.2225 0.59685823331746812315
8.2275 0.61145156748041662453
8.2325 0.62652830762314626334
8.2375 0.64208835344750647689
8.2425 0.65812920350083359278
8.2475 0.67464704032134514833
8.2525 0.69163562780170639854
8.2575 0.70908596454023620215
8.2625 0.72698568873544999747
8.2675 0.74531860034540442506
8.2725 0.76406446784838710773
8.2775 0.78319712660734697174
8.2825 0.80268396467112457238
8.2875 0.82248434171194995113
8.2925 0.84254878307814262683
8.2975 0.86281778605243830693
8.3025 0.88322046366814788154
8.3075 0.90367443352969301085
8.3125 0.92408322052378688571
8.3175 0.94433562434456397305
8.3225 0.96430284737262228489
8.3275 0.98383699137662272705
8.3325 1.00277015217769926991
8.3375 1.02091447584203276477
8.3425 1.03806182999767027120
8.3475 1.05398438194852550609
8.3525 1.06843761343240317707
8.3575 1.08115975318510071368
8.3625 1.09187428722981971774
8.3675 1.10029231945595595832
8.3725 1.10611488745135400080
8.3775 1.10903720673036443323
8.3825 1.10875414379705228285
8.3875 1.10496755397009738253
8.3925 1.09739506447362145103
8.3975 1.08577991511677574010
8.4025 1.06990332372678831341
8.4075 1.04959518727750333866
8.4125 1.02474760370218787031
8.4175 0.99532562629519216735
8.4225 0.96137728472304129212
8.4275 0.92303863623288084916
8.4325 0.88052910276372953202
8.4375 0.83413857751251707651
8.4425 0.78420792309453091207
8.4475 0.73111599762998324969
8.4525 0.67528507143393323719
8.4575 0.61721495540351012377
8.4625 0.55753724540304161472
8.4675 0.49706433305924818677
8.4725 0.43680196574768731521
8.4775 0.37790437649123620467
8.4825 0.32156675436237958099
8.4875 0.26887949744148786912
8.4925 0.22069894888433216895
8.4975 0.17759208579093055391
8.5025 0.13985923756678095287
8.5075 0.10758391157833330221
8.5125 0.08066223012706119633
8.5175 0.05881551184801204341
8.5225 0.04160885276648952635
8.5275 0.02848703382200459822
8.5325 0.01882259014515228271
8.5375 0.01196689562440278985
8.5425 0.00729692111201249785
8.5475 0.00425222596902305808
8.5525 0.00235906641005068432
8.5575 0.00124077960047615709
8.5625 0.00061589253732008127
8.5675 0.00028709499628033780
8.5725 0.00012500397448271731
8.5775 0.00005054328464604304
8.5825 0.00001885756733344670
8.5875 0.00000644745343366817
8.5925 0.00000000000000000000
8.5975 0.00000000000000000000
8.6025 0.00000000000000000000
8.6075 0.00000000000000000000
8.6125 0.00000000000000000000
8.6175 0.00000000000000000000
8.6225 0.00000000000000000000
8.6275 0.00000000000000000000
8.6325 0.00000000000000000000
8.6375 0.00000000000000000000
8.6425 0.00000000000000000000
8.6475 0.00000000000000000000
8.6525 0.00000000000000000000
8.6575 0.00000000000000000000
8.6625 0.00000000000000000000
8.6675 0.00000000000000000000
8.6725 0.00000000000000000000
8.6775 0.00000000000000000000
8.6825 0.00000000000000000000
8.6875 0.00000000000000000000
8.6925 0.00000000000000000000
8.6975 0.00000000000000000000
8.7025 0.00000000000000000000
8.7075 0.00000000000000000000
8.7125 0.00000000000000000000
8.7175 0.00000000000000000000
8.7225 0.00000000000000000000
8.7275 0.00000000000000000000
8.7325 0.00000000000000000000
8.7375 0.00000000000000000000
8.7425 0.00000000000000000000
8.7475 0.00000000000000000000
8.7525 0.00000000000000000000
8.7575 0.00000000000000000000
8.7625 0.00000000000000000000
8.7675 0.00000000000000000000
8.7725 0.00000000000000000000
8.7775 0.00000000000000000000
8.7825 0.00000000000000000000
8.7875 0.00000000000000000000
8.7925 0.00000000000000000000
8.7975 0.00000000000000000000
8.8025 0.00000000000000000000
8.8075 0.00000000000000000000
8.8125 0.00000000000000000000
8.8175 0.00000000000000000000
8.8225 0.00000000000000000000
8.8275 0.00000000000000000000
8.8325 0.00000000000000000000
8.8375 0.00000000000000000000
8.8425 0.00000000000000000000
8.8475 0.00000000000000000000
8.8525 0.00000000000000000000
8.8575 0.00000000000000000000
8.8625 0.00000000000000000000
8.8675 0.00000000000000000000
8.8725 0.00000000000000000000
8.8775 0.00000000000000000000
8.8825 0.00000000000000000000
8.8875 0.00000000000000000000
8.8925 0.00000000000000000000
8.8975 0.00000000000000000000
8.9025 0.00000000000000000000
8.9075 0.00000000000000000000
8.9125 0.00000000000000000000
8.9175 0.00000000000000000000
8.9225 0.00000000000000000000
8.9275 0.00000000000000000000
8.9325 0.00000000000000000000
8.9375 0.00000000000000000000
8.9425 0.00000000000000000000
8.9475 0.00000000000000000000
8.9525 0.00000000000000000000
8.9575 0.00000000000000000000
8.9625 0.00000000000000000000
8.9675 0.00000000000000000000
8.9725 0.00000000000000000000
8.9775 0.00000000000000000000
8.9825 0.00000000000000000000
8.9875 0.00000000000000000000
8.9925 0.00000000000000000000
8.9975 0.00000000000000000000
9.0025 0.00000000000000000000
9.0075 0.00000000000000000000
9.0125 0.00000000000000000000
9.0175 0.00000000000000000000
9.0225 0.00000000000000000000
9.0275 0.00000000000000000000
9.0325 0.00000000000000000000
9.0375 0.00000000000000000000
9.0425 0.00000000000000000000
9.0475 0.00000000000000000000
9.0525 0.00000000000000000000
9.0575 0.00000000000000000000
9.0625 0.00000000000000000000
9.0675 0.00000000000000000000
9.0725 0.00000000000000000000
9.0775 0.00000000000000000000
9.0825 0.00000000000000000000
9.0875 0.00000000000000000000
9.0925 0.00000000000000000000
9.0975 0.00000000000000000000
9.1025 0.00000000000000000000
9.1075 0.00000000000000000000
9.1125 0.00000000000000000000
9.1175 0.00000000000000000000
9.1225 0.00000000000000000000
9.1275 0.00000000000000000000
9.1325 0.00000000000000000000
9.1375 0.00000000000000000000
9.1425 0.00000000000000000000
9.1475 0.00000000000000000000
9.1525 0.00000000000000000000
9.1575 0.00000000000000000000
9.1625 0.00000000000000000000
9.1675 0.00000000000000000000
9.1725 0.00000000000000000000
9.1775 0.00000000000000000000
9.1825 0.00000000000000000000
9.1875 0.00000000000000000000
9.1925 0.00000000000000000000
9.1975 0.00000000000000000000
9.2025 0.00000000000000000000
9.2075 0.00000000000000000000
9.2125 0.00000000000000000000
9.2175 0.00000000000000000000
9.2225 0.00000000000000000000
9.2275 0.00000000000000000000
9.2325 0.00000000000000000000
9.2375 0.00000000000000000000
9.2425 0.00000000000000000000
9.2475 0.00000000000000000000
9.2525 0.00000000000000000000
9.2575 0.00000000000000000000
9.2625 0.00000000000000000000
9.2675 0.00000000000000000000
9.2725 0.00000000000000000000
9.2775 0.00000000000000000000
9.2825 0.00000000000000000000
9.2875 0.00000000000000000000
9.2925 0.00000000000000000000
9.2975 0.00000000000000000000
9.3025 0.00000000000000000000
9.3075 0.00000000000000000000
9.3125 0.00000000000000000000
9.3175 0.00000000000000000000
9.3225 0.00000000000000000000
9.3275 0.00000000000000000000
9.3325 0.00000000000000000000
9.3375 0.00000000000000000000
9.3425 0.00000000000000000000
9.3475 0.00000000000000000000
9.3525 0.00000000000000000000
9.3575 0.00000000000000000000
9.3625 0.00000000000000000000
9.3675 0.00000000000000000000
9.3725 0.00000000000000000000
9.3775 0.00000000000000000000
9.3825 0.00000000000000000000
9.3875 0.00000000000000000000
9.3925 0.00000000000000000000
9.3975 0.00000000000000000000
9.4025 0.00000000000000000000
9.4075 0.00000000000000000000
9.4125 0.00000000000000000000
9.4175 0.00000000000000000000
9.4225 0.00000000000000000000
9.4275 0.00000000000000000000
9.4325 0.00000000000000000000
9.4375 0.00000000000000000000
9.4425 0.00000000000000000000
9.4475 0.00000000000000000000
9.4525 0.00000000000000000000
9.4575 0.00000000000000000000
9.4625 0.00000000000000000000
9.4675 0.00000000000000000000
9.4725 0.00000000000000000000
9.4775 0.00000000000000000000
9.4825 0.00000000000000000000
9.4875 0.00000000000000000000
9.4925 0.00000000000000000000
9.4975 0.00000000000000000000
9.5025 0.00000000000000000000
9.5075 0.00000000000000000000
9.5125 0.00000000000000000000
9.5175 0.00000000000000000000
9.5225 0.00000000000000000000
9.5275 0.00000000000000000000
9.5325 0.00000000000000000000
9.5375 0.00000000000000000000
9.5425 0.00000000000000000000
9.5475 0.00000000000000000000
9.5525 0.00000000000000000000
9.5575 0.00000000000000000000
9.5625 0.00000000000000000000
9.5675 0.00000000000000000000
9.5725 0.00000000000000000000
9.5775 0.00000000000000000000
9.5825 0.00000000000000000000
9.5875 0.00000000000000000000
9.5925 0.00000000000000000000
9.5975 0.00000000000000000000
9.6025 0.00000000000000000000
9.6075 0.00000000000000000000
9.6125 0.00000000000000000000
9.6175 0.00000000000000000000
9.6225 0.00000000000000000000
9.6275 0.00000000000000000000
9.6325 0.00000000000000000000
9.6375 0.00000000000000000000
9.6425 0.00000000000000000000
9.6475 0.00000000000000000000
9.6525 0.00000000000000000000
9.6575 0.00000000000000000000
9.6625 0.00000000000000000000
9.6675 0.00000000000000000000
9.6725 0.00000000000000000000
9.6775 0.00000000000000000000
9.6825 0.00000000000000000000
9.6875 0.00000000000000000000
9.6925 0.00000000000000000000
9.6975 0.00000000000000000000
9.7025 0.00000000000000000000
9.7075 0.00000000000000000000
9.7125 0.00000000000000000000
9.7175 0.00000000000000000000
9.7225 0.00000000000000000000
9.7275 0.00000000000000000000
9.7325 0.00000000000000000000
9.7375 0.00000000000000000000
9.7425 0.00000000000000000000
9.7475 0.00000000000000000000
9.7525 0.00000000000000000000
9.7575 0.00000000000000000000
9.7625 0.00000000000000000000
9.7675 0.00000000000000000000
9.7725 0.00000000000000000000
9.7775 0.00000000000000000000
9.7825 0.00000000000000000000
9.7875 0.00000000000000000000
9.7925 0.00000000000000000000
9.7975 0.00000000000000000000
9.8025 0.00000000000000000000
9.8075 0.00000000000000000000
9.8125 0.00000000000000000000
9.8175 0.00000000000000000000
9.8225 0.00000000000000000000
9.8275 0.00000000000000000000
9.8325 0.00000000000000000000
9.8375 0.00000000000000000000
9.8425 0.00000000000000000000
9.8475 0.00000000000000000000
9.8525 0.00000000000000000000
9.8575 0.00000000000000000000
9.8625 0.00000000000000000000
9.8675 0.00000000000000000000
9.8725 0.00000000000000000000
9.8775 0.00000000000000000000
9.8825 0.00000000000000000000
9.8875 0.00000000000000000000
9.8925 0.00000000000000000000
9.8975 0.00000000000000000000
9.9025 0.00000000000000000000
9.9075 0.00000000000000000000
9.9125 0.00000000000000000000
9.9175 0.00000000000000000000
9.9225 0.00000000000000000000
9.9275 0.00000000000000000000
9.9325 0.00000000000000000000
9.9375 0.00000000000000000000
9.9425 0.00000000000000000000
9.9475 0.00000000000000000000
9.9525 0.00000000000000000000
9.9575 0.00000000000000000000
9.9625 0.00000000000000000000
9.9675 0.00000000000000000000
9.9725 0.00000000000000000000
9.9775 0.00000000000000000000
9.9825 0.00000000000000000000
9.9875 0.00000000000000000000
9.9925 0.00000000000000000000
9.9975 0.00000000000000000000
