xbins rho
0.0025 0.00000000000000000000
0.0075 0.00000000000000000000
0.0125 0.00000000000000000000
0.0175 0.00000000000000000000
0.0225 0.00000000000000000000
0.0275 0.00000000000000000000
0.0325 0.00000000000000000000
0.0375 0.00000000000000000000
0.0425 0.00000000000000000000
0.0475 0.00000000000000000000
0.0525 0.00000000000000000000
0.0575 0.00000000000000000000
0.0625 0.00000000000000000000
0.0675 0.00000000000000000000
0.0725 0.00000000000000000000
0.0775 0.00000000000000000000
0.0825 0.00000000000000000000
0.0875 0.00000000000000000000
0.0925 0.00000000000000000000
0.0975 0.00000000000000000000
0.1025 0.00000000000000000000
0.1075 0.00000000000000000000
0.1125 0.00000000000000000000
0.1175 0.00000000000000000000
0.1225 0.00000000000000000000
0.1275 0.00000000000000000000
0.1325 0.00000000000000000000
0.1375 0.00000000000000000000
0.1425 0.00000000000000000000
0.1475 0.00000000000000000000
0.1525 0.00000000000000000000
0.1575 0.00000000000000000000
0.1625 0.00000000000000000000
0.1675 0.00000000000000000000
0.1725 0.00000000000000000000
0.1775 0.00000000000000000000
0.1825 0.00000000000000000000
0.1875 0.00000000000000000000
0.1925 0.00000000000000000000
0.1975 0.00000000000000000000
0.2025 0.00000000000000000000
0.2075 0.00000000000000000000
0.2125 0.00000000000000000000
0.2175 0.00000000000000000000
0.2225 0.00000000000000000000
0.2275 0.00000000000000000000
0.2325 0.00000000000000000000
0.2375 0.00000000000000000000
0.2425 0.00000000000000000000
0.2475 0.00000000000000000000
0.2525 0.00000000000000000000
0.2575 0.00000000000000000000
0.2625 0.00000000000000000000
0.2675 0.00000000000000000000
0.2725 0.00000000000000000000
0.2775 0.00000000000000000000
0.2825 0.00000000000000000000
0.2875 0.00000000000000000000
0.2925 0.00000000000000000000
0.2975 0.00000000000000000000
0.3025 0.00000000000000000000
0.3075 0.00000000000000000000
0.3125 0.00000000000000000000
0.3175 0.00000000000000000000
0.3225 0.00000000000000000000
0.3275 0.00000000000000000000
0.3325 0.00000000000000000000
0.3375 0.00000000000000000000
0.3425 0.00000000000000000000
0.3475 0.00000000000000000000
0.3525 0.00000000000000000000
0.3575 0.00000000000000000000
0.3625 0.00000000000000000000
0.3675 0.00000000000000000000
0.3725 0.00000000000000000000
0.3775 0.00000000000000000000
0.3825 0.00000000000000000000
0.3875 0.00000000000000000000
0.3925 0.00000000000000000000
0.3975 0.00000000000000000000
0.4025 0.00000000000000000000
0.4075 0.00000000000000000000
0.4125 0.00000000000000000000
0.4175 0.00000000000000000000
0.4225 0.00000000000000000000
0.4275 0.00000000000000000000
0.4325 0.00000000000000000000
0.4375 0.00000000000000000000
0.4425 0.00000000000000000000
0.4475 0.00000000000000000000
0.4525 0.00000000000000000000
0.4575 0.00000000000000000000
0.4625 0.00000000000000000000
0.4675 0.00000000000000000000
0.4725 0.00000000000000000000
0.4775 0.00000000000000000000
0.4825 0.00000000000000000000
0.4875 0.00000000000000000000
0.4925 0.00000000000000000000
0.4975 0.00000000000000000000
0.5025 0.00000000000000000000
0.5075 0.00000000000000000000
0.5125 0.00000000000000000000
0.5175 0.00000000000000000000
0.5225 0.00000000000000000000
0.5275 0.00000000000000000000
0.5325 0.00000000000000000000
0.5375 0.00000000000000000000
0.5425 0.00000000000000000000
0.5475 0.00000000000000000000
0.5525 0.00000000000000000000
0.5575 0.00000000000000000000
0.5625 0.00000000000000000000
0.5675 0.00000000000000000000
0.5725 0.00000000000000000000
0.5775 0.00000000000000000000
0.5825 0.00000000000000000000
0.5875 0.00000000000000000000
0.5925 0.00000000000000000000
0.5975 0.00000000000000000000
0.6025 0.00000000000000000000
0.6075 0.00000000000000000000
0.6125 0.00000000000000000000
0.6175 0.00000000000000000000
0.6225 0.00000000000000000000
0.6275 0.00000000000000000000
0.6325 0.00000000000000000000
0.6375 0.00000000000000000000
0.6425 0.00000000000000000000
0.6475 0.00000000000000000000
0.6525 0.00000000000000000000
0.6575 0.00000000000000000000
0.6625 0.00000000000000000000
0.6675 0.00000000000000000000
0.6725 0.00000000000000000000
0.6775 0.00000000000000000000
0.6825 0.00000000000000000000
0.6875 0.00000000000000000000
0.6925 0.00000000000000000000
0.6975 0.00000000000000000000
0.7025 0.00000000000000000000
0.7075 0.00000000000000000000
0.7125 0.00000000000000000000
0.7175 0.00000000000000000000
0.7225 0.00000000000000000000
0.7275 0.00000000000000000000
0.7325 0.00000000000000000000
0.7375 0.00000000000000000000
0.7425 0.00000000000000000000
0.7475 0.00000000000000000000
0.7525 0.00000000000000000000
0.7575 0.00000000000000000000
0.7625 0.00000000000000000000
0.7675 0.00000000000000000000
0.7725 0.00000000000000000000
0.7775 0.00000000000000000000
0.7825 0.00000000000000000000
0.7875 0.00000000000000000000
0.7925 0.00000000000000000000
0.7975 0.00000000000000000000
0.8025 0.00000000000000000000
0.8075 0.00000000000000000000
0.8125 0.00000000000000000000
0.8175 0.00000000000000000000
0.8225 0.00000000000000000000
0.8275 0.00000000000000000000
0.8325 0.00000000000000000000
0.8375 0.00000000000000000000
0.8425 0.00000000000000000000
0.8475 0.00000000000000000000
0.8525 0.00000000000000000000
0.8575 0.00000000000000000000
0.8625 0.00000000000000000000
0.8675 0.00000000000000000000
0.8725 0.00000000000000000000
0.8775 0.00000000000000000000
0.8825 0.00000000000000000000
0.8875 0.00000000000000000000
0.8925 0.00000000000000000000
0.8975 0.00000000000000000000
0.9025 0.00000000000000000000
0.9075 0.00000000000000000000
0.9125 0.00000000000000000000
0.9175 0.00000000000000000000
0.9225 0.00000000000000000000
0.9275 0.00000000000000000000
0.9325 0.00000000000000000000
0.9375 0.00000000000000000000
0.9425 0.00000000000000000000
0.9475 0.00000000000000000000
0.9525 0.00000000000000000000
0.9575 0.00000000000000000000
0.9625 0.00000000000000000000
0.9675 0.00000000000000000000
0.9725 0.00000000000000000000
0.9775 0.00000000000000000000
0.9825 0.00000000000000000000
0.9875 0.00000000000000000000
0.9925 0.00000000000000000000
0.9975 0.00000000000000000000
1.0025 0.00000000000000000000
1.0075 0.00000000000000000000
1.0125 0.00000000000000000000
1.0175 0.00000000000000000000
1.0225 0.00000000000000000000
1.0275 0.00000000000000000000
1.0325 0.00000000000000000000
1.0375 0.00000000000000000000
1.0425 0.00000000000000000000
1.0475 0.00000000000000000000
1.0525 0.00000000000000000000
1.0575 0.00000000000000000000
1.0625 0.00000000000000000000
1.0675 0.00000000000000000000
1.0725 0.00000000000000000000
1.0775 0.00000000000000000000
1.0825 0.00000000000000000000
1.0875 0.00000000000000000000
1.0925 0.00000000000000000000
1.0975 0.00000000000000000000
1.1025 0.00000000000000000000
1.1075 0.00000000000000000000
1.1125 0.00000000000000000000
1.1175 0.00000000000000000000
1.1225 0.00000000000000000000
1.1275 0.00000000000000000000
1.1325 0.00000000000000000000
1.1375 0.00000000000000000000
1.1425 0.00000000000000000000
1.1475 0.00000000000000000000
1.1525 0.00000000000000000000
1.1575 0.00000000000000000000
1.1625 0.00000000000000000000
1.1675 0.00000000000000000000
1.1725 0.00000000000000000000
1.1775 0.00000000000000000000
1.1825 0.00000000000000000000
1.1875 0.00000000000000000000
1.1925 0.00000000000000000000
1.1975 0.00000000000000000000
1.2025 0.00000000000000000000
1.2075 0.00000000000000000000
1.2125 0.00000000000000000000
1.2175 0.00000000000000000000
1.2225 0.00000000000000000000
1.2275 0.00000000000000000000
1.2325 0.00000000000000000000
1.2375 0.00000000000000000000
1.2425 0.00000000000000000000
1.2475 0.00000000000000000000
1.2525 0.00000000000000000000
1.2575 0.00000000000000000000
1.2625 0.00000000000000000000
1.2675 0.00000000000000000000
1.2725 0.00000000000000000000
1.2775 0.00000000000000000000
1.2825 0.00000000000000000000
1.2875 0.00000000000000000000
1.2925 0.00000000000000000000
1.2975 0.00000000000000000000
1.3025 0.00000000000000000000
1.3075 0.00000000000000000000
1.3125 0.00000000000000000000
1.3175 0.00000000000000000000
1.3225 0.00000000000000000000
1.3275 0.00000000000000000000
1.3325 0.00000000000000000000
1.3375 0.00000000000000000004
1.3425 0.00000000000000000197
1.3475 0.00000000000000006464
1.3525 0.00000000000000159575
1.3575 0.00000000000003035219
1.3625 0.00000000000045449732
1.3675 0.00000000000546430154
1.3725 0.00000000005370313128
1.3775 0.00000000043858003940
1.3825 0.00000000302134139393
1.3875 0.00000001780048412970
1.3925 0.00000009083169374069
1.3975 0.00000040612012771509
1.4025 0.00000160801894388919
1.4075 0.00000569318151407300
1.4125 0.00001818411625091414
1.4175 0.00005282343881428128
1.4225 0.00014060428074161974
1.4275 0.00034530241566774574
1.4325 0.00078740781716159778
1.4375 0.00167711286823551595
1.4425 0.00335468681009193793
1.4475 0.00633348836974165566
1.4525 0.01133773048954730099
1.4575 0.01932476126098091676
1.4625 0.03148041854598133960
1.4675 0.04917614855474130436
1.4725 0.07387887484206898114
1.4775 0.10701299897146529516
1.4825 0.14979215691999117621
1.4875 0.20306142503038573932
1.4925 0.26720224977048229187
1.4975 0.34212766751039708213
1.5025 0.42734436195643288325
1.5075 0.52203193388242064010
1.5125 0.62509793189667162139
1.5175 0.73520718677048579881
1.5225 0.85080016196443331022
1.5275 0.97011434719721167941
1.5325 1.09122876171648308663
1.5375 1.21212221039775092102
1.5425 1.33075322013144958788
1.5475 1.44514673882576616393
1.5525 1.55347955023960260235
1.5575 1.65415168750977392698
1.5625 1.74584782787331915799
1.5675 1.82756382604571387951
1.5725 1.89862470011569905992
1.5775 1.95867453326834595195
1.5825 2.00765079751429986743
1.5875 2.04575698475932599152
1.5925 2.07341628047009152169
1.5975 2.09122115966901445105
1.6025 2.09989098292192144513
1.6075 2.10022401415082038412
1.6125 2.09305356502655470763
1.6175 2.07921693550306452281
1.6225 2.05952952432188318710
1.6275 2.03476986196691411735
1.6325 2.00566615575539008987
1.6375 1.97289073800978798090
1.6425 1.93705707379179092875
1.6475 1.89871478368036195050
1.6525 1.85835296439036667948
1.6575 1.81640063470149293323
1.6625 1.77323683258679154484
1.6675 1.72918895137484818214
1.6725 1.68454164080039969775
1.6775 1.63954602728553555657
1.6825 1.59441998091720238406
1.6875 1.54935556815107111639
1.6925 1.50452256430772624007
1.6975 1.46007197680527256445
1.7025 1.41613947362243042249
1.7075 1.37284762275075311599
1.7125 1.33030879755374153994
1.7175 1.28862286179914797835
1.7225 1.24787879204183438375
1.7275 1.20815563424349514676
1.7325 1.16951584580585477013
1.7375 1.13201395587623587780
1.7425 1.09569068095468180601
1.7475 1.06057602015653218430
1.7525 1.02668843736294790325
1.7575 0.99403703460852088636
1.7625 0.96262263146228854716
1.7675 0.93243734135551914477
1.7725 0.90346824049251928113
1.7775 0.87569569377312228564
1.7825 0.84909548228229303479
1.7875 0.82363888703102883238
1.7925 0.79929424595214182414
1.7975 0.77602789411056105617
1.8025 0.75380314473897935823
1.8075 0.73258309642198204958
1.8125 0.71232898774623343296
1.8175 0.69300104679541130182
1.8225 0.67455940471423603277
1.8275 0.65696369425156320165
1.8325 0.64017413469013439986
1.8375 0.62415229702225782926
1.8425 0.60886138641735076948
1.8475 0.59426647169260315984
1.8525 0.58033410656661366112
1.8575 0.56703365268531646937
1.8625 0.55433519624271332393
1.8675 0.54220990483423570083
1.8725 0.53063070963898140153
1.8775 0.51957174307167630634
1.8825 0.50900913439049333409
1.8875 0.49892021470984632137
1.8925 0.48928418480434582305
1.8975 0.48008162146376825996
1.9025 0.47129501254271322086
1.9075 0.46290687897474441792
1.9125 0.45490115147899096160
1.9175 0.44726214006246783894
1.9225 0.43997430332517595275
1.9275 0.43302296695003394955
1.9325 0.42639357450332338040
1.9375 0.42007158652888454409
1.9425 0.41404253660319223496
1.9475 0.40829133760385966090
1.9525 0.40280288152125354184
1.9575 0.39756208165074718996
1.9625 0.39255437115374863799
1.9675 0.38776664436373120548
1.9725 0.38318652014918924698
1.9775 0.37880318618983166434
1.9825 0.37460662710567244060
1.9875 0.37058758315044415532
1.9925 0.36673762854180214088
1.9975 0.36304897562738058792
2.0025 0.35951498344035481836
2.0075 0.35612970936896870544
2.0125 0.35288880633085223382
2.0175 0.34978838627160868668
2.0225 0.34682626356234347309
2.0275 0.34400029109234647740
2.0325 0.34130908418624222866
2.0375 0.33875137470178090515
2.0425 0.33632615299405643761
2.0475 0.33403318887066446585
2.0525 0.33187236374291184671
2.0575 0.32984446729630917394
2.0625 0.32795048180991337450
2.0675 0.32619173548772978366
2.0725 0.32456970179541361210
2.0775 0.32308531704187715139
2.0825 0.32173994729182980867
2.0875 0.32053436762884524036
2.0925 0.31946929541931207153
2.0975 0.31854486365431233796
2.1025 0.31776088667844087920
2.1075 0.31711640933093415695
2.1125 0.31661032510121173145
2.1175 0.31624099066280725312
2.1225 0.31600691255179291783
2.1275 0.31590669221432510216
2.1325 0.31593887013613020098
2.1375 0.31610218050088056962
2.1425 0.31639418139994374135
2.1475 0.31681230347666272662
2.1525 0.31735294524777651892
2.1575 0.31801192414822476717
2.1625 0.31878498992577358750
2.1675 0.31966788364364567832
2.1725 0.32065665748361116272
2.1775 0.32174839731622811856
2.1825 0.32294076663793558346
2.1875 0.32423240470689945747
2.1925 0.32562256079164364486
2.1975 0.32711106205616385934
2.2025 0.32869767737685706699
2.2075 0.33038231902880166313
2.2125 0.33216452419444730815
2.2175 0.33404370686173801008
2.2225 0.33601929734096125379
2.2275 0.33809046721708463368
2.2325 0.34025760878117655706
2.2375 0.34252170016219585236
2.2425 0.34488476382995802982
2.2475 0.34734925089511536900
2.2525 0.34991885201969286090
2.2575 0.35259821073226405019
2.2625 0.35539193067788060754
2.2675 0.35830632473923956782
2.2725 0.36134669769236016368
2.2775 0.36451996399491870537
2.2825 0.36783173523263573701
2.2875 0.37128804902210660321
2.2925 0.37489354488545356681
2.2975 0.37865318987162954745
2.3025 0.38256961665436423070
2.3075 0.38664616027511866658
2.3125 0.39088523606225766827
2.3175 0.39528848951019207592
2.3225 0.39985866528179392354
2.3275 0.40459772394875775925
2.3325 0.40950758348485466476
2.3375 0.41458835421022044443
2.3425 0.41984046202147839999
2.3475 0.42526196373730718037
2.3525 0.43084912147209991629
2.3575 0.43659732076346158269
2.3625 0.44250097373335112172
2.3675 0.44855469987719720493
2.3725 0.45475331633918297802
2.3775 0.46109306172219799436
2.3825 0.46757307789902463613
2.3875 0.47419397927270168225
2.3925 0.48095981597118198092
2.3975 0.48787501124524179641
2.4025 0.49494512683750241377
2.4075 0.50217599170558235855
2.4125 0.50957204021464330701
2.4175 0.51713717851508511636
2.4225 0.52487430806598411870
2.4275 0.53278389916046919872
2.4325 0.54086468114748786906
2.4375 0.54911152394823325995
2.4425 0.55751713054412699311
2.4475 0.56606897234694752985
2.4525 0.57475176197706001613
2.4575 0.58354460023429333138
2.4625 0.59242398259262962767
2.4675 0.60136221971480785520
2.4725 0.61032973665222112203
2.4775 0.61929554042754508814
2.4825 0.62822932069995451876
2.4875 0.63710248013309045412
2.4925 0.64588796595392539146
2.4975 0.65456154614778816470
2.5025 0.66310138244577809807
2.5075 0.67148708292634395889
2.5125 0.67969939584921879039
2.5175 0.68771970047420583061
2.5225 0.69552690130523942003
2.5275 0.70310048866769125908
2.5325 0.71041670308765891839
2.5375 0.71745164037960984516
2.5425 0.72418174496809917251
2.5475 0.73058307969819957783
2.5525 0.73663496950773688088
2.5575 0.74231793743118645867
2.5625 0.74761608313603622467
2.5675 0.75251723504600298575
2.5725 0.75701243627377245993
2.5775 0.76109843011637667853
2.5825 0.76477444382093295872
2.5875 0.76804393972468398832
2.5925 0.77091059532111305685
2.5975 0.77338064419686236572
2.6025 0.77546062893411560335
2.6075 0.77715665971475955676
2.6125 0.77847664165754526522
2.6175 0.77942894115778538211
2.6225 0.78002407811446172747
2.6275 0.78027274719145722770
2.6325 0.78018767989023429799
2.6375 0.77978011862880591831
2.6425 0.77906234947037522609
2.6475 0.77804600597941708795
2.6525 0.77674223313161150362
2.6575 0.77516458616401884285
2.6625 0.77332558008038509989
2.6675 0.77123993256738110347
2.6725 0.76892111365564352887
2.6775 0.76638476246127751335
2.6825 0.76364442244446228969
2.6875 0.76071268851245432696
2.6925 0.75760302984335847754
2.6975 0.75432659652127764804
2.7025 0.75089387349513592174
2.7075 0.74731688702147647252
2.7125 0.74360549621970006839
2.7175 0.73976985682979201631
2.7225 0.73581969484679188298
2.7275 0.73176570009252739357
2.7325 0.72761712207158979471
2.7375 0.72338332415209005699
2.7425 0.71907391700985701100
2.7475 0.71469806227308430024
2.7525 0.71026587305812038942
2.7575 0.70578655046155269748
2.7625 0.70126943118500773000
2.7675 0.69672375773770811591
2.7725 0.69215859301836679673
2.7775 0.68758209476622667022
2.7825 0.68300173576228750960
2.7875 0.67842639816712935197
2.7925 0.67386314911163047725
2.7975 0.66932032121200857322
2.8025 0.66480673216422259131
2.8075 0.66033154509416702727
2.8125 0.65590394825728359773
2.8175 0.65153378472885703498
2.8225 0.64722953165108754181
2.8275 0.64299950441554132308
2.8325 0.63885065739930857465
2.8375 0.63478870175048607294
2.8425 0.63081773342960367756
2.8475 0.62694039607762552802
2.8525 0.62315721406077972944
2.8575 0.61946817656690911225
2.8625 0.61587191058855705883
2.8675 0.61236557287092130419
2.8725 0.60894570239065126671
2.8775 0.60560826478071250190
2.8825 0.60234872623728574759
2.8875 0.59916316468138641760
2.8925 0.59604730941124806076
2.8975 0.59299683720110385465
2.9025 0.59000788557911032495
2.9075 0.58707737894646983001
2.9125 0.58420199026096863992
2.9175 0.58138004269902754384
2.9225 0.57860977797043067206
2.9275 0.57589016569542572643
2.9325 0.57322002394173032780
2.9375 0.57059907432555501128
2.9425 0.56802579542431952397
2.9475 0.56549916841471525863
2.9525 0.56301820583090234074
2.9575 0.56058119093097014130
2.9625 0.55818704546252428944
2.9675 0.55583407013345187409
2.9725 0.55352093997351248245
2.9775 0.55124548105202397785
2.9825 0.54900544251141902841
2.9875 0.54679818955533621150
2.9925 0.54462075156513156671
2.9975 0.54247107048627851711
3.0025 0.54034721704750154903
3.0075 0.53824834328556536711
3.0125 0.53617467168565857705
3.0175 0.53412693599652683041
3.0225 0.53210668752698075945
3.0275 0.53011553835917823996
3.0325 0.52815544157612348553
3.0375 0.52622865273509289441
3.0425 0.52433816829318302677
3.0475 0.52248846472843102351
3.0525 0.52068513071694966232
3.0575 0.51893456923486336319
3.0625 0.51724405260895178760
3.0675 0.51562074384093103951
3.0725 0.51407071048691088677
3.0775 0.51259964621941955798
3.0825 0.51121182212254467903
3.0875 0.50991095941899278188
3.0925 0.50869963454673994274
3.0975 0.50757989926367486078
3.1025 0.50655392952980926591
3.1075 0.50562316434457954539
3.1125 0.50478909441906882893
3.1175 0.50405275986702968716
3.1225 0.50341486612454866556
3.1275 0.50287559454884256382
3.1325 0.50243429840725062352
3.1375 0.50208968726012148664
3.1425 0.50183949448570530638
3.1475 0.50168093252213341593
3.1525 0.50161099652588381215
3.1575 0.50162595278445265556
3.1625 0.50172272172060705664
3.1675 0.50189725206865742901
3.1725 0.50214669621376384345
3.1775 0.50246696751021546756
3.1825 0.50285513353545907567
3.1875 0.50330704011595372993
3.1925 0.50381921957869646445
3.1975 0.50438794404660958204
3.2025 0.50501057374904689823
3.2075 0.50568395654627329439
3.2125 0.50640620931689517281
3.2175 0.50717594110219377246
3.2225 0.50799199125953564682
3.2275 0.50885378040176432179
3.2325 0.50976090369685667092
3.2375 0.51071335634047176910
3.2425 0.51171057512685047541
3.2475 0.51275226100288695541
3.2525 0.51383711072719884250
3.2575 0.51496333151407203133
3.2625 0.51612781300946564134
3.2675 0.51732725343447638622
3.2725 0.51855777861437923892
3.2775 0.51981508635660733653
3.2825 0.52109581602234411601
3.2875 0.52239592151073421800
3.2925 0.52371199282173641620
3.2975 0.52504035337903198766
3.3025 0.52637701831329564151
3.3075 0.52771885935935847201
3.3125 0.52906312886263162643
3.3175 0.53040779313395269856
3.3225 0.53175200226304797368
3.3275 0.53309694144101327229
3.3325 0.53444490296561064646
3.3375 0.53579966095076869692
3.3425 0.53716580917462319889
3.3475 0.53854893987846019776
3.3525 0.53995411944760607348
3.3575 0.54138614063236578655
3.3625 0.54284891436246107688
3.3675 0.54434530573401274101
3.3725 0.54587663069275582650
3.3775 0.54744306227669337073
3.3825 0.54904357081562160658
3.3875 0.55067675689448225551
3.3925 0.55234049105412585945
3.3975 0.55403374738611121941
3.4025 0.55575587357019695656
3.4075 0.55750751218321648039
3.4125 0.55928913771826049839
3.4175 0.56110237113032768175
3.4225 0.56294791382790432266
3.4275 0.56482597180682347915
3.4325 0.56673548667806050716
3.4375 0.56867333312770240727
3.4425 0.57063473214491478025
3.4475 0.57261387241166439299
3.4525 0.57460256204671034119
3.4575 0.57659187379487575331
3.4625 0.57857136647732632095
3.4675 0.58052960522549412747
3.4725 0.58245473993158569659
3.4775 0.58433460399387482376
3.4825 0.58615769057368294348
3.4875 0.58791422275167659617
3.4925 0.58959686149923928866
3.4975 0.59120128781182401667
3.5025 0.59272491551306272228
3.5075 0.59416845402901730111
3.5125 0.59553413377781738713
3.5175 0.59682538993832801033
3.5225 0.59804602639617976401
3.5275 0.59920167670919644021
3.5325 0.60029563186601231362
3.5375 0.60133241697956507643
3.5425 0.60231486907623676963
3.5475 0.60324542387975832458
3.5525 0.60412554678651930740
3.5575 0.60495638591579847798
3.5625 0.60573790880456002128
3.5675 0.60647037650272006548
3.5725 0.60715213127307077201
3.5775 0.60778261544619294199
3.5825 0.60835999968226672774
3.5875 0.60888278031589282424
3.5925 0.60934938184359488389
3.5975 0.60976005527442145304
3.6025 0.61011545255744870087
3.6075 0.61041775753896498902
3.6125 0.61066997184046534208
3.6175 0.61087694307868867227
3.6225 0.61104296470612062819
3.6275 0.61117281966563019591
3.6325 0.61127051459192160987
3.6375 0.61133909267838082435
3.6425 0.61137975910086939102
3.6475 0.61139271377192161427
3.6525 0.61137708838945392653
3.6575 0.61133104979307817395
3.6625 0.61125238953820049126
3.6675 0.61113874376739107941
3.6725 0.61098698777278803718
3.6775 0.61079443163880942080
3.6825 0.61055866872792907696
3.6875 0.61027751105226113459
3.6925 0.60994983854748452412
3.6975 0.60957533220342396962
3.7025 0.60915458742145478510
3.7075 0.60868969037896392127
3.7125 0.60818340899000922217
3.7175 0.60764024703262653482
3.7225 0.60706451518863913108
3.7275 0.60646094913137194027
3.7325 0.60583392522252432766
3.7375 0.60518839433075155565
3.7425 0.60452906855337562586
3.7475 0.60386104339861612633
3.7525 0.60318987019349956658
3.7575 0.60252126129356009532
3.7625 0.60185997522090772804
3.7675 0.60121062095896371513
3.7725 0.60057513302854625969
3.7775 0.59995406151487451485
3.7825 0.59934593215906273311
3.7875 0.59874743908963867778
3.7925 0.59815400040822752636
3.7975 0.59755991963993038141
3.8025 0.59695987850885212644
3.8075 0.59634776900828534441
3.8125 0.59571844833206366587
3.8175 0.59506735519967113301
3.8225 0.59439035558819652838
3.8275 0.59368455009300691305
3.8325 0.59294763969788721880
3.8375 0.59217780176435774742
3.8425 0.59137415012131444580
3.8475 0.59053625437015933031
3.8525 0.58966432269164992253
3.8575 0.58876013743963095948
3.8625 0.58782679197119203085
3.8675 0.58686821535256328275
3.8725 0.58588999327552937491
3.8775 0.58489781269379881312
3.8825 0.58389783001142381291
3.8875 0.58289650508254742256
3.8925 0.58190076656493305851
3.8975 0.58091668419791231415
3.9025 0.57994992501958197995
3.9075 0.57900606887550265522
3.9125 0.57808927464449111344
3.9175 0.57720319637774231136
3.9225 0.57635014374482296251
3.9275 0.57553100122015465878
3.9325 0.57474524482879929543
3.9375 0.57399164239729838499
3.9425 0.57326843791056081301
3.9475 0.57257284018451171104
3.9525 0.57190318256827532561
3.9575 0.57125677444835976093
3.9625 0.57063206768648133682
3.9675 0.57002662612972876399
3.9725 0.56943877636885276150
3.9775 0.56886585436394765392
3.9825 0.56830573297318820458
3.9875 0.56775567131638615681
3.9925 0.56721329009488707928
3.9975 0.56667660544246167831
4.0025 0.56614418088222673298
4.0075 0.56561555120751327852
4.0125 0.56509069458030791733
4.0175 0.56457044685508894766
4.0225 0.56405531905362382705
4.0275 0.56354603006775461083
4.0325 0.56304337327725384466
4.0375 0.56254748058247605602
4.0425 0.56205913383475158973
4.0475 0.56157832855265055194
4.0525 0.56110576962576685922
4.0575 0.56064209594841007966
4.0625 0.56018749966287428865
4.0675 0.55974330986667653054
4.0725 0.55931103718586605567
4.0775 0.55889188048387905550
4.0825 0.55848850249114156963
4.0875 0.55810379406356636078
4.0925 0.55774139934614219705
4.0975 0.55740558259695982546
4.1025 0.55710110802945733699
4.1075 0.55683303364510550182
4.1125 0.55660666907420686123
4.1175 0.55642689031428660407
4.1225 0.55629800395151585146
4.1275 0.55622309360171429127
4.1325 0.55620456181667232709
4.1375 0.55624299703850677012
4.1425 0.55633763417272585894
4.1475 0.55648624987973571709
4.1525 0.55668496275689893782
4.1575 0.55692886027376742319
4.1625 0.55721241985164493560
4.1675 0.55752963276256428671
4.1725 0.55787329766011561905
4.1775 0.55823723567070637763
4.1825 0.55861459477676589369
4.1875 0.55899922393726253489
4.1925 0.55938524689480262353
4.1975 0.55976752584264566348
4.2025 0.56014138727327189571
4.2075 0.56050350253652769794
4.2125 0.56085113780686757234
4.2175 0.56118310824893768984
4.2225 0.56149891955548136835
4.2275 0.56179940388887461555
4.2325 0.56208656717444971385
4.2375 0.56236326881762477292
4.2425 0.56263286175495885733
4.2475 0.56289931703950324415
4.2525 0.56316629170751486555
4.2575 0.56343678112649109302
4.2625 0.56371341274273278898
4.2675 0.56399792029518669434
4.2725 0.56429188041546418653
4.2775 0.56459689713824723345
4.2825 0.56491333422443867907
4.2875 0.56524297354190877751
4.2925 0.56558629048563491271
4.2975 0.56594364781753081495
4.3025 0.56631456762844256669
4.3075 0.56669786666244970075
4.3125 0.56709127859040475705
4.3175 0.56749245388935365408
4.3225 0.56789915449011518778
4.3275 0.56830807818649220486
4.3325 0.56871709301378259305
4.3375 0.56912260297364858364
4.3425 0.56952192761103959118
4.3475 0.56991172926119959552
4.3525 0.57028901043806334847
4.3575 0.57065052131276561287
4.3625 0.57099383892781052641
4.3675 0.57131779979669039538
4.3725 0.57162145174021283811
4.3775 0.57190507551795022323
4.3825 0.57217036632827167342
4.3875 0.57241881325545185266
4.3925 0.57265162252883550220
4.3975 0.57287208755243934633
4.4025 0.57308287788575307253
4.4075 0.57328750377340087496
4.4125 0.57349112915725108941
4.4175 0.57370053189264380578
4.4225 0.57392134346179979332
4.4275 0.57416060664529555702
4.4325 0.57442330109402173210
4.4375 0.57471322768073052067
4.4425 0.57503197327212007828
4.4475 0.57537847672773745344
4.4525 0.57574900625705005552
4.4575 0.57613787684349215823
4.4625 0.57653632400144416703
4.4675 0.57693431564679253931
4.4725 0.57732012488875283918
4.4775 0.57768147010514048212
4.4825 0.57800626751454520225
4.4875 0.57828416865837450889
4.4925 0.57850636832119761710
4.4975 0.57866622461111594244
4.5025 0.57876051658451665993
4.5075 0.57878819141945136995
4.5125 0.57875092149353457582
4.5175 0.57865246504060408039
4.5225 0.57849949668917677315
4.5275 0.57830010537011189431
4.5325 0.57806381646568227861
4.5375 0.57780076757100051754
4.5425 0.57752197563992169194
4.5475 0.57723712428383955331
4.5525 0.57695559053998690668
4.5575 0.57668482486444017088
4.5625 0.57643114296168707078
4.5675 0.57619901429199182896
4.5725 0.57599160059127330058
4.5775 0.57581017507960086110
4.5825 0.57565567066072120817
4.5875 0.57552708040345224028
4.5925 0.57542285305063656242
4.5975 0.57534081463508446319
4.6025 0.57527858276073862154
4.6075 0.57523335388801288826
4.6125 0.57520261980392972667
4.6175 0.57518349656891420985
4.6225 0.57517396528416575574
4.6275 0.57517190212735636035
4.6325 0.57517534474185993965
4.6375 0.57518276571514992401
4.6425 0.57519278000910145643
4.6475 0.57520417307818416663
4.6525 0.57521576790679473934
4.6575 0.57522681131370934082
4.6625 0.57523632546140279764
4.6675 0.57524349696947285615
4.6725 0.57524780430567568068
4.6775 0.57524887195265161921
4.6825 0.57524626732758832315
4.6875 0.57524007405021893025
4.6925 0.57522989467646112871
4.6975 0.57521559334274052766
4.7025 0.57519726013291860856
4.7075 0.57517437782038460803
4.7125 0.57514747231798768468
4.7175 0.57511623797842192918
4.7225 0.57508079366974651503
4.7275 0.57504097502918183338
4.7325 0.57499722979984679849
4.7375 0.57494970084739172034
4.7425 0.57489831348955588997
4.7475 0.57484346813350695182
4.7525 0.57478551304972302916
4.7575 0.57472453193956118955
4.7625 0.57466099074532850377
4.7675 0.57459522518785266509
4.7725 0.57452739926033324913
4.7775 0.57445775524929776346
4.7825 0.57438625033029211409
4.7875 0.57431288519776602097
4.7925 0.57423794406795858336
4.7975 0.57416145394294282323
4.8025 0.57408378939410942277
4.8075 0.57400492436422223541
4.8125 0.57392472894847634812
4.8175 0.57384351231127750381
4.8225 0.57376114915102283121
4.8275 0.57367767251394063965
4.8325 0.57359347459055409768
4.8375 0.57350837681130450996
4.8425 0.57342298281756021172
4.8475 0.57333734660982249576
4.8525 0.57325211234850770303
4.8575 0.57316741722417019478
4.8625 0.57308403846680600058
4.8675 0.57300178127353418311
4.8725 0.57292132953722796351
4.8775 0.57284300648451436100
4.8825 0.57276684544858480486
4.8875 0.57269351359446030170
4.8925 0.57262296251568345351
4.8975 0.57255549963997998120
4.9025 0.57249134057335704373
4.9075 0.57243070489568748105
4.9125 0.57237358476074828850
4.9175 0.57232031025100582600
4.9225 0.57227068909750156145
4.9275 0.57222467396993770272
4.9325 0.57218248487811318448
4.9375 0.57214385507757536953
4.9425 0.57210894465868344927
4.9475 0.57207769399871732929
4.9525 0.57205030951849522580
4.9575 0.57202674689957810905
4.9625 0.57200720192322429547
4.9675 0.57199171953800498347
4.9725 0.57198027179720789537
4.9775 0.57197297365013677339
4.9825 0.57196994940300516230
4.9875 0.57197128604587976763
4.9925 0.57197726195375198088
4.9975 0.57198786391396128082
5.0025 0.57200324056570928111
5.0075 0.57202344839070162763
5.0125 0.57204837799125896058
5.0175 0.57207825684946522760
5.0225 0.57211306451549059915
5.0275 0.57215313659248412392
5.0325 0.57219854094559818858
5.0375 0.57224925855948771680
5.0425 0.57230532506752873623
5.0475 0.57236699985738781482
5.0525 0.57243444034900092809
5.0575 0.57250741856459963497
5.0625 0.57258592061274371510
5.0675 0.57266987496392918189
5.0725 0.57275921267971696693
5.0775 0.57285380012102582459
5.0825 0.57295366598537023073
5.0875 0.57305846615849154180
5.0925 0.57316827224255062490
5.0975 0.57328299714117869623
5.1025 0.57340223616359387027
5.1075 0.57352577071020038879
5.1125 0.57365328588078168259
5.1175 0.57378469146806043710
5.1225 0.57391995726382294407
5.1275 0.57405830140330638134
5.1325 0.57419979442268631598
5.1375 0.57434396904965823172
5.1425 0.57449046242207635338
5.1475 0.57463863957177274688
5.1525 0.57478812827247538486
5.1575 0.57493856113309371736
5.1625 0.57508951812303699125
5.1675 0.57524062314204682522
5.1725 0.57539184585734759469
5.1775 0.57554285272672933704
5.1825 0.57569319747872027548
5.1875 0.57584259366360657229
5.1925 0.57599080825093507130
5.1975 0.57613754001715222763
5.2025 0.57628253444288934926
5.2075 0.57642568999316723399
5.2125 0.57656689577351660780
5.2175 0.57670577849875770404
5.2225 0.57684272849935980254
5.2275 0.57697748077883836970
5.2325 0.57710974327547481799
5.2375 0.57723963086942176037
5.2425 0.57736716073232807744
5.2475 0.57749173231060735301
5.2525 0.57761356963207588500
5.2575 0.57773188209594761311
5.2625 0.57784691673126997724
5.2675 0.57795805342617867506
5.2725 0.57806481790062835824
5.2775 0.57816729207617267861
5.2825 0.57826568743694839458
5.2875 0.57835899943719859539
5.2925 0.57844769966341147427
5.2975 0.57853192724823676585
5.3025 0.57861112482675947088
5.3075 0.57868566471968352349
5.3125 0.57875544657858812858
5.3175 0.57882031052236115887
5.3225 0.57888025445523849655
5.3275 0.57893509172230162019
5.3325 0.57898468692604199148
5.3375 0.57902938309330320710
5.3425 0.57906901155243239998
5.3475 0.57910380892140567166
5.3525 0.57913415312286653513
5.3575 0.57916025310526142444
5.3625 0.57918221131595903906
5.3675 0.57920015277539316223
5.3725 0.57921410187497768263
5.3775 0.57922426881903721352
5.3825 0.57923128517066724275
5.3875 0.57923537744809061589
5.3925 0.57923695790557216956
5.3975 0.57923683703414019508
5.4025 0.57923558304267375174
5.4075 0.57923394404430483817
5.4125 0.57923207416394750791
5.4175 0.57923026871015592665
5.4225 0.57922798226475080696
5.4275 0.57922477781739523106
5.4325 0.57921898620516887313
5.4375 0.57920837123308521743
5.4425 0.57919027453231253233
5.4475 0.57916014543020377658
5.4525 0.57911271591805080217
5.4575 0.57904161267283749126
5.4625 0.57893957264400508489
5.4675 0.57879862834237860714
5.4725 0.57861159562733488482
5.4775 0.57837376350216829213
5.4825 0.57808362957929326775
5.4875 0.57774208956545547444
5.4925 0.57735075101671051723
5.4975 0.57691063885441706827
5.5025 0.57642125358188323059
5.5075 0.57588294240773263422
5.5125 0.57529844888685999216
5.5175 0.57467359626726177702
5.5225 0.57401758993660911834
5.5275 0.57334096857474747821
5.5325 0.57265473579716064112
5.5375 0.57197184194242045585
5.5425 0.57130559798415325723
5.5475 0.57066871055794876622
5.5525 0.57007100454128289968
5.5575 0.56952095293713711488
5.5625 0.56902394391345012536
5.5675 0.56858092472760135561
5.5725 0.56818796942581295539
5.5775 0.56783877054420650587
5.5825 0.56752730100311232775
5.5875 0.56724869352064188899
5.5925 0.56699767535452483269
5.5975 0.56676581502321699002
5.6025 0.56654226867162504888
5.6075 0.56631705420234035309
5.6125 0.56608242735812441815
5.6175 0.56583327835986474419
5.6225 0.56556641514877692423
5.6275 0.56527843723645365692
5.6325 0.56496822224485521158
5.6375 0.56463618033076812264
5.6425 0.56428515953757973911
5.6475 0.56391797815983801812
5.6525 0.56353888888390035738
5.6575 0.56315288984343203627
5.6625 0.56276587411771261671
5.6675 0.56238573023730253908
5.6725 0.56202018623027305555
5.6775 0.56167591819335538350
5.6825 0.56135771973589276840
5.6875 0.56106860674120373478
5.6925 0.56080996794282744755
5.6975 0.56058098993975891133
5.7025 0.56038109588870310684
5.7075 0.56020981950832748897
5.7125 0.56006715757274061485
5.7175 0.55995356793768413795
5.7225 0.55987032716765050555
5.7275 0.55981706699324473853
5.7325 0.55979480387119762153
5.7375 0.55980266179508064717
5.7425 0.55984063596708311117
5.7475 0.55990771514516357588
5.7525 0.56000146338432299498
5.7575 0.56011818301169269407
5.7625 0.56025311814802614130
5.7675 0.56040210581007465773
5.7725 0.56056081224229237225
5.7775 0.56072330295171579628
5.7825 0.56088284047231873330
5.7875 0.56103222737893954086
5.7925 0.56116519949386012289
5.7975 0.56127943759974696647
5.8025 0.56137565354413276886
5.8075 0.56145621135090451048
5.8125 0.56152397996407577008
5.8175 0.56158166545835574990
5.8225 0.56163142348993810860
5.8275 0.56167506721049897944
5.8325 0.56171391489732047653
5.8375 0.56174815478161355120
5.8425 0.56177761136774773121
5.8475 0.56180075193141276735
5.8525 0.56181620853918579073
5.8575 0.56182364799180595227
5.8625 0.56182452031563256956
5.8675 0.56182352795216716768
5.8725 0.56182738685510424936
5.8775 0.56184200473172207779
5.8825 0.56187086294803245679
5.8875 0.56191404591224702880
5.8925 0.56197009666763475533
5.8975 0.56203760504747757309
5.9025 0.56211721135538506022
5.9075 0.56221090732305833981
5.9125 0.56231923518611592883
5.9175 0.56244189525171939259
5.9225 0.56257604486073620187
5.9275 0.56271764664879220241
5.9325 0.56286552527751521069
5.9375 0.56302099681477035809
5.9425 0.56318914778692064083
5.9475 0.56337589536399013124
5.9525 0.56358769386393603451
5.9575 0.56382979608905581248
5.9625 0.56410664931412024536
5.9675 0.56442140566739906760
5.9725 0.56477481217328429075
5.9775 0.56516617996345630548
5.9825 0.56559396173029397037
5.9875 0.56605686384025255542
5.9925 0.56655548759732099473
5.9975 0.56709142460249295503
6.0025 0.56766474469429828442
6.0075 0.56827340885680199811
6.0125 0.56891222391386575552
6.0175 0.56957556984954282875
6.0225 0.57025758660274827871
6.0275 0.57095169105252441266
6.0325 0.57165152689534837194
6.0375 0.57235434645843263901
6.0425 0.57306014297199259211
6.0475 0.57377109982863039317
6.0525 0.57448937409023093092
6.0575 0.57521565105012861796
6.0625 0.57594912896743322150
6.0675 0.57668586678758837483
6.0725 0.57742170996298092245
6.0775 0.57815506146164652446
6.0825 0.57888874002989409995
6.0875 0.57963001518133505652
6.0925 0.58038685561303415827
6.0975 0.58116537410334512259
6.1025 0.58196882126944071700
6.1075 0.58279831921604230427
6.1125 0.58365211586616994044
6.1175 0.58452701716504229523
6.1225 0.58541855409655219056
6.1275 0.58632182341335126186
6.1325 0.58723339850074274260
6.1375 0.58815060667133056693
6.1425 0.58907096031968964045
6.1475 0.58999298851050629988
6.1525 0.59091479307382122066
6.1575 0.59183364963013085358
6.1625 0.59274506057547760030
6.1675 0.59364459822115700494
6.1725 0.59452571221975447635
6.1775 0.59538094126740281897
6.1825 0.59620183214734778776
6.1875 0.59698209855768713528
6.1925 0.59771609434667571925
6.1975 0.59840053068852883111
6.2025 0.59903575051459623246
6.2075 0.59962670031469444965
6.2125 0.60017971018596460997
6.2175 0.60070050997472046461
6.2225 0.60119300303125278173
6.2275 0.60165844902734655353
6.2325 0.60209720425245405462
6.2375 0.60251005209640517979
6.2425 0.60289689735223406242
6.2475 0.60325942598175785747
6.2525 0.60360073721895035614
6.2575 0.60392699440812791511
6.2625 0.60424611773743419629
6.2675 0.60456493800661181837
6.2725 0.60488880449070159262
6.2775 0.60522067768297116430
6.2825 0.60555859890538410450
6.2875 0.60589663293271189826
6.2925 0.60622742925995909413
6.2975 0.60654451104589668375
6.3025 0.60684388124171750878
6.3075 0.60712554228050141791
6.3125 0.60739212474597448210
6.3175 0.60764735139504355566
6.3225 0.60789241112761227548
6.3275 0.60812628805052360015
6.3325 0.60834404155962751304
6.3375 0.60853885741824709221
6.3425 0.60870402402939849384
6.3475 0.60883404970284893398
6.3525 0.60892680396586995606
6.3575 0.60898092339353404601
6.3625 0.60899445451509148786
6.3675 0.60896401376580266973
6.3725 0.60888436178618676742
6.3775 0.60875214664066990000
6.3825 0.60856450675466589040
6.3875 0.60832055557385567024
6.3925 0.60801761619633476474
6.3975 0.60765120766301206068
6.4025 0.60721439098108298538
6.4075 0.60670089281734473907
6.4125 0.60610647031796094364
6.4175 0.60543176505437279467
6.4225 0.60468140876092346669
6.4275 0.60386285474343281976
6.4325 0.60298414770626329595
6.4375 0.60205140456509276259
6.4425 0.60106852995860993172
6.4475 0.60003887752583129345
6.4525 0.59896655781997498735
6.4575 0.59785673882850776106
6.4625 0.59671461813325266110
6.4675 0.59554596871698040061
6.4725 0.59435487978966505818
6.4775 0.59314091566316196058
6.4825 0.59189974378543341871
6.4875 0.59062587565282098634
6.4925 0.58931613006030136859
6.4975 0.58797121352226344726
6.5025 0.58659386177162642362
6.5075 0.58518761121580797901
6.5125 0.58375551671296732614
6.5175 0.58230019673703459215
6.5225 0.58082278781788854172
6.5275 0.57932345310988675458
6.5325 0.57780249237571967846
6.5375 0.57626275943028115734
6.5425 0.57471001114454367542
6.5475 0.57315059380550414936
6.5525 0.57159038014110352677
6.5575 0.57003398389522685896
6.5625 0.56848436577124106250
6.5675 0.56694358735079442013
6.5725 0.56541278151794516216
6.5775 0.56389307257435761223
6.5825 0.56238607337915347273
6.5875 0.56089412671224170293
6.5925 0.55942111263858107506
6.5975 0.55797124759347260792
6.6025 0.55654656945952540870
6.6075 0.55514649675193383782
6.6125 0.55376729076921538120
6.6175 0.55240412638771563270
6.6225 0.55105089485933944626
6.6275 0.54970226987149106712
6.6325 0.54835408871951984988
6.6375 0.54700342427465387107
6.6425 0.54564751243329889796
6.6475 0.54428318245747542292
6.6525 0.54290719942236198570
6.6575 0.54151822293093310190
6.6625 0.54011526283675903581
6.6675 0.53869921472507453775
6.6725 0.53727349185921258190
6.6775 0.53584217803247746748
6.6825 0.53440875157977996146
6.6875 0.53297575282525400109
6.6925 0.53154487092758406774
6.6975 0.53011929063520968342
6.7025 0.52870207629535437288
6.7075 0.52729724794980281644
6.7125 0.52590967056115867084
6.7175 0.52454552030260137574
6.7225 0.52321034251866516129
6.7275 0.52190723921608717095
6.7325 0.52063790879643245813
6.7375 0.51940418373427210685
6.7425 0.51820840698868664287
6.7475 0.51705393471212091061
6.7525 0.51594280912703027742
6.7575 0.51487616778288869401
6.7625 0.51385384487580576529
6.7675 0.51287453801915106055
6.7725 0.51193549583826214455
6.7775 0.51103483758990730923
6.7825 0.51017257594264475706
6.7875 0.50935008006084558918
6.7925 0.50856970983821758736
6.7975 0.50783511957621119137
6.8025 0.50715185910495452770
6.8075 0.50652453656543772187
6.8125 0.50595543725972069726
6.8175 0.50544402734764459773
6.8225 0.50498899581401901493
6.8275 0.50458930681302760490
6.8325 0.50424509085705238043
6.8375 0.50395464404119116875
6.8425 0.50371459667257156845
6.8475 0.50352087529451994286
6.8525 0.50337089843731153138
6.8575 0.50326529121963670121
6.8625 0.50320668556790304482
6.8675 0.50319900380945359331
6.8725 0.50324724801804809893
6.8775 0.50335992549915975491
6.8825 0.50354839633284498301
6.8875 0.50382221480590694274
6.8925 0.50418758206264058241
6.8975 0.50464890295041076040
6.9025 0.50520984126881651743
6.9075 0.50587422430146389285
6.9125 0.50664486140984277274
6.9175 0.50752164295071711120
6.9225 0.50850068519633384589
6.9275 0.50957604880778317735
6.9325 0.51074196018480311210
6.9375 0.51199253489116614002
6.9425 0.51332207546504071694
6.9475 0.51472561784124992723
6.9525 0.51619847827119580419
6.9575 0.51773394238705805481
6.9625 0.51932302415663322837
6.9675 0.52095744954779255043
6.9725 0.52263494156855549999
6.9775 0.52436073121750892412
6.9825 0.52614667902436018654
6.9875 0.52800578832306477306
6.9925 0.52994812707993377288
6.9975 0.53198017188059132376
7.0025 0.53410465925011052502
7.0075 0.53632012512322968512
7.0125 0.53861991188149860310
7.0175 0.54099673478332233056
7.0225 0.54344561250813117059
7.0275 0.54596477096217199687
7.0325 0.54855167302139784535
7.0375 0.55120298405646006579
7.0425 0.55391541085232776087
7.0475 0.55668696284932195351
7.0525 0.55951546454550937781
7.0575 0.56239698488479272775
7.0625 0.56532360712035079064
7.0675 0.56828719151290107980
7.0725 0.57128358394831324496
7.0775 0.57431575824951475173
7.0825 0.57739142215058447682
7.0875 0.58051832573364492429
7.0925 0.58370050026863973258
7.0975 0.58693989410359204140
7.1025 0.59023687431030080752
7.1075 0.59359249554905890722
7.1125 0.59700730516620170718
7.1175 0.60048265528744637631
7.1225 0.60402151711966001191
7.1275 0.60762746760549612990
7.1325 0.61130401751324614512
7.1375 0.61505194142273378333
7.1425 0.61887042414909210208
7.1475 0.62275670291339324525
7.1525 0.62670795928550915299
7.1575 0.63072162799502007324
7.1625 0.63479596049498665522
7.1675 0.63892872160836855500
7.1725 0.64311727421115782999
7.1775 0.64735798312953418687
7.1825 0.65164668914224133101
7.1875 0.65597975888789783472
7.1925 0.66035334729376049534
7.1975 0.66476317558546849096
7.2025 0.66920430028626021191
7.2075 0.67367373502138327979
7.2125 0.67816968408791067358
7.2175 0.68268887906698894064
7.2225 0.68722438533598040333
7.2275 0.69176503690495227961
7.2325 0.69629597684600219587
7.2375 0.70080177506020047140
7.2425 0.70526783114614555181
7.2475 0.70968142880325379984
7.2525 0.71403118911339580333
7.2575 0.71830775928562706767
7.2625 0.72250318295155235848
7.2675 0.72660762930931344084
7.2725 0.73060813974952198979
7.2775 0.73449340767313220368
7.2825 0.73825593294183355919
7.2875 0.74188792131559044840
7.2925 0.74538057497674004015
7.2975 0.74872312382216987814
7.3025 0.75190735040791500943
7.3075 0.75492630640057623026
7.3125 0.75777149163443235924
7.3175 0.76043231331862526368
7.3225 0.76289513904178019033
7.3275 0.76514305896290468745
7.3325 0.76716134737314145564
7.3375 0.76893980524593508186
7.3425 0.77047098437565908480
7.3475 0.77174796444107929272
7.3525 0.77276090557037779849
7.3575 0.77349489436660989750
7.3625 0.77393426775092732939
7.3675 0.77406287091937475697
7.3725 0.77386610129849053852
7.3775 0.77333428742876131334
7.3825 0.77246062620307209823
7.3875 0.77124167669766841016
7.3925 0.76967599536321817943
7.3975 0.76776350818338923165
7.4025 0.76550816460961568222
7.4075 0.76291581051992685136
7.4125 0.75999673630815600678
7.4175 0.75675862670503879492
7.4225 0.75320692848726233937
7.4275 0.74933921583985385606
7.4325 0.74514970824975057528
7.4375 0.74063131834964324174
7.4425 0.73578023830458827437
7.4475 0.73059962157405089478
7.4525 0.72509658495402240508
7.4575 0.71928451420758987567
7.4625 0.71317884254123808940
7.4675 0.70679886990108187206
7.4725 0.70016346579719512810
7.4775 0.69329400034700594535
7.4825 0.68621070723369625988
7.4875 0.67893518538765007531
7.4925 0.67148503168472328806
7.4975 0.66387244715666393624
7.5025 0.65610926862554752592
7.5075 0.64821116412002577345
7.5125 0.64019796454991262369
7.5175 0.63209336884354738739
7.5225 0.62391975397515098134
7.5275 0.61569705961094156610
7.5325 0.60744295190642350057
7.5375 0.59917568019450528904
7.5425 0.59091364585879424531
7.5475 0.58267224618264090719
7.5525 0.57446361176466931298
7.5575 0.56629740515609017226
7.5625 0.55818402684423507054
7.5675 0.55013632709575299717
7.5725 0.54216638673103478840
7.5775 0.53428585181185617170
7.5825 0.52650489544135115061
7.5875 0.51883181659186616841
7.5925 0.51127557113309063386
7.5975 0.50384364893691180320
7.6025 0.49654265983134876494
7.6075 0.48937718569796473389
7.6125 0.48235270354152415262
7.6175 0.47547413996281723270
7.6225 0.46874632369408669730
7.6275 0.46217456184024702237
7.6325 0.45576569446886783243
7.6375 0.44952730211652791592
7.6425 0.44346895260397145577
7.6475 0.43759909545646918927
7.6525 0.43192382698125214580
7.6575 0.42644408054179128165
7.6625 0.42115511590282700416
7.6675 0.41605021604763670062
7.6725 0.41112119101156036072
7.6775 0.40636044619650374399
7.6825 0.40176135267411389185
7.6875 0.39731683855045790699
7.6925 0.39301829559736417563
7.6975 0.38885870493423863037
7.7025 0.38483161111412556021
7.7075 0.38093199367058039329
7.7125 0.37715420891177786622
7.7175 0.37349271144131923617
7.7225 0.36994327241350005719
7.7275 0.36650240340439471654
7.7325 0.36316842251452152723
7.7375 0.35994109423620473942
7.7425 0.35681839125799053036
7.7475 0.35379785588421436282
7.7525 0.35087803419717522591
7.7575 0.34805719605766427538
7.7625 0.34533333989649744877
7.7675 0.34270513782070372022
7.7725 0.34017272966321399075
7.7775 0.33773947320518177273
7.7825 0.33540965068867328869
7.7875 0.33318859142606643831
7.7925 0.33108198190682786022
7.7975 0.32909615207276893267
7.8025 0.32723539467117035429
7.8075 0.32550304007815827889
7.8125 0.32390268079099310272
7.8175 0.32243794003889075794
7.8225 0.32111027695915683733
7.8275 0.31991924732398668851
7.8325 0.31886173522186816998
7.8375 0.31793430417773826946
7.8425 0.31713446292687580419
7.8475 0.31645926736879154140
7.8525 0.31590660181876806245
7.8575 0.31547361914117544313
7.8625 0.31515700770297722100
7.8675 0.31495370315771931136
7.8725 0.31486117620283265994
7.8775 0.31487789963685974826
7.8825 0.31500504268447637735
7.8875 0.31524548156798581910
7.8925 0.31560319392588948029
7.8975 0.31608197784262814789
7.9025 0.31668592555266422695
7.9075 0.31741829100257368257
7.9125 0.31828174340682480192
7.9175 0.31927853590925864280
7.9225 0.32040931255765814356
7.9275 0.32167520933467791400
7.9325 0.32307720352210211878
7.9375 0.32461942795919079829
7.9425 0.32630745283742257357
7.9475 0.32814776550188679005
7.9525 0.33014771213196320021
7.9575 0.33231397607063345445
7.9625 0.33465187559137365980
7.9675 0.33716290690134642638
7.9725 0.33984567343475818868
7.9775 0.34269817401267338441
7.9825 0.34571925845830536739
7.9875 0.34891205696599791874
7.9925 0.35228199738285986831
7.9975 0.35583419722809922492
8.0025 0.35956995688247356258
8.0075 0.36349029007372662958
8.0125 0.36759639658013459895
8.0175 0.37189224784030366910
8.0225 0.37638316807034788436
8.0275 0.38107314840818390378
8.0325 0.38596655816186870025
8.0375 0.39106715802822544781
8.0425 0.39637980929205246516
8.0475 0.40191224001360859042
8.0525 0.40767674420815525060
8.0575 0.41368859459449902616
8.0625 0.41996389756455559938
8.0675 0.42651536489800923047
8.0725 0.43335159581259902195
8.0775 0.44047992632426169468
8.0825 0.44791006415149503539
8.0875 0.45565612981780628798
8.0925 0.46373328958268833500
8.0975 0.47215627644967733678
8.1025 0.48094092001890403898
8.1075 0.49010565669817968137
8.1125 0.49967239990265516214
8.1175 0.50966515164723180664
8.1225 0.52010958136134521901
8.1275 0.53103502935885449343
8.1325 0.54247608689265747195
8.1375 0.55446749426263908234
8.1425 0.56704437944190388965
8.1475 0.58023837643040976353
8.1525 0.59407926633862606636
8.1575 0.60859791522118289464
8.1625 0.62382631421699175078
8.1675 0.63979663018905952310
8.1725 0.65654136085160663683
8.1775 0.67409175340326232817
8.1825 0.69247631865426895192
8.1875 0.71172417212864313996
8.1925 0.73186371611397327275
8.1975 0.75292507123671170710
8.2025 0.77493590395247191616
8.2075 0.79791907809421291908
8.2125 0.82189361300536345478
8.2175 0.84687741511971359465
8.2225 0.87288895672306598961
8.2275 0.89994535424885102604
8.2325 0.92806111367196530981
8.2375 0.95725189193973847512
8.2425 0.98753567964407740210
8.2475 1.01893371220280815059
8.2525 1.05147118422038610142
8.2575 1.08517334834152823220
8.2625 1.12005934103544069202
8.2675 1.15614255963679157801
8.2725 1.19342680458237548891
8.2775 1.23190248190051265809
8.2825 1.27154703706389260454
8.2875 1.31232058123043238140
8.2925 1.35416348701679933875
8.2975 1.39699502987443602287
8.3025 1.44071298343593823255
8.3075 1.48519871002663506054
8.3125 1.53031530667152626535
8.3175 1.57590334623128103253
8.3225 1.62177778051992427244
8.3275 1.66772168119292785171
8.3325 1.71347728634844864715
8.3375 1.75874838798171917453
8.3425 1.80320299293184693745
8.3475 1.84647766514274591643
8.3525 1.88815920431660733136
8.3575 1.92777399141039018637
8.3625 1.96477693672515218992
8.3675 1.99855225120600765720
8.3725 2.02841325000538796886
8.3775 2.05360466316299294931
8.3825 2.07331716514850938893
8.3875 2.08669626534271035467
8.3925 2.09286542969860178687
8.3975 2.09096992288132366156
8.4025 2.08022038915104978685
8.4075 2.05992149489274201102
8.4125 2.02949323414198268267
8.4175 1.98849936371549795844
8.4225 1.93669572505799481021
8.4275 1.87407861956705268369
8.4325 1.80092943688462692187
8.4375 1.71785495873474403083
8.4425 1.62584667857800346802
8.4475 1.52632824139294465127
8.4525 1.42116706455871733006
8.4575 1.31245647764390049872
8.4625 1.20188804136596449901
8.4675 1.09013227855014549483
8.4725 0.97713717271024469468
8.4775 0.86318368827003577604
8.4825 0.74960257884687975238
8.4875 0.63866893018463155585
8.4925 0.53305279663778559751
8.4975 0.43526973129300622345
8.5025 0.34730131556737448006
8.5075 0.27040669772362002643
8.5125 0.20510610117641314698
8.5175 0.15126575608342512913
8.5225 0.10822401834948350285
8.5275 0.07492487965641538017
8.5325 0.05005312330160814616
8.5375 0.03216682575055462845
8.5425 0.01982020095335435689
8.5475 0.01166693448765515270
8.5525 0.00653503483590678683
8.5575 0.00346843885489473303
8.5625 0.00173628339452370139
8.5675 0.00081575494822290181
8.5725 0.00035780406125118113
8.5775 0.00014568107350026327
8.5825 0.00005472291805001711
8.5875 0.00001883880109325198
8.5925 0.00000590059758744352
8.5975 0.00000166810581271991
8.6025 0.00000042190034778164
8.6075 0.00000009454658791488
8.6125 0.00000001857435647964
8.6175 0.00000000316198133945
8.6225 0.00000000046052904458
8.6275 0.00000000005659388433
8.6325 0.00000000000577964421
8.6375 0.00000000000048244888
8.6425 0.00000000000003232662
8.6475 0.00000000000000170469
8.6525 0.00000000000000006924
8.6575 0.00000000000000000212
8.6625 0.00000000000000000005
8.6675 0.00000000000000000000
8.6725 0.00000000000000000000
8.6775 0.00000000000000000000
8.6825 0.00000000000000000000
8.6875 0.00000000000000000000
8.6925 0.00000000000000000000
8.6975 0.00000000000000000000
8.7025 0.00000000000000000000
8.7075 0.00000000000000000000
8.7125 0.00000000000000000000
8.7175 0.00000000000000000000
8.7225 0.00000000000000000000
8.7275 0.00000000000000000000
8.7325 0.00000000000000000000
8.7375 0.00000000000000000000
8.7425 0.00000000000000000000
8.7475 0.00000000000000000000
8.7525 0.00000000000000000000
8.7575 0.00000000000000000000
8.7625 0.00000000000000000000
8.7675 0.00000000000000000000
8.7725 0.00000000000000000000
8.7775 0.00000000000000000000
8.7825 0.00000000000000000000
8.7875 0.00000000000000000000
8.7925 0.00000000000000000000
8.7975 0.00000000000000000000
8.8025 0.00000000000000000000
8.8075 0.00000000000000000000
8.8125 0.00000000000000000000
8.8175 0.00000000000000000000
8.8225 0.00000000000000000000
8.8275 0.00000000000000000000
8.8325 0.00000000000000000000
8.8375 0.00000000000000000000
8.8425 0.00000000000000000000
8.8475 0.00000000000000000000
8.8525 0.00000000000000000000
8.8575 0.00000000000000000000
8.8625 0.00000000000000000000
8.8675 0.00000000000000000000
8.8725 0.00000000000000000000
8.8775 0.00000000000000000000
8.8825 0.00000000000000000000
8.8875 0.00000000000000000000
8.8925 0.00000000000000000000
8.8975 0.00000000000000000000
8.9025 0.00000000000000000000
8.9075 0.00000000000000000000
8.9125 0.00000000000000000000
8.9175 0.00000000000000000000
8.9225 0.00000000000000000000
8.9275 0.00000000000000000000
8.9325 0.00000000000000000000
8.9375 0.00000000000000000000
8.9425 0.00000000000000000000
8.9475 0.00000000000000000000
8.9525 0.00000000000000000000
8.9575 0.00000000000000000000
8.9625 0.00000000000000000000
8.9675 0.00000000000000000000
8.9725 0.00000000000000000000
8.9775 0.00000000000000000000
8.9825 0.00000000000000000000
8.9875 0.00000000000000000000
8.9925 0.00000000000000000000
8.9975 0.00000000000000000000
9.0025 0.00000000000000000000
9.0075 0.00000000000000000000
9.0125 0.00000000000000000000
9.0175 0.00000000000000000000
9.0225 0.00000000000000000000
9.0275 0.00000000000000000000
9.0325 0.00000000000000000000
9.0375 0.00000000000000000000
9.0425 0.00000000000000000000
9.0475 0.00000000000000000000
9.0525 0.00000000000000000000
9.0575 0.00000000000000000000
9.0625 0.00000000000000000000
9.0675 0.00000000000000000000
9.0725 0.00000000000000000000
9.0775 0.00000000000000000000
9.0825 0.00000000000000000000
9.0875 0.00000000000000000000
9.0925 0.00000000000000000000
9.0975 0.00000000000000000000
9.1025 0.00000000000000000000
9.1075 0.00000000000000000000
9.1125 0.00000000000000000000
9.1175 0.00000000000000000000
9.1225 0.00000000000000000000
9.1275 0.00000000000000000000
9.1325 0.00000000000000000000
9.1375 0.00000000000000000000
9.1425 0.00000000000000000000
9.1475 0.00000000000000000000
9.1525 0.00000000000000000000
9.1575 0.00000000000000000000
9.1625 0.00000000000000000000
9.1675 0.00000000000000000000
9.1725 0.00000000000000000000
9.1775 0.00000000000000000000
9.1825 0.00000000000000000000
9.1875 0.00000000000000000000
9.1925 0.00000000000000000000
9.1975 0.00000000000000000000
9.2025 0.00000000000000000000
9.2075 0.00000000000000000000
9.2125 0.00000000000000000000
9.2175 0.00000000000000000000
9.2225 0.00000000000000000000
9.2275 0.00000000000000000000
9.2325 0.00000000000000000000
9.2375 0.00000000000000000000
9.2425 0.00000000000000000000
9.2475 0.00000000000000000000
9.2525 0.00000000000000000000
9.2575 0.00000000000000000000
9.2625 0.00000000000000000000
9.2675 0.00000000000000000000
9.2725 0.00000000000000000000
9.2775 0.00000000000000000000
9.2825 0.00000000000000000000
9.2875 0.00000000000000000000
9.2925 0.00000000000000000000
9.2975 0.00000000000000000000
9.3025 0.00000000000000000000
9.3075 0.00000000000000000000
9.3125 0.00000000000000000000
9.3175 0.00000000000000000000
9.3225 0.00000000000000000000
9.3275 0.00000000000000000000
9.3325 0.00000000000000000000
9.3375 0.00000000000000000000
9.3425 0.00000000000000000000
9.3475 0.00000000000000000000
9.3525 0.00000000000000000000
9.3575 0.00000000000000000000
9.3625 0.00000000000000000000
9.3675 0.00000000000000000000
9.3725 0.00000000000000000000
9.3775 0.00000000000000000000
9.3825 0.00000000000000000000
9.3875 0.00000000000000000000
9.3925 0.00000000000000000000
9.3975 0.00000000000000000000
9.4025 0.00000000000000000000
9.4075 0.00000000000000000000
9.4125 0.00000000000000000000
9.4175 0.00000000000000000000
9.4225 0.00000000000000000000
9.4275 0.00000000000000000000
9.4325 0.00000000000000000000
9.4375 0.00000000000000000000
9.4425 0.00000000000000000000
9.4475 0.00000000000000000000
9.4525 0.00000000000000000000
9.4575 0.00000000000000000000
9.4625 0.00000000000000000000
9.4675 0.00000000000000000000
9.4725 0.00000000000000000000
9.4775 0.00000000000000000000
9.4825 0.00000000000000000000
9.4875 0.00000000000000000000
9.4925 0.00000000000000000000
9.4975 0.00000000000000000000
9.5025 0.00000000000000000000
9.5075 0.00000000000000000000
9.5125 0.00000000000000000000
9.5175 0.00000000000000000000
9.5225 0.00000000000000000000
9.5275 0.00000000000000000000
9.5325 0.00000000000000000000
9.5375 0.00000000000000000000
9.5425 0.00000000000000000000
9.5475 0.00000000000000000000
9.5525 0.00000000000000000000
9.5575 0.00000000000000000000
9.5625 0.00000000000000000000
9.5675 0.00000000000000000000
9.5725 0.00000000000000000000
9.5775 0.00000000000000000000
9.5825 0.00000000000000000000
9.5875 0.00000000000000000000
9.5925 0.00000000000000000000
9.5975 0.00000000000000000000
9.6025 0.00000000000000000000
9.6075 0.00000000000000000000
9.6125 0.00000000000000000000
9.6175 0.00000000000000000000
9.6225 0.00000000000000000000
9.6275 0.00000000000000000000
9.6325 0.00000000000000000000
9.6375 0.00000000000000000000
9.6425 0.00000000000000000000
9.6475 0.00000000000000000000
9.6525 0.00000000000000000000
9.6575 0.00000000000000000000
9.6625 0.00000000000000000000
9.6675 0.00000000000000000000
9.6725 0.00000000000000000000
9.6775 0.00000000000000000000
9.6825 0.00000000000000000000
9.6875 0.00000000000000000000
9.6925 0.00000000000000000000
9.6975 0.00000000000000000000
9.7025 0.00000000000000000000
9.7075 0.00000000000000000000
9.7125 0.00000000000000000000
9.7175 0.00000000000000000000
9.7225 0.00000000000000000000
9.7275 0.00000000000000000000
9.7325 0.00000000000000000000
9.7375 0.00000000000000000000
9.7425 0.00000000000000000000
9.7475 0.00000000000000000000
9.7525 0.00000000000000000000
9.7575 0.00000000000000000000
9.7625 0.00000000000000000000
9.7675 0.00000000000000000000
9.7725 0.00000000000000000000
9.7775 0.00000000000000000000
9.7825 0.00000000000000000000
9.7875 0.00000000000000000000
9.7925 0.00000000000000000000
9.7975 0.00000000000000000000
9.8025 0.00000000000000000000
9.8075 0.00000000000000000000
9.8125 0.00000000000000000000
9.8175 0.00000000000000000000
9.8225 0.00000000000000000000
9.8275 0.00000000000000000000
9.8325 0.00000000000000000000
9.8375 0.00000000000000000000
9.8425 0.00000000000000000000
9.8475 0.00000000000000000000
9.8525 0.00000000000000000000
9.8575 0.00000000000000000000
9.8625 0.00000000000000000000
9.8675 0.00000000000000000000
9.8725 0.00000000000000000000
9.8775 0.00000000000000000000
9.8825 0.00000000000000000000
9.8875 0.00000000000000000000
9.8925 0.00000000000000000000
9.8975 0.00000000000000000000
9.9025 0.00000000000000000000
9.9075 0.00000000000000000000
9.9125 0.00000000000000000000
9.9175 0.00000000000000000000
9.9225 0.00000000000000000000
9.9275 0.00000000000000000000
9.9325 0.00000000000000000000
9.9375 0.00000000000000000000
9.9425 0.00000000000000000000
9.9475 0.00000000000000000000
9.9525 0.00000000000000000000
9.9575 0.00000000000000000000
9.9625 0.00000000000000000000
9.9675 0.00000000000000000000
9.9725 0.00000000000000000000
9.9775 0.00000000000000000000
9.9825 0.00000000000000000000
9.9875 0.00000000000000000000
9.9925 0.00000000000000000000
9.9975 0.00000000000000000000
