xbins rho
0.0025 0.00000000000000000000
0.0075 0.00000000000000000000
0.0125 0.00000000000000000000
0.0175 0.00000000000000000000
0.0225 0.00000000000000000000
0.0275 0.00000000000000000000
0.0325 0.00000000000000000000
0.0375 0.00000000000000000000
0.0425 0.00000000000000000000
0.0475 0.00000000000000000000
0.0525 0.00000000000000000000
0.0575 0.00000000000000000000
0.0625 0.00000000000000000000
0.0675 0.00000000000000000000
0.0725 0.00000000000000000000
0.0775 0.00000000000000000000
0.0825 0.00000000000000000000
0.0875 0.00000000000000000000
0.0925 0.00000000000000000000
0.0975 0.00000000000000000000
0.1025 0.00000000000000000000
0.1075 0.00000000000000000000
0.1125 0.00000000000000000000
0.1175 0.00000000000000000000
0.1225 0.00000000000000000000
0.1275 0.00000000000000000000
0.1325 0.00000000000000000000
0.1375 0.00000000000000000000
0.1425 0.00000000000000000000
0.1475 0.00000000000000000000
0.1525 0.00000000000000000000
0.1575 0.00000000000000000000
0.1625 0.00000000000000000000
0.1675 0.00000000000000000000
0.1725 0.00000000000000000000
0.1775 0.00000000000000000000
0.1825 0.00000000000000000000
0.1875 0.00000000000000000000
0.1925 0.00000000000000000000
0.1975 0.00000000000000000000
0.2025 0.00000000000000000000
0.2075 0.00000000000000000000
0.2125 0.00000000000000000000
0.2175 0.00000000000000000000
0.2225 0.00000000000000000000
0.2275 0.00000000000000000000
0.2325 0.00000000000000000000
0.2375 0.00000000000000000000
0.2425 0.00000000000000000000
0.2475 0.00000000000000000000
0.2525 0.00000000000000000000
0.2575 0.00000000000000000000
0.2625 0.00000000000000000000
0.2675 0.00000000000000000000
0.2725 0.00000000000000000000
0.2775 0.00000000000000000000
0.2825 0.00000000000000000000
0.2875 0.00000000000000000000
0.2925 0.00000000000000000000
0.2975 0.00000000000000000000
0.3025 0.00000000000000000000
0.3075 0.00000000000000000000
0.3125 0.00000000000000000000
0.3175 0.00000000000000000000
0.3225 0.00000000000000000000
0.3275 0.00000000000000000000
0.3325 0.00000000000000000000
0.3375 0.00000000000000000000
0.3425 0.00000000000000000000
0.3475 0.00000000000000000000
0.3525 0.00000000000000000000
0.3575 0.00000000000000000000
0.3625 0.00000000000000000000
0.3675 0.00000000000000000000
0.3725 0.00000000000000000000
0.3775 0.00000000000000000000
0.3825 0.00000000000000000000
0.3875 0.00000000000000000000
0.3925 0.00000000000000000000
0.3975 0.00000000000000000000
0.4025 0.00000000000000000000
0.4075 0.00000000000000000000
0.4125 0.00000000000000000000
0.4175 0.00000000000000000000
0.4225 0.00000000000000000000
0.4275 0.00000000000000000000
0.4325 0.00000000000000000000
0.4375 0.00000000000000000000
0.4425 0.00000000000000000000
0.4475 0.00000000000000000000
0.4525 0.00000000000000000000
0.4575 0.00000000000000000000
0.4625 0.00000000000000000000
0.4675 0.00000000000000000000
0.4725 0.00000000000000000000
0.4775 0.00000000000000000000
0.4825 0.00000000000000000000
0.4875 0.00000000000000000000
0.4925 0.00000000000000000000
0.4975 0.00000000000000000000
0.5025 0.00000000000000000000
0.5075 0.00000000000000000000
0.5125 0.00000000000000000000
0.5175 0.00000000000000000000
0.5225 0.00000000000000000000
0.5275 0.00000000000000000000
0.5325 0.00000000000000000000
0.5375 0.00000000000000000000
0.5425 0.00000000000000000000
0.5475 0.00000000000000000000
0.5525 0.00000000000000000000
0.5575 0.00000000000000000000
0.5625 0.00000000000000000000
0.5675 0.00000000000000000000
0.5725 0.00000000000000000000
0.5775 0.00000000000000000000
0.5825 0.00000000000000000000
0.5875 0.00000000000000000000
0.5925 0.00000000000000000000
0.5975 0.00000000000000000000
0.6025 0.00000000000000000000
0.6075 0.00000000000000000000
0.6125 0.00000000000000000000
0.6175 0.00000000000000000000
0.6225 0.00000000000000000000
0.6275 0.00000000000000000000
0.6325 0.00000000000000000000
0.6375 0.00000000000000000000
0.6425 0.00000000000000000000
0.6475 0.00000000000000000000
0.6525 0.00000000000000000000
0.6575 0.00000000000000000000
0.6625 0.00000000000000000000
0.6675 0.00000000000000000000
0.6725 0.00000000000000000000
0.6775 0.00000000000000000000
0.6825 0.00000000000000000000
0.6875 0.00000000000000000000
0.6925 0.00000000000000000000
0.6975 0.00000000000000000000
0.7025 0.00000000000000000000
0.7075 0.00000000000000000000
0.7125 0.00000000000000000000
0.7175 0.00000000000000000000
0.7225 0.00000000000000000000
0.7275 0.00000000000000000000
0.7325 0.00000000000000000000
0.7375 0.00000000000000000000
0.7425 0.00000000000000000000
0.7475 0.00000000000000000000
0.7525 0.00000000000000000000
0.7575 0.00000000000000000000
0.7625 0.00000000000000000000
0.7675 0.00000000000000000000
0.7725 0.00000000000000000000
0.7775 0.00000000000000000000
0.7825 0.00000000000000000000
0.7875 0.00000000000000000000
0.7925 0.00000000000000000000
0.7975 0.00000000000000000000
0.8025 0.00000000000000000000
0.8075 0.00000000000000000000
0.8125 0.00000000000000000000
0.8175 0.00000000000000000000
0.8225 0.00000000000000000000
0.8275 0.00000000000000000000
0.8325 0.00000000000000000000
0.8375 0.00000000000000000000
0.8425 0.00000000000000000000
0.8475 0.00000000000000000000
0.8525 0.00000000000000000000
0.8575 0.00000000000000000000
0.8625 0.00000000000000000000
0.8675 0.00000000000000000000
0.8725 0.00000000000000000000
0.8775 0.00000000000000000000
0.8825 0.00000000000000000000
0.8875 0.00000000000000000000
0.8925 0.00000000000000000000
0.8975 0.00000000000000000000
0.9025 0.00000000000000000000
0.9075 0.00000000000000000000
0.9125 0.00000000000000000000
0.9175 0.00000000000000000000
0.9225 0.00000000000000000000
0.9275 0.00000000000000000000
0.9325 0.00000000000000000000
0.9375 0.00000000000000000000
0.9425 0.00000000000000000000
0.9475 0.00000000000000000000
0.9525 0.00000000000000000000
0.9575 0.00000000000000000000
0.9625 0.00000000000000000000
0.9675 0.00000000000000000000
0.9725 0.00000000000000000000
0.9775 0.00000000000000000000
0.9825 0.00000000000000000000
0.9875 0.00000000000000000000
0.9925 0.00000000000000000000
0.9975 0.00000000000000000000
1.0025 0.00000000000000000000
1.0075 0.00000000000000000000
1.0125 0.00000000000000000000
1.0175 0.00000000000000000000
1.0225 0.00000000000000000000
1.0275 0.00000000000000000000
1.0325 0.00000000000000000000
1.0375 0.00000000000000000000
1.0425 0.00000000000000000000
1.0475 0.00000000000000000000
1.0525 0.00000000000000000000
1.0575 0.00000000000000000000
1.0625 0.00000000000000000000
1.0675 0.00000000000000000000
1.0725 0.00000000000000000000
1.0775 0.00000000000000000000
1.0825 0.00000000000000000000
1.0875 0.00000000000000000000
1.0925 0.00000000000000000000
1.0975 0.00000000000000000000
1.1025 0.00000000000000000000
1.1075 0.00000000000000000000
1.1125 0.00000000000000000000
1.1175 0.00000000000000000000
1.1225 0.00000000000000000000
1.1275 0.00000000000000000000
1.1325 0.00000000000000000000
1.1375 0.00000000000000000000
1.1425 0.00000000000000000000
1.1475 0.00000000000000000000
1.1525 0.00000000000000000000
1.1575 0.00000000000000000000
1.1625 0.00000000000000000000
1.1675 0.00000000000000000000
1.1725 0.00000000000000000000
1.1775 0.00000000000000000000
1.1825 0.00000000000000000000
1.1875 0.00000000000000000000
1.1925 0.00000000000000000000
1.1975 0.00000000000000000000
1.2025 0.00000000000000000000
1.2075 0.00000000000000000000
1.2125 0.00000000000000000000
1.2175 0.00000000000000000000
1.2225 0.00000000000000000000
1.2275 0.00000000000000000000
1.2325 0.00000000000000000000
1.2375 0.00000000000000000000
1.2425 0.00000000000000000000
1.2475 0.00000000000000000000
1.2525 0.00000000000000000000
1.2575 0.00000000000000000000
1.2625 0.00000000000000000000
1.2675 0.00000000000000000000
1.2725 0.00000000000000000000
1.2775 0.00000000000000000000
1.2825 0.00000000000000000000
1.2875 0.00000000000000000000
1.2925 0.00000000000000000000
1.2975 0.00000000000000000000
1.3025 0.00000000000000000000
1.3075 0.00000000000000000000
1.3125 0.00000000000000000000
1.3175 0.00000000000000000000
1.3225 0.00000000000000000000
1.3275 0.00000000000000000000
1.3325 0.00000000000000000000
1.3375 0.00000000000000000000
1.3425 0.00000000000000000000
1.3475 0.00000000000000000000
1.3525 0.00000000000000000000
1.3575 0.00000000000000000000
1.3625 0.00000000000000000000
1.3675 0.00000000000000000000
1.3725 0.00000000000000000000
1.3775 0.00000000000000000000
1.3825 0.00000000000000000000
1.3875 0.00000000000000000000
1.3925 0.00000000000000000000
1.3975 0.00000000000000000000
1.4025 0.00000000000000000000
1.4075 0.00000791327208232592
1.4125 0.00002511863457801927
1.4175 0.00007251832817360369
1.4225 0.00019183430096957841
1.4275 0.00046815922137257560
1.4325 0.00106070009558932284
1.4375 0.00224428589626815729
1.4425 0.00445876594367874361
1.4475 0.00835938805227816675
1.4525 0.01485719193470777522
1.4575 0.02513642382995677840
1.4625 0.04063455838378346452
1.4675 0.06297187449232181933
1.4725 0.09382313472671742483
1.4775 0.13473924911171777929
1.4825 0.18695862445133648588
1.4875 0.25126346814764044524
1.4925 0.32792433812165761031
1.4975 0.41672595010587010211
1.5025 0.51701667950991692102
1.5075 0.62775450927193077177
1.5125 0.74752750688409608237
1.5175 0.87457423387016652860
1.5225 1.00682465184962022242
1.5275 1.14195003548571105689
1.5325 1.27746973254937978837
1.5375 1.41084353337313972432
1.5425 1.53960727146451037406
1.5475 1.66147076300756335598
1.5525 1.77444619249288004781
1.5575 1.87689902329498226052
1.5625 1.96759252280074425911
1.5675 2.04571557363919254158
1.5725 2.11084759737939986479
1.5775 2.16295982145484622095
1.5825 2.20232471251048700367
1.5875 2.22950758753587185979
1.5925 2.24526251246775254700
1.5975 2.25050818164770438656
1.6025 2.24624725042319006718
1.6075 2.23350384021903813903
1.6125 2.21332086712378650617
1.6175 2.18668124076316150450
1.6225 2.15452498301280881421
1.6275 2.11771313133768357417
1.6325 2.07703636173829231382
1.6375 2.03319857299256145922
1.6425 1.98681642606813646523
1.6475 1.93844497611572830209
1.6525 1.88855249595129004447
1.6575 1.83753906543945144669
1.6625 1.78575074769838337829
1.6675 1.73348363130498395179
1.6725 1.68099917827823852612
1.6775 1.62851900655240089399
1.6825 1.57626090356988712848
1.6875 1.52441251265106259005
1.6925 1.47316230233887557333
1.6975 1.42268428071598673768
1.7025 1.37315047240705756515
1.7075 1.32471624497344686588
1.7125 1.27751329777716504665
1.7175 1.23166838242878928789
1.7225 1.18726548385678509767
1.7275 1.14437448063175639668
1.7325 1.10303349007767859113
1.7375 1.06326561571424194064
1.7425 1.02506160938406987171
1.7475 0.98840579023275265680
1.7525 0.95326080883010422262
1.7575 0.91959240936836983416
1.7625 0.88734529590406374666
1.7675 0.85648231882515302171
1.7725 0.82695152231892832262
1.7775 0.79870680276269501174
1.7825 0.77170427496840021675
1.7875 0.74590220066353629669
1.7925 0.72125657941344423207
1.7975 0.69772962008192374039
1.8025 0.67528147330737309240
1.8075 0.65387370105288533662
1.8125 0.63346706631101534768
1.8175 0.61402258863884695561
1.8225 0.59550276914745936541
1.8275 0.57786265116372603767
1.8325 0.56106487855032216583
1.8375 0.54506775870320556265
1.8425 0.52983662961407329561
1.8475 0.51533070279307391370
1.8525 0.50151672543244196767
1.8575 0.48836247217447370517
1.8625 0.47583525996138842373
1.8675 0.46390751018578152420
1.8725 0.45254695743294875987
1.8775 0.44172922900906952393
1.8825 0.43142839647696917815
1.8875 0.42162101279990765734
1.8925 0.41228428383987342221
1.8975 0.40339754691115781160
1.9025 0.39494024049455100922
1.9075 0.38689375711318396700
1.9125 0.37923867394921495499
1.9175 0.37195699143610277959
1.9225 0.36502993359073593327
1.9275 0.35843985038152226252
1.9325 0.35217087543600489319
1.9375 0.34620507864918864671
1.9425 0.34052644932603787220
1.9475 0.33511918472903862165
1.9525 0.32996624191196688436
1.9575 0.32505327999429217689
1.9625 0.32036566700385310513
1.9675 0.31588969669258376571
1.9725 0.31161518085817091483
1.9775 0.30753010011422754477
1.9825 0.30362740966477980153
1.9875 0.29989862074190937191
1.9925 0.29633531657545642002
1.9975 0.29293385978150671134
2.0025 0.28968906251047826794
2.0075 0.28659825103237451804
2.0125 0.28365848335252552559
2.0175 0.28087100811269233303
2.0225 0.27823243326294544442
2.0275 0.27574298488932241780
2.0325 0.27340226102375508876
2.0375 0.27120679652582035946
2.0425 0.26915530405258070168
2.0475 0.26724316375304169036
2.0525 0.26546805346017815497
2.0575 0.26382439992736750334
2.0625 0.26230857887422726060
2.0675 0.26091513972640756336
2.0725 0.25964063692531619276
2.0775 0.25848005221337766457
2.0825 0.25742976236597342465
2.0875 0.25648633227194578277
2.0925 0.25564809784849951146
2.0975 0.25491171127029971233
2.1025 0.25427543750619296947
2.1075 0.25373698163543678685
2.1125 0.25329672083770399249
2.1175 0.25295235605847504745
2.1225 0.25270416002010637202
2.1275 0.25255015036198208422
2.1325 0.25248944042516485720
2.1375 0.25251907352205366086
2.1425 0.25263642157323734638
2.1475 0.25283703115901651204
2.1525 0.25311761788367959092
2.1575 0.25347167212621807275
2.1625 0.25389628889775800458
2.1675 0.25438661239183291141
2.1725 0.25494208198568396595
2.1775 0.25556052992748856667
2.1825 0.25624471339778426282
2.1875 0.25699571800672332822
2.1925 0.25781629936324351737
2.1975 0.25871216552062908933
2.2025 0.25968883436921502694
2.2075 0.26074958669348258233
2.2125 0.26190044960638891869
2.2175 0.26314506454056663109
2.2225 0.26449029102636373301
2.2275 0.26594025596272397038
2.2325 0.26749894239345939351
2.2375 0.26917327724373996123
2.2425 0.27096696691356780828
2.2475 0.27288493602331737042
2.2525 0.27493166524997530997
2.2575 0.27711016647334157925
2.2625 0.27942380119302384633
2.2675 0.28187513189078089448
2.2725 0.28446605107175387817
2.2775 0.28719826500616518761
2.2825 0.29007398647153243010
2.2875 0.29309499222572382715
2.2925 0.29626216094943164103
2.2975 0.29957687417134853947
2.3025 0.30303980253342926998
2.3075 0.30665311542298562264
2.3125 0.31041724131456871483
2.3175 0.31433489433366129662
2.3225 0.31840670600058273987
2.3275 0.32263485199662078617
2.3325 0.32702042786135981922
2.3375 0.33156321871124067036
2.3425 0.33626017255614709667
2.3475 0.34110959391354167547
2.3525 0.34610461739735803866
2.3575 0.35123887709928841572
2.3625 0.35650466342042613777
2.3675 0.36189354955213998144
2.3725 0.36739896223128465369
2.3775 0.37301457831608170190
2.3825 0.37873611409129931404
2.3875 0.38456454698428677030
2.3925 0.39050039205606973391
2.3975 0.39654635110924985053
2.4025 0.40270646408487986712
2.4075 0.40898598471963165668
2.4125 0.41538944800316185413
2.4175 0.42192079591995867993
2.4225 0.42858392845935755489
2.4275 0.43538058734037915487
2.4325 0.44230920433748305287
2.4375 0.44936781500080530405
2.4425 0.45654978658125577873
2.4475 0.46384585335054401289
2.4525 0.47123908510537143579
2.4575 0.47871296894619785878
2.4625 0.48624069097214583923
2.4675 0.49379677854418763117
2.4725 0.50134391333491412635
2.4775 0.50884853156259357565
2.4825 0.51627291063989322328
2.4875 0.52357982624181642617
2.4925 0.53073611423280475652
2.4975 0.53771199795180657510
2.5025 0.54448394672348088275
2.5075 0.55103637192427690206
2.5125 0.55736022951335240094
2.5175 0.56345626587171493416
2.5225 0.56932717173390012810
2.5275 0.57498354846865384893
2.5325 0.58043757255775652037
2.5375 0.58570242682605522244
2.5425 0.59078966656106934874
2.5475 0.59570709461805082530
2.5525 0.60045847328607049320
2.5575 0.60504234702928927359
2.5625 0.60945108593411756459
2.5675 0.61367730314685842163
2.5725 0.61770525304261914012
2.5775 0.62152422002430784964
2.5825 0.62511986714742306948
2.5875 0.62848023286882392924
2.5925 0.63159347846297531071
2.5975 0.63444848213456439545
2.6025 0.63703419274787620452
2.6075 0.63934470901810647181
2.6125 0.64137316422887113987
2.6175 0.64311796594452719233
2.6225 0.64458347020863504540
2.6275 0.64577473719457967327
2.6325 0.64670166262185557748
2.6375 0.64737596599368685268
2.6425 0.64781191122764825163
2.6475 0.64802109749077208001
2.6525 0.64801864171337897336
2.6575 0.64781589154115304385
2.6625 0.64742653129353522345
2.6675 0.64685829806072248083
2.6725 0.64612199247911250577
2.6775 0.64522388492972715390
2.6825 0.64416980647390897907
2.6875 0.64296196731119747980
2.6925 0.64160582832358803440
2.6975 0.64010303610269481123
2.7025 0.63845688572565950647
2.7075 0.63667072295586368824
2.7125 0.63474726596942510071
2.7175 0.63269023774971200336
2.7225 0.63050264878224238085
2.7275 0.62818649068272525149
2.7325 0.62574757357494537047
2.7375 0.62318943653518976689
2.7425 0.62051785473430298712
2.7475 0.61774195728143033168
2.7525 0.61487049636146884346
2.7575 0.61191677848918990534
2.7625 0.60888975790104560293
2.7675 0.60580280361037264214
2.7725 0.60266579206981862882
2.7775 0.59948716434617288495
2.7825 0.59627457446709530853
2.7875 0.59303526591636279708
2.7925 0.58977396773417178899
2.7975 0.58649616738453669296
2.8025 0.58320952447800922247
2.8075 0.57992129944235504269
2.8125 0.57663758721242841521
2.8175 0.57336761436934347014
2.8225 0.57011822289233571315
2.8275 0.56689853442683224571
2.8325 0.56371469334586066235
2.8375 0.56057436113281500223
2.8425 0.55748188347519778141
2.8475 0.55444298641044664766
2.8525 0.55146015752023036516
2.8575 0.54853655194472805690
2.8625 0.54567359510940383061
2.8675 0.54287127686541070126
2.8725 0.54012737298578528122
2.8775 0.53744182449268895763
2.8825 0.53481233534627115045
2.8875 0.53223480306232029413
2.8925 0.52970780263792649478
2.8975 0.52722635371659454240
2.9025 0.52478795459050397998
2.9075 0.52239022873144524972
2.9125 0.52003039075549462034
2.9175 0.51770757118182986201
2.9225 0.51542038428305370079
2.9275 0.51317012654716220865
2.9325 0.51095516729553303037
2.9375 0.50877799912742815991
2.9425 0.50663754164816421355
2.9475 0.50453651588867731714
2.9525 0.50247295448796658324
2.9575 0.50044808049895572744
2.9625 0.49846079042303337303
2.9675 0.49651122383327600529
2.9725 0.49459856309155741938
2.9775 0.49272427409615782157
2.9825 0.49088551921082773655
2.9875 0.48908263102968402292
2.9925 0.48731461619202365299
2.9975 0.48558001753084129026
3.0025 0.48387835176653926084
3.0075 0.48220692749593196957
3.0125 0.48056640936783895368
3.0175 0.47895640086339358321
3.0225 0.47737731359222901339
3.0275 0.47583049131008370303
3.0325 0.47431849243890622514
3.0375 0.47284328485416149412
3.0425 0.47140842715346020775
3.0475 0.47001478437917698638
3.0525 0.46866588614209903074
3.0575 0.46736390175512076972
3.0625 0.46610916614840075534
3.0675 0.46490300302114440090
3.0725 0.46374443826811501124
3.0775 0.46263326917723490705
3.0825 0.46156800429644928574
3.0875 0.46054710988469393929
3.0925 0.45956940933048717746
3.0975 0.45863207613403428331
3.1025 0.45773423648634620209
3.1075 0.45687435333039205787
3.1125 0.45605198382903444632
3.1175 0.45526493737953055430
3.1225 0.45451391085057463171
3.1275 0.45379820424654110367
3.1325 0.45311763865213455782
3.1375 0.45247279079489438613
3.1425 0.45186539555890570252
3.1475 0.45129473918825463441
3.1525 0.45076328160694051350
3.1575 0.45027122555440957097
3.1625 0.44982003833411327021
3.1675 0.44941078046082444386
3.1725 0.44904506953435369132
3.1775 0.44872500697104816814
3.1825 0.44845088315089493003
3.1875 0.44822306050495663854
3.1925 0.44804314289425217765
3.1975 0.44790854711133870625
3.2025 0.44782049737432988445
3.2075 0.44777783986874153399
3.2125 0.44778015885855959599
3.2175 0.44782555825535352856
3.2225 0.44791257991163485608
3.2275 0.44803952793383422515
3.2325 0.44820365894909486304
3.2375 0.44840400472174990476
3.2425 0.44863748277726989144
3.2475 0.44890381771538834244
3.2525 0.44920163747217173311
3.2575 0.44953076334004632431
3.2625 0.44989060456151336309
3.2675 0.45028125975514055046
3.2725 0.45070342820497477643
3.2775 0.45115644644251984285
3.2825 0.45164139879259834753
3.2875 0.45215788198248135776
3.2925 0.45270504853237514276
3.2975 0.45328348931568440694
3.3025 0.45389342718549691158
3.3075 0.45453617280062119654
3.3125 0.45521132102488709448
3.3175 0.45591811928499481610
3.3225 0.45665981732066313059
3.3275 0.45743452400776746236
3.3325 0.45824196425708807467
3.3375 0.45908339893211852489
3.3425 0.45995729803488316634
3.3475 0.46086308417754828781
3.3525 0.46179876580505418993
3.3575 0.46276013578795660575
3.3625 0.46374323668686362465
3.3675 0.46474469006964841400
3.3725 0.46575754279133113611
3.3775 0.46677541881251305433
3.3825 0.46779381929751734370
3.3875 0.46880540263426068170
3.3925 0.46980529788192976204
3.3975 0.47078865643264233842
3.4025 0.47175319461080722494
3.4075 0.47270119353154771424
3.4125 0.47363158167620800221
3.4175 0.47455373748304718884
3.4225 0.47546855439718754832
3.4275 0.47638461062774617449
3.4325 0.47730437575272055550
3.4375 0.47823124832635766079
3.4425 0.47916649960076712622
3.4475 0.48010842701117273368
3.4525 0.48105616698178343960
3.4575 0.48200682267596817177
3.4625 0.48295706019940309872
3.4675 0.48390271899529951893
3.4725 0.48484186696385589421
3.4775 0.48576860861874343600
3.4825 0.48667946756890267945
3.4875 0.48757263075108847605
3.4925 0.48844490362339093581
3.4975 0.48929652728132566608
3.5025 0.49012720935207754192
3.5075 0.49093967229344442904
3.5125 0.49173661477492797145
3.5175 0.49252110344001448494
3.5225 0.49329651565301019245
3.5275 0.49406665180226716494
3.5325 0.49483394071241454393
3.5375 0.49559998774934249655
3.5425 0.49636809258815772772
3.5475 0.49713568717106337846
3.5525 0.49790732086398548084
3.5575 0.49868120099910845378
3.5625 0.49945802766277724860
3.5675 0.50023726852371097618
3.5725 0.50101666579431636261
3.5775 0.50179534628792676898
3.5825 0.50257066421838703096
3.5875 0.50333851947480079403
3.5925 0.50409580794756436717
3.5975 0.50484045139067956764
3.6025 0.50556991639312476305
3.6075 0.50628162129240761313
3.6125 0.50697545565245338839
3.6175 0.50765045511383044552
3.6225 0.50830754886067042175
3.6275 0.50894245286431394337
3.6325 0.50955740441218622117
3.6375 0.51014977614789525084
3.6425 0.51071975169819361362
3.6475 0.51126555325423272969
3.6525 0.51178870382197971800
3.6575 0.51228835798314853456
3.6625 0.51276474986236408871
3.6675 0.51321766988273664900
3.6725 0.51364529199917863256
3.6775 0.51404655933332144002
3.6825 0.51442309562593591110
3.6875 0.51477230585113575856
3.6925 0.51509547901440555506
3.6975 0.51539157464498364103
3.7025 0.51566353182854463011
3.7075 0.51591020713474400328
3.7125 0.51613413559793930308
3.7175 0.51633552018812900464
3.7225 0.51651554997061166485
3.7275 0.51667367573598155239
3.7325 0.51681418401908951754
3.7375 0.51693596712442835273
3.7425 0.51704326614461515454
3.7475 0.51713739493393395819
3.7525 0.51722112556188837296
3.7575 0.51729734315746833673
3.7625 0.51736763779063810187
3.7675 0.51743136073104378791
3.7725 0.51748682884303098817
3.7775 0.51753041926863452282
3.7825 0.51755980883687313643
3.7875 0.51756669787981957054
3.7925 0.51754479036814160509
3.7975 0.51748695592096005669
3.8025 0.51738741417322275939
3.8075 0.51724075361544619156
3.8125 0.51704299151352206554
3.8175 0.51678952376087350373
3.8225 0.51648085033767909824
3.8275 0.51611608801972586047
3.8325 0.51569685406513432469
3.8375 0.51522459239796269959
3.8425 0.51470038185138422548
3.8475 0.51412653558738052872
3.8525 0.51350530920012693592
3.8575 0.51284098628184471291
3.8625 0.51213728823421589276
3.8675 0.51140205034326358113
3.8725 0.51063896046229717562
3.8775 0.50985599129912040350
3.8825 0.50905827311610329922
3.8875 0.50825146300772006125
3.8925 0.50744086061622240003
3.8975 0.50663192882928032024
3.9025 0.50583185581340239789
3.9075 0.50504315418185308229
3.9125 0.50427108581580004643
3.9175 0.50351859753543815046
3.9225 0.50279115627084780549
3.9275 0.50208795902273872791
3.9325 0.50140953877771032854
3.9375 0.50075546773773194076
3.9425 0.50012534031381561395
3.9475 0.49951542840521584443
3.9525 0.49892566575370517201
3.9575 0.49835170816320950582
3.9625 0.49779201649551479969
3.9675 0.49724497636784620314
3.9725 0.49670845141865876959
3.9775 0.49618385973801848454
3.9825 0.49566930682442750244
3.9875 0.49516732764414977952
3.9925 0.49467741211528842848
3.9975 0.49420235211852847623
4.0025 0.49374192932877974949
4.0075 0.49329758138721918614
4.0125 0.49287265566510030101
4.0175 0.49246651926261358900
4.0225 0.49208057074710992440
4.0275 0.49171601489399241469
4.0325 0.49137164732384319699
4.0375 0.49104839080129514262
4.0425 0.49074537165584736220
4.0475 0.49046150249373343666
4.0525 0.49019664079780311816
4.0575 0.48994792187783947623
4.0625 0.48971364371790776504
4.0675 0.48949164558615082532
4.0725 0.48927938942301679726
4.0775 0.48907539488144996520
4.0825 0.48887863355563032641
4.0875 0.48868834140630268426
4.0925 0.48850655431107892213
4.0975 0.48833445621927989988
4.1025 0.48817317087138978327
4.1075 0.48802592645452413933
4.1125 0.48789456333383163233
4.1175 0.48778206510405242025
4.1225 0.48768994570785045850
4.1275 0.48762202341903232439
4.1325 0.48758081536211428375
4.1375 0.48756920122280067442
4.1425 0.48758856890909940685
4.1475 0.48763869733431802755
4.1525 0.48771951247023859199
4.1575 0.48782749101114175616
4.1625 0.48796046967554862483
4.1675 0.48811472361294344635
4.1725 0.48828375238624083243
4.1775 0.48846443130179445502
4.1825 0.48865074653981116493
4.1875 0.48883737770288077096
4.1925 0.48902076792661924864
4.1975 0.48919670922926028478
4.2025 0.48936194361187046464
4.2075 0.48951487768776730247
4.2125 0.48965290633690988775
4.2175 0.48977587272773837057
4.2225 0.48988444849046464125
4.2275 0.48997750020092956103
4.2325 0.49005572585191459201
4.2375 0.49011996708787325394
4.2425 0.49017002532810566295
4.2475 0.49020504365714268058
4.2525 0.49022656654096691264
4.2575 0.49023117451179593074
4.2625 0.49021860901361635765
4.2675 0.49019070383920132494
4.2725 0.49014360587004263126
4.2775 0.49007879414578187083
4.2825 0.48999400900368061951
4.2875 0.48989268931900303850
4.2925 0.48977380122930708195
4.2975 0.48964128044275734286
4.3025 0.48949829202134093054
4.3075 0.48934860359543103092
4.3125 0.48919712299399115141
4.3175 0.48904708738144142544
4.3225 0.48890478282560462242
4.3275 0.48877296305413586719
4.3325 0.48865666450281414201
4.3375 0.48855771490616645147
4.3425 0.48847962898069663407
4.3475 0.48842184874548610907
4.3525 0.48838731678794233826
4.3575 0.48837079754211171201
4.3625 0.48837329912982452296
4.3675 0.48839011195981713032
4.3725 0.48841945527899144341
4.3775 0.48845729529727460738
4.3825 0.48850012786511959328
4.3875 0.48854395749209911237
4.3925 0.48858488353886847522
4.3975 0.48861740047897089800
4.4025 0.48863990846259952594
4.4075 0.48864630414670395808
4.4125 0.48863611181996169375
4.4175 0.48860936741665406124
4.4225 0.48856965937983187764
4.4275 0.48851824884436251262
4.4325 0.48846112821660297998
4.4375 0.48840346089468639201
4.4425 0.48835161088256712203
4.4475 0.48830951662993377083
4.4525 0.48828131344889258436
4.4575 0.48826960897986143584
4.4625 0.48827463280789185074
4.4675 0.48829477446197872004
4.4725 0.48832878075546198859
4.4775 0.48837202031607351849
4.4825 0.48842106911339844277
4.4875 0.48847195037916324445
4.4925 0.48852015280811011966
4.4975 0.48856441640690567718
4.5025 0.48860250812287508992
4.5075 0.48863254009100720587
4.5125 0.48865744805807775908
4.5175 0.48867863657980198377
4.5225 0.48869868333010840766
4.5275 0.48872020084112166582
4.5325 0.48874784039866187024
4.5375 0.48878446668430031163
4.5425 0.48883326188827291858
4.5475 0.48889652791069410087
4.5525 0.48897678608161282421
4.5575 0.48907520869778225991
4.5625 0.48919228201604825212
4.5675 0.48932716692625755073
4.5725 0.48947903236703205199
4.5775 0.48964651978325962611
4.5825 0.48982860498379970915
4.5875 0.49002231369526122462
4.5925 0.49022723343542529140
4.5975 0.49044034037472322707
4.6025 0.49065956423642331785
4.6075 0.49088443136402593048
4.6125 0.49111309856808132990
4.6175 0.49134375736669888557
4.6225 0.49157504154361209014
4.6275 0.49180610906686150763
4.6325 0.49203532904385982594
4.6375 0.49226172523937572478
4.6425 0.49248478739167028673
4.6475 0.49270485247201756263
4.6525 0.49292008092829614485
4.6575 0.49313096555112612140
4.6625 0.49333538062460108309
4.6675 0.49353638986491776830
4.6725 0.49372949283920092300
4.6775 0.49391674636545840338
4.6825 0.49409765157042845329
4.6875 0.49427052091425471847
4.6925 0.49443773004825491979
4.6975 0.49459726249791063912
4.7025 0.49475183823887020074
4.7075 0.49489814263157205776
4.7125 0.49503823636163785116
4.7175 0.49517061101895609720
4.7225 0.49529732074998300551
4.7275 0.49541592385874516635
4.7325 0.49552784762716794997
4.7375 0.49563240962853782889
4.7425 0.49573046021076400125
4.7475 0.49582162513500571688
4.7525 0.49590630470879454306
4.7575 0.49598418316773312808
4.7625 0.49605498779385798214
4.7675 0.49611954584610606922
4.7725 0.49617762443646679094
4.7775 0.49623035284967947911
4.7825 0.49627797414401936260
4.7875 0.49632010431265932704
4.7925 0.49635739752954560755
4.7975 0.49639042134892302771
4.8025 0.49641864293146370501
4.8075 0.49644306882515082391
4.8125 0.49646279673179555258
4.8175 0.49647888927699956874
4.8225 0.49649223892575816697
4.8275 0.49650282161073849840
4.8325 0.49650989592084615598
4.8375 0.49651423243135917041
4.8425 0.49651628310307210912
4.8475 0.49651587393474616583
4.8525 0.49651250702551685823
4.8575 0.49650723057648160630
4.8625 0.49650015751996873226
4.8675 0.49649147489502176711
4.8725 0.49648021799431102385
4.8775 0.49646714114011958330
4.8825 0.49645277284886474289
4.8875 0.49643763189912526457
4.8925 0.49642164471739319564
4.8975 0.49640409805972873780
4.9025 0.49638691656144495745
4.9075 0.49636860444028474415
4.9125 0.49635166471204128502
4.9175 0.49633311770043342381
4.9225 0.49631603305185550967
4.9275 0.49629958480367636353
4.9325 0.49628373236722111983
4.9375 0.49626886626863764285
4.9425 0.49625487846588589580
4.9475 0.49624193845252290158
4.9525 0.49623139560166840134
4.9575 0.49622028082524072268
4.9625 0.49621247429025905351
4.9675 0.49620425872939843970
4.9725 0.49619907456319628514
4.9775 0.49619429137952886233
4.9825 0.49619143521970360267
4.9875 0.49619102117477231761
4.9925 0.49619134913270496190
4.9975 0.49619256129576833070
5.0025 0.49619609889140464665
5.0075 0.49620003182761174276
5.0125 0.49620715729920544801
5.0175 0.49621397121372290417
5.0225 0.49622233299835333264
5.0275 0.49623196700606037046
5.0325 0.49624241935049023811
5.0375 0.49625521961821711381
5.0425 0.49626865771111389192
5.0475 0.49628335196270628726
5.0525 0.49629857325680648561
5.0575 0.49631595419745150322
5.0625 0.49633391158352230255
5.0675 0.49635313312488860138
5.0725 0.49637333544961664833
5.0775 0.49639493896709047105
5.0825 0.49641678273874878524
5.0875 0.49643908249041829306
5.0925 0.49646367032694016519
5.0975 0.49648712468942807208
5.1025 0.49651188114421379582
5.1075 0.49653664343296882722
5.1125 0.49656228737013974328
5.1175 0.49658752029074226808
5.1225 0.49661254719640496313
5.1275 0.49663785758013140326
5.1325 0.49666215446784900411
5.1375 0.49668586366074485294
5.1425 0.49670940116822076549
5.1475 0.49673079487173349422
5.1525 0.49675085654672707092
5.1575 0.49677015876191371602
5.1625 0.49678828430507304681
5.1675 0.49680456300595121633
5.1725 0.49681941735466073062
5.1775 0.49683268741742458996
5.1825 0.49684509021297929010
5.1875 0.49685469530916959169
5.1925 0.49686364902871898996
5.1975 0.49687054760763510464
5.2025 0.49687536063569470723
5.2075 0.49687959003228604482
5.2125 0.49688149799988018396
5.2175 0.49688204356342502432
5.2225 0.49688145208340095405
5.2275 0.49687799678639238410
5.2325 0.49687252902258693954
5.2375 0.49686536886918525324
5.2425 0.49685610421327802699
5.2475 0.49684553169061695943
5.2525 0.49683198435813330507
5.2575 0.49681656486517222771
5.2625 0.49679826303107676999
5.2675 0.49677762393692298515
5.2725 0.49675478644448139987
5.2775 0.49672964873619751547
5.2825 0.49670138158599314027
5.2875 0.49667209772501452747
5.2925 0.49664010943457453928
5.2975 0.49660468171263844051
5.3025 0.49656767269048263103
5.3075 0.49652604948426370957
5.3125 0.49648102233379853843
5.3175 0.49643290823849417492
5.3225 0.49638131112455446958
5.3275 0.49632529652540569032
5.3325 0.49626538419207777419
5.3375 0.49620083520106800234
5.3425 0.49613064021615993493
5.3475 0.49605473848143821769
5.3525 0.49597255591753636184
5.3575 0.49588332030910337034
5.3625 0.49578825001263088224
5.3675 0.49568379910669979616
5.3725 0.49557009679648406086
5.3775 0.49544769160425894405
5.3825 0.49531374883945628040
5.3875 0.49516902904689164000
5.3925 0.49501072891876557458
5.3975 0.49483840762617525844
5.4025 0.49464986594069221271
5.4075 0.49444454652459884914
5.4125 0.49422211244148689380
5.4175 0.49398274060060937130
5.4225 0.49372529377188340005
5.4275 0.49345078182323992566
5.4325 0.49316078602094098882
5.4375 0.49285687069661632265
5.4425 0.49254040354575445715
5.4475 0.49221418979558079210
5.4525 0.49188152813162955290
5.4575 0.49154625456561906738
5.4625 0.49121082361424828200
5.4675 0.49088098410997438314
5.4725 0.49056015314330470023
5.4775 0.49024897975501852132
5.4825 0.48994470144880730711
5.4875 0.48964817510603392270
5.4925 0.48935612390486171730
5.4975 0.48906767267721218406
5.5025 0.48878411130086824032
5.5075 0.48851198970378911790
5.5125 0.48825956851367952050
5.5175 0.48803131106770597514
5.5225 0.48783403431149907625
5.5275 0.48767112672506962578
5.5325 0.48753746616780763157
5.5375 0.48742212888289782047
5.5425 0.48731821307843709024
5.5475 0.48722953120064205201
5.5525 0.48716292490323664932
5.5575 0.48712521851904838632
5.5625 0.48711892281139745897
5.5675 0.48713858256655240275
5.5725 0.48716674854808628137
5.5775 0.48718761242122171629
5.5825 0.48719392761069080233
5.5875 0.48719035359623363846
5.5925 0.48718741245475966073
5.5975 0.48719119278764089209
5.6025 0.48720011659894379985
5.6075 0.48720823877000069002
5.6125 0.48721388250319380697
5.6175 0.48721194526023225979
5.6225 0.48720302681501187481
5.6275 0.48719096615461204847
5.6325 0.48718045575699342464
5.6375 0.48717756405277745646
5.6425 0.48718294269413875419
5.6475 0.48719699193948307059
5.6525 0.48721809482027444993
5.6575 0.48724881219326282578
5.6625 0.48729170663689808096
5.6675 0.48734798849137994647
5.6725 0.48741856323008825314
5.6775 0.48750071143209189328
5.6825 0.48759005068688698881
5.6875 0.48768274392660249106
5.6925 0.48777441541563010263
5.6975 0.48786141376831093641
5.7025 0.48794085835775807825
5.7075 0.48801101848454131460
5.7125 0.48807359386317772376
5.7175 0.48813019017095310437
5.7225 0.48818192175207070216
5.7275 0.48822697728038250142
5.7325 0.48826098649157489984
5.7375 0.48827735294688356937
5.7425 0.48827399120669062738
5.7475 0.48825071986667872848
5.7525 0.48821299191765532566
5.7575 0.48816369012187854626
5.7625 0.48810440110377489864
5.7675 0.48803897174965121808
5.7725 0.48796694244318988831
5.7775 0.48789128209992155272
5.7825 0.48781299268852584827
5.7875 0.48773106469028104648
5.7925 0.48764250002467601774
5.7975 0.48754661917953356909
5.8025 0.48745336582260800906
5.8075 0.48736535543009990024
5.8125 0.48728069691769643201
5.8175 0.48719716255168038499
5.8225 0.48711458228641291157
5.8275 0.48703551542281225961
5.8325 0.48695979115408616344
5.8375 0.48689764308508115542
5.8425 0.48685637622267174951
5.8475 0.48684371433567075194
5.8525 0.48686407371492507190
5.8575 0.48691926992683631781
5.8625 0.48700423505422518744
5.8675 0.48711198514617609634
5.8725 0.48723831836149211760
5.8775 0.48738558790806829624
5.8825 0.48755946301525771025
5.8875 0.48776289628777774743
5.8925 0.48799755010276196776
5.8975 0.48826099494120389632
5.9025 0.48854737659247066128
5.9075 0.48885161561434042898
5.9125 0.48917090206786129070
5.9175 0.48950147191389964396
5.9225 0.48984096759254935893
5.9275 0.49018910485012739953
5.9325 0.49054676137433084193
5.9375 0.49091414750550699253
5.9425 0.49129497260569032768
5.9475 0.49168809317550860039
5.9525 0.49209444256927559191
5.9575 0.49251396226206117790
5.9625 0.49294815534856140093
5.9675 0.49339336527117350073
5.9725 0.49384887635379431936
5.9775 0.49431311488748724825
5.9825 0.49478558597326516288
5.9875 0.49526381804094304906
5.9925 0.49574296897358044456
5.9975 0.49621921536626567573
6.0025 0.49669070982623575450
6.0075 0.49715294321856112747
6.0125 0.49760191317414342871
6.0175 0.49803674149516674596
6.0225 0.49845658782168039691
6.0275 0.49885806116977465807
6.0325 0.49923718224690005751
6.0375 0.49959390997127572920
6.0425 0.49993279588009764680
6.0475 0.50025952898376591094
6.0525 0.50058100161146590334
6.0575 0.50089907406416622759
6.0625 0.50121757567678248968
6.0675 0.50153829450656928213
6.0725 0.50186259962791635036
6.0775 0.50219202352361214103
6.0825 0.50252943244768022435
6.0875 0.50288242909093838762
6.0925 0.50325645986568712242
6.0975 0.50365789193299026483
6.1025 0.50408683714316959712
6.1075 0.50454207235410886145
6.1125 0.50502200024458554495
6.1175 0.50552782660226469602
6.1225 0.50606014776486774043
6.1275 0.50661714832151527599
6.1325 0.50719358953084114905
6.1375 0.50778377573432709191
6.1425 0.50838116459249460544
6.1475 0.50897849337463785258
6.1525 0.50956954918233821061
6.1575 0.51014747770390300730
6.1625 0.51070598647381160173
6.1675 0.51124724249499131634
6.1725 0.51177144203087976404
6.1775 0.51227601074996165220
6.1825 0.51275186027377062103
6.1875 0.51319333443447001653
6.1925 0.51358717644762674759
6.1975 0.51392567610729722460
6.2025 0.51419885276486798631
6.2075 0.51441031235902767715
6.2125 0.51456829829482386707
6.2175 0.51468440974548279598
6.2225 0.51476284441235176104
6.2275 0.51480293729701320782
6.2325 0.51480808867585414745
6.2375 0.51478663849908889993
6.2425 0.51474626388287114676
6.2475 0.51468803042639554857
6.2525 0.51460892226825005746
6.2575 0.51451125509712902772
6.2625 0.51439479542815857993
6.2675 0.51426440662158690031
6.2725 0.51412402824397818168
6.2775 0.51398500184496243026
6.2825 0.51385753255821986496
6.2875 0.51374527560180793806
6.2925 0.51364799616850986830
6.2975 0.51356385388644865131
6.3025 0.51348254185801189831
6.3075 0.51339665280827750937
6.3125 0.51330160185033424369
6.3175 0.51319420427295692200
6.3225 0.51307556679851873405
6.3275 0.51294011050943344454
6.3325 0.51277813070118205552
6.3375 0.51257987663038051540
6.3425 0.51234205088806783479
6.3475 0.51206536906362998263
6.3525 0.51175826604324126112
6.3575 0.51142657183627682205
6.3625 0.51106764623795564173
6.3675 0.51067893106143991133
6.3725 0.51025394210598007394
6.3775 0.50978647933786391810
6.3825 0.50927945501437721365
6.3875 0.50873889098671176701
6.3925 0.50817714956470827481
6.3975 0.50760002224010325467
6.4025 0.50701272423083942886
6.4075 0.50641923784942910469
6.4125 0.50582090551804115286
6.4175 0.50521527957263223652
6.4225 0.50460296876236709895
6.4275 0.50398247799232009925
6.4325 0.50335524197127945456
6.4375 0.50272017157920900754
6.4425 0.50206957772460514278
6.4475 0.50139702578012690370
6.4525 0.50069837441179754212
6.4575 0.49997071060731074210
6.4625 0.49921265980438112031
6.4675 0.49843050595281218618
6.4725 0.49763276416476492914
6.4775 0.49683033408237081696
6.4825 0.49601996076165416616
6.4875 0.49518922467864268100
6.4925 0.49432836512468686374
6.4975 0.49342676626688597441
6.5025 0.49247844983632221849
6.5075 0.49148538034640915084
6.5125 0.49045315676036782548
6.5175 0.48939668769980398944
6.5225 0.48832754640993497608
6.5275 0.48725196614039822940
6.5325 0.48616695751583138829
6.5375 0.48506431546026768098
6.5425 0.48394064718303381190
6.5475 0.48279477998971376262
6.5525 0.48162738595362158955
6.5575 0.48044003409503560631
6.5625 0.47923768227266422270
6.5675 0.47802624971640395035
6.5725 0.47681381397130045974
6.5775 0.47561206340513373370
6.5825 0.47442626234169793520
6.5875 0.47325818956792931047
6.5925 0.47211021243003142844
6.5975 0.47098247051831693133
6.6025 0.46987518127567312609
6.6075 0.46878841719288627532
6.6125 0.46772499907384645912
6.6175 0.46668772445547052063
6.6225 0.46567676786366068997
6.6275 0.46469296516346875192
6.6325 0.46373965444592618601
6.6375 0.46282377551258441217
6.6425 0.46195083507807616074
6.6475 0.46112092442281360505
6.6525 0.46033164977830520748
6.6575 0.45957584364222708873
6.6625 0.45884612068623942260
6.6675 0.45813453988843233500
6.6725 0.45743604766326367850
6.6775 0.45675299877242492297
6.6825 0.45609596131826968257
6.6875 0.45546771278752345991
6.6925 0.45487056109102336210
6.6975 0.45430297452827617111
6.7025 0.45376188535507266941
6.7075 0.45324570904728278542
6.7125 0.45275481630113617593
6.7175 0.45229628264526905435
6.7225 0.45187396332415330491
6.7275 0.45148985214164344404
6.7325 0.45114245043245804201
6.7375 0.45082650813547586743
6.7425 0.45053985575779353923
6.7475 0.45028201840961651348
6.7525 0.45005438886902981999
6.7575 0.44986142767094988715
6.7625 0.44970705924091053385
6.7675 0.44959394138657565732
6.7725 0.44952090024718066585
6.7775 0.44948577943856782291
6.7825 0.44948688506981288038
6.7875 0.44952539794899110115
6.7925 0.44960215719920448851
6.7975 0.44971752164607692315
6.8025 0.44987392299725004197
6.8075 0.45007159296371429535
6.8125 0.45031179255745279466
6.8175 0.45059068363417897896
6.8225 0.45090213915077737017
6.8275 0.45124125894945071868
6.8325 0.45160816775400963730
6.8375 0.45200037832637757207
6.8425 0.45241750776619299446
6.8475 0.45285365551952427854
6.8525 0.45330268503283377424
6.8575 0.45375899796678859088
6.8625 0.45422050583627376907
6.8675 0.45468004822507407381
6.8725 0.45513047180138621606
6.8775 0.45556946051183561108
6.8825 0.45601354021656709259
6.8875 0.45648177253461230674
6.8925 0.45698851286878428013
6.8975 0.45753376882548907334
6.9025 0.45811606462493392744
6.9075 0.45873630760632755354
6.9125 0.45939868165986741388
6.9175 0.46011225263236688043
6.9225 0.46088548660084194264
6.9275 0.46172095178032895868
6.9325 0.46261946836885375900
6.9375 0.46358145067815564877
6.9425 0.46460465314354337796
6.9475 0.46568948427360390419
6.9525 0.46682996696077627696
6.9575 0.46802280825994502234
6.9625 0.46925929786682585299
6.9675 0.47053903869174401597
6.9725 0.47186033188810466710
6.9775 0.47322130942706813750
6.9825 0.47462658992132877867
6.9875 0.47608117638115243775
6.9925 0.47758952197760301539
6.9975 0.47915251877864356578
7.0025 0.48077416306994313899
7.0075 0.48245884361838009546
7.0125 0.48420833028537685339
7.0175 0.48601982970791884897
7.0225 0.48789486982048702046
7.0275 0.48983370103296447473
7.0325 0.49183466131355557671
7.0375 0.49389248154555853709
7.0425 0.49599621926501863411
7.0475 0.49814110713837922439
7.0525 0.50032903743653134310
7.0575 0.50256433581863790838
7.0625 0.50485081159796096895
7.0675 0.50718455957085417651
7.0725 0.50956231786560968189
7.0775 0.51197917093874600880
7.0825 0.51443471077622848764
7.0875 0.51692904023508379208
7.0925 0.51945885641251632325
7.0975 0.52201905239071766385
7.1025 0.52460715918756739562
7.1075 0.52722439042430402356
7.1125 0.52987140427232692907
7.1175 0.53254853149153358327
7.1225 0.53525315471492507235
7.1275 0.53798603254562449294
7.1325 0.54075156115115996514
7.1375 0.54355326185037233788
7.1425 0.54639569842054258597
7.1475 0.54928259020519265565
7.1525 0.55221818432066305249
7.1575 0.55520308525665174049
7.1625 0.55823776332324293037
7.1675 0.56132101957791513680
7.1725 0.56445052456162025933
7.1775 0.56761740297080198747
7.1825 0.57081729084998111823
7.1875 0.57404793332597503497
7.1925 0.57730986601278866388
7.1975 0.58060218125823004343
7.2025 0.58392033894736694588
7.2075 0.58726134454395750861
7.2125 0.59062548770319511782
7.2175 0.59401406102362719341
7.2225 0.59742407521325457953
7.2275 0.60084822976147977958
7.2325 0.60427549952347481277
7.2375 0.60768813535485555200
7.2425 0.61106600320190018749
7.2475 0.61438330982529976154
7.2525 0.61761714574541215494
7.2575 0.62075651383676333506
7.2625 0.62380061325313673759
7.2675 0.62674637452058912235
7.2725 0.62957071519198049003
7.2775 0.63225153733121242094
7.2825 0.63477072082628882566
7.2875 0.63711983032889618617
7.2925 0.63929106329753038196
7.2975 0.64128473315432410473
7.3025 0.64310460746489461759
7.3075 0.64475508769808032028
7.3125 0.64624264907676332026
7.3175 0.64756350311043497925
7.3225 0.64871094149094943315
7.3275 0.64967514515559721122
7.3325 0.65044681799252290766
7.3375 0.65102245871934549815
7.3425 0.65140440083738182508
7.3475 0.65159660449417822203
7.3525 0.65158548761933388072
7.3575 0.65134844185322149368
7.3625 0.65085688058424961966
7.3675 0.65008579624187257107
7.3725 0.64901286320111206685
7.3775 0.64763240882944062005
7.3825 0.64594536837140159591
7.3875 0.64396541250205441287
7.3925 0.64169930313568102065
7.3975 0.63914829723652988314
7.4025 0.63630977247321518497
7.4075 0.63318208340463510986
7.4125 0.62976616106038463272
7.4175 0.62607006271695264665
7.4225 0.62210867500685118614
7.4275 0.61790182870132959181
7.4325 0.61346894162285292573
7.4375 0.60882188285209393186
7.4425 0.60397421234867743056
7.4475 0.59893616738527222232
7.4525 0.59371832813506597581
7.4575 0.58833305094494081633
7.4625 0.58278847661362354060
7.4675 0.57709426051256129675
7.4725 0.57125418116045245664
7.4775 0.56526814787453061317
7.4825 0.55913724174650381027
7.4875 0.55286935092185529594
7.4925 0.54647455206838146946
7.4975 0.53995848245163491352
7.5025 0.53332837098268726095
7.5075 0.52659470506717398486
7.5125 0.51976892732098878280
7.5175 0.51286595028660675322
7.5225 0.50589980944257550988
7.5275 0.49888211762254874859
7.5325 0.49181789039450418688
7.5375 0.48471672070736804283
7.5425 0.47759761480802637168
7.5475 0.47048805022159678746
7.5525 0.46340929152016180348
7.5575 0.45637147028438834750
7.5625 0.44938036030487382710
7.5675 0.44244958256718486256
7.5725 0.43559069260616761765
7.5775 0.42881663586408591549
7.5825 0.42213388584936040182
7.5875 0.41554953577417097499
7.5925 0.40907054017506855326
7.5975 0.40270470451457718308
7.6025 0.39646194946295509887
7.6075 0.39035035468418066706
7.6125 0.38437818581569693777
7.6175 0.37855271488678415848
7.6225 0.37287892942252681694
7.6275 0.36735687739493788628
7.6325 0.36198699946304258024
7.6375 0.35677248867423250189
7.6425 0.35172101407457856403
7.6475 0.34684243861350971816
7.6525 0.34214452060822564405
7.6575 0.33762790945516796270
7.6625 0.33328666722900746056
7.6675 0.32911031189710793221
7.6725 0.32508799000028892889
7.6775 0.32121231490094681593
7.6825 0.31747982303099131496
7.6875 0.31388512996860290505
7.6925 0.31041955517271280218
7.6975 0.30707323296159766413
7.7025 0.30383644637544310330
7.7075 0.30070158272196972904
7.7125 0.29766195679180257327
7.7175 0.29471554966590007840
7.7225 0.29186042135821776977
7.7275 0.28909631514845579581
7.7325 0.28642469994283692447
7.7375 0.28384859199502182614
7.7425 0.28137215495341616478
7.7475 0.27899834302849629841
7.7525 0.27672624444321158865
7.7575 0.27455850549388161053
7.7625 0.27249221246329763391
7.7675 0.27052333428583713593
7.7725 0.26865104494922514844
7.7775 0.26687561634221101947
7.7825 0.26519856994907226033
7.7875 0.26362329363247222203
7.7925 0.26215378249098814090
7.7975 0.26079265244642668709
7.8025 0.25953946501758451415
7.8075 0.25839159471146255775
7.8125 0.25734811475388474911
7.8175 0.25640962693263147365
7.8225 0.25557798016905147742
7.8275 0.25485155398560677131
7.8325 0.25422600437689163444
7.8375 0.25369557907619394443
7.8425 0.25325512502693769967
7.8475 0.25290140590940685117
7.8525 0.25263552615056794615
7.8575 0.25245537669114659352
7.8625 0.25236443369328093178
7.8675 0.25236204708682863362
7.8725 0.25245086102783770299
7.8775 0.25263128121648015245
7.8825 0.25290315690944009663
7.8875 0.25327410538915834382
7.8925 0.25374725273182657803
7.8975 0.25432807074107194323
7.9025 0.25501844790979294464
7.9075 0.25582631978802100603
7.9125 0.25675627297906511437
7.9175 0.25781328197825498227
7.9225 0.25899871516451250519
7.9275 0.26031209009536920851
7.9325 0.26175178414158051243
7.9375 0.26331949298575046958
7.9425 0.26501949211476227841
7.9475 0.26685852850284136339
7.9525 0.26884167281223653179
7.9575 0.27097447282963832427
7.9625 0.27326249905091959391
7.9675 0.27571100623255095918
7.9725 0.27832352111865182875
7.9775 0.28109743744574738900
7.9825 0.28403067129073739094
7.9875 0.28712406407778606754
7.9925 0.29038299077468487930
7.9975 0.29380934686475995710
8.0025 0.29740393231006145847
8.0075 0.30116900048916511734
8.0125 0.30511069262172790806
8.0175 0.30923588275996938268
8.0225 0.31355249201786372648
8.0275 0.31807015293247831167
8.0325 0.32279092980403822910
8.0375 0.32772121306885737546
8.0425 0.33286356231580455090
8.0475 0.33822325742692349593
8.0525 0.34381163564875194538
8.0575 0.34963919397369563891
8.0625 0.35572395568350972939
8.0675 0.36208350947306783274
8.0725 0.36872935690615749049
8.0775 0.37566761311682161928
8.0825 0.38290654585930933296
8.0875 0.39045520197873678780
8.0925 0.39832552697797518615
8.0975 0.40652662635125302870
8.1025 0.41506485756500838269
8.1075 0.42394899495872090389
8.1125 0.43319390911566696412
8.1175 0.44282285355784645198
8.1225 0.45285854610118242425
8.1275 0.46332308971222463390
8.1325 0.47424243218309053427
8.1375 0.48564786275189492093
8.1425 0.49756656392135584221
8.1475 0.51003165965845354002
8.1525 0.52307654653562651870
8.1575 0.53673109766764126594
8.1625 0.55103379212496417239
8.1675 0.56602131108386954939
8.1725 0.58174203886633002458
8.1775 0.59824650538973100922
8.1825 0.61559189525499080631
8.1875 0.63383714141661540165
8.1925 0.65304425369835339410
8.1975 0.67327259707234776709
8.2025 0.69457830646244822503
8.2075 0.71701472996662107828
8.2125 0.74062580006459977078
8.2175 0.76545483321844243196
8.2225 0.79154312290588413337
8.2275 0.81892205915492843893
8.2325 0.84761228311173419936
8.2375 0.87763180725346223721
8.2425 0.90899641932773067587
8.2475 0.94173563732894516320
8.2525 0.97589016480978096890
8.2575 1.01149274790050047734
8.2625 1.04856845165075984738
8.2675 1.08712899914536542667
8.2725 1.12717469740715303672
8.2775 1.16870807366618811862
8.2825 1.21171861214296616716
8.2875 1.25619112192354664970
8.2925 1.30208387040507100885
8.2975 1.34932293852384921351
8.3025 1.39781470744265834405
8.3075 1.44744834238519293201
8.3125 1.49812153465504249716
8.3175 1.54971789244810542741
8.3225 1.60211499101544130319
8.3275 1.65514310436111333757
8.3325 1.70859517687127215879
8.3375 1.76217579471154328630
8.3425 1.81555551768892642350
8.3475 1.86841110478492988811
8.3525 1.92038259637390806844
8.3575 1.97104482817093584757
8.3625 2.01988247512739249601
8.3675 2.06631448645951731891
8.3725 2.10964811672531338260
8.3775 2.14906866877726043796
8.3825 2.18366368492049423011
8.3875 2.21240396377682557727
8.3925 2.23415015522678972459
8.3975 2.24771511980544103082
8.4025 2.25196167169197947189
8.4075 2.24586095953990305674
8.4125 2.22849404041249954389
8.4175 2.19906247048464420502
8.4225 2.15689968810521204290
8.4275 2.10160866135854940140
8.4325 2.03310038198457787573
8.4375 1.95166451705721377685
8.4425 1.85803886790687355912
8.4475 1.75349136273273797926
8.4525 1.63999992876179101486
8.4575 1.52055532780637947532
8.4625 1.39882776896956473323
8.4675 1.27711627251490944523
8.4725 1.15508901215507431282
8.4775 1.03155233244175970064
8.4825 0.90658475647645453410
8.4875 0.78184062564884126978
8.4925 0.66004890806042271212
8.4975 0.54453998910930956345
8.5025 0.43850548646112497142
8.5075 0.34430994414206389509
8.5125 0.26325514205326255857
8.5175 0.19566287078674038380
8.5225 0.14106461507314749237
8.5275 0.09840630410565508190
8.5325 0.06623777114980126945
8.5375 0.04288670811902466767
8.5425 0.02661959146505876728
8.5475 0.01578143435762469071
8.5525 0.00890070449805677524
8.5575 0.00475508715573730052
8.5625 0.00239511315449961312
8.5675 0.00113174590114152444
8.5725 0.00049899533456536328
8.5775 0.00020411904030929643
8.5825 0.00007699687590493621
8.5875 0.00002660970540455800
8.5925 0.00000836585699174560
8.5975 0.00000237411701074516
8.6025 0.00000060291876104162
8.6075 0.00000000000000000000
8.6125 0.00000000000000000000
8.6175 0.00000000000000000000
8.6225 0.00000000000000000000
8.6275 0.00000000000000000000
8.6325 0.00000000000000000000
8.6375 0.00000000000000000000
8.6425 0.00000000000000000000
8.6475 0.00000000000000000000
8.6525 0.00000000000000000000
8.6575 0.00000000000000000000
8.6625 0.00000000000000000000
8.6675 0.00000000000000000000
8.6725 0.00000000000000000000
8.6775 0.00000000000000000000
8.6825 0.00000000000000000000
8.6875 0.00000000000000000000
8.6925 0.00000000000000000000
8.6975 0.00000000000000000000
8.7025 0.00000000000000000000
8.7075 0.00000000000000000000
8.7125 0.00000000000000000000
8.7175 0.00000000000000000000
8.7225 0.00000000000000000000
8.7275 0.00000000000000000000
8.7325 0.00000000000000000000
8.7375 0.00000000000000000000
8.7425 0.00000000000000000000
8.7475 0.00000000000000000000
8.7525 0.00000000000000000000
8.7575 0.00000000000000000000
8.7625 0.00000000000000000000
8.7675 0.00000000000000000000
8.7725 0.00000000000000000000
8.7775 0.00000000000000000000
8.7825 0.00000000000000000000
8.7875 0.00000000000000000000
8.7925 0.00000000000000000000
8.7975 0.00000000000000000000
8.8025 0.00000000000000000000
8.8075 0.00000000000000000000
8.8125 0.00000000000000000000
8.8175 0.00000000000000000000
8.8225 0.00000000000000000000
8.8275 0.00000000000000000000
8.8325 0.00000000000000000000
8.8375 0.00000000000000000000
8.8425 0.00000000000000000000
8.8475 0.00000000000000000000
8.8525 0.00000000000000000000
8.8575 0.00000000000000000000
8.8625 0.00000000000000000000
8.8675 0.00000000000000000000
8.8725 0.00000000000000000000
8.8775 0.00000000000000000000
8.8825 0.00000000000000000000
8.8875 0.00000000000000000000
8.8925 0.00000000000000000000
8.8975 0.00000000000000000000
8.9025 0.00000000000000000000
8.9075 0.00000000000000000000
8.9125 0.00000000000000000000
8.9175 0.00000000000000000000
8.9225 0.00000000000000000000
8.9275 0.00000000000000000000
8.9325 0.00000000000000000000
8.9375 0.00000000000000000000
8.9425 0.00000000000000000000
8.9475 0.00000000000000000000
8.9525 0.00000000000000000000
8.9575 0.00000000000000000000
8.9625 0.00000000000000000000
8.9675 0.00000000000000000000
8.9725 0.00000000000000000000
8.9775 0.00000000000000000000
8.9825 0.00000000000000000000
8.9875 0.00000000000000000000
8.9925 0.00000000000000000000
8.9975 0.00000000000000000000
9.0025 0.00000000000000000000
9.0075 0.00000000000000000000
9.0125 0.00000000000000000000
9.0175 0.00000000000000000000
9.0225 0.00000000000000000000
9.0275 0.00000000000000000000
9.0325 0.00000000000000000000
9.0375 0.00000000000000000000
9.0425 0.00000000000000000000
9.0475 0.00000000000000000000
9.0525 0.00000000000000000000
9.0575 0.00000000000000000000
9.0625 0.00000000000000000000
9.0675 0.00000000000000000000
9.0725 0.00000000000000000000
9.0775 0.00000000000000000000
9.0825 0.00000000000000000000
9.0875 0.00000000000000000000
9.0925 0.00000000000000000000
9.0975 0.00000000000000000000
9.1025 0.00000000000000000000
9.1075 0.00000000000000000000
9.1125 0.00000000000000000000
9.1175 0.00000000000000000000
9.1225 0.00000000000000000000
9.1275 0.00000000000000000000
9.1325 0.00000000000000000000
9.1375 0.00000000000000000000
9.1425 0.00000000000000000000
9.1475 0.00000000000000000000
9.1525 0.00000000000000000000
9.1575 0.00000000000000000000
9.1625 0.00000000000000000000
9.1675 0.00000000000000000000
9.1725 0.00000000000000000000
9.1775 0.00000000000000000000
9.1825 0.00000000000000000000
9.1875 0.00000000000000000000
9.1925 0.00000000000000000000
9.1975 0.00000000000000000000
9.2025 0.00000000000000000000
9.2075 0.00000000000000000000
9.2125 0.00000000000000000000
9.2175 0.00000000000000000000
9.2225 0.00000000000000000000
9.2275 0.00000000000000000000
9.2325 0.00000000000000000000
9.2375 0.00000000000000000000
9.2425 0.00000000000000000000
9.2475 0.00000000000000000000
9.2525 0.00000000000000000000
9.2575 0.00000000000000000000
9.2625 0.00000000000000000000
9.2675 0.00000000000000000000
9.2725 0.00000000000000000000
9.2775 0.00000000000000000000
9.2825 0.00000000000000000000
9.2875 0.00000000000000000000
9.2925 0.00000000000000000000
9.2975 0.00000000000000000000
9.3025 0.00000000000000000000
9.3075 0.00000000000000000000
9.3125 0.00000000000000000000
9.3175 0.00000000000000000000
9.3225 0.00000000000000000000
9.3275 0.00000000000000000000
9.3325 0.00000000000000000000
9.3375 0.00000000000000000000
9.3425 0.00000000000000000000
9.3475 0.00000000000000000000
9.3525 0.00000000000000000000
9.3575 0.00000000000000000000
9.3625 0.00000000000000000000
9.3675 0.00000000000000000000
9.3725 0.00000000000000000000
9.3775 0.00000000000000000000
9.3825 0.00000000000000000000
9.3875 0.00000000000000000000
9.3925 0.00000000000000000000
9.3975 0.00000000000000000000
9.4025 0.00000000000000000000
9.4075 0.00000000000000000000
9.4125 0.00000000000000000000
9.4175 0.00000000000000000000
9.4225 0.00000000000000000000
9.4275 0.00000000000000000000
9.4325 0.00000000000000000000
9.4375 0.00000000000000000000
9.4425 0.00000000000000000000
9.4475 0.00000000000000000000
9.4525 0.00000000000000000000
9.4575 0.00000000000000000000
9.4625 0.00000000000000000000
9.4675 0.00000000000000000000
9.4725 0.00000000000000000000
9.4775 0.00000000000000000000
9.4825 0.00000000000000000000
9.4875 0.00000000000000000000
9.4925 0.00000000000000000000
9.4975 0.00000000000000000000
9.5025 0.00000000000000000000
9.5075 0.00000000000000000000
9.5125 0.00000000000000000000
9.5175 0.00000000000000000000
9.5225 0.00000000000000000000
9.5275 0.00000000000000000000
9.5325 0.00000000000000000000
9.5375 0.00000000000000000000
9.5425 0.00000000000000000000
9.5475 0.00000000000000000000
9.5525 0.00000000000000000000
9.5575 0.00000000000000000000
9.5625 0.00000000000000000000
9.5675 0.00000000000000000000
9.5725 0.00000000000000000000
9.5775 0.00000000000000000000
9.5825 0.00000000000000000000
9.5875 0.00000000000000000000
9.5925 0.00000000000000000000
9.5975 0.00000000000000000000
9.6025 0.00000000000000000000
9.6075 0.00000000000000000000
9.6125 0.00000000000000000000
9.6175 0.00000000000000000000
9.6225 0.00000000000000000000
9.6275 0.00000000000000000000
9.6325 0.00000000000000000000
9.6375 0.00000000000000000000
9.6425 0.00000000000000000000
9.6475 0.00000000000000000000
9.6525 0.00000000000000000000
9.6575 0.00000000000000000000
9.6625 0.00000000000000000000
9.6675 0.00000000000000000000
9.6725 0.00000000000000000000
9.6775 0.00000000000000000000
9.6825 0.00000000000000000000
9.6875 0.00000000000000000000
9.6925 0.00000000000000000000
9.6975 0.00000000000000000000
9.7025 0.00000000000000000000
9.7075 0.00000000000000000000
9.7125 0.00000000000000000000
9.7175 0.00000000000000000000
9.7225 0.00000000000000000000
9.7275 0.00000000000000000000
9.7325 0.00000000000000000000
9.7375 0.00000000000000000000
9.7425 0.00000000000000000000
9.7475 0.00000000000000000000
9.7525 0.00000000000000000000
9.7575 0.00000000000000000000
9.7625 0.00000000000000000000
9.7675 0.00000000000000000000
9.7725 0.00000000000000000000
9.7775 0.00000000000000000000
9.7825 0.00000000000000000000
9.7875 0.00000000000000000000
9.7925 0.00000000000000000000
9.7975 0.00000000000000000000
9.8025 0.00000000000000000000
9.8075 0.00000000000000000000
9.8125 0.00000000000000000000
9.8175 0.00000000000000000000
9.8225 0.00000000000000000000
9.8275 0.00000000000000000000
9.8325 0.00000000000000000000
9.8375 0.00000000000000000000
9.8425 0.00000000000000000000
9.8475 0.00000000000000000000
9.8525 0.00000000000000000000
9.8575 0.00000000000000000000
9.8625 0.00000000000000000000
9.8675 0.00000000000000000000
9.8725 0.00000000000000000000
9.8775 0.00000000000000000000
9.8825 0.00000000000000000000
9.8875 0.00000000000000000000
9.8925 0.00000000000000000000
9.8975 0.00000000000000000000
9.9025 0.00000000000000000000
9.9075 0.00000000000000000000
9.9125 0.00000000000000000000
9.9175 0.00000000000000000000
9.9225 0.00000000000000000000
9.9275 0.00000000000000000000
9.9325 0.00000000000000000000
9.9375 0.00000000000000000000
9.9425 0.00000000000000000000
9.9475 0.00000000000000000000
9.9525 0.00000000000000000000
9.9575 0.00000000000000000000
9.9625 0.00000000000000000000
9.9675 0.00000000000000000000
9.9725 0.00000000000000000000
9.9775 0.00000000000000000000
9.9825 0.00000000000000000000
9.9875 0.00000000000000000000
9.9925 0.00000000000000000000
9.9975 0.00000000000000000000
