xbins rho
0.0025 0.00000000000000000000
0.0075 0.00000000000000000000
0.0125 0.00000000000000000000
0.0175 0.00000000000000000000
0.0225 0.00000000000000000000
0.0275 0.00000000000000000000
0.0325 0.00000000000000000000
0.0375 0.00000000000000000000
0.0425 0.00000000000000000000
0.0475 0.00000000000000000000
0.0525 0.00000000000000000000
0.0575 0.00000000000000000000
0.0625 0.00000000000000000000
0.0675 0.00000000000000000000
0.0725 0.00000000000000000000
0.0775 0.00000000000000000000
0.0825 0.00000000000000000000
0.0875 0.00000000000000000000
0.0925 0.00000000000000000000
0.0975 0.00000000000000000000
0.1025 0.00000000000000000000
0.1075 0.00000000000000000000
0.1125 0.00000000000000000000
0.1175 0.00000000000000000000
0.1225 0.00000000000000000000
0.1275 0.00000000000000000000
0.1325 0.00000000000000000000
0.1375 0.00000000000000000000
0.1425 0.00000000000000000000
0.1475 0.00000000000000000000
0.1525 0.00000000000000000000
0.1575 0.00000000000000000000
0.1625 0.00000000000000000000
0.1675 0.00000000000000000000
0.1725 0.00000000000000000000
0.1775 0.00000000000000000000
0.1825 0.00000000000000000000
0.1875 0.00000000000000000000
0.1925 0.00000000000000000000
0.1975 0.00000000000000000000
0.2025 0.00000000000000000000
0.2075 0.00000000000000000000
0.2125 0.00000000000000000000
0.2175 0.00000000000000000000
0.2225 0.00000000000000000000
0.2275 0.00000000000000000000
0.2325 0.00000000000000000000
0.2375 0.00000000000000000000
0.2425 0.00000000000000000000
0.2475 0.00000000000000000000
0.2525 0.00000000000000000000
0.2575 0.00000000000000000000
0.2625 0.00000000000000000000
0.2675 0.00000000000000000000
0.2725 0.00000000000000000000
0.2775 0.00000000000000000000
0.2825 0.00000000000000000000
0.2875 0.00000000000000000000
0.2925 0.00000000000000000000
0.2975 0.00000000000000000000
0.3025 0.00000000000000000000
0.3075 0.00000000000000000000
0.3125 0.00000000000000000000
0.3175 0.00000000000000000000
0.3225 0.00000000000000000000
0.3275 0.00000000000000000000
0.3325 0.00000000000000000000
0.3375 0.00000000000000000000
0.3425 0.00000000000000000000
0.3475 0.00000000000000000000
0.3525 0.00000000000000000000
0.3575 0.00000000000000000000
0.3625 0.00000000000000000000
0.3675 0.00000000000000000000
0.3725 0.00000000000000000000
0.3775 0.00000000000000000000
0.3825 0.00000000000000000000
0.3875 0.00000000000000000000
0.3925 0.00000000000000000000
0.3975 0.00000000000000000000
0.4025 0.00000000000000000000
0.4075 0.00000000000000000000
0.4125 0.00000000000000000000
0.4175 0.00000000000000000000
0.4225 0.00000000000000000000
0.4275 0.00000000000000000000
0.4325 0.00000000000000000000
0.4375 0.00000000000000000000
0.4425 0.00000000000000000000
0.4475 0.00000000000000000000
0.4525 0.00000000000000000000
0.4575 0.00000000000000000000
0.4625 0.00000000000000000000
0.4675 0.00000000000000000000
0.4725 0.00000000000000000000
0.4775 0.00000000000000000000
0.4825 0.00000000000000000000
0.4875 0.00000000000000000000
0.4925 0.00000000000000000000
0.4975 0.00000000000000000000
0.5025 0.00000000000000000000
0.5075 0.00000000000000000000
0.5125 0.00000000000000000000
0.5175 0.00000000000000000000
0.5225 0.00000000000000000000
0.5275 0.00000000000000000000
0.5325 0.00000000000000000000
0.5375 0.00000000000000000000
0.5425 0.00000000000000000000
0.5475 0.00000000000000000000
0.5525 0.00000000000000000000
0.5575 0.00000000000000000000
0.5625 0.00000000000000000000
0.5675 0.00000000000000000000
0.5725 0.00000000000000000000
0.5775 0.00000000000000000000
0.5825 0.00000000000000000000
0.5875 0.00000000000000000000
0.5925 0.00000000000000000000
0.5975 0.00000000000000000000
0.6025 0.00000000000000000000
0.6075 0.00000000000000000000
0.6125 0.00000000000000000000
0.6175 0.00000000000000000000
0.6225 0.00000000000000000000
0.6275 0.00000000000000000000
0.6325 0.00000000000000000000
0.6375 0.00000000000000000000
0.6425 0.00000000000000000000
0.6475 0.00000000000000000000
0.6525 0.00000000000000000000
0.6575 0.00000000000000000000
0.6625 0.00000000000000000000
0.6675 0.00000000000000000000
0.6725 0.00000000000000000000
0.6775 0.00000000000000000000
0.6825 0.00000000000000000000
0.6875 0.00000000000000000000
0.6925 0.00000000000000000000
0.6975 0.00000000000000000000
0.7025 0.00000000000000000000
0.7075 0.00000000000000000000
0.7125 0.00000000000000000000
0.7175 0.00000000000000000000
0.7225 0.00000000000000000000
0.7275 0.00000000000000000000
0.7325 0.00000000000000000000
0.7375 0.00000000000000000000
0.7425 0.00000000000000000000
0.7475 0.00000000000000000000
0.7525 0.00000000000000000000
0.7575 0.00000000000000000000
0.7625 0.00000000000000000000
0.7675 0.00000000000000000000
0.7725 0.00000000000000000000
0.7775 0.00000000000000000000
0.7825 0.00000000000000000000
0.7875 0.00000000000000000000
0.7925 0.00000000000000000000
0.7975 0.00000000000000000000
0.8025 0.00000000000000000000
0.8075 0.00000000000000000000
0.8125 0.00000000000000000000
0.8175 0.00000000000000000000
0.8225 0.00000000000000000000
0.8275 0.00000000000000000000
0.8325 0.00000000000000000000
0.8375 0.00000000000000000000
0.8425 0.00000000000000000000
0.8475 0.00000000000000000000
0.8525 0.00000000000000000000
0.8575 0.00000000000000000000
0.8625 0.00000000000000000000
0.8675 0.00000000000000000000
0.8725 0.00000000000000000000
0.8775 0.00000000000000000000
0.8825 0.00000000000000000000
0.8875 0.00000000000000000000
0.8925 0.00000000000000000000
0.8975 0.00000000000000000000
0.9025 0.00000000000000000000
0.9075 0.00000000000000000000
0.9125 0.00000000000000000000
0.9175 0.00000000000000000000
0.9225 0.00000000000000000000
0.9275 0.00000000000000000000
0.9325 0.00000000000000000000
0.9375 0.00000000000000000000
0.9425 0.00000000000000000000
0.9475 0.00000000000000000000
0.9525 0.00000000000000000000
0.9575 0.00000000000000000000
0.9625 0.00000000000000000000
0.9675 0.00000000000000000000
0.9725 0.00000000000000000000
0.9775 0.00000000000000000000
0.9825 0.00000000000000000000
0.9875 0.00000000000000000000
0.9925 0.00000000000000000000
0.9975 0.00000000000000000000
1.0025 0.00000000000000000000
1.0075 0.00000000000000000000
1.0125 0.00000000000000000000
1.0175 0.00000000000000000000
1.0225 0.00000000000000000000
1.0275 0.00000000000000000000
1.0325 0.00000000000000000000
1.0375 0.00000000000000000000
1.0425 0.00000000000000000000
1.0475 0.00000000000000000000
1.0525 0.00000000000000000000
1.0575 0.00000000000000000000
1.0625 0.00000000000000000000
1.0675 0.00000000000000000000
1.0725 0.00000000000000000000
1.0775 0.00000000000000000000
1.0825 0.00000000000000000000
1.0875 0.00000000000000000000
1.0925 0.00000000000000000000
1.0975 0.00000000000000000000
1.1025 0.00000000000000000000
1.1075 0.00000000000000000000
1.1125 0.00000000000000000000
1.1175 0.00000000000000000000
1.1225 0.00000000000000000000
1.1275 0.00000000000000000000
1.1325 0.00000000000000000000
1.1375 0.00000000000000000000
1.1425 0.00000000000000000000
1.1475 0.00000000000000000000
1.1525 0.00000000000000000000
1.1575 0.00000000000000000000
1.1625 0.00000000000000000000
1.1675 0.00000000000000000000
1.1725 0.00000000000000000000
1.1775 0.00000000000000000000
1.1825 0.00000000000000000000
1.1875 0.00000000000000000000
1.1925 0.00000000000000000000
1.1975 0.00000000000000000000
1.2025 0.00000000000000000000
1.2075 0.00000000000000000000
1.2125 0.00000000000000000000
1.2175 0.00000000000000000000
1.2225 0.00000000000000000000
1.2275 0.00000000000000000000
1.2325 0.00000000000000000000
1.2375 0.00000000000000000000
1.2425 0.00000000000000000000
1.2475 0.00000000000000000000
1.2525 0.00000000000000000000
1.2575 0.00000000000000000000
1.2625 0.00000000000000000000
1.2675 0.00000000000000000000
1.2725 0.00000000000000000000
1.2775 0.00000000000000000000
1.2825 0.00000000000000000000
1.2875 0.00000000000000000000
1.2925 0.00000000000000000000
1.2975 0.00000000000000000000
1.3025 0.00000000000000000000
1.3075 0.00000000000000000000
1.3125 0.00000000000000000000
1.3175 0.00000000000000000000
1.3225 0.00000000000000000000
1.3275 0.00000000000000000000
1.3325 0.00000000000000000000
1.3375 0.00000000000000000000
1.3425 0.00000000000000000000
1.3475 0.00000000000000000000
1.3525 0.00000000000000000000
1.3575 0.00000000000000000000
1.3625 0.00000000000000000000
1.3675 0.00000000000000000000
1.3725 0.00000000000000000000
1.3775 0.00000000000000000000
1.3825 0.00000000000000000000
1.3875 0.00000000000000000000
1.3925 0.00000000000000000000
1.3975 0.00000000000000000000
1.4025 0.00000000000000000000
1.4075 0.00000000000000000000
1.4125 0.00000000000000000000
1.4175 0.00000000000000000000
1.4225 0.00000197230339708219
1.4275 0.00000000000000000000
1.4325 0.00001127737042255006
1.4375 0.00002427393494760390
1.4425 0.00004906953410161306
1.4475 0.00009362254978213084
1.4525 0.00016936721366471268
1.4575 0.00029172981846044933
1.4625 0.00048029363159067653
1.4675 0.00075847111295366480
1.4725 0.00115260197453795148
1.4775 0.00169047730081878689
1.4825 0.00239939455139340273
1.4875 0.00330392808846394388
1.4925 0.00442368306196180058
1.4975 0.00577130435581989058
1.5025 0.00735100939244882727
1.5075 0.00915779552553935144
1.5125 0.01117744075079762922
1.5175 0.01338718796876687406
1.5225 0.01575704015818085377
1.5275 0.01825144699103108809
1.5325 0.02083118299696125331
1.5375 0.02345526169699590352
1.5425 0.02608271694652812209
1.5475 0.02867417311926913695
1.5525 0.03119313177551534533
1.5575 0.03360694746126059729
1.5625 0.03588752496116686536
1.5675 0.03801168309915099741
1.5725 0.03996132693997560964
1.5775 0.04172333624012890263
1.5825 0.04328927460435763597
1.5875 0.04465522859531592670
1.5925 0.04582099061948496227
1.5975 0.04678974011580561143
1.6025 0.04756744236706925838
1.6075 0.04816229454900936707
1.6125 0.04858418755099946224
1.6175 0.04884428143702316399
1.6225 0.04895451369007493281
1.6275 0.04892728839878270758
1.6325 0.04877514364002484559
1.6375 0.04851048731914633233
1.6425 0.04814542946504046794
1.6475 0.04769162048806011717
1.6525 0.04716013351373753854
1.6575 0.04656142850217056400
1.6625 0.04590524583635260253
1.6675 0.04520061590675546886
1.6725 0.04445589314278632770
1.6775 0.04367866738510828989
1.6825 0.04287586137410894643
1.6875 0.04205370451578853419
1.6925 0.04121781554614402376
1.6975 0.04037317065569662189
1.7025 0.03952420700197280951
1.7075 0.03867480315717467670
1.7125 0.03782836565523798461
1.7175 0.03698783800920111414
1.7225 0.03615576635791191429
1.7275 0.03533431754773183608
1.7325 0.03452532174034204232
1.7375 0.03373032341140677626
1.7425 0.03295058225698876270
1.7475 0.03218713356657249697
1.7525 0.03144079292691198679
1.7575 0.03071218003723454743
1.7625 0.03000175867233740787
1.7675 0.02930983454061278012
1.7725 0.02863658540987118820
1.7775 0.02798205990558205389
1.7825 0.02734622888410415467
1.7875 0.02672895730823084126
1.7925 0.02613005623776315511
1.7975 0.02554926513467093568
1.8025 0.02498628812283553574
1.8075 0.02444078364697354136
1.8125 0.02391239951888366605
1.8175 0.02340074714641339829
1.8225 0.02290543598363442568
1.8275 0.02242606331062012640
1.8325 0.02196222126219693482
1.8375 0.02151349314649432173
1.8425 0.02107945978617862051
1.8475 0.02065971041798001992
1.8525 0.02025381014697302112
1.8575 0.01986133637015917441
1.8625 0.01948186128949689136
1.8675 0.01911494587236457071
1.8725 0.01876015380684690689
1.8775 0.01841705174330098352
1.8825 0.01808520432715892204
1.8875 0.01776418222656496806
1.8925 0.01745357326423653543
1.8975 0.01715296705287243720
1.9025 0.01686198098248519947
1.9075 0.01658025017632250991
1.9125 0.01630743067272827362
1.9175 0.01604319674891476269
1.9225 0.01578725377391717449
1.9275 0.01553931495136326099
1.9325 0.01529912141597271347
1.9375 0.01506641548134441712
1.9425 0.01484095541341189095
1.9475 0.01462250116751581848
1.9525 0.01441082764455746575
1.9575 0.01420570557173223870
1.9625 0.01400690829477222073
1.9675 0.01381421788523712335
1.9725 0.01362741382717900206
1.9775 0.01344628191329614100
1.9825 0.01327062708793115033
1.9875 0.01310023414028369318
1.9925 0.01293492445394187756
1.9975 0.01277451318726668082
2.0025 0.01261882133345102082
2.0075 0.01246768820596981173
2.0125 0.01232096059880892144
2.0175 0.01217849483406541894
2.0225 0.01204015504737503649
2.0275 0.01190581986496542198
2.0325 0.01177537164183679874
2.0375 0.01164870885955156254
2.0425 0.01152573107009566104
2.0475 0.01140634965685439171
2.0525 0.01129047628433667641
2.0575 0.01117802383342713854
2.0625 0.01106891250946126504
2.0675 0.01096305267763165829
2.0725 0.01086035440890710350
2.0775 0.01076072822302789195
2.0825 0.01066408021256160139
2.0875 0.01057031004762136808
2.0925 0.01047931970877447917
2.0975 0.01039100921146130646
2.1025 0.01030527872611211419
2.1075 0.01022203144711301623
2.1125 0.01014117104514278798
2.1175 0.01006260711587300336
2.1225 0.00998625051149428476
2.1275 0.00991201746640378925
2.1325 0.00983982675413034268
2.1375 0.00976960223339450214
2.1425 0.00970126850514669778
2.1475 0.00963475421623303206
2.1525 0.00956999109374313643
2.1575 0.00950691147296005463
2.1625 0.00944545310344544614
2.1675 0.00938555128484878411
2.1725 0.00932715075775253713
2.1775 0.00927019490368379863
2.1825 0.00921462901803453242
2.1875 0.00916041032997982028
2.1925 0.00910749304121628855
2.1975 0.00905583886759832833
2.2025 0.00900541527484755716
2.2075 0.00895619104243518087
2.2125 0.00890814538116409607
2.2175 0.00886125670016601162
2.2225 0.00881550460533638176
2.2275 0.00877088003974377077
2.2325 0.00872736397852088772
2.2375 0.00868494743346031640
2.2425 0.00864361292880044298
2.2475 0.00860334813261371366
2.2525 0.00856413110224319568
2.2575 0.00852594413767732325
2.2625 0.00848876527729409795
2.2675 0.00845256945442496993
2.2725 0.00841732944454179864
2.2775 0.00838301930086951183
2.2825 0.00834961113665890452
2.2875 0.00831707997426083846
2.2925 0.00828540532547548253
2.2975 0.00825456531928880737
2.3025 0.00822454288199736712
2.3075 0.00819531929612131449
2.3125 0.00816688639832882125
2.3175 0.00813922973013857069
2.3225 0.00811234289082489110
2.3275 0.00808621702955826353
2.3325 0.00806084551060934698
2.3375 0.00803622480442148061
2.3425 0.00801235178010205676
2.3475 0.00798922900960331861
2.3525 0.00796685926509453808
2.3575 0.00794524447340024149
2.3625 0.00792439346345910275
2.3675 0.00790431323438893323
2.3725 0.00788501088359781256
2.3775 0.00786648515971476170
2.3825 0.00784874030149715698
2.3875 0.00783177097782775632
2.3925 0.00781556809743861290
2.3975 0.00780011814980547009
2.4025 0.00778540450726264693
2.4075 0.00777140625934730905
2.4125 0.00775810425696205758
2.4175 0.00774547801748212607
2.4225 0.00773350768593612792
2.4275 0.00772217668944393584
2.4325 0.00771147665261105036
2.4375 0.00770139341687937559
2.4425 0.00769192402781288150
2.4475 0.00768306040585557074
2.4525 0.00767480108727556457
2.4575 0.00766713900423203910
2.4625 0.00766006574673224003
2.4675 0.00765357961180265604
2.4725 0.00764766387432128797
2.4775 0.00764230038208463767
2.4825 0.00763746588027585348
2.4875 0.00763312782206951659
2.4925 0.00762925315272857101
2.4975 0.00762578798097598553
2.5025 0.00762267722301602016
2.5075 0.00761985306559942802
2.5125 0.00761723426588914801
2.5175 0.00761473393168694054
2.5225 0.00761224716638986190
2.5275 0.00760966986017252555
2.5325 0.00760688353601570409
2.5375 0.00760377212043871018
2.5425 0.00760022032409042071
2.5475 0.00759611932761160725
2.5525 0.00759136514007213541
2.5575 0.00758587183565937427
2.5625 0.00757956400261760883
2.5675 0.00757238960618317018
2.5725 0.00756431430059851910
2.5775 0.00755531981244871292
2.5825 0.00754540828687892771
2.5875 0.00753460187190779524
2.5925 0.00752293168802831320
2.5975 0.00751044894474457280
2.6025 0.00749721607638201108
2.6075 0.00748330092824049491
2.6125 0.00746878078014517801
2.6175 0.00745373766268539809
2.6225 0.00743825341131827862
2.6275 0.00742241248298311247
2.6325 0.00740629464631704926
2.6375 0.00738997172821741818
2.6425 0.00737351076867933004
2.6475 0.00735697321240289578
2.6525 0.00734040435656066470
2.6575 0.00732384941375525782
2.6625 0.00730734575258809582
2.6675 0.00729091827527682344
2.6725 0.00727459685375639840
2.6775 0.00725840478417662596
2.6825 0.00724236382883411932
2.6875 0.00722650319877529614
2.6925 0.00721084880554002418
2.6975 0.00719543537670152937
2.7025 0.00718029655879283846
2.7075 0.00716546875575131779
2.7125 0.00715098879199145641
2.7175 0.00713689355849666564
2.7225 0.00712321574069975805
2.7275 0.00710998601388381033
2.7325 0.00709721996848175236
2.7375 0.00708493420764030619
2.7425 0.00707313503075071744
2.7475 0.00706181912788707115
2.7525 0.00705097709018686139
2.7575 0.00704059677011974541
2.7625 0.00703065467310186060
2.7675 0.00702112627879472855
2.7725 0.00701198484280942443
2.7775 0.00700320170452907974
2.7825 0.00699475070758794840
2.7875 0.00698659706288755865
2.7925 0.00697871604526281199
2.7975 0.00697107629560749561
2.8025 0.00696365107697078083
2.8075 0.00695641679002423699
2.8125 0.00694934893491409335
2.8175 0.00694242800069962227
2.8225 0.00693563793276332375
2.8275 0.00692896863165266570
2.8325 0.00692240885522278030
2.8375 0.00691595772448645816
2.8425 0.00690961253382457469
2.8475 0.00690337550538877402
2.8525 0.00689724980834934085
2.8575 0.00689124126430358617
2.8625 0.00688535225256076307
2.8675 0.00687958922314832640
2.8725 0.00687395192358921433
2.8775 0.00686844101024985162
2.8825 0.00686305414298634276
2.8875 0.00685779466914487098
2.8925 0.00685265496228810306
2.8975 0.00684763368869823960
2.9025 0.00684272485664202696
2.9075 0.00683792703840909594
2.9125 0.00683323459105398406
2.9175 0.00682864160993610671
2.9225 0.00682414198589910599
2.9275 0.00681972764862594574
2.9325 0.00681538647471171405
2.9375 0.00681111010837059765
2.9425 0.00680688449931894646
2.9475 0.00680269542702234640
2.9525 0.00679853054461991568
2.9575 0.00679437579030847064
2.9625 0.00679022368131720466
2.9675 0.00678606154699294608
2.9725 0.00678189023541114679
2.9775 0.00677770855402881796
2.9825 0.00677351694709596875
2.9875 0.00676932582231507766
2.9925 0.00676514242188958406
2.9975 0.00676098001101355182
3.0025 0.00675685288168178817
3.0075 0.00675277560929816480
3.0125 0.00674876637113235207
3.0175 0.00674484464047616413
3.0225 0.00674102405207781946
3.0275 0.00673733415766498891
3.0325 0.00673379270758470497
3.0375 0.00673041909913284567
3.0425 0.00672723841060291015
3.0475 0.00672426807872290432
3.0525 0.00672152811862842137
3.0575 0.00671903407685662136
3.0625 0.00671680090538283661
3.0675 0.00671483926469787409
3.0725 0.00671315829035307610
3.0775 0.00671176666571378627
3.0825 0.00671066710889111490
3.0875 0.00670986348999488575
3.0925 0.00670935512719214935
3.0975 0.00670913998672371080
3.1025 0.00670921132537340582
3.1075 0.00670955516118344059
3.1125 0.00671015818394795314
3.1175 0.00671099855927215043
3.1225 0.00671204395984475143
3.1275 0.00671326602486681506
3.1325 0.00671462667037703558
3.1375 0.00671608846705089562
3.1425 0.00671761127179889336
3.1475 0.00671915284213602838
3.1525 0.00672068125559335296
3.1575 0.00672216035309351236
3.1625 0.00672356186255483167
3.1675 0.00672486732083689941
3.1725 0.00672605968384773142
3.1775 0.00672713505092438144
3.1825 0.00672809317241869747
3.1875 0.00672894597432048980
3.1925 0.00672970947174952525
3.1975 0.00673040639573533554
3.2025 0.00673106445125248778
3.2075 0.00673171896796933861
3.2125 0.00673240525897185298
3.2175 0.00673316116453136129
3.2225 0.00673402874752402052
3.2275 0.00673504281745666063
3.2325 0.00673624183955848829
3.2375 0.00673765233209039100
3.2425 0.00673930592303754756
3.2475 0.00674121560774290553
3.2525 0.00674339156576383644
3.2575 0.00674582970722735920
3.2625 0.00674851687041738181
3.2675 0.00675142513067075820
3.2725 0.00675452026709113824
3.2775 0.00675775285651122447
3.2825 0.00676107082482865166
3.2875 0.00676441698848776959
3.2925 0.00676773191618577387
3.2975 0.00677095865693299551
3.3025 0.00677404243763714709
3.3075 0.00677693983714528023
3.3125 0.00677960587525039318
3.3175 0.00678201408427029848
3.3225 0.00678413910806732225
3.3275 0.00678596824016194141
3.3325 0.00678749200506614976
3.3375 0.00678871029891124026
3.3425 0.00678962616275051618
3.3475 0.00679024627701610775
3.3525 0.00679058413493189780
3.3575 0.00679064995003484176
3.3625 0.00679046170140994252
3.3675 0.00679003488095753904
3.3725 0.00678938869390223378
3.3775 0.00678853865480908477
3.3825 0.00678750190607161578
3.3875 0.00678629368510603494
3.3925 0.00678493043551517665
3.3975 0.00678342672991035477
3.4025 0.00678179416345601332
3.4075 0.00678004313729468552
3.4125 0.00677818248957866385
3.4175 0.00677622415198581018
3.4225 0.00677416990286630692
3.4275 0.00677202827534837716
3.4325 0.00676980118606055562
3.4375 0.00676748808788590287
3.4425 0.00676508800139550680
3.4475 0.00676259447207451948
3.4525 0.00675999842262062049
3.4575 0.00675728794164464058
3.4625 0.00675444720865163786
3.4675 0.00675145985264933354
3.4725 0.00674830988815050201
3.4775 0.00674498483672283065
3.4825 0.00674147079699672497
3.4875 0.00673775946485748439
3.4925 0.00673384638141496291
3.4975 0.00672973041778069866
3.5025 0.00672541775802613668
3.5075 0.00672091646383202179
3.5125 0.00671623892166002285
3.5175 0.00671139923726592289
3.5225 0.00670641244039846523
3.5275 0.00670129894503102442
3.5325 0.00669607508866784922
3.5375 0.00669076080702094532
3.5425 0.00668537451457794623
3.5475 0.00667993509430204763
3.5525 0.00667446021496644754
3.5575 0.00666896774308876894
3.5625 0.00666347601898703134
3.5675 0.00665800455191500450
3.5725 0.00665256977328048445
3.5775 0.00664719574128528994
3.5825 0.00664190278856807616
3.5875 0.00663671542887811581
3.5925 0.00663165800875078083
3.5975 0.00662675658725492452
3.6025 0.00662204020558514964
3.6075 0.00661753770621302962
3.6125 0.00661327327745388216
3.6175 0.00660927311384266677
3.6225 0.00660556184265403100
3.6275 0.00660215916950337642
3.6325 0.00659908043061184241
3.6375 0.00659634331300027691
3.6425 0.00659395415221891538
3.6475 0.00659191874347263024
3.6525 0.00659024212960013928
3.6575 0.00658891558215532903
3.6625 0.00658793706818695465
3.6675 0.00658728787218836129
3.6725 0.00658695122630164036
3.6775 0.00658690280552375312
3.6825 0.00658711205026962440
3.6875 0.00658754656176823664
3.6925 0.00658816649103942994
3.6975 0.00658893054401294125
3.7025 0.00658979902162002730
3.7075 0.00659073073721328211
3.7125 0.00659168803562924614
3.7175 0.00659263810440852138
3.7225 0.00659354965773871655
3.7275 0.00659440402545791171
3.7325 0.00659518483056139963
3.7375 0.00659588602574458401
3.7425 0.00659650539712355530
3.7475 0.00659705098257227195
3.7525 0.00659752996135170872
3.7575 0.00659795838777604837
3.7625 0.00659835374054207335
3.7675 0.00659873214271736609
3.7725 0.00659911379443674489
3.7775 0.00659951745075695179
3.7825 0.00659995994328114143
3.7875 0.00660045409645692530
3.7925 0.00660101398391636091
3.7975 0.00660164893832327834
3.8025 0.00660236531001120227
3.8075 0.00660316615017928106
3.8125 0.00660404851763623981
3.8175 0.00660500647564329565
3.8225 0.00660602986763385303
3.8275 0.00660710459139097865
3.8325 0.00660820809806603095
3.8375 0.00660932115348254658
3.8425 0.00661041822328180956
3.8475 0.00661147313985379747
3.8525 0.00661246320629837753
3.8575 0.00661336403119507955
3.8625 0.00661415909668267715
3.8675 0.00661483188581901780
3.8725 0.00661537482556215188
3.8775 0.00661578678977142905
3.8825 0.00661606814655335551
3.8875 0.00661623065358165046
3.8925 0.00661628886884442925
3.8975 0.00661626015086595048
3.9025 0.00661617038517445678
3.9075 0.00661604479736345192
3.9125 0.00661590673805248410
3.9175 0.00661578459641737598
3.9225 0.00661569951004948448
3.9275 0.00661566828575616168
3.9325 0.00661570663437355700
3.9375 0.00661581877852074427
3.9425 0.00661601112269708316
3.9475 0.00661627603950370666
3.9525 0.00661660533738861380
3.9575 0.00661698677089027788
3.9625 0.00661740538211208658
3.9675 0.00661784478830511943
3.9725 0.00661828993675090370
3.9775 0.00661872738581867608
3.9825 0.00661914548141706409
3.9875 0.00661953327090380496
3.9925 0.00661988343066390646
3.9975 0.00662019545304286337
4.0025 0.00662046466137109629
4.0075 0.00662069000830901085
4.0125 0.00662087332474113263
4.0175 0.00662101361469760209
4.0225 0.00662111198694125512
4.0275 0.00662116768573358175
4.0325 0.00662117786268312872
4.0375 0.00662113950320609296
4.0425 0.00662105098038146250
4.0475 0.00662090561242161500
4.0525 0.00662069574110704228
4.0575 0.00662041606696445965
4.0625 0.00662005763615421128
4.0675 0.00661961138384673832
4.0725 0.00661906626137929652
4.0775 0.00661841397468182231
4.0825 0.00661764323594077157
4.0875 0.00661674424847234158
4.0925 0.00661571026851975452
4.0975 0.00661453063352864835
4.1025 0.00661320305151615051
4.1075 0.00661172436442683358
4.1125 0.00661009622175067185
4.1175 0.00660832105123211958
4.1225 0.00660641077626913063
4.1275 0.00660437508346595637
4.1325 0.00660222859089764236
4.1375 0.00659999202758072660
4.1425 0.00659768688063051487
4.1475 0.00659533520696882307
4.1525 0.00659296586819552340
4.1575 0.00659060351120110532
4.1625 0.00658827776079989619
4.1675 0.00658601457053085981
4.1725 0.00658383793543656712
4.1775 0.00658177390314452961
4.1825 0.00657983937461679123
4.1875 0.00657805550083751054
4.1925 0.00657643237654822761
4.1975 0.00657498179102723908
4.2025 0.00657371003059592941
4.2075 0.00657262083057267785
4.2125 0.00657171407030766788
4.2175 0.00657098827374344181
4.2225 0.00657043647097167120
4.2275 0.00657005670716823750
4.2325 0.00656983504687005601
4.2375 0.00656976420042815114
4.2425 0.00656983369080253385
4.2475 0.00657002739593678595
4.2525 0.00657033381554452366
4.2575 0.00657073494395098070
4.2625 0.00657121890188915384
4.2675 0.00657176319638904868
4.2725 0.00657234970708415155
4.2775 0.00657296069208342017
4.2825 0.00657357494506091451
4.2875 0.00657417060544782279
4.2925 0.00657472758978932832
4.2975 0.00657522633442991951
4.3025 0.00657564504681072779
4.3075 0.00657596672522816998
4.3125 0.00657617446585761784
4.3175 0.00657625277338495622
4.3225 0.00657618910020254556
4.3275 0.00657597336794831389
4.3325 0.00657560205546110169
4.3375 0.00657506780756705617
4.3425 0.00657437436445030936
4.3475 0.00657352429195571294
4.3525 0.00657252362123724072
4.3575 0.00657138344484658413
4.3625 0.00657011688602896372
4.3675 0.00656873642345291373
4.3725 0.00656726283566987003
4.3775 0.00656571364203105325
4.3825 0.00656410901031797157
4.3875 0.00656247048039377938
4.3925 0.00656081920912054885
4.3975 0.00655917537609047429
4.4025 0.00655756154851540492
4.4075 0.00655599658970246364
4.4125 0.00655449972760872510
4.4175 0.00655308516559650108
4.4225 0.00655176436570927001
4.4275 0.00655054699565861022
4.4325 0.00654943248472100552
4.4375 0.00654842047266424206
4.4425 0.00654749984777440973
4.4475 0.00654665394539580888
4.4525 0.00654585819416715967
4.4575 0.00654508718142852389
4.4625 0.00654430930256341085
4.4675 0.00654349692999468650
4.4725 0.00654262350747906746
4.4775 0.00654166646391786052
4.4825 0.00654061576535887312
4.4875 0.00653946529917025926
4.4925 0.00653822088218670300
4.4975 0.00653689130152955693
4.5025 0.00653549229705359131
4.5075 0.00653404335876109528
4.5125 0.00653256107839313323
4.5175 0.00653106148790836075
4.5225 0.00652955762518014904
4.5275 0.00652805994230691057
4.5325 0.00652657099890516321
4.5375 0.00652509618467468026
4.5425 0.00652363257572310170
4.5475 0.00652218060919890381
4.5525 0.00652073419800057799
4.5575 0.00651929301132400576
4.5625 0.00651785317977569400
4.5675 0.00651641224092822623
4.5725 0.00651496864947788586
4.5775 0.00651352217044805573
4.5825 0.00651207258878519924
4.5875 0.00651062503137529638
4.5925 0.00650918038099333046
4.5975 0.00650774346304809886
4.6025 0.00650631937450986061
4.6075 0.00650491363115045327
4.6125 0.00650353281496232009
4.6175 0.00650218142138280809
4.6225 0.00650086877767237087
4.6275 0.00649959861337172113
4.6325 0.00649838074899045017
4.6375 0.00649721587394262810
4.6425 0.00649611598606601465
4.6475 0.00649508108144090934
4.6525 0.00649411667244095998
4.6575 0.00649322979947701898
4.6625 0.00649242110515744087
4.6675 0.00649169421036781876
4.6725 0.00649105144252739956
4.6775 0.00649049418317985613
4.6825 0.00649002349361070888
4.6875 0.00648963942082647193
4.6925 0.00648934063703854747
4.6975 0.00648912621195870884
4.7025 0.00648899598176092343
4.7075 0.00648894622796758729
4.7125 0.00648897631217889952
4.7175 0.00648908366110409647
4.7225 0.00648926289521989733
4.7275 0.00648951275727232234
4.7325 0.00648982922480993880
4.7375 0.00649020907889139107
4.7425 0.00649064561742336565
4.7475 0.00649113882978418627
4.7525 0.00649168477539915651
4.7575 0.00649227705290789884
4.7625 0.00649291214484374463
4.7675 0.00649359006422509533
4.7725 0.00649430148042463677
4.7775 0.00649504730216423753
4.7825 0.00649582242505819443
4.7875 0.00649662299776709602
4.7925 0.00649744748654018309
4.7975 0.00649829116559683031
4.8025 0.00649915153730896891
4.8075 0.00650002636276257942
4.8125 0.00650091148567823358
4.8175 0.00650180503789561052
4.8225 0.00650270479620208754
4.8275 0.00650360697195631002
4.8325 0.00650450787736637625
4.8375 0.00650540672207690525
4.8425 0.00650630282519151781
4.8475 0.00650719153993966747
4.8525 0.00650807076419201644
4.8575 0.00650893918494834921
4.8625 0.00650979475538973097
4.8675 0.00651063751105563238
4.8725 0.00651146253561729095
4.8775 0.00651227135444566035
4.8825 0.00651306299148869585
4.8875 0.00651383421220371947
4.8925 0.00651458437438308998
4.8975 0.00651531420469117061
4.9025 0.00651602055359249560
4.9075 0.00651670528604888447
4.9125 0.00651736553810343313
4.9175 0.00651800089418947109
4.9225 0.00651861103433355304
4.9275 0.00651919503191989054
4.9325 0.00651975279470602340
4.9375 0.00652028355222543377
4.9425 0.00652078569465922020
4.9475 0.00652126146809387571
4.9525 0.00652170737387505230
4.9575 0.00652212460222452439
4.9625 0.00652251300572957889
4.9675 0.00652287002614747400
4.9725 0.00652319714621990565
4.9775 0.00652349619381864965
4.9825 0.00652376364377735187
4.9875 0.00652399825669917454
4.9925 0.00652420375756785579
4.9975 0.00652437642296403112
5.0025 0.00652451750784231125
5.0075 0.00652462515843298119
5.0125 0.00652470136838912296
5.0175 0.00652474501799523311
5.0225 0.00652475575486385212
5.0275 0.00652473210521368769
5.0325 0.00652467521058235859
5.0375 0.00652458596757826952
5.0425 0.00652446160890182009
5.0475 0.00652430344111095805
5.0525 0.00652410968801060264
5.0575 0.00652388524263947459
5.0625 0.00652362279922839936
5.0675 0.00652332834729588314
5.0725 0.00652299880427594306
5.0775 0.00652263527765941341
5.0825 0.00652223798390605142
5.0875 0.00652180602794019855
5.0925 0.00652134189288601073
5.0975 0.00652084429193822493
5.1025 0.00652031458124581118
5.1075 0.00651975379580512805
5.1125 0.00651915961659680840
5.1175 0.00651853589235815763
5.1225 0.00651788256855452552
5.1275 0.00651719965706526894
5.1325 0.00651648640496258359
5.1375 0.00651574722799591697
5.1425 0.00651498277533830907
5.1475 0.00651419201025427771
5.1525 0.00651337813703784310
5.1575 0.00651254160829356846
5.1625 0.00651168487217975399
5.1675 0.00651080899621296616
5.1725 0.00650991608417457977
5.1775 0.00650900987652728528
5.1825 0.00650809024057642533
5.1875 0.00650715791469641102
5.1925 0.00650622089682100294
5.1975 0.00650527654902947547
5.2025 0.00650432955115664083
5.2075 0.00650338355306529468
5.2125 0.00650243892269053349
5.2175 0.00650150021471352420
5.2225 0.00650057062843288538
5.2275 0.00649965528611959158
5.2325 0.00649875365117035496
5.2375 0.00649787267125505330
5.2425 0.00649701680112112906
5.2475 0.00649618735041036528
5.2525 0.00649539168995345948
5.2575 0.00649463035737879706
5.2625 0.00649391262964428909
5.2675 0.00649323866757872160
5.2725 0.00649261557533259773
5.2775 0.00649204915470091848
5.2825 0.00649154152787232569
5.2875 0.00649109884821999321
5.2925 0.00649072578094905036
5.2975 0.00649042745023654336
5.3025 0.00649020679109265676
5.3075 0.00649006907957273664
5.3125 0.00649001909827181221
5.3175 0.00649006042062524446
5.3225 0.00649019726683600258
5.3275 0.00649043105517078944
5.3325 0.00649076475623084140
5.3375 0.00649120360743637125
5.3425 0.00649174577369102286
5.3475 0.00649239545720793447
5.3525 0.00649315011479018912
5.3575 0.00649401338049997081
5.3625 0.00649498116203578446
5.3675 0.00649605626014562558
5.3725 0.00649723070019774061
5.3775 0.00649850762851350659
5.3825 0.00649988191116467225
5.3875 0.00650135293666052015
5.3925 0.00650291528500333491
5.3975 0.00650456587822819191
5.4025 0.00650630445157441856
5.4075 0.00650812644697008977
5.4125 0.00651003369569432434
5.4175 0.00651202063284484194
5.4225 0.00651408965493427937
5.4275 0.00651624175554916824
5.4325 0.00651848150209314962
5.4375 0.00652080778332370797
5.4425 0.00652322517606940613
5.4475 0.00652573984019924700
5.4525 0.00652835593989792816
5.4575 0.00653107199658464754
5.4625 0.00653389213918006712
5.4675 0.00653681102834033963
5.4725 0.00653982075578214261
5.4775 0.00654290837431934294
5.4825 0.00654605423468071143
5.4875 0.00654922772236829140
5.4925 0.00655239587679701252
5.4975 0.00655551568783108596
5.5025 0.00655854680916300066
5.5075 0.00656144423107181494
5.5125 0.00656417069334839110
5.5175 0.00656670102511247751
5.5225 0.00656901116469686512
5.5275 0.00657110550369562930
5.5325 0.00657298923593207032
5.5375 0.00657469266365003687
5.5425 0.00657624616014752545
5.5475 0.00657769143492739194
5.5525 0.00657907516454600202
5.5575 0.00658043355194860586
5.5625 0.00658180869479866454
5.5675 0.00658322712531973341
5.5725 0.00658471862345838283
5.5775 0.00658629606853348808
5.5825 0.00658796671596209235
5.5875 0.00658973135442130799
5.5925 0.00659158718606728256
5.5975 0.00659352188432823019
5.6025 0.00659551870022511214
5.6075 0.00659756255548045369
5.6125 0.00659963036053903569
5.6175 0.00660169345044429347
5.6225 0.00660372766274751333
5.6275 0.00660570505950779964
5.6325 0.00660759631804179893
5.6375 0.00660936964292540945
5.6425 0.00661099807994024874
5.6475 0.00661245185923908189
5.6525 0.00661370555757891023
5.6575 0.00661473692493727040
5.6625 0.00661552591105150738
5.6675 0.00661605563516361097
5.6725 0.00661631872841753933
5.6775 0.00661630668108782825
5.6825 0.00661602114316181458
5.6875 0.00661546924785411279
5.6925 0.00661466229914984497
5.6975 0.00661361638326152940
5.7025 0.00661235378700518114
5.7075 0.00661089959891926569
5.7125 0.00660928193212211197
5.7175 0.00660753398045026835
5.7225 0.00660568860858505320
5.7275 0.00660378010167961271
5.7325 0.00660184215754973207
5.7375 0.00659991259189804131
5.7425 0.00659802280172750930
5.7475 0.00659620940288098163
5.7525 0.00659450116720328595
5.7575 0.00659293058922473182
5.7625 0.00659152940465776091
5.7675 0.00659032135684231232
5.7725 0.00658933460463251817
5.7775 0.00658859351310519918
5.7825 0.00658811334613515660
5.7875 0.00658791949589331797
5.7925 0.00658802203384070521
5.7975 0.00658843139111616599
5.8025 0.00658915132966807378
5.8075 0.00659018046588365301
5.8125 0.00659150732133640879
5.8175 0.00659312089065938137
5.8225 0.00659499555564590362
5.8275 0.00659710399903917603
5.8325 0.00659940726965738394
5.8375 0.00660186439559716596
5.8425 0.00660443183093559205
5.8475 0.00660706076011963704
5.8525 0.00660970608468511474
5.8575 0.00661231867525397844
5.8625 0.00661485803973296208
5.8675 0.00661728711102576705
5.8725 0.00661957298958484180
5.8775 0.00662169049122954094
5.8825 0.00662362217561942961
5.8875 0.00662535646470600089
5.8925 0.00662688785568869669
5.8975 0.00662821699367665499
5.9025 0.00662935207751202786
5.9075 0.00663030301676724530
5.9125 0.00663108506652273881
5.9175 0.00663171434177444591
5.9225 0.00663220957081446256
5.9275 0.00663258914521032417
5.9325 0.00663286851878619813
5.9375 0.00663306564935033788
5.9425 0.00663319372760439764
5.9475 0.00663326477921861914
5.9525 0.00663329079261949089
5.9575 0.00663327824294357091
5.9625 0.00663323714902078632
5.9675 0.00663316921524129046
5.9725 0.00663308015100076784
5.9775 0.00663296987651920082
5.9825 0.00663283913869197432
5.9875 0.00663268882515149778
5.9925 0.00663251434328866914
5.9975 0.00663231584224290016
6.0025 0.00663209075083583295
6.0075 0.00663184208344923514
6.0125 0.00663157277505624539
6.0175 0.00663128627619661778
6.0225 0.00663099534524137779
6.0275 0.00663071049395256868
6.0325 0.00663045083056447698
6.0375 0.00663023173856258814
6.0425 0.00663007524049972173
6.0475 0.00662999855693197863
6.0525 0.00663001853342695072
6.0575 0.00663014826151925654
6.0625 0.00663039572146407238
6.0675 0.00663076084321855865
6.0725 0.00663123900073031569
6.0775 0.00663181590518287754
6.0825 0.00663247239794532636
6.0875 0.00663318606475510591
6.0925 0.00663392878226384992
6.0975 0.00663467410486533009
6.1025 0.00663539482143759261
6.1075 0.00663606699941760893
6.1125 0.00663666947746591445
6.1175 0.00663719058508155640
6.1225 0.00663761856002270233
6.1275 0.00663795334946895577
6.1325 0.00663819716786625755
6.1375 0.00663836246576945260
6.1425 0.00663845885088160982
6.1475 0.00663850668404621352
6.1525 0.00663852304789644757
6.1575 0.00663852968473453969
6.1625 0.00663854295790190958
6.1675 0.00663857929007464001
6.1725 0.00663865177061483906
6.1775 0.00663876950841407222
6.1825 0.00663893552304831158
6.1875 0.00663914815618610495
6.1925 0.00663940413736510953
6.1975 0.00663969664887189767
6.2025 0.00664001049993015457
6.2075 0.00664033654398360918
6.2125 0.00664066145968079599
6.2175 0.00664096913104372018
6.2225 0.00664124389438461044
6.2275 0.00664147167849669495
6.2325 0.00664163772190645707
6.2375 0.00664172577689348901
6.2425 0.00664172203787073093
6.2475 0.00664160693407405550
6.2525 0.00664137100206806975
6.2575 0.00664100222453193560
6.2625 0.00664049185093261093
6.2675 0.00663984000743204992
6.2725 0.00663904842290814236
6.2775 0.00663812868060663624
6.2825 0.00663709977554227237
6.2875 0.00663598462707664771
6.2925 0.00663481846782474662
6.2975 0.00663364017381670203
6.3025 0.00663248941906910503
6.3075 0.00663141212906740406
6.3125 0.00663045326975492642
6.3175 0.00662965818991651488
6.3225 0.00662906200036851058
6.3275 0.00662870544320136399
6.3325 0.00662861363115441020
6.3375 0.00662881234285447093
6.3425 0.00662931760565837157
6.3475 0.00663013569099094122
6.3525 0.00663127365216258872
6.3575 0.00663272750800162313
6.3625 0.00663449001021568577
6.3675 0.00663654680444134611
6.3725 0.00663888262666742848
6.3775 0.00664147410724995682
6.3825 0.00664429574590634595
6.3875 0.00664731819011018209
6.3925 0.00665050984283294556
6.3975 0.00665383776696965457
6.4025 0.00665726761574267356
6.4075 0.00666076442950961842
6.4125 0.00666429540231161088
6.4175 0.00666782866597596946
6.4225 0.00667133641767020998
6.4275 0.00667479401047773452
6.4325 0.00667817821265591447
6.4375 0.00668147166146759123
6.4425 0.00668465801456738853
6.4475 0.00668772690470555934
6.4525 0.00669066825834921646
6.4575 0.00669347571271439526
6.4625 0.00669614440039435245
6.4675 0.00669867253303689167
6.4725 0.00670105886905207181
6.4775 0.00670330134148842873
6.4825 0.00670540526726451369
6.4875 0.00670736718297087597
6.4925 0.00670919230035848992
6.4975 0.00671088287638380715
6.5025 0.00671244674515156757
6.5075 0.00671388866290277032
6.5125 0.00671521888483660439
6.5175 0.00671644860243531764
6.5225 0.00671759216430386011
6.5275 0.00671866597947364235
6.5325 0.00671968790919637207
6.5375 0.00672067346809833259
6.5425 0.00672164163246833854
6.5475 0.00672260517635973626
6.5525 0.00672357749794902891
6.5575 0.00672456710463480416
6.5625 0.00672557539282502177
6.5675 0.00672660669460782134
6.5725 0.00672765614115467762
6.5775 0.00672871867570882208
6.5825 0.00672978537095558337
6.5875 0.00673084761583834200
6.5925 0.00673189148854772337
6.5975 0.00673290508542016743
6.6025 0.00673387231221343491
6.6075 0.00673477891760120625
6.6125 0.00673560327481448340
6.6175 0.00673632591572620974
6.6225 0.00673692733482064536
6.6275 0.00673738339208902141
6.6325 0.00673767229443595749
6.6375 0.00673777267463872287
6.6425 0.00673766312441172188
6.6475 0.00673732634934650666
6.6525 0.00673675009992882445
6.6575 0.00673591896401495426
6.6625 0.00673482990988022532
6.6675 0.00673348152852422388
6.6725 0.00673187747007122049
6.6775 0.00673002921811494733
6.6825 0.00672795633705033317
6.6875 0.00672568375692937821
6.6925 0.00672324761746904975
6.6975 0.00672069180247770927
6.7025 0.00671807020490224494
6.7075 0.00671544475211590698
6.7125 0.00671288289965877184
6.7175 0.00671045985366201803
6.7225 0.00670825187102593555
6.7275 0.00670633411232022560
6.7325 0.00670477754618350411
6.7375 0.00670364250463004532
6.7425 0.00670298506819194759
6.7475 0.00670284076521827227
6.7525 0.00670323498768462134
6.7575 0.00670417486667670461
6.7625 0.00670565447067120353
6.7675 0.00670765097813360613
6.7725 0.00671013400254452923
6.7775 0.00671305847580762772
6.7825 0.00671637296340640236
6.7875 0.00672002250619536945
6.7925 0.00672394393570145254
6.7975 0.00672807557582961405
6.8025 0.00673235154538126459
6.8075 0.00673671021407551331
6.8125 0.00674109028061609626
6.8175 0.00674543344039395948
6.8225 0.00674968716461820956
6.8275 0.00675380332516091302
6.8325 0.00675774137044568915
6.8375 0.00676146697891846435
6.8425 0.00676495512665976385
6.8475 0.00676818878482002111
6.8525 0.00677115895339066957
6.8575 0.00677386442708178497
6.8625 0.00677631302069477484
6.8675 0.00677851659690810546
6.8725 0.00678049531294005591
6.8775 0.00678227171526580696
6.8825 0.00678387281193568691
6.8875 0.00678532907524010201
6.8925 0.00678667356858267141
6.8975 0.00678793683169302050
6.9025 0.00678915620245066666
6.9075 0.00679036654993097916
6.9125 0.00679160094590127751
6.9175 0.00679289583394367905
6.9225 0.00679428437129445811
6.9275 0.00679579853873277500
6.9325 0.00679746880179442521
6.9375 0.00679931742611822234
6.9425 0.00680136550808434735
6.9475 0.00680362581049006633
6.9525 0.00680610399650371459
6.9575 0.00680879817687076155
6.9625 0.00681170085031307469
6.9675 0.00681479788135267838
6.9725 0.00681807236122476418
6.9775 0.00682150152215970848
6.9825 0.00682506303548608036
6.9875 0.00682873365229797087
6.9925 0.00683249173750456480
6.9975 0.00683631652679899705
7.0025 0.00684019249299540940
7.0075 0.00684410274750375108
7.0125 0.00684803608665290279
7.0175 0.00685198535954505573
7.0225 0.00685594337101067160
7.0275 0.00685991108561114817
7.0325 0.00686388597193943791
7.0375 0.00686787315782899296
7.0425 0.00687187745581373504
7.0475 0.00687590445014903129
7.0525 0.00687996465077809691
7.0575 0.00688406601474315320
7.0625 0.00688821531652993643
7.0675 0.00689242120317096110
7.0725 0.00689668939040454475
7.0775 0.00690102829928341752
7.0825 0.00690544128188925934
7.0875 0.00690993894117704951
7.0925 0.00691452487466110918
7.0975 0.00691921111700650581
7.1025 0.00692400430671380115
7.1075 0.00692891427130307505
7.1125 0.00693394896357176806
7.1175 0.00693911692897569623
7.1225 0.00694442157415939981
7.1275 0.00694986629334298257
7.1325 0.00695544832079659711
7.1375 0.00696115992505605321
7.1425 0.00696698923444291716
7.1475 0.00697292453855972907
7.1525 0.00697894657669702410
7.1575 0.00698503797000740462
7.1625 0.00699118070943348727
7.1675 0.00699736168625903539
7.1725 0.00700356704747098508
7.1775 0.00700979383580514759
7.1825 0.00701604037021170013
7.1875 0.00702230845009097979
7.1925 0.00702860697168763461
7.1975 0.00703494686176140555
7.2025 0.00704134244504570593
7.2075 0.00704780748798699251
7.2125 0.00705435821197282053
7.2175 0.00706100829468311007
7.2225 0.00706777004302819225
7.2275 0.00707465516349943709
7.2325 0.00708167299235839057
7.2375 0.00708883020186859732
7.2425 0.00709613181696618772
7.2475 0.00710357962552321531
7.2525 0.00711117477901847001
7.2575 0.00711891007075909996
7.2625 0.00712678096034401708
7.2675 0.00713477372902955858
7.2725 0.00714287089379769986
7.2775 0.00715105700612920885
7.2825 0.00715930772163680257
7.2875 0.00716760410837021227
7.2925 0.00717592643341779472
7.2975 0.00718425766411630393
7.3025 0.00719258892714228198
7.3075 0.00720091859726537664
7.3125 0.00720925333045927680
7.3175 0.00721760937330942487
7.3225 0.00722601053880787478
7.3275 0.00723448853620590939
7.3325 0.00724308009337277896
7.3375 0.00725182309963296346
7.3425 0.00726075694788532681
7.3475 0.00726991532436156631
7.3525 0.00727932513072266415
7.3575 0.00728900711941359719
7.3625 0.00729897040474306643
7.3675 0.00730921548141229629
7.3725 0.00731973218567319363
7.3775 0.00733050114835553934
7.3825 0.00734149120579202005
7.3875 0.00735266561512768185
7.3925 0.00736398044677456613
7.3975 0.00737538366655365440
7.4025 0.00738682140233363690
7.4075 0.00739823595013625480
7.4125 0.00740957327533328745
7.4175 0.00742077478312102527
7.4225 0.00743178753335615744
7.4275 0.00744256989993565855
7.4325 0.00745308934505808669
7.4375 0.00746332455310688356
7.4425 0.00747327212385711075
7.4475 0.00748294568667431329
7.4525 0.00749237127075488320
7.4575 0.00750159312371212559
7.4625 0.00751066624754628386
7.4675 0.00751964918593542222
7.4725 0.00752860691451136699
7.4775 0.00753760006353502380
7.4825 0.00754669033832683876
7.4875 0.00755592413583164313
7.4925 0.00756534552934789214
7.4975 0.00757498691954054150
7.5025 0.00758487053623389459
7.5075 0.00759501461430547344
7.5125 0.00760542900939232668
7.5175 0.00761612261556368283
7.5225 0.00762710175958122762
7.5275 0.00763836854571629375
7.5325 0.00764992996913279634
7.5375 0.00766178723281898347
7.5425 0.00767394534587430201
7.5475 0.00768641164261435385
7.5525 0.00769919002833680151
7.5575 0.00771228798789496892
7.5625 0.00772571151114713733
7.5675 0.00773947156697600645
7.5725 0.00775357794850111293
7.5775 0.00776804385464755463
7.5825 0.00778288453123887180
7.5875 0.00779811720001551394
7.5925 0.00781376183902535854
7.5975 0.00782983884296787648
7.6025 0.00784636741610546078
7.6075 0.00786337051405829393
7.6125 0.00788086267478209715
7.6175 0.00789886176313524951
7.6225 0.00791737787705737092
7.6275 0.00793641896981566418
7.6325 0.00795599067926073579
7.6375 0.00797609549731134911
7.6425 0.00799673613597390483
7.6475 0.00801791289311746917
7.6525 0.00803963013407750851
7.6575 0.00806189318234788038
7.6625 0.00808471083255584214
7.6675 0.00810809640487126018
7.6725 0.00813206307824896300
7.6775 0.00815662466180738441
7.6825 0.00818179709746751256
7.6875 0.00820759833725004558
7.6925 0.00823404239086571003
7.6975 0.00826114255294322676
7.7025 0.00828891048307209971
7.7075 0.00831736033833497916
7.7125 0.00834649894571307636
7.7175 0.00837634025487426701
7.7225 0.00840689148392825998
7.7275 0.00843816872237117786
7.7325 0.00847017870337929239
7.7375 0.00850293927939156126
7.7425 0.00853646017448674889
7.7475 0.00857075761130317651
7.7525 0.00860584652390552519
7.7575 0.00864174156347730614
7.7625 0.00867845800608014681
7.7675 0.00871601466898661026
7.7725 0.00875442665009608378
7.7775 0.00879371518951443769
7.7825 0.00883390246166078710
7.7875 0.00887501228406288242
7.7925 0.00891706968918357275
7.7975 0.00896010968750514392
7.8025 0.00900416768431705310
7.8075 0.00904928258924772751
7.8125 0.00909550049353704919
7.8175 0.00914286923968969135
7.8225 0.00919144591705568260
7.8275 0.00924128569889390815
7.8325 0.00929244846735909069
7.8375 0.00934499532640789207
7.8425 0.00939899191825788877
7.8475 0.00945449951161801520
7.8525 0.00951158410964889414
7.8575 0.00957030993348404781
7.8625 0.00963074450575608816
7.8675 0.00969295440186239247
7.8725 0.00975700518729442218
7.8775 0.00982296855531837251
7.8825 0.00989091153112109898
7.8875 0.00996090581577156568
7.8925 0.01003302433220610093
7.8975 0.01010733669610730696
7.9025 0.01018392061109250034
7.9075 0.01026284759186922753
7.9125 0.01034419686168726836
7.9175 0.01042804249351699658
7.9225 0.01051446328254745585
7.9275 0.01060353914334821908
7.9325 0.01069535628034743932
7.9375 0.01078999601405518545
7.9425 0.01088755197859748829
7.9475 0.01098812023112958995
7.9525 0.01109179892780766397
7.9575 0.01119870545302496800
7.9625 0.01130895063030201882
7.9675 0.01142266524416502699
7.9725 0.01153997911840568685
7.9775 0.01166103636657931340
7.9825 0.01178598442735777178
7.9875 0.01191498206648492798
7.9925 0.01204818850698105223
7.9975 0.01218577389957135534
8.0025 0.01232791052960561726
8.0075 0.01247477832966516036
8.0125 0.01262656215960576700
8.0175 0.01278344863667898665
8.0225 0.01294563912600895685
8.0275 0.01311333409103783605
8.0325 0.01328674596850062603
8.0375 0.01346608902491890775
8.0425 0.01365159019909969670
8.0475 0.01384348232254273107
8.0525 0.01404200214748476012
8.0575 0.01424739951929301918
8.0625 0.01445993527820790998
8.0675 0.01467986481742915815
8.0725 0.01490747212351107263
8.0775 0.01514304228519304345
8.0825 0.01538687802913814989
8.0875 0.01563929303256613237
8.0925 0.01590062415794835093
8.0975 0.01617122712158585926
8.1025 0.01645147430202205385
8.1075 0.01674176125889826477
8.1125 0.01704250448830770676
8.1175 0.01735413306887130525
8.1225 0.01767710350603986583
8.1275 0.01801187162972281083
8.1325 0.01835892082559481900
8.1375 0.01871874046527557262
8.1425 0.01909180974854465113
8.1475 0.01947863337496474542
8.1525 0.01987970488441108061
8.1575 0.02029552418204142936
8.1625 0.02072658183824875600
8.1675 0.02117336509836556871
8.1725 0.02163636616127225659
8.1775 0.02211605961064734213
8.1825 0.02261292195305480285
8.1875 0.02312741586450459824
8.1925 0.02365999384555128940
8.1975 0.02421109092515195613
8.2025 0.02478112770407545420
8.2075 0.02537049756608440385
8.2125 0.02597955844244315485
8.2175 0.02660863022551967702
8.2225 0.02725797394176077484
8.2275 0.02792779161552737255
8.2325 0.02861821596175165641
8.2375 0.02932929230061407863
8.2425 0.03006096728351248179
8.2475 0.03081308021008919915
8.2525 0.03158534682129472693
8.2575 0.03237733083010720797
8.2625 0.03318844282998662659
8.2675 0.03401790502541492817
8.2725 0.03486471017345505602
8.2775 0.03572761512679874935
8.2825 0.03660506787431332121
8.2875 0.03749519157117671420
8.2925 0.03839571718715022175
8.2975 0.03930392920505688947
8.3025 0.04021663458864635499
8.3075 0.04113005818155392179
8.3125 0.04203983336407244448
8.3175 0.04294090856732424299
8.3225 0.04382752103593061388
8.3275 0.04469312547104827699
8.3325 0.04553036458651721352
8.3375 0.04633106381600940460
8.3425 0.04708615949930743116
8.3475 0.04778574896560317670
8.3525 0.04841910051055604153
8.3575 0.04897467308601054226
8.3625 0.04944017347397595963
8.3675 0.04980271199157117190
8.3725 0.05004885473381170263
8.3775 0.05016487004218982831
8.3825 0.05013687404069012976
8.3875 0.04995117894249972296
8.3925 0.04959455908185055051
8.3975 0.04905467802979621150
8.4025 0.04832052160217384373
8.4075 0.04738289861518226592
8.4125 0.04623500704919445564
8.4175 0.04487300328195831245
8.4225 0.04329653355494973016
8.4275 0.04150963946658584730
8.4325 0.03952037288995106229
8.4375 0.03734245038174517639
8.4425 0.03499470383273189239
8.4475 0.03250136836580520133
8.4525 0.02989194991629343101
8.4575 0.02720085791237897982
8.4625 0.02446669062762360514
8.4675 0.02173124400854352725
8.4725 0.01903814996926233086
8.4775 0.01643126592959089777
8.4825 0.01395272992017450829
8.4875 0.01164086818726214889
8.4925 0.00952809936571048267
8.4975 0.00763904295049851797
8.5025 0.00598905764535375817
8.5075 0.00458345814832843059
8.5125 0.00341757170694615689
8.5175 0.00247766015062228203
8.5225 0.00174260426155807427
8.5275 0.00118612845373667502
8.5325 0.00077925735629244249
8.5375 0.00049268741664971430
8.5425 0.00029881619343741266
8.5475 0.00017323913193361358
8.5525 0.00009563625212457094
8.5575 0.00005006203416565485
8.5625 0.00002473533172539799
8.5675 0.00001147866258890864
8.5725 0.00000497603096100517
8.5775 0.00000000000000000000
8.5825 0.00000074421772222944
8.5875 0.00000000000000000000
8.5925 0.00000000000000000000
8.5975 0.00000000000000000000
8.6025 0.00000000000000000000
8.6075 0.00000000000000000000
8.6125 0.00000000000000000000
8.6175 0.00000000000000000000
8.6225 0.00000000000000000000
8.6275 0.00000000000000000000
8.6325 0.00000000000000000000
8.6375 0.00000000000000000000
8.6425 0.00000000000000000000
8.6475 0.00000000000000000000
8.6525 0.00000000000000000000
8.6575 0.00000000000000000000
8.6625 0.00000000000000000000
8.6675 0.00000000000000000000
8.6725 0.00000000000000000000
8.6775 0.00000000000000000000
8.6825 0.00000000000000000000
8.6875 0.00000000000000000000
8.6925 0.00000000000000000000
8.6975 0.00000000000000000000
8.7025 0.00000000000000000000
8.7075 0.00000000000000000000
8.7125 0.00000000000000000000
8.7175 0.00000000000000000000
8.7225 0.00000000000000000000
8.7275 0.00000000000000000000
8.7325 0.00000000000000000000
8.7375 0.00000000000000000000
8.7425 0.00000000000000000000
8.7475 0.00000000000000000000
8.7525 0.00000000000000000000
8.7575 0.00000000000000000000
8.7625 0.00000000000000000000
8.7675 0.00000000000000000000
8.7725 0.00000000000000000000
8.7775 0.00000000000000000000
8.7825 0.00000000000000000000
8.7875 0.00000000000000000000
8.7925 0.00000000000000000000
8.7975 0.00000000000000000000
8.8025 0.00000000000000000000
8.8075 0.00000000000000000000
8.8125 0.00000000000000000000
8.8175 0.00000000000000000000
8.8225 0.00000000000000000000
8.8275 0.00000000000000000000
8.8325 0.00000000000000000000
8.8375 0.00000000000000000000
8.8425 0.00000000000000000000
8.8475 0.00000000000000000000
8.8525 0.00000000000000000000
8.8575 0.00000000000000000000
8.8625 0.00000000000000000000
8.8675 0.00000000000000000000
8.8725 0.00000000000000000000
8.8775 0.00000000000000000000
8.8825 0.00000000000000000000
8.8875 0.00000000000000000000
8.8925 0.00000000000000000000
8.8975 0.00000000000000000000
8.9025 0.00000000000000000000
8.9075 0.00000000000000000000
8.9125 0.00000000000000000000
8.9175 0.00000000000000000000
8.9225 0.00000000000000000000
8.9275 0.00000000000000000000
8.9325 0.00000000000000000000
8.9375 0.00000000000000000000
8.9425 0.00000000000000000000
8.9475 0.00000000000000000000
8.9525 0.00000000000000000000
8.9575 0.00000000000000000000
8.9625 0.00000000000000000000
8.9675 0.00000000000000000000
8.9725 0.00000000000000000000
8.9775 0.00000000000000000000
8.9825 0.00000000000000000000
8.9875 0.00000000000000000000
8.9925 0.00000000000000000000
8.9975 0.00000000000000000000
9.0025 0.00000000000000000000
9.0075 0.00000000000000000000
9.0125 0.00000000000000000000
9.0175 0.00000000000000000000
9.0225 0.00000000000000000000
9.0275 0.00000000000000000000
9.0325 0.00000000000000000000
9.0375 0.00000000000000000000
9.0425 0.00000000000000000000
9.0475 0.00000000000000000000
9.0525 0.00000000000000000000
9.0575 0.00000000000000000000
9.0625 0.00000000000000000000
9.0675 0.00000000000000000000
9.0725 0.00000000000000000000
9.0775 0.00000000000000000000
9.0825 0.00000000000000000000
9.0875 0.00000000000000000000
9.0925 0.00000000000000000000
9.0975 0.00000000000000000000
9.1025 0.00000000000000000000
9.1075 0.00000000000000000000
9.1125 0.00000000000000000000
9.1175 0.00000000000000000000
9.1225 0.00000000000000000000
9.1275 0.00000000000000000000
9.1325 0.00000000000000000000
9.1375 0.00000000000000000000
9.1425 0.00000000000000000000
9.1475 0.00000000000000000000
9.1525 0.00000000000000000000
9.1575 0.00000000000000000000
9.1625 0.00000000000000000000
9.1675 0.00000000000000000000
9.1725 0.00000000000000000000
9.1775 0.00000000000000000000
9.1825 0.00000000000000000000
9.1875 0.00000000000000000000
9.1925 0.00000000000000000000
9.1975 0.00000000000000000000
9.2025 0.00000000000000000000
9.2075 0.00000000000000000000
9.2125 0.00000000000000000000
9.2175 0.00000000000000000000
9.2225 0.00000000000000000000
9.2275 0.00000000000000000000
9.2325 0.00000000000000000000
9.2375 0.00000000000000000000
9.2425 0.00000000000000000000
9.2475 0.00000000000000000000
9.2525 0.00000000000000000000
9.2575 0.00000000000000000000
9.2625 0.00000000000000000000
9.2675 0.00000000000000000000
9.2725 0.00000000000000000000
9.2775 0.00000000000000000000
9.2825 0.00000000000000000000
9.2875 0.00000000000000000000
9.2925 0.00000000000000000000
9.2975 0.00000000000000000000
9.3025 0.00000000000000000000
9.3075 0.00000000000000000000
9.3125 0.00000000000000000000
9.3175 0.00000000000000000000
9.3225 0.00000000000000000000
9.3275 0.00000000000000000000
9.3325 0.00000000000000000000
9.3375 0.00000000000000000000
9.3425 0.00000000000000000000
9.3475 0.00000000000000000000
9.3525 0.00000000000000000000
9.3575 0.00000000000000000000
9.3625 0.00000000000000000000
9.3675 0.00000000000000000000
9.3725 0.00000000000000000000
9.3775 0.00000000000000000000
9.3825 0.00000000000000000000
9.3875 0.00000000000000000000
9.3925 0.00000000000000000000
9.3975 0.00000000000000000000
9.4025 0.00000000000000000000
9.4075 0.00000000000000000000
9.4125 0.00000000000000000000
9.4175 0.00000000000000000000
9.4225 0.00000000000000000000
9.4275 0.00000000000000000000
9.4325 0.00000000000000000000
9.4375 0.00000000000000000000
9.4425 0.00000000000000000000
9.4475 0.00000000000000000000
9.4525 0.00000000000000000000
9.4575 0.00000000000000000000
9.4625 0.00000000000000000000
9.4675 0.00000000000000000000
9.4725 0.00000000000000000000
9.4775 0.00000000000000000000
9.4825 0.00000000000000000000
9.4875 0.00000000000000000000
9.4925 0.00000000000000000000
9.4975 0.00000000000000000000
9.5025 0.00000000000000000000
9.5075 0.00000000000000000000
9.5125 0.00000000000000000000
9.5175 0.00000000000000000000
9.5225 0.00000000000000000000
9.5275 0.00000000000000000000
9.5325 0.00000000000000000000
9.5375 0.00000000000000000000
9.5425 0.00000000000000000000
9.5475 0.00000000000000000000
9.5525 0.00000000000000000000
9.5575 0.00000000000000000000
9.5625 0.00000000000000000000
9.5675 0.00000000000000000000
9.5725 0.00000000000000000000
9.5775 0.00000000000000000000
9.5825 0.00000000000000000000
9.5875 0.00000000000000000000
9.5925 0.00000000000000000000
9.5975 0.00000000000000000000
9.6025 0.00000000000000000000
9.6075 0.00000000000000000000
9.6125 0.00000000000000000000
9.6175 0.00000000000000000000
9.6225 0.00000000000000000000
9.6275 0.00000000000000000000
9.6325 0.00000000000000000000
9.6375 0.00000000000000000000
9.6425 0.00000000000000000000
9.6475 0.00000000000000000000
9.6525 0.00000000000000000000
9.6575 0.00000000000000000000
9.6625 0.00000000000000000000
9.6675 0.00000000000000000000
9.6725 0.00000000000000000000
9.6775 0.00000000000000000000
9.6825 0.00000000000000000000
9.6875 0.00000000000000000000
9.6925 0.00000000000000000000
9.6975 0.00000000000000000000
9.7025 0.00000000000000000000
9.7075 0.00000000000000000000
9.7125 0.00000000000000000000
9.7175 0.00000000000000000000
9.7225 0.00000000000000000000
9.7275 0.00000000000000000000
9.7325 0.00000000000000000000
9.7375 0.00000000000000000000
9.7425 0.00000000000000000000
9.7475 0.00000000000000000000
9.7525 0.00000000000000000000
9.7575 0.00000000000000000000
9.7625 0.00000000000000000000
9.7675 0.00000000000000000000
9.7725 0.00000000000000000000
9.7775 0.00000000000000000000
9.7825 0.00000000000000000000
9.7875 0.00000000000000000000
9.7925 0.00000000000000000000
9.7975 0.00000000000000000000
9.8025 0.00000000000000000000
9.8075 0.00000000000000000000
9.8125 0.00000000000000000000
9.8175 0.00000000000000000000
9.8225 0.00000000000000000000
9.8275 0.00000000000000000000
9.8325 0.00000000000000000000
9.8375 0.00000000000000000000
9.8425 0.00000000000000000000
9.8475 0.00000000000000000000
9.8525 0.00000000000000000000
9.8575 0.00000000000000000000
9.8625 0.00000000000000000000
9.8675 0.00000000000000000000
9.8725 0.00000000000000000000
9.8775 0.00000000000000000000
9.8825 0.00000000000000000000
9.8875 0.00000000000000000000
9.8925 0.00000000000000000000
9.8975 0.00000000000000000000
9.9025 0.00000000000000000000
9.9075 0.00000000000000000000
9.9125 0.00000000000000000000
9.9175 0.00000000000000000000
9.9225 0.00000000000000000000
9.9275 0.00000000000000000000
9.9325 0.00000000000000000000
9.9375 0.00000000000000000000
9.9425 0.00000000000000000000
9.9475 0.00000000000000000000
9.9525 0.00000000000000000000
9.9575 0.00000000000000000000
9.9625 0.00000000000000000000
9.9675 0.00000000000000000000
9.9725 0.00000000000000000000
9.9775 0.00000000000000000000
9.9825 0.00000000000000000000
9.9875 0.00000000000000000000
9.9925 0.00000000000000000000
9.9975 0.00000000000000000000
