xbins rho
0.0025 0.00000000000000000000
0.0075 0.00000000000000000000
0.0125 0.00000000000000000000
0.0175 0.00000000000000000000
0.0225 0.00000000000000000000
0.0275 0.00000000000000000000
0.0325 0.00000000000000000000
0.0375 0.00000000000000000000
0.0425 0.00000000000000000000
0.0475 0.00000000000000000000
0.0525 0.00000000000000000000
0.0575 0.00000000000000000000
0.0625 0.00000000000000000000
0.0675 0.00000000000000000000
0.0725 0.00000000000000000000
0.0775 0.00000000000000000000
0.0825 0.00000000000000000000
0.0875 0.00000000000000000000
0.0925 0.00000000000000000000
0.0975 0.00000000000000000000
0.1025 0.00000000000000000000
0.1075 0.00000000000000000000
0.1125 0.00000000000000000000
0.1175 0.00000000000000000000
0.1225 0.00000000000000000000
0.1275 0.00000000000000000000
0.1325 0.00000000000000000000
0.1375 0.00000000000000000000
0.1425 0.00000000000000000000
0.1475 0.00000000000000000000
0.1525 0.00000000000000000000
0.1575 0.00000000000000000000
0.1625 0.00000000000000000000
0.1675 0.00000000000000000000
0.1725 0.00000000000000000000
0.1775 0.00000000000000000000
0.1825 0.00000000000000000000
0.1875 0.00000000000000000000
0.1925 0.00000000000000000000
0.1975 0.00000000000000000000
0.2025 0.00000000000000000000
0.2075 0.00000000000000000000
0.2125 0.00000000000000000000
0.2175 0.00000000000000000000
0.2225 0.00000000000000000000
0.2275 0.00000000000000000000
0.2325 0.00000000000000000000
0.2375 0.00000000000000000000
0.2425 0.00000000000000000000
0.2475 0.00000000000000000000
0.2525 0.00000000000000000000
0.2575 0.00000000000000000000
0.2625 0.00000000000000000000
0.2675 0.00000000000000000000
0.2725 0.00000000000000000000
0.2775 0.00000000000000000000
0.2825 0.00000000000000000000
0.2875 0.00000000000000000000
0.2925 0.00000000000000000000
0.2975 0.00000000000000000000
0.3025 0.00000000000000000000
0.3075 0.00000000000000000000
0.3125 0.00000000000000000000
0.3175 0.00000000000000000000
0.3225 0.00000000000000000000
0.3275 0.00000000000000000000
0.3325 0.00000000000000000000
0.3375 0.00000000000000000000
0.3425 0.00000000000000000000
0.3475 0.00000000000000000000
0.3525 0.00000000000000000000
0.3575 0.00000000000000000000
0.3625 0.00000000000000000000
0.3675 0.00000000000000000000
0.3725 0.00000000000000000000
0.3775 0.00000000000000000000
0.3825 0.00000000000000000000
0.3875 0.00000000000000000000
0.3925 0.00000000000000000000
0.3975 0.00000000000000000000
0.4025 0.00000000000000000000
0.4075 0.00000000000000000000
0.4125 0.00000000000000000000
0.4175 0.00000000000000000000
0.4225 0.00000000000000000000
0.4275 0.00000000000000000000
0.4325 0.00000000000000000000
0.4375 0.00000000000000000000
0.4425 0.00000000000000000000
0.4475 0.00000000000000000000
0.4525 0.00000000000000000000
0.4575 0.00000000000000000000
0.4625 0.00000000000000000000
0.4675 0.00000000000000000000
0.4725 0.00000000000000000000
0.4775 0.00000000000000000000
0.4825 0.00000000000000000000
0.4875 0.00000000000000000000
0.4925 0.00000000000000000000
0.4975 0.00000000000000000000
0.5025 0.00000000000000000000
0.5075 0.00000000000000000000
0.5125 0.00000000000000000000
0.5175 0.00000000000000000000
0.5225 0.00000000000000000000
0.5275 0.00000000000000000000
0.5325 0.00000000000000000000
0.5375 0.00000000000000000000
0.5425 0.00000000000000000000
0.5475 0.00000000000000000000
0.5525 0.00000000000000000000
0.5575 0.00000000000000000000
0.5625 0.00000000000000000000
0.5675 0.00000000000000000000
0.5725 0.00000000000000000000
0.5775 0.00000000000000000000
0.5825 0.00000000000000000000
0.5875 0.00000000000000000000
0.5925 0.00000000000000000000
0.5975 0.00000000000000000000
0.6025 0.00000000000000000000
0.6075 0.00000000000000000000
0.6125 0.00000000000000000000
0.6175 0.00000000000000000000
0.6225 0.00000000000000000000
0.6275 0.00000000000000000000
0.6325 0.00000000000000000000
0.6375 0.00000000000000000000
0.6425 0.00000000000000000000
0.6475 0.00000000000000000000
0.6525 0.00000000000000000000
0.6575 0.00000000000000000000
0.6625 0.00000000000000000000
0.6675 0.00000000000000000000
0.6725 0.00000000000000000000
0.6775 0.00000000000000000000
0.6825 0.00000000000000000000
0.6875 0.00000000000000000000
0.6925 0.00000000000000000000
0.6975 0.00000000000000000000
0.7025 0.00000000000000000000
0.7075 0.00000000000000000000
0.7125 0.00000000000000000000
0.7175 0.00000000000000000000
0.7225 0.00000000000000000000
0.7275 0.00000000000000000000
0.7325 0.00000000000000000000
0.7375 0.00000000000000000000
0.7425 0.00000000000000000000
0.7475 0.00000000000000000000
0.7525 0.00000000000000000000
0.7575 0.00000000000000000000
0.7625 0.00000000000000000000
0.7675 0.00000000000000000000
0.7725 0.00000000000000000000
0.7775 0.00000000000000000000
0.7825 0.00000000000000000000
0.7875 0.00000000000000000000
0.7925 0.00000000000000000000
0.7975 0.00000000000000000000
0.8025 0.00000000000000000000
0.8075 0.00000000000000000000
0.8125 0.00000000000000000000
0.8175 0.00000000000000000000
0.8225 0.00000000000000000000
0.8275 0.00000000000000000000
0.8325 0.00000000000000000000
0.8375 0.00000000000000000000
0.8425 0.00000000000000000000
0.8475 0.00000000000000000000
0.8525 0.00000000000000000000
0.8575 0.00000000000000000000
0.8625 0.00000000000000000000
0.8675 0.00000000000000000000
0.8725 0.00000000000000000000
0.8775 0.00000000000000000000
0.8825 0.00000000000000000000
0.8875 0.00000000000000000000
0.8925 0.00000000000000000000
0.8975 0.00000000000000000000
0.9025 0.00000000000000000000
0.9075 0.00000000000000000000
0.9125 0.00000000000000000000
0.9175 0.00000000000000000000
0.9225 0.00000000000000000000
0.9275 0.00000000000000000000
0.9325 0.00000000000000000000
0.9375 0.00000000000000000000
0.9425 0.00000000000000000000
0.9475 0.00000000000000000000
0.9525 0.00000000000000000000
0.9575 0.00000000000000000000
0.9625 0.00000000000000000000
0.9675 0.00000000000000000000
0.9725 0.00000000000000000000
0.9775 0.00000000000000000000
0.9825 0.00000000000000000000
0.9875 0.00000000000000000000
0.9925 0.00000000000000000000
0.9975 0.00000000000000000000
1.0025 0.00000000000000000000
1.0075 0.00000000000000000000
1.0125 0.00000000000000000000
1.0175 0.00000000000000000000
1.0225 0.00000000000000000000
1.0275 0.00000000000000000000
1.0325 0.00000000000000000000
1.0375 0.00000000000000000000
1.0425 0.00000000000000000000
1.0475 0.00000000000000000000
1.0525 0.00000000000000000000
1.0575 0.00000000000000000000
1.0625 0.00000000000000000000
1.0675 0.00000000000000000000
1.0725 0.00000000000000000000
1.0775 0.00000000000000000000
1.0825 0.00000000000000000000
1.0875 0.00000000000000000000
1.0925 0.00000000000000000000
1.0975 0.00000000000000000000
1.1025 0.00000000000000000000
1.1075 0.00000000000000000000
1.1125 0.00000000000000000000
1.1175 0.00000000000000000000
1.1225 0.00000000000000000000
1.1275 0.00000000000000000000
1.1325 0.00000000000000000000
1.1375 0.00000000000000000000
1.1425 0.00000000000000000000
1.1475 0.00000000000000000000
1.1525 0.00000000000000000000
1.1575 0.00000000000000000000
1.1625 0.00000000000000000000
1.1675 0.00000000000000000000
1.1725 0.00000000000000000000
1.1775 0.00000000000000000000
1.1825 0.00000000000000000000
1.1875 0.00000000000000000000
1.1925 0.00000000000000000000
1.1975 0.00000000000000000000
1.2025 0.00000000000000000000
1.2075 0.00000000000000000000
1.2125 0.00000000000000000000
1.2175 0.00000000000000000000
1.2225 0.00000000000000000000
1.2275 0.00000000000000000000
1.2325 0.00000000000000000000
1.2375 0.00000000000000000000
1.2425 0.00000000000000000000
1.2475 0.00000000000000000000
1.2525 0.00000000000000000000
1.2575 0.00000000000000000000
1.2625 0.00000000000000000000
1.2675 0.00000000000000000000
1.2725 0.00000000000000000000
1.2775 0.00000000000000000000
1.2825 0.00000000000000000000
1.2875 0.00000000000000000000
1.2925 0.00000000000000000000
1.2975 0.00000000000000000000
1.3025 0.00000000000000000000
1.3075 0.00000000000000000000
1.3125 0.00000000000000000000
1.3175 0.00000000000000000000
1.3225 0.00000000000000000000
1.3275 0.00000000000000000000
1.3325 0.00000000000000000000
1.3375 0.00000000000000000000
1.3425 0.00000000000000000000
1.3475 0.00000000000000000000
1.3525 0.00000000000000000000
1.3575 0.00000000000000000000
1.3625 0.00000000000000000000
1.3675 0.00000000000000000000
1.3725 0.00000000000000000000
1.3775 0.00000000000000000000
1.3825 0.00000000000000000000
1.3875 0.00000000000000000000
1.3925 0.00000000000000000000
1.3975 0.00000000000000000000
1.4025 0.00000077328371571081
1.4075 0.00000274603251391086
1.4125 0.00000879580778377361
1.4175 0.00002562174826490050
1.4225 0.00006838764949982363
1.4275 0.00016841846898008178
1.4325 0.00038513166571905110
1.4375 0.00082257498507793216
1.4425 0.00164976569967182512
1.4475 0.00312244720642021467
1.4525 0.00560231572745243690
1.4575 0.00956866805512055808
1.4625 0.01561753584787970751
1.4675 0.02444423200766323787
1.4725 0.03680801556108667660
1.4775 0.05347995232318367848
1.4825 0.07517908452593434487
1.4875 0.10250385453923285817
1.4925 0.13586803887912737854
1.4975 0.17545017259189449321
1.5025 0.22116538326893225852
1.5075 0.27266114148510228743
1.5125 0.32933818496379158036
1.5175 0.39039067042111796901
1.5225 0.45485637222952818304
1.5275 0.52167118671955869935
1.5325 0.58972172326660854402
1.5375 0.65789166630277418069
1.5425 0.72510088830790608849
1.5475 0.79033722680926965509
1.5525 0.85268341847717654680
1.5575 0.91133742987934274193
1.5625 0.96562696219403709730
1.5675 1.01501725503485928925
1.5725 1.05911256510776174977
1.5775 1.09765964531474136123
1.5825 1.13053263805186055002
1.5875 1.15773033501991795546
1.5925 1.17935278461977466335
1.5975 1.19558973668709245253
1.6025 1.20670591452459352588
1.6075 1.21301600354396010850
1.6125 1.21487649248300355609
1.6175 1.21266580094030373971
1.6225 1.20677493497340937445
1.6275 1.19759237046587241338
1.6325 1.18550322069657143587
1.6375 1.17087234380248594867
1.6425 1.15404887071128925413
1.6475 1.13535723251821485391
1.6525 1.11509919817857228175
1.6575 1.09354872061403618488
1.6625 1.07095693294568183873
1.6675 1.04755030414559979768
1.6725 1.02353110055053897476
1.6775 0.99908267237606818156
1.6825 0.97436878371324486814
1.6875 0.94953605699186249822
1.6925 0.92471400421641680722
1.6975 0.90001892132739180763
1.7025 0.87555259530444295990
1.7075 0.85140359947593491352
1.7125 0.82764812947080323990
1.7175 0.80435089894346767370
1.7225 0.78156597409236738816
1.7275 0.75933444096053948069
1.7325 0.73769177276279718214
1.7375 0.71666217973830736998
1.7425 0.69626114665183902463
1.7475 0.67650056819559245547
1.7525 0.65738268815443734461
1.7575 0.63890672144957916245
1.7625 0.62106669472764841622
1.7675 0.60385302463074808088
1.7725 0.58725313418679980781
1.7775 0.57125214658851530825
1.7825 0.55583438602480284008
1.7875 0.54098221375958910340
1.7925 0.52667854888295628779
1.7975 0.51290601913082267682
1.8025 0.49964796755899137937
1.8075 0.48688734085984797240
1.8125 0.47460856669618178838
1.8175 0.46279610443757074334
1.8225 0.45143446807888071293
1.8275 0.44050961850155218036
1.8325 0.43000544572891652439
1.8375 0.41990908287006523114
1.8425 0.41020476712074077641
1.8475 0.40087881424170751510
1.8525 0.39191725146362749177
1.8575 0.38330528344461634038
1.8625 0.37502945913279461809
1.8675 0.36707667401612553704
1.8725 0.35943332584776643834
1.8775 0.35208720184315756008
1.8825 0.34502493039495757410
1.8875 0.33823565354705037445
1.8925 0.33170688100542167209
1.8975 0.32542813180797675043
1.9025 0.31938911105166528648
1.9075 0.31357967051693352856
1.9125 0.30799096753504162649
1.9175 0.30261480954020814060
1.9225 0.29744303992074300202
1.9275 0.29246877839698803836
1.9325 0.28768480963984749410
1.9375 0.28308453115293991109
1.9425 0.27866175678220006517
1.9475 0.27440992681412412768
1.9525 0.27032279432491013171
1.9575 0.26639395436708479536
1.9625 0.26261700419298944498
1.9675 0.25898563823269704631
1.9725 0.25549357755571139306
1.9775 0.25213475565845711035
1.9825 0.24890336729853509978
1.9875 0.24579375123189720065
1.9925 0.24280050417091805781
1.9975 0.23991873409007047346
2.0025 0.23714372446649373272
2.0075 0.23447217245025181453
2.0125 0.23189921128046822596
2.0175 0.22942196952349791506
2.0225 0.22703732817979202507
2.0275 0.22474234356975164584
2.0325 0.22253438394145105828
2.0375 0.22041206203118779428
2.0425 0.21837285049662219505
2.0475 0.21641493228839955854
2.0525 0.21453650250168970759
2.0575 0.21273600758552937973
2.0625 0.21101170848538031155
2.0675 0.20936203905599176656
2.0725 0.20778554195741497090
2.0775 0.20628042550752734297
2.0825 0.20484533299533158601
2.0875 0.20347883447531420198
2.0925 0.20217927288232287464
2.0975 0.20094572736268992430
2.1025 0.19977648608213960379
2.1075 0.19867025734202606313
2.1125 0.19762571462783742882
2.1175 0.19664122777478412751
2.1225 0.19571538838361052237
2.1275 0.19484687725872329445
2.1325 0.19403378066043122652
2.1375 0.19327457520263166546
2.1425 0.19256751013167752729
2.1475 0.19191112347792524395
2.1525 0.19130322572059735298
2.1575 0.19074263756992684837
2.1625 0.19022707725666260226
2.1675 0.18975533148526588234
2.1725 0.18932604440425043757
2.1775 0.18893751183933710225
2.1825 0.18858908996473472408
2.1875 0.18827961910675142243
2.1925 0.18800838761670288224
2.1975 0.18777462241935008458
2.2025 0.18757791599798287474
2.2075 0.18741758769871991186
2.2125 0.18729295734629830550
2.2175 0.18720363119393926277
2.2225 0.18714844799073893089
2.2275 0.18712699940642282814
2.2325 0.18713788729507008224
2.2375 0.18718037489570865661
2.2425 0.18725371401794607684
2.2475 0.18735676591247188427
2.2525 0.18748946120363907397
2.2575 0.18765073096554210630
2.2625 0.18784056774430851755
2.2675 0.18805910282911886267
2.2725 0.18830634969862658501
2.2775 0.18858273355714533226
2.2825 0.18888902146138952798
2.2875 0.18922564313603640329
2.2925 0.18959314911499780543
2.2975 0.18999227502282239888
2.3025 0.19042355555442347370
2.3075 0.19088736110744500274
2.3125 0.19138406051683462539
2.3175 0.19191380879536890092
2.3225 0.19247653146523691081
2.3275 0.19307208470297151925
2.3325 0.19370059763592190061
2.3375 0.19436137798105851404
2.3425 0.19505441991476737962
2.3475 0.19577914063415721713
2.3525 0.19653505335292209555
2.3575 0.19732169248541470141
2.3625 0.19813888891752143295
2.3675 0.19898607837281873101
2.3725 0.19986330379012248737
2.3775 0.20077043413234266223
2.3825 0.20170788842153780651
2.3875 0.20267598594261945766
2.3925 0.20367512382642022351
2.3975 0.20470659073663025063
2.4025 0.20577077752862504845
2.4075 0.20686856132312872458
2.4125 0.20800136436952487706
2.4175 0.20916991606212917421
2.4225 0.21037498038877025519
2.4275 0.21161751514282592379
2.4325 0.21289781225758333538
2.4375 0.21421624742270570230
2.4425 0.21557285561736116986
2.4475 0.21696734272531914556
2.4525 0.21839878158665065877
2.4575 0.21986575744048261760
2.4625 0.22136639992874806993
2.4675 0.22289829561074170350
2.4725 0.22445821848587979574
2.4775 0.22604283605960315273
2.4825 0.22764793901890376104
2.4875 0.22926951815086549225
2.4925 0.23090287868468090116
2.4975 0.23254402839822888027
2.5025 0.23418877271242322102
2.5075 0.23583320314439976118
2.5125 0.23747411270755708346
2.5175 0.23910845643935108029
2.5225 0.24073375292352533483
2.5275 0.24234809130362333640
2.5325 0.24394920529550981336
2.5375 0.24553561308963467447
2.5425 0.24710542070579868956
2.5475 0.24865693325906687572
2.5525 0.25018773510312652952
2.5575 0.25169572094783509986
2.5625 0.25317821047540350898
2.5675 0.25463219988066615462
2.5725 0.25605491515639083877
2.5775 0.25744319522264874633
2.5825 0.25879378282411302781
2.5875 0.26010382233874573821
2.5925 0.26137026471526531024
2.5975 0.26259019971459562903
2.6025 0.26376084080898476447
2.6075 0.26487934516184336031
2.6125 0.26594296415539181444
2.6175 0.26694932487603983962
2.6225 0.26789617131609355649
2.6275 0.26878200316026168437
2.6325 0.26960574257089220396
2.6375 0.27036729649723378888
2.6425 0.27106755637509072354
2.6475 0.27170813532747112307
2.6525 0.27229122950665279879
2.6575 0.27281983617305338718
2.6625 0.27329683770184859393
2.6675 0.27372559842797822283
2.6725 0.27410918165560832493
2.6775 0.27445040367158862749
2.6825 0.27475194989476059426
2.6875 0.27501575718095355727
2.6925 0.27524362782960754004
2.6975 0.27543676168003744520
2.7025 0.27559611991320664970
2.7075 0.27572231410746478319
2.7125 0.27581602676383965012
2.7175 0.27587774091884764704
2.7225 0.27590785419446484106
2.7275 0.27590707272736419986
2.7325 0.27587621486035390772
2.7375 0.27581637793340973985
2.7425 0.27572881548177263777
2.7475 0.27561520176104348234
2.7525 0.27547735292968356102
2.7575 0.27531715385017058173
2.7625 0.27513699770299754332
2.7675 0.27493909060383386889
2.7725 0.27472563437430624900
2.7775 0.27449906178866051443
2.7825 0.27426110690421090510
2.7875 0.27401376259541421199
2.7925 0.27375826676359799050
2.7975 0.27349601207618579046
2.8025 0.27322793048896742985
2.8075 0.27295494548275756053
2.8125 0.27267775013220135749
2.8175 0.27239740995960903813
2.8225 0.27211486102202703252
2.8275 0.27183111888832683922
2.8325 0.27154716897300046341
2.8375 0.27126431629166353199
2.8425 0.27098356460112210664
2.8475 0.27070574669532310175
2.8525 0.27043129613844774095
2.8575 0.27016076286843176968
2.8625 0.26989399754093257311
2.8675 0.26963050847205316529
2.8725 0.26936981146139010734
2.8775 0.26911085787065974761
2.8825 0.26885282601593896157
2.8875 0.26859441149841034591
2.8925 0.26833464690748215498
2.8975 0.26807243074719627751
2.9025 0.26780685794449843318
2.9075 0.26753736726821775171
2.9125 0.26726342271437802944
2.9175 0.26698486970825785480
2.9225 0.26670147640258451416
2.9275 0.26641387669765614898
2.9325 0.26612216554462492235
2.9375 0.26582699889149996597
2.9425 0.26552935423443824181
2.9475 0.26523001855504546587
2.9525 0.26493006979238747922
2.9575 0.26463024769647897072
2.9625 0.26433166993220397201
2.9675 0.26403475626298195111
2.9725 0.26373975682978711976
2.9775 0.26344688698102380897
2.9825 0.26315568609834594227
2.9875 0.26286569474883997310
2.9925 0.26257586288315493128
2.9975 0.26228548769174658828
3.0025 0.26199376550994168955
3.0075 0.26170000437235002577
3.0125 0.26140373434380370643
3.0175 0.26110467634067086040
3.0225 0.26080286484291620441
3.0275 0.26049857646735524730
3.0325 0.26019227419876950202
3.0375 0.25988476490398543239
3.0425 0.25957649603062038501
3.0475 0.25926857614484211112
3.0525 0.25896152605819733328
3.0575 0.25865644727906511591
3.0625 0.25835402175113625356
3.0675 0.25805474602667999307
3.0725 0.25775917752640514768
3.0775 0.25746776996672793292
3.0825 0.25718049469770931648
3.0875 0.25689739574249487175
3.0925 0.25661796679189163850
3.0975 0.25634225833410917428
3.1025 0.25606959414239544026
3.1075 0.25579944530337433983
3.1125 0.25553175778683212549
3.1175 0.25526614012780157736
3.1225 0.25500268066702969083
3.1275 0.25474127248311023708
3.1325 0.25448229270644490141
3.1375 0.25422606890494336973
3.1425 0.25397311019420409917
3.1475 0.25372384920823809473
3.1525 0.25347867516946054334
3.1575 0.25323846598889321324
3.1625 0.25300344846361799700
3.1675 0.25277429807794687955
3.1725 0.25255149707163421224
3.1775 0.25233549552829420692
3.1825 0.25212684939781360161
3.1875 0.25192589829702999316
3.1925 0.25173315989348010735
3.1975 0.25154874313937453101
3.2025 0.25137312194532063225
3.2075 0.25120634816191250716
3.2125 0.25104839559794239756
3.2175 0.25089939422037887962
3.2225 0.25075887530787327462
3.2275 0.25062663937952484039
3.2325 0.25050241567762160377
3.2375 0.25038554789367545306
3.2425 0.25027534775137294520
3.2475 0.25017155915232242025
3.2525 0.25007342467371423966
3.2575 0.24998041136481052860
3.2625 0.24989224236939944213
3.2675 0.24980836829152669454
3.2725 0.24972870655658613304
3.2775 0.24965276739713687659
3.2825 0.24958065057374737017
3.2875 0.24951215077296640121
3.2925 0.24944708491960582153
3.2975 0.24938511416716477309
3.3025 0.24932632243764876745
3.3075 0.24927052172347780035
3.3125 0.24921763989173176257
3.3175 0.24916739338015139738
3.3225 0.24911992056342058266
3.3275 0.24907539969413430847
3.3325 0.24903387728217599162
3.3375 0.24899571168021045198
3.3425 0.24896131325600753814
3.3475 0.24893107001181305482
3.3525 0.24890552624578771157
3.3575 0.24888533736921292228
3.3625 0.24887091031467922786
3.3675 0.24886281616447336607
3.3725 0.24886159884251463081
3.3775 0.24886741801276071606
3.3825 0.24888031618484809937
3.3875 0.24890050813533393104
3.3925 0.24892797575386224618
3.3975 0.24896220042518701909
3.4025 0.24900315513373158516
3.4075 0.24905031453174045208
3.4125 0.24910359280267996285
3.4175 0.24916229544485249403
3.4225 0.24922583269891288027
3.4275 0.24929340145778836058
3.4325 0.24936446527068578671
3.4375 0.24943754695531250576
3.4425 0.24951160455142704087
3.4475 0.24958549783556774337
3.4525 0.24965802151720783986
3.4575 0.24972845722725700579
3.4625 0.24979598911587952426
3.4675 0.24986011729712201412
3.4725 0.24992068386382537692
3.4775 0.24997743385289775131
3.4825 0.25003039208787586345
3.4875 0.25007899654982629345
3.4925 0.25012388999224816066
3.4975 0.25016491645003502420
3.5025 0.25020214371399462916
3.5075 0.25023605765880796437
3.5125 0.25026750465108416055
3.5175 0.25029708299537184457
3.5225 0.25032590991097813937
3.5275 0.25035503174334983179
3.5325 0.25038561979771939425
3.5375 0.25041858031722930011
3.5425 0.25045471495935783812
3.5475 0.25049442994123533035
3.5525 0.25053821576214524436
3.5575 0.25058603796556477850
3.5625 0.25063768325500956902
3.5675 0.25069262861122448838
3.5725 0.25075045261809053576
3.5775 0.25081017678479022859
3.5825 0.25087137815718790756
3.5875 0.25093327396876097257
3.5925 0.25099513088234692848
3.5975 0.25105616377572842479
3.6025 0.25111629989493505777
3.6075 0.25117490900313782509
3.6125 0.25123191886779810966
3.6175 0.25128718313322634392
3.6225 0.25134090609216203083
3.6275 0.25139288536091430881
3.6325 0.25144369629543283917
3.6375 0.25149298088011368124
3.6425 0.25154129895530979999
3.6475 0.25158893659033826351
3.6525 0.25163579628731191917
3.6575 0.25168253296914133710
3.6625 0.25172915492918279678
3.6675 0.25177600166870439669
3.6725 0.25182322151228475615
3.6775 0.25187097405448877208
3.6825 0.25191951252898842073
3.6875 0.25196888708229425724
3.6925 0.25201879962435935756
3.6975 0.25206929057691168650
3.7025 0.25212015868632237092
3.7075 0.25217106154056545542
3.7125 0.25222130547423254887
3.7175 0.25227069657041378825
3.7225 0.25231864477610871367
3.7275 0.25236476322672096728
3.7325 0.25240856367919628500
3.7375 0.25244986568677735272
3.7425 0.25248852180453623673
3.7475 0.25252448305892694069
3.7525 0.25255810152079827269
3.7575 0.25258970581416517742
3.7625 0.25261970453348869814
3.7675 0.25264884353901501113
3.7725 0.25267720841444846203
3.7775 0.25270562653552697263
3.7825 0.25273403341101341457
3.7875 0.25276269744001039763
3.7925 0.25279116324966294238
3.7975 0.25281905566857515444
3.8025 0.25284612583722498869
3.8075 0.25287146564203633048
3.8125 0.25289453064498518264
3.8175 0.25291455257632977638
3.8225 0.25293063674420951381
3.8275 0.25294250490911468487
3.8325 0.25294950066041371750
3.8375 0.25295118195634164193
3.8425 0.25294750158221690484
3.8475 0.25293831027318014470
3.8525 0.25292373304210774565
3.8575 0.25290382283378604056
3.8625 0.25287913327326688728
3.8675 0.25284990096435400186
3.8725 0.25281672529770776725
3.8775 0.25277991585138176456
3.8825 0.25273994422294743245
3.8875 0.25269735172671087264
3.8925 0.25265301226176067884
3.8975 0.25260742473253383622
3.9025 0.25256132629724059591
3.9075 0.25251555506552114672
3.9125 0.25247091009286326546
3.9175 0.25242795098403048026
3.9225 0.25238758585113185706
3.9275 0.25234973531338850128
3.9325 0.25231531651521826864
3.9375 0.25228388443112442774
3.9425 0.25225574436264069922
3.9475 0.25223011243036147500
3.9525 0.25220717769516465268
3.9575 0.25218607928749137148
3.9625 0.25216640894783581839
3.9675 0.25214780694887123369
3.9725 0.25212931476049127433
3.9775 0.25211088927909036661
3.9825 0.25209195151751978559
3.9875 0.25207204613495004519
3.9925 0.25205099176382317339
3.9975 0.25202873850252988097
4.0025 0.25200492214797770574
4.0075 0.25197982900551668672
4.0125 0.25195349396980842860
4.0175 0.25192594649060889855
4.0225 0.25189740437699092990
4.0275 0.25186797468256849619
4.0325 0.25183807612311842616
4.0375 0.25180770695885495991
4.0425 0.25177716348929984891
4.0475 0.25174671289752653669
4.0525 0.25171653691467171798
4.0575 0.25168701941556653745
4.0625 0.25165880392338468852
4.0675 0.25163206307974517184
4.0725 0.25160775152537279142
4.0775 0.25158603718363675705
4.0825 0.25156779888074870533
4.0875 0.25155337607639183251
4.0925 0.25154369228029666017
4.0975 0.25153873306208479610
4.1025 0.25153898806323699011
4.1075 0.25154486567797851304
4.1125 0.25155609324224342815
4.1175 0.25157261199604086244
4.1225 0.25159406924596455779
4.1275 0.25161964545278803218
4.1325 0.25164889798056572223
4.1375 0.25168039439581013639
4.1425 0.25171381030098288756
4.1475 0.25174778954027132727
4.1525 0.25178149484578954409
4.1575 0.25181390504665907004
4.1625 0.25184496487780760887
4.1675 0.25187352101885646105
4.1725 0.25189963889002980890
4.1775 0.25192306841870854006
4.1825 0.25194390561082691260
4.1875 0.25196236528058235660
4.1925 0.25197848672462219710
4.1975 0.25199290603604213024
4.2025 0.25200542839233708303
4.2075 0.25201651712347744594
4.2125 0.25202637906197505879
4.2175 0.25203477407319907488
4.2225 0.25204192377212714105
4.2275 0.25204740190032981495
4.2325 0.25205126880956146840
4.2375 0.25205316214245060413
4.2425 0.25205292448540728145
4.2475 0.25205039119727362662
4.2525 0.25204533858656091860
4.2575 0.25203820999224307853
4.2625 0.25202850241759183758
4.2675 0.25201688542919797875
4.2725 0.25200330107517054934
4.2775 0.25198813100599870562
4.2825 0.25197140750239405138
4.2875 0.25195340554001827149
4.2925 0.25193422469464399338
4.2975 0.25191421107554717862
4.3025 0.25189327478061934729
4.3075 0.25187100853944283108
4.3125 0.25184817012784471713
4.3175 0.25182415093080118274
4.3225 0.25179949636683496283
4.3275 0.25177447421936960392
4.3325 0.25174928758738723822
4.3375 0.25172434497850376678
4.3425 0.25170011811114406663
4.3475 0.25167706334775741261
4.3525 0.25165523499675701569
4.3575 0.25163497386384592325
4.3625 0.25161624700979562386
4.3675 0.25159882136932709695
4.3725 0.25158229174651619564
4.3775 0.25156620233788923313
4.3825 0.25154993206707892961
4.3875 0.25153243130176922149
4.3925 0.25151265052754456786
4.3975 0.25148986185678684491
4.4025 0.25146284238069005479
4.4075 0.25143071328059268810
4.4125 0.25139280193844559808
4.4175 0.25134887585702753166
4.4225 0.25129896251716599131
4.4275 0.25124375754963956808
4.4325 0.25118412769663833739
4.4375 0.25112164280898174873
4.4425 0.25105760074333427490
4.4475 0.25099400424728518511
4.4525 0.25093224411231201953
4.4575 0.25087360906067462940
4.4625 0.25081910372944277166
4.4675 0.25076939143648402375
4.4725 0.25072486162352325412
4.4775 0.25068532222291767253
4.4825 0.25065066090825904865
4.4875 0.25062015874525617187
4.4925 0.25059354517342574686
4.4975 0.25057015634779838953
4.5025 0.25054965645006965769
4.5075 0.25053171086722580974
4.5125 0.25051589772528098932
4.5175 0.25050212231591939549
4.5225 0.25049051063961425001
4.5275 0.25048098773115318183
4.5325 0.25047370213899639024
4.5375 0.25046881443545881973
4.5425 0.25046670742152304934
4.5475 0.25046740061373079511
4.5525 0.25047105352309251280
4.5575 0.25047784171672693443
4.5625 0.25048766343263129119
4.5675 0.25050064953503575760
4.5725 0.25051655622436952431
4.5775 0.25053536625390304682
4.5825 0.25055662533254269286
4.5875 0.25058026787358667065
4.5925 0.25060605010280861960
4.5975 0.25063362441181114004
4.6025 0.25066265598387393876
4.6075 0.25069306991072815016
4.6125 0.25072444650777930830
4.6175 0.25075657700829828700
4.6225 0.25078923268736719177
4.6275 0.25082224448465212374
4.6325 0.25085540749289270135
4.6375 0.25088864703412666612
4.6425 0.25092172348365149315
4.6475 0.25095428410399012176
4.6525 0.25098661488673684739
4.6575 0.25101832885091779346
4.6625 0.25104949070020493584
4.6675 0.25107989157540455682
4.6725 0.25110966592735578518
4.6775 0.25113870872118793098
4.6825 0.25116695891612722535
4.6875 0.25119427586772485883
4.6925 0.25122076790698483206
4.6975 0.25124659893492662377
4.7025 0.25127149340063864580
4.7075 0.25129555608197101657
4.7125 0.25131873951855665528
4.7175 0.25134112717976536677
4.7225 0.25136289050980126225
4.7275 0.25138380206654586946
4.7325 0.25140395473446303098
4.7375 0.25142361639506233262
4.7425 0.25144233210943323087
4.7475 0.25146036048495296056
4.7525 0.25147778593080116760
4.7575 0.25149451066602418470
4.7625 0.25151069723351265894
4.7675 0.25152611316897793836
4.7725 0.25154096241342721596
4.7775 0.25155516541832084743
4.7825 0.25156858734639675479
4.7875 0.25158160283143621294
4.7925 0.25159388382927261318
4.7975 0.25160565203455531602
4.8025 0.25161687741540067487
4.8075 0.25162750522913457374
4.8125 0.25163757278997139766
4.8175 0.25164714113391417616
4.8225 0.25165618105225079359
4.8275 0.25166472804494960380
4.8325 0.25167296801150218499
4.8375 0.25168064000392381674
4.8425 0.25168798772781408868
4.8475 0.25169496313045119917
4.8525 0.25170144072710748384
4.8575 0.25170766102332459146
4.8625 0.25171357180036174617
4.8675 0.25171924495469338856
4.8725 0.25172458105403738848
4.8775 0.25172952263434489328
4.8825 0.25173443129994088618
4.8875 0.25173880409259014046
4.8925 0.25174307269607565374
4.8975 0.25174695763853643937
4.9025 0.25175070607331695438
4.9075 0.25175430823758015997
4.9125 0.25175764869403294277
4.9175 0.25176075095790106939
4.9225 0.25176359600396402971
4.9275 0.25176631547338423900
4.9325 0.25176878389543488890
4.9375 0.25177106728695686222
4.9425 0.25177318130810860675
4.9475 0.25177507351964489857
4.9525 0.25177685648366271431
4.9575 0.25177844866027754289
4.9625 0.25177983702070150240
4.9675 0.25178114604760370998
4.9725 0.25178221382595666888
4.9775 0.25178315343945534277
4.9825 0.25178412659819804365
4.9875 0.25178494046356519886
4.9925 0.25178559591051308253
4.9975 0.25178610727985017981
5.0025 0.25178654510386910825
5.0075 0.25178691100872541142
5.0125 0.25178709134675353321
5.0175 0.25178729377495345787
5.0225 0.25178727204276030172
5.0275 0.25178726236722237530
5.0325 0.25178705684285246358
5.0375 0.25178693824831827053
5.0425 0.25178662259190776052
5.0475 0.25178612161624847054
5.0525 0.25178565014497200636
5.0575 0.25178498105297425491
5.0625 0.25178430182069405641
5.0675 0.25178348036590503245
5.0725 0.25178271773694932412
5.0775 0.25178180180313314285
5.0825 0.25178087171110130615
5.0875 0.25177976748000718832
5.0925 0.25177879106161948908
5.0975 0.25177768662072941286
5.1025 0.25177650315797955871
5.1075 0.25177531627011351389
5.1125 0.25177392176614793451
5.1175 0.25177268180437833989
5.1225 0.25177125877392780851
5.1275 0.25176965300245779389
5.1325 0.25176815859100715178
5.1375 0.25176651336093969213
5.1425 0.25176479532122297833
5.1475 0.25176293029994029071
5.1525 0.25176117954893378892
5.1575 0.25175929072853503454
5.1625 0.25175726173205426051
5.1675 0.25175521645375137370
5.1725 0.25175306716633572002
5.1775 0.25175087397691414681
5.1825 0.25174863634624183861
5.1875 0.25174616571893704275
5.1925 0.25174374397416887650
5.1975 0.25174103536242320445
5.2025 0.25173843105213156157
5.2075 0.25173555127014995980
5.2125 0.25173267593766451844
5.2175 0.25172937833906028349
5.2225 0.25172613527056980631
5.2275 0.25172278397592495747
5.2325 0.25171925752779700236
5.2375 0.25171534085169600115
5.2425 0.25171147049598424639
5.2475 0.25170716054569042264
5.2525 0.25170275738965969259
5.2575 0.25169819498095891142
5.2625 0.25169336363494204667
5.2675 0.25168862052878709923
5.2725 0.25168335739656677585
5.2775 0.25167772301923369005
5.2825 0.25167209495563858113
5.2875 0.25166604118824242864
5.2925 0.25165964117820843748
5.2975 0.25165289392247575107
5.3025 0.25164570971765515273
5.3075 0.25163817939090526998
5.3125 0.25163017816566324303
5.3175 0.25162166391474899418
5.3225 0.25161248585711493142
5.3275 0.25160274936513288280
5.3325 0.25159219806051547064
5.3375 0.25158080058447618299
5.3425 0.25156873674083085612
5.3475 0.25155541869133918320
5.3525 0.25154124169860841986
5.3575 0.25152583058733224419
5.3625 0.25150914403772711703
5.3675 0.25149095425794204539
5.3725 0.25147154089045464787
5.3775 0.25145044949078659835
5.3825 0.25142771834823357535
5.3875 0.25140346311380246114
5.3925 0.25137745775803277404
5.3975 0.25134985728122927195
5.4025 0.25132040580263148577
5.4075 0.25128945972340094306
5.4125 0.25125694035252260639
5.4175 0.25122319146213212271
5.4225 0.25118781339823426091
5.4275 0.25115153154128905255
5.4325 0.25111423635948915134
5.4375 0.25107590921485811730
5.4425 0.25103686432287120045
5.4475 0.25099700473515107468
5.4525 0.25095636786330571821
5.4575 0.25091512189311265812
5.4625 0.25087338451934321215
5.4675 0.25083150482167554385
5.4725 0.25078999771935855945
5.4775 0.25074942280304890474
5.4825 0.25071012772701062321
5.4875 0.25067250367316873394
5.4925 0.25063638178271502310
5.4975 0.25060178478916894651
5.5025 0.25056854033939457427
5.5075 0.25053736066900150758
5.5125 0.25050908385516656995
5.5175 0.25048506998867559048
5.5225 0.25046633238802235022
5.5275 0.25045438441704376276
5.5325 0.25045050412218777813
5.5375 0.25045541491101408482
5.5425 0.25046911823425399568
5.5475 0.25049063504963814397
5.5525 0.25051801940134310609
5.5575 0.25054944761151759502
5.5625 0.25058380094401938587
5.5675 0.25062132744288873054
5.5725 0.25066257397880925550
5.5775 0.25070820725384018735
5.5825 0.25075782153663833673
5.5875 0.25081058343789863763
5.5925 0.25086485455785312304
5.5975 0.25091976271100036033
5.6025 0.25097527379195094799
5.6075 0.25103227820152501648
5.6125 0.25109169115357821145
5.6175 0.25115348430119921463
5.6225 0.25121753286993436793
5.6275 0.25128271886893899234
5.6325 0.25134842908684024154
5.6375 0.25141408733182696311
5.6425 0.25147993841163440720
5.6475 0.25154582239684636358
5.6525 0.25161186392125062250
5.6575 0.25167744117073898025
5.6625 0.25174228880000404374
5.6675 0.25180557667690200985
5.6725 0.25186662874336696039
5.6775 0.25192412056026253220
5.6825 0.25197704363006934170
5.6875 0.25202427666113802474
5.6925 0.25206496474802519980
5.6975 0.25209912341310009021
5.7025 0.25212630643048067336
5.7075 0.25214655944811725785
5.7125 0.25215976958164348920
5.7175 0.25216548852276726711
5.7225 0.25216354802173629457
5.7275 0.25215425013857983849
5.7325 0.25213810057109492524
5.7375 0.25211690163744887583
5.7425 0.25209221074609627911
5.7475 0.25206577952227876560
5.7525 0.25203875737673214763
5.7575 0.25201183587660597185
5.7625 0.25198574367795528728
5.7675 0.25196123574824380587
5.7725 0.25193881183596794626
5.7775 0.25191924812441102155
5.7825 0.25190248603779907821
5.7875 0.25188930352195260109
5.7925 0.25187956814581013987
5.7975 0.25187298668636687315
5.8025 0.25186956934295151589
5.8075 0.25186832066275133268
5.8125 0.25186884851568963617
5.8175 0.25187016825371455475
5.8225 0.25187183835088633455
5.8275 0.25187335039533326198
5.8325 0.25187382849140760310
5.8375 0.25187252512357283241
5.8425 0.25186841861975040047
5.8475 0.25186141911395026893
5.8525 0.25185192707549575175
5.8575 0.25184141554313516087
5.8625 0.25183110578424350301
5.8675 0.25182257249576356362
5.8725 0.25181653144068394390
5.8775 0.25181301694668606350
5.8825 0.25181123521625770056
5.8875 0.25181035582503563663
5.8925 0.25181048555458745986
5.8975 0.25181205425273039955
5.9025 0.25181587106182429237
5.9075 0.25182268668132762324
5.9125 0.25183266289614547606
5.9175 0.25184597982958883966
5.9225 0.25186177686358890426
5.9275 0.25187984929146955970
5.9325 0.25189973509518448491
5.9375 0.25192093529085413106
5.9425 0.25194301912964200962
5.9475 0.25196578197723967785
5.9525 0.25198964522494249341
5.9575 0.25201470462406860840
5.9625 0.25204161547169290358
5.9675 0.25206986103419437573
5.9725 0.25209894255824438769
5.9775 0.25212791151008689949
5.9825 0.25215572597895530293
5.9875 0.25218195093930262374
5.9925 0.25220641636958435194
5.9975 0.25222892078454250964
6.0025 0.25224937694271259980
6.0075 0.25226782102242367722
6.0125 0.25228374224093291778
6.0175 0.25229763966912571727
6.0225 0.25230890591897148223
6.0275 0.25231773834406889812
6.0325 0.25232440702967645629
6.0375 0.25232975082890807261
6.0425 0.25233483001258288914
6.0475 0.25234126584932842219
6.0525 0.25235026797642157170
6.0575 0.25236275379153766396
6.0625 0.25237921439156452141
6.0675 0.25240025937048377047
6.0725 0.25242582808103292136
6.0775 0.25245627629342759501
6.0825 0.25249136922854786835
6.0875 0.25253109875490781233
6.0925 0.25257460321135094539
6.0975 0.25262091758466848068
6.1025 0.25266879263586938809
6.1075 0.25271694300145575163
6.1125 0.25276449220452379407
6.1175 0.25281123212271211509
6.1225 0.25285713506813978224
6.1275 0.25290269270062681883
6.1325 0.25294723838115545922
6.1375 0.25299057625148491102
6.1425 0.25303223915543610056
6.1475 0.25307162286351192471
6.1525 0.25310826342324110882
6.1575 0.25314163246662707563
6.1625 0.25317130658989667191
6.1675 0.25319632814320547354
6.1725 0.25321571760458910783
6.1775 0.25322792476433525488
6.1825 0.25323167327395246229
6.1875 0.25322639175195976735
6.1925 0.25321185074317592578
6.1975 0.25318922336482346802
6.2025 0.25315966035998710426
6.2075 0.25312455265927225057
6.2125 0.25308468909096165644
6.2175 0.25304081691298652146
6.2225 0.25299351353869931058
6.2275 0.25294310017750382125
6.2325 0.25289057488392274742
6.2375 0.25283661382387667693
6.2425 0.25278224916356673013
6.2475 0.25272791333989247375
6.2525 0.25267383384609820585
6.2575 0.25261958031673970027
6.2625 0.25256522247050394725
6.2675 0.25251053270795675854
6.2725 0.25245469639962747621
6.2775 0.25239757876428203787
6.2825 0.25233863553369811905
6.2875 0.25227759474177569032
6.2925 0.25221422023162121118
6.2975 0.25214853814378807018
6.3025 0.25208067749329821083
6.3075 0.25201116515750843217
6.3125 0.25194034511104335117
6.3175 0.25186830588840208867
6.3225 0.25179514131541652633
6.3275 0.25172021641740555120
6.3325 0.25164306040661638120
6.3375 0.25156372625278944355
6.3425 0.25148246416952801940
6.3475 0.25139924239485034185
6.3525 0.25131499912065446978
6.3575 0.25122995529839581286
6.3625 0.25114464255990714969
6.3675 0.25105911220490079172
6.3725 0.25097343351900919250
6.3775 0.25088765450096472964
6.3825 0.25080177452063306953
6.3875 0.25071616164651533420
6.3925 0.25063110077935107922
6.3975 0.25054650197920946830
6.4025 0.25046223574188269945
6.4075 0.25037800236910412455
6.4125 0.25029385283022620445
6.4175 0.25020998506861918953
6.4225 0.25012726355462389094
6.4275 0.25004627547093871698
6.4325 0.24996804064210165208
6.4375 0.24989390407421999130
6.4425 0.24982450906662068135
6.4475 0.24976097690991069800
6.4525 0.24970371114971379178
6.4575 0.24965307339460027225
6.4625 0.24960889879237591060
6.4675 0.24957052803920665163
6.4725 0.24953745941550062315
6.4775 0.24950905535888215359
6.4825 0.24948513953978065927
6.4875 0.24946535383024637245
6.4925 0.24944982838471638220
6.4975 0.24943818929803338036
6.5025 0.24942979106543861079
6.5075 0.24942328159393387099
6.5125 0.24941726536659211688
6.5175 0.24941025739758221347
6.5225 0.24940093628565868089
6.5275 0.24938809553200352864
6.5325 0.24937183244745464439
6.5375 0.24935175549892737989
6.5425 0.24932807359894434973
6.5475 0.24930101310338292908
6.5525 0.24927072120745499828
6.5575 0.24923749102617545614
6.5625 0.24920118158602075353
6.5675 0.24916179378331590466
6.5725 0.24911941552627892005
6.5775 0.24907364200804418819
6.5825 0.24902462260486057932
6.5875 0.24897287673908893857
6.5925 0.24892010758226801315
6.5975 0.24886790545667783481
6.6025 0.24881854016667179219
6.6075 0.24877360771684900453
6.6125 0.24873407963795682307
6.6175 0.24870048501279290454
6.6225 0.24867305842341330679
6.6275 0.24865242594327663372
6.6325 0.24863904155908736482
6.6375 0.24863399823070680972
6.6425 0.24863782407730927737
6.6475 0.24865106720091337267
6.6525 0.24867332513364440172
6.6575 0.24870424206205615780
6.6625 0.24874299192398680036
6.6675 0.24878864852223506188
6.6725 0.24884073441784770875
6.6775 0.24889819861450449001
6.6825 0.24896112748378060320
6.6875 0.24902959944759259225
6.6925 0.24910391741116402753
6.6975 0.24918487382917106632
6.7025 0.24927237746389477313
6.7075 0.24936625528851527611
6.7125 0.24946591978895424346
6.7175 0.24957029787645859664
6.7225 0.24967939488989074337
6.7275 0.24979321149804381563
6.7325 0.24991238902164319979
6.7375 0.25003769627621741378
6.7425 0.25016990102805169993
6.7475 0.25030893484685706740
6.7525 0.25045483403722224036
6.7575 0.25060705519770665184
6.7625 0.25076493982209047129
6.7675 0.25092830813807159851
6.7725 0.25109701768634690167
6.7775 0.25127107822189581610
6.7825 0.25145050729158624492
6.7875 0.25163522324873222047
6.7925 0.25182479624330755819
6.7975 0.25201861401851510802
6.8025 0.25221618019208141837
6.8075 0.25241642159475347063
6.8125 0.25261839611454722787
6.8175 0.25282121741013791061
6.8225 0.25302381875137652800
6.8275 0.25322523415758785292
6.8325 0.25342489530204098669
6.8375 0.25362164051731650449
6.8425 0.25381487931544555181
6.8475 0.25400399326353162444
6.8525 0.25418895617322956326
6.8575 0.25437015473444368752
6.8625 0.25454834818188554202
6.8675 0.25472470966382054769
6.8725 0.25490074979185212145
6.8775 0.25507749063507778597
6.8825 0.25525613397003704685
6.8875 0.25543745509775711566
6.8925 0.25562216747441884879
6.8975 0.25581099843200522104
6.9025 0.25600553786568758241
6.9075 0.25620713799367406116
6.9125 0.25641708286588826837
6.9175 0.25663565676513927505
6.9225 0.25686208616910660707
6.9275 0.25709576922814425526
6.9325 0.25733617843352407650
6.9375 0.25758295059009705952
6.9425 0.25783581062098276382
6.9475 0.25809461417642171055
6.9525 0.25835905992593133362
6.9575 0.25862892056609093627
6.9625 0.25890425607836625721
6.9675 0.25918564409830568973
6.9725 0.25947316599073338983
6.9775 0.25976706288719858540
6.9825 0.26006701232462903217
6.9875 0.26037267185098939004
6.9925 0.26068334532408360404
6.9975 0.26099910216992605605
7.0025 0.26131997923570082776
7.0075 0.26164603657409152282
7.0125 0.26197811593714875888
7.0175 0.26231601879440313851
7.0225 0.26265947121354421556
7.0275 0.26300796384180746834
7.0325 0.26336068933666245684
7.0375 0.26371678082816213395
7.0425 0.26407552851995047538
7.0475 0.26443596890196274796
7.0525 0.26479708414088337642
7.0575 0.26515773009799920024
7.0625 0.26551653546337028455
7.0675 0.26587216608570002352
7.0725 0.26622421960930614526
7.0775 0.26657190921545098616
7.0825 0.26691500226045056232
7.0875 0.26725348976782209443
7.0925 0.26758699748024300513
7.0975 0.26791555734001548661
7.1025 0.26823926161618422137
7.1075 0.26855780435229348324
7.1125 0.26887107564826934203
7.1175 0.26917914579603685610
7.1225 0.26948243169325408752
7.1275 0.26978232606977731178
7.1325 0.27008000182123864663
7.1375 0.27037651194773437702
7.1425 0.27067218828128808417
7.1475 0.27096657237657051365
7.1525 0.27125946518041488265
7.1575 0.27154945179742295824
7.1625 0.27183552064858546027
7.1675 0.27211620064582681122
7.1725 0.27239024814092388516
7.1775 0.27265675467173955404
7.1825 0.27291502657053473557
7.1875 0.27316458503002993830
7.1925 0.27340518436550304004
7.1975 0.27363610277408750848
7.2025 0.27385669416003743937
7.2075 0.27406691687860035289
7.2125 0.27426563843163753731
7.2175 0.27445177035925888420
7.2225 0.27462332761362423517
7.2275 0.27477883335085812044
7.2325 0.27491656887943849430
7.2375 0.27503571328615278313
7.2425 0.27513546589428133915
7.2475 0.27521525620430820069
7.2525 0.27527370320382676949
7.2575 0.27530915058611959978
7.2625 0.27531943371236572426
7.2675 0.27530237555888192880
7.2725 0.27525619685704716399
7.2775 0.27517919894637210554
7.2825 0.27507037455431748718
7.2875 0.27492882246757688325
7.2925 0.27475405260749863334
7.2975 0.27454558101339560094
7.3025 0.27430302642929121903
7.3075 0.27402590104133511817
7.3125 0.27371357020126030335
7.3175 0.27336501628180898127
7.3225 0.27297952371236927638
7.3275 0.27255616594019965726
7.3325 0.27209401475615319077
7.3375 0.27159155223458664175
7.3425 0.27104695348010726663
7.3475 0.27045827062691901732
7.3525 0.26982325570167364770
7.3575 0.26914081224546881899
7.3625 0.26841045042665701015
7.3675 0.26763219508161673055
7.3725 0.26680659765588560228
7.3775 0.26593347153215574075
7.3825 0.26501223774402821176
7.3875 0.26404181618551220145
7.3925 0.26302193932417006206
7.3975 0.26195253091371184517
7.4025 0.26083484700638515097
7.4075 0.25967088240831048829
7.4125 0.25846337224249044118
7.4175 0.25721479359952886812
7.4225 0.25592799266850280171
7.4275 0.25460579731538646175
7.4325 0.25325046342040563596
7.4375 0.25186500062222472174
7.4425 0.25045222907211067698
7.4475 0.24901474517556587696
7.4525 0.24755515539627212518
7.4575 0.24607552790679607102
7.4625 0.24457790450115451941
7.4675 0.24306437961412077908
7.4725 0.24153665317511188726
7.4775 0.23999673119371983665
7.4825 0.23844622652788061146
7.4875 0.23688736228214898882
7.4925 0.23532165473381277954
7.4975 0.23375150536216057762
7.5025 0.23217895618385378520
7.5075 0.23060627327089816552
7.5125 0.22903610860096895729
7.5175 0.22747080992433377222
7.5225 0.22591296772480151667
7.5275 0.22436542558961097837
7.5325 0.22283084056292973285
7.5375 0.22131207663318847034
7.5425 0.21981114718979991030
7.5475 0.21833030714458459554
7.5525 0.21687103034262913970
7.5575 0.21543487657201126906
7.5625 0.21402359927026329278
7.5675 0.21263935439919451342
7.5725 0.21128422145240396968
7.5775 0.20996038063263547380
7.5825 0.20866968379297085034
7.5875 0.20741383024783369149
7.5925 0.20619451632064503266
7.5975 0.20501301166145222132
7.6025 0.20387026234472491182
7.6075 0.20276692224257020225
7.6125 0.20170318725381761182
7.6175 0.20067905108850972451
7.6225 0.19969357130041887061
7.6275 0.19874607089501894475
7.6325 0.19783510241449564493
7.6375 0.19695992554391611451
7.6425 0.19611963958078879044
7.6475 0.19531348392121078428
7.6525 0.19454070562008568546
7.6575 0.19380089372625700084
7.6625 0.19309386829560079568
7.6675 0.19241991924458021201
7.6725 0.19177974544327364148
7.6775 0.19117303110345126860
7.6825 0.19059955311390480714
7.6875 0.19005871871604770873
7.6925 0.18954954914957891643
7.6975 0.18907178251181466777
7.7025 0.18862568807199756038
7.7075 0.18821136988407877189
7.7125 0.18782946491989710447
7.7175 0.18747957457475933341
7.7225 0.18716211519888908965
7.7275 0.18687687348413964394
7.7325 0.18662414810522234832
7.7375 0.18640441118591366543
7.7425 0.18621853152844944357
7.7475 0.18606709883886704548
7.7525 0.18595168806167633457
7.7575 0.18587323383435225277
7.7625 0.18583285972616600534
7.7675 0.18583222916513883471
7.7725 0.18587212737901961934
7.7775 0.18595343905600439371
7.7825 0.18607699151821283090
7.7875 0.18624360298870462627
7.7925 0.18645348711890497029
7.7975 0.18670765035645214835
7.8025 0.18700698104374965935
7.8075 0.18735216208977331642
7.8125 0.18774385672260276992
7.8175 0.18818299866573270918
7.8225 0.18867009630680969812
7.8275 0.18920564166575212783
7.8325 0.18978944791862717434
7.8375 0.19042074736352371245
7.8425 0.19109839837328065903
7.8475 0.19182115286408898958
7.8525 0.19258721485738403145
7.8575 0.19339573721975095166
7.8625 0.19424704240747603379
7.8675 0.19514146968739637389
7.8725 0.19608122445710698956
7.8775 0.19706904256355284311
7.8825 0.19810808596503509671
7.8875 0.19920145522209309341
7.8925 0.20035197889655442793
7.8975 0.20156229695224139875
7.9025 0.20283441060838566794
7.9075 0.20417021832048135033
7.9125 0.20557083819599611396
7.9175 0.20703851550502624934
7.9225 0.20857440154860953929
7.9275 0.21018069690094209889
7.9325 0.21185911739731319581
7.9375 0.21361146910151090905
7.9425 0.21543888415797715630
7.9475 0.21734228886691120408
7.9525 0.21932291015694027614
7.9575 0.22138129956181157310
7.9625 0.22351843549592514959
7.9675 0.22573497678794179899
7.9725 0.22803200793420541626
7.9775 0.23041055147466571462
7.9825 0.23287163297819579721
7.9875 0.23541648078487387163
7.9925 0.23804571607668584265
7.9975 0.24076038453902695591
8.0025 0.24356216123880009006
8.0075 0.24645412605794494998
8.0125 0.24944106639398200276
8.0175 0.25252836199467681988
8.0225 0.25572162144778520787
8.0275 0.25902622735979752289
8.0325 0.26244808206202890899
8.0375 0.26599222904615221763
8.0425 0.26966477815482686742
8.0475 0.27347260814968815668
8.0525 0.27742119848135804450
8.0575 0.28151637230259735079
8.0625 0.28576441674879682342
8.0675 0.29017156175462255341
8.0725 0.29474512589873058666
8.0775 0.29949351545121422058
8.0825 0.30442573995890981342
8.0875 0.30955138226784617572
8.0925 0.31487987157636077029
8.0975 0.32042089730627665300
8.1025 0.32618366463245895837
8.1075 0.33217837256845872407
8.1125 0.33841568945674410651
8.1175 0.34490697011275917028
8.1225 0.35166432343258730020
8.1275 0.35869972948317757622
8.1325 0.36602573467955806796
8.1375 0.37365513692681340263
8.1425 0.38160111470834207070
8.1475 0.38987774299797778310
8.1525 0.39850107347447283335
8.1575 0.40748984014532430020
8.1625 0.41686249069135944412
8.1675 0.42663999414263409360
8.1725 0.43684044520071912965
8.1775 0.44748197227868496961
8.1825 0.45858299648384243108
8.1875 0.47016002490437852623
8.1925 0.48223126578324643221
8.1975 0.49481396789921705537
8.2025 0.50792682133760758134
8.2075 0.52158848272454760853
8.2125 0.53581610411001734384
8.2175 0.55062481073057945036
8.2225 0.56602702126666026849
8.2275 0.58203376330688028073
8.2325 0.59865389464680918152
8.2375 0.61589433067907106700
8.2425 0.63376169433329254677
8.2475 0.65226028506443289867
8.2525 0.67139333160054082139
8.2575 0.69116148982227565423
8.2625 0.71156048856817710746
8.2675 0.73258488899785823012
8.2725 0.75422433331064753226
8.2775 0.77646500401080353893
8.2825 0.79928456713508500009
8.2875 0.82265130702996736023
8.2925 0.84652257676675057851
8.2975 0.87084345356608527933
8.3025 0.89554917293752966945
8.3075 0.92056051488483792156
8.3125 0.94578734795099761445
8.3175 0.97111950626166143596
8.3225 0.99642639455270076709
8.3275 1.02155137427859110666
8.3325 1.04631094993341666743
8.3375 1.07049214998132447008
8.3425 1.09385864830910972678
8.3475 1.11614570640219823439
8.3525 1.13707081281827560026
8.3575 1.15632806583806346801
8.3625 1.17359457137990519371
8.3675 1.18852915746263843033
8.3725 1.20077205178322321544
8.3775 1.20995141510670389806
8.3825 1.21568719735835029105
8.3875 1.21759863089001085790
8.3925 1.21531475226883523000
8.3975 1.20849134759393983529
8.4025 1.19681972527603353029
8.4075 1.18005083893766138381
8.4125 1.15800223244224276264
8.4175 1.13058163553662693879
8.4225 1.09779841201458694400
8.4275 1.05977921193187518689
8.4325 1.01676319875724674446
8.4375 0.96906762650499544964
8.4425 0.91703806048125546813
8.4475 0.86097894404191877005
8.4525 0.80112344189498896352
8.4575 0.73769227566762241022
8.4625 0.67105273164627143867
8.4675 0.60191924221389914162
8.4725 0.53149279889887324213
8.4775 0.46144011820588265449
8.4825 0.39367395112097164356
8.4875 0.32997734069683221092
8.4925 0.27165128060311366509
8.4975 0.21941113058740602249
8.5025 0.17355179497412689948
8.5075 0.13414091652738377447
8.5125 0.10108047890612849307
8.5175 0.07408857028527772448
8.5225 0.05269520260452584953
8.5275 0.03627526171227779539
8.5325 0.02410236284548181521
8.5375 0.01541014697187373904
8.5425 0.00944992658870428062
8.5475 0.00553830591371514205
8.5525 0.00309008613378372165
8.5575 0.00163449026057105123
8.5625 0.00081588212085203257
8.5675 0.00038242987612117208
8.5725 0.00016742347774449290
8.5775 0.00006805817111367322
8.5825 0.00002552596805449226
8.5875 0.00000877242200607809
8.5925 0.00000274172434840167
8.5975 0.00000077292567532501
8.6025 0.00000000000000000000
8.6075 0.00000000000000000000
8.6125 0.00000000000000000000
8.6175 0.00000000000000000000
8.6225 0.00000000000000000000
8.6275 0.00000000000000000000
8.6325 0.00000000000000000000
8.6375 0.00000000000000000000
8.6425 0.00000000000000000000
8.6475 0.00000000000000000000
8.6525 0.00000000000000000000
8.6575 0.00000000000000000000
8.6625 0.00000000000000000000
8.6675 0.00000000000000000000
8.6725 0.00000000000000000000
8.6775 0.00000000000000000000
8.6825 0.00000000000000000000
8.6875 0.00000000000000000000
8.6925 0.00000000000000000000
8.6975 0.00000000000000000000
8.7025 0.00000000000000000000
8.7075 0.00000000000000000000
8.7125 0.00000000000000000000
8.7175 0.00000000000000000000
8.7225 0.00000000000000000000
8.7275 0.00000000000000000000
8.7325 0.00000000000000000000
8.7375 0.00000000000000000000
8.7425 0.00000000000000000000
8.7475 0.00000000000000000000
8.7525 0.00000000000000000000
8.7575 0.00000000000000000000
8.7625 0.00000000000000000000
8.7675 0.00000000000000000000
8.7725 0.00000000000000000000
8.7775 0.00000000000000000000
8.7825 0.00000000000000000000
8.7875 0.00000000000000000000
8.7925 0.00000000000000000000
8.7975 0.00000000000000000000
8.8025 0.00000000000000000000
8.8075 0.00000000000000000000
8.8125 0.00000000000000000000
8.8175 0.00000000000000000000
8.8225 0.00000000000000000000
8.8275 0.00000000000000000000
8.8325 0.00000000000000000000
8.8375 0.00000000000000000000
8.8425 0.00000000000000000000
8.8475 0.00000000000000000000
8.8525 0.00000000000000000000
8.8575 0.00000000000000000000
8.8625 0.00000000000000000000
8.8675 0.00000000000000000000
8.8725 0.00000000000000000000
8.8775 0.00000000000000000000
8.8825 0.00000000000000000000
8.8875 0.00000000000000000000
8.8925 0.00000000000000000000
8.8975 0.00000000000000000000
8.9025 0.00000000000000000000
8.9075 0.00000000000000000000
8.9125 0.00000000000000000000
8.9175 0.00000000000000000000
8.9225 0.00000000000000000000
8.9275 0.00000000000000000000
8.9325 0.00000000000000000000
8.9375 0.00000000000000000000
8.9425 0.00000000000000000000
8.9475 0.00000000000000000000
8.9525 0.00000000000000000000
8.9575 0.00000000000000000000
8.9625 0.00000000000000000000
8.9675 0.00000000000000000000
8.9725 0.00000000000000000000
8.9775 0.00000000000000000000
8.9825 0.00000000000000000000
8.9875 0.00000000000000000000
8.9925 0.00000000000000000000
8.9975 0.00000000000000000000
9.0025 0.00000000000000000000
9.0075 0.00000000000000000000
9.0125 0.00000000000000000000
9.0175 0.00000000000000000000
9.0225 0.00000000000000000000
9.0275 0.00000000000000000000
9.0325 0.00000000000000000000
9.0375 0.00000000000000000000
9.0425 0.00000000000000000000
9.0475 0.00000000000000000000
9.0525 0.00000000000000000000
9.0575 0.00000000000000000000
9.0625 0.00000000000000000000
9.0675 0.00000000000000000000
9.0725 0.00000000000000000000
9.0775 0.00000000000000000000
9.0825 0.00000000000000000000
9.0875 0.00000000000000000000
9.0925 0.00000000000000000000
9.0975 0.00000000000000000000
9.1025 0.00000000000000000000
9.1075 0.00000000000000000000
9.1125 0.00000000000000000000
9.1175 0.00000000000000000000
9.1225 0.00000000000000000000
9.1275 0.00000000000000000000
9.1325 0.00000000000000000000
9.1375 0.00000000000000000000
9.1425 0.00000000000000000000
9.1475 0.00000000000000000000
9.1525 0.00000000000000000000
9.1575 0.00000000000000000000
9.1625 0.00000000000000000000
9.1675 0.00000000000000000000
9.1725 0.00000000000000000000
9.1775 0.00000000000000000000
9.1825 0.00000000000000000000
9.1875 0.00000000000000000000
9.1925 0.00000000000000000000
9.1975 0.00000000000000000000
9.2025 0.00000000000000000000
9.2075 0.00000000000000000000
9.2125 0.00000000000000000000
9.2175 0.00000000000000000000
9.2225 0.00000000000000000000
9.2275 0.00000000000000000000
9.2325 0.00000000000000000000
9.2375 0.00000000000000000000
9.2425 0.00000000000000000000
9.2475 0.00000000000000000000
9.2525 0.00000000000000000000
9.2575 0.00000000000000000000
9.2625 0.00000000000000000000
9.2675 0.00000000000000000000
9.2725 0.00000000000000000000
9.2775 0.00000000000000000000
9.2825 0.00000000000000000000
9.2875 0.00000000000000000000
9.2925 0.00000000000000000000
9.2975 0.00000000000000000000
9.3025 0.00000000000000000000
9.3075 0.00000000000000000000
9.3125 0.00000000000000000000
9.3175 0.00000000000000000000
9.3225 0.00000000000000000000
9.3275 0.00000000000000000000
9.3325 0.00000000000000000000
9.3375 0.00000000000000000000
9.3425 0.00000000000000000000
9.3475 0.00000000000000000000
9.3525 0.00000000000000000000
9.3575 0.00000000000000000000
9.3625 0.00000000000000000000
9.3675 0.00000000000000000000
9.3725 0.00000000000000000000
9.3775 0.00000000000000000000
9.3825 0.00000000000000000000
9.3875 0.00000000000000000000
9.3925 0.00000000000000000000
9.3975 0.00000000000000000000
9.4025 0.00000000000000000000
9.4075 0.00000000000000000000
9.4125 0.00000000000000000000
9.4175 0.00000000000000000000
9.4225 0.00000000000000000000
9.4275 0.00000000000000000000
9.4325 0.00000000000000000000
9.4375 0.00000000000000000000
9.4425 0.00000000000000000000
9.4475 0.00000000000000000000
9.4525 0.00000000000000000000
9.4575 0.00000000000000000000
9.4625 0.00000000000000000000
9.4675 0.00000000000000000000
9.4725 0.00000000000000000000
9.4775 0.00000000000000000000
9.4825 0.00000000000000000000
9.4875 0.00000000000000000000
9.4925 0.00000000000000000000
9.4975 0.00000000000000000000
9.5025 0.00000000000000000000
9.5075 0.00000000000000000000
9.5125 0.00000000000000000000
9.5175 0.00000000000000000000
9.5225 0.00000000000000000000
9.5275 0.00000000000000000000
9.5325 0.00000000000000000000
9.5375 0.00000000000000000000
9.5425 0.00000000000000000000
9.5475 0.00000000000000000000
9.5525 0.00000000000000000000
9.5575 0.00000000000000000000
9.5625 0.00000000000000000000
9.5675 0.00000000000000000000
9.5725 0.00000000000000000000
9.5775 0.00000000000000000000
9.5825 0.00000000000000000000
9.5875 0.00000000000000000000
9.5925 0.00000000000000000000
9.5975 0.00000000000000000000
9.6025 0.00000000000000000000
9.6075 0.00000000000000000000
9.6125 0.00000000000000000000
9.6175 0.00000000000000000000
9.6225 0.00000000000000000000
9.6275 0.00000000000000000000
9.6325 0.00000000000000000000
9.6375 0.00000000000000000000
9.6425 0.00000000000000000000
9.6475 0.00000000000000000000
9.6525 0.00000000000000000000
9.6575 0.00000000000000000000
9.6625 0.00000000000000000000
9.6675 0.00000000000000000000
9.6725 0.00000000000000000000
9.6775 0.00000000000000000000
9.6825 0.00000000000000000000
9.6875 0.00000000000000000000
9.6925 0.00000000000000000000
9.6975 0.00000000000000000000
9.7025 0.00000000000000000000
9.7075 0.00000000000000000000
9.7125 0.00000000000000000000
9.7175 0.00000000000000000000
9.7225 0.00000000000000000000
9.7275 0.00000000000000000000
9.7325 0.00000000000000000000
9.7375 0.00000000000000000000
9.7425 0.00000000000000000000
9.7475 0.00000000000000000000
9.7525 0.00000000000000000000
9.7575 0.00000000000000000000
9.7625 0.00000000000000000000
9.7675 0.00000000000000000000
9.7725 0.00000000000000000000
9.7775 0.00000000000000000000
9.7825 0.00000000000000000000
9.7875 0.00000000000000000000
9.7925 0.00000000000000000000
9.7975 0.00000000000000000000
9.8025 0.00000000000000000000
9.8075 0.00000000000000000000
9.8125 0.00000000000000000000
9.8175 0.00000000000000000000
9.8225 0.00000000000000000000
9.8275 0.00000000000000000000
9.8325 0.00000000000000000000
9.8375 0.00000000000000000000
9.8425 0.00000000000000000000
9.8475 0.00000000000000000000
9.8525 0.00000000000000000000
9.8575 0.00000000000000000000
9.8625 0.00000000000000000000
9.8675 0.00000000000000000000
9.8725 0.00000000000000000000
9.8775 0.00000000000000000000
9.8825 0.00000000000000000000
9.8875 0.00000000000000000000
9.8925 0.00000000000000000000
9.8975 0.00000000000000000000
9.9025 0.00000000000000000000
9.9075 0.00000000000000000000
9.9125 0.00000000000000000000
9.9175 0.00000000000000000000
9.9225 0.00000000000000000000
9.9275 0.00000000000000000000
9.9325 0.00000000000000000000
9.9375 0.00000000000000000000
9.9425 0.00000000000000000000
9.9475 0.00000000000000000000
9.9525 0.00000000000000000000
9.9575 0.00000000000000000000
9.9625 0.00000000000000000000
9.9675 0.00000000000000000000
9.9725 0.00000000000000000000
9.9775 0.00000000000000000000
9.9825 0.00000000000000000000
9.9875 0.00000000000000000000
9.9925 0.00000000000000000000
9.9975 0.00000000000000000000
