xbins rho_A rho_B
0.0050 0.00000000000000000000 0.00000000000000000000
0.0150 0.00000000000000000000 0.00000000000000000000
0.0250 0.00000000000000000000 0.00000000000000000000
0.0350 0.00000000000000000000 0.00000000000000000000
0.0450 0.00000000000000000000 0.00000000000000000000
0.0550 0.00000000000000000000 0.00000000000000000000
0.0650 0.00000000000000000000 0.00000000000000000000
0.0750 0.00000000000000000000 0.00000000000000000000
0.0850 0.00000000000000000000 0.00000000000000000000
0.0950 0.00000000000000000000 0.00000000000000000000
0.1050 0.00000000000000000000 0.00000000000000000000
0.1150 0.00000000000000000000 0.00000000000000000000
0.1250 0.00000000000000000000 0.00000000000000000000
0.1350 0.00000000000000000000 0.00000000000000000000
0.1450 0.00000000000000000000 0.00000000000000000000
0.1550 0.00000000000000000000 0.00000000000000000000
0.1650 0.00000000000000000000 0.00000000000000000000
0.1750 0.00000000000000000000 0.00000000000000000000
0.1850 0.00000000000000000000 0.00000000000000000000
0.1950 0.00000000000000000000 0.00000000000000000000
0.2050 0.00000000000000000000 0.00000000000000000000
0.2150 0.00000000000000000000 0.00000000000000000000
0.2250 0.00000000000000000000 0.00000000000000000000
0.2350 0.00000000000000000000 0.00000000000000000000
0.2450 0.00000000000000000000 0.00000000000000000000
0.2550 0.00000000000000000000 0.00000000000000000000
0.2650 0.00000000000000000000 0.00000000000000000000
0.2750 0.00000000000000000000 0.00000000000000000000
0.2850 0.00000000000000000000 0.00000000000000000000
0.2950 0.00000000000000000000 0.00000000000000000000
0.3050 0.00000000000000000000 0.00000000000000000000
0.3150 0.00000000000000000000 0.00000000000000000000
0.3250 0.00000000000000000000 0.00000000000000000000
0.3350 0.00000000000000000000 0.00000000000000000000
0.3450 0.00000000000000000000 0.00000000000000000000
0.3550 0.00000000000000000000 0.00000000000000000000
0.3650 0.00000000000000000000 0.00000000000000000000
0.3750 0.00000000000000000000 0.00000000000000000000
0.3850 0.00000000000000000000 0.00000000000000000000
0.3950 0.00000000000000000000 0.00000000000000000000
0.4050 0.00000000000000000000 0.00000000000000000000
0.4150 0.00000000000000000000 0.00000000000000000000
0.4250 0.00000000000000000000 0.00000000000000000000
0.4350 0.00000000000000000000 0.00000000000000000000
0.4450 0.00000000000000000000 0.00000000000000000000
0.4550 0.00000000000000000000 0.00000000000000000000
0.4650 0.00000000000000000000 0.00000000000000000000
0.4750 0.00000000000000000000 0.00000000000000000000
0.4850 0.00000000000000000000 0.00000000000000000000
0.4950 0.00000000000000000000 0.00000000000000000000
0.5050 0.00000000000000000000 0.00000000000000000000
0.5150 0.00000000000000000000 0.00000000000000000000
0.5250 0.00000000000000000000 0.00000000000000000000
0.5350 0.00000000000000000000 0.00000000000000000000
0.5450 0.00000000000000000000 0.00000000000000000000
0.5550 0.00000000000000000000 0.00000000000000000000
0.5650 0.00000000000000000000 0.00000000000000000000
0.5750 0.00000000000000000000 0.00000000000000000000
0.5850 0.00000000000000000000 0.00000000000000000000
0.5950 0.00000000000000000000 0.00000000000000000000
0.6050 0.00000000000000000000 0.00000000000000000000
0.6150 0.00000000000000000000 0.00000000000000000000
0.6250 0.00000000000000000000 0.00000000000000000000
0.6350 0.00000000000000000000 0.00000000000000000000
0.6450 0.00000000000000000000 0.00000000000000000000
0.6550 0.00000000000000000000 0.00000000000000000000
0.6650 0.00000000000000000000 0.00000000000000000000
0.6750 0.00000000000000000000 0.00000000000000000000
0.6850 0.00000000000000000000 0.00000000000000000000
0.6950 0.00000000000000000000 0.00000000000000000000
0.7050 0.00000000000000000000 0.00000000000000000000
0.7150 0.00000000000000000000 0.00000000000000000000
0.7250 0.00000000000000000000 0.00000000000000000000
0.7350 0.00000000000000000000 0.00000000000000000000
0.7450 0.00000000000000000000 0.00000000000000000000
0.7550 0.00000000000000000000 0.00000000000000000000
0.7650 0.00000000000000000000 0.00000000000000000000
0.7750 0.00000000000000000000 0.00000000000000000000
0.7850 0.00000000000000000000 0.00000000000000000000
0.7950 0.00000000000000000000 0.00000000000000000000
0.8050 0.00000000000000000000 0.00000000000000000000
0.8150 0.00000000000000000000 0.00000000000000000000
0.8250 0.00000000000000000000 0.00000000000000000000
0.8350 0.00000000000000000000 0.00000000000000000000
0.8450 0.00000000000000000000 0.00000000000000000000
0.8550 0.00000000000000000000 0.00000000000000000000
0.8650 0.00000000000000000000 0.00000000000000000000
0.8750 0.00000000000000000000 0.00000000000000000000
0.8850 0.00000000000000000000 0.00000000000000000000
0.8950 0.00000000000000000000 0.00000000000000000000
0.9050 0.00000000000000000000 0.00000000000000000000
0.9150 0.00000000000000000000 0.00000000000000000000
0.9250 0.00000000000000000000 0.00000000000000000000
0.9350 0.00000000000000000000 0.00000000000000000000
0.9450 0.00000000000000000000 0.00000000000000000000
0.9550 0.00000000000000000000 0.00000000000000000000
0.9650 0.00000000000000000000 0.00000000000000000000
0.9750 0.00000000000000000000 0.00000000000000000000
0.9850 0.00000000000000000000 0.00000000000000000000
0.9950 0.00000000000000000000 0.00000000000000000000
1.0050 0.00000000000000000000 0.00000000000000000000
1.0150 0.00000000000000000000 0.00000000000000000000
1.0250 0.00000000000000000000 0.00000000000000000000
1.0350 0.00000000000000000000 0.00000000000000000000
1.0450 0.00000000000000000000 0.00000000000000000000
1.0550 0.00000000000000000000 0.00000000000000000000
1.0650 0.00000000000000000000 0.00000000000000000000
1.0750 0.00000000000000000000 0.00000000000000000000
1.0850 0.00000000000000000000 0.00000000000000000000
1.0950 0.00000000000000000000 0.00000000000000000000
1.1050 0.00000000000000000000 0.00000000000000000000
1.1150 0.00000000000000000000 0.00000000000000000000
1.1250 0.00000000000000000000 0.00000000000000000000
1.1350 0.00000000000000000000 0.00000000000000000000
1.1450 0.00000000000000000000 0.00000000000000000000
1.1550 0.00000000000000000000 0.00000000000000000000
1.1650 0.00000000000000000000 0.00000000000000000000
1.1750 0.00000000000000000000 0.00000000000000000000
1.1850 0.00000000000000000000 0.00000000000000000000
1.1950 0.00000000000000000000 0.00000000000000000000
1.2050 0.00000000000000000000 0.00000000000000000000
1.2150 0.00000000000000000000 0.00000000000000000000
1.2250 0.00000000000000000000 0.00000000000000000000
1.2350 0.00000000000000000000 0.00000000000000000000
1.2450 0.00000000000000000000 0.00000000000000000000
1.2550 0.00000000000000000000 0.00000000000000000000
1.2650 0.00000000000000000000 0.00000000000000000000
1.2750 0.00000000000000000000 0.00000000000000000000
1.2850 0.00000000000000000000 0.00000000000000000000
1.2950 0.00000000000000000000 0.00000000000000000000
1.3050 0.00000000000000000000 0.00000000000000000000
1.3150 0.00000000000000000000 0.00000000000000000000
1.3250 0.00000000000000000000 0.00000000000000000000
1.3350 0.00000000000000000000 0.00000000000000000000
1.3450 0.00000000000000000000 0.00000000000000000000
1.3550 0.00000000000000000000 0.00000000000000000000
1.3650 0.00000000000000000000 0.00000000000000000000
1.3750 0.00000000000000000000 0.00000000000000000000
1.3850 0.00000000000000000000 0.00000000000000000000
1.3950 0.00000000000000000000 0.00000000000000000000
1.4050 0.00000000000000000000 0.00000000000000000000
1.4150 0.00000000000000000000 0.00000000000000000000
1.4250 0.00000000000000000000 0.00000000000000000000
1.4350 0.00000000000000000000 0.00000000000000000000
1.4450 0.00000000000000000000 0.00000000000000000000
1.4550 0.00000000000000000000 0.00000000000000000000
1.4650 0.00000000000000000000 0.00000000000000000000
1.4750 0.00000000000000000000 0.00000000000000000000
1.4850 0.00000000000000000000 0.00000000000000000000
1.4950 0.00000000000000000000 0.00000000000000000000
1.5050 0.00000000000000000000 0.00000000000000000000
1.5150 0.00000000000000000000 0.00000000000000000000
1.5250 0.00000000000000000000 0.00000000000000000000
1.5350 0.00000000000000000000 0.00000000000000000000
1.5450 0.00000000000000000000 0.00000000000000000000
1.5550 0.00000000000000000000 0.00000000000000000000
1.5650 0.00000000000000000000 0.00000000000000000000
1.5750 0.00000000000000000000 0.00000000000000000000
1.5850 0.00000000000000000000 0.00000000000000000000
1.5950 0.00000000000000000000 0.00000000000000000000
1.6050 0.00000000000000000000 0.00000000000000000000
1.6150 0.00000000000000000000 0.00000000000000000000
1.6250 0.00000000000000000000 0.00000000000000000000
1.6350 0.00000000000000000000 0.00000000000000000000
1.6450 0.00000000000000000000 0.00000000000000000000
1.6550 0.00000000000000000000 0.00000000000000000000
1.6650 0.00000000000000000000 0.00000000000000000000
1.6750 0.00000000000000000000 0.00000000000000000000
1.6850 0.00000000000000000000 0.00000000000000000000
1.6950 0.00000000000000000000 0.00000000000000000000
1.7050 0.00000000000000000000 0.00000000000000000000
1.7150 0.00000000000000000000 0.00000000000000000000
1.7250 0.00000000000000000000 0.00000000000000000000
1.7350 0.00000000000000000000 0.00000000000000000000
1.7450 0.00000000000000000000 0.00000000000000000000
1.7550 0.00000000000000000000 0.00000000000000000000
1.7650 0.00000000000000000000 0.00000000000000000000
1.7750 0.00000000000000000000 0.00000000000000000000
1.7850 0.00000000000000000000 0.00000000000000000000
1.7950 0.00000000000000000000 0.00000000000000000000
1.8050 0.00000000000000000000 0.00000000000000000000
1.8150 0.00000000000000000000 0.00000000000000000000
1.8250 0.00000000000000000000 0.00000000000000000000
1.8350 0.00000000000000000000 0.00000000000000000000
1.8450 0.00000000000000000000 0.00000000000000000000
1.8550 0.00000000000000000000 0.00000000000000000000
1.8650 0.00000000000000000000 0.00000000000000000000
1.8750 0.00000000000000000000 0.00000000000000000000
1.8850 0.00000000000000000000 0.00000000000000000000
1.8950 0.00000000000000000000 0.00000000000000000000
1.9050 0.00000000000000000000 0.00000000000000000000
1.9150 0.00000000000000000000 0.00000000000000000000
1.9250 0.00000000000000000000 0.00000000000000000000
1.9350 0.00000000000000000000 0.00000000000000000000
1.9450 0.00000000000000000000 0.00000000000000000000
1.9550 0.00000000000000000000 0.00000000000000000000
1.9650 0.00000000000000000000 0.00000000000000000000
1.9750 0.00000000000000000000 0.00000000000000000000
1.9850 0.00000000000000000000 0.00000000000000000000
1.9950 0.00000000000000000000 0.00000000000000000000
2.0050 0.00000000000000000000 0.00000000000000000000
2.0150 0.00000000000000000000 0.00000000000000000000
2.0250 0.00000000000000000000 0.00000000000000000000
2.0350 0.00000000000000000000 0.00000000000000000000
2.0450 0.00000000000000000000 0.00000000000000000000
2.0550 0.00000000000000000000 0.00000000000000000000
2.0650 0.00000000000000000000 0.00000000000000000000
2.0750 0.00000000000000000000 0.00000000000000000000
2.0850 0.00000000000000000000 0.00000000000000000000
2.0950 0.00000000000000000000 0.00000000000000000000
2.1050 0.00000000000000000000 0.00000000000000000000
2.1150 0.00000000000000000000 0.00000000000000000000
2.1250 0.00000000000000000000 0.00000000000000000000
2.1350 0.00000000000000000000 0.00000000000000000000
2.1450 0.00000000000000000000 0.00000000000000000000
2.1550 0.00000000000000000000 0.00000000000000000000
2.1650 0.00000000000000000000 0.00000000000000000000
2.1750 0.00000000000000000000 0.00000000000000000000
2.1850 0.00000000000000000000 0.00000000000000000000
2.1950 0.00000000000000000000 0.00000000000000000000
2.2050 0.00000000000000000000 0.00000000000000000000
2.2150 0.00000000000000000000 0.00000000000000000000
2.2250 0.00000000000000000000 0.00000000000000000000
2.2350 0.00000000000000000000 0.00000000000000000000
2.2450 0.00000000000000000000 0.00000000000000000000
2.2550 0.00000000000000000000 0.00000000000000000000
2.2650 0.00000000000000000000 0.00000000000000000000
2.2750 0.00000000000000000000 0.00000000000000000000
2.2850 0.00000000000000000000 0.00000000000000000000
2.2950 0.00000000000000000000 0.00000000000000000000
2.3050 0.00000000000000000000 0.00000000000000000000
2.3150 0.00000000000000000000 0.00000000000000000000
2.3250 0.00000000000000000000 0.00000000000000000000
2.3350 0.00000000000000000000 0.00000000000000000000
2.3450 0.00000000000000000000 0.00000000000000000000
2.3550 0.00000000000000000018 0.00000000000000000090
2.3650 0.00000000000000016364 0.00000000000000080672
2.3750 0.00000000000005076615 0.00000000000025113312
2.3850 0.00000000000645711229 0.00000000003205320114
2.3950 0.00000000038679884405 0.00000000192674932535
2.4050 0.00000001225831745327 0.00000006127469740505
2.4150 0.00000022663658981468 0.00000113682469647033
2.4250 0.00000265417307253249 0.00001336005893235963
2.4350 0.00002110535926856537 0.00010660796157595463
2.4450 0.00012084749037065282 0.00061256751082840828
2.4550 0.00052368417399530542 0.00266382975217793836
2.4650 0.00179141095417051127 0.00914436962730902012
2.4750 0.00501335272977488072 0.02568081249002583319
2.4850 0.01183018071536787522 0.06081263674778092376
2.4950 0.02414938995093573321 0.12457479432874239700
2.5050 0.04358351333117017889 0.22561450649793374224
2.5150 0.07084312181681262643 0.36801208265656870644
2.5250 0.10536763394755992163 0.54927482079900513678
2.5350 0.14533323807715464726 0.76026258390457490677
2.5450 0.18798631693558059963 0.98682219359061418285
2.5550 0.23017258394179507253 1.21248881660549345796
2.5650 0.26891544094576935731 1.42150547031522878072
2.5750 0.30189604802324798705 1.60138492327637460555
2.5850 0.32769780970930806330 1.74427086451671997658
2.5950 0.34578688989018757649 1.84691653728788240940
2.6050 0.35633407691388424565 1.90981128677610434430
2.6150 0.35999101519269266491 1.93604224527719703808
2.6250 0.35770283048513873414 1.93032778223830470132
2.6350 0.35054955649279567753 1.89818619526569798417
2.6450 0.33963515695698054397 1.84534541238436111676
2.6550 0.32600461243933986921 1.77729334452559961655
2.6650 0.31057922488025119234 1.69891864485919263927
2.6750 0.29413290899238270226 1.61436921045179659906
2.6850 0.27727044302481218541 1.52691880964855375424
2.6950 0.26044353995989566464 1.43904025744651686836
2.7050 0.24398044231480736643 1.35255533270483652153
2.7150 0.22810856380250660314 1.26874929295917593386
2.7250 0.21298589152560787330 1.18853678495170855811
2.7350 0.19871949899000257433 1.11255906326489517610
2.7450 0.18537425806351759405 1.04122820598723797580
2.7550 0.17297819473900405418 0.97475338876129991039
2.7650 0.16152991596146087927 0.91317947011185629513
2.7750 0.15099951845661252481 0.85638943799305122795
2.7850 0.14133771904429270894 0.80415374928437854951
2.7950 0.13248279498270615351 0.75616817871370622939
2.8050 0.12436567509463695991 0.71208184547101305295
2.8150 0.11691930563303540302 0.67155035349122238486
2.8250 0.11008206739427726928 0.63425567406366456513
2.8350 0.10380150793158490763 0.59992821863437229002
2.8450 0.09803514053274885176 0.56835230550451376619
2.8550 0.09274775237135776673 0.53935140789390068061
2.8650 0.08790752227639922478 0.51276616634285387963
2.8750 0.08348296185859566121 0.48843680190268889962
2.8850 0.07944143396048772288 0.46619446022910199234
2.8950 0.07575076661859299343 0.44587062023624329798
2.9050 0.07237904338227782453 0.42729590875635020675
2.9150 0.06929820024773304665 0.41032143311121055396
2.9250 0.06648396881456448970 0.39481879296323252326
2.9350 0.06391644895496360890 0.38068383322312893124
2.9450 0.06157844372784856274 0.36782708728264656983
2.9550 0.05945373283644615064 0.35616367620159644636
2.9650 0.05752493282980022243 0.34560054469878842553
2.9750 0.05577417385642639835 0.33604044587428028024
2.9850 0.05418453281995656845 0.32739056706164604282
2.9950 0.05274088167855571496 0.31956775937206749472
3.0050 0.05143048198178818559 0.31250231132090044994
3.0150 0.05024455470434571747 0.30614772418131680487
3.0250 0.04917766966793777478 0.30047732202296489890
3.0350 0.04822763047449266788 0.29548383258619143055
3.0450 0.04739364169572063412 0.29116840041113944970
3.0550 0.04667397631942545033 0.28752633476669464674
3.0650 0.04606366703273898772 0.28453277067741522544
3.0750 0.04555505432815603467 0.28214579508165116284
3.0850 0.04513929816686855501 0.28031561413077826783
3.0950 0.04480861238293656901 0.27899837238378050186
3.1050 0.04455764297885614345 0.27816484816322151197
3.1150 0.04438437698417505711 0.27780634441583834660
3.1250 0.04428803632402405349 0.27792174548488174368
3.1350 0.04426804140796096465 0.27851109630999237865
3.1450 0.04432357615454422806 0.27957287381780465685
3.1550 0.04445485906541233462 0.28111200451120899046
3.1650 0.04466242168185030614 0.28313537150469897385
3.1750 0.04494849934808697184 0.28566067596189242961
3.1850 0.04531668318770564613 0.28871435154127950140
3.1950 0.04577076581533039840 0.29232429438196105842
3.2050 0.04631446741748165841 0.29651811951098350217
3.2150 0.04695023212731207901 0.30131542453418569405
3.2250 0.04767850834419690847 0.30672305519295034459
3.2350 0.04849910288816736831 0.31274367936124974898
3.2450 0.04941190269776529753 0.31938039917983668259
3.2550 0.05041818982981979835 0.32664527314614427711
3.2650 0.05152040242533619668 0.33455786466541898028
3.2750 0.05272175929140924394 0.34314287912199936681
3.2850 0.05402619331341811104 0.35242978006296055149
3.2950 0.05543847822147897342 0.36245366193333278249
3.3050 0.05696354805649276459 0.37325084231796357148
3.3150 0.05860662806125434970 0.38485972188161543528
3.3250 0.06037478467836521201 0.39733099389113152311
3.3350 0.06227577268355861256 0.41072015791031868392
3.3450 0.06431678242557946346 0.42507927217955865373
3.3550 0.06650671727994680871 0.44047198036357426698
3.3650 0.06885289695242115260 0.45695173192887478253
3.3750 0.07136087339240013150 0.47456042981679824599
3.3850 0.07403303419050528966 0.49331898671267199186
3.3950 0.07686817866031689372 0.51322426885047300882
3.4050 0.07986095195645820377 0.53424506467832966194
3.4150 0.08300160178143112244 0.55632018149230910709
3.4250 0.08628241985411326531 0.57940142457495069639
3.4350 0.08969767751473142758 0.60345330203155433946
3.4450 0.09324377953095119853 0.62845419084857112590
3.4550 0.09691570760367372583 0.65437245737826754688
3.4650 0.10069409809383189636 0.68107897024582142453
3.4750 0.10454337661347923305 0.70833363021641537749
3.4850 0.10841353623677478513 0.73579654783660142225
3.4950 0.11225310837002273889 0.76311548595947076290
3.5050 0.11602039589736948266 0.79000237833584485703
3.5150 0.11968609484274887744 0.81625185462704874517
3.5250 0.12321755968185051089 0.84163451943694822521
3.5350 0.12656968461767220679 0.86583447710309813239
3.5450 0.12967459365770844792 0.88837816064648944536
3.5550 0.13245662417709513914 0.90873613282410603542
3.5650 0.13484860386423760947 0.92643472209341071189
3.5750 0.13680874432368531068 0.94117284456082694888
3.5850 0.13831742180322909030 0.95280116682727067356
3.5950 0.13937342683473247229 0.96129734093764429570
3.6050 0.13998483866947722398 0.96670384260392860920
3.6150 0.14016972356264997823 0.96913320926538126798
3.6250 0.13994882530633459550 0.96871784739071664649
3.6350 0.13934806570655614011 0.96562744509053877184
3.6450 0.13839721543087382671 0.96005992190051048230
3.6550 0.13712628194753445632 0.95221644915819692034
3.6650 0.13556815348764170159 0.94231978961820361818
3.6750 0.13375449776884051900 0.93058580388886191770
3.6850 0.13171887774398599591 0.91724503722455918986
3.6950 0.12949319029788841640 0.90251787240790848355
3.7050 0.12710910532007946294 0.88662441707264749713
3.7150 0.12459828060566541241 0.86978588467630579828
3.7250 0.12198845849545363051 0.85219720192868630981
3.7350 0.11930782989676605443 0.83405728979634630171
3.7450 0.11657986792757149552 0.81553280944090800197
3.7550 0.11382638251118520900 0.79677931677764068930
3.7650 0.11106654570989923925 0.77793429460937368880
3.7750 0.10831757951702015996 0.75912182564006847052
3.7850 0.10559683678915024463 0.74046706849954180285
3.7950 0.10292001602492148460 0.72208367234877657292
3.8050 0.10030115698413419323 0.70407366537839866094
3.8150 0.09775298699291647131 0.68652982144076379889
3.8250 0.09528555289636085612 0.66952600178297538847
3.8350 0.09290497478302807421 0.65310833724960659641
3.8450 0.09061651166093845355 0.63731672393299410029
3.8550 0.08842313212532097733 0.62217475938769040145
3.8650 0.08632553188380120979 0.60768984183974861235
3.8750 0.08432496962270204233 0.59387312261663560697
3.8850 0.08242068347839404119 0.58072133043149398723
3.8950 0.08061175824793266609 0.56822992081476786375
3.9050 0.07889897684071213446 0.55640614988621739379
3.9150 0.07728200022281536685 0.54524922405003339865
3.9250 0.07576154845154589590 0.53476569565565090780
3.9350 0.07433746839997933120 0.52495585251504994773
3.9450 0.07300924557216594002 0.51581733646746052990
3.9550 0.07177695650041192310 0.50735188466785452466
3.9650 0.07063972272941894393 0.49955442030128466291
3.9750 0.06959625228073786085 0.49241687985937127037
3.9850 0.06864543310610798921 0.48593241766835892914
3.9950 0.06778538012902329823 0.48008866903438346396
4.0050 0.06701492934031753890 0.47487833144008245734
4.0150 0.06633277234808868106 0.47029304830850715557
4.0250 0.06573664122295835854 0.46631762930923575938
4.0350 0.06522432658529511706 0.46293726203652868501
4.0450 0.06479356837644628664 0.46013674013867844614
4.0550 0.06444168317113660449 0.45789781592832601298
4.0650 0.06416596305687419233 0.45620202858815361857
4.0750 0.06396460434614620327 0.45503731040827982701
4.0850 0.06383653962135427129 0.45439680981043123476
4.0950 0.06378070747669736806 0.45427370543753614607
4.1050 0.06379690530007180171 0.45466728333844164123
4.1150 0.06388446795798631561 0.45557353238019721031
4.1250 0.06404330473001508539 0.45699253223382657607
4.1350 0.06427338129245180331 0.45892476608177146247
4.1450 0.06457409010329219490 0.46136662186347954240
4.1550 0.06494460161655403463 0.46431288815121279923
4.1650 0.06538462532398686688 0.46776219112418415680
4.1750 0.06589216843637488163 0.47170095964352692919
4.1850 0.06646532139448953214 0.47611617294814306822
4.1950 0.06710262002493773414 0.48099795548332013873
4.2050 0.06780249890565442916 0.48633566351109902559
4.2150 0.06856366477124438419 0.49212055998321468930
4.2250 0.06938530587103047820 0.49834732188658148466
4.2350 0.07026638988510577888 0.50500900307413132406
4.2450 0.07120556286454780837 0.51209629964792657830
4.2550 0.07220116734017550941 0.51959767020972058571
4.2650 0.07325117694961741366 0.52749885568318066742
4.2750 0.07435284187577091697 0.53578031374439549772
4.2850 0.07550414640930641630 0.54442771023026403920
4.2950 0.07670150808042669466 0.55341533386080277168
4.3050 0.07794153651135259098 0.56271875798538584235
4.3150 0.07922102186691749870 0.57231476168867656540
4.3250 0.08053531148350771829 0.58216959952927938016
4.3350 0.08187967534314410933 0.59224884749228057235
4.3450 0.08325037022315176505 0.60252510565060424241
4.3550 0.08464068262591337155 0.61294936630921670329
4.3650 0.08604519926698689369 0.62348189874572790270
4.3750 0.08745683238238007029 0.63407071537232628788
4.3850 0.08886771388912230452 0.64465803027882051524
4.3950 0.09027040849581759174 0.65518905686514017361
4.4050 0.09165715084192151141 0.66560648606714667430
4.4150 0.09301906413971811061 0.67584481324368350652
4.4250 0.09434909466895814723 0.68585166092561811180
4.4350 0.09563899100412924514 0.69556585461665798586
4.4450 0.09688140218647833812 0.70493268101659223301
4.4550 0.09806997252093063722 0.71390460675560885040
4.4650 0.09919598112323908812 0.72241683422076086174
4.4750 0.10025273849456455000 0.73041931030713802553
4.4850 0.10123214037874127269 0.73785165390428586463
4.4950 0.10212752270554764644 0.74466396627128106367
4.5050 0.10293152039557390554 0.75080124728911434850
4.5150 0.10363923904265998077 0.75622654287350365987
4.5250 0.10424509832608520876 0.76089794859292625429
4.5350 0.10474487673496241102 0.76478354190572017668
4.5450 0.10513565257203659475 0.76786097698549227175
4.5550 0.10541488404910007159 0.77011078616436634547
4.5650 0.10558072442927621259 0.77151869278432982924
4.5750 0.10563222273437010423 0.77207708940492514316
4.5850 0.10557021221756224261 0.77179154377924408248
4.5950 0.10539553038679426444 0.77066779784517125407
4.6050 0.10511165023564199295 0.76873100940594585317
4.6150 0.10472286243735517974 0.76601246851312621011
4.6250 0.10423374047741006121 0.76254568185562487947
4.6350 0.10365039024788502697 0.75837550807405440523
4.6450 0.10297954703504413887 0.75355154626850628929
4.6550 0.10222842227500487933 0.74812700428931622199
4.6650 0.10140435862306132475 0.74215616205457879406
4.6750 0.10051501446123116412 0.73569570788746085910
4.6850 0.09956793557560414398 0.72880158919490800606
4.6950 0.09857129990706840761 0.72153444870637861719
4.7050 0.09753224608906435611 0.71394737487212667215
4.7150 0.09645704553177546214 0.70608714582805942594
4.7250 0.09535316389673841042 0.69800930598777621849
4.7350 0.09422654388052405239 0.68975826264892992068
4.7450 0.09308365280278414755 0.68138226275487712158
4.7550 0.09193068391475611723 0.67292753540479932628
4.7650 0.09077429964907003657 0.66444372256852346492
4.7750 0.08962028000873496769 0.65597397672869084406
4.7850 0.08847566535404507992 0.64757063802335845804
4.7950 0.08734560285896458831 0.63927214586423053433
4.8050 0.08623553897807287316 0.63111908280158046658
4.8150 0.08515030319559567518 0.62314746543710786142
4.8250 0.08409386366030698057 0.61538695518425290398
4.8350 0.08307029455438434684 0.60786793759156843020
4.8450 0.08208247561797488157 0.60061200644449042052
4.8550 0.08113383889362170420 0.59364474735747030376
4.8650 0.08022639984513738054 0.58698133309391364865
4.8750 0.07936330376483857751 0.58064515809086425513
4.8850 0.07854567561738090564 0.57464479290375125586
4.8950 0.07777565308625768170 0.56899617885560394015
4.9050 0.07705433621240277697 0.56370763027692905034
4.9150 0.07638261248122459046 0.55878587456445938386
4.9250 0.07576169608841623604 0.55424000043132659599
4.9350 0.07519242226258091022 0.55007629858197071293
4.9450 0.07467567395313956524 0.54630138636723002410
4.9550 0.07421142375260526836 0.54291520173927321213
4.9650 0.07380148998800267757 0.53993116881746006097
4.9750 0.07344532036621982674 0.53734535455821419436
4.9850 0.07314426029265939933 0.53516769742948955280
4.9950 0.07289835006374972837 0.53339857740218654669
5.0050 0.07270746026291989572 0.53203712303463690514
5.0150 0.07257190069424233891 0.53108566783830213343
5.0250 0.07249132673850536279 0.53054174777876295099
5.0350 0.07246521785307365182 0.53040160157778881711
5.0450 0.07249283198740660850 0.53065983608114120074
5.0550 0.07257341892443848475 0.53131098685848932028
5.0650 0.07270666220822687154 0.53235275354630162692
5.0750 0.07289190911987372679 0.53378036288986396851
5.0850 0.07312897387105805891 0.53559244961823559983
5.0950 0.07341727765976291398 0.53778475973872119642
5.1050 0.07375568589926825847 0.54034895581022701627
5.1150 0.07414341009748738609 0.54327922168968856287
5.1250 0.07457823051793011082 0.54655923840681652770
5.1350 0.07505905561246592472 0.55018093466333972685
5.1450 0.07558387598557399223 0.55412949280725720680
5.1550 0.07615065573450893743 0.55838987736905276726
5.1650 0.07675802081794325105 0.56295188204419732703
5.1750 0.07740373347268593440 0.56779894211529235992
5.1850 0.07808502006075690449 0.57291053247297929474
5.1950 0.07880051555138121999 0.57827643207115464463
5.2050 0.07954722906952481354 0.58387446061983228063
5.2150 0.08032262772368338466 0.58968576419660723165
5.2250 0.08112427676915327790 0.59569217597511059381
5.2350 0.08194842490674747459 0.60186582668904375915
5.2450 0.08279241474799640954 0.60818684226825880934
5.2550 0.08365265249132347591 0.61462843508516251667
5.2650 0.08452521827454942405 0.62116138366818918204
5.2750 0.08540676574304482960 0.62776064415281140896
5.2850 0.08629297491568335698 0.63439398258217349902
5.2950 0.08717946352966390866 0.64102867201702684596
5.3050 0.08806263737983095752 0.64763774916899174983
5.3150 0.08893791986859379828 0.65418700066796586778
5.3250 0.08980061711477833886 0.66064132551103760260
5.3350 0.09064600875529328639 0.66696540740526777391
5.3450 0.09146935297309932711 0.67312375701937932071
5.3550 0.09226638714464470425 0.67908440245713053152
5.3650 0.09303234875275843974 0.68481169065205838020
5.3750 0.09376238492702430871 0.69026930622320747943
5.3850 0.09445250158722132139 0.69542726605189830735
5.3950 0.09509772074648850659 0.70024836075547891578
5.4050 0.09569410404028129424 0.70470305929799270661
5.4150 0.09623809386014310630 0.70876466682664551744
5.4250 0.09672585686239411340 0.71240449672552796923
5.4350 0.09715409068148266047 0.71559781785034459745
5.4450 0.09751995773015274815 0.71832337368441578906
5.4550 0.09782078770725252670 0.72056119673564400507
5.4650 0.09805481901624213403 0.72229807467001927446
5.4750 0.09822019796722773755 0.72352018234862325308
5.4850 0.09831536280365830993 0.72421591350896541428
5.4950 0.09834018842040777308 0.72438431515550161244
5.5050 0.09829434632693380414 0.72402300731588076221
5.5150 0.09817833005200624075 0.72313573601643010846
5.5250 0.09799241516489487491 0.72172471169166740879
5.5350 0.09773834794114120983 0.71980304459105015624
5.5450 0.09741796087215487399 0.71738454322999434254
5.5550 0.09703290941235109823 0.71448177223571784911
5.5650 0.09658686585056104612 0.71112220157891614658
5.5750 0.09608232966246255113 0.70732471276412833827
5.5850 0.09552279066596823520 0.70311552076401429012
5.5950 0.09491168531491059324 0.69852048243257425231
5.6050 0.09425327280747047842 0.69357153764752899061
5.6150 0.09355199788467630229 0.68830201026003245968
5.6250 0.09281178190409405948 0.68274138529979577772
5.6350 0.09203793220147687970 0.67692934886816857887
5.6450 0.09123390801221542556 0.67089199063759363817
5.6550 0.09040537088438423130 0.66467158929839853521
5.6650 0.08955669396741289257 0.65830093194818806168
5.6750 0.08869270759042793828 0.65181614610346727545
5.6850 0.08781773672675419196 0.64524961861708907129
5.6950 0.08693639381544684963 0.63863581880269038038
5.7050 0.08605342459051629200 0.63201015950686978417
5.7150 0.08517261101134457335 0.62540093660101969686
5.7250 0.08429856339984363733 0.61884248984253487080
5.7350 0.08343423989690063047 0.61235698754145917455
5.7450 0.08258465325753966413 0.60598163765574786233
5.7550 0.08175283891725106111 0.59973909047020323992
5.7650 0.08094195194621153777 0.59365283392990997324
5.7750 0.08015546462512325443 0.58774864073558530375
5.7850 0.07939638966932166531 0.58204887097387181250
5.7950 0.07866705009824864758 0.57657078951221452101
5.8050 0.07797030546520015981 0.57133555758406229241
5.8150 0.07730861432440618020 0.56636136082642496437
5.8250 0.07668383446532678338 0.56166195046515021705
5.8350 0.07609842730255583776 0.55725546881685339429
5.8450 0.07555387669072596846 0.55315286959148779466
5.8550 0.07505202041818945236 0.54936767300410038750
5.8650 0.07459418602547153443 0.54590964004287167999
5.8750 0.07418219921221744229 0.54279215589713247780
5.8850 0.07381732177770104764 0.54002445802419274390
5.8950 0.07350081009253493780 0.53761572587409256485
5.9050 0.07323403565208522203 0.53557596338153878879
5.9150 0.07301822350350167801 0.53391408637398651837
5.9250 0.07285417401010803318 0.53263588987137133746
5.9350 0.07274247785667035948 0.53174562245845446995
5.9450 0.07268401235693985885 0.53124961505125956052
5.9550 0.07267868794740588168 0.53114711897927846529
5.9650 0.07272629916233624980 0.53143652869575308539
5.9750 0.07282681883722702532 0.53211753170382825040
5.9850 0.07298018714841432442 0.53318956653618465591
5.9950 0.07318671988667793671 0.53465480535553477903
6.0050 0.07344638769854165694 0.53651288766734728242
6.0150 0.07375921237493644755 0.53876381541953743959
6.0250 0.07412527973022166317 0.54140804600378389377
6.0350 0.07454443751649889038 0.54444428447952331052
6.0450 0.07501694572873540690 0.54787423162580439762
6.0550 0.07554195496935998955 0.55169146868712692910
6.0650 0.07611956521934533371 0.55589649132290375189
6.0750 0.07674910475747850902 0.56048413747918224281
6.0850 0.07742997408608930099 0.56544974825321914214
6.0950 0.07816054341395729799 0.57078111375619833279
6.1050 0.07893979815947126111 0.57647048700853964487
6.1150 0.07976587761770070895 0.58250390939548135627
6.1250 0.08063611181223571955 0.58886147707035574328
6.1350 0.08154841827065201221 0.59552753857753459865
6.1450 0.08249952993713714766 0.60247775162599759291
6.1550 0.08348613734390618324 0.60968742223825977966
6.1650 0.08450533663964428233 0.61713477559168372633
6.1750 0.08555299724719295229 0.62478903485522452321
6.1850 0.08662566309597373448 0.63262430607615116607
6.1950 0.08771948266830922880 0.64061176576969658392
6.2050 0.08883008057520640210 0.64871872529196794588
6.2150 0.08995385297886689113 0.65691809450097382594
6.2250 0.09108461703484693750 0.66516391746980341182
6.2350 0.09221733730127940065 0.67341859195080389089
6.2450 0.09334522702994269006 0.68163170812092976902
6.2550 0.09446190733226413061 0.68975582513911914972
6.2650 0.09556034003500005203 0.69773868839226516059
6.2750 0.09663471265359784013 0.70553700393641505251
6.2850 0.09767745342874269154 0.71309465522569048801
6.2950 0.09868177967393161609 0.72036132301709876469
6.3050 0.09964266768906254734 0.72729957558919355876
6.3150 0.10055210315553038403 0.73385021085445001354
6.3250 0.10140400759458118030 0.73996823210507800539
6.3350 0.10219106321156661010 0.74559968595612957643
6.3450 0.10290735527872160726 0.75070095845509565713
6.3550 0.10354550778553894830 0.75521788823385738176
6.3650 0.10409888371204702173 0.75910183376434814395
6.3750 0.10456090118538707845 0.76230469527575428490
6.3850 0.10492604345018075040 0.76478628773267975927
6.3950 0.10518959798786552129 0.76651244124649220435
6.4050 0.10534762712843281918 0.76745478821120283186
6.4150 0.10539777942777578401 0.76759667163048150851
6.4250 0.10533859328457352567 0.76692806274406377653
6.4350 0.10516954570277373127 0.76544590800096889982
6.4450 0.10489172724119884272 0.76315902869389251606
6.4550 0.10450702175080363310 0.76008213250404510486
6.4650 0.10401665779482632823 0.75622526687560054359
6.4750 0.10342482244588922791 0.75162008550269410190
6.4850 0.10273499431481755706 0.74629316000980694401
6.4950 0.10195172155960793847 0.74027889188577600255
6.5050 0.10108071377776584043 0.73362015275052328001
6.5150 0.10012801100333605653 0.72636222552626805715
6.5250 0.09909928768736868399 0.71854773984059516767
6.5350 0.09800233832386708033 0.71023467996666445057
6.5450 0.09684360287158456926 0.70147116536167519740
6.5550 0.09562996567447078211 0.69230848622162333150
6.5650 0.09436912692428063576 0.68280377018203042283
6.5750 0.09306829025340002115 0.67301046293764688055
6.5850 0.09173592540018775388 0.66299106526396123229
6.5950 0.09037910366090431968 0.65279784880106317413
6.6050 0.08900590235816581430 0.64249023149882622530
6.6150 0.08762388507674663540 0.63212378172770555818
6.6250 0.08624059254542480735 0.62175375911197294787
6.6350 0.08486382083262583587 0.61143711087755903133
6.6450 0.08349950560475703776 0.60121722437097135927
6.6550 0.08215457493744073025 0.59114449165648808027
6.6650 0.08083545024845627258 0.58126550150912281723
6.6750 0.07954684193170671880 0.57161439266534208592
6.6850 0.07829440831603239059 0.56223198616298508679
6.6950 0.07708158986093860410 0.55314304204108977192
6.7050 0.07591189881753258872 0.54437273217758397337
6.7150 0.07478831860190877923 0.53594233413740433036
6.7250 0.07371303676572506236 0.52786733247370554167
6.7350 0.07268805412800512233 0.52016179859313704803
6.7450 0.07171506147592013325 0.51283751510857622513
6.7550 0.07079608835117862098 0.50590862157374605346
6.7650 0.06993291281093770573 0.49938739302274776088
6.7750 0.06912692675910211970 0.49328328750551747595
6.7850 0.06837985046889608065 0.48760805334256118737
6.7950 0.06769333446675149246 0.48237288643154974110
6.8050 0.06706932204862070535 0.47759101603306175488
6.8150 0.06650868332621157064 0.47326798021130328520
6.8250 0.06601366502301694861 0.46941907554711054251
6.8350 0.06558519809976093295 0.46605019376911849260
6.8450 0.06522412880432863769 0.46316659865067361102
6.8550 0.06493124330550367751 0.46077310527299403242
6.8650 0.06470775451189353378 0.45887753597572877862
6.8750 0.06455410447420284470 0.45748222510074237901
6.8850 0.06447124267909500051 0.45659309204135156701
6.8950 0.06446007725573159319 0.45621574669872094754
6.9050 0.06452207086139727377 0.45635970630391414771
6.9150 0.06465733966713022030 0.45702494658130043970
6.9250 0.06486755617170791854 0.45822243781514437888
6.9350 0.06515340764910948490 0.45995616785062881648
6.9450 0.06551598631982122334 0.46223297125484363868
6.9550 0.06595658604856706464 0.46506108583544059076
6.9650 0.06647653673800532625 0.46844897962161230476
6.9750 0.06707723484950653403 0.47240556265734595653
6.9850 0.06776105642979055044 0.47694660892046486511
6.9950 0.06852962105264791270 0.48208252011755581279
7.0050 0.06938493732058056973 0.48782638983444615022
7.0150 0.07032816381701861852 0.49418528343271339587
7.0250 0.07136089496236405760 0.50116927802174238149
7.0350 0.07248382318831819715 0.50878205518476826708
7.0450 0.07369809110022984555 0.51703039439912035213
7.0550 0.07500423308446350912 0.52591673230285418406
7.0650 0.07640303505772648440 0.53544518688394349137
7.0750 0.07789473907105758099 0.54561596792958555469
7.0850 0.07948001166733846545 0.55643215158790115815
7.0950 0.08115844089318501042 0.56788914009019009210
7.1050 0.08292975197059883341 0.57998316670900584846
7.1150 0.08479352901492162586 0.59270933099672151734
7.1250 0.08674821569627674811 0.60605460241049946557
7.1350 0.08879243220921238799 0.62000702050154543610
7.1450 0.09092439066369936707 0.63455159618201129046
7.1550 0.09314008484620832362 0.64965767909205496267
7.1650 0.09543618262920994244 0.66529915317581278522
7.1750 0.09780714452719316276 0.68143434186235518624
7.1850 0.10024643579663741755 0.69801449147219385427
7.1950 0.10274731060640145131 0.71498925529822210390
7.2050 0.10529982179805474907 0.73228591731910697149
7.2150 0.10789396319602297114 0.74983132560352505624
7.2250 0.11051716255366225705 0.76753451788701632097
7.2350 0.11315425467079300026 0.78528664313656870721
7.2450 0.11578954366983262858 0.80297538820371583412
7.2550 0.11840295999613144329 0.82045843416992070285
7.2650 0.12097422154245042469 0.83759246951885091281
7.2750 0.12347855601363758038 0.85420369815373642375
7.2850 0.12589053482566234243 0.87011457147625437258
7.2950 0.12818180728209285779 0.88512826744577632887
7.3050 0.13032329097722744615 0.89904399823158487326
7.3150 0.13228494175484412088 0.91165554735306397749
7.3250 0.13403689512602096068 0.92275924880800208605
7.3350 0.13554848781063166818 0.93214732708711056652
7.3450 0.13679209019490848331 0.93963431618872972351
7.3550 0.13774019372453130683 0.94503700897449460783
7.3650 0.13836822263934961397 0.94819376111563458132
7.3750 0.13865315824217688823 0.94895498855810334060
7.3850 0.13857551976133555827 0.94719667108260741095
7.3950 0.13812221281885125879 0.94283966699394838873
7.4050 0.13728042228322473450 0.93580780893833004352
7.4150 0.13604247094758448178 0.92606097605462012190
7.4250 0.13439965037492745958 0.91355291917212433361
7.4350 0.13235225980126616441 0.89829944802936567694
7.4450 0.12991458828461954766 0.88041172998309114028
7.4550 0.12712717435321055359 0.86017848209208824795
7.4650 0.12405422063178871139 0.83804703596234153551
7.4750 0.12076611323901108308 0.81450402665708498962
7.4850 0.11732027825246181540 0.78994598933748871872
7.4950 0.11375430876348605058 0.76463373714856630592
7.5050 0.11009396011022173911 0.73874703428410726236
7.5150 0.10636852832143232905 0.71248822123282873342
7.5250 0.10261785058355080147 0.68612874991014527470
7.5350 0.09889234525201601178 0.66000874316699620348
7.5450 0.09523951430798119344 0.63444634344522676805
7.5550 0.09169377887520667458 0.60967021934095178004
7.5650 0.08827482623624927083 0.58580934877883206191
7.5750 0.08499237107713132622 0.56292545224925283343
7.5850 0.08185339425488337428 0.54106146836551038959
7.5950 0.07886410505669573523 0.52025467055742879996
7.6050 0.07602922862513200597 0.50053202355761694520
7.6150 0.07335152457768158440 0.48190711942850050775
7.6250 0.07082953788224247149 0.46436556766427961040
7.6350 0.06845955286330410172 0.44787807497432680082
7.6450 0.06623625696243105876 0.43240494670132734178
7.6550 0.06415351250707358732 0.41790123979409865562
7.6650 0.06220488343619701155 0.40432025962178441691
7.6750 0.06038479054186226408 0.39162108846358029135
7.6850 0.05868865173904673493 0.37976944552570240932
7.6950 0.05711218487688036333 0.36873312562941928938
7.7050 0.05565257282381008697 0.35848949323209389206
7.7150 0.05430618159139018880 0.34901071904583219618
7.7250 0.05306966377036970856 0.34027092436047040591
7.7350 0.05193979656596842132 0.33224513217235562834
7.7450 0.05091279913119671485 0.32490490925936976740
7.7550 0.04998569775042562696 0.31822710741665699574
7.7650 0.04915557873802365446 0.31218906432815851648
7.7750 0.04841944472818849460 0.30676769489803717983
7.7850 0.04777387452753605740 0.30193735399058030389
7.7950 0.04721535690525064527 0.29767197959262381435
7.8050 0.04673985534048040458 0.29394236835114934125
7.8150 0.04634279656238755873 0.29071615048325200048
7.8250 0.04602083248297612894 0.28796886279388850260
7.8350 0.04577188516123184558 0.28568413763223021729
7.8450 0.04559666634020256848 0.28386306589344778573
7.8550 0.04549793100493765285 0.28251934174850396042
7.8650 0.04548017200747007938 0.28167720810312613100
7.8750 0.04554611618417901686 0.28134967154238083031
7.8850 0.04569570791576307162 0.28153238180351430886
7.8950 0.04592562058796785529 0.28220085608848094472
7.9050 0.04623134918416220429 0.28332357205301589298
7.9150 0.04661178747463543687 0.28489004344904045318
7.9250 0.04707033740085395795 0.28691730627801981246
7.9350 0.04761531849641024300 0.28945203664287810774
7.9450 0.04825579731629441732 0.29254485814940051069
7.9550 0.04899979866067498413 0.29623946134579465239
7.9650 0.04985318712672259789 0.30056594334010161562
7.9750 0.05081973116971693488 0.30554137044358947728
7.9850 0.05190352697403318588 0.31118448434403961356
7.9950 0.05311077225934357493 0.31752627822468826313
8.0050 0.05444962231431624278 0.32460895943934087171
8.0150 0.05593036869972813074 0.33248684339285905498
8.0250 0.05756437864625457701 0.34121988157843508027
8.0350 0.05936284551696929812 0.35086618011730202893
8.0450 0.06133809055531570104 0.36148968189644642424
8.0550 0.06350191975284145973 0.37315041009301125330
8.0650 0.06586829256729102855 0.38592014406751001809
8.0750 0.06845210857415601202 0.39987514132747775664
8.0850 0.07127135089766931109 0.41510853550477710971
8.0950 0.07434808901427095162 0.43173588690886488539
8.1050 0.07770961922321260873 0.44990142352140372051
8.1150 0.08138783539886230989 0.46977394526164756305
8.1250 0.08541950757360812496 0.49154801573907852541
8.1350 0.08984296944730367496 0.51542452071600219909
8.1450 0.09469714311634977455 0.54160494191560226707
8.1550 0.10001870146723677857 0.57027511604137237633
8.1650 0.10584149369299976351 0.60160215976731357124
8.1750 0.11219797945767290281 0.63574284036946127063
8.1850 0.11911807412676259088 0.67283717324594594089
8.1950 0.12663521284267220679 0.71304279244096013812
8.2050 0.13478584590903794349 0.75653180630219751812
8.2150 0.14361462903341981612 0.80351957013462482760
8.2250 0.15317241275709680970 0.85425274283541297038
8.2350 0.16351744007092514077 0.90901539367813499748
8.2450 0.17470447134513977794 0.96806808384116249666
8.2550 0.18677766225180295057 1.03160885076428043838
8.2650 0.19975884555552383959 1.09970966467875408412
8.2750 0.21364129378109397717 1.17228423426635797178
8.2850 0.22836548224418476427 1.24895805487565092484
8.2950 0.24381613916649055862 1.32905712858312985425
8.3050 0.25980235098988652132 1.41150495306529499828
8.3150 0.27604940014941325988 1.49478520319957053353
8.3250 0.29219948161424152966 1.57695321523595888280
8.3350 0.30779547572791787768 1.65555624801189948947
8.3450 0.32227043085090778529 1.72758609311732169722
8.3550 0.33492117406309807048 1.78934799610922445900
8.3650 0.34490297461108415655 1.83644448738827659184
8.3750 0.35124685105114827888 1.86387988235597257258
8.3850 0.35289700861369693863 1.86626927862500835431
8.3950 0.34880649160834720224 1.83835022114694446316
8.4050 0.33805690156410145297 1.77561033601024376161
8.4150 0.32002891434995373032 1.67516788089550838770
8.4250 0.29458553377117041583 1.53670035714546227013
8.4350 0.26226898478235488588 1.36342442063347535353
8.4450 0.22444511355714302780 1.16278295451502633462
8.4550 0.18331206845407593820 0.94641640371722790537
8.4650 0.14171158615361398314 0.72911816604643819861
8.4750 0.10269550591345691370 0.52655574775477531624
8.4850 0.06897179033066146159 0.35242290984669183418
8.4950 0.04235638407960731072 0.21568053344344184641
8.5050 0.02341396892381111816 0.11881373581139501039
8.5150 0.01143913767832676655 0.05784754597495937734
8.5250 0.00483439288303774434 0.02436321113522409154
8.5350 0.00172290843545133731 0.00865280697571621862
8.5450 0.00050237211146879443 0.00251434154281900786
8.5550 0.00011564068954853700 0.00057678698203806234
8.5650 0.00002014698334042359 0.00010014362862468278
8.5750 0.00000252774264347424 0.00001252153426019689
8.5850 0.00000021536921149440 0.00000106321955023725
8.5950 0.00000001162446016323 0.00000005719135499455
8.6050 0.00000000036600951793 0.00000000179461869954
8.6150 0.00000000000609530382 0.00000000002978527925
8.6250 0.00000000000004778285 0.00000000000023270703
8.6350 0.00000000000000015348 0.00000000000000074493
8.6450 0.00000000000000000017 0.00000000000000000083
8.6550 0.00000000000000000000 0.00000000000000000000
8.6650 0.00000000000000000000 0.00000000000000000000
8.6750 0.00000000000000000000 0.00000000000000000000
8.6850 0.00000000000000000000 0.00000000000000000000
8.6950 0.00000000000000000000 0.00000000000000000000
8.7050 0.00000000000000000000 0.00000000000000000000
8.7150 0.00000000000000000000 0.00000000000000000000
8.7250 0.00000000000000000000 0.00000000000000000000
8.7350 0.00000000000000000000 0.00000000000000000000
8.7450 0.00000000000000000000 0.00000000000000000000
8.7550 0.00000000000000000000 0.00000000000000000000
8.7650 0.00000000000000000000 0.00000000000000000000
8.7750 0.00000000000000000000 0.00000000000000000000
8.7850 0.00000000000000000000 0.00000000000000000000
8.7950 0.00000000000000000000 0.00000000000000000000
8.8050 0.00000000000000000000 0.00000000000000000000
8.8150 0.00000000000000000000 0.00000000000000000000
8.8250 0.00000000000000000000 0.00000000000000000000
8.8350 0.00000000000000000000 0.00000000000000000000
8.8450 0.00000000000000000000 0.00000000000000000000
8.8550 0.00000000000000000000 0.00000000000000000000
8.8650 0.00000000000000000000 0.00000000000000000000
8.8750 0.00000000000000000000 0.00000000000000000000
8.8850 0.00000000000000000000 0.00000000000000000000
8.8950 0.00000000000000000000 0.00000000000000000000
8.9050 0.00000000000000000000 0.00000000000000000000
8.9150 0.00000000000000000000 0.00000000000000000000
8.9250 0.00000000000000000000 0.00000000000000000000
8.9350 0.00000000000000000000 0.00000000000000000000
8.9450 0.00000000000000000000 0.00000000000000000000
8.9550 0.00000000000000000000 0.00000000000000000000
8.9650 0.00000000000000000000 0.00000000000000000000
8.9750 0.00000000000000000000 0.00000000000000000000
8.9850 0.00000000000000000000 0.00000000000000000000
8.9950 0.00000000000000000000 0.00000000000000000000
9.0050 0.00000000000000000000 0.00000000000000000000
9.0150 0.00000000000000000000 0.00000000000000000000
9.0250 0.00000000000000000000 0.00000000000000000000
9.0350 0.00000000000000000000 0.00000000000000000000
9.0450 0.00000000000000000000 0.00000000000000000000
9.0550 0.00000000000000000000 0.00000000000000000000
9.0650 0.00000000000000000000 0.00000000000000000000
9.0750 0.00000000000000000000 0.00000000000000000000
9.0850 0.00000000000000000000 0.00000000000000000000
9.0950 0.00000000000000000000 0.00000000000000000000
9.1050 0.00000000000000000000 0.00000000000000000000
9.1150 0.00000000000000000000 0.00000000000000000000
9.1250 0.00000000000000000000 0.00000000000000000000
9.1350 0.00000000000000000000 0.00000000000000000000
9.1450 0.00000000000000000000 0.00000000000000000000
9.1550 0.00000000000000000000 0.00000000000000000000
9.1650 0.00000000000000000000 0.00000000000000000000
9.1750 0.00000000000000000000 0.00000000000000000000
9.1850 0.00000000000000000000 0.00000000000000000000
9.1950 0.00000000000000000000 0.00000000000000000000
9.2050 0.00000000000000000000 0.00000000000000000000
9.2150 0.00000000000000000000 0.00000000000000000000
9.2250 0.00000000000000000000 0.00000000000000000000
9.2350 0.00000000000000000000 0.00000000000000000000
9.2450 0.00000000000000000000 0.00000000000000000000
9.2550 0.00000000000000000000 0.00000000000000000000
9.2650 0.00000000000000000000 0.00000000000000000000
9.2750 0.00000000000000000000 0.00000000000000000000
9.2850 0.00000000000000000000 0.00000000000000000000
9.2950 0.00000000000000000000 0.00000000000000000000
9.3050 0.00000000000000000000 0.00000000000000000000
9.3150 0.00000000000000000000 0.00000000000000000000
9.3250 0.00000000000000000000 0.00000000000000000000
9.3350 0.00000000000000000000 0.00000000000000000000
9.3450 0.00000000000000000000 0.00000000000000000000
9.3550 0.00000000000000000000 0.00000000000000000000
9.3650 0.00000000000000000000 0.00000000000000000000
9.3750 0.00000000000000000000 0.00000000000000000000
9.3850 0.00000000000000000000 0.00000000000000000000
9.3950 0.00000000000000000000 0.00000000000000000000
9.4050 0.00000000000000000000 0.00000000000000000000
9.4150 0.00000000000000000000 0.00000000000000000000
9.4250 0.00000000000000000000 0.00000000000000000000
9.4350 0.00000000000000000000 0.00000000000000000000
9.4450 0.00000000000000000000 0.00000000000000000000
9.4550 0.00000000000000000000 0.00000000000000000000
9.4650 0.00000000000000000000 0.00000000000000000000
9.4750 0.00000000000000000000 0.00000000000000000000
9.4850 0.00000000000000000000 0.00000000000000000000
9.4950 0.00000000000000000000 0.00000000000000000000
9.5050 0.00000000000000000000 0.00000000000000000000
9.5150 0.00000000000000000000 0.00000000000000000000
9.5250 0.00000000000000000000 0.00000000000000000000
9.5350 0.00000000000000000000 0.00000000000000000000
9.5450 0.00000000000000000000 0.00000000000000000000
9.5550 0.00000000000000000000 0.00000000000000000000
9.5650 0.00000000000000000000 0.00000000000000000000
9.5750 0.00000000000000000000 0.00000000000000000000
9.5850 0.00000000000000000000 0.00000000000000000000
9.5950 0.00000000000000000000 0.00000000000000000000
9.6050 0.00000000000000000000 0.00000000000000000000
9.6150 0.00000000000000000000 0.00000000000000000000
9.6250 0.00000000000000000000 0.00000000000000000000
9.6350 0.00000000000000000000 0.00000000000000000000
9.6450 0.00000000000000000000 0.00000000000000000000
9.6550 0.00000000000000000000 0.00000000000000000000
9.6650 0.00000000000000000000 0.00000000000000000000
9.6750 0.00000000000000000000 0.00000000000000000000
9.6850 0.00000000000000000000 0.00000000000000000000
9.6950 0.00000000000000000000 0.00000000000000000000
9.7050 0.00000000000000000000 0.00000000000000000000
9.7150 0.00000000000000000000 0.00000000000000000000
9.7250 0.00000000000000000000 0.00000000000000000000
9.7350 0.00000000000000000000 0.00000000000000000000
9.7450 0.00000000000000000000 0.00000000000000000000
9.7550 0.00000000000000000000 0.00000000000000000000
9.7650 0.00000000000000000000 0.00000000000000000000
9.7750 0.00000000000000000000 0.00000000000000000000
9.7850 0.00000000000000000000 0.00000000000000000000
9.7950 0.00000000000000000000 0.00000000000000000000
9.8050 0.00000000000000000000 0.00000000000000000000
9.8150 0.00000000000000000000 0.00000000000000000000
9.8250 0.00000000000000000000 0.00000000000000000000
9.8350 0.00000000000000000000 0.00000000000000000000
9.8450 0.00000000000000000000 0.00000000000000000000
9.8550 0.00000000000000000000 0.00000000000000000000
9.8650 0.00000000000000000000 0.00000000000000000000
9.8750 0.00000000000000000000 0.00000000000000000000
9.8850 0.00000000000000000000 0.00000000000000000000
9.8950 0.00000000000000000000 0.00000000000000000000
9.9050 0.00000000000000000000 0.00000000000000000000
9.9150 0.00000000000000000000 0.00000000000000000000
9.9250 0.00000000000000000000 0.00000000000000000000
9.9350 0.00000000000000000000 0.00000000000000000000
9.9450 0.00000000000000000000 0.00000000000000000000
9.9550 0.00000000000000000000 0.00000000000000000000
9.9650 0.00000000000000000000 0.00000000000000000000
9.9750 0.00000000000000000000 0.00000000000000000000
9.9850 0.00000000000000000000 0.00000000000000000000
9.9950 0.00000000000000000000 0.00000000000000000000
10.0050 0.00000000000000000000 0.00000000000000000000
10.0150 0.00000000000000000000 0.00000000000000000000
10.0250 0.00000000000000000000 0.00000000000000000000
10.0350 0.00000000000000000000 0.00000000000000000000
10.0450 0.00000000000000000000 0.00000000000000000000
10.0550 0.00000000000000000000 0.00000000000000000000
10.0650 0.00000000000000000000 0.00000000000000000000
10.0750 0.00000000000000000000 0.00000000000000000000
10.0850 0.00000000000000000000 0.00000000000000000000
10.0950 0.00000000000000000000 0.00000000000000000000
10.1050 0.00000000000000000000 0.00000000000000000000
10.1150 0.00000000000000000000 0.00000000000000000000
10.1250 0.00000000000000000000 0.00000000000000000000
10.1350 0.00000000000000000000 0.00000000000000000000
10.1450 0.00000000000000000000 0.00000000000000000000
10.1550 0.00000000000000000000 0.00000000000000000000
10.1650 0.00000000000000000000 0.00000000000000000000
10.1750 0.00000000000000000000 0.00000000000000000000
10.1850 0.00000000000000000000 0.00000000000000000000
10.1950 0.00000000000000000000 0.00000000000000000000
10.2050 0.00000000000000000000 0.00000000000000000000
10.2150 0.00000000000000000000 0.00000000000000000000
10.2250 0.00000000000000000000 0.00000000000000000000
10.2350 0.00000000000000000000 0.00000000000000000000
10.2450 0.00000000000000000000 0.00000000000000000000
10.2550 0.00000000000000000000 0.00000000000000000000
10.2650 0.00000000000000000000 0.00000000000000000000
10.2750 0.00000000000000000000 0.00000000000000000000
10.2850 0.00000000000000000000 0.00000000000000000000
10.2950 0.00000000000000000000 0.00000000000000000000
10.3050 0.00000000000000000000 0.00000000000000000000
10.3150 0.00000000000000000000 0.00000000000000000000
10.3250 0.00000000000000000000 0.00000000000000000000
10.3350 0.00000000000000000000 0.00000000000000000000
10.3450 0.00000000000000000000 0.00000000000000000000
10.3550 0.00000000000000000000 0.00000000000000000000
10.3650 0.00000000000000000000 0.00000000000000000000
10.3750 0.00000000000000000000 0.00000000000000000000
10.3850 0.00000000000000000000 0.00000000000000000000
10.3950 0.00000000000000000000 0.00000000000000000000
10.4050 0.00000000000000000000 0.00000000000000000000
10.4150 0.00000000000000000000 0.00000000000000000000
10.4250 0.00000000000000000000 0.00000000000000000000
10.4350 0.00000000000000000000 0.00000000000000000000
10.4450 0.00000000000000000000 0.00000000000000000000
10.4550 0.00000000000000000000 0.00000000000000000000
10.4650 0.00000000000000000000 0.00000000000000000000
10.4750 0.00000000000000000000 0.00000000000000000000
10.4850 0.00000000000000000000 0.00000000000000000000
10.4950 0.00000000000000000000 0.00000000000000000000
10.5050 0.00000000000000000000 0.00000000000000000000
10.5150 0.00000000000000000000 0.00000000000000000000
10.5250 0.00000000000000000000 0.00000000000000000000
10.5350 0.00000000000000000000 0.00000000000000000000
10.5450 0.00000000000000000000 0.00000000000000000000
10.5550 0.00000000000000000000 0.00000000000000000000
10.5650 0.00000000000000000000 0.00000000000000000000
10.5750 0.00000000000000000000 0.00000000000000000000
10.5850 0.00000000000000000000 0.00000000000000000000
10.5950 0.00000000000000000000 0.00000000000000000000
10.6050 0.00000000000000000000 0.00000000000000000000
10.6150 0.00000000000000000000 0.00000000000000000000
10.6250 0.00000000000000000000 0.00000000000000000000
10.6350 0.00000000000000000000 0.00000000000000000000
10.6450 0.00000000000000000000 0.00000000000000000000
10.6550 0.00000000000000000000 0.00000000000000000000
10.6650 0.00000000000000000000 0.00000000000000000000
10.6750 0.00000000000000000000 0.00000000000000000000
10.6850 0.00000000000000000000 0.00000000000000000000
10.6950 0.00000000000000000000 0.00000000000000000000
10.7050 0.00000000000000000000 0.00000000000000000000
10.7150 0.00000000000000000000 0.00000000000000000000
10.7250 0.00000000000000000000 0.00000000000000000000
10.7350 0.00000000000000000000 0.00000000000000000000
10.7450 0.00000000000000000000 0.00000000000000000000
10.7550 0.00000000000000000000 0.00000000000000000000
10.7650 0.00000000000000000000 0.00000000000000000000
10.7750 0.00000000000000000000 0.00000000000000000000
10.7850 0.00000000000000000000 0.00000000000000000000
10.7950 0.00000000000000000000 0.00000000000000000000
10.8050 0.00000000000000000000 0.00000000000000000000
10.8150 0.00000000000000000000 0.00000000000000000000
10.8250 0.00000000000000000000 0.00000000000000000000
10.8350 0.00000000000000000000 0.00000000000000000000
10.8450 0.00000000000000000000 0.00000000000000000000
10.8550 0.00000000000000000000 0.00000000000000000000
10.8650 0.00000000000000000000 0.00000000000000000000
10.8750 0.00000000000000000000 0.00000000000000000000
10.8850 0.00000000000000000000 0.00000000000000000000
10.8950 0.00000000000000000000 0.00000000000000000000
10.9050 0.00000000000000000000 0.00000000000000000000
10.9150 0.00000000000000000000 0.00000000000000000000
10.9250 0.00000000000000000000 0.00000000000000000000
10.9350 0.00000000000000000000 0.00000000000000000000
10.9450 0.00000000000000000000 0.00000000000000000000
10.9550 0.00000000000000000000 0.00000000000000000000
10.9650 0.00000000000000000000 0.00000000000000000000
10.9750 0.00000000000000000000 0.00000000000000000000
10.9850 0.00000000000000000000 0.00000000000000000000
10.9950 0.00000000000000000000 0.00000000000000000000
